2017-11-09 10:15:00.012 [http-apr-8080-exec-7] INFO  com.ray.weixin.qy.controller.WeiXinServlet - post--------------
2017-11-09 10:15:00.025 [http-apr-8080-exec-7] INFO  com.ray.weixin.qy.service.message.reply.ReplyMessageService - parms:{"msg_signature":["52147511bb75b79457a9adb4ff87481734e148a1"],"timestamp":["1510193699"],"nonce":["1116782670"]}
2017-11-09 10:15:00.025 [http-apr-8080-exec-7] INFO  com.ray.weixin.qy.service.message.reply.ReplyMessageService - postData:<xml><ToUserName><![CDATA[ww92f5da92bb24696e]]></ToUserName><Encrypt><![CDATA[x2v9jg1IHqUsleesCpaTitpn3eCds8wkgNXduUCWPI+iVT7TQcwafUJbwzwqA7lxL8Vb8biPeNx7pMZobUeG71zuPL9sHAB7YwP/DaWupt61si4wBFy2r3+0pyZFX7NeLywv2gU5Mu0Ln2975kgNJY2U89PnOnlDMTvlOjBMJhe2kqoCnHuoKmjAoUb0w3V80pJcx/EJi2OKMaIKRoVzNMzKDQbVnoCewQH9Wq1tjAZsTY7PIVEKhs2QvVgqPIHNCfLaUM/w3swj+Lfo+8TjSld31sDaEOzr3mbJQ1fkzu08Q2W8EQZwacvhdLmyITlq+v1EpMDajAeiNH99/7JoHVkNqQU48YCPIvH/Ty6V/8ZGlMQxrLacGm/fkSLz4JX4gWp8bDXzj2Nd2pX3Etcc8qHUSiEXLRs9jLYPuBgMHfL5S+6Lh7qxkwwtoRL1Jt2qg9QNJNScjgKIpjNN0rqW54jDF7YZ6eBxrmKsjVSOZdIitgScPmJE64VeV+VIM+5q]]></Encrypt><AgentID><![CDATA[1000002]]></AgentID></xml>
2017-11-09 10:15:00.072 [http-apr-8080-exec-7] INFO  com.ray.weixin.qy.service.message.reply.ReplyMessageService - reply_xmlMsg:<xml><ToUserName><![CDATA[ww92f5da92bb24696e]]></ToUserName><FromUserName><![CDATA[ShiRui]]></FromUserName><CreateTime>1510193699</CreateTime><MsgType><![CDATA[event]]></MsgType><AgentID>1000002</AgentID><Event><![CDATA[LOCATION]]></Event><Latitude>31.1676</Latitude><Longitude>121.156</Longitude><Precision>15</Precision></xml>
2017-11-09 10:15:00.075 [http-apr-8080-exec-7] INFO  com.ray.weixin.qy.service.message.reply.ReplyMessageService - fromUserName:ShiRui
2017-11-09 10:15:00.075 [http-apr-8080-exec-7] INFO  com.ray.weixin.qy.service.message.reply.ReplyMessageService - toUserName:ww92f5da92bb24696e
2017-11-09 10:15:00.075 [http-apr-8080-exec-7] INFO  com.ray.weixin.qy.service.message.reply.ReplyMessageService - msgType:event
2017-11-09 10:15:00.075 [http-apr-8080-exec-7] INFO  com.ray.weixin.qy.service.message.reply.ReplyMessageService - Event:LOCATION  eventKey:null
2017-11-09 10:15:07.496 [http-apr-8080-exec-1] INFO  com.ray.weixin.qy.controller.WeiXinServlet - post--------------
2017-11-09 10:15:07.496 [http-apr-8080-exec-1] INFO  com.ray.weixin.qy.service.message.reply.ReplyMessageService - parms:{"msg_signature":["fcdfc8dd0b5a9cf37ca9fcfbafdbd13fd0418e1c"],"timestamp":["1510193707"],"nonce":["64274124"]}
2017-11-09 10:15:07.496 [http-apr-8080-exec-1] INFO  com.ray.weixin.qy.service.message.reply.ReplyMessageService - postData:<xml><ToUserName><![CDATA[ww92f5da92bb24696e]]></ToUserName><Encrypt><![CDATA[406bfk7FzGRp9y8QZLcvP4YiRDzoEQnKqT5NsywTJiA/6xW3Vfbqyd8njUaZFoEnPgZ5lbdPspIScSmo0aqW5s2gHy6IoqramdgdC4EpUt+Cgjf8W7E4HoglRNjr8j1dweXpdsnpPdJkHeOvtytdJ2KaJXGzRt40KJp3tNnVlQIgTsy2nt1XBfp6R+ObKrQ8Q6hhobvyNxI/ftzg+YcojsQEzBdbrE+9/wioHJQ8SBt+h1Ur3cCU19OS4ddI0THFpJ63CXUO5gmTg8PrIpqwm8OVJeQ2iKTMKqFxHqHnXNVfuz4cePlg1t0Ubfiw3kJxhEyoGe+HKyy5FTy8zgRsh3Ty/daD+FFuwNtM8/LxuxVXUFc6a2zduAvEK9yMfAben4P9H7RZiWj0msDT5S67FRmJuTktH/EdwVUmu3H4V0PAvmQ9mofOwqjld7C/swjwE5ii3IAoJ9AfTi5pt60pecsCyss4w1K117VO7OOPPG0Y8DKrrAEgFN9b/uKKD5Sw]]></Encrypt><AgentID><![CDATA[1000002]]></AgentID></xml>
2017-11-09 10:15:07.498 [http-apr-8080-exec-1] INFO  com.ray.weixin.qy.service.message.reply.ReplyMessageService - reply_xmlMsg:<xml><ToUserName><![CDATA[ww92f5da92bb24696e]]></ToUserName><FromUserName><![CDATA[ShiRui]]></FromUserName><CreateTime>1510193706</CreateTime><MsgType><![CDATA[event]]></MsgType><AgentID>1000002</AgentID><Event><![CDATA[view]]></Event><EventKey><![CDATA[http://rayner.nat300.top/weixin_qy/showInvoice.jsp]]></EventKey></xml>
2017-11-09 10:15:07.499 [http-apr-8080-exec-1] INFO  com.ray.weixin.qy.service.message.reply.ReplyMessageService - fromUserName:ShiRui
2017-11-09 10:15:07.499 [http-apr-8080-exec-1] INFO  com.ray.weixin.qy.service.message.reply.ReplyMessageService - toUserName:ww92f5da92bb24696e
2017-11-09 10:15:07.499 [http-apr-8080-exec-1] INFO  com.ray.weixin.qy.service.message.reply.ReplyMessageService - msgType:event
2017-11-09 10:15:07.499 [http-apr-8080-exec-1] INFO  com.ray.weixin.qy.service.message.reply.ReplyMessageService - Event:view  eventKey:http://rayner.nat300.top/weixin_qy/showInvoice.jsp
2017-11-09 10:15:07.649 [http-apr-8080-exec-8] INFO  com.ray.weixin.qy.util.AuthHelper - jsonObject:{"errcode":0,"access_token":"RVUMhaz-QcALWPrIef8VlQayDM5w55oYDw5FrLAax9W4TOLAOXTnChxYEP2-74uxxPT2C9i1I9wewB97GuODOPyN3p7to4_wYWQ3cAQMv-owZeVpxS-gopdSUPHtRFsxqx5m0RnpBhh0BI0DFiUS85FISGwMzmvNvPe6ZvlKrM54gETQx1ZRdVGQSMHVYFzqZBb9C7q_gw-eZZ9u8Kqw4A","errmsg":"ok","expires_in":7200}
2017-11-09 10:15:08.091 [http-apr-8080-exec-8] INFO  com.ray.weixin.qy.util.AuthHelper - jsonObject:{"errcode":0,"ticket":"kgt8ON7yVITDhtdwci0qebCLEfC_BfeygIq8cFPLbdav_wS6aHw3IOuPFhwb5b37fHfTFdS6e23Vb_dbDCjTOg","errmsg":"ok","expires_in":7200}
2017-11-09 10:15:08.091 [http-apr-8080-exec-8] INFO  com.ray.weixin.qy.util.AuthHelper - url:http://rayner.nat300.top/weixin_qy/showInvoice.jsp
2017-11-09 10:15:08.091 [http-apr-8080-exec-8] INFO  com.ray.weixin.qy.util.AuthHelper - accessToken:RVUMhaz-QcALWPrIef8VlQayDM5w55oYDw5FrLAax9W4TOLAOXTnChxYEP2-74uxxPT2C9i1I9wewB97GuODOPyN3p7to4_wYWQ3cAQMv-owZeVpxS-gopdSUPHtRFsxqx5m0RnpBhh0BI0DFiUS85FISGwMzmvNvPe6ZvlKrM54gETQx1ZRdVGQSMHVYFzqZBb9C7q_gw-eZZ9u8Kqw4A
2017-11-09 10:15:08.091 [http-apr-8080-exec-8] INFO  com.ray.weixin.qy.util.AuthHelper - jsapi_ticket:kgt8ON7yVITDhtdwci0qebCLEfC_BfeygIq8cFPLbdav_wS6aHw3IOuPFhwb5b37fHfTFdS6e23Vb_dbDCjTOg
2017-11-09 10:15:08.091 [http-apr-8080-exec-8] INFO  com.ray.weixin.qy.util.AuthHelper - appId:ww92f5da92bb24696e
2017-11-09 10:15:08.091 [http-apr-8080-exec-8] INFO  com.ray.weixin.qy.util.AuthHelper - timestamp:1510193707
2017-11-09 10:15:08.091 [http-apr-8080-exec-8] INFO  com.ray.weixin.qy.util.AuthHelper - nonceStr:c2697f27-21dd-4d36-a3d1-3478bd038901
2017-11-09 10:15:08.091 [http-apr-8080-exec-8] INFO  com.ray.weixin.qy.util.AuthHelper - signature:f956114d33795ce55bf001f346fe6fbc81f089d2
2017-11-09 10:15:08.092 [http-apr-8080-exec-8] INFO  com.ray.weixin.qy.util.AuthHelper - configValue:{"signature":"f956114d33795ce55bf001f346fe6fbc81f089d2","appId":"ww92f5da92bb24696e","nonceStr":"c2697f27-21dd-4d36-a3d1-3478bd038901","timestamp":"1510193707"}
2017-11-09 10:15:24.090 [http-apr-8080-exec-2] INFO  com.ray.weixin.qy.controller.WeiXinServlet - post--------------
2017-11-09 10:15:24.091 [http-apr-8080-exec-2] INFO  com.ray.weixin.qy.service.message.reply.ReplyMessageService - parms:{"msg_signature":["9267030419a68720f0fc1abe80fda6539d209638"],"timestamp":["1510193723"],"nonce":["1997688362"]}
2017-11-09 10:15:24.091 [http-apr-8080-exec-2] INFO  com.ray.weixin.qy.service.message.reply.ReplyMessageService - postData:<xml><ToUserName><![CDATA[ww92f5da92bb24696e]]></ToUserName><Encrypt><![CDATA[jofghP90y6l7zFPBpJI2vUMBUKdf0qSiHGAGroFmizTEx0ouMA0xPb+8ijyoGO4zIf83D1p3Fop5/FV5tuFxBJJ9EjIMnM1d5GEey7YqRdKQZfTcKu8nmQz/mGW+LSHwWVWz/1VltxS9GSTANMN6OJnzA4GdktZx5n5buZs34A2vqqr5P1nFDtaJMbc0wgFFBKC86ibLVMxjHiMhWMxUeYZuPUrUxtN8fcD8gIFIWTWUhsfZ5e4lwRVCjYoSfAaxhCC4ff+M5uerPv+eFEgkhBlEDnIq1oHBHGLYjEVT+sJA2DWnmKUwnxFDPKxaEi2AzqT0Rh6wxTLR4tZw89ra2nX98aCXlqL+sCLcexP1MsFKVuQnfjKR/AlXMVqPeQNBYLL1XSq+GywmW7PwcjNTj4uU7zw21ietj5dVb1xrv2OT5xPqhhIXhoITooRUzxS4ZDmP3WHHTk51oK0K93T7Po8cPhEH0pF3McgOgc9x1EefHz1Lhb5EinL1eNCnDdcX]]></Encrypt><AgentID><![CDATA[1000002]]></AgentID></xml>
2017-11-09 10:15:24.092 [http-apr-8080-exec-2] INFO  com.ray.weixin.qy.service.message.reply.ReplyMessageService - reply_xmlMsg:<xml><ToUserName><![CDATA[ww92f5da92bb24696e]]></ToUserName><FromUserName><![CDATA[ShiRui]]></FromUserName><CreateTime>1510193723</CreateTime><MsgType><![CDATA[event]]></MsgType><AgentID>1000002</AgentID><Event><![CDATA[LOCATION]]></Event><Latitude>31.1676</Latitude><Longitude>121.156</Longitude><Precision>15</Precision></xml>
2017-11-09 10:15:24.092 [http-apr-8080-exec-2] INFO  com.ray.weixin.qy.service.message.reply.ReplyMessageService - fromUserName:ShiRui
2017-11-09 10:15:24.093 [http-apr-8080-exec-2] INFO  com.ray.weixin.qy.service.message.reply.ReplyMessageService - toUserName:ww92f5da92bb24696e
2017-11-09 10:15:24.093 [http-apr-8080-exec-2] INFO  com.ray.weixin.qy.service.message.reply.ReplyMessageService - msgType:event
2017-11-09 10:15:24.093 [http-apr-8080-exec-2] INFO  com.ray.weixin.qy.service.message.reply.ReplyMessageService - Event:LOCATION  eventKey:null
2017-11-09 10:15:28.199 [http-apr-8080-exec-3] INFO  com.ray.weixin.qy.controller.WeiXinServlet - post--------------
2017-11-09 10:15:28.199 [http-apr-8080-exec-3] INFO  com.ray.weixin.qy.service.message.reply.ReplyMessageService - parms:{"msg_signature":["1dd256f919d12da45eac7c368476767eb92106fa"],"timestamp":["1510193727"],"nonce":["1590063154"]}
2017-11-09 10:15:28.200 [http-apr-8080-exec-3] INFO  com.ray.weixin.qy.service.message.reply.ReplyMessageService - postData:<xml><ToUserName><![CDATA[ww92f5da92bb24696e]]></ToUserName><Encrypt><![CDATA[nKQh/+d80LTO1uAdCxGk++z/XzobHxx0Vm9Rbttidtc0bJkKSrV3NwGTeGlSAZv5hIQzvT+BSq5c4l3B0UD/xPwgh/yxI1awO6jLbV7pAabrF1KWYgm0UOgZe43N5LmA87QP/BrKW2nVyZPdV43PdLRVG+Y872QPobnehoIt4mCAcYBCkMJEmeZzhLv/TUJ06poGgfvGJ2CQMpF8PXDwHaep4AJI04y0t2jVwtu1eMMDwgAmoFVaA6v3UiXFKHanIqxdg0Z5hEH0WUl9fuFsO3qLy/mbZ2CRMKu4HU1QhoEVvWGrZPlcbg23YcbRP/bHqx7jDoGL7UzsWH7CnxynYgYYaRCsSor0HuZx6dQB1HIiLrsFcLQxjOY7ByoVLM35AXWrNF81g/syXvP2DMmDxuSbjKxnY8EUueQ4QtN9uFNJjeR7KFu7STzO2itlZkqHt123miSG+NYGzFgjWGqJTJHkIKFPd+1Zbk5IhBVha3tP7NcKr7aZqhDJ0UCESynz]]></Encrypt><AgentID><![CDATA[1000002]]></AgentID></xml>
2017-11-09 10:15:28.202 [http-apr-8080-exec-3] INFO  com.ray.weixin.qy.service.message.reply.ReplyMessageService - reply_xmlMsg:<xml><ToUserName><![CDATA[ww92f5da92bb24696e]]></ToUserName><FromUserName><![CDATA[ShiRui]]></FromUserName><CreateTime>1510193727</CreateTime><MsgType><![CDATA[event]]></MsgType><AgentID>1000002</AgentID><Event><![CDATA[LOCATION]]></Event><Latitude>31.1676</Latitude><Longitude>121.156</Longitude><Precision>15</Precision></xml>
2017-11-09 10:15:28.204 [http-apr-8080-exec-3] INFO  com.ray.weixin.qy.service.message.reply.ReplyMessageService - fromUserName:ShiRui
2017-11-09 10:15:28.204 [http-apr-8080-exec-3] INFO  com.ray.weixin.qy.service.message.reply.ReplyMessageService - toUserName:ww92f5da92bb24696e
2017-11-09 10:15:28.205 [http-apr-8080-exec-3] INFO  com.ray.weixin.qy.service.message.reply.ReplyMessageService - msgType:event
2017-11-09 10:15:28.205 [http-apr-8080-exec-3] INFO  com.ray.weixin.qy.service.message.reply.ReplyMessageService - Event:LOCATION  eventKey:null
2017-11-09 10:15:35.974 [http-apr-8080-exec-7] INFO  com.ray.weixin.qy.controller.WeiXinServlet - post--------------
2017-11-09 10:15:35.975 [http-apr-8080-exec-7] INFO  com.ray.weixin.qy.service.message.reply.ReplyMessageService - parms:{"msg_signature":["52df16a186920a4fa7f82b2d218b1cf502915a51"],"timestamp":["1510193735"],"nonce":["1671745084"]}
2017-11-09 10:15:35.975 [http-apr-8080-exec-7] INFO  com.ray.weixin.qy.service.message.reply.ReplyMessageService - postData:<xml><ToUserName><![CDATA[ww92f5da92bb24696e]]></ToUserName><Encrypt><![CDATA[vx44/CfJSBLZWOYHGl9fOEgbVa+7GTe9stuXRt7JoINy5+NS8hvKn7ST1vLr6kinBUYoUTia3PuYirVFB7FDp4XL43MN7W1Z3wt31QXy6GFn6cR9394pe5lqrn060SYvDluBR4qVasvkmGb+mL/KiBnINeMsO2whtIE9P0N7IAQjptuPfW7psWD1nw4jRbhUL8wFzJGgGJTYmzcJFTJ1U5Fe7dP7wqmC47MLIU50UPl94ad2+e4VVvVaykkzYpowafl0+6fmxcKeHLxCYtQ2ohzNeL9F5vDM+SUUhaovPVDCffkWfJp/Nxp8djLtcrld3WDl8xMIG/rY3iFkE8R25Bq8VGp9aYLG85X/SpQSMb6QIjVEmMucMy4cmraumdrypRU9ff9jD9m/knzqaMdJ/cR6YklE0bwYXVauSTF4DrB2llg8OaTUYtXgtWpE4ABUICzOo2SCIYRSqbE+EcFfRAdGrOJ66xAkGgtHbho1a6WX8icJbzd+5aVlc7T9I5O+]]></Encrypt><AgentID><![CDATA[1000002]]></AgentID></xml>
2017-11-09 10:15:35.978 [http-apr-8080-exec-7] INFO  com.ray.weixin.qy.service.message.reply.ReplyMessageService - reply_xmlMsg:<xml><ToUserName><![CDATA[ww92f5da92bb24696e]]></ToUserName><FromUserName><![CDATA[ShiRui]]></FromUserName><CreateTime>1510193735</CreateTime><MsgType><![CDATA[event]]></MsgType><AgentID>1000002</AgentID><Event><![CDATA[LOCATION]]></Event><Latitude>31.1676</Latitude><Longitude>121.156</Longitude><Precision>15</Precision></xml>
2017-11-09 10:15:35.981 [http-apr-8080-exec-7] INFO  com.ray.weixin.qy.service.message.reply.ReplyMessageService - fromUserName:ShiRui
2017-11-09 10:15:35.981 [http-apr-8080-exec-7] INFO  com.ray.weixin.qy.service.message.reply.ReplyMessageService - toUserName:ww92f5da92bb24696e
2017-11-09 10:15:35.981 [http-apr-8080-exec-7] INFO  com.ray.weixin.qy.service.message.reply.ReplyMessageService - msgType:event
2017-11-09 10:15:35.981 [http-apr-8080-exec-7] INFO  com.ray.weixin.qy.service.message.reply.ReplyMessageService - Event:LOCATION  eventKey:null
2017-11-09 10:15:44.406 [http-apr-8080-exec-9] INFO  com.ray.weixin.qy.controller.WeiXinServlet - post--------------
2017-11-09 10:15:44.407 [http-apr-8080-exec-9] INFO  com.ray.weixin.qy.service.message.reply.ReplyMessageService - parms:{"msg_signature":["740385b1efc2159f48eb1b98074f1f4aaf441d2b"],"timestamp":["1510193743"],"nonce":["1734663529"]}
2017-11-09 10:15:44.407 [http-apr-8080-exec-9] INFO  com.ray.weixin.qy.service.message.reply.ReplyMessageService - postData:<xml><ToUserName><![CDATA[ww92f5da92bb24696e]]></ToUserName><Encrypt><![CDATA[XK5P4z5VowgZMcAl+cd0Jo7H92LMwiyOect97gZTU9Nd4A+k+eq++p6iP05fpccOfXW+qMys870J1ti2LxVsDYHt5SJrYnZt6WCgxu6gMiYkj5Kv7hKUoXEuJYC0Oj+oqfqn+GTXNJLgq+VVtFtVjsSaEyY35chb9CoVUHnjU3YqmqasK07U64aACWsKykasiLC4MYd9VzS5i4Vkf9TRvqmHLcOJ9ZfBhXg2wNgQ27M5rh6vSg5HnabsydlARv3nZQCSC/mqCNdTkTd2fukflRjt6MkswfHvp/WSPUlwwdlBEi+gO+rezysFGYnTyv+0FPMxnfQ+LsvXjYa6LxGmt2RcZARageTp3nbCAW8nGGkrY2NIXoPlUOG3JwA5VnR3W91rsQoC7d598OJl60LaeKKqhpJfnhGmQoFlOqi7yeaSp/Vf1le0YxsmZeBXFSYv5l4/lq74YxIw5Klq3VoNuStNzbxDtggUxdruxWETSp66G1OWJ8put3NMJGiQsGNJ]]></Encrypt><AgentID><![CDATA[1000002]]></AgentID></xml>
2017-11-09 10:15:44.407 [http-apr-8080-exec-9] INFO  com.ray.weixin.qy.service.message.reply.ReplyMessageService - reply_xmlMsg:<xml><ToUserName><![CDATA[ww92f5da92bb24696e]]></ToUserName><FromUserName><![CDATA[ShiRui]]></FromUserName><CreateTime>1510193743</CreateTime><MsgType><![CDATA[event]]></MsgType><AgentID>1000002</AgentID><Event><![CDATA[LOCATION]]></Event><Latitude>31.1676</Latitude><Longitude>121.156</Longitude><Precision>15</Precision></xml>
2017-11-09 10:15:44.408 [http-apr-8080-exec-9] INFO  com.ray.weixin.qy.service.message.reply.ReplyMessageService - fromUserName:ShiRui
2017-11-09 10:15:44.408 [http-apr-8080-exec-9] INFO  com.ray.weixin.qy.service.message.reply.ReplyMessageService - toUserName:ww92f5da92bb24696e
2017-11-09 10:15:44.408 [http-apr-8080-exec-9] INFO  com.ray.weixin.qy.service.message.reply.ReplyMessageService - msgType:event
2017-11-09 10:15:44.408 [http-apr-8080-exec-9] INFO  com.ray.weixin.qy.service.message.reply.ReplyMessageService - Event:LOCATION  eventKey:null
2017-11-09 10:15:58.286 [http-apr-8080-exec-8] INFO  com.ray.weixin.qy.controller.WeiXinServlet - post--------------
2017-11-09 10:15:58.287 [http-apr-8080-exec-8] INFO  com.ray.weixin.qy.service.message.reply.ReplyMessageService - parms:{"msg_signature":["45fdc98ff9ac6238a8751031be045503089f8490"],"timestamp":["1510193757"],"nonce":["1216529136"]}
2017-11-09 10:15:58.288 [http-apr-8080-exec-8] INFO  com.ray.weixin.qy.service.message.reply.ReplyMessageService - postData:<xml><ToUserName><![CDATA[ww92f5da92bb24696e]]></ToUserName><Encrypt><![CDATA[0PFR90k3fh2rgscqL6PjBzfzmEHv9XHpKwrWcIUZHwg0OgiEhvdg387eYwl6A8TUq1zswYwVMCjlZJ1+z3ZxIlgfM4cvrkitf8eT7FV/yY2T5qVisC0XtieWTckjilgMLSjaxAYrZ4eJLXK9fsNBzc1WZg/RhgxysYsKWo4e+HF7V96a68Zrz12KhbL9A+/mt3pXhqmkJcYWzkI4KHDeU8kWnxhpr3ElUT0HS4btq85EExoX73CXIbh09rUJ/TXtC4QQvfOaN6IAWaM4XLxqysZZkVHWqLLja1LYiPKqAU4rgzzb/QKCsDhmYobjhWY6Jv22IKs9Vi4Ct5o8sD5f6mMbUM+JuVJ6NCdjJBovMbDWIuVIsptcHtw7nJtFNRGkufJwTkut0hOOq//57cyjFymNvJQspIEOS5zjppKAmdElblzNDpPBbWdYXjrca2YaZTyHO9QUvO10cSYInzA2yt5G7hj+z9/Svk6veReVDpCrKgBXrg63bdOF/I2k/71M]]></Encrypt><AgentID><![CDATA[1000002]]></AgentID></xml>
2017-11-09 10:15:58.292 [http-apr-8080-exec-8] INFO  com.ray.weixin.qy.service.message.reply.ReplyMessageService - reply_xmlMsg:<xml><ToUserName><![CDATA[ww92f5da92bb24696e]]></ToUserName><FromUserName><![CDATA[ShiRui]]></FromUserName><CreateTime>1510193757</CreateTime><MsgType><![CDATA[event]]></MsgType><AgentID>1000002</AgentID><Event><![CDATA[LOCATION]]></Event><Latitude>31.1676</Latitude><Longitude>121.156</Longitude><Precision>15</Precision></xml>
2017-11-09 10:15:58.297 [http-apr-8080-exec-8] INFO  com.ray.weixin.qy.service.message.reply.ReplyMessageService - fromUserName:ShiRui
2017-11-09 10:15:58.297 [http-apr-8080-exec-8] INFO  com.ray.weixin.qy.service.message.reply.ReplyMessageService - toUserName:ww92f5da92bb24696e
2017-11-09 10:15:58.297 [http-apr-8080-exec-8] INFO  com.ray.weixin.qy.service.message.reply.ReplyMessageService - msgType:event
2017-11-09 10:15:58.297 [http-apr-8080-exec-8] INFO  com.ray.weixin.qy.service.message.reply.ReplyMessageService - Event:LOCATION  eventKey:null
