2017-11-07 14:04:45.745 [http-apr-8080-exec-1] INFO  com.ray.weixin.gz.controller.WeiXinServlet - post--------------
2017-11-07 14:04:45.758 [http-apr-8080-exec-1] INFO  com.ray.weixin.gz.service.message.ReplyMessageService - parms:{"signature":["86d4cc2b384017bca11034a024cb86abd4440e91"],"timestamp":["1510034685"],"nonce":["195320286"],"openid":["oDLefxDvQajibXhSWIWHrkiO1n2o"]}
2017-11-07 14:04:45.759 [http-apr-8080-exec-1] INFO  com.ray.weixin.gz.service.message.ReplyMessageService - postData:<xml><ToUserName><![CDATA[gh_8c1dd328db4e]]></ToUserName><FromUserName><![CDATA[oDLefxDvQajibXhSWIWHrkiO1n2o]]></FromUserName><CreateTime>1510034685</CreateTime><MsgType><![CDATA[event]]></MsgType><Event><![CDATA[VIEW]]></Event><EventKey><![CDATA[http://rayner.nat300.top/weixin_gz/showInvoice.jsp]]></EventKey><MenuId>591669406</MenuId></xml>
2017-11-07 14:04:45.761 [http-apr-8080-exec-1] INFO  com.ray.weixin.gz.service.message.ReplyMessageService - 明文模式
2017-11-07 14:04:45.762 [http-apr-8080-exec-1] INFO  com.ray.weixin.gz.service.message.ReplyMessageService - <xml><ToUserName><![CDATA[gh_8c1dd328db4e]]></ToUserName><FromUserName><![CDATA[oDLefxDvQajibXhSWIWHrkiO1n2o]]></FromUserName><CreateTime>1510034685</CreateTime><MsgType><![CDATA[event]]></MsgType><Event><![CDATA[VIEW]]></Event><EventKey><![CDATA[http://rayner.nat300.top/weixin_gz/showInvoice.jsp]]></EventKey><MenuId>591669406</MenuId></xml>
2017-11-07 14:04:45.776 [http-apr-8080-exec-1] INFO  com.ray.weixin.gz.service.message.ReplyMessageService - fromUserName:oDLefxDvQajibXhSWIWHrkiO1n2o
2017-11-07 14:04:45.776 [http-apr-8080-exec-1] INFO  com.ray.weixin.gz.service.message.ReplyMessageService - toUserName:gh_8c1dd328db4e
2017-11-07 14:04:45.777 [http-apr-8080-exec-1] INFO  com.ray.weixin.gz.service.message.ReplyMessageService - msgType:event
2017-11-07 14:04:45.777 [http-apr-8080-exec-1] INFO  com.ray.weixin.gz.service.message.ReplyMessageService - Event:VIEW  eventKey:http://rayner.nat300.top/weixin_gz/showInvoice.jsp
2017-11-07 14:04:46.452 [http-apr-8080-exec-10] INFO  com.ray.weixin.gz.util.AuthHelper - jsonObject:{"access_token":"-DCG9PQcyZLuG4JDI2z3VEq2-KcwXl2mtzD2kiGn9GYo5MvNIzkXOKqNoZfJHrAWcjGWcmgZV2eycX27liNMWZ6QRFtthnVf4_PgZRIpicLcxD1BckEQD9i1nJRaC5LDACUjAEASUM","expires_in":7200}
2017-11-07 14:04:46.608 [http-apr-8080-exec-10] INFO  com.ray.weixin.gz.util.AuthHelper - jsonObject:{"errcode":0,"ticket":"kgt8ON7yVITDhtdwci0qed-m2nUygHpV3DXUL-ToMkhHSQIYlDgkkvWFFZAoiCyMeRK-_uHffh8IGz5wqv2Z0A","errmsg":"ok","expires_in":7200}
2017-11-07 14:04:46.608 [http-apr-8080-exec-10] INFO  com.ray.weixin.gz.util.AuthHelper - accessToken:-DCG9PQcyZLuG4JDI2z3VEq2-KcwXl2mtzD2kiGn9GYo5MvNIzkXOKqNoZfJHrAWcjGWcmgZV2eycX27liNMWZ6QRFtthnVf4_PgZRIpicLcxD1BckEQD9i1nJRaC5LDACUjAEASUM
2017-11-07 14:04:46.609 [http-apr-8080-exec-10] INFO  com.ray.weixin.gz.util.AuthHelper - ticket:kgt8ON7yVITDhtdwci0qed-m2nUygHpV3DXUL-ToMkhHSQIYlDgkkvWFFZAoiCyMeRK-_uHffh8IGz5wqv2Z0A
2017-11-07 14:04:46.609 [http-apr-8080-exec-10] INFO  com.ray.weixin.gz.util.AuthHelper - nonceStr:9541d62e-3933-4e67-a022-825fced6c7f1
2017-11-07 14:04:46.609 [http-apr-8080-exec-10] INFO  com.ray.weixin.gz.util.AuthHelper - timeStamp:1510034685
2017-11-07 14:04:46.610 [http-apr-8080-exec-10] INFO  com.ray.weixin.gz.util.AuthHelper - signedUrl:http://rayner.nat300.top/weixin_gz/showInvoice.jsp
2017-11-07 14:04:46.610 [http-apr-8080-exec-10] INFO  com.ray.weixin.gz.util.AuthHelper - signature:1219e6cef867409ad6a5c5be9153e11e2f0f09b4
2017-11-07 14:04:46.611 [http-apr-8080-exec-10] INFO  com.ray.weixin.gz.util.AuthHelper - appId:wxa0064ea657f80062
2017-11-07 14:04:46.611 [http-apr-8080-exec-10] INFO  com.ray.weixin.gz.util.AuthHelper - configValue:{signature:'1219e6cef867409ad6a5c5be9153e11e2f0f09b4',nonceStr:'9541d62e-3933-4e67-a022-825fced6c7f1',timeStamp:'1510034685',appId:'wxa0064ea657f80062'}
2017-11-07 14:04:46.736 [http-apr-8080-exec-10] INFO  com.ray.weixin.gz.util.AuthHelper - jsonObject:{"access_token":"-DCG9PQcyZLuG4JDI2z3VEq2-KcwXl2mtzD2kiGn9GaHf1uY7sKE4NJQS0qGmS-gsxTErzQ3fNbnaoOToZLV9-6TvSdr7Qkhdl-Afex0RdShmFOc0hOdVT4TEexyk3itLOCjAEAVYM","expires_in":7200}
2017-11-07 14:04:46.887 [http-apr-8080-exec-10] INFO  com.ray.weixin.gz.service.invoice.InvoiceService - jsonObject:{"errcode":0,"ticket":"IpK_1T69hDhZkLQTlwsAX5ZwNp_4txyINLb67lXqTZL7FvH1dhjwgIhtIZecH_m_KICkWeVkW0D1r2ipBd-nVw","errmsg":"ok","expires_in":7200}
2017-11-07 14:04:46.888 [http-apr-8080-exec-10] INFO  com.ray.weixin.gz.util.AuthHelper - apiTicket:IpK_1T69hDhZkLQTlwsAX5ZwNp_4txyINLb67lXqTZL7FvH1dhjwgIhtIZecH_m_KICkWeVkW0D1r2ipBd-nVw
2017-11-07 14:04:46.888 [http-apr-8080-exec-10] INFO  com.ray.weixin.gz.util.AuthHelper - appId:wxa0064ea657f80062
2017-11-07 14:04:46.888 [http-apr-8080-exec-10] INFO  com.ray.weixin.gz.util.AuthHelper - timeStamp:1510034686
2017-11-07 14:04:46.889 [http-apr-8080-exec-10] INFO  com.ray.weixin.gz.util.AuthHelper - nonceStr:21b08418-c470-4c12-ad32-99f3c3c373c9
2017-11-07 14:04:46.889 [http-apr-8080-exec-10] INFO  com.ray.weixin.gz.util.AuthHelper - cardType:INVOICE
2017-11-07 14:04:46.889 [http-apr-8080-exec-10] INFO  com.ray.weixin.gz.util.AuthHelper - cardSign:946a6fe69e6d27ffbe7222fe95ed7b9a5f237a6d
2017-11-07 14:04:46.889 [http-apr-8080-exec-10] INFO  com.ray.weixin.gz.util.AuthHelper - signType:SHA1
2017-11-07 14:04:46.890 [http-apr-8080-exec-10] INFO  com.ray.weixin.gz.util.AuthHelper - configValue:{"signType":"SHA1","cardSign":"946a6fe69e6d27ffbe7222fe95ed7b9a5f237a6d","nonceStr":"21b08418-c470-4c12-ad32-99f3c3c373c9","timestamp":1510034686}
