2017-11-09 11:24:00.514 [http-apr-8080-exec-9] INFO  com.ray.weixin.qy.controller.WeiXinServlet - post--------------
2017-11-09 11:24:00.520 [http-apr-8080-exec-9] INFO  com.ray.weixin.qy.service.message.reply.ReplyMessageService - parms:{"msg_signature":["8ab3799fe3d6cf569ba20c3fa0e7ca8ddf8a712d"],"timestamp":["1510197840"],"nonce":["631152089"]}
2017-11-09 11:24:00.520 [http-apr-8080-exec-9] INFO  com.ray.weixin.qy.service.message.reply.ReplyMessageService - postData:<xml><ToUserName><![CDATA[ww92f5da92bb24696e]]></ToUserName><Encrypt><![CDATA[LthPGpyVvTRrFI33hjubqF/rnnUCOI0T4Ku/9oYcdqLlGJp2YLOlYcjyWIsbXSCGxdQSNKEMnjvu3d0GUHzIrdCxfUAIS27WgKezQ/a773dZp23Aa540R9cLkQ3PPrecG0w06RD0uRrTDwiqqJEzJUaBRhl6yx8gNIfMuBe66nXoh8m8L3C5SojguaQfa9qCc5QiwYYdFqUPb1B3/3770SV5N0OK5CzYSEVuicqHtySEhndCfofqzYnX8mSmlQhc968F9QO3dXvMqwyptjkP0bolpkGIR0VWiqv6MbhAxnGG60xTQk1X+HU0Sa3EmWmVIyBoE6us6+5iwb0mHLYNK84qmFbH19j9/dnjBweMvBRzMhiOReAOu1Kq3IguW6EFfpep+LzltmHNhog6BYDrItJ8NRNAkQzk3M01Y9P9cswiiaU+wzjHKxlC6SvP11NxQX57syN/51UNBcWCwP5SR0lt0C/bYCCOYwTITVdyN12RIS+SVGnfYPNKZALQKh8Q]]></Encrypt><AgentID><![CDATA[1000002]]></AgentID></xml>
2017-11-09 11:24:00.532 [http-apr-8080-exec-9] INFO  com.ray.weixin.qy.service.message.reply.ReplyMessageService - reply_xmlMsg:<xml><ToUserName><![CDATA[ww92f5da92bb24696e]]></ToUserName><FromUserName><![CDATA[ShiRui]]></FromUserName><CreateTime>1510197839</CreateTime><MsgType><![CDATA[event]]></MsgType><AgentID>1000002</AgentID><Event><![CDATA[LOCATION]]></Event><Latitude>31.1676</Latitude><Longitude>121.156</Longitude><Precision>15</Precision></xml>
2017-11-09 11:24:00.534 [http-apr-8080-exec-9] INFO  com.ray.weixin.qy.service.message.reply.ReplyMessageService - fromUserName:ShiRui
2017-11-09 11:24:00.534 [http-apr-8080-exec-9] INFO  com.ray.weixin.qy.service.message.reply.ReplyMessageService - toUserName:ww92f5da92bb24696e
2017-11-09 11:24:00.534 [http-apr-8080-exec-9] INFO  com.ray.weixin.qy.service.message.reply.ReplyMessageService - msgType:event
2017-11-09 11:24:00.534 [http-apr-8080-exec-9] INFO  com.ray.weixin.qy.service.message.reply.ReplyMessageService - Event:LOCATION  eventKey:null
2017-11-09 11:24:05.524 [http-apr-8080-exec-2] INFO  com.ray.weixin.qy.controller.WeiXinServlet - post--------------
2017-11-09 11:24:05.525 [http-apr-8080-exec-2] INFO  com.ray.weixin.qy.service.message.reply.ReplyMessageService - parms:{"msg_signature":["edf997d83451f986ea7bcd1767d810e3d9d5825a"],"timestamp":["1510197845"],"nonce":["409075275"]}
2017-11-09 11:24:05.525 [http-apr-8080-exec-2] INFO  com.ray.weixin.qy.service.message.reply.ReplyMessageService - postData:<xml><ToUserName><![CDATA[ww92f5da92bb24696e]]></ToUserName><Encrypt><![CDATA[VdbpmaVRz0mvAxbiV48kXBzaLoU77KunNBDEcX/f2ZwRSlZMUQzKGB8N2E+Nv2fwxlqvtb1bKZPAA26Xbg6AhXkWraLLm1ychZjAlw0KgEwd/qUCfFmVWlXf26tIO5w+rO/yKWVfL6n0/Ja7vaKTUL8rTurNb236A3otqTPL1qPMzyd6/sDAFmPY/ZHm6IpVTh2wvr+5lbuC1KV8hjCZfZhrIy3LThFu1o1aUwPYOcf4e0v8BB5f3yXDPNDzdmBIvJlcVCoM9Plc7wXjMS/rCYp3KJoC42gtpj2HXetuP5ZRaDD4pFSHIMgAQ5u+XxKDBbg6Ix8kZSbu1mIFpIitkgHL1ZgzKNYxK0xiMLt+YK9mBuj767ztFu5dOM4Vp7q2/ip+okkRv0Dw8drauWFKuN9dMuRerq6bzsIFfaBgRvD6r+PE7AyhtiFJBDTZNHzwot7qFt5RqpENIv40c7zlIDZMy5aGQZByD5TcQJzJSAx2PnUbN4wP1UmeHJ+QYBa3]]></Encrypt><AgentID><![CDATA[1000002]]></AgentID></xml>
2017-11-09 11:24:05.527 [http-apr-8080-exec-2] INFO  com.ray.weixin.qy.service.message.reply.ReplyMessageService - reply_xmlMsg:<xml><ToUserName><![CDATA[ww92f5da92bb24696e]]></ToUserName><FromUserName><![CDATA[ShiRui]]></FromUserName><CreateTime>1510197844</CreateTime><MsgType><![CDATA[event]]></MsgType><AgentID>1000002</AgentID><Event><![CDATA[LOCATION]]></Event><Latitude>31.1676</Latitude><Longitude>121.156</Longitude><Precision>15</Precision></xml>
2017-11-09 11:24:05.528 [http-apr-8080-exec-2] INFO  com.ray.weixin.qy.service.message.reply.ReplyMessageService - fromUserName:ShiRui
2017-11-09 11:24:05.528 [http-apr-8080-exec-2] INFO  com.ray.weixin.qy.service.message.reply.ReplyMessageService - toUserName:ww92f5da92bb24696e
2017-11-09 11:24:05.528 [http-apr-8080-exec-2] INFO  com.ray.weixin.qy.service.message.reply.ReplyMessageService - msgType:event
2017-11-09 11:24:05.529 [http-apr-8080-exec-2] INFO  com.ray.weixin.qy.service.message.reply.ReplyMessageService - Event:LOCATION  eventKey:null
2017-11-09 11:24:10.498 [http-apr-8080-exec-5] INFO  com.ray.weixin.qy.controller.WeiXinServlet - post--------------
2017-11-09 11:24:10.498 [http-apr-8080-exec-5] INFO  com.ray.weixin.qy.service.message.reply.ReplyMessageService - parms:{"msg_signature":["9d4c5a7304f3a7daad309f807918e5ae98b3067b"],"timestamp":["1510197850"],"nonce":["1051402840"]}
2017-11-09 11:24:10.499 [http-apr-8080-exec-5] INFO  com.ray.weixin.qy.service.message.reply.ReplyMessageService - postData:<xml><ToUserName><![CDATA[ww92f5da92bb24696e]]></ToUserName><Encrypt><![CDATA[T8VxOVKU49L3Mxnb6/Ng8el5AtGqpO0wyeV5zdLsaYBBYIM1XP2YaN+zvg3F0R8LN/pEfcN8MUZKGkRYP7erdltOXQWpgi8L/rd3SsO//7I799jejuUMZoku3evizqQUzXLvHFV5BvgnKHplHUtu8OjK2/5o08p2Hq3eJHEekISqpwp4Mb/icVxPyQaWwV6GvcLfm9z4ZzLKkx0px41deCd1oC1Gteb2lVSMM6p5q4KvKPLP4v6PdnI493L0d4fvNaPVTvDQ8JbDP5rm+Pw46awcFwSKWQayibnuEPQGCmc68EVj3g5dqy2FldJ9NOWFN2Hj2v1DxvlMArCatGgoOiGQtfOCRpJnuVkrRfJ6aMG4fMn5R/wXR9ZUueLdqgX0sd128UefZPcPofysVcqFHc4NEsiZo0MXmbdvXun49GWcpQOk3j6OndJFHz7Pem8clxCUTmwSEzEKm7x592rDwXyXTXG2N3HMXtavfySYJ0OtkZallbzr1Q7zDoCydHtl]]></Encrypt><AgentID><![CDATA[1000002]]></AgentID></xml>
2017-11-09 11:24:10.500 [http-apr-8080-exec-5] INFO  com.ray.weixin.qy.service.message.reply.ReplyMessageService - reply_xmlMsg:<xml><ToUserName><![CDATA[ww92f5da92bb24696e]]></ToUserName><FromUserName><![CDATA[ShiRui]]></FromUserName><CreateTime>1510197849</CreateTime><MsgType><![CDATA[event]]></MsgType><AgentID>1000002</AgentID><Event><![CDATA[LOCATION]]></Event><Latitude>31.1676</Latitude><Longitude>121.156</Longitude><Precision>15</Precision></xml>
2017-11-09 11:24:10.502 [http-apr-8080-exec-5] INFO  com.ray.weixin.qy.service.message.reply.ReplyMessageService - fromUserName:ShiRui
2017-11-09 11:24:10.502 [http-apr-8080-exec-5] INFO  com.ray.weixin.qy.service.message.reply.ReplyMessageService - toUserName:ww92f5da92bb24696e
2017-11-09 11:24:10.502 [http-apr-8080-exec-5] INFO  com.ray.weixin.qy.service.message.reply.ReplyMessageService - msgType:event
2017-11-09 11:24:10.502 [http-apr-8080-exec-5] INFO  com.ray.weixin.qy.service.message.reply.ReplyMessageService - Event:LOCATION  eventKey:null
2017-11-09 11:24:15.554 [http-apr-8080-exec-3] INFO  com.ray.weixin.qy.controller.WeiXinServlet - post--------------
2017-11-09 11:24:15.554 [http-apr-8080-exec-3] INFO  com.ray.weixin.qy.service.message.reply.ReplyMessageService - parms:{"msg_signature":["c9f59c9ccc6377ce7ba293bcd9b8d884a56d592a"],"timestamp":["1510197855"],"nonce":["1295897891"]}
2017-11-09 11:24:15.555 [http-apr-8080-exec-3] INFO  com.ray.weixin.qy.service.message.reply.ReplyMessageService - postData:<xml><ToUserName><![CDATA[ww92f5da92bb24696e]]></ToUserName><Encrypt><![CDATA[fG/wKODNinyq37dNWVwhSGCi65umNTLsW/kpxIqF2WQJsle1wyTyA/WcVTbzLVSEQ07gwkYTwCN7VKrftVmedBHyDtNeWuBiUx85oTNUWQ586CjVff0GVN2NNOdMWuXQ8SXl8J6e1jqGN6n9e8tds5upSnvtUJNDKgn2s6ZzBALcAqnve+oi1O42VN+0C/nPoq+Xx39Aqu2vGw82mJ/+ehP/n/J+cbEvc2VzmfcLt5dDJIulNqH2AbV7JHQa0ldAg4Z5v3HEICadqE2kRbB/0FVWb+wAVbqw5kAcMXollD3dMkU8KzS9/YLxWhZxLVIz7OPnm0LNHB2bSRjclUgihIV5zfapuTosIeuSGlYtpyM6QlaxSn+5j2CdXk43rPl7P4ubMVbGQIxMIE9DkdPUYKOAExHtqlIEB2prxb7mbrOqI7UkOZlIQQZCfzUsfK7NNgMfNjdpzJXkg3iGXOg7g4j0hP0ViTib7ev08sntNwJe2p2m7EJo1TNaPJKY8oUX]]></Encrypt><AgentID><![CDATA[1000002]]></AgentID></xml>
2017-11-09 11:24:15.556 [http-apr-8080-exec-3] INFO  com.ray.weixin.qy.service.message.reply.ReplyMessageService - reply_xmlMsg:<xml><ToUserName><![CDATA[ww92f5da92bb24696e]]></ToUserName><FromUserName><![CDATA[ShiRui]]></FromUserName><CreateTime>1510197854</CreateTime><MsgType><![CDATA[event]]></MsgType><AgentID>1000002</AgentID><Event><![CDATA[LOCATION]]></Event><Latitude>31.1676</Latitude><Longitude>121.156</Longitude><Precision>15</Precision></xml>
2017-11-09 11:24:15.557 [http-apr-8080-exec-3] INFO  com.ray.weixin.qy.service.message.reply.ReplyMessageService - fromUserName:ShiRui
2017-11-09 11:24:15.557 [http-apr-8080-exec-3] INFO  com.ray.weixin.qy.service.message.reply.ReplyMessageService - toUserName:ww92f5da92bb24696e
2017-11-09 11:24:15.558 [http-apr-8080-exec-3] INFO  com.ray.weixin.qy.service.message.reply.ReplyMessageService - msgType:event
2017-11-09 11:24:15.558 [http-apr-8080-exec-3] INFO  com.ray.weixin.qy.service.message.reply.ReplyMessageService - Event:LOCATION  eventKey:null
2017-11-09 11:24:20.646 [http-apr-8080-exec-8] INFO  com.ray.weixin.qy.controller.WeiXinServlet - post--------------
2017-11-09 11:24:20.652 [http-apr-8080-exec-8] INFO  com.ray.weixin.qy.service.message.reply.ReplyMessageService - parms:{"msg_signature":["9aee3c14fe5ae2b2ebd53b4da615245bf28e1edb"],"timestamp":["1510197860"],"nonce":["475455829"]}
2017-11-09 11:24:20.652 [http-apr-8080-exec-8] INFO  com.ray.weixin.qy.service.message.reply.ReplyMessageService - postData:<xml><ToUserName><![CDATA[ww92f5da92bb24696e]]></ToUserName><Encrypt><![CDATA[WKWY1xSJgSw7f4lthGY9Xpuik4bNGiwVFGyQmEejCbSF/cT8/R8EMIt+PARp5Tlgn7U6RcTv9KjZVAK0nwRiuYPruSyuqtb9dYchvFs2SPDEvIftv9Zr07KmztkHNc89ppZeLBoT95LACSdIbuv7wTs7Kx87d+xn/6eDMF4DJbVu9d5bMERkhOYGMDs7GuPf4I8Djs/3hF55zz76hIaDYBqasj7Ev80LPrzKUDoqM5DSZk6GOG1bx9PH/8H+QLNhmW58dNaWAaEDAvh5tMU2dkHNAc/kVYLHmq91EsCjYI81i0tYq+bxQHtzzv6w2XtinFtQ7lHHCMnqUepbYIySLSq0iLK5dLCg07vf1u/vGCiiMDoo3WvSqlZOr5jEN/R/cOVLLyJZFWVg9027HA1CRynFBQkXm7R4G1tk+rX6zmZlfkaos4ab9KqPeOkEmBhmLU1n630r7ah0Fmpik45bCpCqnAMaet/PuiHea+A79d+MiX57EIRd3wZnlmgDKX7U]]></Encrypt><AgentID><![CDATA[1000002]]></AgentID></xml>
2017-11-09 11:24:20.656 [http-apr-8080-exec-8] INFO  com.ray.weixin.qy.service.message.reply.ReplyMessageService - reply_xmlMsg:<xml><ToUserName><![CDATA[ww92f5da92bb24696e]]></ToUserName><FromUserName><![CDATA[ShiRui]]></FromUserName><CreateTime>1510197860</CreateTime><MsgType><![CDATA[event]]></MsgType><AgentID>1000002</AgentID><Event><![CDATA[LOCATION]]></Event><Latitude>31.1676</Latitude><Longitude>121.156</Longitude><Precision>15</Precision></xml>
2017-11-09 11:24:20.660 [http-apr-8080-exec-8] INFO  com.ray.weixin.qy.service.message.reply.ReplyMessageService - fromUserName:ShiRui
2017-11-09 11:24:20.661 [http-apr-8080-exec-8] INFO  com.ray.weixin.qy.service.message.reply.ReplyMessageService - toUserName:ww92f5da92bb24696e
2017-11-09 11:24:20.661 [http-apr-8080-exec-8] INFO  com.ray.weixin.qy.service.message.reply.ReplyMessageService - msgType:event
2017-11-09 11:24:20.661 [http-apr-8080-exec-8] INFO  com.ray.weixin.qy.service.message.reply.ReplyMessageService - Event:LOCATION  eventKey:null
2017-11-09 11:24:25.584 [http-apr-8080-exec-9] INFO  com.ray.weixin.qy.controller.WeiXinServlet - post--------------
2017-11-09 11:24:25.585 [http-apr-8080-exec-9] INFO  com.ray.weixin.qy.service.message.reply.ReplyMessageService - parms:{"msg_signature":["4ead67e7b9341df29f17c34e213b7bf5eae1edfb"],"timestamp":["1510197865"],"nonce":["181738830"]}
2017-11-09 11:24:25.586 [http-apr-8080-exec-9] INFO  com.ray.weixin.qy.service.message.reply.ReplyMessageService - postData:<xml><ToUserName><![CDATA[ww92f5da92bb24696e]]></ToUserName><Encrypt><![CDATA[TL+bCIdz7VqlVCymKqNPZsWxxuK6OazxOeEOyS/cFQvpRiyvbGQpz/e3tBo2RaoG+YjPFy+WZw2Sft/AFnPtH5CDPrfB+948JfJC0YGgR7kWuUMt3ic5eQ0uDx4rOHYULkunzdw9IpePI5zcKZR78HouGWe5JGq0wGLTEi2jTUck3CY+lM6tc1mS0zHQ33F9YHMqPxK+T8KrULcri4XG7+MmSZ9eBy3/OeQPzo0CAmPUw7vqn3rx3NzyxadGhOLEdKWiFLMWAXuPbXvTO8pM/AHIWt1IXVQJ2z2d9aQZi7c1CxFg+KHvfmqZRPOaQtrg3LBpC6Da47ezB/HMQrKkXUSazjoYFZry1oQCGv6nyPukpKq4CUwSqHN0vzd2C4h7DWPZjDaTs+hE2TQgQWlhhP8i6VGwtq4iTqHIw0KDOGz+RCjDO/MkGEKzAdk5P8FXmmbYnxIKUt39BRs7bVQhcFGHL9Nem4jmZPsC5Q8B5PSr1opqumIEL0O5uENYNT43]]></Encrypt><AgentID><![CDATA[1000002]]></AgentID></xml>
2017-11-09 11:24:25.588 [http-apr-8080-exec-9] INFO  com.ray.weixin.qy.service.message.reply.ReplyMessageService - reply_xmlMsg:<xml><ToUserName><![CDATA[ww92f5da92bb24696e]]></ToUserName><FromUserName><![CDATA[ShiRui]]></FromUserName><CreateTime>1510197865</CreateTime><MsgType><![CDATA[event]]></MsgType><AgentID>1000002</AgentID><Event><![CDATA[LOCATION]]></Event><Latitude>31.1676</Latitude><Longitude>121.156</Longitude><Precision>15</Precision></xml>
2017-11-09 11:24:25.591 [http-apr-8080-exec-9] INFO  com.ray.weixin.qy.service.message.reply.ReplyMessageService - fromUserName:ShiRui
2017-11-09 11:24:25.592 [http-apr-8080-exec-9] INFO  com.ray.weixin.qy.service.message.reply.ReplyMessageService - toUserName:ww92f5da92bb24696e
2017-11-09 11:24:25.592 [http-apr-8080-exec-9] INFO  com.ray.weixin.qy.service.message.reply.ReplyMessageService - msgType:event
2017-11-09 11:24:25.592 [http-apr-8080-exec-9] INFO  com.ray.weixin.qy.service.message.reply.ReplyMessageService - Event:LOCATION  eventKey:null
2017-11-09 11:24:30.614 [http-apr-8080-exec-2] INFO  com.ray.weixin.qy.controller.WeiXinServlet - post--------------
2017-11-09 11:24:30.614 [http-apr-8080-exec-2] INFO  com.ray.weixin.qy.service.message.reply.ReplyMessageService - parms:{"msg_signature":["f3bb3d7709d9fa297ff91a452ffcd8e15700dd1b"],"timestamp":["1510197870"],"nonce":["728961745"]}
2017-11-09 11:24:30.614 [http-apr-8080-exec-2] INFO  com.ray.weixin.qy.service.message.reply.ReplyMessageService - postData:<xml><ToUserName><![CDATA[ww92f5da92bb24696e]]></ToUserName><Encrypt><![CDATA[t87rq5zwAobjvhagz/6+ZR7SS77chvFVHqDi/3lG7lm//SNTpZBPNPWHv01KhEkxEskXPtzWbDoVSL8plgNMoBqfNf2eXKwmu9uNT+/jFNPf2HYyLI2h1S/+Kgn0RBMJDHE3CZRAyBfNyKEaIbHaHLzO4fAdbXySsPg+C1R7tJCPzQ7aMFgEOVyYGYdO8xe8WatYyX9Mbo8Cy/MVflKsp/VcMWlEpwjG7pFq3cxE4I9OLHml4MShW6DmTLUFmYceOEIRnJMM+XMfvN6MzOmj5mHwl9He6BTlDTN+DiG/kAqkIt9rTlKkaazJaaa2N6ZsTFcwiKzqjpplqxQlmxhvUqONR3C5Tjz7l0B2RFmqBrG6fwy3IYkEYQ8422TI88fFb2lPFFVo1fASN2lK8E8tpZNx/yiZ61qp44eFAAqrbLzKv2GULj+zljhX5wHnAwvCZ1ZAH4PLa2ooxrPYxAgt9AniIyVYc2611YDrhoGxHzJC+VZYpJeyeiWBR/OwR/yg]]></Encrypt><AgentID><![CDATA[1000002]]></AgentID></xml>
2017-11-09 11:24:30.615 [http-apr-8080-exec-2] INFO  com.ray.weixin.qy.service.message.reply.ReplyMessageService - reply_xmlMsg:<xml><ToUserName><![CDATA[ww92f5da92bb24696e]]></ToUserName><FromUserName><![CDATA[ShiRui]]></FromUserName><CreateTime>1510197870</CreateTime><MsgType><![CDATA[event]]></MsgType><AgentID>1000002</AgentID><Event><![CDATA[LOCATION]]></Event><Latitude>31.1676</Latitude><Longitude>121.156</Longitude><Precision>15</Precision></xml>
2017-11-09 11:24:30.616 [http-apr-8080-exec-2] INFO  com.ray.weixin.qy.service.message.reply.ReplyMessageService - fromUserName:ShiRui
2017-11-09 11:24:30.616 [http-apr-8080-exec-2] INFO  com.ray.weixin.qy.service.message.reply.ReplyMessageService - toUserName:ww92f5da92bb24696e
2017-11-09 11:24:30.616 [http-apr-8080-exec-2] INFO  com.ray.weixin.qy.service.message.reply.ReplyMessageService - msgType:event
2017-11-09 11:24:30.616 [http-apr-8080-exec-2] INFO  com.ray.weixin.qy.service.message.reply.ReplyMessageService - Event:LOCATION  eventKey:null
2017-11-09 11:24:37.095 [http-apr-8080-exec-5] INFO  com.ray.weixin.qy.controller.WeiXinServlet - post--------------
2017-11-09 11:24:37.095 [http-apr-8080-exec-5] INFO  com.ray.weixin.qy.service.message.reply.ReplyMessageService - parms:{"msg_signature":["0074a0893368dbacc8ab786369a76e79c0e0ac53"],"timestamp":["1510197876"],"nonce":["677061096"]}
2017-11-09 11:24:37.096 [http-apr-8080-exec-5] INFO  com.ray.weixin.qy.service.message.reply.ReplyMessageService - postData:<xml><ToUserName><![CDATA[ww92f5da92bb24696e]]></ToUserName><Encrypt><![CDATA[cAMo5uGu4WJQ6oR4ZL8qACIzAq5H8zdwYfUELeNoOF0PHPnN0g6RR+Ebrd6hgvyos3U3YNnDQEtfhAcQptQguqQFa1pSyk+nB27GmWn549swUBUjHScluOMuRur2s8FoA0WR+d14EZivfAMv+BnhqbHxa8YIsafWTD9VWlqjDhT42FNXOdGgModU5+e54ZrYcptX8d9r3UtguUBb793IHBLMFVcok1Y5p3P+y7v8eG9jKX/tWL9e6K2J3c0sl1XyIewUC5VrHV1B4pWHVHAVQssuTfqIo6R8tOBQuczd6DU2PsX1QCFuHhGQ2dj2BLuUO+IpZPVBF6SkYCLH6n7+AFGJBBkloO1eKEBfykXWJbaCjDQ2x860AKqDp5y1YletL5M0Yn9Nakn6jKJ/gBBAAucw80EJXzhdzyG1LZ0mNXx21IcEq3MaLonoIO9THbe5ZqLIfO13Gwv2ikNF1BjkBPgM+vNrMCPC/l7/UwghPI7kfquCNciWEBbMkwC55EDa]]></Encrypt><AgentID><![CDATA[1000002]]></AgentID></xml>
2017-11-09 11:24:37.098 [http-apr-8080-exec-5] INFO  com.ray.weixin.qy.service.message.reply.ReplyMessageService - reply_xmlMsg:<xml><ToUserName><![CDATA[ww92f5da92bb24696e]]></ToUserName><FromUserName><![CDATA[ShiRui]]></FromUserName><CreateTime>1510197876</CreateTime><MsgType><![CDATA[event]]></MsgType><AgentID>1000002</AgentID><Event><![CDATA[LOCATION]]></Event><Latitude>31.1676</Latitude><Longitude>121.156</Longitude><Precision>15</Precision></xml>
2017-11-09 11:24:37.100 [http-apr-8080-exec-5] INFO  com.ray.weixin.qy.service.message.reply.ReplyMessageService - fromUserName:ShiRui
2017-11-09 11:24:37.100 [http-apr-8080-exec-5] INFO  com.ray.weixin.qy.service.message.reply.ReplyMessageService - toUserName:ww92f5da92bb24696e
2017-11-09 11:24:37.100 [http-apr-8080-exec-5] INFO  com.ray.weixin.qy.service.message.reply.ReplyMessageService - msgType:event
2017-11-09 11:24:37.100 [http-apr-8080-exec-5] INFO  com.ray.weixin.qy.service.message.reply.ReplyMessageService - Event:LOCATION  eventKey:null
2017-11-09 11:24:41.020 [http-apr-8080-exec-3] INFO  com.ray.weixin.qy.util.AuthHelper - jsonObject:{"errcode":0,"access_token":"RVUMhaz-QcALWPrIef8VlQayDM5w55oYDw5FrLAax9W4TOLAOXTnChxYEP2-74uxxPT2C9i1I9wewB97GuODOPyN3p7to4_wYWQ3cAQMv-owZeVpxS-gopdSUPHtRFsxqx5m0RnpBhh0BI0DFiUS85FISGwMzmvNvPe6ZvlKrM54gETQx1ZRdVGQSMHVYFzqZBb9C7q_gw-eZZ9u8Kqw4A","errmsg":"ok","expires_in":7200}
2017-11-09 11:24:41.363 [http-apr-8080-exec-3] INFO  com.ray.weixin.qy.util.AuthHelper - jsonObject:{"errcode":0,"ticket":"kgt8ON7yVITDhtdwci0qebCLEfC_BfeygIq8cFPLbdav_wS6aHw3IOuPFhwb5b37fHfTFdS6e23Vb_dbDCjTOg","errmsg":"ok","expires_in":7200}
2017-11-09 11:24:41.364 [http-apr-8080-exec-3] INFO  com.ray.weixin.qy.util.AuthHelper - url:http://rayner.nat300.top/weixin_qy/showInvoice.jsp
2017-11-09 11:24:41.364 [http-apr-8080-exec-3] INFO  com.ray.weixin.qy.util.AuthHelper - accessToken:RVUMhaz-QcALWPrIef8VlQayDM5w55oYDw5FrLAax9W4TOLAOXTnChxYEP2-74uxxPT2C9i1I9wewB97GuODOPyN3p7to4_wYWQ3cAQMv-owZeVpxS-gopdSUPHtRFsxqx5m0RnpBhh0BI0DFiUS85FISGwMzmvNvPe6ZvlKrM54gETQx1ZRdVGQSMHVYFzqZBb9C7q_gw-eZZ9u8Kqw4A
2017-11-09 11:24:41.364 [http-apr-8080-exec-3] INFO  com.ray.weixin.qy.util.AuthHelper - jsapi_ticket:kgt8ON7yVITDhtdwci0qebCLEfC_BfeygIq8cFPLbdav_wS6aHw3IOuPFhwb5b37fHfTFdS6e23Vb_dbDCjTOg
2017-11-09 11:24:41.364 [http-apr-8080-exec-3] INFO  com.ray.weixin.qy.util.AuthHelper - appId:ww92f5da92bb24696e
2017-11-09 11:24:41.365 [http-apr-8080-exec-3] INFO  com.ray.weixin.qy.util.AuthHelper - timestamp:1510197880
2017-11-09 11:24:41.365 [http-apr-8080-exec-3] INFO  com.ray.weixin.qy.util.AuthHelper - nonceStr:426f9a86-28b1-46b8-9b08-ca732e51350f
2017-11-09 11:24:41.365 [http-apr-8080-exec-3] INFO  com.ray.weixin.qy.util.AuthHelper - signature:0ce42c6a6e1d3262ea53a5d97b0c796109243de3
2017-11-09 11:24:41.365 [http-apr-8080-exec-3] INFO  com.ray.weixin.qy.util.AuthHelper - configValue:{"signature":"0ce42c6a6e1d3262ea53a5d97b0c796109243de3","appId":"ww92f5da92bb24696e","nonceStr":"426f9a86-28b1-46b8-9b08-ca732e51350f","timestamp":"1510197880"}
2017-11-09 11:24:41.615 [http-apr-8080-exec-3] INFO  com.ray.weixin.qy.util.AuthHelper - jsonObject:{"errcode":0,"access_token":"RVUMhaz-QcALWPrIef8VlQayDM5w55oYDw5FrLAax9W4TOLAOXTnChxYEP2-74uxxPT2C9i1I9wewB97GuODOPyN3p7to4_wYWQ3cAQMv-owZeVpxS-gopdSUPHtRFsxqx5m0RnpBhh0BI0DFiUS85FISGwMzmvNvPe6ZvlKrM54gETQx1ZRdVGQSMHVYFzqZBb9C7q_gw-eZZ9u8Kqw4A","errmsg":"ok","expires_in":7200}
2017-11-09 11:24:41.664 [http-apr-8080-exec-3] INFO  com.ray.weixin.qy.util.AuthHelper - 获取授权页ticket失败
2017-11-09 11:24:41.664 [http-apr-8080-exec-3] INFO  com.ray.weixin.qy.util.AuthHelper - 获取发票签名失败
2017-11-09 11:24:41.664 [http-apr-8080-exec-3] INFO  com.ray.weixin.qy.util.AuthHelper - apiTicket:null
2017-11-09 11:24:41.665 [http-apr-8080-exec-3] INFO  com.ray.weixin.qy.util.AuthHelper - appId:ww92f5da92bb24696e
2017-11-09 11:24:41.665 [http-apr-8080-exec-3] INFO  com.ray.weixin.qy.util.AuthHelper - timeStamp:1510197881
2017-11-09 11:24:41.665 [http-apr-8080-exec-3] INFO  com.ray.weixin.qy.util.AuthHelper - nonceStr:dd132017-9ea2-42c1-96e0-78f70f94e0fc
2017-11-09 11:24:41.665 [http-apr-8080-exec-3] INFO  com.ray.weixin.qy.util.AuthHelper - cardType:INVOICE
2017-11-09 11:24:41.665 [http-apr-8080-exec-3] INFO  com.ray.weixin.qy.util.AuthHelper - cardSign:null
2017-11-09 11:24:41.665 [http-apr-8080-exec-3] INFO  com.ray.weixin.qy.util.AuthHelper - signType:SHA1
2017-11-09 11:24:41.665 [http-apr-8080-exec-3] INFO  com.ray.weixin.qy.util.AuthHelper - configValue:{"signType":"SHA1","nonceStr":"dd132017-9ea2-42c1-96e0-78f70f94e0fc","timestamp":"1510197881"}
2017-11-09 11:24:42.461 [http-apr-8080-exec-7] INFO  com.ray.weixin.qy.controller.WeiXinServlet - post--------------
2017-11-09 11:24:42.461 [http-apr-8080-exec-7] INFO  com.ray.weixin.qy.service.message.reply.ReplyMessageService - parms:{"msg_signature":["a38a0e0acdb7fc804fbca9f2d0fdddd10ef8d41e"],"timestamp":["1510197881"],"nonce":["17451433"]}
2017-11-09 11:24:42.461 [http-apr-8080-exec-7] INFO  com.ray.weixin.qy.service.message.reply.ReplyMessageService - postData:<xml><ToUserName><![CDATA[ww92f5da92bb24696e]]></ToUserName><Encrypt><![CDATA[421zdIJ91lAIi1BT1GukgONqekTCMmwj+i+v0787lThGw0j2M5Y/wEcaAFcgIQAGbZeXJM9sJjvt0YKvD1m+sWnxbCPKIyDZGRqu188HZ53ICix+Gy5tjqVky7LarP4ZRryj+df7OcNwjwG+rcJfU6fX8I8VsR/GOhFkWijZYcpl/GIHzo3ht3vxlDeCK0zwEIE8B+XDmg7xgNfIkKGSMFvXsrrqc3RaZhPC7ivTyCWltb95EaC+8UN1uUbsWr4BKozqQ0waJUTCsnT46v4NVg+CsgHSc5ccrQ8stplCkhYGb7oBoZDpGy3wn2lgDEaM6Okl+p76QFbHLSBXd/lZQYnyTLcVzdI3tSoTmsrAgE4Xc+Yik63nABzQvrf+G8ZFRVj5fB+LPXSmgMk5YsoDpszLiARpizigYGn6Z9whPf3nw+A0zq+a8X2dxtKDbOXI+j7dKGpiHIrtxjy17Hs05m3ZMeJIlPNeFIrRXsKVpHA2tZI/9lAewJGeoZCB6Cht]]></Encrypt><AgentID><![CDATA[1000002]]></AgentID></xml>
2017-11-09 11:24:42.463 [http-apr-8080-exec-7] INFO  com.ray.weixin.qy.service.message.reply.ReplyMessageService - reply_xmlMsg:<xml><ToUserName><![CDATA[ww92f5da92bb24696e]]></ToUserName><FromUserName><![CDATA[ShiRui]]></FromUserName><CreateTime>1510197881</CreateTime><MsgType><![CDATA[event]]></MsgType><AgentID>1000002</AgentID><Event><![CDATA[LOCATION]]></Event><Latitude>31.1676</Latitude><Longitude>121.156</Longitude><Precision>15</Precision></xml>
2017-11-09 11:24:42.464 [http-apr-8080-exec-7] INFO  com.ray.weixin.qy.service.message.reply.ReplyMessageService - fromUserName:ShiRui
2017-11-09 11:24:42.464 [http-apr-8080-exec-7] INFO  com.ray.weixin.qy.service.message.reply.ReplyMessageService - toUserName:ww92f5da92bb24696e
2017-11-09 11:24:42.464 [http-apr-8080-exec-7] INFO  com.ray.weixin.qy.service.message.reply.ReplyMessageService - msgType:event
2017-11-09 11:24:42.464 [http-apr-8080-exec-7] INFO  com.ray.weixin.qy.service.message.reply.ReplyMessageService - Event:LOCATION  eventKey:null
2017-11-09 11:24:47.287 [http-apr-8080-exec-10] INFO  com.ray.weixin.qy.controller.WeiXinServlet - post--------------
2017-11-09 11:24:47.287 [http-apr-8080-exec-10] INFO  com.ray.weixin.qy.service.message.reply.ReplyMessageService - parms:{"msg_signature":["21714ef6a36e47f7563b0de4c4db374c3c772149"],"timestamp":["1510197886"],"nonce":["892250707"]}
2017-11-09 11:24:47.288 [http-apr-8080-exec-10] INFO  com.ray.weixin.qy.service.message.reply.ReplyMessageService - postData:<xml><ToUserName><![CDATA[ww92f5da92bb24696e]]></ToUserName><Encrypt><![CDATA[PfWdZ7tYDSd7a3u+DNXhM5Pe95oZnyPBZa/Csd0vZ4JTCBFFFcKwEo1/QSt6BnST0u8IXFEIAZXUoTuC0sFQQGjn9UJ3kbXnvAB/qibQ42SWYurhLJxuL2nB8EvjTT2G0hCe015HQojql6dLj3kud7m1OMcWFlJPfTQnlZrprSsRQQkbvYS8nPfx064ilnWFwUb8gCFPDkxGwPkW2G1/fcn0y7f4NXI/nMWOJ9jf0KC9v9wHM6e/04oF8Dr/6c7IoKnsFRlZs9bf/DujiquWl8/hwtAQM4Nt2c+O8b0EyZSG1Z+b9PzNaKJBafnF00BET36z01V7/6fYi0ZZ81AXc3ebvbl/HXokbawwUTQa8czumdTdD/l6pmzHPR7pbdVI92rWz3mYGzHwNz/2K69ThdwIV3N5LcD5rEwuF2s4Kz2V+MN1Opy8dKA/oTtgQj7/3tqV/lpd6mRwIgMcNkpbJba6N+JjzI5KLzldYbHaEJW5bXP4sUW9OMB9LtrOy/qm]]></Encrypt><AgentID><![CDATA[1000002]]></AgentID></xml>
2017-11-09 11:24:47.289 [http-apr-8080-exec-10] INFO  com.ray.weixin.qy.service.message.reply.ReplyMessageService - reply_xmlMsg:<xml><ToUserName><![CDATA[ww92f5da92bb24696e]]></ToUserName><FromUserName><![CDATA[ShiRui]]></FromUserName><CreateTime>1510197886</CreateTime><MsgType><![CDATA[event]]></MsgType><AgentID>1000002</AgentID><Event><![CDATA[LOCATION]]></Event><Latitude>31.1676</Latitude><Longitude>121.156</Longitude><Precision>15</Precision></xml>
2017-11-09 11:24:47.290 [http-apr-8080-exec-10] INFO  com.ray.weixin.qy.service.message.reply.ReplyMessageService - fromUserName:ShiRui
2017-11-09 11:24:47.290 [http-apr-8080-exec-10] INFO  com.ray.weixin.qy.service.message.reply.ReplyMessageService - toUserName:ww92f5da92bb24696e
2017-11-09 11:24:47.290 [http-apr-8080-exec-10] INFO  com.ray.weixin.qy.service.message.reply.ReplyMessageService - msgType:event
2017-11-09 11:24:47.290 [http-apr-8080-exec-10] INFO  com.ray.weixin.qy.service.message.reply.ReplyMessageService - Event:LOCATION  eventKey:null
2017-11-09 11:24:52.184 [http-apr-8080-exec-1] INFO  com.ray.weixin.qy.controller.WeiXinServlet - post--------------
2017-11-09 11:24:52.184 [http-apr-8080-exec-1] INFO  com.ray.weixin.qy.service.message.reply.ReplyMessageService - parms:{"msg_signature":["1dd5211ff30b18705c3e51f8aceca945a827f197"],"timestamp":["1510197891"],"nonce":["33232565"]}
2017-11-09 11:24:52.185 [http-apr-8080-exec-1] INFO  com.ray.weixin.qy.service.message.reply.ReplyMessageService - postData:<xml><ToUserName><![CDATA[ww92f5da92bb24696e]]></ToUserName><Encrypt><![CDATA[Lrj2auS8s28jE6xKqN7f7++viPSYzIyX0lQ9nSQ/oJ59NBygVYpkz401y3Jcm1W4OxrT3mTcWHIOhoYkol/P0lmYvm+zaPRWt9gdqayx2TFTahIcOaZI+IMHhGsfHqwKBvh3L7HQT7x3L6Ll3TNA+ffIdjWhtcC5MBNs+E2ntAL4linZL9lT+hP5G3+h0PHr50yZtwyWQ0bq7vdaxX/god2pOnW/x/KnDG02t7CctTM9bwxDKoHcM16ZnpIQEfnAnmscGBOE4cC77DOKADVmbM0xbVRiBmQNY+mhsmmOSxs5fER9ywGnodDE7lY6TKDwZkW3eNinFrI0wh8u3gyuG1ER83uoJhJPgNBt3XW8y2XDVCCv7NqJggZ0m2PCOL62swi74RHATrWqoPB2wpn1FHDqmT2O+1OVYguIjtkiNLBZzxEB3gVddTtZPyRnrvPAbcwauL1AeoA6YvtZLZXrSrCxcVSKyaVS4fnhUgKmndImnzdcZUnXv3jZZkThAiNs]]></Encrypt><AgentID><![CDATA[1000002]]></AgentID></xml>
2017-11-09 11:24:52.189 [http-apr-8080-exec-1] INFO  com.ray.weixin.qy.service.message.reply.ReplyMessageService - reply_xmlMsg:<xml><ToUserName><![CDATA[ww92f5da92bb24696e]]></ToUserName><FromUserName><![CDATA[ShiRui]]></FromUserName><CreateTime>1510197891</CreateTime><MsgType><![CDATA[event]]></MsgType><AgentID>1000002</AgentID><Event><![CDATA[LOCATION]]></Event><Latitude>31.1676</Latitude><Longitude>121.156</Longitude><Precision>15</Precision></xml>
2017-11-09 11:24:52.193 [http-apr-8080-exec-1] INFO  com.ray.weixin.qy.service.message.reply.ReplyMessageService - fromUserName:ShiRui
2017-11-09 11:24:52.193 [http-apr-8080-exec-1] INFO  com.ray.weixin.qy.service.message.reply.ReplyMessageService - toUserName:ww92f5da92bb24696e
2017-11-09 11:24:52.193 [http-apr-8080-exec-1] INFO  com.ray.weixin.qy.service.message.reply.ReplyMessageService - msgType:event
2017-11-09 11:24:52.193 [http-apr-8080-exec-1] INFO  com.ray.weixin.qy.service.message.reply.ReplyMessageService - Event:LOCATION  eventKey:null
2017-11-09 11:24:57.268 [http-apr-8080-exec-4] INFO  com.ray.weixin.qy.controller.WeiXinServlet - post--------------
2017-11-09 11:24:57.268 [http-apr-8080-exec-4] INFO  com.ray.weixin.qy.service.message.reply.ReplyMessageService - parms:{"msg_signature":["39507db04bb292e431e0f034882a8590e677155f"],"timestamp":["1510197896"],"nonce":["576025982"]}
2017-11-09 11:24:57.268 [http-apr-8080-exec-4] INFO  com.ray.weixin.qy.service.message.reply.ReplyMessageService - postData:<xml><ToUserName><![CDATA[ww92f5da92bb24696e]]></ToUserName><Encrypt><![CDATA[iu6n/+4FguH0En5JhkNb6k8k2hFMOXuuvdE7Px+AHPwk989MvmuNg5pourb2roprd4qBqFZmAFMWFbAy/j6pg+NAhd+mdP9gtoabmgEV9LyYv943/7/ZsSAtG5fV91363qePAXKpbFjCmxSuH59nH2srERzdYLlUfsRi1vXkxRBZr5VxmIr1lP+ntbTKucYozAkxXP/OvgyKXkVRl2Aeuz4oX57oRhW2rZb5gPtypYxJyBT7//f5dVVamuXcsOKdLXB/5udMibqfkWSWTZSf2Ju9NFbN2HzX1BqbOg6an/GwmgM7WjIT93sWi41gPBypC51Fm3eNceBsx180W9/4RXqq5nfHgSPQP0+vBT2N5OxCgmVEk6hwbnJs/DBPJeowv+KSUp9EQZcicsn12mdxuPf7L5bFZJqLlpYfAO8DPHsDlaQ+kAIU2TJp6yRALWkVCvM8FPCozbAnu2PCyEgBTvpPuM9jxI+tAv0rDu/pTrWtUV4xWYT08y6FVJzqvuBU]]></Encrypt><AgentID><![CDATA[1000002]]></AgentID></xml>
2017-11-09 11:24:57.270 [http-apr-8080-exec-4] INFO  com.ray.weixin.qy.service.message.reply.ReplyMessageService - reply_xmlMsg:<xml><ToUserName><![CDATA[ww92f5da92bb24696e]]></ToUserName><FromUserName><![CDATA[ShiRui]]></FromUserName><CreateTime>1510197896</CreateTime><MsgType><![CDATA[event]]></MsgType><AgentID>1000002</AgentID><Event><![CDATA[LOCATION]]></Event><Latitude>31.1676</Latitude><Longitude>121.156</Longitude><Precision>15</Precision></xml>
2017-11-09 11:24:57.271 [http-apr-8080-exec-4] INFO  com.ray.weixin.qy.service.message.reply.ReplyMessageService - fromUserName:ShiRui
2017-11-09 11:24:57.271 [http-apr-8080-exec-4] INFO  com.ray.weixin.qy.service.message.reply.ReplyMessageService - toUserName:ww92f5da92bb24696e
2017-11-09 11:24:57.271 [http-apr-8080-exec-4] INFO  com.ray.weixin.qy.service.message.reply.ReplyMessageService - msgType:event
2017-11-09 11:24:57.271 [http-apr-8080-exec-4] INFO  com.ray.weixin.qy.service.message.reply.ReplyMessageService - Event:LOCATION  eventKey:null
