2017-11-08 23:28:00.671 [http-apr-8080-exec-1] INFO  com.ray.weixin.qy.controller.WeiXinServlet - post--------------
2017-11-08 23:28:00.675 [http-apr-8080-exec-1] INFO  com.ray.weixin.qy.service.message.reply.ReplyMessageService - parms:{"msg_signature":["1d6742dc694a0289da674c00afded4a03e7e3879"],"timestamp":["1510154880"],"nonce":["30555846"]}
2017-11-08 23:28:00.675 [http-apr-8080-exec-1] INFO  com.ray.weixin.qy.service.message.reply.ReplyMessageService - postData:<xml><ToUserName><![CDATA[ww92f5da92bb24696e]]></ToUserName><Encrypt><![CDATA[SAGpupVotI9U799c/gwVBdJrw4kRAhYaeKr3oqK5fGqbvXrxF0u4AP44ay+aNjKHkmTUL6LrVv0J3ipgP0DEhnQhxpF82D1sKtYoaWOE3p87aYxebhr4sjpMUb3DtDU5P5Z+mbzX7LGni+GZBvbCIX8uFOSG6/2n7LpN3TRYpfBUkKcR6ll3Nyq54xc3NxukZTGLUpGLvWTMwPgh9VItbj0oedxWw+1eP9UQbQUzt/xHaAt6mM90DmXEcHqsO9MFq4GhsmNzVTCy9/VgLh1DmNdBmsp6asqR5R/c0R53CYvQXskLwerJ7liW4NYy4ZfZpTHA9eQepTvo/yb4ShXMaIDcMk2JbkyBaxx0XSJqbJjEr5UevcggurlrIko42DyYtSGeLn3Cl1GZI53Jm0QGlFxPWJr03pNjVyWD132FBZDhZnsCUK5++rdg7TvHdCotd6keVgPGcbv6cjvIFRZ/hbf+zCouN3GqmZ/GujrxTMotAWMOoKQMfz8ieMLRo2xC]]></Encrypt><AgentID><![CDATA[1000002]]></AgentID></xml>
2017-11-08 23:28:00.677 [http-apr-8080-exec-1] INFO  com.ray.weixin.qy.service.message.reply.ReplyMessageService - reply_xmlMsg:<xml><ToUserName><![CDATA[ww92f5da92bb24696e]]></ToUserName><FromUserName><![CDATA[ShiRui]]></FromUserName><CreateTime>1510154880</CreateTime><MsgType><![CDATA[event]]></MsgType><AgentID>1000002</AgentID><Event><![CDATA[LOCATION]]></Event><Latitude>31.1615</Latitude><Longitude>121.142</Longitude><Precision>15</Precision></xml>
2017-11-08 23:28:00.678 [http-apr-8080-exec-1] INFO  com.ray.weixin.qy.service.message.reply.ReplyMessageService - fromUserName:ShiRui
2017-11-08 23:28:00.678 [http-apr-8080-exec-1] INFO  com.ray.weixin.qy.service.message.reply.ReplyMessageService - toUserName:ww92f5da92bb24696e
2017-11-08 23:28:00.678 [http-apr-8080-exec-1] INFO  com.ray.weixin.qy.service.message.reply.ReplyMessageService - msgType:event
2017-11-08 23:28:00.678 [http-apr-8080-exec-1] INFO  com.ray.weixin.qy.service.message.reply.ReplyMessageService - Event:LOCATION  eventKey:null
2017-11-08 23:28:02.556 [http-apr-8080-exec-6] INFO  com.ray.weixin.qy.controller.WeiXinServlet - post--------------
2017-11-08 23:28:02.558 [http-apr-8080-exec-6] INFO  com.ray.weixin.qy.service.message.reply.ReplyMessageService - parms:{"msg_signature":["bc2d27117ccca280b623e470e31fdde935544359"],"timestamp":["1510154882"],"nonce":["1433290091"]}
2017-11-08 23:28:02.560 [http-apr-8080-exec-6] INFO  com.ray.weixin.qy.service.message.reply.ReplyMessageService - postData:<xml><ToUserName><![CDATA[ww92f5da92bb24696e]]></ToUserName><Encrypt><![CDATA[EKrr00J47vUcaG5r/MKRK3ZykkofVwar6YsMR7MNFNOZnGYYrYzDi4VSAgkERNwwCzI+Jy1/NWQtZwqbOzwlIP8ABQ3gdQxrCB4w/UcaPrTMVTCF5sLkxfpy3aJ/I9Z6BOcNM2+dVHwXQaWsDs9qN/xtkHG2vrRXFqml8hPx+CGYs5LCvzG0TZcz1EU7h0PkjDIoAjz3eKlw/PpT6U8oJqb8U23YETC3Le2qtacECiceaQffGbmmHKROLCjUT9zVFpxdmqJfp5FCE/hIlc3+RoHdfqx0v9ZhB0VnSOtRxPmvniGakpDKJvbYChhAY/XFThLykT4+OyUIh0am4tj1EtRdCAJy9oZc3IaEKaxZgC86TuTYEJ01teanamH9P4jPM5UL6aPryA9cpnzXYi20pUfZb9BKLEYXJH/vEE/07BnQLhNWUc+Jf1pmpm1mPr1wqpJdI8qmOrZVLWP70Z/RnfBlVvFrw1rzTHEWvFCEgsvj9rUTFGHcEwww4NzsrFH5]]></Encrypt><AgentID><![CDATA[1000002]]></AgentID></xml>
2017-11-08 23:28:02.563 [http-apr-8080-exec-6] INFO  com.ray.weixin.qy.service.message.reply.ReplyMessageService - reply_xmlMsg:<xml><ToUserName><![CDATA[ww92f5da92bb24696e]]></ToUserName><FromUserName><![CDATA[ShiRui]]></FromUserName><CreateTime>1510154881</CreateTime><MsgType><![CDATA[event]]></MsgType><AgentID>1000002</AgentID><Event><![CDATA[view]]></Event><EventKey><![CDATA[http://rayner.nat300.top/weixin_qy/showInvoice.jsp]]></EventKey></xml>
2017-11-08 23:28:02.565 [http-apr-8080-exec-6] INFO  com.ray.weixin.qy.service.message.reply.ReplyMessageService - fromUserName:ShiRui
2017-11-08 23:28:02.565 [http-apr-8080-exec-6] INFO  com.ray.weixin.qy.service.message.reply.ReplyMessageService - toUserName:ww92f5da92bb24696e
2017-11-08 23:28:02.565 [http-apr-8080-exec-6] INFO  com.ray.weixin.qy.service.message.reply.ReplyMessageService - msgType:event
2017-11-08 23:28:02.566 [http-apr-8080-exec-6] INFO  com.ray.weixin.qy.service.message.reply.ReplyMessageService - Event:view  eventKey:http://rayner.nat300.top/weixin_qy/showInvoice.jsp
2017-11-08 23:28:02.752 [http-apr-8080-exec-2] INFO  com.ray.weixin.qy.util.AuthHelper - jsonObject:{"errcode":0,"access_token":"jORltodFeBunX9qqOO3onXWetm4IxpVxpNJavkw2Rp8nfwtnxZJtpDnPsV-YAgupxOQ52Borm867Vad7SzidjldD7pJyNtj_H0AFB_I_Ny3JcQ2Xxjimj3ynq8LsRhO6jQcKTmsEKhvkjB8FEYrxc76uNhmElBN7FqQzU_2K2-qLp3gO6IFyj0XAZWN5DbN79D1FX77DDJRIc4yhJ4fhZw","errmsg":"","expires_in":7200}
2017-11-08 23:28:03.169 [http-apr-8080-exec-2] INFO  com.ray.weixin.qy.util.AuthHelper - jsonObject:{"errcode":0,"ticket":"kgt8ON7yVITDhtdwci0qebCLEfC_BfeygIq8cFPLbdYRC-Gx-GGzO1qGlOtHzGsquk0FMt_T3dkjox8FKLfdsg","errmsg":"ok","expires_in":7200}
2017-11-08 23:28:03.170 [http-apr-8080-exec-2] INFO  com.ray.weixin.qy.util.AuthHelper - url:http://rayner.nat300.top/weixin_qy/showInvoice.jsp
2017-11-08 23:28:03.171 [http-apr-8080-exec-2] INFO  com.ray.weixin.qy.util.AuthHelper - accessToken:jORltodFeBunX9qqOO3onXWetm4IxpVxpNJavkw2Rp8nfwtnxZJtpDnPsV-YAgupxOQ52Borm867Vad7SzidjldD7pJyNtj_H0AFB_I_Ny3JcQ2Xxjimj3ynq8LsRhO6jQcKTmsEKhvkjB8FEYrxc76uNhmElBN7FqQzU_2K2-qLp3gO6IFyj0XAZWN5DbN79D1FX77DDJRIc4yhJ4fhZw
2017-11-08 23:28:03.171 [http-apr-8080-exec-2] INFO  com.ray.weixin.qy.util.AuthHelper - jsapi_ticket:kgt8ON7yVITDhtdwci0qebCLEfC_BfeygIq8cFPLbdYRC-Gx-GGzO1qGlOtHzGsquk0FMt_T3dkjox8FKLfdsg
2017-11-08 23:28:03.171 [http-apr-8080-exec-2] INFO  com.ray.weixin.qy.util.AuthHelper - appId:ww92f5da92bb24696e
2017-11-08 23:28:03.171 [http-apr-8080-exec-2] INFO  com.ray.weixin.qy.util.AuthHelper - timestamp:1510154882
2017-11-08 23:28:03.172 [http-apr-8080-exec-2] INFO  com.ray.weixin.qy.util.AuthHelper - nonceStr:41597835-09a3-44f5-8fb1-6923b6e15850
2017-11-08 23:28:03.172 [http-apr-8080-exec-2] INFO  com.ray.weixin.qy.util.AuthHelper - signature:ee38dd98f971658080fedd482158ba67176c9ecc
2017-11-08 23:28:03.172 [http-apr-8080-exec-2] INFO  com.ray.weixin.qy.util.AuthHelper - configValue:{"signature":"ee38dd98f971658080fedd482158ba67176c9ecc","appId":"ww92f5da92bb24696e","nonceStr":"41597835-09a3-44f5-8fb1-6923b6e15850","timestamp":"1510154882"}
2017-11-08 23:28:05.477 [http-apr-8080-exec-9] INFO  com.ray.weixin.qy.controller.WeiXinServlet - post--------------
2017-11-08 23:28:05.478 [http-apr-8080-exec-9] INFO  com.ray.weixin.qy.service.message.reply.ReplyMessageService - parms:{"msg_signature":["8231fe441f220a84168a6bab81d32cfe6f9ebb52"],"timestamp":["1510154884"],"nonce":["36448405"]}
2017-11-08 23:28:05.479 [http-apr-8080-exec-9] INFO  com.ray.weixin.qy.service.message.reply.ReplyMessageService - postData:<xml><ToUserName><![CDATA[ww92f5da92bb24696e]]></ToUserName><Encrypt><![CDATA[fL3DCvtLbYDyisbSNJjHoGU//wd63IWaw8qvsNQESFnkKPk5Er8LRzWWXvEAf9jCejlFRYo5b3wo+NeYqXGOjPoINe2+IFD2t3Y+XOnpKB/wYWcmv4S1fjzKFy5OBKr7aDQ2NdNHth8OF9Kh2fWZx9JpDJUoFwXeYYyMYk45TweISCdyEUMbOcs+VinONH6eqUbmaLipcsz2U2minRgsLLdHGqtDOZRFgbv0zx9aV2Ui86cONYDclLur19P/7DNsonky4Ve0YtV+AAMvEzL9DWPapEumqqIP3+Fk/wqJSCBKpRn4Op1qxrdik53ecp9+oTrCewZrbEAbbVdnemb6R04OoqDQqzyg38KNLr67NS6rPp9j/st9jjbrAjHDsYGA1EGlOeh++vnjtgXwideqI1q1/ZIVyn7Y42X0hb/pn2iehNls/3LY9zH0DFSBxlw7+li8M80ZpXOu+QiPhKW/5NoZHSR+VT9DPSRG7NYKL6In4ScuUlLav3dbXMToSRAL]]></Encrypt><AgentID><![CDATA[1000002]]></AgentID></xml>
2017-11-08 23:28:05.483 [http-apr-8080-exec-9] INFO  com.ray.weixin.qy.service.message.reply.ReplyMessageService - reply_xmlMsg:<xml><ToUserName><![CDATA[ww92f5da92bb24696e]]></ToUserName><FromUserName><![CDATA[ShiRui]]></FromUserName><CreateTime>1510154884</CreateTime><MsgType><![CDATA[event]]></MsgType><AgentID>1000002</AgentID><Event><![CDATA[LOCATION]]></Event><Latitude>31.1615</Latitude><Longitude>121.142</Longitude><Precision>15</Precision></xml>
2017-11-08 23:28:05.486 [http-apr-8080-exec-9] INFO  com.ray.weixin.qy.service.message.reply.ReplyMessageService - fromUserName:ShiRui
2017-11-08 23:28:05.486 [http-apr-8080-exec-9] INFO  com.ray.weixin.qy.service.message.reply.ReplyMessageService - toUserName:ww92f5da92bb24696e
2017-11-08 23:28:05.487 [http-apr-8080-exec-9] INFO  com.ray.weixin.qy.service.message.reply.ReplyMessageService - msgType:event
2017-11-08 23:28:05.487 [http-apr-8080-exec-9] INFO  com.ray.weixin.qy.service.message.reply.ReplyMessageService - Event:LOCATION  eventKey:null
2017-11-08 23:28:10.747 [http-apr-8080-exec-8] INFO  com.ray.weixin.qy.controller.WeiXinServlet - post--------------
2017-11-08 23:28:10.748 [http-apr-8080-exec-8] INFO  com.ray.weixin.qy.service.message.reply.ReplyMessageService - parms:{"msg_signature":["7bfb72ff95e5793e959023f006b173d9a07777e3"],"timestamp":["1510154890"],"nonce":["747601170"]}
2017-11-08 23:28:10.750 [http-apr-8080-exec-8] INFO  com.ray.weixin.qy.service.message.reply.ReplyMessageService - postData:<xml><ToUserName><![CDATA[ww92f5da92bb24696e]]></ToUserName><Encrypt><![CDATA[kKODrSwbkcoEYIdbunGOiAsZKUzx7tpnPO6X4U7v+r4o+eLb2mvWw8gVNLLUikLkMQw7o4Lquh/xSe2Fph6VlvbPAuehmZnCxMAecPWPkSMuR0JdwdzClJFyUH4P25v6um6ro4RGQxqKfdiWaWQcjdMGv0Ufp/APhe+PXpu85HlIE+ajW4ULNoXJqkJ4uQPflK5pVvWi8ID8E2aSG9PYFAHC3wj+Xbjd3oNjxgC5kvDH5dX9tTuM6pOW0enwMIy9FDjS9A7vCArxhNQzydohRpkNEyXglwnNcGjnIcJ0Mlz4TzN3dtQCRj9PJSmfsbEOcIFTVHA4o8+EVs9O8qXheRxGP1vtqVceNuOBrVutCjaQI3T4BTrl3dCURa6qK06rJLcrnx92NUOD48nEMSyv4nKlyHyDfJ3jvCFscAzlUgcvDfrwgmteka7aRQ9/+GkGrnqhZGDQrbry55j7Q/QFWUlieEZMBErjezXWD+hLGe5YRchIIlW1yAotUH9oxoWS]]></Encrypt><AgentID><![CDATA[1000002]]></AgentID></xml>
2017-11-08 23:28:10.755 [http-apr-8080-exec-8] INFO  com.ray.weixin.qy.service.message.reply.ReplyMessageService - reply_xmlMsg:<xml><ToUserName><![CDATA[ww92f5da92bb24696e]]></ToUserName><FromUserName><![CDATA[ShiRui]]></FromUserName><CreateTime>1510154890</CreateTime><MsgType><![CDATA[event]]></MsgType><AgentID>1000002</AgentID><Event><![CDATA[LOCATION]]></Event><Latitude>31.1615</Latitude><Longitude>121.142</Longitude><Precision>15</Precision></xml>
2017-11-08 23:28:10.758 [http-apr-8080-exec-8] INFO  com.ray.weixin.qy.service.message.reply.ReplyMessageService - fromUserName:ShiRui
2017-11-08 23:28:10.758 [http-apr-8080-exec-8] INFO  com.ray.weixin.qy.service.message.reply.ReplyMessageService - toUserName:ww92f5da92bb24696e
2017-11-08 23:28:10.759 [http-apr-8080-exec-8] INFO  com.ray.weixin.qy.service.message.reply.ReplyMessageService - msgType:event
2017-11-08 23:28:10.759 [http-apr-8080-exec-8] INFO  com.ray.weixin.qy.service.message.reply.ReplyMessageService - Event:LOCATION  eventKey:null
2017-11-08 23:28:15.427 [http-apr-8080-exec-6] INFO  com.ray.weixin.qy.controller.WeiXinServlet - post--------------
2017-11-08 23:28:15.428 [http-apr-8080-exec-6] INFO  com.ray.weixin.qy.service.message.reply.ReplyMessageService - parms:{"msg_signature":["56c412e2e54d97f66c745538cd933bca88f64405"],"timestamp":["1510154894"],"nonce":["2088536093"]}
2017-11-08 23:28:15.428 [http-apr-8080-exec-6] INFO  com.ray.weixin.qy.service.message.reply.ReplyMessageService - postData:<xml><ToUserName><![CDATA[ww92f5da92bb24696e]]></ToUserName><Encrypt><![CDATA[CjGqEcSM2wE6RQJlEyTP0QoVSB3dxUw/1TcAPEjL5kQuBdDFkSfVylZyOjdlV+4loWxHYhdIOY6XCCtQm4FotULtxSX28y6apfTB/8+ZSGL4LV+r0f+0VXrA6JPJxHYIbBiML3st6fQJtU3DQLdcKiNI/uv4mpHpqxpLCjgGHb9i7Kd+aWfv6jLeAH0Y2E2FvN991PPcSvXfioVX3HY2t2yIiIaNL3oAaRocJdW4iIPFesRGiCuZIpdZ6VzaNj02iKjJJ1e9WVfk2/3l80ElOdFrxo5yI6Os1kRHqSy3R1OjbE0GnyGW6kJmqm9Dr4ttegPXn5afddAKjvI3w6MYK5YQ0Qg1xQt9nKgQMLYb0lJHKo1NQ+TsEMvrHaiAj+LTsgm0WPwOT2W2H5riU61Of/x4hLs7w/1/sfOBaGvxgMrRDGZBrmbG9sJ/Uwy6ifMSwtDL1FvMeDsBUQDCj0FHiuyECXAV1G0ej+7g4PB7fUx02kg0j5y3ws40EMJHn44L]]></Encrypt><AgentID><![CDATA[1000002]]></AgentID></xml>
2017-11-08 23:28:15.430 [http-apr-8080-exec-6] INFO  com.ray.weixin.qy.service.message.reply.ReplyMessageService - reply_xmlMsg:<xml><ToUserName><![CDATA[ww92f5da92bb24696e]]></ToUserName><FromUserName><![CDATA[ShiRui]]></FromUserName><CreateTime>1510154894</CreateTime><MsgType><![CDATA[event]]></MsgType><AgentID>1000002</AgentID><Event><![CDATA[LOCATION]]></Event><Latitude>31.1615</Latitude><Longitude>121.142</Longitude><Precision>15</Precision></xml>
2017-11-08 23:28:15.431 [http-apr-8080-exec-6] INFO  com.ray.weixin.qy.service.message.reply.ReplyMessageService - fromUserName:ShiRui
2017-11-08 23:28:15.432 [http-apr-8080-exec-6] INFO  com.ray.weixin.qy.service.message.reply.ReplyMessageService - toUserName:ww92f5da92bb24696e
2017-11-08 23:28:15.432 [http-apr-8080-exec-6] INFO  com.ray.weixin.qy.service.message.reply.ReplyMessageService - msgType:event
2017-11-08 23:28:15.432 [http-apr-8080-exec-6] INFO  com.ray.weixin.qy.service.message.reply.ReplyMessageService - Event:LOCATION  eventKey:null
2017-11-08 23:28:20.468 [http-apr-8080-exec-7] INFO  com.ray.weixin.qy.controller.WeiXinServlet - post--------------
2017-11-08 23:28:20.469 [http-apr-8080-exec-7] INFO  com.ray.weixin.qy.service.message.reply.ReplyMessageService - parms:{"msg_signature":["710fa30fa7da20557ddf702a58a93ac55443b7eb"],"timestamp":["1510154899"],"nonce":["43343295"]}
2017-11-08 23:28:20.470 [http-apr-8080-exec-7] INFO  com.ray.weixin.qy.service.message.reply.ReplyMessageService - postData:<xml><ToUserName><![CDATA[ww92f5da92bb24696e]]></ToUserName><Encrypt><![CDATA[hRJvnlt10iQlXojPXctHYjmQmGu09u+x/2tTIit+RjWX7zcWs7YZ8T8I9J4PWsUqP0X+isxxyXcHP0skD6dS7NMh1O7Yxkp1iDDfSQ4C0lsAAYRHY8HKPFG74+UVduI4hyOE5cq2h80Go31yfc5pzdjYMWLOPKT6fcX7VkoGNLeoylwfB7z5vR01bj/ef0/r6cpkgs04QL9Cr9edQN7/YlPRC66O4g3sCUlXyHbKpCGixPolo/jijOHmGYhCdp4Gb/kDmKpK6V4LAubCEG+40vQ6sD2lQq5YTMTZxUmxjZk3wgbS0zAmJFEKl/QGU1YdfLsI4lny29maDm7q5nmDI/NmWuiBtWetCddh/jd07RcQHAqGlXXmcnOwMY5LOk9Q6w2RPm8ZvnkqdILZGFXn/trlsRm5f3YqmqTVdafcJP/xzjxwJpVvfDOz10740bLnbxh7uh2AHmTC5jFHyonwg8nzzPAvAJOgz/Wc1T17vN3asdh6EO4Z5qtfE4naaOvV]]></Encrypt><AgentID><![CDATA[1000002]]></AgentID></xml>
2017-11-08 23:28:20.475 [http-apr-8080-exec-7] INFO  com.ray.weixin.qy.service.message.reply.ReplyMessageService - reply_xmlMsg:<xml><ToUserName><![CDATA[ww92f5da92bb24696e]]></ToUserName><FromUserName><![CDATA[ShiRui]]></FromUserName><CreateTime>1510154899</CreateTime><MsgType><![CDATA[event]]></MsgType><AgentID>1000002</AgentID><Event><![CDATA[LOCATION]]></Event><Latitude>31.1615</Latitude><Longitude>121.142</Longitude><Precision>15</Precision></xml>
2017-11-08 23:28:20.480 [http-apr-8080-exec-7] INFO  com.ray.weixin.qy.service.message.reply.ReplyMessageService - fromUserName:ShiRui
2017-11-08 23:28:20.480 [http-apr-8080-exec-7] INFO  com.ray.weixin.qy.service.message.reply.ReplyMessageService - toUserName:ww92f5da92bb24696e
2017-11-08 23:28:20.481 [http-apr-8080-exec-7] INFO  com.ray.weixin.qy.service.message.reply.ReplyMessageService - msgType:event
2017-11-08 23:28:20.481 [http-apr-8080-exec-7] INFO  com.ray.weixin.qy.service.message.reply.ReplyMessageService - Event:LOCATION  eventKey:null
2017-11-08 23:28:25.673 [http-apr-8080-exec-5] INFO  com.ray.weixin.qy.controller.WeiXinServlet - post--------------
2017-11-08 23:28:25.673 [http-apr-8080-exec-5] INFO  com.ray.weixin.qy.service.message.reply.ReplyMessageService - parms:{"msg_signature":["0f39d944b7278ab594a6183f00ded18b157c44d9"],"timestamp":["1510154905"],"nonce":["518415671"]}
2017-11-08 23:28:25.673 [http-apr-8080-exec-5] INFO  com.ray.weixin.qy.service.message.reply.ReplyMessageService - postData:<xml><ToUserName><![CDATA[ww92f5da92bb24696e]]></ToUserName><Encrypt><![CDATA[CLxYnMRHs3AfdLTw9DdJNtDgHXQ343XQqoTbaQJSm4LlrZbqq6zJw057iGRO6auZNUnfhNa9fHwy1BMVk0es2fD6XEdiOkCYTe6LXqy8db671PJQQ3w/wQZINq5TFcJ8AW/U+F/PTwuMXcQO9S6cwNFXJoKX1FVl0jNEMx44jckAFi7F5sEvEdR9U8EQ2VvycPxh/XKvK0GqR7DTDnrsSgI/oRR+A2HDKTzzMQd4/8DdkePOOvzFCEJqTyyp67IW8tayHlBITegqkbjFYhUBSHUKupj90AO9X9zZxml7uMzO+tkNGCuz8W3vwnPqcq32XzHtCZoH53u3EOFIbXgNLm/ETVR4g8bad7TIWDXDzw+xlWsaSr7n+p9lupYiHxOsPy67fJgFK2DcFn7+Hu6m4LYXzC3QQf5j9tMG+U+9+zzxAfntMOtEHvKZpB6WCJUb5J8PFkve5EwGJcsnY3yuyV/YYm0eWs0fS5EdoSea/8d8vTuCSF27z/QyTLfmMV4M]]></Encrypt><AgentID><![CDATA[1000002]]></AgentID></xml>
2017-11-08 23:28:25.675 [http-apr-8080-exec-5] INFO  com.ray.weixin.qy.service.message.reply.ReplyMessageService - reply_xmlMsg:<xml><ToUserName><![CDATA[ww92f5da92bb24696e]]></ToUserName><FromUserName><![CDATA[ShiRui]]></FromUserName><CreateTime>1510154905</CreateTime><MsgType><![CDATA[event]]></MsgType><AgentID>1000002</AgentID><Event><![CDATA[LOCATION]]></Event><Latitude>31.1615</Latitude><Longitude>121.142</Longitude><Precision>15</Precision></xml>
2017-11-08 23:28:25.676 [http-apr-8080-exec-5] INFO  com.ray.weixin.qy.service.message.reply.ReplyMessageService - fromUserName:ShiRui
2017-11-08 23:28:25.676 [http-apr-8080-exec-5] INFO  com.ray.weixin.qy.service.message.reply.ReplyMessageService - toUserName:ww92f5da92bb24696e
2017-11-08 23:28:25.677 [http-apr-8080-exec-5] INFO  com.ray.weixin.qy.service.message.reply.ReplyMessageService - msgType:event
2017-11-08 23:28:25.677 [http-apr-8080-exec-5] INFO  com.ray.weixin.qy.service.message.reply.ReplyMessageService - Event:LOCATION  eventKey:null
2017-11-08 23:28:30.924 [http-apr-8080-exec-9] INFO  com.ray.weixin.qy.controller.WeiXinServlet - post--------------
2017-11-08 23:28:30.924 [http-apr-8080-exec-9] INFO  com.ray.weixin.qy.service.message.reply.ReplyMessageService - parms:{"msg_signature":["a25cd9741906eda90809be5c8a080046a3e1ff4f"],"timestamp":["1510154910"],"nonce":["695288271"]}
2017-11-08 23:28:30.925 [http-apr-8080-exec-9] INFO  com.ray.weixin.qy.service.message.reply.ReplyMessageService - postData:<xml><ToUserName><![CDATA[ww92f5da92bb24696e]]></ToUserName><Encrypt><![CDATA[O3R21Sc9U4Hhfo1gxGmKyG2NhX3/MD5GkOAXb8qKIFZYm9H+BvNEk1iW1TYxOK4REQoRLbB4UiXD4Zmu9cyCwZDvma+IE/1j2D16XHVwqfgBJlOs2khwWBwGqgG0F1yB+sp5ATeMpyi71SfD404hj1cFnU2BkicnJPBhnXgmL91l954UstOanil6/QE+GRFtiENPZa8iqZ9vv8n5aZKYn5tYYBdavMQraS+Ndapjd2DhV9Vkdhup3T3V+UHKzd+2pXrDZH6VI9wDYUtptPZ1IJjgcp0lAbo2oR3Uq37Gah9VSdmshyqY+seQvSB4INC6Sgl6mBKQpFSOTuQUlA4nlrKafkIT2ax77YOipRsS1fYBwDqAEomgbuALXl1DvbyissmDD1x+BTjBOKAXuEngNTjZSjKLbeYeYrI0i72R13MzFxsoiSFGYMdHkJT3cQ4A/u1+kTQETZI58fXasFmL+iLbgFtH4bmE5ahDqFqHNp7Z3LC6e5wBlDw2m8iwTXGA]]></Encrypt><AgentID><![CDATA[1000002]]></AgentID></xml>
2017-11-08 23:28:30.927 [http-apr-8080-exec-9] INFO  com.ray.weixin.qy.service.message.reply.ReplyMessageService - reply_xmlMsg:<xml><ToUserName><![CDATA[ww92f5da92bb24696e]]></ToUserName><FromUserName><![CDATA[ShiRui]]></FromUserName><CreateTime>1510154910</CreateTime><MsgType><![CDATA[event]]></MsgType><AgentID>1000002</AgentID><Event><![CDATA[LOCATION]]></Event><Latitude>31.1617</Latitude><Longitude>121.142</Longitude><Precision>15</Precision></xml>
2017-11-08 23:28:30.933 [http-apr-8080-exec-9] INFO  com.ray.weixin.qy.service.message.reply.ReplyMessageService - fromUserName:ShiRui
2017-11-08 23:28:30.933 [http-apr-8080-exec-9] INFO  com.ray.weixin.qy.service.message.reply.ReplyMessageService - toUserName:ww92f5da92bb24696e
2017-11-08 23:28:30.933 [http-apr-8080-exec-9] INFO  com.ray.weixin.qy.service.message.reply.ReplyMessageService - msgType:event
2017-11-08 23:28:30.933 [http-apr-8080-exec-9] INFO  com.ray.weixin.qy.service.message.reply.ReplyMessageService - Event:LOCATION  eventKey:null
2017-11-08 23:28:35.569 [http-apr-8080-exec-8] INFO  com.ray.weixin.qy.controller.WeiXinServlet - post--------------
2017-11-08 23:28:35.569 [http-apr-8080-exec-8] INFO  com.ray.weixin.qy.service.message.reply.ReplyMessageService - parms:{"msg_signature":["b7c97e51ed46a4cd836e6e70caf534a9ebc8cec9"],"timestamp":["1510154914"],"nonce":["2006826552"]}
2017-11-08 23:28:35.570 [http-apr-8080-exec-8] INFO  com.ray.weixin.qy.service.message.reply.ReplyMessageService - postData:<xml><ToUserName><![CDATA[ww92f5da92bb24696e]]></ToUserName><Encrypt><![CDATA[E8eYQacjI1PAYHBXZMBRkkO9leGQYE8Xc39461DbeEXqrt/shSUsBTcLrnP5OmeuAX7B1p/uo8zNv+U5s2pdbFK/uSt2m8O/3KMo6mJ0ExfM0924lvfiFmOISorcKWHLe2SIvbPvm0gh/ph+1y9L0qcNHbdegei/Rpp0Ymn2S1LrNxJ/Bsvm+0UOrl4EHW4NefVGicvexejVcHWBprFwkD9gS5krKdzj//jw1U1FslT9WxOeHurjxBFV6U4oCqNAZS+jzOanZ+vSAZElL2IlNIse4q4bcTqk3O2sUtH9H8LNAkQZPoLVNt6ahdsacMAfJ5GMWuMQpm6lVcCjf74a+33APDp3Rk4h3Ez0bisvZOsmAbQvsMMDCfjeSVLvvLKZCP1AG7xoi+lL2uavajPqg2Z15Hu+5FbO2Z89hV11IuEL8QK9/v5QzwB4S8GKYJB9ZlrFb4ABEf8EzwoISSnW+iJ8dmFxEgwZk6kYaXA01okMQ/lzqxej2s/sWqyfB26B]]></Encrypt><AgentID><![CDATA[1000002]]></AgentID></xml>
2017-11-08 23:28:35.572 [http-apr-8080-exec-8] INFO  com.ray.weixin.qy.service.message.reply.ReplyMessageService - reply_xmlMsg:<xml><ToUserName><![CDATA[ww92f5da92bb24696e]]></ToUserName><FromUserName><![CDATA[ShiRui]]></FromUserName><CreateTime>1510154914</CreateTime><MsgType><![CDATA[event]]></MsgType><AgentID>1000002</AgentID><Event><![CDATA[LOCATION]]></Event><Latitude>31.1617</Latitude><Longitude>121.142</Longitude><Precision>15</Precision></xml>
2017-11-08 23:28:35.574 [http-apr-8080-exec-8] INFO  com.ray.weixin.qy.service.message.reply.ReplyMessageService - fromUserName:ShiRui
2017-11-08 23:28:35.574 [http-apr-8080-exec-8] INFO  com.ray.weixin.qy.service.message.reply.ReplyMessageService - toUserName:ww92f5da92bb24696e
2017-11-08 23:28:35.574 [http-apr-8080-exec-8] INFO  com.ray.weixin.qy.service.message.reply.ReplyMessageService - msgType:event
2017-11-08 23:28:35.574 [http-apr-8080-exec-8] INFO  com.ray.weixin.qy.service.message.reply.ReplyMessageService - Event:LOCATION  eventKey:null
2017-11-08 23:28:40.946 [http-apr-8080-exec-6] INFO  com.ray.weixin.qy.controller.WeiXinServlet - post--------------
2017-11-08 23:28:40.948 [http-apr-8080-exec-6] INFO  com.ray.weixin.qy.service.message.reply.ReplyMessageService - parms:{"msg_signature":["509109d146991a5952a4730e37be043007840bb7"],"timestamp":["1510154920"],"nonce":["760018034"]}
2017-11-08 23:28:40.949 [http-apr-8080-exec-6] INFO  com.ray.weixin.qy.service.message.reply.ReplyMessageService - postData:<xml><ToUserName><![CDATA[ww92f5da92bb24696e]]></ToUserName><Encrypt><![CDATA[hOeBVC3ys8X/F1apfQOVdgtXIdDxOp2VcejJgBKvtpWRSOl5OaYD0CliENREyuv76IWzVW9JiqSMKpYW33OlNj8GzNl9iTN4ZYURXiS5QACgj+RYkVGcdOTh+9vfbbmF3flPMRVns2BrBiNUnSedkBP3xOcUryvbLvAHfErhl4DoCi3kaassu9/Jqif/3N5J3TqSNQmZQeubu2h7a2L5PwTAqZqlgTAA9t4w9JBAUqE8qfYJx7b26aBcsnaq239NbLww024I8ytu/ntt3owJ0iX9F4O3VfyMgVwuu/VoZ9k4mBGB/1q52uW1gE6591W/ECkP+5QF/8NpIdCqhXKeVKr17quBj1uvhADt/E4kq1Xkx2/zqewldphG2Po6Z0fxyWocqAHOJAemdCHhQrlz+/ARC82IspAJGeeKGBJtt4xBso6TbBRPCddeooxpMvx0zcp1zcmq5WIipzDXhI1S8a1cqIi4paTdgTFPvYmAxYVUFK9hdR0mLKW/PCDksCam]]></Encrypt><AgentID><![CDATA[1000002]]></AgentID></xml>
2017-11-08 23:28:40.951 [http-apr-8080-exec-6] INFO  com.ray.weixin.qy.service.message.reply.ReplyMessageService - reply_xmlMsg:<xml><ToUserName><![CDATA[ww92f5da92bb24696e]]></ToUserName><FromUserName><![CDATA[ShiRui]]></FromUserName><CreateTime>1510154920</CreateTime><MsgType><![CDATA[event]]></MsgType><AgentID>1000002</AgentID><Event><![CDATA[LOCATION]]></Event><Latitude>31.1613</Latitude><Longitude>121.142</Longitude><Precision>15</Precision></xml>
2017-11-08 23:28:40.953 [http-apr-8080-exec-6] INFO  com.ray.weixin.qy.service.message.reply.ReplyMessageService - fromUserName:ShiRui
2017-11-08 23:28:40.953 [http-apr-8080-exec-6] INFO  com.ray.weixin.qy.service.message.reply.ReplyMessageService - toUserName:ww92f5da92bb24696e
2017-11-08 23:28:40.953 [http-apr-8080-exec-6] INFO  com.ray.weixin.qy.service.message.reply.ReplyMessageService - msgType:event
2017-11-08 23:28:40.953 [http-apr-8080-exec-6] INFO  com.ray.weixin.qy.service.message.reply.ReplyMessageService - Event:LOCATION  eventKey:null
2017-11-08 23:28:45.547 [http-apr-8080-exec-7] INFO  com.ray.weixin.qy.controller.WeiXinServlet - post--------------
2017-11-08 23:28:45.548 [http-apr-8080-exec-7] INFO  com.ray.weixin.qy.service.message.reply.ReplyMessageService - parms:{"msg_signature":["461d7be31af6cd9abc794cd4ee734d56ae349826"],"timestamp":["1510154924"],"nonce":["585010201"]}
2017-11-08 23:28:45.548 [http-apr-8080-exec-7] INFO  com.ray.weixin.qy.service.message.reply.ReplyMessageService - postData:<xml><ToUserName><![CDATA[ww92f5da92bb24696e]]></ToUserName><Encrypt><![CDATA[0zs6C5DyMAAk8rJFs9rwp/F+biX1O9I2PlE4ewTo96G29/JdhP0VT6vndIi83pcGC7NAWe10TeK5oynQErBKpJ1KkDQP90nAAV2z47y8aNmuSMRMUPFXH8LTQ6Awr7ZN2x5X/VtX6lT/q2sCx72vfo5eMkITsdAavXwcYYmz/F+ZrFxxKBZvk3FwWlu86k6MQJm0LKOB+mHk9/CjDntIn+QZLLMNqKIU57FRIyk5Xov8i4EWv3QFJhD4rtFXrYc5gFpIz2gBnfBPYV/WYMV0YZbHHZ6ASBcFtzytgrbxMkStJx/7ZdPLroP1kRSmv7hxBuu9tyFagnLj4midJP6o+aK3FmGbCkzWtdsteHDzEydnJxs9Rz9H9RVJl3wEGj/94hBBPKBNqyVlH+NtxiEpCMG+1bqGPdNbX9xZqkj06T5rTktt4ANclQXc8ew22gC9INtmu+rUgdxE/IK1xXj4GsEFoWoVXy3NQcw2dD81wIoGNHDm2+cRQFT3ZkZ9nakC]]></Encrypt><AgentID><![CDATA[1000002]]></AgentID></xml>
2017-11-08 23:28:45.551 [http-apr-8080-exec-7] INFO  com.ray.weixin.qy.service.message.reply.ReplyMessageService - reply_xmlMsg:<xml><ToUserName><![CDATA[ww92f5da92bb24696e]]></ToUserName><FromUserName><![CDATA[ShiRui]]></FromUserName><CreateTime>1510154924</CreateTime><MsgType><![CDATA[event]]></MsgType><AgentID>1000002</AgentID><Event><![CDATA[LOCATION]]></Event><Latitude>31.1613</Latitude><Longitude>121.142</Longitude><Precision>15</Precision></xml>
2017-11-08 23:28:45.553 [http-apr-8080-exec-7] INFO  com.ray.weixin.qy.service.message.reply.ReplyMessageService - fromUserName:ShiRui
2017-11-08 23:28:45.554 [http-apr-8080-exec-7] INFO  com.ray.weixin.qy.service.message.reply.ReplyMessageService - toUserName:ww92f5da92bb24696e
2017-11-08 23:28:45.554 [http-apr-8080-exec-7] INFO  com.ray.weixin.qy.service.message.reply.ReplyMessageService - msgType:event
2017-11-08 23:28:45.554 [http-apr-8080-exec-7] INFO  com.ray.weixin.qy.service.message.reply.ReplyMessageService - Event:LOCATION  eventKey:null
2017-11-08 23:28:51.038 [http-apr-8080-exec-5] INFO  com.ray.weixin.qy.controller.WeiXinServlet - post--------------
2017-11-08 23:28:51.042 [http-apr-8080-exec-5] INFO  com.ray.weixin.qy.service.message.reply.ReplyMessageService - parms:{"msg_signature":["ad9ab5f9cb5184b7d1e2bda5ad142e16cd4059ef"],"timestamp":["1510154930"],"nonce":["860847360"]}
2017-11-08 23:28:51.043 [http-apr-8080-exec-5] INFO  com.ray.weixin.qy.service.message.reply.ReplyMessageService - postData:<xml><ToUserName><![CDATA[ww92f5da92bb24696e]]></ToUserName><Encrypt><![CDATA[gPh1u99aAnLHYDvQq1jxWLBVk8EWLfKpKkmN7eItwziijS+EgOM4gdrdOyESxTjRz1yx2+KLn7XNULWAZvDCRO5PlkaNUH/9omuBq0nGLqpFfnad6ZkE3xsk9XfIsoPb8qbPJW3JB7o9H+zJPTPS4xP2ORhjLUj0TpPRNTBD0lvD0iyM8sM6ANUxcHFEAGpT4bgRoe4xlnYcYaq0xjo8jEBaVgeFsGcTWV+aCbFIQV4n3NOvYIBnjTGCmCu6oRQT9xfzpNwlwaEVnS+qq1X1RjzBdcWFaGOrI7ADY4kdb404ALU+a47/dup+RCG6Omztb5LMYTjTCAR3AlCeZBciBh/BT/gBBVoDOtKa6IL/18IpoSL7irTa1XZxbNyxJQC4d+NR8/V36ElFBokoG87JddzfXWKXZ+cj4FeODATf9MekJsTJgnwAKeY0LL0wyWk2Z3oWRCjuCcHurFGPV7xgxGh363MDI0lP0Cc5ilDRYkTF4MrZgfcxd5xGcQ0JBkG6]]></Encrypt><AgentID><![CDATA[1000002]]></AgentID></xml>
2017-11-08 23:28:51.047 [http-apr-8080-exec-5] INFO  com.ray.weixin.qy.service.message.reply.ReplyMessageService - reply_xmlMsg:<xml><ToUserName><![CDATA[ww92f5da92bb24696e]]></ToUserName><FromUserName><![CDATA[ShiRui]]></FromUserName><CreateTime>1510154930</CreateTime><MsgType><![CDATA[event]]></MsgType><AgentID>1000002</AgentID><Event><![CDATA[LOCATION]]></Event><Latitude>31.1617</Latitude><Longitude>121.142</Longitude><Precision>15</Precision></xml>
2017-11-08 23:28:51.051 [http-apr-8080-exec-5] INFO  com.ray.weixin.qy.service.message.reply.ReplyMessageService - fromUserName:ShiRui
2017-11-08 23:28:51.051 [http-apr-8080-exec-5] INFO  com.ray.weixin.qy.service.message.reply.ReplyMessageService - toUserName:ww92f5da92bb24696e
2017-11-08 23:28:51.052 [http-apr-8080-exec-5] INFO  com.ray.weixin.qy.service.message.reply.ReplyMessageService - msgType:event
2017-11-08 23:28:51.052 [http-apr-8080-exec-5] INFO  com.ray.weixin.qy.service.message.reply.ReplyMessageService - Event:LOCATION  eventKey:null
2017-11-08 23:28:55.565 [http-apr-8080-exec-9] INFO  com.ray.weixin.qy.controller.WeiXinServlet - post--------------
2017-11-08 23:28:55.565 [http-apr-8080-exec-9] INFO  com.ray.weixin.qy.service.message.reply.ReplyMessageService - parms:{"msg_signature":["1a4a1f8f8dfbc69968e42b749b3b5e8946af1d76"],"timestamp":["1510154934"],"nonce":["2115911169"]}
2017-11-08 23:28:55.565 [http-apr-8080-exec-9] INFO  com.ray.weixin.qy.service.message.reply.ReplyMessageService - postData:<xml><ToUserName><![CDATA[ww92f5da92bb24696e]]></ToUserName><Encrypt><![CDATA[HVWYFiiiOEJ5WyULD1a9xtriXEZAsmAlrHEHXQVFsra41j4CgUxT33oFvxS/47ZjHX+bLVDrkTlj7w5kwMe1Re/T8Z0cNhPc4lbj+N67ZuRlFwtT1kV4ckR5VH3LPhrAgH2kOB4B+jYrR11gZhivB8Ww7Ptc6BGmUi+weErgY3amTsHTk243jvNFnwJ0JQkVOD/zTusECu+gU7v4tM7ZXe/6ewWCZlv/OSXNNbW+DRhJ+40c8ZYZourKJKnodShWqtsYVN1aeyhTpZphjU/NAw9v+M3B7/0TaiHspP22Jta1xv5VKcDEJLMeRTguy3sysrNYlZrcLcfzv/cBufKKN4WNQG60sHf323xH224lx/46P4ieYt4qorU3kk1zzx3tDZ5QKDPEuRzkroLUkD98PHKeI5t12MKY+mjqkrzVA0YKlZZZW8aagfVXoYHcz5OBdLLpG5HFNS5oZpekN2RPdqhmIX0j5TJ52HcHn5j2BA4V3/RQiy0JFVgfuQlLRyhR]]></Encrypt><AgentID><![CDATA[1000002]]></AgentID></xml>
2017-11-08 23:28:55.567 [http-apr-8080-exec-9] INFO  com.ray.weixin.qy.service.message.reply.ReplyMessageService - reply_xmlMsg:<xml><ToUserName><![CDATA[ww92f5da92bb24696e]]></ToUserName><FromUserName><![CDATA[ShiRui]]></FromUserName><CreateTime>1510154934</CreateTime><MsgType><![CDATA[event]]></MsgType><AgentID>1000002</AgentID><Event><![CDATA[LOCATION]]></Event><Latitude>31.1615</Latitude><Longitude>121.142</Longitude><Precision>15</Precision></xml>
2017-11-08 23:28:55.569 [http-apr-8080-exec-9] INFO  com.ray.weixin.qy.service.message.reply.ReplyMessageService - fromUserName:ShiRui
2017-11-08 23:28:55.569 [http-apr-8080-exec-9] INFO  com.ray.weixin.qy.service.message.reply.ReplyMessageService - toUserName:ww92f5da92bb24696e
2017-11-08 23:28:55.569 [http-apr-8080-exec-9] INFO  com.ray.weixin.qy.service.message.reply.ReplyMessageService - msgType:event
2017-11-08 23:28:55.569 [http-apr-8080-exec-9] INFO  com.ray.weixin.qy.service.message.reply.ReplyMessageService - Event:LOCATION  eventKey:null
