2017-11-09 10:11:02.294 [http-apr-8080-exec-1] INFO  com.ray.weixin.qy.controller.WeiXinServlet - post--------------
2017-11-09 10:11:02.299 [http-apr-8080-exec-1] INFO  com.ray.weixin.qy.service.message.reply.ReplyMessageService - parms:{"msg_signature":["5e50738108a7d1376589605080402ea4273c7909"],"timestamp":["1510193461"],"nonce":["187753979"]}
2017-11-09 10:11:02.299 [http-apr-8080-exec-1] INFO  com.ray.weixin.qy.service.message.reply.ReplyMessageService - postData:<xml><ToUserName><![CDATA[ww92f5da92bb24696e]]></ToUserName><Encrypt><![CDATA[JRPRWCAX93T4mKfwFwNOphbpt9EOyZYuy/p2zbtBDahYOIIkzDRuIyZNJ6nqyMPNdhhqH2aTsqp7y2Mh4biMvYoYnBlr7hlnKxiLUogM51zkwwB4aHJSQY7IsV5839GUyfigjJ8TYv3RvW9pss1xhjJlnAVrMY446ltxOtwES3LAgZiHfC6/cJrCjYQxEZAP6c7BTvPfhzYdAUmIa9E2lrbHj5iRX5Bj/OJtv7ZU21JZnY3SHf62+sx06j9qxrHovPeRMdp6CS9lQRa0/lT17pkI5OkUoAGitEBQC2lh7IBjBs7xqmmcPKSn40ln8ViSNEjtQbLmM4c8AlPf4DQY6aTO8CuxFbrJbu85gcnjJc8kMu9esbJxNHDILWIYtWjyyX8zkj2D0Y1j4/cqriujT4nBWtVUGsuezIE+Xe2w6hs+U91Kf265KJIDG4vErJyQ3RV9oxUDzJ8gja45OVqJ1XLhhsx2i3aMkb082+UqLf9iQANuzmy2Qv+P72vLzh/V]]></Encrypt><AgentID><![CDATA[1000002]]></AgentID></xml>
2017-11-09 10:11:02.300 [http-apr-8080-exec-1] INFO  com.ray.weixin.qy.service.message.reply.ReplyMessageService - reply_xmlMsg:<xml><ToUserName><![CDATA[ww92f5da92bb24696e]]></ToUserName><FromUserName><![CDATA[ShiRui]]></FromUserName><CreateTime>1510193461</CreateTime><MsgType><![CDATA[event]]></MsgType><AgentID>1000002</AgentID><Event><![CDATA[LOCATION]]></Event><Latitude>31.1676</Latitude><Longitude>121.156</Longitude><Precision>15</Precision></xml>
2017-11-09 10:11:02.301 [http-apr-8080-exec-1] INFO  com.ray.weixin.qy.service.message.reply.ReplyMessageService - fromUserName:ShiRui
2017-11-09 10:11:02.301 [http-apr-8080-exec-1] INFO  com.ray.weixin.qy.service.message.reply.ReplyMessageService - toUserName:ww92f5da92bb24696e
2017-11-09 10:11:02.301 [http-apr-8080-exec-1] INFO  com.ray.weixin.qy.service.message.reply.ReplyMessageService - msgType:event
2017-11-09 10:11:02.301 [http-apr-8080-exec-1] INFO  com.ray.weixin.qy.service.message.reply.ReplyMessageService - Event:LOCATION  eventKey:null
2017-11-09 10:11:07.227 [http-apr-8080-exec-2] INFO  com.ray.weixin.qy.controller.WeiXinServlet - post--------------
2017-11-09 10:11:07.228 [http-apr-8080-exec-2] INFO  com.ray.weixin.qy.service.message.reply.ReplyMessageService - parms:{"msg_signature":["38764fdf1c0390b785113c1913c54e7b692f16c8"],"timestamp":["1510193466"],"nonce":["1238570585"]}
2017-11-09 10:11:07.228 [http-apr-8080-exec-2] INFO  com.ray.weixin.qy.service.message.reply.ReplyMessageService - postData:<xml><ToUserName><![CDATA[ww92f5da92bb24696e]]></ToUserName><Encrypt><![CDATA[rFMGwG/yehAbhXrUcbgdiCC0usWgHdlkQEl1c0VDDCWNo3FJTtAuIIX797oHMBGuDpS654hk50sUZJBpY1WGeNQgoRl21uZ/i7oVXffK9oh+zS6+sde1AmhnMrBDrykUVfiBGh9XmBA7FpuAmM59nEnFnWFjeCfZDK6yi+8ttdSgJIzz0ygbE95iqrZ3pLKtySmQwr86mucjCly0cXvuqdnsUaXt1RRcwMXIVvGi4KyZnbKOpr0yEkHY/fuvRlLKhvHMCaXHmcs8e9RDA8OKIWqihY1Y1BHOCNozcoFjfCyqABOInHOQSnRDAXSQZaYeaiGjCOoBV7jhYYGpy2yXaKFFg/LGHMnlsMYqqHqIyAYZAX8xDOZD/W6/yDf8IVVYMjTR2ADoPbxYxG3KY1RX8IOBOmiwQLSNhQvmo/ikyR0MyoWzCl2lwfwPazxWLIWQKbTBuT/NJ2II8o9iFCeMEx68EP/uwmBeNo4f4eSaVPHKpJ2NFhhYPLKYDcmGhj8X]]></Encrypt><AgentID><![CDATA[1000002]]></AgentID></xml>
2017-11-09 10:11:07.229 [http-apr-8080-exec-2] INFO  com.ray.weixin.qy.service.message.reply.ReplyMessageService - reply_xmlMsg:<xml><ToUserName><![CDATA[ww92f5da92bb24696e]]></ToUserName><FromUserName><![CDATA[ShiRui]]></FromUserName><CreateTime>1510193466</CreateTime><MsgType><![CDATA[event]]></MsgType><AgentID>1000002</AgentID><Event><![CDATA[LOCATION]]></Event><Latitude>31.1676</Latitude><Longitude>121.156</Longitude><Precision>15</Precision></xml>
2017-11-09 10:11:07.230 [http-apr-8080-exec-2] INFO  com.ray.weixin.qy.service.message.reply.ReplyMessageService - fromUserName:ShiRui
2017-11-09 10:11:07.231 [http-apr-8080-exec-2] INFO  com.ray.weixin.qy.service.message.reply.ReplyMessageService - toUserName:ww92f5da92bb24696e
2017-11-09 10:11:07.231 [http-apr-8080-exec-2] INFO  com.ray.weixin.qy.service.message.reply.ReplyMessageService - msgType:event
2017-11-09 10:11:07.231 [http-apr-8080-exec-2] INFO  com.ray.weixin.qy.service.message.reply.ReplyMessageService - Event:LOCATION  eventKey:null
2017-11-09 10:11:12.244 [http-apr-8080-exec-3] INFO  com.ray.weixin.qy.controller.WeiXinServlet - post--------------
2017-11-09 10:11:12.244 [http-apr-8080-exec-3] INFO  com.ray.weixin.qy.service.message.reply.ReplyMessageService - parms:{"msg_signature":["540ae0c9fdeabaa72712a51feaa2eddf0f850750"],"timestamp":["1510193471"],"nonce":["1870127019"]}
2017-11-09 10:11:12.245 [http-apr-8080-exec-3] INFO  com.ray.weixin.qy.service.message.reply.ReplyMessageService - postData:<xml><ToUserName><![CDATA[ww92f5da92bb24696e]]></ToUserName><Encrypt><![CDATA[xVYNEPuASDCeC3iHmNwkLtgsplml8Y4YQK1O2FT3jYQalAd5g823gyXeEfEJIflzkVwkvBZD3WCIgDRKVz3oa7g+apEfbW7sSKgRganhvcnOvmVCcZWbvO8r8IEfgdVHbm21mmeE5PdEuIkMgNpHHY2zYJueXmqSu8wW+Ri2aHbzhYxARydBluVBlD/sEaNY361sNhnLvc2t/Hy/zatj7iZ/4abmQBb/AYYT1qAoAZVdZnvR9bggy9XK8Fnmrr1gpnDooUD/t50EWRrmh0FT2hi6cyUcv1lP+Mq0gUf8RFt2PMuaqWvrDW/KZQk//YeCBUJUdRBA8aoPOd2bbgaozUb+rwbaBSpakAesjh/ES95WVrbO+41a4K4/ZfuqL8ywb8wVl2I+UH8YvvXHqDSkbU1r2n0hFHLIo8mz+8u/LTnCne8f27gwE+QhyvSj3BjSeNQfxMwFsXlp8yt3Npz6L36w7KU1HZvZoKnaPMbWYK4CdHYQCwTq2t7QvvfhoQF2]]></Encrypt><AgentID><![CDATA[1000002]]></AgentID></xml>
2017-11-09 10:11:12.247 [http-apr-8080-exec-3] INFO  com.ray.weixin.qy.service.message.reply.ReplyMessageService - reply_xmlMsg:<xml><ToUserName><![CDATA[ww92f5da92bb24696e]]></ToUserName><FromUserName><![CDATA[ShiRui]]></FromUserName><CreateTime>1510193471</CreateTime><MsgType><![CDATA[event]]></MsgType><AgentID>1000002</AgentID><Event><![CDATA[LOCATION]]></Event><Latitude>31.1676</Latitude><Longitude>121.156</Longitude><Precision>15</Precision></xml>
2017-11-09 10:11:12.250 [http-apr-8080-exec-3] INFO  com.ray.weixin.qy.service.message.reply.ReplyMessageService - fromUserName:ShiRui
2017-11-09 10:11:12.250 [http-apr-8080-exec-3] INFO  com.ray.weixin.qy.service.message.reply.ReplyMessageService - toUserName:ww92f5da92bb24696e
2017-11-09 10:11:12.250 [http-apr-8080-exec-3] INFO  com.ray.weixin.qy.service.message.reply.ReplyMessageService - msgType:event
2017-11-09 10:11:12.250 [http-apr-8080-exec-3] INFO  com.ray.weixin.qy.service.message.reply.ReplyMessageService - Event:LOCATION  eventKey:null
2017-11-09 10:11:17.278 [http-apr-8080-exec-7] INFO  com.ray.weixin.qy.controller.WeiXinServlet - post--------------
2017-11-09 10:11:17.278 [http-apr-8080-exec-7] INFO  com.ray.weixin.qy.service.message.reply.ReplyMessageService - parms:{"msg_signature":["41f2f1d5918b6268a84b10d14ccecc8a1195e1b4"],"timestamp":["1510193476"],"nonce":["1800963876"]}
2017-11-09 10:11:17.278 [http-apr-8080-exec-7] INFO  com.ray.weixin.qy.service.message.reply.ReplyMessageService - postData:<xml><ToUserName><![CDATA[ww92f5da92bb24696e]]></ToUserName><Encrypt><![CDATA[IorTOpcgJtf38IN+BLFZvu/zLbXt5YAyUodQ8tPOA3EbwNg/HaJZ04dRYMgVM/cXoqszC4IpCTAxdSKTOmX/9QZX3iJV+y8vT28t7c8H/S8vZuwld+rzljVECHiLiGQoy6a+A+qulUxKzD4qyRbuIim6LzFgqPZwchJc6Zr8DePL2I+NgZXR6aGPE6BsarUoTNSCxT9W+RKlMwZkWaPp1qIl2D3QiytnJnoESuW+VVCaFNLXn14IDajuXGFWWPI8xl+bPkW3v4uSl//RCtWZmBUwho6pAfpEniJCaGixq+R4UnUxQGwM7EnDLp9EvzI2+kgl/LHGxDKGGR6t/ioyLwuvYnI6OPSwL1X9IURMNCOpNoN3EiUK8fE4SFcPHJbNbfB8gJaUqosHvDEEnYWTL4X0c0QbMr+hTw+C5T3ZVYOf3cuLXqgusy66xuNjmVGl0Z0AQjQCyNj0S/FkG7DL5sojuAKxTjS27wMdJ3L3J/8EqBMDqsn14g3nKAG5X9a0]]></Encrypt><AgentID><![CDATA[1000002]]></AgentID></xml>
2017-11-09 10:11:17.281 [http-apr-8080-exec-7] INFO  com.ray.weixin.qy.service.message.reply.ReplyMessageService - reply_xmlMsg:<xml><ToUserName><![CDATA[ww92f5da92bb24696e]]></ToUserName><FromUserName><![CDATA[ShiRui]]></FromUserName><CreateTime>1510193476</CreateTime><MsgType><![CDATA[event]]></MsgType><AgentID>1000002</AgentID><Event><![CDATA[LOCATION]]></Event><Latitude>31.1676</Latitude><Longitude>121.156</Longitude><Precision>15</Precision></xml>
2017-11-09 10:11:17.283 [http-apr-8080-exec-7] INFO  com.ray.weixin.qy.service.message.reply.ReplyMessageService - fromUserName:ShiRui
2017-11-09 10:11:17.283 [http-apr-8080-exec-7] INFO  com.ray.weixin.qy.service.message.reply.ReplyMessageService - toUserName:ww92f5da92bb24696e
2017-11-09 10:11:17.284 [http-apr-8080-exec-7] INFO  com.ray.weixin.qy.service.message.reply.ReplyMessageService - msgType:event
2017-11-09 10:11:17.284 [http-apr-8080-exec-7] INFO  com.ray.weixin.qy.service.message.reply.ReplyMessageService - Event:LOCATION  eventKey:null
2017-11-09 10:11:22.234 [http-apr-8080-exec-8] INFO  com.ray.weixin.qy.controller.WeiXinServlet - post--------------
2017-11-09 10:11:22.234 [http-apr-8080-exec-8] INFO  com.ray.weixin.qy.service.message.reply.ReplyMessageService - parms:{"msg_signature":["a7eb68eeff9b98486d779da1578e7b75dd22625a"],"timestamp":["1510193481"],"nonce":["1484983210"]}
2017-11-09 10:11:22.234 [http-apr-8080-exec-8] INFO  com.ray.weixin.qy.service.message.reply.ReplyMessageService - postData:<xml><ToUserName><![CDATA[ww92f5da92bb24696e]]></ToUserName><Encrypt><![CDATA[D9gRkNDB/eowZ+Os4SGIGToRx93AxhYIYsbepb25Gq35GUZ7B6rd04B9gqkiuUY7Q95eWSsaADaJHgA0ftgsWDURA35/wsmMJeLm+NcTVqRrDV8BmX9j9TGAHYGxP06jIYrdKKJTfXEtmUwVCId71zG69b1k/lexp21/NeC6/iKeI36TZBxnV580Icwb6+IWSSJKcF7Lpkk8hIY7RkCkaz4PwZfTYdSUe239jDiLdFwMzvtURlvrNdVqajXmTAvIMKbMAYzEgLUTowdmdv5O65Llabh2ZUL0MLEhBnFCokC0nDifBQRb3/NiyiOV7yJ4fkb0SAHZ2cNVimWNisXpWhbVXpRZimVhKBcZAKHNIxxCbeP7Eg3Dl5ukR8ksaBNPEw8FMRJspzG/zCaOO6SaNiQt9uhwqin5VE+Wb3AHCzXMhOv2Rw6ej56PWslC5tGLGGUQ2reBtCTrNJeLrvwCXyCa3H2lDv9RkFqfwxRSl2y/H4CgKPSCIa5mUTzB20o2]]></Encrypt><AgentID><![CDATA[1000002]]></AgentID></xml>
2017-11-09 10:11:22.236 [http-apr-8080-exec-8] INFO  com.ray.weixin.qy.service.message.reply.ReplyMessageService - reply_xmlMsg:<xml><ToUserName><![CDATA[ww92f5da92bb24696e]]></ToUserName><FromUserName><![CDATA[ShiRui]]></FromUserName><CreateTime>1510193481</CreateTime><MsgType><![CDATA[event]]></MsgType><AgentID>1000002</AgentID><Event><![CDATA[LOCATION]]></Event><Latitude>31.1676</Latitude><Longitude>121.156</Longitude><Precision>15</Precision></xml>
2017-11-09 10:11:22.237 [http-apr-8080-exec-8] INFO  com.ray.weixin.qy.service.message.reply.ReplyMessageService - fromUserName:ShiRui
2017-11-09 10:11:22.237 [http-apr-8080-exec-8] INFO  com.ray.weixin.qy.service.message.reply.ReplyMessageService - toUserName:ww92f5da92bb24696e
2017-11-09 10:11:22.237 [http-apr-8080-exec-8] INFO  com.ray.weixin.qy.service.message.reply.ReplyMessageService - msgType:event
2017-11-09 10:11:22.237 [http-apr-8080-exec-8] INFO  com.ray.weixin.qy.service.message.reply.ReplyMessageService - Event:LOCATION  eventKey:null
2017-11-09 10:11:27.294 [http-apr-8080-exec-1] INFO  com.ray.weixin.qy.controller.WeiXinServlet - post--------------
2017-11-09 10:11:27.295 [http-apr-8080-exec-1] INFO  com.ray.weixin.qy.service.message.reply.ReplyMessageService - parms:{"msg_signature":["c7f0bd3330fb446cff6302b024815b8777182168"],"timestamp":["1510193486"],"nonce":["1111738740"]}
2017-11-09 10:11:27.295 [http-apr-8080-exec-1] INFO  com.ray.weixin.qy.service.message.reply.ReplyMessageService - postData:<xml><ToUserName><![CDATA[ww92f5da92bb24696e]]></ToUserName><Encrypt><![CDATA[dtZkBtl4vYrqxJbI97Jk9/XkTveaiEEGItO1EwwwGdI3GZIHbm0+gcTZ0SClv/W1xYGA3jRIBBNlCHZ226nXcfhDL4ZgSj9fgmRgnW49SWWiKrEf8KsP3+8uKIlm3uaoOGRjpGeRYvtG3o0o0XQ9A3/Bxw8uKn598sLup8+wrenNewM7YdW/46HVQzngpznA/apb2AT5gzJuUl1w6YxwJKZ1mZ+wqHgbRKMT6fCLYyvqCAaZy/EUKiCxxeEwUbA/GmLT96LcGGnAm+k+aMsdsK+1nm89J7N4XrMwXHHb8cHrlPsMzIfupnFmdb1cOYNs6VWVXygHsRf3rd/d3t0ZQyJummTiMuplEVbX8PpaTgBDPpjA129D6ExAs1rttygOgy4yzTfmpAEZ+U7yRT5oh2lG9kITeusLZf9ntA6CB3llX33oD//TRd/QNlMRcxEWJ25012wO27dOZwESUMlQ5xoBSJKj12dJEFmXAoFGf5TvbBTR/BmV74dnhkm6tKmY]]></Encrypt><AgentID><![CDATA[1000002]]></AgentID></xml>
2017-11-09 10:11:27.297 [http-apr-8080-exec-1] INFO  com.ray.weixin.qy.service.message.reply.ReplyMessageService - reply_xmlMsg:<xml><ToUserName><![CDATA[ww92f5da92bb24696e]]></ToUserName><FromUserName><![CDATA[ShiRui]]></FromUserName><CreateTime>1510193486</CreateTime><MsgType><![CDATA[event]]></MsgType><AgentID>1000002</AgentID><Event><![CDATA[LOCATION]]></Event><Latitude>31.1676</Latitude><Longitude>121.156</Longitude><Precision>15</Precision></xml>
2017-11-09 10:11:27.299 [http-apr-8080-exec-1] INFO  com.ray.weixin.qy.service.message.reply.ReplyMessageService - fromUserName:ShiRui
2017-11-09 10:11:27.299 [http-apr-8080-exec-1] INFO  com.ray.weixin.qy.service.message.reply.ReplyMessageService - toUserName:ww92f5da92bb24696e
2017-11-09 10:11:27.299 [http-apr-8080-exec-1] INFO  com.ray.weixin.qy.service.message.reply.ReplyMessageService - msgType:event
2017-11-09 10:11:27.299 [http-apr-8080-exec-1] INFO  com.ray.weixin.qy.service.message.reply.ReplyMessageService - Event:LOCATION  eventKey:null
2017-11-09 10:11:35.437 [http-apr-8080-exec-2] INFO  com.ray.weixin.qy.controller.WeiXinServlet - post--------------
2017-11-09 10:11:35.438 [http-apr-8080-exec-2] INFO  com.ray.weixin.qy.service.message.reply.ReplyMessageService - parms:{"msg_signature":["d84f03eb9350b49a1a7d3bac95af4d64a01250cb"],"timestamp":["1510193494"],"nonce":["1562762287"]}
2017-11-09 10:11:35.438 [http-apr-8080-exec-2] INFO  com.ray.weixin.qy.service.message.reply.ReplyMessageService - postData:<xml><ToUserName><![CDATA[ww92f5da92bb24696e]]></ToUserName><Encrypt><![CDATA[y3GDwD00Bx1A+uqLRHqRWjLg/hc5ak9tH6QjeV4ZVH+GaBZaYxMsYk85BOmULl3T3b29iQvbWr6V8w/8fJFaMqIBeF3nQNckc7li7HSrKDBDaOw5mu97DiCqDlDveIvf4gfVZ0I/KFBflrk172yfeuuNdLs4sEJteyEmZ9aWs9LefOtTx9ZgXjwhnv08whRzpmhaFc8zkZijsyVTRna7w6ZXb9dE77Max6quvvkZNNNixDx67MZef9verPxCWyGrV+rS5mdL7+glYUGTHcC4lzH3kfSDmqUyoYc3gqKJE9lv1rGS643FwHBNt1A02nBSgS93m7+LZ4vtp+KycdHFDRHOTvJk4hlvI75zUMbNKBbb9iyAfQxW1J7vH2aAVx9ZKivirsDHO5o000PneqaEX33ZdfgxVsNXxyd8o++gZI/JK7vpciGqfCUhI4pLd1NdQ3avLVbDHcbI5YbH2SEYwl5MpEVjvj/QMx7TOKF384RIDH4omiEGF2xR0TwbEQUA]]></Encrypt><AgentID><![CDATA[1000002]]></AgentID></xml>
2017-11-09 10:11:35.442 [http-apr-8080-exec-2] INFO  com.ray.weixin.qy.service.message.reply.ReplyMessageService - reply_xmlMsg:<xml><ToUserName><![CDATA[ww92f5da92bb24696e]]></ToUserName><FromUserName><![CDATA[ShiRui]]></FromUserName><CreateTime>1510193494</CreateTime><MsgType><![CDATA[event]]></MsgType><AgentID>1000002</AgentID><Event><![CDATA[LOCATION]]></Event><Latitude>31.1676</Latitude><Longitude>121.156</Longitude><Precision>15</Precision></xml>
2017-11-09 10:11:35.445 [http-apr-8080-exec-2] INFO  com.ray.weixin.qy.service.message.reply.ReplyMessageService - fromUserName:ShiRui
2017-11-09 10:11:35.445 [http-apr-8080-exec-2] INFO  com.ray.weixin.qy.service.message.reply.ReplyMessageService - toUserName:ww92f5da92bb24696e
2017-11-09 10:11:35.445 [http-apr-8080-exec-2] INFO  com.ray.weixin.qy.service.message.reply.ReplyMessageService - msgType:event
2017-11-09 10:11:35.445 [http-apr-8080-exec-2] INFO  com.ray.weixin.qy.service.message.reply.ReplyMessageService - Event:LOCATION  eventKey:null
2017-11-09 10:11:49.547 [http-apr-8080-exec-3] INFO  com.ray.weixin.qy.controller.WeiXinServlet - post--------------
2017-11-09 10:11:49.547 [http-apr-8080-exec-3] INFO  com.ray.weixin.qy.service.message.reply.ReplyMessageService - parms:{"msg_signature":["3978ab8c14c75d88af020f4167ebd4af1b56f4ae"],"timestamp":["1510193509"],"nonce":["2120050398"]}
2017-11-09 10:11:49.548 [http-apr-8080-exec-3] INFO  com.ray.weixin.qy.service.message.reply.ReplyMessageService - postData:<xml><ToUserName><![CDATA[ww92f5da92bb24696e]]></ToUserName><Encrypt><![CDATA[tKSErudSt7XAvhm7sJggNXQM8f0W/Lv1CNJsDjmrn2QzX1aegZuh1EAnYzerjRBEdWXIPzqAR786Wu9RAh5IlF9nhgIjJK5pzbQBWM9kOFVpMiwDtTYLG2lqEOTxzuAMDeatyyWNjv9rjj0L7h+vfnQ63md2pA0/l1r2FhAxhmJWBbnJGvzeHqRJjimWz2E+EfdQz6gB2Db4aUE3uQnAo4lwe8C6J2kTPU6t1DbY7IxwIPId96Qg4RGcmqWPwyvouesarsX4GAcw4tH7Uu4txnpKq11Cozadc3T67f31Cos/eA4NPCOAHgRPCDfi6oZG6R/wQBgUZv+Xv4mZlmP0u8dYD3Xze6FO/VpVsKrFw7XMGwYMXxNJzDkaww6AouhhE5RXhEZMhrapuiarrU+ORFabYNsLNLRrMM67no9y53143qWlfYwxI5ow8ohqnqMtnk+ZTkQOw8F2n/FEbbjM4idsZTM4i6DdtVEylp0px2ls6gm04HBdEym+zAwM3E/J]]></Encrypt><AgentID><![CDATA[1000002]]></AgentID></xml>
2017-11-09 10:11:49.550 [http-apr-8080-exec-3] INFO  com.ray.weixin.qy.service.message.reply.ReplyMessageService - reply_xmlMsg:<xml><ToUserName><![CDATA[ww92f5da92bb24696e]]></ToUserName><FromUserName><![CDATA[ShiRui]]></FromUserName><CreateTime>1510193508</CreateTime><MsgType><![CDATA[event]]></MsgType><AgentID>1000002</AgentID><Event><![CDATA[LOCATION]]></Event><Latitude>31.1676</Latitude><Longitude>121.156</Longitude><Precision>15</Precision></xml>
2017-11-09 10:11:49.552 [http-apr-8080-exec-3] INFO  com.ray.weixin.qy.service.message.reply.ReplyMessageService - fromUserName:ShiRui
2017-11-09 10:11:49.552 [http-apr-8080-exec-3] INFO  com.ray.weixin.qy.service.message.reply.ReplyMessageService - toUserName:ww92f5da92bb24696e
2017-11-09 10:11:49.553 [http-apr-8080-exec-3] INFO  com.ray.weixin.qy.service.message.reply.ReplyMessageService - msgType:event
2017-11-09 10:11:49.553 [http-apr-8080-exec-3] INFO  com.ray.weixin.qy.service.message.reply.ReplyMessageService - Event:LOCATION  eventKey:null
