2017-11-08 09:25:25.398 [http-apr-8080-exec-12] INFO  com.ray.weixin.gz.controller.WeiXinServlet - post--------------
2017-11-08 09:25:25.407 [http-apr-8080-exec-12] INFO  com.ray.weixin.gz.service.message.ReplyMessageService - parms:{"signature":["aa0103764f42581e385c5458b34e5fc31cbe3cbe"],"timestamp":["1510104324"],"nonce":["696957329"],"openid":["oDLefxDvQajibXhSWIWHrkiO1n2o"]}
2017-11-08 09:25:25.408 [http-apr-8080-exec-12] INFO  com.ray.weixin.gz.service.message.ReplyMessageService - postData:<xml><ToUserName><![CDATA[gh_8c1dd328db4e]]></ToUserName><FromUserName><![CDATA[oDLefxDvQajibXhSWIWHrkiO1n2o]]></FromUserName><CreateTime>1510104324</CreateTime><MsgType><![CDATA[event]]></MsgType><Event><![CDATA[VIEW]]></Event><EventKey><![CDATA[http://rayner.nat300.top/weixin_gz/showInvoice.jsp]]></EventKey><MenuId>591675728</MenuId></xml>
2017-11-08 09:25:25.408 [http-apr-8080-exec-12] INFO  com.ray.weixin.gz.service.message.ReplyMessageService - 明文模式
2017-11-08 09:25:25.408 [http-apr-8080-exec-12] INFO  com.ray.weixin.gz.service.message.ReplyMessageService - <xml><ToUserName><![CDATA[gh_8c1dd328db4e]]></ToUserName><FromUserName><![CDATA[oDLefxDvQajibXhSWIWHrkiO1n2o]]></FromUserName><CreateTime>1510104324</CreateTime><MsgType><![CDATA[event]]></MsgType><Event><![CDATA[VIEW]]></Event><EventKey><![CDATA[http://rayner.nat300.top/weixin_gz/showInvoice.jsp]]></EventKey><MenuId>591675728</MenuId></xml>
2017-11-08 09:25:25.420 [http-apr-8080-exec-12] INFO  com.ray.weixin.gz.service.message.ReplyMessageService - fromUserName:oDLefxDvQajibXhSWIWHrkiO1n2o
2017-11-08 09:25:25.420 [http-apr-8080-exec-12] INFO  com.ray.weixin.gz.service.message.ReplyMessageService - toUserName:gh_8c1dd328db4e
2017-11-08 09:25:25.420 [http-apr-8080-exec-12] INFO  com.ray.weixin.gz.service.message.ReplyMessageService - msgType:event
2017-11-08 09:25:25.420 [http-apr-8080-exec-12] INFO  com.ray.weixin.gz.service.message.ReplyMessageService - Event:VIEW  eventKey:http://rayner.nat300.top/weixin_gz/showInvoice.jsp
2017-11-08 09:25:27.474 [http-apr-8080-exec-14] INFO  com.ray.weixin.gz.util.AuthHelper - jsonObject:{"access_token":"4mtyEJ62QKGnV8yUJAByr8QBWjh5I10fl3CKm-sNzoAHqo46P0UzK_mRHf8uMVE09qS8CzfNYlP-1nwjZE4EKPM7dvcEfKwoOJz30x_schqxGyjuzFqrkAR_l2M1P0mUDVUeADAMED","expires_in":7200}
2017-11-08 09:25:27.706 [http-apr-8080-exec-14] INFO  com.ray.weixin.gz.util.AuthHelper - jsonObject:{"errcode":0,"ticket":"kgt8ON7yVITDhtdwci0qed-m2nUygHpV3DXUL-ToMkhNYTi1l5e-tpdTpB56Pgo2dXq1aoEjmaeWewSNLLOL_g","errmsg":"ok","expires_in":7200}
2017-11-08 09:25:27.708 [http-apr-8080-exec-14] INFO  com.ray.weixin.gz.util.AuthHelper - accessToken:4mtyEJ62QKGnV8yUJAByr8QBWjh5I10fl3CKm-sNzoAHqo46P0UzK_mRHf8uMVE09qS8CzfNYlP-1nwjZE4EKPM7dvcEfKwoOJz30x_schqxGyjuzFqrkAR_l2M1P0mUDVUeADAMED
2017-11-08 09:25:27.709 [http-apr-8080-exec-14] INFO  com.ray.weixin.gz.util.AuthHelper - ticket:kgt8ON7yVITDhtdwci0qed-m2nUygHpV3DXUL-ToMkhNYTi1l5e-tpdTpB56Pgo2dXq1aoEjmaeWewSNLLOL_g
2017-11-08 09:25:27.709 [http-apr-8080-exec-14] INFO  com.ray.weixin.gz.util.AuthHelper - nonceStr:05702360-a379-4e3b-9e8c-ed8a0e04f7a5
2017-11-08 09:25:27.710 [http-apr-8080-exec-14] INFO  com.ray.weixin.gz.util.AuthHelper - timeStamp:1510104325
2017-11-08 09:25:27.711 [http-apr-8080-exec-14] INFO  com.ray.weixin.gz.util.AuthHelper - signedUrl:http://rayner.nat300.top/weixin_gz/showInvoice.jsp
2017-11-08 09:25:27.712 [http-apr-8080-exec-14] INFO  com.ray.weixin.gz.util.AuthHelper - signature:c832c5de61314f9b8f06b531cd021652b19ee9ef
2017-11-08 09:25:27.713 [http-apr-8080-exec-14] INFO  com.ray.weixin.gz.util.AuthHelper - appId:wxa0064ea657f80062
2017-11-08 09:25:27.714 [http-apr-8080-exec-14] INFO  com.ray.weixin.gz.util.AuthHelper - configValue:{signature:'c832c5de61314f9b8f06b531cd021652b19ee9ef',nonceStr:'05702360-a379-4e3b-9e8c-ed8a0e04f7a5',timeStamp:'1510104325',appId:'wxa0064ea657f80062'}
2017-11-08 09:25:27.934 [http-apr-8080-exec-14] INFO  com.ray.weixin.gz.util.AuthHelper - jsonObject:{"access_token":"4mtyEJ62QKGnV8yUJAByr8QBWjh5I10fl3CKm-sNzoCYcJYv9eGl_e4HZsazqYOVgqpN4cf32oPCFk9U9AndEMTHQH7oom04dnWsMZjdkrTnIYR7aVJIbA2-a0JqW_ZbNLNeADACAC","expires_in":7200}
2017-11-08 09:25:28.115 [http-apr-8080-exec-14] INFO  com.ray.weixin.gz.service.invoice.InvoiceService - jsonObject:{"errcode":0,"ticket":"IpK_1T69hDhZkLQTlwsAX5ZwNp_4txyINLb67lXqTZLVkgQB6cqS2tsVC00zFTp3EbrzMoyTR35YRXzMrl675A","errmsg":"ok","expires_in":7200}
2017-11-08 09:25:28.115 [http-apr-8080-exec-14] INFO  com.ray.weixin.gz.util.AuthHelper - str:15101043284596fed1-6b3e-4c9d-8f18-0b51a2839c6eINVOICEIpK_1T69hDhZkLQTlwsAX5ZwNp_4txyINLb67lXqTZLVkgQB6cqS2tsVC00zFTp3EbrzMoyTR35YRXzMrl675Awxa0064ea657f80062
2017-11-08 09:25:28.116 [http-apr-8080-exec-14] INFO  com.ray.weixin.gz.util.AuthHelper - apiTicket:IpK_1T69hDhZkLQTlwsAX5ZwNp_4txyINLb67lXqTZLVkgQB6cqS2tsVC00zFTp3EbrzMoyTR35YRXzMrl675A
2017-11-08 09:25:28.116 [http-apr-8080-exec-14] INFO  com.ray.weixin.gz.util.AuthHelper - appId:wxa0064ea657f80062
2017-11-08 09:25:28.116 [http-apr-8080-exec-14] INFO  com.ray.weixin.gz.util.AuthHelper - timeStamp:1510104328
2017-11-08 09:25:28.116 [http-apr-8080-exec-14] INFO  com.ray.weixin.gz.util.AuthHelper - nonceStr:4596fed1-6b3e-4c9d-8f18-0b51a2839c6e
2017-11-08 09:25:28.116 [http-apr-8080-exec-14] INFO  com.ray.weixin.gz.util.AuthHelper - cardType:INVOICE
2017-11-08 09:25:28.116 [http-apr-8080-exec-14] INFO  com.ray.weixin.gz.util.AuthHelper - cardSign:85d335b81fde4bfb1f91b253c0ea5a11e49addee
2017-11-08 09:25:28.116 [http-apr-8080-exec-14] INFO  com.ray.weixin.gz.util.AuthHelper - signType:SHA1
2017-11-08 09:25:28.116 [http-apr-8080-exec-14] INFO  com.ray.weixin.gz.util.AuthHelper - configValue:{"signType":"SHA1","cardSign":"85d335b81fde4bfb1f91b253c0ea5a11e49addee","nonceStr":"4596fed1-6b3e-4c9d-8f18-0b51a2839c6e","timestamp":"1510104328"}
