2017-11-08 23:26:02.333 [http-apr-8080-exec-6] INFO  com.ray.weixin.qy.controller.WeiXinServlet - post--------------
2017-11-08 23:26:02.353 [http-apr-8080-exec-6] INFO  com.ray.weixin.qy.service.message.reply.ReplyMessageService - parms:{"msg_signature":["0cb615a6ce851dbbedb814e91894eeb35684b2eb"],"timestamp":["1510154761"],"nonce":["1163726322"]}
2017-11-08 23:26:02.354 [http-apr-8080-exec-6] INFO  com.ray.weixin.qy.service.message.reply.ReplyMessageService - postData:<xml><ToUserName><![CDATA[ww92f5da92bb24696e]]></ToUserName><Encrypt><![CDATA[MsLnPjxnTm65XStjRYxLQpcH+EZCA1pGiEj4NQWZwFNkA6BDG2n8aa9q9r+l7zAsWheXiBAiMlryCE/SLDr+B6bAHTdqcIfMEopeAYG1y/lRNu23x2vz0HU7RQV9BvLdzTbuFYD/EOUENORUaIqsb6yJq6Vc6mD7K7lxB+CnDvbrrJ7nnQCprdNEcyndCE1Yceg2YDWotVKePnNG5JSQQhVZjstW3vnqgogs6HdYPs3Yks6buVjQEUgGWFYXW1ut1AghDX4Tz+lW7/DhW7gQRq9AW/wTuDcDPIA4ycfnlfYzUzA8L1lx8LIifucRL8riUtU+jihSQ+Rkw5a342A7z93wRzOt4A81+JsYM6bcWW1zwYuzIKXodKcgV4Y8KgVePQlh2YCcyou/hQY9XoYCKK+K8Dr1dHd/uL6W7E79OiiPtN9BCHkeGhFl7FHK2rjzS70ppnezxHzyYHl3B8U78rsz+TtpCeTuihwF+xYWuiYtrftqK29LdF4M7JfAU/SN]]></Encrypt><AgentID><![CDATA[1000002]]></AgentID></xml>
2017-11-08 23:26:02.361 [http-apr-8080-exec-6] INFO  com.ray.weixin.qy.service.message.reply.ReplyMessageService - reply_xmlMsg:<xml><ToUserName><![CDATA[ww92f5da92bb24696e]]></ToUserName><FromUserName><![CDATA[ShiRui]]></FromUserName><CreateTime>1510154761</CreateTime><MsgType><![CDATA[event]]></MsgType><AgentID>1000002</AgentID><Event><![CDATA[LOCATION]]></Event><Latitude>31.1615</Latitude><Longitude>121.142</Longitude><Precision>15</Precision></xml>
2017-11-08 23:26:02.365 [http-apr-8080-exec-6] INFO  com.ray.weixin.qy.service.message.reply.ReplyMessageService - fromUserName:ShiRui
2017-11-08 23:26:02.365 [http-apr-8080-exec-6] INFO  com.ray.weixin.qy.service.message.reply.ReplyMessageService - toUserName:ww92f5da92bb24696e
2017-11-08 23:26:02.365 [http-apr-8080-exec-6] INFO  com.ray.weixin.qy.service.message.reply.ReplyMessageService - msgType:event
2017-11-08 23:26:02.365 [http-apr-8080-exec-6] INFO  com.ray.weixin.qy.service.message.reply.ReplyMessageService - Event:LOCATION  eventKey:null
2017-11-08 23:26:06.883 [http-apr-8080-exec-4] INFO  com.ray.weixin.qy.controller.WeiXinServlet - post--------------
2017-11-08 23:26:06.884 [http-apr-8080-exec-4] INFO  com.ray.weixin.qy.service.message.reply.ReplyMessageService - parms:{"msg_signature":["e086a914f2f9ab13269680af8ebbbbd6aba03997"],"timestamp":["1510154766"],"nonce":["1048627824"]}
2017-11-08 23:26:06.885 [http-apr-8080-exec-4] INFO  com.ray.weixin.qy.service.message.reply.ReplyMessageService - postData:<xml><ToUserName><![CDATA[ww92f5da92bb24696e]]></ToUserName><Encrypt><![CDATA[0ZCelwyWZOr7sKvzVisdgdmhpqkyqMje5/WfrCJoi5DjcMJ+M6XhR0Q4Uk/vGVEi55w39jKjmDPF08GcnBYoyXYzx1Cyn1+MSAtnPtu2Jy46gFe1Elo4TcufFISGwFRu3AJz6ICHbypILHS9nwmuWYyfR87ugd+Dall4cOLPGh7QNg7hApYpzUhk3lPIW/JdlHJ2tXg4T9ofzYVSo9pKbCnTNN/iWIiWvbBuJd6l7de5MUJTP9cu6S9id2DfZwsu/O7QjTVHi3kaKkm6Yl5KGhyELbVeKOINQZCyNA+c0/dk3WseNXVPUIVwqADdFg+RwkYn0FiOFqQI5CKiPEcOZmuPmQt3SPy9TlbsMvcmCMpn7l/HKvA9fAXNCAadzbI8OM8S33EcPcqYL/Zh7SS/UKNNvSbqLRCa+86WjzZNezZhYkYgkVik5OtpqCpxgFLjd5pdY08Vp4Da74Maj8VoebSWr9Au7TSl2I1KQXANmp4xPLQS+ZXUzgGVJSL3K8I0]]></Encrypt><AgentID><![CDATA[1000002]]></AgentID></xml>
2017-11-08 23:26:06.893 [http-apr-8080-exec-4] INFO  com.ray.weixin.qy.service.message.reply.ReplyMessageService - reply_xmlMsg:<xml><ToUserName><![CDATA[ww92f5da92bb24696e]]></ToUserName><FromUserName><![CDATA[ShiRui]]></FromUserName><CreateTime>1510154766</CreateTime><MsgType><![CDATA[event]]></MsgType><AgentID>1000002</AgentID><Event><![CDATA[LOCATION]]></Event><Latitude>31.1615</Latitude><Longitude>121.142</Longitude><Precision>15</Precision></xml>
2017-11-08 23:26:06.902 [http-apr-8080-exec-4] INFO  com.ray.weixin.qy.service.message.reply.ReplyMessageService - fromUserName:ShiRui
2017-11-08 23:26:06.903 [http-apr-8080-exec-4] INFO  com.ray.weixin.qy.service.message.reply.ReplyMessageService - toUserName:ww92f5da92bb24696e
2017-11-08 23:26:06.903 [http-apr-8080-exec-4] INFO  com.ray.weixin.qy.service.message.reply.ReplyMessageService - msgType:event
2017-11-08 23:26:06.904 [http-apr-8080-exec-4] INFO  com.ray.weixin.qy.service.message.reply.ReplyMessageService - Event:LOCATION  eventKey:null
2017-11-08 23:26:12.145 [http-apr-8080-exec-10] INFO  com.ray.weixin.qy.controller.WeiXinServlet - post--------------
2017-11-08 23:26:12.146 [http-apr-8080-exec-10] INFO  com.ray.weixin.qy.service.message.reply.ReplyMessageService - parms:{"msg_signature":["45955e63d5bdbf6c119b1afb904243cef03fbafb"],"timestamp":["1510154771"],"nonce":["2019816983"]}
2017-11-08 23:26:12.146 [http-apr-8080-exec-10] INFO  com.ray.weixin.qy.service.message.reply.ReplyMessageService - postData:<xml><ToUserName><![CDATA[ww92f5da92bb24696e]]></ToUserName><Encrypt><![CDATA[xu7PKrQi/KayQwFQ2kSmL6Zv27cPR9DUN6mxXYHHBSuJebHLYGzvxb4BWRQLQzEvbkMCrhfBTXwkdq7zOeeX/Yo842ny4uP8ZG10deyCQjR5zD6j+u+nozi9mtyjxZtdQGTa07T1BcTHrH6iEuJmRBL6jhgOpjrXOK5baOZKKsWOidXF55nhgEldpcxTB4LECndYHAc9b4N62qTe+r5jhTFXWayVRn0EsFZx2wNz5HpHAu9NNfVxr+28G6SVFw5uyXEgwl/pAYwjAjg5KNmeOakZwGAAZ7u0b2UTlKHeCeGnlZVU4LJKl/zJAwrWlfQT7/TRa7bayVfK6yhQBB23rSCwYWpoAeWJwmqMthjc5GxFOJ+Gxdau5zMqGgCy6M03ipzH2KfeME8Y/0DdJeuxOJbjTLoI5zINxVKmX9PGp0kheww19q4a+pFbWGejVvpb6jpIMFTewNzqYQe2yVxAAn2QIQm2eYORauNnagdDRVyLpPOUDguFlZA//SMyQF1H]]></Encrypt><AgentID><![CDATA[1000002]]></AgentID></xml>
2017-11-08 23:26:12.149 [http-apr-8080-exec-10] INFO  com.ray.weixin.qy.service.message.reply.ReplyMessageService - reply_xmlMsg:<xml><ToUserName><![CDATA[ww92f5da92bb24696e]]></ToUserName><FromUserName><![CDATA[ShiRui]]></FromUserName><CreateTime>1510154771</CreateTime><MsgType><![CDATA[event]]></MsgType><AgentID>1000002</AgentID><Event><![CDATA[LOCATION]]></Event><Latitude>31.1614</Latitude><Longitude>121.142</Longitude><Precision>15</Precision></xml>
2017-11-08 23:26:12.154 [http-apr-8080-exec-10] INFO  com.ray.weixin.qy.service.message.reply.ReplyMessageService - fromUserName:ShiRui
2017-11-08 23:26:12.155 [http-apr-8080-exec-10] INFO  com.ray.weixin.qy.service.message.reply.ReplyMessageService - toUserName:ww92f5da92bb24696e
2017-11-08 23:26:12.155 [http-apr-8080-exec-10] INFO  com.ray.weixin.qy.service.message.reply.ReplyMessageService - msgType:event
2017-11-08 23:26:12.155 [http-apr-8080-exec-10] INFO  com.ray.weixin.qy.service.message.reply.ReplyMessageService - Event:LOCATION  eventKey:null
2017-11-08 23:26:16.974 [http-apr-8080-exec-1] INFO  com.ray.weixin.qy.controller.WeiXinServlet - post--------------
2017-11-08 23:26:16.975 [http-apr-8080-exec-1] INFO  com.ray.weixin.qy.service.message.reply.ReplyMessageService - parms:{"msg_signature":["c48e9ef2152cbf115553982750a80437cfcfd2a5"],"timestamp":["1510154776"],"nonce":["450182758"]}
2017-11-08 23:26:16.975 [http-apr-8080-exec-1] INFO  com.ray.weixin.qy.service.message.reply.ReplyMessageService - postData:<xml><ToUserName><![CDATA[ww92f5da92bb24696e]]></ToUserName><Encrypt><![CDATA[gycW6EEiAClP8ASFfJY/xraP0a7n5GjeoRVgt6AF6PTDjU+KtQl+GhzM+LKaYiXUE9e4yFE9XSiteCh6wZI2xrBiuefqlUxiwVIKIcNXPb81/n6vPZlEtn40CtXARDyfWsNt3Fu9ppSmsUUWJgzCHduFXiVQPyNveQWUxqgM3mFF4CXMA+fkVeZrfLytwmHbznFJNvEJrdkSIS6eoKBmc8vA0LAt7x6w7h0KQdwNTzU4aHDbM/lyjrSiVmGIQuWv77Hgw7JsmDvsdsotG6uuLyv+ha31kRBIucCQgtHaISEPhnwa5rbU3innGVVTCKo2TWy5NeKH/74eIK0PwR2gVs62+CzG0clsZ1r03BhF+eQ+guOiOnrIZqOfZyW4dEE/TuO6ovgMV18v405QMikBpqlAzH5yGvrwrDwQbdtkesWHjWoGsYV0kqMh4frOsksUsqhLapYcAJodG258OeBkUjxmwAhrm0ts7KcV835Ilvyqdmtq9e5eF+/sKwzJAb0I]]></Encrypt><AgentID><![CDATA[1000002]]></AgentID></xml>
2017-11-08 23:26:16.979 [http-apr-8080-exec-1] INFO  com.ray.weixin.qy.service.message.reply.ReplyMessageService - reply_xmlMsg:<xml><ToUserName><![CDATA[ww92f5da92bb24696e]]></ToUserName><FromUserName><![CDATA[ShiRui]]></FromUserName><CreateTime>1510154776</CreateTime><MsgType><![CDATA[event]]></MsgType><AgentID>1000002</AgentID><Event><![CDATA[LOCATION]]></Event><Latitude>31.1615</Latitude><Longitude>121.142</Longitude><Precision>15</Precision></xml>
2017-11-08 23:26:16.984 [http-apr-8080-exec-1] INFO  com.ray.weixin.qy.service.message.reply.ReplyMessageService - fromUserName:ShiRui
2017-11-08 23:26:16.984 [http-apr-8080-exec-1] INFO  com.ray.weixin.qy.service.message.reply.ReplyMessageService - toUserName:ww92f5da92bb24696e
2017-11-08 23:26:16.985 [http-apr-8080-exec-1] INFO  com.ray.weixin.qy.service.message.reply.ReplyMessageService - msgType:event
2017-11-08 23:26:16.985 [http-apr-8080-exec-1] INFO  com.ray.weixin.qy.service.message.reply.ReplyMessageService - Event:LOCATION  eventKey:null
2017-11-08 23:26:22.374 [http-apr-8080-exec-2] INFO  com.ray.weixin.qy.controller.WeiXinServlet - post--------------
2017-11-08 23:26:22.376 [http-apr-8080-exec-2] INFO  com.ray.weixin.qy.service.message.reply.ReplyMessageService - parms:{"msg_signature":["ef15ccf36ec551a3bbf40161d4782876be177575"],"timestamp":["1510154781"],"nonce":["720012652"]}
2017-11-08 23:26:22.377 [http-apr-8080-exec-2] INFO  com.ray.weixin.qy.service.message.reply.ReplyMessageService - postData:<xml><ToUserName><![CDATA[ww92f5da92bb24696e]]></ToUserName><Encrypt><![CDATA[pKcni/PdIM2e8rT5WovMqTENEJpFqgzgwLw4SRVycKhQ+fwWcVmXuhql/oRGe2/HZyFCvSa0BZPOu30HF0vxEZ5yKk6FxZzZcs6fsaMGFjeiuP3thuDEIKLhnTUTaiPrmjFHHe9cF6sDW28n4tDoTbb6aDRQvT3Qpa9tLdQGLTuJ+94UzzFni0ui1AyyIkeXr6lMC6LagHB8A7JxkDRl7dyw98CvI5L2r6eCGKsrCQNJkuTzNK0asLpKSe1UimBdYL2JJJLltKHSvW6QDjvfctH4tS2tdRrdy5GevGvtZF4QbhCxB879kkyMiPnvnlV7X+g7BNuHQI8pnRL4OW7rle/VQ+0c32D1j1vaIn0otrQdWExPRyZ0IfTXzrCOfgFcasq1IoYCEGf2YcI2adjHMAb/IfjX1VI+qddIgYF0O39mVLaKxPnkImLjBr7LoI/UNHzXzBcgpFBLdNYHrg8KJxeOG/t+kamKIXRnB9cbQ9ZdjZuKa9kVKSh73mZJtO9w]]></Encrypt><AgentID><![CDATA[1000002]]></AgentID></xml>
2017-11-08 23:26:22.382 [http-apr-8080-exec-2] INFO  com.ray.weixin.qy.service.message.reply.ReplyMessageService - reply_xmlMsg:<xml><ToUserName><![CDATA[ww92f5da92bb24696e]]></ToUserName><FromUserName><![CDATA[ShiRui]]></FromUserName><CreateTime>1510154781</CreateTime><MsgType><![CDATA[event]]></MsgType><AgentID>1000002</AgentID><Event><![CDATA[LOCATION]]></Event><Latitude>31.1615</Latitude><Longitude>121.142</Longitude><Precision>15</Precision></xml>
2017-11-08 23:26:22.386 [http-apr-8080-exec-2] INFO  com.ray.weixin.qy.service.message.reply.ReplyMessageService - fromUserName:ShiRui
2017-11-08 23:26:22.387 [http-apr-8080-exec-2] INFO  com.ray.weixin.qy.service.message.reply.ReplyMessageService - toUserName:ww92f5da92bb24696e
2017-11-08 23:26:22.387 [http-apr-8080-exec-2] INFO  com.ray.weixin.qy.service.message.reply.ReplyMessageService - msgType:event
2017-11-08 23:26:22.387 [http-apr-8080-exec-2] INFO  com.ray.weixin.qy.service.message.reply.ReplyMessageService - Event:LOCATION  eventKey:null
2017-11-08 23:26:27.035 [http-apr-8080-exec-6] INFO  com.ray.weixin.qy.controller.WeiXinServlet - post--------------
2017-11-08 23:26:27.036 [http-apr-8080-exec-6] INFO  com.ray.weixin.qy.service.message.reply.ReplyMessageService - parms:{"msg_signature":["8d7fa8d7040e7441aaa0e2d47eaf9132afc38785"],"timestamp":["1510154786"],"nonce":["626882391"]}
2017-11-08 23:26:27.039 [http-apr-8080-exec-6] INFO  com.ray.weixin.qy.service.message.reply.ReplyMessageService - postData:<xml><ToUserName><![CDATA[ww92f5da92bb24696e]]></ToUserName><Encrypt><![CDATA[6BEHrVQMYnXF+NzWID5iVVmfWJMl01J/X7Y5vBKDAASPX2dSMoHyZJMWcvSIBuVcmuWgAcc1DvwVYPOeHI3A/teHN28terDhGu+eqhcbktmBrDOrLR6/Xwm4vGClz3YFBuN0XHX3ARNQhA4DJO5tAemg2JLDsyxqWU1zslKXUpTQp0Sw5OxEzjqi/ppeni5vXapV1oDX604k+PUHZ0yIhLE9Ix7q3PmjC8D2m93bENrb0pieOCXZbFuKbtABQg5m/D2tt8O61LzVn9dEb/OKMNPPhIy4mqRzTjzMtJ4kZ09LS634Sqrl0W6k4uiFxWzd1q1Vo2lPx2Rv8NDqk+oy2Cwvi0hP0XHGeD+txXiE03HQvTxhsjSCyUc5smlpR12oOKAxC2VzG8tF1/au6UmN8VHzLyRiN8NV7xU0sAxxfY1MzNHbF7YqXvVeNpA+NnW906T5A6v2wrKo9cT2mhxcpOTzYKIGNCCuKiK8lWevY+UhOllW+eeqJy5GmYf35EG8]]></Encrypt><AgentID><![CDATA[1000002]]></AgentID></xml>
2017-11-08 23:26:27.044 [http-apr-8080-exec-6] INFO  com.ray.weixin.qy.service.message.reply.ReplyMessageService - reply_xmlMsg:<xml><ToUserName><![CDATA[ww92f5da92bb24696e]]></ToUserName><FromUserName><![CDATA[ShiRui]]></FromUserName><CreateTime>1510154786</CreateTime><MsgType><![CDATA[event]]></MsgType><AgentID>1000002</AgentID><Event><![CDATA[LOCATION]]></Event><Latitude>31.1615</Latitude><Longitude>121.142</Longitude><Precision>15</Precision></xml>
2017-11-08 23:26:27.048 [http-apr-8080-exec-6] INFO  com.ray.weixin.qy.service.message.reply.ReplyMessageService - fromUserName:ShiRui
2017-11-08 23:26:27.049 [http-apr-8080-exec-6] INFO  com.ray.weixin.qy.service.message.reply.ReplyMessageService - toUserName:ww92f5da92bb24696e
2017-11-08 23:26:27.049 [http-apr-8080-exec-6] INFO  com.ray.weixin.qy.service.message.reply.ReplyMessageService - msgType:event
2017-11-08 23:26:27.049 [http-apr-8080-exec-6] INFO  com.ray.weixin.qy.service.message.reply.ReplyMessageService - Event:LOCATION  eventKey:null
2017-11-08 23:26:32.398 [http-apr-8080-exec-4] INFO  com.ray.weixin.qy.controller.WeiXinServlet - post--------------
2017-11-08 23:26:32.399 [http-apr-8080-exec-4] INFO  com.ray.weixin.qy.service.message.reply.ReplyMessageService - parms:{"msg_signature":["617e76a06d4581115f109d3c19ef6047610655c0"],"timestamp":["1510154791"],"nonce":["1570656482"]}
2017-11-08 23:26:32.402 [http-apr-8080-exec-4] INFO  com.ray.weixin.qy.service.message.reply.ReplyMessageService - postData:<xml><ToUserName><![CDATA[ww92f5da92bb24696e]]></ToUserName><Encrypt><![CDATA[VL8TwN08kG/c7pMEt+4Wh/l04ggR0bwN9sR+l4pONIc46Spoi0J5NgsXg7BJBt6YCi9dqqjO+KmZpbm80iRquO8SCkN+biPR0Tnr9nURt0MXwZ1F9hN2eAAKRyMZ6z6qKfYjSsr0+llWCjF+NgdG3TTF8ozZu0dOsDZBLqsiOP6vSts30wXv9bbTg0w0pp9QOiemSYpabHBnWOFGeskgoXwG6kzvs8k9QiKYdkScmKypFMIGKVYMvuJzZVFep3RrWwPUDtZk2EQaAuqW0dfooFdnbA35CFyjRhO9cX1daX6VWZ/bZjIfbTg76B1B63W5Pd8feizAmHreLJTffd9SZZ65f3hbiFNdKGVYIfOwKpezrVMZqQ55cy3O3fCrNv1u0Ed4qyiB3wbiBYcR39rHCOOddj4eobOVu9YIUWx2lW8OEUxr8uGecn73qjzRPvBc/VErI99PCl/anI2EuPS5uZVIghbKwyF8SBVh5/9+sHI1dzYFHt+1MBoa+MsQEu5d]]></Encrypt><AgentID><![CDATA[1000002]]></AgentID></xml>
2017-11-08 23:26:32.407 [http-apr-8080-exec-4] INFO  com.ray.weixin.qy.service.message.reply.ReplyMessageService - reply_xmlMsg:<xml><ToUserName><![CDATA[ww92f5da92bb24696e]]></ToUserName><FromUserName><![CDATA[ShiRui]]></FromUserName><CreateTime>1510154791</CreateTime><MsgType><![CDATA[event]]></MsgType><AgentID>1000002</AgentID><Event><![CDATA[LOCATION]]></Event><Latitude>31.1615</Latitude><Longitude>121.142</Longitude><Precision>15</Precision></xml>
2017-11-08 23:26:32.411 [http-apr-8080-exec-4] INFO  com.ray.weixin.qy.service.message.reply.ReplyMessageService - fromUserName:ShiRui
2017-11-08 23:26:32.412 [http-apr-8080-exec-4] INFO  com.ray.weixin.qy.service.message.reply.ReplyMessageService - toUserName:ww92f5da92bb24696e
2017-11-08 23:26:32.413 [http-apr-8080-exec-4] INFO  com.ray.weixin.qy.service.message.reply.ReplyMessageService - msgType:event
2017-11-08 23:26:32.413 [http-apr-8080-exec-4] INFO  com.ray.weixin.qy.service.message.reply.ReplyMessageService - Event:LOCATION  eventKey:null
2017-11-08 23:26:37.050 [http-apr-8080-exec-10] INFO  com.ray.weixin.qy.controller.WeiXinServlet - post--------------
2017-11-08 23:26:37.051 [http-apr-8080-exec-10] INFO  com.ray.weixin.qy.service.message.reply.ReplyMessageService - parms:{"msg_signature":["4fbfc23520b0b9874921f88476fc2697f2a86ccd"],"timestamp":["1510154796"],"nonce":["1212283554"]}
2017-11-08 23:26:37.052 [http-apr-8080-exec-10] INFO  com.ray.weixin.qy.service.message.reply.ReplyMessageService - postData:<xml><ToUserName><![CDATA[ww92f5da92bb24696e]]></ToUserName><Encrypt><![CDATA[Gfd8KlvW+akQ6ebvS6Aa5R2xQNe3faxk02cIt8wPKJMx5JKxXsmLRnGiBWXBiKBChQ34HDVvxThHQeciJvR0VnaJpBV1zarXcsVn3kK5qzEHeCJmVA1Yw0Gbirc1ccsja7GtIwmvRCqr33UCrdxFmdEnOtyb2VF9CuXH6h8m4mSjE0Cx5hFYFedqliweBOFWnGiWcl+jSHk1Tmh2+h0zoruJgTXTTqYYLDcGk+bRnYBtqPV4vtwF1hy0n3pJCLTe2z1dSKdKtphav6u8pwdicocErP3Ks4WdZujFXT9iO8hWcfuWugI7WVLQPEB3i5UE+XYLsp0dzCe3lYuOJ2cDKJ5TrUhEN+ZbhQcAC3Sq1U/6dbTw1NhB86ZdDd4WW4gU9tA9r0Ml45YEaEJ0cnEnbsQJEvcAn+e9gVS1Ge6FMiKzr5jqo5VB4+cVUFc8iHn01DcYd3U7WZnlMXhiaEwiMfKnmKjnaTRV9LatQtOqVGftf9cHAFc1nNRVarxXspDr]]></Encrypt><AgentID><![CDATA[1000002]]></AgentID></xml>
2017-11-08 23:26:37.056 [http-apr-8080-exec-10] INFO  com.ray.weixin.qy.service.message.reply.ReplyMessageService - reply_xmlMsg:<xml><ToUserName><![CDATA[ww92f5da92bb24696e]]></ToUserName><FromUserName><![CDATA[ShiRui]]></FromUserName><CreateTime>1510154796</CreateTime><MsgType><![CDATA[event]]></MsgType><AgentID>1000002</AgentID><Event><![CDATA[LOCATION]]></Event><Latitude>31.1615</Latitude><Longitude>121.142</Longitude><Precision>15</Precision></xml>
2017-11-08 23:26:37.061 [http-apr-8080-exec-10] INFO  com.ray.weixin.qy.service.message.reply.ReplyMessageService - fromUserName:ShiRui
2017-11-08 23:26:37.062 [http-apr-8080-exec-10] INFO  com.ray.weixin.qy.service.message.reply.ReplyMessageService - toUserName:ww92f5da92bb24696e
2017-11-08 23:26:37.063 [http-apr-8080-exec-10] INFO  com.ray.weixin.qy.service.message.reply.ReplyMessageService - msgType:event
2017-11-08 23:26:37.063 [http-apr-8080-exec-10] INFO  com.ray.weixin.qy.service.message.reply.ReplyMessageService - Event:LOCATION  eventKey:null
2017-11-08 23:26:42.469 [http-apr-8080-exec-1] INFO  com.ray.weixin.qy.controller.WeiXinServlet - post--------------
2017-11-08 23:26:42.469 [http-apr-8080-exec-1] INFO  com.ray.weixin.qy.service.message.reply.ReplyMessageService - parms:{"msg_signature":["e5f3e6656bc461d9b6d958ff7f2c79075ab5c520"],"timestamp":["1510154801"],"nonce":["1215308500"]}
2017-11-08 23:26:42.470 [http-apr-8080-exec-1] INFO  com.ray.weixin.qy.service.message.reply.ReplyMessageService - postData:<xml><ToUserName><![CDATA[ww92f5da92bb24696e]]></ToUserName><Encrypt><![CDATA[f5lvQ2F+A5UjJzTWXmvSrRSitRppXpwggBDKi1Im6GpiiIcMBiEC/4K+U9THI76p2dTrKkSfB/CUSh3TcgFz80t7AX3A8MZNmMgxEbqZKOzlgX4iZogU3yZtw+b50GrV/FXIZT3sKGDoNlpWs2HNDCIRYTtUdjulodU1Dcr0aBfgQFAyolc1CHoupV+jKYXvmnQyZB8ZTXLn1oWHf3cBpAcmjzRrfQbMqEO8jwLQvPGQKj4plHKACOvZgSiC2GmeDv6R5hg/OlBS1qg9hRznrEPY+iLPvew4S92o18k+5kiyvOduKF5DJ1ksT5mIJaFM3XdxE7Oom4UJxmaQ55pLJjPbpuzSaxj4HewoLH3TyzuCjP35ESOQ6d2L/oTyKUXGmkDovyzfObRz1lK4l5590vGIOm2j/htVmzSEcfDmV8OArWobbm9CXwOsaspRqzSTXc+38nFk9i6lghX1WudXB0VZEfEP2CmdYYle3yGI5WUJIZbZtxyIBn7rMYW5pVO+]]></Encrypt><AgentID><![CDATA[1000002]]></AgentID></xml>
2017-11-08 23:26:42.471 [http-apr-8080-exec-1] INFO  com.ray.weixin.qy.service.message.reply.ReplyMessageService - reply_xmlMsg:<xml><ToUserName><![CDATA[ww92f5da92bb24696e]]></ToUserName><FromUserName><![CDATA[ShiRui]]></FromUserName><CreateTime>1510154801</CreateTime><MsgType><![CDATA[event]]></MsgType><AgentID>1000002</AgentID><Event><![CDATA[LOCATION]]></Event><Latitude>31.1615</Latitude><Longitude>121.142</Longitude><Precision>15</Precision></xml>
2017-11-08 23:26:42.474 [http-apr-8080-exec-1] INFO  com.ray.weixin.qy.service.message.reply.ReplyMessageService - fromUserName:ShiRui
2017-11-08 23:26:42.474 [http-apr-8080-exec-1] INFO  com.ray.weixin.qy.service.message.reply.ReplyMessageService - toUserName:ww92f5da92bb24696e
2017-11-08 23:26:42.474 [http-apr-8080-exec-1] INFO  com.ray.weixin.qy.service.message.reply.ReplyMessageService - msgType:event
2017-11-08 23:26:42.474 [http-apr-8080-exec-1] INFO  com.ray.weixin.qy.service.message.reply.ReplyMessageService - Event:LOCATION  eventKey:null
2017-11-08 23:26:47.094 [http-apr-8080-exec-2] INFO  com.ray.weixin.qy.controller.WeiXinServlet - post--------------
2017-11-08 23:26:47.095 [http-apr-8080-exec-2] INFO  com.ray.weixin.qy.service.message.reply.ReplyMessageService - parms:{"msg_signature":["7a357eaab698849923be125dcecbcd8254e9031a"],"timestamp":["1510154806"],"nonce":["50925276"]}
2017-11-08 23:26:47.096 [http-apr-8080-exec-2] INFO  com.ray.weixin.qy.service.message.reply.ReplyMessageService - postData:<xml><ToUserName><![CDATA[ww92f5da92bb24696e]]></ToUserName><Encrypt><![CDATA[jLQLb9Hy4UxXuS7I0IZhE3V40blE1igEeZGpYr+9cWeEgSp1ZYjaNjI3luxl9jst9DIY2K0x2lQFowDWWkzhI1aeM7Niii3ClugMi53jmvsS9wqez9FpqR3TfXo2Bd+ZVRM+Ab9edfo7+3c8EcAdRX7G/2gBbeaXwlovBx8aEgysfwEJ35d7EOghtmyjacbO7W4NlmvNeNdX60J78GTVVgJa2VvSCZNQcn0I0XXQasj8bYOnEjlTvTY/xm/qqlPzb2kE8Bm8LyoTRfaaWfWIB0KTV3bsW4324/2MEGZBU7MMmZ1msziLkwv/Jfq+EnQ6hYojvFl+6vNMtiaPeYAPkYf3EWG4jVrGlMxR6G17Ij/vsExrmv9RyKXHLbRwMKcq9hHi9S1yiGCLEVWDYlKZ5a29bnYSqy7uLZv4QK1Xn1EICg2iBUFYrJfLQ9cteFWg7c2AvVGMAh/xUbE9q5WFfMQQOI31JA0B2aoh3Zp/1TLL8YX2gNelfq/WQRYXMWGB]]></Encrypt><AgentID><![CDATA[1000002]]></AgentID></xml>
2017-11-08 23:26:47.100 [http-apr-8080-exec-2] INFO  com.ray.weixin.qy.service.message.reply.ReplyMessageService - reply_xmlMsg:<xml><ToUserName><![CDATA[ww92f5da92bb24696e]]></ToUserName><FromUserName><![CDATA[ShiRui]]></FromUserName><CreateTime>1510154806</CreateTime><MsgType><![CDATA[event]]></MsgType><AgentID>1000002</AgentID><Event><![CDATA[LOCATION]]></Event><Latitude>31.1615</Latitude><Longitude>121.142</Longitude><Precision>15</Precision></xml>
2017-11-08 23:26:47.105 [http-apr-8080-exec-2] INFO  com.ray.weixin.qy.service.message.reply.ReplyMessageService - fromUserName:ShiRui
2017-11-08 23:26:47.106 [http-apr-8080-exec-2] INFO  com.ray.weixin.qy.service.message.reply.ReplyMessageService - toUserName:ww92f5da92bb24696e
2017-11-08 23:26:47.106 [http-apr-8080-exec-2] INFO  com.ray.weixin.qy.service.message.reply.ReplyMessageService - msgType:event
2017-11-08 23:26:47.106 [http-apr-8080-exec-2] INFO  com.ray.weixin.qy.service.message.reply.ReplyMessageService - Event:LOCATION  eventKey:null
2017-11-08 23:26:52.522 [http-apr-8080-exec-6] INFO  com.ray.weixin.qy.controller.WeiXinServlet - post--------------
2017-11-08 23:26:52.523 [http-apr-8080-exec-6] INFO  com.ray.weixin.qy.service.message.reply.ReplyMessageService - parms:{"msg_signature":["fbe6694f54e6cee2c740ef0c6a76b34f68a77f30"],"timestamp":["1510154811"],"nonce":["867193342"]}
2017-11-08 23:26:52.523 [http-apr-8080-exec-6] INFO  com.ray.weixin.qy.service.message.reply.ReplyMessageService - postData:<xml><ToUserName><![CDATA[ww92f5da92bb24696e]]></ToUserName><Encrypt><![CDATA[aMug0jFI4Ls+fxiZI4L+4bfwL2R9bB7mVQiup45h/nW6qCcLWQSmqbOKhGAd29xfrgTPX61Ey2XxtISdMI+7opNiSMbQGuGE9qVQG3ymnD9KEqelUGKOxG+CPmwITzwLOGmWUnqPb9LuLjjlwz5IzEYfbm0yxUaj8eQBHCL1ggX/R7RM/FVAS+xUjvz97RAkIPpg99YJljwNbauqWJpmx7gnE9aylezi4qB+zUIzbvvmDI9sMepn/RYf9nv7CaOPZnOlAjmV7YYws1fMZGPPZbbDCl4B1DTpsBtXMsMpm20DV6Kc8gDSueicZxPOH0foYzFcigegaCajo9kJFihhsiaxoJWdCze4/3kY/xoFBjp4AHy3u7piQzcJdTJGv3LW3bYlHbuWy0IhX0X2PMhyIvYoH3/QpZOZ/SKwjATtzCR8VtqoW4DbL7vhPlmqjeaeT4gacWeWeEVPlnxHjMWda4yFCORnqSBd3zdb7azhaftFpq1/vzp00tC8zkoOM2vb]]></Encrypt><AgentID><![CDATA[1000002]]></AgentID></xml>
2017-11-08 23:26:52.528 [http-apr-8080-exec-6] INFO  com.ray.weixin.qy.service.message.reply.ReplyMessageService - reply_xmlMsg:<xml><ToUserName><![CDATA[ww92f5da92bb24696e]]></ToUserName><FromUserName><![CDATA[ShiRui]]></FromUserName><CreateTime>1510154811</CreateTime><MsgType><![CDATA[event]]></MsgType><AgentID>1000002</AgentID><Event><![CDATA[LOCATION]]></Event><Latitude>31.1615</Latitude><Longitude>121.142</Longitude><Precision>15</Precision></xml>
2017-11-08 23:26:52.531 [http-apr-8080-exec-6] INFO  com.ray.weixin.qy.service.message.reply.ReplyMessageService - fromUserName:ShiRui
2017-11-08 23:26:52.532 [http-apr-8080-exec-6] INFO  com.ray.weixin.qy.service.message.reply.ReplyMessageService - toUserName:ww92f5da92bb24696e
2017-11-08 23:26:52.532 [http-apr-8080-exec-6] INFO  com.ray.weixin.qy.service.message.reply.ReplyMessageService - msgType:event
2017-11-08 23:26:52.532 [http-apr-8080-exec-6] INFO  com.ray.weixin.qy.service.message.reply.ReplyMessageService - Event:LOCATION  eventKey:null
2017-11-08 23:26:57.225 [http-apr-8080-exec-4] INFO  com.ray.weixin.qy.controller.WeiXinServlet - post--------------
2017-11-08 23:26:57.226 [http-apr-8080-exec-4] INFO  com.ray.weixin.qy.service.message.reply.ReplyMessageService - parms:{"msg_signature":["04421636534d386d92e9f43faeaf797f5e6760f7"],"timestamp":["1510154816"],"nonce":["274730032"]}
2017-11-08 23:26:57.226 [http-apr-8080-exec-4] INFO  com.ray.weixin.qy.service.message.reply.ReplyMessageService - postData:<xml><ToUserName><![CDATA[ww92f5da92bb24696e]]></ToUserName><Encrypt><![CDATA[7LlXiiEPi+s2OEqhACpuUuNR2DT20mfKZt+EFW8kekXjCNEV+9XkOFFTcVvMbzIAPZ3n+IHTlGdBkKOW7K96I9vjfxgyW3swhaQGHKX2xk1YWMv/Ms0P/QfcrUnm4THH7CysO6MfBO3MIMfH6bga6o3g39hnvySFp2pmOpTKL9lK02cevV375gS1QF0ZCx1wVQD0BYgecJFtpPlNmUtkGDyUKP1yXTLxZ6++Cgt5GThvre/a1Vpklxm2DHLcwJTiVdrlq6XpE1DcPma8xHi1I1K0udI0ESw37u2xqQtQaLAuHyN5GkR6mcJBiWxaqQeyUP9BX5pYNBZrf8ruxsYpMqJqwLbgmssZr2PzxqSCR/pnTZ59JWdH/JMoR/RcfH4RxcZb6qriFP1OAwm1FAY0r4V+8WiymqCUP8t5V8odDQLv4ewjTqnxTnQmFmiAAypKMl7/rqdNsQJmwObPuRmYnEci85yNX60iH76Ov3nytUxVcK+NGMgmNhG33LrQtXGj]]></Encrypt><AgentID><![CDATA[1000002]]></AgentID></xml>
2017-11-08 23:26:57.231 [http-apr-8080-exec-4] INFO  com.ray.weixin.qy.service.message.reply.ReplyMessageService - reply_xmlMsg:<xml><ToUserName><![CDATA[ww92f5da92bb24696e]]></ToUserName><FromUserName><![CDATA[ShiRui]]></FromUserName><CreateTime>1510154816</CreateTime><MsgType><![CDATA[event]]></MsgType><AgentID>1000002</AgentID><Event><![CDATA[LOCATION]]></Event><Latitude>31.1615</Latitude><Longitude>121.142</Longitude><Precision>15</Precision></xml>
2017-11-08 23:26:57.234 [http-apr-8080-exec-4] INFO  com.ray.weixin.qy.service.message.reply.ReplyMessageService - fromUserName:ShiRui
2017-11-08 23:26:57.234 [http-apr-8080-exec-4] INFO  com.ray.weixin.qy.service.message.reply.ReplyMessageService - toUserName:ww92f5da92bb24696e
2017-11-08 23:26:57.234 [http-apr-8080-exec-4] INFO  com.ray.weixin.qy.service.message.reply.ReplyMessageService - msgType:event
2017-11-08 23:26:57.234 [http-apr-8080-exec-4] INFO  com.ray.weixin.qy.service.message.reply.ReplyMessageService - Event:LOCATION  eventKey:null
