2017-11-08 19:39:01.723 [http-apr-8080-exec-71] INFO  com.ray.weixin.qy.controller.WeiXinServlet - post--------------
2017-11-08 19:39:01.729 [http-apr-8080-exec-71] INFO  com.ray.weixin.qy.service.message.reply.ReplyMessageService - parms:{"msg_signature":["ee3bd6c62b39dcd317726dba936d5cee0c5b3cd6"],"timestamp":["1510141141"],"nonce":["1631788041"]}
2017-11-08 19:39:01.729 [http-apr-8080-exec-71] INFO  com.ray.weixin.qy.service.message.reply.ReplyMessageService - postData:<xml><ToUserName><![CDATA[ww92f5da92bb24696e]]></ToUserName><Encrypt><![CDATA[7d9jx0FiSaEkBu6oQDRHstVfbHSJv0oATwSRDOiNfSCSHWVVQW0af6taJ6NGtkHZtfP8h+9SuUK9mRZuUZZGh3/eQHn/NAOLCV9EYRdgFCbrDiqqcS9xlva3daU3y+X0EaU6K5Qg6OM9Jardjh71QbD9n2jxDh5gYY1cTR+VVSZLyxREi3UIZr/sg5wLRNs/wI4qcI8wA4ybj4sFh2O2UrxGq4m+y4TJaxYzkxdzjBQQuRMqhLxoEY9dgyI1zYxgROHNNryQW9MfCoCPZp5e9KuZTwh1Lx2bPlurzMT8vxeyj69XNUokFEVWrfuLKIBjB+nICGtQOm7unjayEfom4DmIWD0+xN7TmB8XoAvITgPoOcxmHpPK/wE0EHC8+kn7Lv1MYiZurbszohQ5g/s0jmQWU2qVxCIZbWE7thtzUbxzA401q3qtbB8UVrpye8blX4V9CZbopiiXjjMZ8r0K3KmuAiUGy5X4eEbiJPKsZpj0xIvA9o85MxMT85DoNV/t]]></Encrypt><AgentID><![CDATA[1000002]]></AgentID></xml>
2017-11-08 19:39:01.731 [http-apr-8080-exec-71] INFO  com.ray.weixin.qy.service.message.reply.ReplyMessageService - reply_xmlMsg:<xml><ToUserName><![CDATA[ww92f5da92bb24696e]]></ToUserName><FromUserName><![CDATA[ShiRui]]></FromUserName><CreateTime>1510141141</CreateTime><MsgType><![CDATA[event]]></MsgType><AgentID>1000002</AgentID><Event><![CDATA[LOCATION]]></Event><Latitude>31.1676</Latitude><Longitude>121.156</Longitude><Precision>15</Precision></xml>
2017-11-08 19:39:01.732 [http-apr-8080-exec-71] INFO  com.ray.weixin.qy.service.message.reply.ReplyMessageService - fromUserName:ShiRui
2017-11-08 19:39:01.732 [http-apr-8080-exec-71] INFO  com.ray.weixin.qy.service.message.reply.ReplyMessageService - toUserName:ww92f5da92bb24696e
2017-11-08 19:39:01.733 [http-apr-8080-exec-71] INFO  com.ray.weixin.qy.service.message.reply.ReplyMessageService - msgType:event
2017-11-08 19:39:01.733 [http-apr-8080-exec-71] INFO  com.ray.weixin.qy.service.message.reply.ReplyMessageService - Event:LOCATION  eventKey:null
2017-11-08 19:39:06.678 [http-apr-8080-exec-73] INFO  com.ray.weixin.qy.controller.WeiXinServlet - post--------------
2017-11-08 19:39:06.678 [http-apr-8080-exec-73] INFO  com.ray.weixin.qy.service.message.reply.ReplyMessageService - parms:{"msg_signature":["c2cce0986e4a0ef04ef815bc7fa98431cc7d5bd3"],"timestamp":["1510141146"],"nonce":["2117801875"]}
2017-11-08 19:39:06.678 [http-apr-8080-exec-73] INFO  com.ray.weixin.qy.service.message.reply.ReplyMessageService - postData:<xml><ToUserName><![CDATA[ww92f5da92bb24696e]]></ToUserName><Encrypt><![CDATA[laCc/k8lGP5+MiJamK5vFhMTgEr3mtJVKoXJtWuhoJAo7bGZnB5X/Z9UREsm2qFNn5HuWMqpdWmrOp3Zol7QFdtyAfEryiiAv+DgEccKMZYRiqTAI4dbEAseKB6CSDrAO72ufEzWaJN8kas+16fDaIWTpDCKtKUrrm6JjqBXgnR+7RwNsECB6YkDlAZ3ImIARpwIeg7FzieStqYDw05qF1XHdT8jEoEampOGKkiao7+qyErSC11hqzTDEhhQk+R9znktr0KgAj6ksC5zGQr6p+6ZtZ/5gfcHq05tL2YIRfV+8ESEK/LzCOTGZ0uDvtJNHeG8w7ZuLTDEEmFFrUJmNiUlKlg6+z6+tKfXQvMFaNbaAMLPc78FRQYrYqjLNWh4nY9fVUg0r6/3HdMNJh06KyA70JSUOm4A+ONNQcQa/3GwxXAnnMWj+66yfjQMeUa/v4QL8zigPVDE3VFCVpkFCqFK9iWcXXAqbR13wM3sRYrvQ9DdD/JRA/Sqi5nfYoS3]]></Encrypt><AgentID><![CDATA[1000002]]></AgentID></xml>
2017-11-08 19:39:06.680 [http-apr-8080-exec-73] INFO  com.ray.weixin.qy.service.message.reply.ReplyMessageService - reply_xmlMsg:<xml><ToUserName><![CDATA[ww92f5da92bb24696e]]></ToUserName><FromUserName><![CDATA[ShiRui]]></FromUserName><CreateTime>1510141146</CreateTime><MsgType><![CDATA[event]]></MsgType><AgentID>1000002</AgentID><Event><![CDATA[LOCATION]]></Event><Latitude>31.1676</Latitude><Longitude>121.156</Longitude><Precision>15</Precision></xml>
2017-11-08 19:39:06.682 [http-apr-8080-exec-73] INFO  com.ray.weixin.qy.service.message.reply.ReplyMessageService - fromUserName:ShiRui
2017-11-08 19:39:06.682 [http-apr-8080-exec-73] INFO  com.ray.weixin.qy.service.message.reply.ReplyMessageService - toUserName:ww92f5da92bb24696e
2017-11-08 19:39:06.682 [http-apr-8080-exec-73] INFO  com.ray.weixin.qy.service.message.reply.ReplyMessageService - msgType:event
2017-11-08 19:39:06.682 [http-apr-8080-exec-73] INFO  com.ray.weixin.qy.service.message.reply.ReplyMessageService - Event:LOCATION  eventKey:null
2017-11-08 19:39:11.681 [http-apr-8080-exec-75] INFO  com.ray.weixin.qy.controller.WeiXinServlet - post--------------
2017-11-08 19:39:11.683 [http-apr-8080-exec-75] INFO  com.ray.weixin.qy.service.message.reply.ReplyMessageService - parms:{"msg_signature":["b1e01da291cc0a0c01d3547e4af0b8fc2e44e294"],"timestamp":["1510141151"],"nonce":["1257880337"]}
2017-11-08 19:39:11.687 [http-apr-8080-exec-75] INFO  com.ray.weixin.qy.service.message.reply.ReplyMessageService - postData:<xml><ToUserName><![CDATA[ww92f5da92bb24696e]]></ToUserName><Encrypt><![CDATA[2rhkryi3Xjq7PAzV39l3ugHJrFNjgmpgQ1c8NOdoOcqjXokIhAveMWql+owAsKn6SrkGKwn6eSGanAAl2CdOlk6qWwnHC4WADzX4FYGAwTzRG8UZkcuVl5ylyYa0vl+ePFfv8OTDK9PcVhoMQufaWK0nWsmoRx1xqkP7i/OHO33a8r8LRour8uluQunj+W7Y9143oTWgu3ES36VtfKNp/EJ71tXWsoMn6iEEXS9nBS9gqgn30hRdpL8mBsh0fKbg2m/wtbkc3aqnmoHPyCZ6L4ONeAIL8BpvB23dcFb30eKGNKMnp/gwhOqucj6kSQZDFN2F4jtrEOZIhaHk/8HYgZNSUseXBsZKVllK2bTG6SWaWCI+4qVUxFHuCqBAe1mToxOKoMt/zDlIMV68dOkgOAiGM5SCa+9bTB0xHRySyK9qdmXk8rLfKCYHzD0ZDSdirrVul7enx2AnpVwqo0YubRWYHNqKSzQJ+fEjnszZGHMRnz5oBdtUAexrVegp6j6A]]></Encrypt><AgentID><![CDATA[1000002]]></AgentID></xml>
2017-11-08 19:39:11.695 [http-apr-8080-exec-75] INFO  com.ray.weixin.qy.service.message.reply.ReplyMessageService - reply_xmlMsg:<xml><ToUserName><![CDATA[ww92f5da92bb24696e]]></ToUserName><FromUserName><![CDATA[ShiRui]]></FromUserName><CreateTime>1510141151</CreateTime><MsgType><![CDATA[event]]></MsgType><AgentID>1000002</AgentID><Event><![CDATA[LOCATION]]></Event><Latitude>31.1676</Latitude><Longitude>121.156</Longitude><Precision>15</Precision></xml>
2017-11-08 19:39:11.701 [http-apr-8080-exec-75] INFO  com.ray.weixin.qy.service.message.reply.ReplyMessageService - fromUserName:ShiRui
2017-11-08 19:39:11.701 [http-apr-8080-exec-75] INFO  com.ray.weixin.qy.service.message.reply.ReplyMessageService - toUserName:ww92f5da92bb24696e
2017-11-08 19:39:11.701 [http-apr-8080-exec-75] INFO  com.ray.weixin.qy.service.message.reply.ReplyMessageService - msgType:event
2017-11-08 19:39:11.701 [http-apr-8080-exec-75] INFO  com.ray.weixin.qy.service.message.reply.ReplyMessageService - Event:LOCATION  eventKey:null
2017-11-08 19:39:19.230 [http-apr-8080-exec-68] INFO  com.ray.weixin.qy.controller.WeiXinServlet - post--------------
2017-11-08 19:39:19.230 [http-apr-8080-exec-68] INFO  com.ray.weixin.qy.service.message.reply.ReplyMessageService - parms:{"msg_signature":["b3eca8f3499becaec75d3c47276aa7239bb6d670"],"timestamp":["1510141158"],"nonce":["961234633"]}
2017-11-08 19:39:19.231 [http-apr-8080-exec-68] INFO  com.ray.weixin.qy.service.message.reply.ReplyMessageService - postData:<xml><ToUserName><![CDATA[ww92f5da92bb24696e]]></ToUserName><Encrypt><![CDATA[CabggbhU+f0RKUkBMN6yYCTVoeyPjI4Z/ffyInOKKbHiXc3nfpWLSLCEkGXIcKbs2I5yCoh5IqLf/XJ1t2ZayW1WTVVC4e7C57wnGIPKf86GxGtgfzixwGaJMnuDk8JnsW6/CV0CbmXbYVJ25rD5ZsapMzu27dqO6T9zcLp99Cls1mP5xv/CyGm/ni9XvfbiOmbGLmtoA1Oze/BdaMeCOwtd4gqyRnXwI2Y4YmhOLwG7V1YD97UaTQmlhDdxqPmdECidHyHBz73L8a8NKRlT0G/ws78KVw1xic+DGEo/Wt39wCLKWsP4nYZwgPC+sEmpedpJ0PSNzFrRrZQrQ+ciwsk/iLUa9AcULBIhP24B9c+lQ5gWxGx3XOatDCqnc4H7k3HM0EGsYqefIuHZ9TFR3pJlrdCo3xJVvRkCerZqrAMSPDzhWz8BQRm4xgm+FNeQhl5Q02oHyKeMzEgVhb+trsbcx2WyAW6Eett6FwU8/5/iF5ePb6zP2aSOuLYiet/j]]></Encrypt><AgentID><![CDATA[1000002]]></AgentID></xml>
2017-11-08 19:39:19.233 [http-apr-8080-exec-68] INFO  com.ray.weixin.qy.service.message.reply.ReplyMessageService - reply_xmlMsg:<xml><ToUserName><![CDATA[ww92f5da92bb24696e]]></ToUserName><FromUserName><![CDATA[ShiRui]]></FromUserName><CreateTime>1510141158</CreateTime><MsgType><![CDATA[event]]></MsgType><AgentID>1000002</AgentID><Event><![CDATA[LOCATION]]></Event><Latitude>31.1676</Latitude><Longitude>121.156</Longitude><Precision>15</Precision></xml>
2017-11-08 19:39:19.234 [http-apr-8080-exec-68] INFO  com.ray.weixin.qy.service.message.reply.ReplyMessageService - fromUserName:ShiRui
2017-11-08 19:39:19.234 [http-apr-8080-exec-68] INFO  com.ray.weixin.qy.service.message.reply.ReplyMessageService - toUserName:ww92f5da92bb24696e
2017-11-08 19:39:19.234 [http-apr-8080-exec-68] INFO  com.ray.weixin.qy.service.message.reply.ReplyMessageService - msgType:event
2017-11-08 19:39:19.234 [http-apr-8080-exec-68] INFO  com.ray.weixin.qy.service.message.reply.ReplyMessageService - Event:LOCATION  eventKey:null
2017-11-08 19:39:21.726 [http-apr-8080-exec-77] INFO  com.ray.weixin.qy.controller.WeiXinServlet - post--------------
2017-11-08 19:39:21.726 [http-apr-8080-exec-77] INFO  com.ray.weixin.qy.service.message.reply.ReplyMessageService - parms:{"msg_signature":["9fd7c8afe2daf9d77e96508d9f0ba9932a9357b7"],"timestamp":["1510141161"],"nonce":["804772024"]}
2017-11-08 19:39:21.726 [http-apr-8080-exec-77] INFO  com.ray.weixin.qy.service.message.reply.ReplyMessageService - postData:<xml><ToUserName><![CDATA[ww92f5da92bb24696e]]></ToUserName><Encrypt><![CDATA[QQQLXFH4+xJNrW2NjxUiW7J6CooUpD+P9zg1DPoREpYRoeGx3DFN+ExZsockHaDGEZln5gwqAVSPDH9txyEmresmk0FhAv193gjsxqUT/Jg3+AGwPAdFjY6aL6n3ExBihgddzaldj9Cj9LKwQsCUKU+w+Yp/dhlO787BjzW4B70C+glzgqwgn2oZKFYTkIxPmeGga0wKkzaBSd46iBT7cTpb+eTS9kGi4dhwPRhVxkmGyvg9Y0tNKiI2LbHp4fbSN+RDLvgOvTpwXbOoTTIsfryLDeh5ry9zXp5Tehnb5LeUPzETwnUoLptiwL1THOH7wRyghtciHrtSD/M+6QuSc4clU7BHPnKxM3c03SKFA+RozqwfNB8Wkt5xTQ0K6fmnqOj6XeeCLvhEaym6mNv2PZRtPzSPg3GihN3wJJwNWd+D9bRxAinNb2aEGT6lVBPb1p86VB+ozYVK5VfF10BznKmo/3Hx0Yz1xCcvjrs6y9jiaXa84ntbbfnqaDh//zVP]]></Encrypt><AgentID><![CDATA[1000002]]></AgentID></xml>
2017-11-08 19:39:21.728 [http-apr-8080-exec-77] INFO  com.ray.weixin.qy.service.message.reply.ReplyMessageService - reply_xmlMsg:<xml><ToUserName><![CDATA[ww92f5da92bb24696e]]></ToUserName><FromUserName><![CDATA[ShiRui]]></FromUserName><CreateTime>1510141161</CreateTime><MsgType><![CDATA[event]]></MsgType><AgentID>1000002</AgentID><Event><![CDATA[LOCATION]]></Event><Latitude>31.1676</Latitude><Longitude>121.156</Longitude><Precision>15</Precision></xml>
2017-11-08 19:39:21.729 [http-apr-8080-exec-77] INFO  com.ray.weixin.qy.service.message.reply.ReplyMessageService - fromUserName:ShiRui
2017-11-08 19:39:21.729 [http-apr-8080-exec-77] INFO  com.ray.weixin.qy.service.message.reply.ReplyMessageService - toUserName:ww92f5da92bb24696e
2017-11-08 19:39:21.729 [http-apr-8080-exec-77] INFO  com.ray.weixin.qy.service.message.reply.ReplyMessageService - msgType:event
2017-11-08 19:39:21.729 [http-apr-8080-exec-77] INFO  com.ray.weixin.qy.service.message.reply.ReplyMessageService - Event:LOCATION  eventKey:null
2017-11-08 19:39:26.845 [http-apr-8080-exec-71] INFO  com.ray.weixin.qy.controller.WeiXinServlet - post--------------
2017-11-08 19:39:26.846 [http-apr-8080-exec-71] INFO  com.ray.weixin.qy.service.message.reply.ReplyMessageService - parms:{"msg_signature":["82d848a87f222112672587f25eb007342756d7da"],"timestamp":["1510141166"],"nonce":["964575328"]}
2017-11-08 19:39:26.846 [http-apr-8080-exec-71] INFO  com.ray.weixin.qy.service.message.reply.ReplyMessageService - postData:<xml><ToUserName><![CDATA[ww92f5da92bb24696e]]></ToUserName><Encrypt><![CDATA[7JPIznzKI4TwSvbcvT2qqRIF7ktTFxwNynkPBSjBxeZIxIiws/q1pzx4P2LRBBOSyNu5bu1s0NgZqJ3y0mE0+5llsjhYpwpnAtZsMy+AW08Ge7H7tlZOSnq3LEJFYotJvAohm5VdgEjUeeeqYmXfuLYbY8VOrcZYSRtyQSbTJCioTddYG+K0EBWcBmvO4zt1sMIsRK6j+KaPpAZCnYgWcDtO1dGS7yKn+7boMvwE1uI3462CJUpG9/XXYQQ8lnGV7rUxb7GHn+IWrGFFR0CCq1DZAEGFbtsoIVq6o5I4fL0dwmrCAogaWk6rxzid1YIAC4QeksnPaz/YAuOWnQBfObxlbF9+u/F0rhokUuu6fbI+7K83ZlON+V00jYkJP3Tco/bINfmGqs6ZZ8FJE4oF1WA/PPqXy5Zd+zWxf/HRggBTXiffSmlZP09B/NqmumW17EjOQSJZDpnNbSiREC9dGdl3EZkkhmmCN5BmWcn9Twigs4U2KhSlvgvRTiC8ZlAC]]></Encrypt><AgentID><![CDATA[1000002]]></AgentID></xml>
2017-11-08 19:39:26.847 [http-apr-8080-exec-71] INFO  com.ray.weixin.qy.service.message.reply.ReplyMessageService - reply_xmlMsg:<xml><ToUserName><![CDATA[ww92f5da92bb24696e]]></ToUserName><FromUserName><![CDATA[ShiRui]]></FromUserName><CreateTime>1510141166</CreateTime><MsgType><![CDATA[event]]></MsgType><AgentID>1000002</AgentID><Event><![CDATA[LOCATION]]></Event><Latitude>31.1676</Latitude><Longitude>121.156</Longitude><Precision>15</Precision></xml>
2017-11-08 19:39:26.848 [http-apr-8080-exec-71] INFO  com.ray.weixin.qy.service.message.reply.ReplyMessageService - fromUserName:ShiRui
2017-11-08 19:39:26.848 [http-apr-8080-exec-71] INFO  com.ray.weixin.qy.service.message.reply.ReplyMessageService - toUserName:ww92f5da92bb24696e
2017-11-08 19:39:26.849 [http-apr-8080-exec-71] INFO  com.ray.weixin.qy.service.message.reply.ReplyMessageService - msgType:event
2017-11-08 19:39:26.849 [http-apr-8080-exec-71] INFO  com.ray.weixin.qy.service.message.reply.ReplyMessageService - Event:LOCATION  eventKey:null
2017-11-08 19:39:31.789 [http-apr-8080-exec-73] INFO  com.ray.weixin.qy.controller.WeiXinServlet - post--------------
2017-11-08 19:39:31.790 [http-apr-8080-exec-73] INFO  com.ray.weixin.qy.service.message.reply.ReplyMessageService - parms:{"msg_signature":["b06954e0a1c276a72f40e932c1e813474b213b10"],"timestamp":["1510141171"],"nonce":["761167171"]}
2017-11-08 19:39:31.790 [http-apr-8080-exec-73] INFO  com.ray.weixin.qy.service.message.reply.ReplyMessageService - postData:<xml><ToUserName><![CDATA[ww92f5da92bb24696e]]></ToUserName><Encrypt><![CDATA[PjNOphzuXI9le7MKf/z2S89h0IYXXH8M8pWPbSGD1SDbZf+3flvcuVksIsr+RJlgXD8kAx5onqsCv7tKMygebjXzga7OeXYXcopa9hzkRjULz52+v1ScLgaDp5V8pBrrNHgajKnIGBP6nDKvdVvJ31PlPf7pqmJb3nIFzno+6+sYpd56MklcRm/iwIddnrf26ayVvz/ATsLqeFJ4fLBhvqW9qe0X2ZZLKlLHxuJCtPTilgxRm4CPa6Z2b2rSQ9rEoQjfTMDBgtaFtlgauiX7ZRiWmwqMhgCLN4i/udMF1yOYnQQFTdoX2oZFdqjxwXjOEFA4jkE5QdqX4hLmesFuNxN9tKWOs9B4bY2/Lc6I3VO0NVPwcdURbaKnOEDwqh7NraFyXBUFbLYsOrDo1xl4A8YQRHwFvTpS80v8g1/rhxr1rBdc4JvW16chFPS+2DYRqgF6FGWV1iw0aH4l//mcIeOFe3kRdLbHjexbnQNY//F1goHG8IH16C5b5Ut0JH/z]]></Encrypt><AgentID><![CDATA[1000002]]></AgentID></xml>
2017-11-08 19:39:31.791 [http-apr-8080-exec-73] INFO  com.ray.weixin.qy.service.message.reply.ReplyMessageService - reply_xmlMsg:<xml><ToUserName><![CDATA[ww92f5da92bb24696e]]></ToUserName><FromUserName><![CDATA[ShiRui]]></FromUserName><CreateTime>1510141171</CreateTime><MsgType><![CDATA[event]]></MsgType><AgentID>1000002</AgentID><Event><![CDATA[LOCATION]]></Event><Latitude>31.1676</Latitude><Longitude>121.156</Longitude><Precision>15</Precision></xml>
2017-11-08 19:39:31.793 [http-apr-8080-exec-73] INFO  com.ray.weixin.qy.service.message.reply.ReplyMessageService - fromUserName:ShiRui
2017-11-08 19:39:31.793 [http-apr-8080-exec-73] INFO  com.ray.weixin.qy.service.message.reply.ReplyMessageService - toUserName:ww92f5da92bb24696e
2017-11-08 19:39:31.793 [http-apr-8080-exec-73] INFO  com.ray.weixin.qy.service.message.reply.ReplyMessageService - msgType:event
2017-11-08 19:39:31.793 [http-apr-8080-exec-73] INFO  com.ray.weixin.qy.service.message.reply.ReplyMessageService - Event:LOCATION  eventKey:null
2017-11-08 19:39:36.930 [http-apr-8080-exec-75] INFO  com.ray.weixin.qy.controller.WeiXinServlet - post--------------
2017-11-08 19:39:36.930 [http-apr-8080-exec-75] INFO  com.ray.weixin.qy.service.message.reply.ReplyMessageService - parms:{"msg_signature":["430d044db6e36d85abea2562c30c61bba2e2dd23"],"timestamp":["1510141176"],"nonce":["879815276"]}
2017-11-08 19:39:36.932 [http-apr-8080-exec-75] INFO  com.ray.weixin.qy.service.message.reply.ReplyMessageService - postData:<xml><ToUserName><![CDATA[ww92f5da92bb24696e]]></ToUserName><Encrypt><![CDATA[a91yiCJdOuu4Qjo/4ikChqYooNtJGj2b6AWbRC9lANMYpCGgrwswCTDZZBE4PNcpdEYcdM4W4dK094KgTTAcZz7cGGTmCrGSexdpou1tytsZaWMFrMAOC5BOv2smmYQQcLSHw2Ku1LvHoiCzGYQII2Xt9WvFml3vAJFoG90Z6Acl5qrlbnzn4Uu7e/VejShG1jBmTOAwlxY9HNViF8C53/2F5z7b6EJCshKq2vvaM8JmglVpNqSkc/fahhukxnYU2UTDK1843iDoj71XUAvXYZLpkCOD1JMZukoLxyQbl6rtul3472KJtyUnGJw6Mz2jyqAXCEpYyXNs0pauU7oKZSED9C5ktVgCuVqAjKnuFLeueewWXdc/NUp6cyJiJF2Fg5hjE+0EqRFAXJbxX3ENqQfHG/woyDxv18De3Mlk6NoNZfISIByRAqIiWpveTw2rDaFVEpAPIwFmeoQK3yJ0ckSMB3NG+rRJrrZDcRL6jBz6tiy3I4iG4cyBfuSSYJ6Y]]></Encrypt><AgentID><![CDATA[1000002]]></AgentID></xml>
2017-11-08 19:39:36.934 [http-apr-8080-exec-75] INFO  com.ray.weixin.qy.service.message.reply.ReplyMessageService - reply_xmlMsg:<xml><ToUserName><![CDATA[ww92f5da92bb24696e]]></ToUserName><FromUserName><![CDATA[ShiRui]]></FromUserName><CreateTime>1510141176</CreateTime><MsgType><![CDATA[event]]></MsgType><AgentID>1000002</AgentID><Event><![CDATA[LOCATION]]></Event><Latitude>31.1676</Latitude><Longitude>121.156</Longitude><Precision>15</Precision></xml>
2017-11-08 19:39:36.937 [http-apr-8080-exec-75] INFO  com.ray.weixin.qy.service.message.reply.ReplyMessageService - fromUserName:ShiRui
2017-11-08 19:39:36.937 [http-apr-8080-exec-75] INFO  com.ray.weixin.qy.service.message.reply.ReplyMessageService - toUserName:ww92f5da92bb24696e
2017-11-08 19:39:36.937 [http-apr-8080-exec-75] INFO  com.ray.weixin.qy.service.message.reply.ReplyMessageService - msgType:event
2017-11-08 19:39:36.938 [http-apr-8080-exec-75] INFO  com.ray.weixin.qy.service.message.reply.ReplyMessageService - Event:LOCATION  eventKey:null
2017-11-08 19:39:37.966 [http-apr-8080-exec-77] INFO  com.ray.weixin.qy.controller.WeiXinServlet - post--------------
2017-11-08 19:39:37.967 [http-apr-8080-exec-77] INFO  com.ray.weixin.qy.service.message.reply.ReplyMessageService - parms:{"msg_signature":["f1405c5cf910bfb0848056bffed33f983f6271c8"],"timestamp":["1510141177"],"nonce":["1613266960"]}
2017-11-08 19:39:37.967 [http-apr-8080-exec-77] INFO  com.ray.weixin.qy.service.message.reply.ReplyMessageService - postData:<xml><ToUserName><![CDATA[ww92f5da92bb24696e]]></ToUserName><Encrypt><![CDATA[K0Qm3KwBxVT+TplCSisr7RdLkR8m9tGP62ugvCTlsXwZVPuOrJs/TRl7fuBbuGPVtxzuIbyEuMzrZjTX0ZuUR9/17f0u85XjfY8NQWpvggH0SB4bD7dEdescMAitwvfsYQwKReQHfXZ/gr25zqK5pnyed8uAOQ0Lnb9HVOURSmzWxvCatr7/w+AgCc1ZBXzJ7L6eiCBefih9opjLKSlCxoMMD+v+rdMeW6MOVxErxESQyNznzZtl5CZJQUsZLLvVm7/BzuEcRdoiZbPWyZtieVJTd/o4YTtvdP9x3mvzihsAc6jDL3c7ln8H/PeEMG/MJlPJwij9/nu9/HLz8JV2JFGHIu6Dh7XnWRKHhQNIF686ZkdNYuW14ZO3YPNPZ+AvIkmXvMgk0MxxXPXH5quq6ux8oha9D8toa5Va/WcmPNP2fVeP3jc67udE0/xQLgpe5fqv27j2hOXUpmjx6nVX8QvNiDu5c4VO8BDjmmcKmq/Rj4hfzjKhIQ0e9xjKs2mL]]></Encrypt><AgentID><![CDATA[1000002]]></AgentID></xml>
2017-11-08 19:39:37.969 [http-apr-8080-exec-77] INFO  com.ray.weixin.qy.service.message.reply.ReplyMessageService - reply_xmlMsg:<xml><ToUserName><![CDATA[ww92f5da92bb24696e]]></ToUserName><FromUserName><![CDATA[ShiRui]]></FromUserName><CreateTime>1510141177</CreateTime><MsgType><![CDATA[event]]></MsgType><AgentID>1000002</AgentID><Event><![CDATA[view]]></Event><EventKey><![CDATA[http://rayner.nat300.top/weixin_qy/showInvoice.jsp]]></EventKey></xml>
2017-11-08 19:39:37.970 [http-apr-8080-exec-77] INFO  com.ray.weixin.qy.service.message.reply.ReplyMessageService - fromUserName:ShiRui
2017-11-08 19:39:37.970 [http-apr-8080-exec-77] INFO  com.ray.weixin.qy.service.message.reply.ReplyMessageService - toUserName:ww92f5da92bb24696e
2017-11-08 19:39:37.971 [http-apr-8080-exec-77] INFO  com.ray.weixin.qy.service.message.reply.ReplyMessageService - msgType:event
2017-11-08 19:39:37.971 [http-apr-8080-exec-77] INFO  com.ray.weixin.qy.service.message.reply.ReplyMessageService - Event:view  eventKey:http://rayner.nat300.top/weixin_qy/showInvoice.jsp
2017-11-08 19:39:38.236 [http-apr-8080-exec-68] INFO  com.ray.weixin.qy.util.AuthHelper - jsonObject:{"errcode":0,"access_token":"ZKrmF55qn7-XEP21Tz8wU891N2DLOgOyBr7gSlyW0EyP92tytr30wnbUR_rDOyYokg9RxFAq7HiHZ433Z82yYJM3pQop6QNPtit8k-9cBNHYN3VkdAD0ndbyGgjqim6lAw9JaGlgkiPWtc-mNdW0tcmf7XmLgxUilWSOc9nsz7PxcgWW65NHaYlWYXOBLEgT3QqzMd9K-669IWyOm26GyA","errmsg":"ok","expires_in":7200}
2017-11-08 19:39:38.610 [http-apr-8080-exec-68] INFO  com.ray.weixin.qy.util.AuthHelper - jsonObject:{"errcode":0,"ticket":"kgt8ON7yVITDhtdwci0qebCLEfC_BfeygIq8cFPLbdY6MM-5fA76IIfoqvBcC2C5ToCaAtocjY1xMBshMnDLbA","errmsg":"ok","expires_in":7200}
2017-11-08 19:39:38.611 [http-apr-8080-exec-68] INFO  com.ray.weixin.qy.util.AuthHelper - url:http://rayner.nat300.top/weixin_qy/showInvoice.jsp
2017-11-08 19:39:38.611 [http-apr-8080-exec-68] INFO  com.ray.weixin.qy.util.AuthHelper - accessToken:ZKrmF55qn7-XEP21Tz8wU891N2DLOgOyBr7gSlyW0EyP92tytr30wnbUR_rDOyYokg9RxFAq7HiHZ433Z82yYJM3pQop6QNPtit8k-9cBNHYN3VkdAD0ndbyGgjqim6lAw9JaGlgkiPWtc-mNdW0tcmf7XmLgxUilWSOc9nsz7PxcgWW65NHaYlWYXOBLEgT3QqzMd9K-669IWyOm26GyA
2017-11-08 19:39:38.611 [http-apr-8080-exec-68] INFO  com.ray.weixin.qy.util.AuthHelper - jsapi_ticket:kgt8ON7yVITDhtdwci0qebCLEfC_BfeygIq8cFPLbdY6MM-5fA76IIfoqvBcC2C5ToCaAtocjY1xMBshMnDLbA
2017-11-08 19:39:38.612 [http-apr-8080-exec-68] INFO  com.ray.weixin.qy.util.AuthHelper - appId:ww92f5da92bb24696e
2017-11-08 19:39:38.612 [http-apr-8080-exec-68] INFO  com.ray.weixin.qy.util.AuthHelper - timestamp:1510141178
2017-11-08 19:39:38.612 [http-apr-8080-exec-68] INFO  com.ray.weixin.qy.util.AuthHelper - nonceStr:16b162a8-b884-4463-b645-a51e4d36cbc1
2017-11-08 19:39:38.612 [http-apr-8080-exec-68] INFO  com.ray.weixin.qy.util.AuthHelper - signature:f8882c1cd1d18c0af4e7785aa19725a8ee922834
2017-11-08 19:39:38.612 [http-apr-8080-exec-68] INFO  com.ray.weixin.qy.util.AuthHelper - configValue:{"signature":"f8882c1cd1d18c0af4e7785aa19725a8ee922834","appId":"ww92f5da92bb24696e","nonceStr":"16b162a8-b884-4463-b645-a51e4d36cbc1","timestamp":"1510141178"}
2017-11-08 19:39:41.818 [http-apr-8080-exec-74] INFO  com.ray.weixin.qy.controller.WeiXinServlet - post--------------
2017-11-08 19:39:41.820 [http-apr-8080-exec-74] INFO  com.ray.weixin.qy.service.message.reply.ReplyMessageService - parms:{"msg_signature":["9fa91020e233b6869b864c37c8e706c99ac48fce"],"timestamp":["1510141181"],"nonce":["307566550"]}
2017-11-08 19:39:41.821 [http-apr-8080-exec-74] INFO  com.ray.weixin.qy.service.message.reply.ReplyMessageService - postData:<xml><ToUserName><![CDATA[ww92f5da92bb24696e]]></ToUserName><Encrypt><![CDATA[3JL33zwHbNJ6XM0CVpUNxUf17ccElSH1f7ll1VEvTOUf0l+xdVj0A6Pc/1lLtN71KZBdRqpby2y4q8M95q9cRUCQfQxbVX0z1ZFtDuebRWmdgYyWpsE8uIy6s8AetBR2gB3616FQgh8Sn2ADbwk8XpFclG0gFCkxoa2U2bL9wAxd4S+U3Fw7MnOsJDblt8pXcz5MrKEv9dU1J45bnP1INV0D1Pi4Q6C13LF9V4Bmv0DkNPuiBGFmT86N0A6WXDiOnzIyNJ0d4m5VpOz3kK6oAiDMSY8KxNrOpmjYVn2eTvVpe88tf79I1MJO5KAxcpUFEvktVc2wBAlbIh/WejaYQQRRX75VSWlUkDx+fy5iyP/wiPU7PMFQ3cGgkv7QdvDr5PCA3wwIZ13Q9Cdrj9Rg6oGbEKIxr8Yz4tCDRw4frQplcvInbKdfSjhzzlWhqPDODAFUDo9QLR8+S0XHwgeadIeDZSF+fC5k9BNDxOJDJRuzD+BNoHMQFZ1C9kBtRNz1]]></Encrypt><AgentID><![CDATA[1000002]]></AgentID></xml>
2017-11-08 19:39:41.824 [http-apr-8080-exec-74] INFO  com.ray.weixin.qy.service.message.reply.ReplyMessageService - reply_xmlMsg:<xml><ToUserName><![CDATA[ww92f5da92bb24696e]]></ToUserName><FromUserName><![CDATA[ShiRui]]></FromUserName><CreateTime>1510141181</CreateTime><MsgType><![CDATA[event]]></MsgType><AgentID>1000002</AgentID><Event><![CDATA[LOCATION]]></Event><Latitude>31.1676</Latitude><Longitude>121.156</Longitude><Precision>15</Precision></xml>
2017-11-08 19:39:41.827 [http-apr-8080-exec-74] INFO  com.ray.weixin.qy.service.message.reply.ReplyMessageService - fromUserName:ShiRui
2017-11-08 19:39:41.828 [http-apr-8080-exec-74] INFO  com.ray.weixin.qy.service.message.reply.ReplyMessageService - toUserName:ww92f5da92bb24696e
2017-11-08 19:39:41.828 [http-apr-8080-exec-74] INFO  com.ray.weixin.qy.service.message.reply.ReplyMessageService - msgType:event
2017-11-08 19:39:41.828 [http-apr-8080-exec-74] INFO  com.ray.weixin.qy.service.message.reply.ReplyMessageService - Event:LOCATION  eventKey:null
2017-11-08 19:39:46.883 [http-apr-8080-exec-76] INFO  com.ray.weixin.qy.controller.WeiXinServlet - post--------------
2017-11-08 19:39:46.886 [http-apr-8080-exec-76] INFO  com.ray.weixin.qy.service.message.reply.ReplyMessageService - parms:{"msg_signature":["97da018b38b33b58078d83c52d648ed9bf96cf7a"],"timestamp":["1510141186"],"nonce":["1917017689"]}
2017-11-08 19:39:46.886 [http-apr-8080-exec-76] INFO  com.ray.weixin.qy.service.message.reply.ReplyMessageService - postData:<xml><ToUserName><![CDATA[ww92f5da92bb24696e]]></ToUserName><Encrypt><![CDATA[taSDdei0EszOaaOVRjx9759p8CbjeCnZs+h9qvxPjStBttxJ/BcRmpVneF/MWXDaU+4vmBEUd88svcQiLufGBRpj6DiuuX5MvovQV2Y00r47phFAzKXVkzv0ZDifxlZmHdjjZuJU0xA8QlArNz8dEFr8Y4Hmt/ljX+7NKNOolW36ivy9jXpK3Kik8YTfsqvNxae5ThnWWf7DfM6Z3TrpueqtwbWqsNEas6+ftuIW0UN6dCRDmdPVMByh8spuMloM3Ada7cRp/u1J1yUACliTBFjolJJdP+CI0DhErJiVoac3ZyV6dgCt0FC43UWL9kFB7mewl0lPInz1uE02fHAigyPc6LH/+7VZj7dJmdrZm9Ty//KAkBaXfsbVylLPk6H4pHeDxjijOGvhrYePIx/4HIeqND1p5+rItl6K4qxGpURBbDKLMFnYuy6AQlFhvUn4BLcKaaPQhSEodC9iBpZFn7cD8BQfBwy9ShZBo/YFLP4+eaqFbdIqyUANADfz3e6u]]></Encrypt><AgentID><![CDATA[1000002]]></AgentID></xml>
2017-11-08 19:39:46.889 [http-apr-8080-exec-76] INFO  com.ray.weixin.qy.service.message.reply.ReplyMessageService - reply_xmlMsg:<xml><ToUserName><![CDATA[ww92f5da92bb24696e]]></ToUserName><FromUserName><![CDATA[ShiRui]]></FromUserName><CreateTime>1510141186</CreateTime><MsgType><![CDATA[event]]></MsgType><AgentID>1000002</AgentID><Event><![CDATA[LOCATION]]></Event><Latitude>31.1676</Latitude><Longitude>121.156</Longitude><Precision>15</Precision></xml>
2017-11-08 19:39:46.893 [http-apr-8080-exec-76] INFO  com.ray.weixin.qy.service.message.reply.ReplyMessageService - fromUserName:ShiRui
2017-11-08 19:39:46.893 [http-apr-8080-exec-76] INFO  com.ray.weixin.qy.service.message.reply.ReplyMessageService - toUserName:ww92f5da92bb24696e
2017-11-08 19:39:46.893 [http-apr-8080-exec-76] INFO  com.ray.weixin.qy.service.message.reply.ReplyMessageService - msgType:event
2017-11-08 19:39:46.893 [http-apr-8080-exec-76] INFO  com.ray.weixin.qy.service.message.reply.ReplyMessageService - Event:LOCATION  eventKey:null
2017-11-08 19:39:51.705 [http-apr-8080-exec-77] INFO  com.ray.weixin.qy.controller.WeiXinServlet - post--------------
2017-11-08 19:39:51.706 [http-apr-8080-exec-77] INFO  com.ray.weixin.qy.service.message.reply.ReplyMessageService - parms:{"msg_signature":["b669f6383a289692ed8754a09aa68c9234d147ed"],"timestamp":["1510141191"],"nonce":["1906288016"]}
2017-11-08 19:39:51.706 [http-apr-8080-exec-77] INFO  com.ray.weixin.qy.service.message.reply.ReplyMessageService - postData:<xml><ToUserName><![CDATA[ww92f5da92bb24696e]]></ToUserName><Encrypt><![CDATA[m8FSraIaDSUtgAuS+VWOiYrtoOWvKJ27hI6USAflbcvCmR3PldXRQwi3B51VODxv+U6dRcQjUXgMruRl5JH85BvD7ac5wxM2JcCmzNVYbGD8vfEAILU8ANbpy77JJQ5helvJWv/yn/BLIQKHJTvI0vZirjfM+ZSzPwrKJvL37S7wjZ8kM2assNnprQ1r1fdG6WGKuPRZeosiAn0KYVHpkknMbzWjDmGnZIbato41WP0zcCgPoylMeO4R2XtEsnwfQrGUCJVCQ7OubFQu6aXNhKvGShRYDRcCaHtHLF9b99q/gtwpSxW6ADXIEfvPt92vKvbewzO16iD8s5PmahYJLCV3l8RJu9XlML2+LDZFD0vRTtbGrJ0eF9yZGosXUQuz6D2hpRxphJ5g539JAhkmTBE0qIA0g/IqW/9HfH+LhxNLBZXWVCi1/+CLCv7eZKKEyBVSPerjW+cJd1yvJB0/Di2vrrgJhyogu3FJtCUj8TTRiwDavmaYFHmOqxXrU64n]]></Encrypt><AgentID><![CDATA[1000002]]></AgentID></xml>
2017-11-08 19:39:51.707 [http-apr-8080-exec-77] INFO  com.ray.weixin.qy.service.message.reply.ReplyMessageService - reply_xmlMsg:<xml><ToUserName><![CDATA[ww92f5da92bb24696e]]></ToUserName><FromUserName><![CDATA[ShiRui]]></FromUserName><CreateTime>1510141191</CreateTime><MsgType><![CDATA[event]]></MsgType><AgentID>1000002</AgentID><Event><![CDATA[LOCATION]]></Event><Latitude>31.1676</Latitude><Longitude>121.156</Longitude><Precision>15</Precision></xml>
2017-11-08 19:39:51.708 [http-apr-8080-exec-77] INFO  com.ray.weixin.qy.service.message.reply.ReplyMessageService - fromUserName:ShiRui
2017-11-08 19:39:51.709 [http-apr-8080-exec-77] INFO  com.ray.weixin.qy.service.message.reply.ReplyMessageService - toUserName:ww92f5da92bb24696e
2017-11-08 19:39:51.709 [http-apr-8080-exec-77] INFO  com.ray.weixin.qy.service.message.reply.ReplyMessageService - msgType:event
2017-11-08 19:39:51.709 [http-apr-8080-exec-77] INFO  com.ray.weixin.qy.service.message.reply.ReplyMessageService - Event:LOCATION  eventKey:null
2017-11-08 19:39:52.143 [http-apr-8080-exec-70] INFO  com.ray.weixin.qy.controller.WeiXinServlet - post--------------
2017-11-08 19:39:52.144 [http-apr-8080-exec-70] INFO  com.ray.weixin.qy.service.message.reply.ReplyMessageService - parms:{"msg_signature":["8c5a7a35f8bb92c10c02189bc69aee4ebeac353c"],"timestamp":["1510141191"],"nonce":["1545004014"]}
2017-11-08 19:39:52.145 [http-apr-8080-exec-70] INFO  com.ray.weixin.qy.service.message.reply.ReplyMessageService - postData:<xml><ToUserName><![CDATA[ww92f5da92bb24696e]]></ToUserName><Encrypt><![CDATA[eGqX5Luanz2FkiYq3ffCZ7JTm+lbSnDCLP3Oe4v4C5h70kLgq4azddGA/wu8eRhXxA3OvcVkOyUB5ejraX/MraOxPjwS3J4tZEQHHixBV7cJUsFPcQl9qIdvTE7iF3wHfeB/eX7tJ6hSEVxGl3KtFXFADf+YgShD/Em3lv6/KyKhHqn1NqkYkhawV+iD2nRjpZ4tYBJsoVI3DTKpXpPaK7pdyCef9FhGcihUNoQ6JP+glSuiG2kbGQ4gP//NuFfwgA8s70SBwrZU0Pl1NCsM8kaygzZzt98o3zTdWEtTJ9Ox/VjyijggBhW0qZZjSHWwm4uzlBagGp4mKNpXAEWA5EXP6LypNXlF7uEFLTqbvVca/hoHnpTRphgj/lJniglYAMndrAO1eC/33+3/rzZAooOJkicyE2e/Vl7vqtLRzLMRwHOZy3xprVj+DgoP9cBPJIJCdq/nCMtB7ujgqhl3+tuySAXjUFjUpzXnrlaARyXeifKklN0Z4a+JsTo5CpDf]]></Encrypt><AgentID><![CDATA[1000002]]></AgentID></xml>
2017-11-08 19:39:52.147 [http-apr-8080-exec-70] INFO  com.ray.weixin.qy.service.message.reply.ReplyMessageService - reply_xmlMsg:<xml><ToUserName><![CDATA[ww92f5da92bb24696e]]></ToUserName><FromUserName><![CDATA[ShiRui]]></FromUserName><CreateTime>1510141191</CreateTime><MsgType><![CDATA[event]]></MsgType><AgentID>1000002</AgentID><Event><![CDATA[LOCATION]]></Event><Latitude>31.1695</Latitude><Longitude>121.152</Longitude><Precision>0</Precision></xml>
2017-11-08 19:39:52.149 [http-apr-8080-exec-70] INFO  com.ray.weixin.qy.service.message.reply.ReplyMessageService - fromUserName:ShiRui
2017-11-08 19:39:52.149 [http-apr-8080-exec-70] INFO  com.ray.weixin.qy.service.message.reply.ReplyMessageService - toUserName:ww92f5da92bb24696e
2017-11-08 19:39:52.149 [http-apr-8080-exec-70] INFO  com.ray.weixin.qy.service.message.reply.ReplyMessageService - msgType:event
2017-11-08 19:39:52.149 [http-apr-8080-exec-70] INFO  com.ray.weixin.qy.service.message.reply.ReplyMessageService - Event:LOCATION  eventKey:null
2017-11-08 19:39:53.795 [http-apr-8080-exec-72] INFO  com.ray.weixin.qy.controller.WeiXinServlet - post--------------
2017-11-08 19:39:53.796 [http-apr-8080-exec-72] INFO  com.ray.weixin.qy.service.message.reply.ReplyMessageService - parms:{"msg_signature":["2b018533d908da0847a63368cd66fc9991c23fb4"],"timestamp":["1510141193"],"nonce":["1189951299"]}
2017-11-08 19:39:53.797 [http-apr-8080-exec-72] INFO  com.ray.weixin.qy.service.message.reply.ReplyMessageService - postData:<xml><ToUserName><![CDATA[ww92f5da92bb24696e]]></ToUserName><Encrypt><![CDATA[IFmnmLir1xx68O0/XE1hy/GLRJbiX++RBfslZlYC/2jjcbC/QXhWbVnvuFFj8guS+PXr6ljno4e/EEi9EVlucyYmQ4aagR5Ehpu0Ar3+ief80QbfQH94Kcn/jT3OSvdT8GX2mdoYlX17wkYqIL6tcERAo+bTE4OWbG0Wacf4fwElUEKDSp+35xNPGG0a0G4NvMgctC8MIjuNNZY9xri5UiYQQBNsmy5/j0w3hRnajG8Dk5iIDeu9JLIp6nWLvBJf9qwZ2sxGYYOKky7In2yIGS+GVk1CqLK4A9GNboswdTqUBp+LGCXE4ZzbKr3Zl/sf+a+e6/WTMPeDLHL7ygTRqVNtSncyggCIxd+IpUzNIrcejeVEy19s3xPuKjHhXG6V2JfSxb4vYtj8sEoOvK0QpsvQCKMVP/Qio2ezQss7T4VRI3Rkr5m5ONEc7haiveLdvEg7A4LMB37skcyEtpP0MC+IINIztgodDplz6foQmwCRX2x+FCc6OdVpEJzPRP6r]]></Encrypt><AgentID><![CDATA[1000002]]></AgentID></xml>
2017-11-08 19:39:53.799 [http-apr-8080-exec-72] INFO  com.ray.weixin.qy.service.message.reply.ReplyMessageService - reply_xmlMsg:<xml><ToUserName><![CDATA[ww92f5da92bb24696e]]></ToUserName><FromUserName><![CDATA[ShiRui]]></FromUserName><CreateTime>1510141193</CreateTime><MsgType><![CDATA[event]]></MsgType><AgentID>1000002</AgentID><Event><![CDATA[view]]></Event><EventKey><![CDATA[http://rayner.nat300.top/weixin_qy/showInvoice.jsp]]></EventKey></xml>
2017-11-08 19:39:53.802 [http-apr-8080-exec-72] INFO  com.ray.weixin.qy.service.message.reply.ReplyMessageService - fromUserName:ShiRui
2017-11-08 19:39:53.802 [http-apr-8080-exec-72] INFO  com.ray.weixin.qy.service.message.reply.ReplyMessageService - toUserName:ww92f5da92bb24696e
2017-11-08 19:39:53.802 [http-apr-8080-exec-72] INFO  com.ray.weixin.qy.service.message.reply.ReplyMessageService - msgType:event
2017-11-08 19:39:53.802 [http-apr-8080-exec-72] INFO  com.ray.weixin.qy.service.message.reply.ReplyMessageService - Event:view  eventKey:http://rayner.nat300.top/weixin_qy/showInvoice.jsp
2017-11-08 19:39:54.903 [http-apr-8080-exec-76] INFO  com.ray.weixin.qy.util.AuthHelper - jsonObject:{"errcode":0,"access_token":"ZKrmF55qn7-XEP21Tz8wU891N2DLOgOyBr7gSlyW0EyP92tytr30wnbUR_rDOyYokg9RxFAq7HiHZ433Z82yYJM3pQop6QNPtit8k-9cBNHYN3VkdAD0ndbyGgjqim6lAw9JaGlgkiPWtc-mNdW0tcmf7XmLgxUilWSOc9nsz7PxcgWW65NHaYlWYXOBLEgT3QqzMd9K-669IWyOm26GyA","errmsg":"ok","expires_in":7200}
2017-11-08 19:39:55.302 [http-apr-8080-exec-76] INFO  com.ray.weixin.qy.util.AuthHelper - jsonObject:{"errcode":0,"ticket":"kgt8ON7yVITDhtdwci0qebCLEfC_BfeygIq8cFPLbdY6MM-5fA76IIfoqvBcC2C5ToCaAtocjY1xMBshMnDLbA","errmsg":"ok","expires_in":7200}
2017-11-08 19:39:55.303 [http-apr-8080-exec-76] INFO  com.ray.weixin.qy.util.AuthHelper - url:http://rayner.nat300.top/weixin_qy/showInvoice.jsp
2017-11-08 19:39:55.303 [http-apr-8080-exec-76] INFO  com.ray.weixin.qy.util.AuthHelper - accessToken:ZKrmF55qn7-XEP21Tz8wU891N2DLOgOyBr7gSlyW0EyP92tytr30wnbUR_rDOyYokg9RxFAq7HiHZ433Z82yYJM3pQop6QNPtit8k-9cBNHYN3VkdAD0ndbyGgjqim6lAw9JaGlgkiPWtc-mNdW0tcmf7XmLgxUilWSOc9nsz7PxcgWW65NHaYlWYXOBLEgT3QqzMd9K-669IWyOm26GyA
2017-11-08 19:39:55.303 [http-apr-8080-exec-76] INFO  com.ray.weixin.qy.util.AuthHelper - jsapi_ticket:kgt8ON7yVITDhtdwci0qebCLEfC_BfeygIq8cFPLbdY6MM-5fA76IIfoqvBcC2C5ToCaAtocjY1xMBshMnDLbA
2017-11-08 19:39:55.303 [http-apr-8080-exec-76] INFO  com.ray.weixin.qy.util.AuthHelper - appId:ww92f5da92bb24696e
2017-11-08 19:39:55.303 [http-apr-8080-exec-76] INFO  com.ray.weixin.qy.util.AuthHelper - timestamp:1510141194
2017-11-08 19:39:55.303 [http-apr-8080-exec-76] INFO  com.ray.weixin.qy.util.AuthHelper - nonceStr:112ac99d-e765-4572-81e3-4e92ae6b5c0d
2017-11-08 19:39:55.304 [http-apr-8080-exec-76] INFO  com.ray.weixin.qy.util.AuthHelper - signature:88b19013a06f0c3aa49c38fce7441d84d417bd21
2017-11-08 19:39:55.304 [http-apr-8080-exec-76] INFO  com.ray.weixin.qy.util.AuthHelper - configValue:{"signature":"88b19013a06f0c3aa49c38fce7441d84d417bd21","appId":"ww92f5da92bb24696e","nonceStr":"112ac99d-e765-4572-81e3-4e92ae6b5c0d","timestamp":"1510141194"}
2017-11-08 19:39:56.734 [http-apr-8080-exec-77] INFO  com.ray.weixin.qy.controller.WeiXinServlet - post--------------
2017-11-08 19:39:56.734 [http-apr-8080-exec-77] INFO  com.ray.weixin.qy.service.message.reply.ReplyMessageService - parms:{"msg_signature":["4bc588b6ed47a794f555498ce01c0111289e52e3"],"timestamp":["1510141196"],"nonce":["1502967696"]}
2017-11-08 19:39:56.736 [http-apr-8080-exec-77] INFO  com.ray.weixin.qy.service.message.reply.ReplyMessageService - postData:<xml><ToUserName><![CDATA[ww92f5da92bb24696e]]></ToUserName><Encrypt><![CDATA[6aNga/oGW4W+HEg9hqUMNGGFKw4s0JZEaUddU1lT9o01Exa7YR0slwFBuaQpMufHee5Eq3wk7XCKMKY9wpcJazkdz0b+QaVNQQYFhef0n9RycN1/jQIYJ0fyNmXsuyCfWAL0MbLjKrn/r5EMNQvRvdrFh78J7tVqPkSV108frDaO4PttvId2GCK1uy6+VHERKp4kJSpqD0j3bNSfc4lSEx5/0lYJcUb0YXWUjhSRi42ROauZr0WxPbskkf4/ZaBlLvw5NT4c6TvWO5Z8SNWyJPirDEtBTu2CJSX7tZ/K9FVAV+19TUxVV4QB7E1VuK/6P/ThsUiaaLZvPNF71maR1yL0+vl/1vge5BLi/tfUoWDZWnt/9PIPx8j4bp34Rwe0nWrHZ1QLcpht4mYrQPGLYtjRMJudwLr3K9U3lAIG6z1KgXcYHdzY/P4KpqSVSPzs609seebeP/60XFQLeEI4/o1Pg4u08QCQjNiPV1Q9NHrXnlqqbMAjPY/Xy1T5zAgc]]></Encrypt><AgentID><![CDATA[1000002]]></AgentID></xml>
2017-11-08 19:39:56.739 [http-apr-8080-exec-77] INFO  com.ray.weixin.qy.service.message.reply.ReplyMessageService - reply_xmlMsg:<xml><ToUserName><![CDATA[ww92f5da92bb24696e]]></ToUserName><FromUserName><![CDATA[ShiRui]]></FromUserName><CreateTime>1510141196</CreateTime><MsgType><![CDATA[event]]></MsgType><AgentID>1000002</AgentID><Event><![CDATA[LOCATION]]></Event><Latitude>31.1676</Latitude><Longitude>121.156</Longitude><Precision>15</Precision></xml>
2017-11-08 19:39:56.741 [http-apr-8080-exec-77] INFO  com.ray.weixin.qy.service.message.reply.ReplyMessageService - fromUserName:ShiRui
2017-11-08 19:39:56.741 [http-apr-8080-exec-77] INFO  com.ray.weixin.qy.service.message.reply.ReplyMessageService - toUserName:ww92f5da92bb24696e
2017-11-08 19:39:56.742 [http-apr-8080-exec-77] INFO  com.ray.weixin.qy.service.message.reply.ReplyMessageService - msgType:event
2017-11-08 19:39:56.742 [http-apr-8080-exec-77] INFO  com.ray.weixin.qy.service.message.reply.ReplyMessageService - Event:LOCATION  eventKey:null
