2017-11-06 14:30:13.292 [http-apr-8080-exec-2] INFO  com.ray.weixin.gz.controller.WeiXinServlet - get--------------
2017-11-06 14:30:25.468 [http-apr-8080-exec-4] INFO  com.ray.weixin.gz.controller.WeiXinServlet - post--------------
2017-11-06 14:30:25.482 [http-apr-8080-exec-4] INFO  com.ray.weixin.gz.service.message.ReplyMessageService - parms:{"signature":["c7d134cad74595686ca770cdb9ae544345f9828d"],"timestamp":["1509949823"],"nonce":["835855129"],"openid":["oDLefxDvQajibXhSWIWHrkiO1n2o"]}
2017-11-06 14:30:25.484 [http-apr-8080-exec-4] INFO  com.ray.weixin.gz.service.message.ReplyMessageService - postData:<xml><ToUserName><![CDATA[gh_8c1dd328db4e]]></ToUserName><FromUserName><![CDATA[oDLefxDvQajibXhSWIWHrkiO1n2o]]></FromUserName><CreateTime>1509949823</CreateTime><MsgType><![CDATA[event]]></MsgType><Event><![CDATA[VIEW]]></Event><EventKey><![CDATA[http://birc9v.natappfree.cc/weixin_gz/showInvoice.jsp]]></EventKey><MenuId>591655370</MenuId></xml>
2017-11-06 14:30:25.486 [http-apr-8080-exec-4] INFO  com.ray.weixin.gz.service.message.ReplyMessageService - 明文模式
2017-11-06 14:30:25.486 [http-apr-8080-exec-4] INFO  com.ray.weixin.gz.service.message.ReplyMessageService - <xml><ToUserName><![CDATA[gh_8c1dd328db4e]]></ToUserName><FromUserName><![CDATA[oDLefxDvQajibXhSWIWHrkiO1n2o]]></FromUserName><CreateTime>1509949823</CreateTime><MsgType><![CDATA[event]]></MsgType><Event><![CDATA[VIEW]]></Event><EventKey><![CDATA[http://birc9v.natappfree.cc/weixin_gz/showInvoice.jsp]]></EventKey><MenuId>591655370</MenuId></xml>
2017-11-06 14:30:25.815 [http-apr-8080-exec-4] INFO  com.ray.weixin.gz.service.message.ReplyMessageService - fromUserName:oDLefxDvQajibXhSWIWHrkiO1n2o
2017-11-06 14:30:25.816 [http-apr-8080-exec-4] INFO  com.ray.weixin.gz.service.message.ReplyMessageService - toUserName:gh_8c1dd328db4e
2017-11-06 14:30:25.816 [http-apr-8080-exec-4] INFO  com.ray.weixin.gz.service.message.ReplyMessageService - msgType:event
2017-11-06 14:30:25.816 [http-apr-8080-exec-4] INFO  com.ray.weixin.gz.service.message.ReplyMessageService - Event:VIEW  eventKey:http://birc9v.natappfree.cc/weixin_gz/showInvoice.jsp
2017-11-06 14:30:33.218 [http-apr-8080-exec-6] INFO  com.ray.weixin.gz.controller.WeiXinServlet - post--------------
2017-11-06 14:30:33.220 [http-apr-8080-exec-6] INFO  com.ray.weixin.gz.service.message.ReplyMessageService - parms:{"signature":["b21280a9a53c50a7ce7e5533b124d2f76f0895cf"],"timestamp":["1509949831"],"nonce":["92439712"],"openid":["oDLefxDvQajibXhSWIWHrkiO1n2o"]}
2017-11-06 14:30:33.220 [http-apr-8080-exec-6] INFO  com.ray.weixin.gz.service.message.ReplyMessageService - postData:<xml><ToUserName><![CDATA[gh_8c1dd328db4e]]></ToUserName><FromUserName><![CDATA[oDLefxDvQajibXhSWIWHrkiO1n2o]]></FromUserName><CreateTime>1509949831</CreateTime><MsgType><![CDATA[event]]></MsgType><Event><![CDATA[subscribe]]></Event><EventKey><![CDATA[]]></EventKey></xml>
2017-11-06 14:30:33.221 [http-apr-8080-exec-6] INFO  com.ray.weixin.gz.service.message.ReplyMessageService - 明文模式
2017-11-06 14:30:33.221 [http-apr-8080-exec-6] INFO  com.ray.weixin.gz.service.message.ReplyMessageService - <xml><ToUserName><![CDATA[gh_8c1dd328db4e]]></ToUserName><FromUserName><![CDATA[oDLefxDvQajibXhSWIWHrkiO1n2o]]></FromUserName><CreateTime>1509949831</CreateTime><MsgType><![CDATA[event]]></MsgType><Event><![CDATA[subscribe]]></Event><EventKey><![CDATA[]]></EventKey></xml>
2017-11-06 14:30:33.230 [http-apr-8080-exec-6] INFO  com.ray.weixin.gz.service.message.ReplyMessageService - fromUserName:oDLefxDvQajibXhSWIWHrkiO1n2o
2017-11-06 14:30:33.231 [http-apr-8080-exec-6] INFO  com.ray.weixin.gz.service.message.ReplyMessageService - toUserName:gh_8c1dd328db4e
2017-11-06 14:30:33.231 [http-apr-8080-exec-6] INFO  com.ray.weixin.gz.service.message.ReplyMessageService - msgType:event
2017-11-06 14:30:33.232 [http-apr-8080-exec-6] INFO  com.ray.weixin.gz.service.message.ReplyMessageService - Event:subscribe  eventKey:
2017-11-06 14:30:38.192 [http-apr-8080-exec-7] INFO  com.ray.weixin.gz.controller.WeiXinServlet - post--------------
2017-11-06 14:30:38.193 [http-apr-8080-exec-7] INFO  com.ray.weixin.gz.service.message.ReplyMessageService - parms:{"signature":["39e58c18863d9b7a3342fb2819c985feb59cda8f"],"timestamp":["1509949836"],"nonce":["342531996"],"openid":["oDLefxDvQajibXhSWIWHrkiO1n2o"]}
2017-11-06 14:30:38.194 [http-apr-8080-exec-7] INFO  com.ray.weixin.gz.service.message.ReplyMessageService - postData:<xml><ToUserName><![CDATA[gh_8c1dd328db4e]]></ToUserName><FromUserName><![CDATA[oDLefxDvQajibXhSWIWHrkiO1n2o]]></FromUserName><CreateTime>1509949836</CreateTime><MsgType><![CDATA[event]]></MsgType><Event><![CDATA[VIEW]]></Event><EventKey><![CDATA[http://birc9v.natappfree.cc/weixin_gz/showInvoice.jsp]]></EventKey><MenuId>591655370</MenuId></xml>
2017-11-06 14:30:38.195 [http-apr-8080-exec-7] INFO  com.ray.weixin.gz.service.message.ReplyMessageService - 明文模式
2017-11-06 14:30:38.195 [http-apr-8080-exec-7] INFO  com.ray.weixin.gz.service.message.ReplyMessageService - <xml><ToUserName><![CDATA[gh_8c1dd328db4e]]></ToUserName><FromUserName><![CDATA[oDLefxDvQajibXhSWIWHrkiO1n2o]]></FromUserName><CreateTime>1509949836</CreateTime><MsgType><![CDATA[event]]></MsgType><Event><![CDATA[VIEW]]></Event><EventKey><![CDATA[http://birc9v.natappfree.cc/weixin_gz/showInvoice.jsp]]></EventKey><MenuId>591655370</MenuId></xml>
2017-11-06 14:30:38.200 [http-apr-8080-exec-7] INFO  com.ray.weixin.gz.service.message.ReplyMessageService - fromUserName:oDLefxDvQajibXhSWIWHrkiO1n2o
2017-11-06 14:30:38.200 [http-apr-8080-exec-7] INFO  com.ray.weixin.gz.service.message.ReplyMessageService - toUserName:gh_8c1dd328db4e
2017-11-06 14:30:38.201 [http-apr-8080-exec-7] INFO  com.ray.weixin.gz.service.message.ReplyMessageService - msgType:event
2017-11-06 14:30:38.201 [http-apr-8080-exec-7] INFO  com.ray.weixin.gz.service.message.ReplyMessageService - Event:VIEW  eventKey:http://birc9v.natappfree.cc/weixin_gz/showInvoice.jsp
2017-11-06 14:30:42.154 [http-apr-8080-exec-10] INFO  com.ray.weixin.gz.controller.WeiXinServlet - post--------------
2017-11-06 14:30:42.155 [http-apr-8080-exec-10] INFO  com.ray.weixin.gz.service.message.ReplyMessageService - parms:{"signature":["79440cd89c6837d7faedc5047ae67c6257f79cf0"],"timestamp":["1509949840"],"nonce":["1099444529"],"openid":["oDLefxDvQajibXhSWIWHrkiO1n2o"]}
2017-11-06 14:30:42.156 [http-apr-8080-exec-10] INFO  com.ray.weixin.gz.service.message.ReplyMessageService - postData:<xml><ToUserName><![CDATA[gh_8c1dd328db4e]]></ToUserName><FromUserName><![CDATA[oDLefxDvQajibXhSWIWHrkiO1n2o]]></FromUserName><CreateTime>1509949840</CreateTime><MsgType><![CDATA[event]]></MsgType><Event><![CDATA[VIEW]]></Event><EventKey><![CDATA[https://open.weixin.qq.com/connect/oauth2/authorize?appid=wxa0064ea657f80062&redirect_uri=http%3A%2F%2Fbirc9v.natappfree.cc%2Fweixingz_hec%2Fweixingz.screen&response_type=code&scope=snsapi_userinfo&state=STATE#wechat_redirect]]></EventKey><MenuId>591655370</MenuId></xml>
2017-11-06 14:30:42.157 [http-apr-8080-exec-10] INFO  com.ray.weixin.gz.service.message.ReplyMessageService - 明文模式
2017-11-06 14:30:42.157 [http-apr-8080-exec-10] INFO  com.ray.weixin.gz.service.message.ReplyMessageService - <xml><ToUserName><![CDATA[gh_8c1dd328db4e]]></ToUserName><FromUserName><![CDATA[oDLefxDvQajibXhSWIWHrkiO1n2o]]></FromUserName><CreateTime>1509949840</CreateTime><MsgType><![CDATA[event]]></MsgType><Event><![CDATA[VIEW]]></Event><EventKey><![CDATA[https://open.weixin.qq.com/connect/oauth2/authorize?appid=wxa0064ea657f80062&redirect_uri=http%3A%2F%2Fbirc9v.natappfree.cc%2Fweixingz_hec%2Fweixingz.screen&response_type=code&scope=snsapi_userinfo&state=STATE#wechat_redirect]]></EventKey><MenuId>591655370</MenuId></xml>
2017-11-06 14:30:42.161 [http-apr-8080-exec-10] INFO  com.ray.weixin.gz.service.message.ReplyMessageService - fromUserName:oDLefxDvQajibXhSWIWHrkiO1n2o
2017-11-06 14:30:42.162 [http-apr-8080-exec-10] INFO  com.ray.weixin.gz.service.message.ReplyMessageService - toUserName:gh_8c1dd328db4e
2017-11-06 14:30:42.162 [http-apr-8080-exec-10] INFO  com.ray.weixin.gz.service.message.ReplyMessageService - msgType:event
2017-11-06 14:30:42.163 [http-apr-8080-exec-10] INFO  com.ray.weixin.gz.service.message.ReplyMessageService - Event:VIEW  eventKey:https://open.weixin.qq.com/connect/oauth2/authorize?appid=wxa0064ea657f80062&redirect_uri=http%3A%2F%2Fbirc9v.natappfree.cc%2Fweixingz_hec%2Fweixingz.screen&response_type=code&scope=snsapi_userinfo&state=STATE#wechat_redirect
2017-11-06 14:30:45.857 [http-apr-8080-exec-2] INFO  com.ray.weixin.gz.controller.WeiXinServlet - post--------------
2017-11-06 14:30:45.859 [http-apr-8080-exec-2] INFO  com.ray.weixin.gz.service.message.ReplyMessageService - parms:{"signature":["6f9ebcbb938529bb062d40f845497552b102ec2e"],"timestamp":["1509949844"],"nonce":["29729356"],"openid":["oDLefxDvQajibXhSWIWHrkiO1n2o"]}
2017-11-06 14:30:45.861 [http-apr-8080-exec-2] INFO  com.ray.weixin.gz.service.message.ReplyMessageService - postData:<xml><ToUserName><![CDATA[gh_8c1dd328db4e]]></ToUserName><FromUserName><![CDATA[oDLefxDvQajibXhSWIWHrkiO1n2o]]></FromUserName><CreateTime>1509949844</CreateTime><MsgType><![CDATA[event]]></MsgType><Event><![CDATA[VIEW]]></Event><EventKey><![CDATA[https://open.weixin.qq.com/connect/oauth2/authorize?appid=wxa0064ea657f80062&redirect_uri=http%3A%2F%2Fbirc9v.natappfree.cc%2Fweixin_gz%2FuploadImg.jsp&response_type=code&scope=snsapi_userinfo&state=STATE#wechat_redirect]]></EventKey><MenuId>591655370</MenuId></xml>
2017-11-06 14:30:45.862 [http-apr-8080-exec-2] INFO  com.ray.weixin.gz.service.message.ReplyMessageService - 明文模式
2017-11-06 14:30:45.863 [http-apr-8080-exec-2] INFO  com.ray.weixin.gz.service.message.ReplyMessageService - <xml><ToUserName><![CDATA[gh_8c1dd328db4e]]></ToUserName><FromUserName><![CDATA[oDLefxDvQajibXhSWIWHrkiO1n2o]]></FromUserName><CreateTime>1509949844</CreateTime><MsgType><![CDATA[event]]></MsgType><Event><![CDATA[VIEW]]></Event><EventKey><![CDATA[https://open.weixin.qq.com/connect/oauth2/authorize?appid=wxa0064ea657f80062&redirect_uri=http%3A%2F%2Fbirc9v.natappfree.cc%2Fweixin_gz%2FuploadImg.jsp&response_type=code&scope=snsapi_userinfo&state=STATE#wechat_redirect]]></EventKey><MenuId>591655370</MenuId></xml>
2017-11-06 14:30:45.872 [http-apr-8080-exec-2] INFO  com.ray.weixin.gz.service.message.ReplyMessageService - fromUserName:oDLefxDvQajibXhSWIWHrkiO1n2o
2017-11-06 14:30:45.873 [http-apr-8080-exec-2] INFO  com.ray.weixin.gz.service.message.ReplyMessageService - toUserName:gh_8c1dd328db4e
2017-11-06 14:30:45.874 [http-apr-8080-exec-2] INFO  com.ray.weixin.gz.service.message.ReplyMessageService - msgType:event
2017-11-06 14:30:45.874 [http-apr-8080-exec-2] INFO  com.ray.weixin.gz.service.message.ReplyMessageService - Event:VIEW  eventKey:https://open.weixin.qq.com/connect/oauth2/authorize?appid=wxa0064ea657f80062&redirect_uri=http%3A%2F%2Fbirc9v.natappfree.cc%2Fweixin_gz%2FuploadImg.jsp&response_type=code&scope=snsapi_userinfo&state=STATE#wechat_redirect
