2017-11-07 18:41:50.177 [http-apr-8080-exec-22] INFO  com.ray.weixin.gz.controller.WeiXinServlet - post--------------
2017-11-07 18:41:50.207 [http-apr-8080-exec-22] INFO  com.ray.weixin.gz.service.message.ReplyMessageService - parms:{"signature":["610bbed8cdbd6a93f1882e8f494b8f4a92ad493b"],"timestamp":["1510051309"],"nonce":["1779152901"],"openid":["oDLefxDvQajibXhSWIWHrkiO1n2o"]}
2017-11-07 18:41:50.208 [http-apr-8080-exec-22] INFO  com.ray.weixin.gz.service.message.ReplyMessageService - postData:<xml><ToUserName><![CDATA[gh_8c1dd328db4e]]></ToUserName><FromUserName><![CDATA[oDLefxDvQajibXhSWIWHrkiO1n2o]]></FromUserName><CreateTime>1510051309</CreateTime><MsgType><![CDATA[event]]></MsgType><Event><![CDATA[VIEW]]></Event><EventKey><![CDATA[http://rayner.nat300.top/weixin_gz/showInvoice.jsp]]></EventKey><MenuId>591675728</MenuId></xml>
2017-11-07 18:41:50.208 [http-apr-8080-exec-22] INFO  com.ray.weixin.gz.service.message.ReplyMessageService - 明文模式
2017-11-07 18:41:50.208 [http-apr-8080-exec-22] INFO  com.ray.weixin.gz.service.message.ReplyMessageService - <xml><ToUserName><![CDATA[gh_8c1dd328db4e]]></ToUserName><FromUserName><![CDATA[oDLefxDvQajibXhSWIWHrkiO1n2o]]></FromUserName><CreateTime>1510051309</CreateTime><MsgType><![CDATA[event]]></MsgType><Event><![CDATA[VIEW]]></Event><EventKey><![CDATA[http://rayner.nat300.top/weixin_gz/showInvoice.jsp]]></EventKey><MenuId>591675728</MenuId></xml>
2017-11-07 18:41:50.226 [http-apr-8080-exec-22] INFO  com.ray.weixin.gz.service.message.ReplyMessageService - fromUserName:oDLefxDvQajibXhSWIWHrkiO1n2o
2017-11-07 18:41:50.226 [http-apr-8080-exec-22] INFO  com.ray.weixin.gz.service.message.ReplyMessageService - toUserName:gh_8c1dd328db4e
2017-11-07 18:41:50.227 [http-apr-8080-exec-22] INFO  com.ray.weixin.gz.service.message.ReplyMessageService - msgType:event
2017-11-07 18:41:50.227 [http-apr-8080-exec-22] INFO  com.ray.weixin.gz.service.message.ReplyMessageService - Event:VIEW  eventKey:http://rayner.nat300.top/weixin_gz/showInvoice.jsp
2017-11-07 18:41:50.944 [http-apr-8080-exec-28] INFO  com.ray.weixin.gz.util.AuthHelper - jsonObject:{"access_token":"JgnWATQ5ZM1Aw_J7JYv9NVuVRWFnu8Pqx6UscW74IWHxLeLM37DFg6tEZNEan2Snl3No0J3efASIOxeWTuhfI0At4fjRI68DvV9Ar8pANkVGcQzBEthlCz8lSsaj2D44SFNaAHAZMU","expires_in":7200}
2017-11-07 18:41:51.087 [http-apr-8080-exec-28] INFO  com.ray.weixin.gz.util.AuthHelper - jsonObject:{"errcode":0,"ticket":"kgt8ON7yVITDhtdwci0qed-m2nUygHpV3DXUL-ToMkhPApxtfh2gKdIeor3imcxVFP-2XAPiOcq_JwoPklYpgg","errmsg":"ok","expires_in":7200}
2017-11-07 18:41:51.088 [http-apr-8080-exec-28] INFO  com.ray.weixin.gz.util.AuthHelper - accessToken:JgnWATQ5ZM1Aw_J7JYv9NVuVRWFnu8Pqx6UscW74IWHxLeLM37DFg6tEZNEan2Snl3No0J3efASIOxeWTuhfI0At4fjRI68DvV9Ar8pANkVGcQzBEthlCz8lSsaj2D44SFNaAHAZMU
2017-11-07 18:41:51.089 [http-apr-8080-exec-28] INFO  com.ray.weixin.gz.util.AuthHelper - ticket:kgt8ON7yVITDhtdwci0qed-m2nUygHpV3DXUL-ToMkhPApxtfh2gKdIeor3imcxVFP-2XAPiOcq_JwoPklYpgg
2017-11-07 18:41:51.089 [http-apr-8080-exec-28] INFO  com.ray.weixin.gz.util.AuthHelper - nonceStr:34bdcd6f-55d2-4d57-b7d2-6b55e0720c2d
2017-11-07 18:41:51.090 [http-apr-8080-exec-28] INFO  com.ray.weixin.gz.util.AuthHelper - timeStamp:1510051310
2017-11-07 18:41:51.090 [http-apr-8080-exec-28] INFO  com.ray.weixin.gz.util.AuthHelper - signedUrl:http://rayner.nat300.top/weixin_gz/showInvoice.jsp
2017-11-07 18:41:51.091 [http-apr-8080-exec-28] INFO  com.ray.weixin.gz.util.AuthHelper - signature:d5ae6ebefc049add345fb5c6843721f9f096c319
2017-11-07 18:41:51.091 [http-apr-8080-exec-28] INFO  com.ray.weixin.gz.util.AuthHelper - appId:wxa0064ea657f80062
2017-11-07 18:41:51.092 [http-apr-8080-exec-28] INFO  com.ray.weixin.gz.util.AuthHelper - configValue:{signature:'d5ae6ebefc049add345fb5c6843721f9f096c319',nonceStr:'34bdcd6f-55d2-4d57-b7d2-6b55e0720c2d',timeStamp:'1510051310',appId:'wxa0064ea657f80062'}
2017-11-07 18:41:51.198 [http-apr-8080-exec-28] INFO  com.ray.weixin.gz.util.AuthHelper - jsonObject:{"access_token":"JgnWATQ5ZM1Aw_J7JYv9NVuVRWFnu8Pqx6UscW74IWEx1vQObeasqAdbiD4nJk-2eOpaZMJwwmPqE_TRSnSMgX-lRVhMezt4dLdz4oxu_z1ic3RYGGYd7oJ3-i2B8J_2LGGaAHAAVV","expires_in":7200}
2017-11-07 18:41:51.276 [http-apr-8080-exec-28] INFO  com.ray.weixin.gz.service.invoice.InvoiceService - jsonObject:{"errcode":0,"ticket":"IpK_1T69hDhZkLQTlwsAX5ZwNp_4txyINLb67lXqTZLu1wnHfVUUtHcdEyG5_WoqaHyMZAIs8Y28ypHDa0iuvg","errmsg":"ok","expires_in":7200}
2017-11-07 18:41:51.277 [http-apr-8080-exec-28] INFO  com.ray.weixin.gz.util.AuthHelper - apiTicket:IpK_1T69hDhZkLQTlwsAX5ZwNp_4txyINLb67lXqTZLu1wnHfVUUtHcdEyG5_WoqaHyMZAIs8Y28ypHDa0iuvg
2017-11-07 18:41:51.277 [http-apr-8080-exec-28] INFO  com.ray.weixin.gz.util.AuthHelper - appId:wxa0064ea657f80062
2017-11-07 18:41:51.277 [http-apr-8080-exec-28] INFO  com.ray.weixin.gz.util.AuthHelper - timeStamp:1510051311
2017-11-07 18:41:51.277 [http-apr-8080-exec-28] INFO  com.ray.weixin.gz.util.AuthHelper - nonceStr:e5c44688-219d-46de-acfa-6e679deb3164
2017-11-07 18:41:51.278 [http-apr-8080-exec-28] INFO  com.ray.weixin.gz.util.AuthHelper - cardType:INVOICE
2017-11-07 18:41:51.278 [http-apr-8080-exec-28] INFO  com.ray.weixin.gz.util.AuthHelper - cardSign:a14c890e927608f012aef20b6681af9fbc701e15
2017-11-07 18:41:51.278 [http-apr-8080-exec-28] INFO  com.ray.weixin.gz.util.AuthHelper - signType:SHA1
2017-11-07 18:41:51.278 [http-apr-8080-exec-28] INFO  com.ray.weixin.gz.util.AuthHelper - configValue:{"signType":"SHA1","cardSign":"a14c890e927608f012aef20b6681af9fbc701e15","nonceStr":"e5c44688-219d-46de-acfa-6e679deb3164","timestamp":1510051311}
