2017-11-07 14:22:35.701 [http-apr-8080-exec-5] INFO  com.ray.weixin.gz.controller.WeiXinServlet - post--------------
2017-11-07 14:22:35.708 [http-apr-8080-exec-5] INFO  com.ray.weixin.gz.service.message.ReplyMessageService - parms:{"signature":["c452549ab31148f07edfd4dfdf7f5a83f79d6151"],"timestamp":["1510035755"],"nonce":["808525762"],"openid":["oDLefxDvQajibXhSWIWHrkiO1n2o"]}
2017-11-07 14:22:35.708 [http-apr-8080-exec-5] INFO  com.ray.weixin.gz.service.message.ReplyMessageService - postData:<xml><ToUserName><![CDATA[gh_8c1dd328db4e]]></ToUserName><FromUserName><![CDATA[oDLefxDvQajibXhSWIWHrkiO1n2o]]></FromUserName><CreateTime>1510035755</CreateTime><MsgType><![CDATA[event]]></MsgType><Event><![CDATA[VIEW]]></Event><EventKey><![CDATA[http://rayner.nat300.top/weixin_gz/showInvoice.jsp]]></EventKey><MenuId>591669406</MenuId></xml>
2017-11-07 14:22:35.710 [http-apr-8080-exec-5] INFO  com.ray.weixin.gz.service.message.ReplyMessageService - 明文模式
2017-11-07 14:22:35.710 [http-apr-8080-exec-5] INFO  com.ray.weixin.gz.service.message.ReplyMessageService - <xml><ToUserName><![CDATA[gh_8c1dd328db4e]]></ToUserName><FromUserName><![CDATA[oDLefxDvQajibXhSWIWHrkiO1n2o]]></FromUserName><CreateTime>1510035755</CreateTime><MsgType><![CDATA[event]]></MsgType><Event><![CDATA[VIEW]]></Event><EventKey><![CDATA[http://rayner.nat300.top/weixin_gz/showInvoice.jsp]]></EventKey><MenuId>591669406</MenuId></xml>
2017-11-07 14:22:35.724 [http-apr-8080-exec-5] INFO  com.ray.weixin.gz.service.message.ReplyMessageService - fromUserName:oDLefxDvQajibXhSWIWHrkiO1n2o
2017-11-07 14:22:35.725 [http-apr-8080-exec-5] INFO  com.ray.weixin.gz.service.message.ReplyMessageService - toUserName:gh_8c1dd328db4e
2017-11-07 14:22:35.725 [http-apr-8080-exec-5] INFO  com.ray.weixin.gz.service.message.ReplyMessageService - msgType:event
2017-11-07 14:22:35.725 [http-apr-8080-exec-5] INFO  com.ray.weixin.gz.service.message.ReplyMessageService - Event:VIEW  eventKey:http://rayner.nat300.top/weixin_gz/showInvoice.jsp
2017-11-07 14:22:36.302 [http-apr-8080-exec-6] INFO  com.ray.weixin.gz.util.AuthHelper - jsonObject:{"access_token":"LS-e-bKGk1vvDNvhTbrGQsApjZ2EksGPwXY-j1QjCgRKufm6YDWKhxACkfdzgCB6WZXx0T0s_Lw4HR00I9fsCavyxeGeLITrn9OtjzpVKokHVJdAEAYMA","expires_in":7200}
2017-11-07 14:22:36.416 [http-apr-8080-exec-6] INFO  com.ray.weixin.gz.util.AuthHelper - jsonObject:{"errcode":0,"ticket":"kgt8ON7yVITDhtdwci0qed-m2nUygHpV3DXUL-ToMkhHSQIYlDgkkvWFFZAoiCyMeRK-_uHffh8IGz5wqv2Z0A","errmsg":"ok","expires_in":7200}
2017-11-07 14:22:36.418 [http-apr-8080-exec-6] INFO  com.ray.weixin.gz.util.AuthHelper - accessToken:LS-e-bKGk1vvDNvhTbrGQsApjZ2EksGPwXY-j1QjCgRKufm6YDWKhxACkfdzgCB6WZXx0T0s_Lw4HR00I9fsCavyxeGeLITrn9OtjzpVKokHVJdAEAYMA
2017-11-07 14:22:36.418 [http-apr-8080-exec-6] INFO  com.ray.weixin.gz.util.AuthHelper - ticket:kgt8ON7yVITDhtdwci0qed-m2nUygHpV3DXUL-ToMkhHSQIYlDgkkvWFFZAoiCyMeRK-_uHffh8IGz5wqv2Z0A
2017-11-07 14:22:36.419 [http-apr-8080-exec-6] INFO  com.ray.weixin.gz.util.AuthHelper - nonceStr:5eb6e1e4-2328-459d-8ac2-027b7e9a3a95
2017-11-07 14:22:36.419 [http-apr-8080-exec-6] INFO  com.ray.weixin.gz.util.AuthHelper - timeStamp:1510035755
2017-11-07 14:22:36.420 [http-apr-8080-exec-6] INFO  com.ray.weixin.gz.util.AuthHelper - signedUrl:http://rayner.nat300.top/weixin_gz/showInvoice.jsp
2017-11-07 14:22:36.420 [http-apr-8080-exec-6] INFO  com.ray.weixin.gz.util.AuthHelper - signature:dfd26f933da437df67cce5f5725e85ad8ae3938d
2017-11-07 14:22:36.420 [http-apr-8080-exec-6] INFO  com.ray.weixin.gz.util.AuthHelper - appId:wxa0064ea657f80062
2017-11-07 14:22:36.421 [http-apr-8080-exec-6] INFO  com.ray.weixin.gz.util.AuthHelper - configValue:{signature:'dfd26f933da437df67cce5f5725e85ad8ae3938d',nonceStr:'5eb6e1e4-2328-459d-8ac2-027b7e9a3a95',timeStamp:'1510035755',appId:'wxa0064ea657f80062'}
2017-11-07 14:22:36.540 [http-apr-8080-exec-6] INFO  com.ray.weixin.gz.util.AuthHelper - jsonObject:{"access_token":"LS-e-bKGk1vvDNvhTbrGQsApjZ2EksGPwXY-j1QjCgToPBELweasQisVBWmqPOs4xUvy4SFe8FiZgAOkDsZu7zmDPPjvdeJ22CZMG7a5VPsCFRdAEATWI","expires_in":7200}
2017-11-07 14:22:36.616 [http-apr-8080-exec-6] INFO  com.ray.weixin.gz.service.invoice.InvoiceService - jsonObject:{"errcode":0,"ticket":"IpK_1T69hDhZkLQTlwsAX5ZwNp_4txyINLb67lXqTZL7FvH1dhjwgIhtIZecH_m_KICkWeVkW0D1r2ipBd-nVw","errmsg":"ok","expires_in":7200}
2017-11-07 14:22:36.617 [http-apr-8080-exec-6] INFO  com.ray.weixin.gz.util.AuthHelper - apiTicket:IpK_1T69hDhZkLQTlwsAX5ZwNp_4txyINLb67lXqTZL7FvH1dhjwgIhtIZecH_m_KICkWeVkW0D1r2ipBd-nVw
2017-11-07 14:22:36.617 [http-apr-8080-exec-6] INFO  com.ray.weixin.gz.util.AuthHelper - appId:wxa0064ea657f80062
2017-11-07 14:22:36.617 [http-apr-8080-exec-6] INFO  com.ray.weixin.gz.util.AuthHelper - timeStamp:1510035756
2017-11-07 14:22:36.617 [http-apr-8080-exec-6] INFO  com.ray.weixin.gz.util.AuthHelper - nonceStr:aca4c43d-c386-4f79-9ded-4d1257bff488
2017-11-07 14:22:36.618 [http-apr-8080-exec-6] INFO  com.ray.weixin.gz.util.AuthHelper - cardType:INVOICE
2017-11-07 14:22:36.618 [http-apr-8080-exec-6] INFO  com.ray.weixin.gz.util.AuthHelper - cardSign:96260921a9ec66eb6d05b40daafa447a739c1bc2
2017-11-07 14:22:36.618 [http-apr-8080-exec-6] INFO  com.ray.weixin.gz.util.AuthHelper - signType:SHA1
2017-11-07 14:22:36.618 [http-apr-8080-exec-6] INFO  com.ray.weixin.gz.util.AuthHelper - configValue:{"signType":"SHA1","cardSign":"96260921a9ec66eb6d05b40daafa447a739c1bc2","nonceStr":"aca4c43d-c386-4f79-9ded-4d1257bff488","timestamp":1510035756}
