2017-11-08 23:27:02.616 [http-apr-8080-exec-10] INFO  com.ray.weixin.qy.controller.WeiXinServlet - post--------------
2017-11-08 23:27:02.632 [http-apr-8080-exec-10] INFO  com.ray.weixin.qy.service.message.reply.ReplyMessageService - parms:{"msg_signature":["6f1cdf056b803595f875b001da8eb86ac570d1b3"],"timestamp":["1510154822"],"nonce":["201958696"]}
2017-11-08 23:27:02.633 [http-apr-8080-exec-10] INFO  com.ray.weixin.qy.service.message.reply.ReplyMessageService - postData:<xml><ToUserName><![CDATA[ww92f5da92bb24696e]]></ToUserName><Encrypt><![CDATA[+r3p4AFQw886gWVUTm9yLgN/VEBJoHGN8Yu4cPKCfCQWnywefCuW6yo0wponiylXU7Uk65Bth2WItL0hoG1aGxasT7ZXlRjHjCkZk/3bS4C2LrFIu1u5jsQeGPXEgJxxnlaobVNOEcmvYw41yS41vPMUNz8S9ciMZWR3Y4cq+ti9H/sqQjtUE5LzJ8w3nAJkqymhIZ/22mulvwodujXTyfXycXfP7imCu09cq+5iQTznkHHVFKyLVUZOStfR0TWIoSI6M+kqW+E+Bs9nFVxpZ+xXfFJDB844aoJ2O2drVQX9PfWtAZtPXgfE3sonRR+bQWNg7kR1fUPoH0R/FUrShDbmKghTbEzUKC6GDCLeTWxqXS0KNlFuQF2dRUTSvNxZXTyXde3l/JDnYImj1gVBhPQ5R+dX3TmZFKUxLtGJrnqW6YYAX2AhyOAOLnaHhbffexZ78KFT76foTzvlGtdyCNa5A1JS3HZEkDEN2bOi/tazG3/lhNCHvuHRlZR2y9Oe]]></Encrypt><AgentID><![CDATA[1000002]]></AgentID></xml>
2017-11-08 23:27:02.642 [http-apr-8080-exec-10] INFO  com.ray.weixin.qy.service.message.reply.ReplyMessageService - reply_xmlMsg:<xml><ToUserName><![CDATA[ww92f5da92bb24696e]]></ToUserName><FromUserName><![CDATA[ShiRui]]></FromUserName><CreateTime>1510154822</CreateTime><MsgType><![CDATA[event]]></MsgType><AgentID>1000002</AgentID><Event><![CDATA[LOCATION]]></Event><Latitude>31.1614</Latitude><Longitude>121.142</Longitude><Precision>15</Precision></xml>
2017-11-08 23:27:02.644 [http-apr-8080-exec-10] INFO  com.ray.weixin.qy.service.message.reply.ReplyMessageService - fromUserName:ShiRui
2017-11-08 23:27:02.645 [http-apr-8080-exec-10] INFO  com.ray.weixin.qy.service.message.reply.ReplyMessageService - toUserName:ww92f5da92bb24696e
2017-11-08 23:27:02.645 [http-apr-8080-exec-10] INFO  com.ray.weixin.qy.service.message.reply.ReplyMessageService - msgType:event
2017-11-08 23:27:02.645 [http-apr-8080-exec-10] INFO  com.ray.weixin.qy.service.message.reply.ReplyMessageService - Event:LOCATION  eventKey:null
2017-11-08 23:27:07.785 [http-apr-8080-exec-1] INFO  com.ray.weixin.qy.controller.WeiXinServlet - post--------------
2017-11-08 23:27:07.786 [http-apr-8080-exec-1] INFO  com.ray.weixin.qy.service.message.reply.ReplyMessageService - parms:{"msg_signature":["b6a253e949b6f1ab11475b33670798907e9ddd19"],"timestamp":["1510154827"],"nonce":["216385648"]}
2017-11-08 23:27:07.788 [http-apr-8080-exec-1] INFO  com.ray.weixin.qy.service.message.reply.ReplyMessageService - postData:<xml><ToUserName><![CDATA[ww92f5da92bb24696e]]></ToUserName><Encrypt><![CDATA[KC316hq+cOVb4HzlbFtAyE+CPXkRn/kznRtC5p/7/IkPRze1d9HonaOsCNPFn7suuPJCo3dtkcIkJ8GOtx69zUMjyGfkPfqPie8mCn5CbN7B9gI8bpUQ3XTA3Oi9u1/HTj/lT6S2TbHhLva5/3viqeMcyezJiG6f4ttjBBRHL3HdropcooyT/uu11oEgG3wgcTiWTadOd5SAuZJWN6lbX76IZodOpt1u7ZeCO8s30xl0zWs/EwQiY3wuX8fWw3RbMXszyom2PE4H0rUzetPVjqu6kSurerT5zXa8cfg53CjND+gTEYaAZs7Q3WCbLMfogsz7RaRRfzmZswV9jks83AdC/86iQfMKNNP/BXBBdAy8Y63FUq9LYtA1f9P1fG2l90/d0p3yi3EvbskgeFhz5MNiCRPnaOYAAfrulNzFJ5lkviD7syMmOLKzuVEc0kacerRf1bqTmm8b5KhRunjzs9/KwrTSyYuE7nSl7FlrHIRZSZ1tXBzyK8xEfTHVPv8E]]></Encrypt><AgentID><![CDATA[1000002]]></AgentID></xml>
2017-11-08 23:27:07.793 [http-apr-8080-exec-1] INFO  com.ray.weixin.qy.service.message.reply.ReplyMessageService - reply_xmlMsg:<xml><ToUserName><![CDATA[ww92f5da92bb24696e]]></ToUserName><FromUserName><![CDATA[ShiRui]]></FromUserName><CreateTime>1510154827</CreateTime><MsgType><![CDATA[event]]></MsgType><AgentID>1000002</AgentID><Event><![CDATA[LOCATION]]></Event><Latitude>31.1614</Latitude><Longitude>121.142</Longitude><Precision>15</Precision></xml>
2017-11-08 23:27:07.797 [http-apr-8080-exec-1] INFO  com.ray.weixin.qy.service.message.reply.ReplyMessageService - fromUserName:ShiRui
2017-11-08 23:27:07.798 [http-apr-8080-exec-1] INFO  com.ray.weixin.qy.service.message.reply.ReplyMessageService - toUserName:ww92f5da92bb24696e
2017-11-08 23:27:07.798 [http-apr-8080-exec-1] INFO  com.ray.weixin.qy.service.message.reply.ReplyMessageService - msgType:event
2017-11-08 23:27:07.798 [http-apr-8080-exec-1] INFO  com.ray.weixin.qy.service.message.reply.ReplyMessageService - Event:LOCATION  eventKey:null
2017-11-08 23:27:15.175 [http-apr-8080-exec-2] INFO  com.ray.weixin.qy.controller.WeiXinServlet - post--------------
2017-11-08 23:27:15.177 [http-apr-8080-exec-2] INFO  com.ray.weixin.qy.service.message.reply.ReplyMessageService - parms:{"msg_signature":["5fc7f00d03b4361858e347587bcb77a5542c86c9"],"timestamp":["1510154834"],"nonce":["1651992658"]}
2017-11-08 23:27:15.178 [http-apr-8080-exec-2] INFO  com.ray.weixin.qy.service.message.reply.ReplyMessageService - postData:<xml><ToUserName><![CDATA[ww92f5da92bb24696e]]></ToUserName><Encrypt><![CDATA[Ub6FIUoEkg0a+GzWsJrcj5xaM6QFBqOD/Y4eP9GslT61qCVs8GUHb+0kXGeLXLhY7u+d99sstbkAOVQhZbNk4ETSPm37sTwlyFrq3YYufIbYEUP/DqWB5nervqtScB2J3N9QJ0waY9HAlzUrzZSpiarZVcP1IJhvyszBDp98vJw7vKHL88J0VIXh9u3OlS1pgJVj4fNR5XsOJBlIcTruQE5GTr8/GTHtfjsbu9qgv53Cao4En0Epr/AJAsZqqoDyzcDzm4boVEoMVMb8dnvy8vKigwpScyhkAJ6COwEtVq0q5Ey5nGgIwVIn/BuJkToxzNB8ZuR2X/d2qCtiZH8rP9nFYXd2M2bRJ6vtKrjWTa/vldhYF8jkF2cHTIAoiSpB17anIG67j1hmDnGTZ7a0I9+tvneQ6RBSREKXbm50wniZ+7bX0IZPk2UCOv3KeYUcKgCta0XNgTOkol9ugBbmMBY4O36pbjMCSTDAdHJZ9RL32xF3K6skg9IRLLf6W9s1]]></Encrypt><AgentID><![CDATA[1000002]]></AgentID></xml>
2017-11-08 23:27:15.184 [http-apr-8080-exec-2] INFO  com.ray.weixin.qy.service.message.reply.ReplyMessageService - reply_xmlMsg:<xml><ToUserName><![CDATA[ww92f5da92bb24696e]]></ToUserName><FromUserName><![CDATA[ShiRui]]></FromUserName><CreateTime>1510154834</CreateTime><MsgType><![CDATA[event]]></MsgType><AgentID>1000002</AgentID><Event><![CDATA[LOCATION]]></Event><Latitude>31.1614</Latitude><Longitude>121.142</Longitude><Precision>15</Precision></xml>
2017-11-08 23:27:15.187 [http-apr-8080-exec-2] INFO  com.ray.weixin.qy.service.message.reply.ReplyMessageService - fromUserName:ShiRui
2017-11-08 23:27:15.188 [http-apr-8080-exec-2] INFO  com.ray.weixin.qy.service.message.reply.ReplyMessageService - toUserName:ww92f5da92bb24696e
2017-11-08 23:27:15.188 [http-apr-8080-exec-2] INFO  com.ray.weixin.qy.service.message.reply.ReplyMessageService - msgType:event
2017-11-08 23:27:15.188 [http-apr-8080-exec-2] INFO  com.ray.weixin.qy.service.message.reply.ReplyMessageService - Event:LOCATION  eventKey:null
2017-11-08 23:27:20.291 [http-apr-8080-exec-6] INFO  com.ray.weixin.qy.controller.WeiXinServlet - post--------------
2017-11-08 23:27:20.293 [http-apr-8080-exec-6] INFO  com.ray.weixin.qy.service.message.reply.ReplyMessageService - parms:{"msg_signature":["2a889e931a88448a32ab2dd96eedca50a58c1f7d"],"timestamp":["1510154839"],"nonce":["461864260"]}
2017-11-08 23:27:20.294 [http-apr-8080-exec-6] INFO  com.ray.weixin.qy.service.message.reply.ReplyMessageService - postData:<xml><ToUserName><![CDATA[ww92f5da92bb24696e]]></ToUserName><Encrypt><![CDATA[ntJj/s/BMP2PDin/0lGiYBSNHtNtYI6sQWWGXIbfWlhV+LHN7DWNC1E5U9gr9PV2ScUYQ5B87UDvWe4zul0wSz9lCJl207ef0cFr9J2kNV1eDvPhzaA9E6VNCCS3MyeMKzac/Af/+Pb84D02UP0tDvHWzy+aY+PX8HwpHamwJBB+fmiS1gYFaeVav0HAmPX5gEawc3Apwv27TI8AjwTkzpeshZAJqAvX0dInUHABAWrDRJNUbEyCmw+ztOLO7MBqxXyiWTHpgDssM2tcC4MGCLvs+bpCunf7gyyQ5w+Z2G6TFFIWnz3YLlMAxZ1C+TqnrPIDMKV1OBCp766kXV9lXfhqbrx/eR9MZozKCuk4zUAi/ArkM1ZelzqZS4f3P7CR+nUELy/2Epzpv1ay/67ObifSsKqvF/DqWrvxZX6sNpHILT72nKfBdH5kaxl/8fN50aGySip9ucvr0PJ8P02FnmklSb+WTgrI38RlQa5WD9JLltyQYr8tPQHgY9zJhL+4]]></Encrypt><AgentID><![CDATA[1000002]]></AgentID></xml>
2017-11-08 23:27:20.299 [http-apr-8080-exec-6] INFO  com.ray.weixin.qy.service.message.reply.ReplyMessageService - reply_xmlMsg:<xml><ToUserName><![CDATA[ww92f5da92bb24696e]]></ToUserName><FromUserName><![CDATA[ShiRui]]></FromUserName><CreateTime>1510154839</CreateTime><MsgType><![CDATA[event]]></MsgType><AgentID>1000002</AgentID><Event><![CDATA[LOCATION]]></Event><Latitude>31.1614</Latitude><Longitude>121.142</Longitude><Precision>15</Precision></xml>
2017-11-08 23:27:20.303 [http-apr-8080-exec-6] INFO  com.ray.weixin.qy.service.message.reply.ReplyMessageService - fromUserName:ShiRui
2017-11-08 23:27:20.303 [http-apr-8080-exec-6] INFO  com.ray.weixin.qy.service.message.reply.ReplyMessageService - toUserName:ww92f5da92bb24696e
2017-11-08 23:27:20.304 [http-apr-8080-exec-6] INFO  com.ray.weixin.qy.service.message.reply.ReplyMessageService - msgType:event
2017-11-08 23:27:20.304 [http-apr-8080-exec-6] INFO  com.ray.weixin.qy.service.message.reply.ReplyMessageService - Event:LOCATION  eventKey:null
2017-11-08 23:27:25.162 [http-apr-8080-exec-4] INFO  com.ray.weixin.qy.controller.WeiXinServlet - post--------------
2017-11-08 23:27:25.163 [http-apr-8080-exec-4] INFO  com.ray.weixin.qy.service.message.reply.ReplyMessageService - parms:{"msg_signature":["d8b5c8a4e2de922b2670c5d7407ff365cb23a3d5"],"timestamp":["1510154844"],"nonce":["1187808634"]}
2017-11-08 23:27:25.165 [http-apr-8080-exec-4] INFO  com.ray.weixin.qy.service.message.reply.ReplyMessageService - postData:<xml><ToUserName><![CDATA[ww92f5da92bb24696e]]></ToUserName><Encrypt><![CDATA[5bXyTlHcEo676mYC4EO6nfacNL/EKDSvS51kdcLXrA9nk6+Qax1TWWBSA+aUyOdH4xdCafXOEF0r0263UdXlRl88pEiRQR58LiSuEW0cTDGuAPJUquAyiBi24/yodEr6VgOKJvAUXw0lBcZnAywVccnRu2BSwPiT/PHxtd8Xa5GOKQpUTQ1ORMUpDMAACelDmwor0eB//BF7/FiPdxC45mSx4YAY8zcHo563mVGzdwg79SReheNtX8j4esc8HADusnFdbtfwJ2sX7tcePZSy5ieVp26tUI+ZyI9iAcg1wy/+GYW1GXstun2p1uz8yz3MM4FNycK2/dJ5cGMm+glsuOGEJ2K7RMEZMpvgmJJpkwDd4MyuNcLxCMnpDbxUh+jvEF9dGwjtJrLOsPIfSLV8kw2PaV/1HE4FeLZp0oTUEGwPoeI0cCtgluCNcngvhaOYrIleMRKLCVPDEOJeJ7LmeBrKm1L8+V+7rhbBbn5XL7lT6IPRjO7/KYv8ZN/xf8uf]]></Encrypt><AgentID><![CDATA[1000002]]></AgentID></xml>
2017-11-08 23:27:25.170 [http-apr-8080-exec-4] INFO  com.ray.weixin.qy.service.message.reply.ReplyMessageService - reply_xmlMsg:<xml><ToUserName><![CDATA[ww92f5da92bb24696e]]></ToUserName><FromUserName><![CDATA[ShiRui]]></FromUserName><CreateTime>1510154844</CreateTime><MsgType><![CDATA[event]]></MsgType><AgentID>1000002</AgentID><Event><![CDATA[LOCATION]]></Event><Latitude>31.1615</Latitude><Longitude>121.142</Longitude><Precision>15</Precision></xml>
2017-11-08 23:27:25.175 [http-apr-8080-exec-4] INFO  com.ray.weixin.qy.service.message.reply.ReplyMessageService - fromUserName:ShiRui
2017-11-08 23:27:25.175 [http-apr-8080-exec-4] INFO  com.ray.weixin.qy.service.message.reply.ReplyMessageService - toUserName:ww92f5da92bb24696e
2017-11-08 23:27:25.175 [http-apr-8080-exec-4] INFO  com.ray.weixin.qy.service.message.reply.ReplyMessageService - msgType:event
2017-11-08 23:27:25.175 [http-apr-8080-exec-4] INFO  com.ray.weixin.qy.service.message.reply.ReplyMessageService - Event:LOCATION  eventKey:null
2017-11-08 23:27:30.637 [http-apr-8080-exec-10] INFO  com.ray.weixin.qy.controller.WeiXinServlet - post--------------
2017-11-08 23:27:30.637 [http-apr-8080-exec-10] INFO  com.ray.weixin.qy.service.message.reply.ReplyMessageService - parms:{"msg_signature":["8a85519e14aaee875b858d8a76ec662192c12899"],"timestamp":["1510154850"],"nonce":["560786990"]}
2017-11-08 23:27:30.641 [http-apr-8080-exec-10] INFO  com.ray.weixin.qy.service.message.reply.ReplyMessageService - postData:<xml><ToUserName><![CDATA[ww92f5da92bb24696e]]></ToUserName><Encrypt><![CDATA[ELXNJujBjS0ypRjves1Q4MYo1dr+E7gEGl/q3GF3JasNJaNLNf34aMh78Q0OO/aPsGl/fRgLLbHH/ZLMr1WLTkRKF+KeIECpnwrTuM9Vt3658elhQiU2U+NsTi+VphjOJ6Wq/BJJUCX/6LrZiDuKmrMpWWGwn4H95iHe2Ccax4Q/exVMJaKxgR/9mzuRBAor0uLvy9l9iKUUVrwO18nugIXkjmjDy4WAVf9OzIq0u4SeFBAHrrAvSzzW3zcz6NgnGu299a8GA7qtJdsD3ZZjGmuNGAdmdZOQ4Iqykf4rzD76cAdGk2hNPWprMiFlsrlg8onccLl9FPiT76LlhQkyIBl0FwdI5Na1tp+zH7cQpnSFFrGHDZQ6jG2FSXjab4DuJs/Wygh4XcQ73aCztqzl/DqTA/xziEzAQWTAGhPFk8BDmPXSIh2TjeEm50wvublSwVGvmeEx4W2DqcA/TfXWNgrp13s/yP6PBf2Hvu1Pj0ONL459Nt/Pp4D2c9yKfkhO]]></Encrypt><AgentID><![CDATA[1000002]]></AgentID></xml>
2017-11-08 23:27:30.644 [http-apr-8080-exec-10] INFO  com.ray.weixin.qy.service.message.reply.ReplyMessageService - reply_xmlMsg:<xml><ToUserName><![CDATA[ww92f5da92bb24696e]]></ToUserName><FromUserName><![CDATA[ShiRui]]></FromUserName><CreateTime>1510154850</CreateTime><MsgType><![CDATA[event]]></MsgType><AgentID>1000002</AgentID><Event><![CDATA[LOCATION]]></Event><Latitude>31.1617</Latitude><Longitude>121.142</Longitude><Precision>15</Precision></xml>
2017-11-08 23:27:30.647 [http-apr-8080-exec-10] INFO  com.ray.weixin.qy.service.message.reply.ReplyMessageService - fromUserName:ShiRui
2017-11-08 23:27:30.647 [http-apr-8080-exec-10] INFO  com.ray.weixin.qy.service.message.reply.ReplyMessageService - toUserName:ww92f5da92bb24696e
2017-11-08 23:27:30.647 [http-apr-8080-exec-10] INFO  com.ray.weixin.qy.service.message.reply.ReplyMessageService - msgType:event
2017-11-08 23:27:30.647 [http-apr-8080-exec-10] INFO  com.ray.weixin.qy.service.message.reply.ReplyMessageService - Event:LOCATION  eventKey:null
2017-11-08 23:27:35.207 [http-apr-8080-exec-1] INFO  com.ray.weixin.qy.controller.WeiXinServlet - post--------------
2017-11-08 23:27:35.208 [http-apr-8080-exec-1] INFO  com.ray.weixin.qy.service.message.reply.ReplyMessageService - parms:{"msg_signature":["963090385fad8b9c92feba2f43c48808e9b9327d"],"timestamp":["1510154854"],"nonce":["1770374612"]}
2017-11-08 23:27:35.208 [http-apr-8080-exec-1] INFO  com.ray.weixin.qy.service.message.reply.ReplyMessageService - postData:<xml><ToUserName><![CDATA[ww92f5da92bb24696e]]></ToUserName><Encrypt><![CDATA[m95SGQgQUTX5POXApS5/1PfDGQCVOEMjccQ7Qe45bjigOa+rOMM0lAG5Yj4h/eXrqClX9WGtP8l6i46qjH1IrR3/FJdetanWr8Dhxqqyg7nwFwScMMJja5TLrPf6yxIfzAJcwZ0PSaF/Iq8EqDIhLqoUEsVfJZwDspHm8FvnvFFVBxoied4dvTRaWXwF41Go7sLs61Zs0z5UehVxHZri+cqUI8sKnqOddj7ZNqN0ivvUQd4ldd/FRAUlqhF2KYAeO2zheKo7lzXZiWtVOJ0UlgzflRJSbuqWQ4jAY6XMCyGYUfe0jYXnIMSjaM6TqxGQUc8ny6U7FWEUoYOMoM//LmDP+zw4/Sv6xNgK1eba7QGFGzFOG9KxMuLROnfKEZ5pvnGqBObNmkI/SQEvY8j3QNziMx8ebap18r5g7CrSK1At12200y1ouQsEDs9CLOkiujnGJRfuzgH7QmrjqeE84UK1JYQ5KI14VBqQ6PbMTnu4vXWBnI9CNCPDnCm7d3fT]]></Encrypt><AgentID><![CDATA[1000002]]></AgentID></xml>
2017-11-08 23:27:35.211 [http-apr-8080-exec-1] INFO  com.ray.weixin.qy.service.message.reply.ReplyMessageService - reply_xmlMsg:<xml><ToUserName><![CDATA[ww92f5da92bb24696e]]></ToUserName><FromUserName><![CDATA[ShiRui]]></FromUserName><CreateTime>1510154854</CreateTime><MsgType><![CDATA[event]]></MsgType><AgentID>1000002</AgentID><Event><![CDATA[LOCATION]]></Event><Latitude>31.1617</Latitude><Longitude>121.142</Longitude><Precision>15</Precision></xml>
2017-11-08 23:27:35.213 [http-apr-8080-exec-1] INFO  com.ray.weixin.qy.service.message.reply.ReplyMessageService - fromUserName:ShiRui
2017-11-08 23:27:35.213 [http-apr-8080-exec-1] INFO  com.ray.weixin.qy.service.message.reply.ReplyMessageService - toUserName:ww92f5da92bb24696e
2017-11-08 23:27:35.214 [http-apr-8080-exec-1] INFO  com.ray.weixin.qy.service.message.reply.ReplyMessageService - msgType:event
2017-11-08 23:27:35.214 [http-apr-8080-exec-1] INFO  com.ray.weixin.qy.service.message.reply.ReplyMessageService - Event:LOCATION  eventKey:null
2017-11-08 23:27:40.639 [http-apr-8080-exec-2] INFO  com.ray.weixin.qy.controller.WeiXinServlet - post--------------
2017-11-08 23:27:40.639 [http-apr-8080-exec-2] INFO  com.ray.weixin.qy.service.message.reply.ReplyMessageService - parms:{"msg_signature":["bb635de67e0c94b9ce39348b35c72ded80f047c7"],"timestamp":["1510154860"],"nonce":["80523845"]}
2017-11-08 23:27:40.641 [http-apr-8080-exec-2] INFO  com.ray.weixin.qy.service.message.reply.ReplyMessageService - postData:<xml><ToUserName><![CDATA[ww92f5da92bb24696e]]></ToUserName><Encrypt><![CDATA[t5iTAv/EZEHhyewO/EWvJInW0rhspqoAqz2IPKHf+ExD5ql2aEyMOIzR65JuLHoeka2/fbxsfVKN7F7lgS5uHWrwXGw5ul9Cq2dwbeiYUFVguLWNRwTV+TbUjrKZ7TfYllO2bdV1WWnMVO7ChJogEqkGoa/d/usaUNU3CpKW022Ym6a1OkK4JMCyEFFRrpuNi4u3t41l4Efgg98ZhXmtvxtN3Zk3I7pBjT+sI9hDFcI2rtnaI5092+FAjt32wBKhcJ+NZt5HxCBIPhGcw1j/DcuPYSPnefa7bTJwgVcIXBMWDcdTwX3XuIHznGi5NWvn/Om/Z8VIm6qpQflN/mIYjX7SMlQT+ntaGJJg51pDj0CAN8f3evOZ1J1BdHoiP0eb9VWBHut93OIhoD0aSN3BNPEXZl6ZO2Apgm4thR9TJJsab5I3X+VCsTLVaTYpz6I+OB8d9SIX423phFWrYNnXg+s+HXFgWH5GuT4pVIy1Uw4I5y8m9UNzuhEVgk7uL3wV]]></Encrypt><AgentID><![CDATA[1000002]]></AgentID></xml>
2017-11-08 23:27:40.644 [http-apr-8080-exec-2] INFO  com.ray.weixin.qy.service.message.reply.ReplyMessageService - reply_xmlMsg:<xml><ToUserName><![CDATA[ww92f5da92bb24696e]]></ToUserName><FromUserName><![CDATA[ShiRui]]></FromUserName><CreateTime>1510154860</CreateTime><MsgType><![CDATA[event]]></MsgType><AgentID>1000002</AgentID><Event><![CDATA[LOCATION]]></Event><Latitude>31.1615</Latitude><Longitude>121.142</Longitude><Precision>15</Precision></xml>
2017-11-08 23:27:40.646 [http-apr-8080-exec-2] INFO  com.ray.weixin.qy.service.message.reply.ReplyMessageService - fromUserName:ShiRui
2017-11-08 23:27:40.646 [http-apr-8080-exec-2] INFO  com.ray.weixin.qy.service.message.reply.ReplyMessageService - toUserName:ww92f5da92bb24696e
2017-11-08 23:27:40.646 [http-apr-8080-exec-2] INFO  com.ray.weixin.qy.service.message.reply.ReplyMessageService - msgType:event
2017-11-08 23:27:40.646 [http-apr-8080-exec-2] INFO  com.ray.weixin.qy.service.message.reply.ReplyMessageService - Event:LOCATION  eventKey:null
2017-11-08 23:27:45.305 [http-apr-8080-exec-6] INFO  com.ray.weixin.qy.controller.WeiXinServlet - post--------------
2017-11-08 23:27:45.306 [http-apr-8080-exec-6] INFO  com.ray.weixin.qy.service.message.reply.ReplyMessageService - parms:{"msg_signature":["e81f424c2fd6cdc6a2986d963e14365736aca12f"],"timestamp":["1510154864"],"nonce":["1363198347"]}
2017-11-08 23:27:45.308 [http-apr-8080-exec-6] INFO  com.ray.weixin.qy.service.message.reply.ReplyMessageService - postData:<xml><ToUserName><![CDATA[ww92f5da92bb24696e]]></ToUserName><Encrypt><![CDATA[gwyrKjqPYJsgJG4Bgf1PsTzczlsFCbmFaeezv610OwMk2+5vGSZ5hUNDVHVoDSHwE84lJDD1IchvBhmQUFpy3P3BruDC7FWPXwrBO1IXCpJ63jvdPQL1Nv64kv0jWcaTvTgjMPHAUyvV8ON37y+7ZSFfMZGMjA9rYYHTMXwicUY6KTyGv+PfiCPQDrnbBCbv1fADlI1MhaHkC0k98xagL7o5ZiSJ3S9erLK+gA3JNyLfRLIE4CmvgSBEPk0SxrAWQz5/QJuVhlIWUw2BAWa8fC2BT+Fy5z5mrtSlnMRjmlqJI1CQMWhsi3udDjLuiJqNkkk2yr/M/+R5kEXDRqRF0FEd1grw/NYDaPdRIBGdWflQh4VhWulNny8odBUC8C3mfQry58dfIccueIKKJytwKm77XOopU2QI9Y06z8P9YQfqUTKb9z/crdbDytjIFFByylW2c7NnqqSiHx+AQNQUIhQGrgpgE4urWcwDOafVdtCLikE25nY0I+nBLs/n1v1V]]></Encrypt><AgentID><![CDATA[1000002]]></AgentID></xml>
2017-11-08 23:27:45.311 [http-apr-8080-exec-6] INFO  com.ray.weixin.qy.service.message.reply.ReplyMessageService - reply_xmlMsg:<xml><ToUserName><![CDATA[ww92f5da92bb24696e]]></ToUserName><FromUserName><![CDATA[ShiRui]]></FromUserName><CreateTime>1510154864</CreateTime><MsgType><![CDATA[event]]></MsgType><AgentID>1000002</AgentID><Event><![CDATA[LOCATION]]></Event><Latitude>31.1615</Latitude><Longitude>121.142</Longitude><Precision>15</Precision></xml>
2017-11-08 23:27:45.313 [http-apr-8080-exec-6] INFO  com.ray.weixin.qy.service.message.reply.ReplyMessageService - fromUserName:ShiRui
2017-11-08 23:27:45.313 [http-apr-8080-exec-6] INFO  com.ray.weixin.qy.service.message.reply.ReplyMessageService - toUserName:ww92f5da92bb24696e
2017-11-08 23:27:45.313 [http-apr-8080-exec-6] INFO  com.ray.weixin.qy.service.message.reply.ReplyMessageService - msgType:event
2017-11-08 23:27:45.313 [http-apr-8080-exec-6] INFO  com.ray.weixin.qy.service.message.reply.ReplyMessageService - Event:LOCATION  eventKey:null
2017-11-08 23:27:50.674 [http-apr-8080-exec-4] INFO  com.ray.weixin.qy.controller.WeiXinServlet - post--------------
2017-11-08 23:27:50.675 [http-apr-8080-exec-4] INFO  com.ray.weixin.qy.service.message.reply.ReplyMessageService - parms:{"msg_signature":["7fd7702981fee7473a6a6b1c1af2a95008114b6c"],"timestamp":["1510154870"],"nonce":["359116979"]}
2017-11-08 23:27:50.678 [http-apr-8080-exec-4] INFO  com.ray.weixin.qy.service.message.reply.ReplyMessageService - postData:<xml><ToUserName><![CDATA[ww92f5da92bb24696e]]></ToUserName><Encrypt><![CDATA[9OE1b/AmEFzOEAS0QU/MTOhDk55BAQB6pgKKAxcmZXT0Bbm/S8pTyue8nZ8KhriX7kEoYFgThZVPa17tdb72A4HvQwlkH70qLlpliFft605dtjOvTa254r0XtULwnMvsgPeW8I5mJW53DTZnB+WddeciKJJ9E8vvipMsEfEam5YC0GbykTh5CgVMLAQiqonW+qTaxhJ6ojVpP2xtinAuajnsURJXlAgiQyJy1tnrNfaDTZ7a8/PulkliOwH/kGdienhObomsJJOeUkq51DC+XaLgSdpk99HIInW1+fAkoAVFRydysTBwzO1m+aUIBI34VBvbea7ThJSoILQJItQbCpA01fMq38987VLkOMTLSINyS0+ijotGdOs4NZdqPOS3G4aiTX3noigmm3rQ3dQxU/AeLG+mu3bjcD2GTP4pnHhr+xG5eqLA9W86KlvFzUnUsvRTQwR8WyfsdKrOz4/meLl+X9YkMPvSTyMKWvQZXB43JAaFxisD6He+00W+TuO5]]></Encrypt><AgentID><![CDATA[1000002]]></AgentID></xml>
2017-11-08 23:27:50.683 [http-apr-8080-exec-4] INFO  com.ray.weixin.qy.service.message.reply.ReplyMessageService - reply_xmlMsg:<xml><ToUserName><![CDATA[ww92f5da92bb24696e]]></ToUserName><FromUserName><![CDATA[ShiRui]]></FromUserName><CreateTime>1510154870</CreateTime><MsgType><![CDATA[event]]></MsgType><AgentID>1000002</AgentID><Event><![CDATA[LOCATION]]></Event><Latitude>31.1615</Latitude><Longitude>121.142</Longitude><Precision>15</Precision></xml>
2017-11-08 23:27:50.687 [http-apr-8080-exec-4] INFO  com.ray.weixin.qy.service.message.reply.ReplyMessageService - fromUserName:ShiRui
2017-11-08 23:27:50.687 [http-apr-8080-exec-4] INFO  com.ray.weixin.qy.service.message.reply.ReplyMessageService - toUserName:ww92f5da92bb24696e
2017-11-08 23:27:50.688 [http-apr-8080-exec-4] INFO  com.ray.weixin.qy.service.message.reply.ReplyMessageService - msgType:event
2017-11-08 23:27:50.688 [http-apr-8080-exec-4] INFO  com.ray.weixin.qy.service.message.reply.ReplyMessageService - Event:LOCATION  eventKey:null
2017-11-08 23:27:55.327 [http-apr-8080-exec-10] INFO  com.ray.weixin.qy.controller.WeiXinServlet - post--------------
2017-11-08 23:27:55.328 [http-apr-8080-exec-10] INFO  com.ray.weixin.qy.service.message.reply.ReplyMessageService - parms:{"msg_signature":["2b8e1c6842b4f3c6298fe0f32ea5a3903460d25d"],"timestamp":["1510154874"],"nonce":["99667587"]}
2017-11-08 23:27:55.328 [http-apr-8080-exec-10] INFO  com.ray.weixin.qy.service.message.reply.ReplyMessageService - postData:<xml><ToUserName><![CDATA[ww92f5da92bb24696e]]></ToUserName><Encrypt><![CDATA[aEypuJOZNzfL7vprJsHVq58mHzqT/LeM9R5oK11PifBZgcBVaahKJloYRHz43d0+PRtMP10wVsM/YGPTDPuBrJAHxWdfKlaWqUTi0Sv8qZOjErJDtEHEyQN1L6yY+wH5jP/IdgA0S8FGlDnbwMpvO7Qr24UxW2ziGy5aY9rrl2xcyZi+bP3p2bV3ZUTiygDCQF30Tm05lWTmF5dozYoE9NIU8Y+SaGbeoDTKusIZarKEzeX5jBoaXO2fBCcCNYBXBcmKxj91yu1stRwruwYscZmP27GzvIq2l+r67JIpKxTdE7GPmHamE+VZ69rCFf2IwH0+qB7Lpn7/KJgv+TUwBHg8LusH0YOBSL9ea3CyDzIBPCGr6//YqtMtiz5XPX24D7KFQOwExVe32I+XcAmivGUgsQfLqQYt4jySevkyI/AsCMlDBOtlqX9H/sf+iH3ZleXxVXl6nrriMbbCRb+9wIpcsDm758cstwfA22o9frqJTdL/aBLS9SzjC7U7bXcW]]></Encrypt><AgentID><![CDATA[1000002]]></AgentID></xml>
2017-11-08 23:27:55.332 [http-apr-8080-exec-10] INFO  com.ray.weixin.qy.service.message.reply.ReplyMessageService - reply_xmlMsg:<xml><ToUserName><![CDATA[ww92f5da92bb24696e]]></ToUserName><FromUserName><![CDATA[ShiRui]]></FromUserName><CreateTime>1510154874</CreateTime><MsgType><![CDATA[event]]></MsgType><AgentID>1000002</AgentID><Event><![CDATA[LOCATION]]></Event><Latitude>31.1615</Latitude><Longitude>121.142</Longitude><Precision>15</Precision></xml>
2017-11-08 23:27:55.335 [http-apr-8080-exec-10] INFO  com.ray.weixin.qy.service.message.reply.ReplyMessageService - fromUserName:ShiRui
2017-11-08 23:27:55.335 [http-apr-8080-exec-10] INFO  com.ray.weixin.qy.service.message.reply.ReplyMessageService - toUserName:ww92f5da92bb24696e
2017-11-08 23:27:55.335 [http-apr-8080-exec-10] INFO  com.ray.weixin.qy.service.message.reply.ReplyMessageService - msgType:event
2017-11-08 23:27:55.336 [http-apr-8080-exec-10] INFO  com.ray.weixin.qy.service.message.reply.ReplyMessageService - Event:LOCATION  eventKey:null
