2017-11-09 10:09:01.679 [http-apr-8080-exec-6] INFO  com.ray.weixin.qy.controller.WeiXinServlet - post--------------
2017-11-09 10:09:01.688 [http-apr-8080-exec-6] INFO  com.ray.weixin.qy.service.message.reply.ReplyMessageService - parms:{"msg_signature":["048efa7e974e025ae23bb7ba7ce01324d283a191"],"timestamp":["1510193341"],"nonce":["128814468"]}
2017-11-09 10:09:01.688 [http-apr-8080-exec-6] INFO  com.ray.weixin.qy.service.message.reply.ReplyMessageService - postData:<xml><ToUserName><![CDATA[ww92f5da92bb24696e]]></ToUserName><Encrypt><![CDATA[Z8VeF0ayfuw1FlAK51MhLjtBs+2qGFoKpLNTdS68Q1KeyUYlXMGsJVHXf+Ni7oAH/Y0oLKeva2OcxaayiEEaQwihTTDvHspc0JrNsz9GTFQNAiyDkLZ0nvhq9fXkyF4sanIxhKinZTpbGuzkoObTM7nBHSfrzR8qzWSFWas0fo9kxO/9u3mjcpc/g/xsbr1t8FkR7LwrTcFogMhVo+/E6AmpozwmDs1RTlGjGfYT57JJUrNHG1lnj7EzaJ75diesh2NZgEeZf9R2a6BwNJztwBkt8fKwoACimgxy7Iv0Z0FFb67geCdLDBd/j3plviHEpox8LO83KTJstdprwS1QCXYKFt61bS3zA3+LdvxcGCjWlb3PdT/8JDrGjM+wXNOFgxcbBfWG312dv2jZio5xzOEguaRB2XE3LHJ6ZhoClpLboFXrzYp9bLTXsBtYFecieJwnYYxb486Ee26RYSSIRE7e6fUJpVgbygkPIoytznFzprSCeJfr9Nr1IQ+R+y1B]]></Encrypt><AgentID><![CDATA[1000002]]></AgentID></xml>
2017-11-09 10:09:01.691 [http-apr-8080-exec-6] INFO  com.ray.weixin.qy.service.message.reply.ReplyMessageService - reply_xmlMsg:<xml><ToUserName><![CDATA[ww92f5da92bb24696e]]></ToUserName><FromUserName><![CDATA[ShiRui]]></FromUserName><CreateTime>1510193341</CreateTime><MsgType><![CDATA[event]]></MsgType><AgentID>1000002</AgentID><Event><![CDATA[LOCATION]]></Event><Latitude>31.1676</Latitude><Longitude>121.156</Longitude><Precision>15</Precision></xml>
2017-11-09 10:09:01.692 [http-apr-8080-exec-6] INFO  com.ray.weixin.qy.service.message.reply.ReplyMessageService - fromUserName:ShiRui
2017-11-09 10:09:01.692 [http-apr-8080-exec-6] INFO  com.ray.weixin.qy.service.message.reply.ReplyMessageService - toUserName:ww92f5da92bb24696e
2017-11-09 10:09:01.692 [http-apr-8080-exec-6] INFO  com.ray.weixin.qy.service.message.reply.ReplyMessageService - msgType:event
2017-11-09 10:09:01.693 [http-apr-8080-exec-6] INFO  com.ray.weixin.qy.service.message.reply.ReplyMessageService - Event:LOCATION  eventKey:null
2017-11-09 10:09:06.656 [http-apr-8080-exec-7] INFO  com.ray.weixin.qy.controller.WeiXinServlet - post--------------
2017-11-09 10:09:06.657 [http-apr-8080-exec-7] INFO  com.ray.weixin.qy.service.message.reply.ReplyMessageService - parms:{"msg_signature":["c12bb8b07b7bfeb820fb63863f214119058e74b5"],"timestamp":["1510193346"],"nonce":["1326530815"]}
2017-11-09 10:09:06.657 [http-apr-8080-exec-7] INFO  com.ray.weixin.qy.service.message.reply.ReplyMessageService - postData:<xml><ToUserName><![CDATA[ww92f5da92bb24696e]]></ToUserName><Encrypt><![CDATA[3fRLdiCLpSAtCZbcRND+VfAMS8WuDjKGrSM6TRo9fLBMjU2oH2TtqMqSlzdluXa+ReojAFr1g/Rb8MtttXo5od4y2FQPS1Tjd4bwHpC/MzEwafBWmzT0zjwBQ/g9NfmBofwkIteuX1Xrd1YhzrQrE9JeivqYh0qhdcM5qf1pRRkijTitQa/ILFnDUfjJc6Ab93wppSxd54NvIqlLBSJrvdTZ8O8k4+CcOTRL/A2Zib/Efzb2MyQB1Za9ErXXs781POQIDY9bhw7Jr/l4e7TeBnfnyD72z1yEYq2Idm2FdM2xBEpRZCWBIZ1At3ZJAGDD2VGHaFX5v+3nwa/IO7NqSMN5n4sHjvnAHvAMGegdx96ljzM9EnRsNM2+3S28QJs8VTt7OvkUd2cnEhgNwXooucLtYsenXbT2vrT2ZrpjC3LIWNs3aWdhGYa42bUYkr7XjFLijp1BfUlo2Vy45ILnOHU2IF/Hr2Wo3M/2u5wKq1VY43R47sCbWZOQngEPov62]]></Encrypt><AgentID><![CDATA[1000002]]></AgentID></xml>
2017-11-09 10:09:06.659 [http-apr-8080-exec-7] INFO  com.ray.weixin.qy.service.message.reply.ReplyMessageService - reply_xmlMsg:<xml><ToUserName><![CDATA[ww92f5da92bb24696e]]></ToUserName><FromUserName><![CDATA[ShiRui]]></FromUserName><CreateTime>1510193346</CreateTime><MsgType><![CDATA[event]]></MsgType><AgentID>1000002</AgentID><Event><![CDATA[LOCATION]]></Event><Latitude>31.1676</Latitude><Longitude>121.156</Longitude><Precision>15</Precision></xml>
2017-11-09 10:09:06.660 [http-apr-8080-exec-7] INFO  com.ray.weixin.qy.service.message.reply.ReplyMessageService - fromUserName:ShiRui
2017-11-09 10:09:06.660 [http-apr-8080-exec-7] INFO  com.ray.weixin.qy.service.message.reply.ReplyMessageService - toUserName:ww92f5da92bb24696e
2017-11-09 10:09:06.660 [http-apr-8080-exec-7] INFO  com.ray.weixin.qy.service.message.reply.ReplyMessageService - msgType:event
2017-11-09 10:09:06.660 [http-apr-8080-exec-7] INFO  com.ray.weixin.qy.service.message.reply.ReplyMessageService - Event:LOCATION  eventKey:null
2017-11-09 10:09:11.688 [http-apr-8080-exec-9] INFO  com.ray.weixin.qy.controller.WeiXinServlet - post--------------
2017-11-09 10:09:11.689 [http-apr-8080-exec-9] INFO  com.ray.weixin.qy.service.message.reply.ReplyMessageService - parms:{"msg_signature":["3577335f3fd6090549d1761a83cf3b949000970e"],"timestamp":["1510193351"],"nonce":["192514745"]}
2017-11-09 10:09:11.690 [http-apr-8080-exec-9] INFO  com.ray.weixin.qy.service.message.reply.ReplyMessageService - postData:<xml><ToUserName><![CDATA[ww92f5da92bb24696e]]></ToUserName><Encrypt><![CDATA[YGBPYRe7RiwEf1RjfJeBUwibhBVaPETrh4EF/YYKoOUyR5EkQcy8nt8Sgx7feVbI+ajBSLTkVxQq3uB5Np/fgKSlPWCbIqk6bmnHvNfI8CE+E2swK4vVAMAPxrmLvxNjYSocOnkiIXdmbyR7H8hqG7bRjz3dikyrWOqzmav8mXw5vhDdnKETQI+7Ags/YRtB+h9yavVwR6Q98Pl1quK2rsEQ3h2P/JHE18GdWvSC+TH+32prNgDZmB1PHuwXR+IcNKXJGUhUjY4fKh/8YUyE6GiCI+M0gP6bpTpFtw10fGMJErPGBRGacTL/8HAJrqqL38rC8ViW9GSUcOWdda1TbbRrkeN5ymdqcZYmLpUVpty4dzK8lvEkL+jgNzvJYm0LQEY43+jpvMA/FHjCCpEx0LjdZXBec5wCR/sH8so/50Jk5iOrNbhLbP6LhstvgL3ycm/+U/6aUynQIBDurFINcphvhVq6q3Za4RmEA68hsq+LakQgnl5fORR1lpY/u//+]]></Encrypt><AgentID><![CDATA[1000002]]></AgentID></xml>
2017-11-09 10:09:11.696 [http-apr-8080-exec-9] INFO  com.ray.weixin.qy.service.message.reply.ReplyMessageService - reply_xmlMsg:<xml><ToUserName><![CDATA[ww92f5da92bb24696e]]></ToUserName><FromUserName><![CDATA[ShiRui]]></FromUserName><CreateTime>1510193351</CreateTime><MsgType><![CDATA[event]]></MsgType><AgentID>1000002</AgentID><Event><![CDATA[LOCATION]]></Event><Latitude>31.1676</Latitude><Longitude>121.156</Longitude><Precision>15</Precision></xml>
2017-11-09 10:09:11.700 [http-apr-8080-exec-9] INFO  com.ray.weixin.qy.service.message.reply.ReplyMessageService - fromUserName:ShiRui
2017-11-09 10:09:11.700 [http-apr-8080-exec-9] INFO  com.ray.weixin.qy.service.message.reply.ReplyMessageService - toUserName:ww92f5da92bb24696e
2017-11-09 10:09:11.700 [http-apr-8080-exec-9] INFO  com.ray.weixin.qy.service.message.reply.ReplyMessageService - msgType:event
2017-11-09 10:09:11.701 [http-apr-8080-exec-9] INFO  com.ray.weixin.qy.service.message.reply.ReplyMessageService - Event:LOCATION  eventKey:null
2017-11-09 10:09:16.737 [http-apr-8080-exec-10] INFO  com.ray.weixin.qy.controller.WeiXinServlet - post--------------
2017-11-09 10:09:16.738 [http-apr-8080-exec-10] INFO  com.ray.weixin.qy.service.message.reply.ReplyMessageService - parms:{"msg_signature":["546424fc20e12e6d1df069902faff5dbae469886"],"timestamp":["1510193356"],"nonce":["1985823347"]}
2017-11-09 10:09:16.738 [http-apr-8080-exec-10] INFO  com.ray.weixin.qy.service.message.reply.ReplyMessageService - postData:<xml><ToUserName><![CDATA[ww92f5da92bb24696e]]></ToUserName><Encrypt><![CDATA[jmQTeRMkRf1zGfkCB8KPsfGS5mZSQlYKnSPKW1C5OrsBn2LNFVu9kgEE43h6WI8x1FMzOtFJck0m6PZEpqGSjs8biX6C0r2oTHVuOSFGGOIryDic5NAEdo/d0JTAc8oDH/ox6zmjvDyiW9IzYp4UvDhKYpmIV3TNLbkWKvFZAhX1IfGIzLJ97VVMs2evZhAVAl1EX69rU6Bx9myLwQAVc8dCUz3nsoBquyLBjQz9gESueao3wWvDG5JUgLoTY27hTBtUlqlqJiWJ8MCcrUAL5efI1pS48eauLLQMnlQqcxN71mOpLi6yMklJXZuGkyVdOGuZwJBI+9tg8pcqcMst5dpFEB8YT2+SgfVYYMzJ/NJk6aeNzgAoNvxPr9ogmHhc+7eXX1JbbmlQGRFOdbPmmqYHuBb60uuACXxDOg5lBcaE6Kioc1Xl1UINnUKP3dlmRQ4Gzw4t0x6nChV0v0Y6iOuRqJxt7fGpSsl4pMSd+diubqwgWstA2gf3sdXHN2fI]]></Encrypt><AgentID><![CDATA[1000002]]></AgentID></xml>
2017-11-09 10:09:16.743 [http-apr-8080-exec-10] INFO  com.ray.weixin.qy.service.message.reply.ReplyMessageService - reply_xmlMsg:<xml><ToUserName><![CDATA[ww92f5da92bb24696e]]></ToUserName><FromUserName><![CDATA[ShiRui]]></FromUserName><CreateTime>1510193356</CreateTime><MsgType><![CDATA[event]]></MsgType><AgentID>1000002</AgentID><Event><![CDATA[LOCATION]]></Event><Latitude>31.1676</Latitude><Longitude>121.156</Longitude><Precision>15</Precision></xml>
2017-11-09 10:09:16.746 [http-apr-8080-exec-10] INFO  com.ray.weixin.qy.service.message.reply.ReplyMessageService - fromUserName:ShiRui
2017-11-09 10:09:16.746 [http-apr-8080-exec-10] INFO  com.ray.weixin.qy.service.message.reply.ReplyMessageService - toUserName:ww92f5da92bb24696e
2017-11-09 10:09:16.746 [http-apr-8080-exec-10] INFO  com.ray.weixin.qy.service.message.reply.ReplyMessageService - msgType:event
2017-11-09 10:09:16.746 [http-apr-8080-exec-10] INFO  com.ray.weixin.qy.service.message.reply.ReplyMessageService - Event:LOCATION  eventKey:null
2017-11-09 10:09:21.741 [http-apr-8080-exec-4] INFO  com.ray.weixin.qy.controller.WeiXinServlet - post--------------
2017-11-09 10:09:21.741 [http-apr-8080-exec-4] INFO  com.ray.weixin.qy.service.message.reply.ReplyMessageService - parms:{"msg_signature":["bb1edfe2906e30ab4e6856a6887d4b838eb34367"],"timestamp":["1510193361"],"nonce":["115182093"]}
2017-11-09 10:09:21.741 [http-apr-8080-exec-4] INFO  com.ray.weixin.qy.service.message.reply.ReplyMessageService - postData:<xml><ToUserName><![CDATA[ww92f5da92bb24696e]]></ToUserName><Encrypt><![CDATA[SapQEqLZMLS8HwPsvueBtMqQw9bXQ+tPEwSGciuyi1dp50Mb5xQeb7GiT3iCUsYe5GlR2OOr6qtr7FPtPDcgh5ZPxu55JRYvn6NmMyWO2iJhZL6FfxZuiWsr9Jvd5Stti2ThPF53T4pTO6SIZDjQAwdLrlGuzfI8dS0+n/P+M1jda7bzJ4gc0L7+7KTmltqQSgvPfHsEW7OlWniSt/7MKGxheFxW7ZC/XV9Efo46oTGuR5HybufDAaLV3cZ4i7ClXGIvcM8QVK1YsEd0dnHNk1AFmJtIdQ7L2FFT7oLGRzpSAtvzNJsG1uL1KA/Uf2sD8TsrY5onEbQQ5bCE7yrB+5bBKOAjWDbDuG/g06ksfYckD1VhlnCZgfd0s7IWz+yEBEvY9P7GxqAeHKg0CjDS/p+v4FOWKfuxxpNcs4QjfUpXIkfK11/K00fwjj8bXJu5csWnj0S/jLg9RM2izK7MLHfM8lJe3Aian0kC8F2ODGyvYKtuR4v8abauXcHfYdQG]]></Encrypt><AgentID><![CDATA[1000002]]></AgentID></xml>
2017-11-09 10:09:21.742 [http-apr-8080-exec-4] INFO  com.ray.weixin.qy.service.message.reply.ReplyMessageService - reply_xmlMsg:<xml><ToUserName><![CDATA[ww92f5da92bb24696e]]></ToUserName><FromUserName><![CDATA[ShiRui]]></FromUserName><CreateTime>1510193361</CreateTime><MsgType><![CDATA[event]]></MsgType><AgentID>1000002</AgentID><Event><![CDATA[LOCATION]]></Event><Latitude>31.1676</Latitude><Longitude>121.156</Longitude><Precision>15</Precision></xml>
2017-11-09 10:09:21.743 [http-apr-8080-exec-4] INFO  com.ray.weixin.qy.service.message.reply.ReplyMessageService - fromUserName:ShiRui
2017-11-09 10:09:21.743 [http-apr-8080-exec-4] INFO  com.ray.weixin.qy.service.message.reply.ReplyMessageService - toUserName:ww92f5da92bb24696e
2017-11-09 10:09:21.743 [http-apr-8080-exec-4] INFO  com.ray.weixin.qy.service.message.reply.ReplyMessageService - msgType:event
2017-11-09 10:09:21.743 [http-apr-8080-exec-4] INFO  com.ray.weixin.qy.service.message.reply.ReplyMessageService - Event:LOCATION  eventKey:null
2017-11-09 10:09:26.770 [http-apr-8080-exec-6] INFO  com.ray.weixin.qy.controller.WeiXinServlet - post--------------
2017-11-09 10:09:26.771 [http-apr-8080-exec-6] INFO  com.ray.weixin.qy.service.message.reply.ReplyMessageService - parms:{"msg_signature":["2c683f45acebc6762388c2d3f685b62080a5a8af"],"timestamp":["1510193366"],"nonce":["1439585078"]}
2017-11-09 10:09:26.771 [http-apr-8080-exec-6] INFO  com.ray.weixin.qy.service.message.reply.ReplyMessageService - postData:<xml><ToUserName><![CDATA[ww92f5da92bb24696e]]></ToUserName><Encrypt><![CDATA[IP5ztmYCXM7qDRF13mGwTYtKZ+6AA5CerS3whNU/EqG996QcS+CtKdgJ3jgXU3Par7jCLZYc8lPhz8SQaGj0+nYQgixKDV3TPPzgpsenE3M7tbU5pUa1Mv735tOcEJobznM5Cnww+ab2A3v9PrhU5i9mjAGHUatQFhZjw9lDbdIZad2dzWDb/EyLBUztdMVWB9iw9pqhu9bsV8YWuS48OwKBp+dk1BcxfBmPOG5hwt9ghHoy8O2V3VHVSqXcuSeRH7CSLZbsmZFvueGx2f4lGvwElGsudsSa99RRXKB+pSzBRwR0vdmLspLoOAh9Fr4X5XPdq5bpUJEpavam4ed0wmZ0Has34k3D3FOJzh/Sz2VKFCANmUAq9W05mmgS2AK1XRNQUwBYd1WcqF+vpk+gEUDtHNql22DiMY/UGViRRPMhPx7DQgPm8XuVPLonV61llsrwQn5/AzCEJRnG4L0DfsY1D76N5j0T9RKVbJBWyZZmDkL86lGCJqar2exQqt/Y]]></Encrypt><AgentID><![CDATA[1000002]]></AgentID></xml>
2017-11-09 10:09:26.774 [http-apr-8080-exec-6] INFO  com.ray.weixin.qy.service.message.reply.ReplyMessageService - reply_xmlMsg:<xml><ToUserName><![CDATA[ww92f5da92bb24696e]]></ToUserName><FromUserName><![CDATA[ShiRui]]></FromUserName><CreateTime>1510193366</CreateTime><MsgType><![CDATA[event]]></MsgType><AgentID>1000002</AgentID><Event><![CDATA[LOCATION]]></Event><Latitude>31.1676</Latitude><Longitude>121.156</Longitude><Precision>15</Precision></xml>
2017-11-09 10:09:26.779 [http-apr-8080-exec-6] INFO  com.ray.weixin.qy.service.message.reply.ReplyMessageService - fromUserName:ShiRui
2017-11-09 10:09:26.779 [http-apr-8080-exec-6] INFO  com.ray.weixin.qy.service.message.reply.ReplyMessageService - toUserName:ww92f5da92bb24696e
2017-11-09 10:09:26.779 [http-apr-8080-exec-6] INFO  com.ray.weixin.qy.service.message.reply.ReplyMessageService - msgType:event
2017-11-09 10:09:26.779 [http-apr-8080-exec-6] INFO  com.ray.weixin.qy.service.message.reply.ReplyMessageService - Event:LOCATION  eventKey:null
2017-11-09 10:09:31.810 [http-apr-8080-exec-7] INFO  com.ray.weixin.qy.controller.WeiXinServlet - post--------------
2017-11-09 10:09:31.810 [http-apr-8080-exec-7] INFO  com.ray.weixin.qy.service.message.reply.ReplyMessageService - parms:{"msg_signature":["e31b3a5b519d56b6da297503f646c3a058543a88"],"timestamp":["1510193371"],"nonce":["780331100"]}
2017-11-09 10:09:31.810 [http-apr-8080-exec-7] INFO  com.ray.weixin.qy.service.message.reply.ReplyMessageService - postData:<xml><ToUserName><![CDATA[ww92f5da92bb24696e]]></ToUserName><Encrypt><![CDATA[mw6MJ+4RIVGAVIRS+lQQw09yW2UGgjxsDqLnZTPDthX0pUqUj1BHsFSpWYgcPO27c1l08b5Hw9H17WABnEDtY1hXZyrFvroj7hhVwdaXNpr6jY6TmO5YUTETDSYDH1kLhI+s0ETE5Qqe7hKAqukaqM9KzgYm2EGy0PzvrZp+cCr73YEmslfcVryK+sS+AuXwLjcEOLHNjpnA9NXl/wVTU4OMhP1D6lhSaopds3gZBkUyF0EziXbC4BehSbzfvmow4Ae8BYzOxxSlr0n3n2PShGhKuDGcH0ebhyz9dr9rrUDQy8S8e0DMmithrxS/I//ngJWFPUAyeKzL9J/gQEkVPPboGEq1Z/tdXTDCe4ZICh4o6z827dqgNfVZnMTJJEWRwbcF7bvQ9DcR5DNHCEscL6Ht2/sP8LFzjs/WrTXsQGqI3rmYkXFKzAabSCiyLb7l0GJcRwpI22KMNLUcQU7UYYbU+4gFcIn0wLy3w/huzg91a7kE58ji8iGCRiNrZrkC]]></Encrypt><AgentID><![CDATA[1000002]]></AgentID></xml>
2017-11-09 10:09:31.812 [http-apr-8080-exec-7] INFO  com.ray.weixin.qy.service.message.reply.ReplyMessageService - reply_xmlMsg:<xml><ToUserName><![CDATA[ww92f5da92bb24696e]]></ToUserName><FromUserName><![CDATA[ShiRui]]></FromUserName><CreateTime>1510193371</CreateTime><MsgType><![CDATA[event]]></MsgType><AgentID>1000002</AgentID><Event><![CDATA[LOCATION]]></Event><Latitude>31.1676</Latitude><Longitude>121.156</Longitude><Precision>15</Precision></xml>
2017-11-09 10:09:31.813 [http-apr-8080-exec-7] INFO  com.ray.weixin.qy.service.message.reply.ReplyMessageService - fromUserName:ShiRui
2017-11-09 10:09:31.813 [http-apr-8080-exec-7] INFO  com.ray.weixin.qy.service.message.reply.ReplyMessageService - toUserName:ww92f5da92bb24696e
2017-11-09 10:09:31.813 [http-apr-8080-exec-7] INFO  com.ray.weixin.qy.service.message.reply.ReplyMessageService - msgType:event
2017-11-09 10:09:31.813 [http-apr-8080-exec-7] INFO  com.ray.weixin.qy.service.message.reply.ReplyMessageService - Event:LOCATION  eventKey:null
2017-11-09 10:09:36.916 [http-apr-8080-exec-9] INFO  com.ray.weixin.qy.controller.WeiXinServlet - post--------------
2017-11-09 10:09:36.917 [http-apr-8080-exec-9] INFO  com.ray.weixin.qy.service.message.reply.ReplyMessageService - parms:{"msg_signature":["c3e6e2e02151361968205174fa8345c77884762d"],"timestamp":["1510193376"],"nonce":["502505673"]}
2017-11-09 10:09:36.918 [http-apr-8080-exec-9] INFO  com.ray.weixin.qy.service.message.reply.ReplyMessageService - postData:<xml><ToUserName><![CDATA[ww92f5da92bb24696e]]></ToUserName><Encrypt><![CDATA[Fix2y4wYPr65l3PaHX2Epp1yR8dJzWyoP6KIs20I2g3JJXPVVAiBbquNSHQ5KL1kfgHDz6VmTfvHYOdSIzOdQQOaUmXyGPS0rswvd0UJaji5OkQHjZrCiScFPjkuH3GXKJy1Z5eoJi1V4bWEMl35fqz4/CWZlXk6H+/Of8C+f4FyawRazQ7qM/qviSur7cM2TJobILY5cXNuCZn2AtNsOQeHLzanBNmnIDd5iUwcrbQXN6b3JA49aqz16Hga+DGGLl00GpGmjsnKXS7dmnMwKX1jn2reSAAgnnrtRJ4kAAKB6roStkvPfCqelMo6tlA89vlXo3Nif/gKe9GY6F81Qz7aJfCi/4rHzLBpE8uU0RFDyD+5ygRNXOeSWLFlZX7bO8FRu0Sy8tvUqbVATEJpPrGLssesv0MUTUTVis8nEUBX8Eu3S3biMQc6ndzs8UyECitaY45mZK4PkPHr0dBw2C1NlEIn23oXQC5Ib+WzAjgTPvV1JI3AKuLmsAeaSf8Y]]></Encrypt><AgentID><![CDATA[1000002]]></AgentID></xml>
2017-11-09 10:09:36.922 [http-apr-8080-exec-9] INFO  com.ray.weixin.qy.service.message.reply.ReplyMessageService - reply_xmlMsg:<xml><ToUserName><![CDATA[ww92f5da92bb24696e]]></ToUserName><FromUserName><![CDATA[ShiRui]]></FromUserName><CreateTime>1510193376</CreateTime><MsgType><![CDATA[event]]></MsgType><AgentID>1000002</AgentID><Event><![CDATA[LOCATION]]></Event><Latitude>31.1676</Latitude><Longitude>121.156</Longitude><Precision>15</Precision></xml>
2017-11-09 10:09:36.925 [http-apr-8080-exec-9] INFO  com.ray.weixin.qy.service.message.reply.ReplyMessageService - fromUserName:ShiRui
2017-11-09 10:09:36.926 [http-apr-8080-exec-9] INFO  com.ray.weixin.qy.service.message.reply.ReplyMessageService - toUserName:ww92f5da92bb24696e
2017-11-09 10:09:36.926 [http-apr-8080-exec-9] INFO  com.ray.weixin.qy.service.message.reply.ReplyMessageService - msgType:event
2017-11-09 10:09:36.926 [http-apr-8080-exec-9] INFO  com.ray.weixin.qy.service.message.reply.ReplyMessageService - Event:LOCATION  eventKey:null
2017-11-09 10:09:41.857 [http-apr-8080-exec-10] INFO  com.ray.weixin.qy.controller.WeiXinServlet - post--------------
2017-11-09 10:09:41.858 [http-apr-8080-exec-10] INFO  com.ray.weixin.qy.service.message.reply.ReplyMessageService - parms:{"msg_signature":["0aa8b7c8202e7d953262a125bb64cb94534619c0"],"timestamp":["1510193381"],"nonce":["1562136202"]}
2017-11-09 10:09:41.858 [http-apr-8080-exec-10] INFO  com.ray.weixin.qy.service.message.reply.ReplyMessageService - postData:<xml><ToUserName><![CDATA[ww92f5da92bb24696e]]></ToUserName><Encrypt><![CDATA[5Hpfy2TyO7ATWkNgzitonzE8nw6O2SO45AXthCZmYRGxWjGAAWNUJYbb64O2563YYbmcbOvs2gpv9SUn1U1orDrH21/TNkn/WtrBIR8aPcs/e+VXJy/lXH24hL/uE+qwXhX7mW9fBrlCFD9rh41FxaoL80Zvy9TKKEazTqEE6ZeKgfkIOh9WJWUsnFKKPcP2l2HEgwz2FG00BG6O2a3NVXyce4Wscp5pS2bpd2wbWBNXgsboT13zpJUDIFbp0bbb+9yu4MtJpSioTRhEMsv6e2bD9qI79VU8zw2GQKbOJ3vRD49nTcZ/xdG8gcw8zBvprapnwyaaRwBPQMIwb0fGZbIeQeDWK2hWnUiWTiewMQWv8KxNQAGzjg+Qf1cqLVRhs65SAPGfdEE/9En/tuCNBWFC/h63zGUxIjG8DVpi/gKr6CQI4/PNDx0mtTPCib0MXKXhZJyHUcteVi5i2vRToH2DTYwhZBtW/wipVkOQ7/0Dc5JX/uniVkfNtm6pSxkU]]></Encrypt><AgentID><![CDATA[1000002]]></AgentID></xml>
2017-11-09 10:09:41.859 [http-apr-8080-exec-10] INFO  com.ray.weixin.qy.service.message.reply.ReplyMessageService - reply_xmlMsg:<xml><ToUserName><![CDATA[ww92f5da92bb24696e]]></ToUserName><FromUserName><![CDATA[ShiRui]]></FromUserName><CreateTime>1510193381</CreateTime><MsgType><![CDATA[event]]></MsgType><AgentID>1000002</AgentID><Event><![CDATA[LOCATION]]></Event><Latitude>31.1676</Latitude><Longitude>121.156</Longitude><Precision>15</Precision></xml>
2017-11-09 10:09:41.860 [http-apr-8080-exec-10] INFO  com.ray.weixin.qy.service.message.reply.ReplyMessageService - fromUserName:ShiRui
2017-11-09 10:09:41.860 [http-apr-8080-exec-10] INFO  com.ray.weixin.qy.service.message.reply.ReplyMessageService - toUserName:ww92f5da92bb24696e
2017-11-09 10:09:41.860 [http-apr-8080-exec-10] INFO  com.ray.weixin.qy.service.message.reply.ReplyMessageService - msgType:event
2017-11-09 10:09:41.860 [http-apr-8080-exec-10] INFO  com.ray.weixin.qy.service.message.reply.ReplyMessageService - Event:LOCATION  eventKey:null
2017-11-09 10:09:46.889 [http-apr-8080-exec-4] INFO  com.ray.weixin.qy.controller.WeiXinServlet - post--------------
2017-11-09 10:09:46.889 [http-apr-8080-exec-4] INFO  com.ray.weixin.qy.service.message.reply.ReplyMessageService - parms:{"msg_signature":["8b4cda6859fa27fc1f7ba887db6d52376607eb6c"],"timestamp":["1510193386"],"nonce":["189972021"]}
2017-11-09 10:09:46.890 [http-apr-8080-exec-4] INFO  com.ray.weixin.qy.service.message.reply.ReplyMessageService - postData:<xml><ToUserName><![CDATA[ww92f5da92bb24696e]]></ToUserName><Encrypt><![CDATA[9CX1AU1pjKCNp4M1Hkn4VP1v0JAOsiIqlKdRRxZkJdhokSf5RL4jgvEpBhikWGd8XbMY/7sE8CIU8Gs89yL899ptJ+Yk2eDKm8V4ezsl+q8MWf80y6c5EUNjDYfCbjZn6WPhgla0Xz0k7NaKWwxg9Bn5J+nmKCHuEHfCO829qW36KODZvzfisfoK7fPQnmwyefI0GjWqpD1e8QRO9gluc4suEap1MAbAL3eMeypHVj1c+S4xENW08n7Lb+peJ1f0GTIv2dvK68V2RJPHXsS4EqIpzXbIum7p9CJXs5hZambQ39fgyjb8ycb/+pVV+5whJT0Bk84qIM+/VA41LEWWWeVPwGlukeQi0ipHH7YImfYdyje29YWjBh5JMMGkhYYWVOb/VcUPvsQ6wbBosQ9+aYmwgbV4FD3fAFHK2cIS0JqEF/gmRWCQIpW4lFPEW9AMW5t7gf+8X0tE5TjZ6W6xiIo5b1ygQ43Aq1jgeXojgnxOfKMdJLotl545uVbDWuIU]]></Encrypt><AgentID><![CDATA[1000002]]></AgentID></xml>
2017-11-09 10:09:46.892 [http-apr-8080-exec-4] INFO  com.ray.weixin.qy.service.message.reply.ReplyMessageService - reply_xmlMsg:<xml><ToUserName><![CDATA[ww92f5da92bb24696e]]></ToUserName><FromUserName><![CDATA[ShiRui]]></FromUserName><CreateTime>1510193386</CreateTime><MsgType><![CDATA[event]]></MsgType><AgentID>1000002</AgentID><Event><![CDATA[LOCATION]]></Event><Latitude>31.1676</Latitude><Longitude>121.156</Longitude><Precision>15</Precision></xml>
2017-11-09 10:09:46.894 [http-apr-8080-exec-4] INFO  com.ray.weixin.qy.service.message.reply.ReplyMessageService - fromUserName:ShiRui
2017-11-09 10:09:46.894 [http-apr-8080-exec-4] INFO  com.ray.weixin.qy.service.message.reply.ReplyMessageService - toUserName:ww92f5da92bb24696e
2017-11-09 10:09:46.894 [http-apr-8080-exec-4] INFO  com.ray.weixin.qy.service.message.reply.ReplyMessageService - msgType:event
2017-11-09 10:09:46.894 [http-apr-8080-exec-4] INFO  com.ray.weixin.qy.service.message.reply.ReplyMessageService - Event:LOCATION  eventKey:null
2017-11-09 10:09:51.867 [http-apr-8080-exec-6] INFO  com.ray.weixin.qy.controller.WeiXinServlet - post--------------
2017-11-09 10:09:51.868 [http-apr-8080-exec-6] INFO  com.ray.weixin.qy.service.message.reply.ReplyMessageService - parms:{"msg_signature":["0ab50583760ca54157fd96d3b691991a7dfbd066"],"timestamp":["1510193391"],"nonce":["1781114007"]}
2017-11-09 10:09:51.868 [http-apr-8080-exec-6] INFO  com.ray.weixin.qy.service.message.reply.ReplyMessageService - postData:<xml><ToUserName><![CDATA[ww92f5da92bb24696e]]></ToUserName><Encrypt><![CDATA[srAdhaiO5ybsCHGn388eVJz5VimBawYEEUYrA/u6nlOqiYxcNRqxNSctXXC3n9uXSv2zOuWfVhNV9fvrbn2vWF/BH5Guv3qx6W+q9G/I2PZQVA66wPAVh7cqo1r7TkkuvWapDt5LqhHjbzczlQXtMYu205MAtlW8bN+ZOsW1RA5HO5jp3gQRhrK9z+gQXG2ZJ0sOImHp1p2+XVdIVTTgrgtlIwMY54rz27qdZOZq72ZnrBkw9mpqugXllCcKRUv3P94IF3tzE2t4ZhaWXJTugQSX624luLHNJWNFp5UPgNOMpB+W15wmsMoYDB93hFPPUgMX85FWOY5X+8q5VQh1u7XDEO1pTnBGoS2OHcK91JU1IucUlEXAJr/OfSZZrVzhUGJAXQBNldpDcdynEATw8mjmRb2oFXoxJhhcFDOypEXCedKH8EEbhrQdiMOmT11NoDnMn/nzkRHb5TLUye480URaGabgnd9jfzs5EStZ/aVwy4ok2X0XPNUQfj120Vqk]]></Encrypt><AgentID><![CDATA[1000002]]></AgentID></xml>
2017-11-09 10:09:51.870 [http-apr-8080-exec-6] INFO  com.ray.weixin.qy.service.message.reply.ReplyMessageService - reply_xmlMsg:<xml><ToUserName><![CDATA[ww92f5da92bb24696e]]></ToUserName><FromUserName><![CDATA[ShiRui]]></FromUserName><CreateTime>1510193391</CreateTime><MsgType><![CDATA[event]]></MsgType><AgentID>1000002</AgentID><Event><![CDATA[LOCATION]]></Event><Latitude>31.1676</Latitude><Longitude>121.156</Longitude><Precision>15</Precision></xml>
2017-11-09 10:09:51.872 [http-apr-8080-exec-6] INFO  com.ray.weixin.qy.service.message.reply.ReplyMessageService - fromUserName:ShiRui
2017-11-09 10:09:51.872 [http-apr-8080-exec-6] INFO  com.ray.weixin.qy.service.message.reply.ReplyMessageService - toUserName:ww92f5da92bb24696e
2017-11-09 10:09:51.872 [http-apr-8080-exec-6] INFO  com.ray.weixin.qy.service.message.reply.ReplyMessageService - msgType:event
2017-11-09 10:09:51.872 [http-apr-8080-exec-6] INFO  com.ray.weixin.qy.service.message.reply.ReplyMessageService - Event:LOCATION  eventKey:null
2017-11-09 10:09:56.916 [http-apr-8080-exec-7] INFO  com.ray.weixin.qy.controller.WeiXinServlet - post--------------
2017-11-09 10:09:56.916 [http-apr-8080-exec-7] INFO  com.ray.weixin.qy.service.message.reply.ReplyMessageService - parms:{"msg_signature":["4154f11a28fa4529dac0d2b69b059f66b166ebc4"],"timestamp":["1510193396"],"nonce":["594304556"]}
2017-11-09 10:09:56.917 [http-apr-8080-exec-7] INFO  com.ray.weixin.qy.service.message.reply.ReplyMessageService - postData:<xml><ToUserName><![CDATA[ww92f5da92bb24696e]]></ToUserName><Encrypt><![CDATA[mfAcZYGdKz3iaqcf2VmLXFGJDWcZyRFDA8hgym/e9RxtbpHPABl5TQtQ+7r0/BRQNo+h7QKtjXZ0+aD2jxaL7Guxo7fpVjytPBm3MeQUKTOujXIoOJTKH6vj9dLo8oW1TLgPxUCFg1/4/OwU8QEESAxJZEVtAJTSh089Mx1dNCHaBprkzAJ66qhCaEeRrHesXjyG5veu12XA54jPC61TpkSFf8J4vNS9opAbowRPvW+6+xjz2Ujz/Fo5Xl3vW4NiOVEXaXoiscoD4XBYyK7xtq1JCl/vDmbPajsauTaUINsfKY6E6pgxabE1DJoij63jXJ3dp1H6vV1vOALHcZ8K0o7vB7ZMsxCWhYz0zHv72xWLR0Viz0tt3jhl+JfSM7cnzmGOAXiJVm9rI0YCkTO67FhDxbIkpIM1xqMJRGxuNj41cC3fIHfWCkDtKcAFUbV3kG2Cgfzy1CHbDuZY5O2PpW1z4Wm3yfXIi/I0fQpRRfED8W6C77VlDJhVHdTFFmOr]]></Encrypt><AgentID><![CDATA[1000002]]></AgentID></xml>
2017-11-09 10:09:56.919 [http-apr-8080-exec-7] INFO  com.ray.weixin.qy.service.message.reply.ReplyMessageService - reply_xmlMsg:<xml><ToUserName><![CDATA[ww92f5da92bb24696e]]></ToUserName><FromUserName><![CDATA[ShiRui]]></FromUserName><CreateTime>1510193396</CreateTime><MsgType><![CDATA[event]]></MsgType><AgentID>1000002</AgentID><Event><![CDATA[LOCATION]]></Event><Latitude>31.1676</Latitude><Longitude>121.156</Longitude><Precision>15</Precision></xml>
2017-11-09 10:09:56.920 [http-apr-8080-exec-7] INFO  com.ray.weixin.qy.service.message.reply.ReplyMessageService - fromUserName:ShiRui
2017-11-09 10:09:56.921 [http-apr-8080-exec-7] INFO  com.ray.weixin.qy.service.message.reply.ReplyMessageService - toUserName:ww92f5da92bb24696e
2017-11-09 10:09:56.921 [http-apr-8080-exec-7] INFO  com.ray.weixin.qy.service.message.reply.ReplyMessageService - msgType:event
2017-11-09 10:09:56.921 [http-apr-8080-exec-7] INFO  com.ray.weixin.qy.service.message.reply.ReplyMessageService - Event:LOCATION  eventKey:null
