2017-11-09 09:48:30.409 [http-apr-8080-exec-10] INFO  com.ray.weixin.qy.controller.WeiXinServlet - post--------------
2017-11-09 09:48:30.423 [http-apr-8080-exec-10] INFO  com.ray.weixin.qy.service.message.reply.ReplyMessageService - parms:{"msg_signature":["058de83c3fb5bf3e127894c540bb8b36f8456a70"],"timestamp":["1510192109"],"nonce":["255988136"]}
2017-11-09 09:48:30.423 [http-apr-8080-exec-10] INFO  com.ray.weixin.qy.service.message.reply.ReplyMessageService - postData:<xml><ToUserName><![CDATA[ww92f5da92bb24696e]]></ToUserName><Encrypt><![CDATA[dYwiWpj5wY6zkz56yE1mKttKLIJEHswoDx5cbp+L3acC5fM1Xhsaax7u8t+4Xae+kKYoCfwKrW90eNsW1sTW8d6ZRY/R0HjTu7Ovli8CgiBffWnV6qWo9isR899otthrnW99RRUaW/BXfEYNJ5opTEe1vIoh8hxSkoVti9Cmp8AduwhUbkSvJpX5cRrSjTlFJ3qHD9EuJfRbI1IP3yTGL8NOUlyL/Li3S/Edz261A8jLmckR0TRZt/13UvClwL4zCdFCROK7lkrihgeY2Xmnb7C+M2CsiOufSh9d6UzZhnFNUfHrypvCfh4RPSOLmhEEsRZ6BU+2Zgzx0lniCdXPERJ1A7xh/1r6uafCPVwxHO50ZIAHPC9r98bz4R0JlInf6/OjJHararDsLLMJt36eRUJdarGioW9dXCvQ1nf/yltIZgzFSdhIA6Ao+EsGno7aIV1EBdQduW4m32TcW35j/vxP1zztmHqXln+5WJTWp+0CHtW1+IPfNAgxM/MatqZh]]></Encrypt><AgentID><![CDATA[1000002]]></AgentID></xml>
2017-11-09 09:48:30.447 [http-apr-8080-exec-10] INFO  com.ray.weixin.qy.service.message.reply.ReplyMessageService - reply_xmlMsg:<xml><ToUserName><![CDATA[ww92f5da92bb24696e]]></ToUserName><FromUserName><![CDATA[ShiRui]]></FromUserName><CreateTime>1510192109</CreateTime><MsgType><![CDATA[event]]></MsgType><AgentID>1000002</AgentID><Event><![CDATA[LOCATION]]></Event><Latitude>31.1676</Latitude><Longitude>121.156</Longitude><Precision>15</Precision></xml>
2017-11-09 09:48:30.448 [http-apr-8080-exec-10] INFO  com.ray.weixin.qy.service.message.reply.ReplyMessageService - fromUserName:ShiRui
2017-11-09 09:48:30.448 [http-apr-8080-exec-10] INFO  com.ray.weixin.qy.service.message.reply.ReplyMessageService - toUserName:ww92f5da92bb24696e
2017-11-09 09:48:30.448 [http-apr-8080-exec-10] INFO  com.ray.weixin.qy.service.message.reply.ReplyMessageService - msgType:event
2017-11-09 09:48:30.448 [http-apr-8080-exec-10] INFO  com.ray.weixin.qy.service.message.reply.ReplyMessageService - Event:LOCATION  eventKey:null
2017-11-09 09:48:31.312 [http-apr-8080-exec-1] INFO  com.ray.weixin.qy.controller.WeiXinServlet - post--------------
2017-11-09 09:48:31.315 [http-apr-8080-exec-1] INFO  com.ray.weixin.qy.service.message.reply.ReplyMessageService - parms:{"msg_signature":["4345996e9e7e6ff04299e26ccadb0d9ba13d7595"],"timestamp":["1510192110"],"nonce":["252419582"]}
2017-11-09 09:48:31.316 [http-apr-8080-exec-1] INFO  com.ray.weixin.qy.service.message.reply.ReplyMessageService - postData:<xml><ToUserName><![CDATA[ww92f5da92bb24696e]]></ToUserName><Encrypt><![CDATA[CDPbKuhVpBN+IvWUMcCHnCDi3mMHzwyiG0eIDjUyIrJxZaj19CnfXyGXfPTHJ44KnMygUkYUSe1nOyBpEvDeNn5vFh8JcddlvmTI1YrsiydavfGSiyOEeUq/wCAWYeTbTE9aWv9srfPxTAnL831w02/XhMbc5UDPLHvV9urMI/KO8hn9KVUZVAp9cUbJuK5sUBg5gUuB94oR3nl05v/7pZhWSZaEPuqAe45LtCx9BiW6fo+QA8bSx94XFhLslUCxDaW3Vqc/tLFnDhhVx2gd4YWPpbzMV8LYsbYHE3HXJk3YVL3bjhwa0m9F+qRE0znmTN0PnnYFUhsHg1Efwb754+g4qt43odYuclLDN0lPI9cdo5Zx9wEK6ZWeGmKWd7no3I48as0y4lqGFuqZKNvmW9Y0MOCYahVduUBZZXclt7MtzK/PSbsShXrwoal/JilNka9fTKFtrCMwn16hxm0xLyNI1+T2eSdhmht6bl5FixFqHPZD25MJbdmxTjwx0k9H]]></Encrypt><AgentID><![CDATA[1000002]]></AgentID></xml>
2017-11-09 09:48:31.329 [http-apr-8080-exec-1] INFO  com.ray.weixin.qy.service.message.reply.ReplyMessageService - reply_xmlMsg:<xml><ToUserName><![CDATA[ww92f5da92bb24696e]]></ToUserName><FromUserName><![CDATA[ShiRui]]></FromUserName><CreateTime>1510192110</CreateTime><MsgType><![CDATA[event]]></MsgType><AgentID>1000002</AgentID><Event><![CDATA[view]]></Event><EventKey><![CDATA[http://rayner.nat300.top/weixin_qy/showInvoice.jsp]]></EventKey></xml>
2017-11-09 09:48:31.334 [http-apr-8080-exec-1] INFO  com.ray.weixin.qy.service.message.reply.ReplyMessageService - fromUserName:ShiRui
2017-11-09 09:48:31.334 [http-apr-8080-exec-1] INFO  com.ray.weixin.qy.service.message.reply.ReplyMessageService - toUserName:ww92f5da92bb24696e
2017-11-09 09:48:31.335 [http-apr-8080-exec-1] INFO  com.ray.weixin.qy.service.message.reply.ReplyMessageService - msgType:event
2017-11-09 09:48:31.335 [http-apr-8080-exec-1] INFO  com.ray.weixin.qy.service.message.reply.ReplyMessageService - Event:view  eventKey:http://rayner.nat300.top/weixin_qy/showInvoice.jsp
2017-11-09 09:48:31.722 [http-apr-8080-exec-4] INFO  com.ray.weixin.qy.util.AuthHelper - jsonObject:{"errcode":0,"access_token":"RVUMhaz-QcALWPrIef8VlQayDM5w55oYDw5FrLAax9W4TOLAOXTnChxYEP2-74uxxPT2C9i1I9wewB97GuODOPyN3p7to4_wYWQ3cAQMv-owZeVpxS-gopdSUPHtRFsxqx5m0RnpBhh0BI0DFiUS85FISGwMzmvNvPe6ZvlKrM54gETQx1ZRdVGQSMHVYFzqZBb9C7q_gw-eZZ9u8Kqw4A","errmsg":"ok","expires_in":7200}
2017-11-09 09:48:32.171 [http-apr-8080-exec-4] INFO  com.ray.weixin.qy.util.AuthHelper - jsonObject:{"errcode":0,"ticket":"kgt8ON7yVITDhtdwci0qebCLEfC_BfeygIq8cFPLbdbVIB76UKmHNQSOygZvd-Z1ed9TEYoCChiRyMVxpC9-UQ","errmsg":"ok","expires_in":7200}
2017-11-09 09:48:32.172 [http-apr-8080-exec-4] INFO  com.ray.weixin.qy.util.AuthHelper - url:http://rayner.nat300.top/weixin_qy/showInvoice.jsp
2017-11-09 09:48:32.172 [http-apr-8080-exec-4] INFO  com.ray.weixin.qy.util.AuthHelper - accessToken:RVUMhaz-QcALWPrIef8VlQayDM5w55oYDw5FrLAax9W4TOLAOXTnChxYEP2-74uxxPT2C9i1I9wewB97GuODOPyN3p7to4_wYWQ3cAQMv-owZeVpxS-gopdSUPHtRFsxqx5m0RnpBhh0BI0DFiUS85FISGwMzmvNvPe6ZvlKrM54gETQx1ZRdVGQSMHVYFzqZBb9C7q_gw-eZZ9u8Kqw4A
2017-11-09 09:48:32.172 [http-apr-8080-exec-4] INFO  com.ray.weixin.qy.util.AuthHelper - jsapi_ticket:kgt8ON7yVITDhtdwci0qebCLEfC_BfeygIq8cFPLbdbVIB76UKmHNQSOygZvd-Z1ed9TEYoCChiRyMVxpC9-UQ
2017-11-09 09:48:32.172 [http-apr-8080-exec-4] INFO  com.ray.weixin.qy.util.AuthHelper - appId:ww92f5da92bb24696e
2017-11-09 09:48:32.172 [http-apr-8080-exec-4] INFO  com.ray.weixin.qy.util.AuthHelper - timestamp:1510192111
2017-11-09 09:48:32.172 [http-apr-8080-exec-4] INFO  com.ray.weixin.qy.util.AuthHelper - nonceStr:a42e0981-626c-4e40-aeab-770752b279a0
2017-11-09 09:48:32.172 [http-apr-8080-exec-4] INFO  com.ray.weixin.qy.util.AuthHelper - signature:960fbe80c2a6d0347c5e16ffd866a0d44e7c5b0e
2017-11-09 09:48:32.172 [http-apr-8080-exec-4] INFO  com.ray.weixin.qy.util.AuthHelper - configValue:{"signature":"960fbe80c2a6d0347c5e16ffd866a0d44e7c5b0e","appId":"ww92f5da92bb24696e","nonceStr":"a42e0981-626c-4e40-aeab-770752b279a0","timestamp":"1510192111"}
2017-11-09 09:48:34.898 [http-apr-8080-exec-8] INFO  com.ray.weixin.qy.controller.WeiXinServlet - post--------------
2017-11-09 09:48:34.899 [http-apr-8080-exec-8] INFO  com.ray.weixin.qy.service.message.reply.ReplyMessageService - parms:{"msg_signature":["0cc145b5982f02184927fa07541e0e1433d09a64"],"timestamp":["1510192114"],"nonce":["1481557892"]}
2017-11-09 09:48:34.899 [http-apr-8080-exec-8] INFO  com.ray.weixin.qy.service.message.reply.ReplyMessageService - postData:<xml><ToUserName><![CDATA[ww92f5da92bb24696e]]></ToUserName><Encrypt><![CDATA[0tQgzzF3rVwKXEypLfIOj7URBGQnH8jVJKmdA5B4KrRNf5HUCr2gO6s6fd/U0DONenAZ9ois2K2fYvhn8sAYvg8cm+1DgLzZ+B5BMuezpFPkncDb6b2zmMeeRpkv/nCF3Hg8feQcoj8VaGDEcnz+K5VDoZPAD3Gh1VapZRBYTlED64Ihq0ckmzpbQpZy44mP2LiSk4RD2uDsDHP3tlrccfy8PS07ZDpEbyZJpouax7loPpSfrIdLNPsIZ6rdaYaQXRCMnM0kQ9jJHRnT/CfG+fuzCZ6AzFen9xhwhxQkApLPyaNkLLlsMd7hRaSXkMcSa9DHvnGHEAffFrGPzM23INZryn/S4OKi0yAGA1l4jMw+ejIOKXGE2wEX1ESgOAyrXhbynzu4I074XF9CMY13xpHrEQmnR+/IqBTlvbgRksWjriOZc5EI/LZZdvJTuHbmkJTGTwMAKTDGUUoAKSSpeab8ok3Rpj5rDS1Rx5agj3BZ0wwTo4FwNtQRS/OeM4WW]]></Encrypt><AgentID><![CDATA[1000002]]></AgentID></xml>
2017-11-09 09:48:34.900 [http-apr-8080-exec-8] INFO  com.ray.weixin.qy.service.message.reply.ReplyMessageService - reply_xmlMsg:<xml><ToUserName><![CDATA[ww92f5da92bb24696e]]></ToUserName><FromUserName><![CDATA[ShiRui]]></FromUserName><CreateTime>1510192114</CreateTime><MsgType><![CDATA[event]]></MsgType><AgentID>1000002</AgentID><Event><![CDATA[LOCATION]]></Event><Latitude>31.1676</Latitude><Longitude>121.156</Longitude><Precision>15</Precision></xml>
2017-11-09 09:48:34.902 [http-apr-8080-exec-8] INFO  com.ray.weixin.qy.service.message.reply.ReplyMessageService - fromUserName:ShiRui
2017-11-09 09:48:34.902 [http-apr-8080-exec-8] INFO  com.ray.weixin.qy.service.message.reply.ReplyMessageService - toUserName:ww92f5da92bb24696e
2017-11-09 09:48:34.902 [http-apr-8080-exec-8] INFO  com.ray.weixin.qy.service.message.reply.ReplyMessageService - msgType:event
2017-11-09 09:48:34.902 [http-apr-8080-exec-8] INFO  com.ray.weixin.qy.service.message.reply.ReplyMessageService - Event:LOCATION  eventKey:null
2017-11-09 09:48:37.949 [http-apr-8080-exec-1] INFO  com.ray.weixin.qy.controller.WeiXinServlet - post--------------
2017-11-09 09:48:37.949 [http-apr-8080-exec-1] INFO  com.ray.weixin.qy.service.message.reply.ReplyMessageService - parms:{"msg_signature":["d1da01bd047043234326fd989d5201af04c22b62"],"timestamp":["1510192117"],"nonce":["1476989908"]}
2017-11-09 09:48:37.949 [http-apr-8080-exec-1] INFO  com.ray.weixin.qy.service.message.reply.ReplyMessageService - postData:<xml><ToUserName><![CDATA[ww92f5da92bb24696e]]></ToUserName><Encrypt><![CDATA[FzjPo5fRQ1qG869K0zKH+rET6On8Uld3kx9gqER3HUoRdjbV7UZ4egBreTt7YxWuTisN8rO0ryqFjjqO1kXMPWn9J+zZ1YVB99DmUZUHIUTNQux2sCptiK/0fqpM7D2azYZuC2DQJhz8v6OcE/CsMg1hVUyjaXHPjQAsaSiUZxd/PSKepvlWnwA/gVOMT6D2Z2liLSe5QDHU1Rm4O2Wz9Wns82BVjc4LX8sTrpxSqetKBMfl7HOTv+GZFthV809R7FyD4EJnTneQ+8YCi4drzuPZsqL7MOl2cDHAKSOifuKvel72aCV4j2Ptm2QmkcaGC8EE43T5b+clw8ad0DZNynTkH24BrclBB6IrzgPlMKdj3US1xBO80Wg15aSmA0/D1YrlVrcXAfIddCHX9FsjTHz5YuvZ7DtqFwW2ggNzGQ1rtA3oc5OtkRB5XcmCc5x1I1sUs4crz8JuAwVYVkmUvi0CN32xr2XmH3PvZvYbpBtil7J7kkHU6wHcrvTbERcV]]></Encrypt><AgentID><![CDATA[1000002]]></AgentID></xml>
2017-11-09 09:48:37.951 [http-apr-8080-exec-1] INFO  com.ray.weixin.qy.service.message.reply.ReplyMessageService - reply_xmlMsg:<xml><ToUserName><![CDATA[ww92f5da92bb24696e]]></ToUserName><FromUserName><![CDATA[ShiRui]]></FromUserName><CreateTime>1510192117</CreateTime><MsgType><![CDATA[event]]></MsgType><AgentID>1000002</AgentID><Event><![CDATA[view]]></Event><EventKey><![CDATA[http://rayner.nat300.top/weixin_qy/showInvoice.jsp]]></EventKey></xml>
2017-11-09 09:48:37.952 [http-apr-8080-exec-1] INFO  com.ray.weixin.qy.service.message.reply.ReplyMessageService - fromUserName:ShiRui
2017-11-09 09:48:37.952 [http-apr-8080-exec-1] INFO  com.ray.weixin.qy.service.message.reply.ReplyMessageService - toUserName:ww92f5da92bb24696e
2017-11-09 09:48:37.952 [http-apr-8080-exec-1] INFO  com.ray.weixin.qy.service.message.reply.ReplyMessageService - msgType:event
2017-11-09 09:48:37.953 [http-apr-8080-exec-1] INFO  com.ray.weixin.qy.service.message.reply.ReplyMessageService - Event:view  eventKey:http://rayner.nat300.top/weixin_qy/showInvoice.jsp
2017-11-09 09:48:38.112 [http-apr-8080-exec-10] INFO  com.ray.weixin.qy.util.AuthHelper - jsonObject:{"errcode":0,"access_token":"RVUMhaz-QcALWPrIef8VlQayDM5w55oYDw5FrLAax9W4TOLAOXTnChxYEP2-74uxxPT2C9i1I9wewB97GuODOPyN3p7to4_wYWQ3cAQMv-owZeVpxS-gopdSUPHtRFsxqx5m0RnpBhh0BI0DFiUS85FISGwMzmvNvPe6ZvlKrM54gETQx1ZRdVGQSMHVYFzqZBb9C7q_gw-eZZ9u8Kqw4A","errmsg":"ok","expires_in":7200}
2017-11-09 09:48:38.494 [http-apr-8080-exec-10] INFO  com.ray.weixin.qy.util.AuthHelper - jsonObject:{"errcode":0,"ticket":"kgt8ON7yVITDhtdwci0qebCLEfC_BfeygIq8cFPLbdbVIB76UKmHNQSOygZvd-Z1ed9TEYoCChiRyMVxpC9-UQ","errmsg":"ok","expires_in":7200}
2017-11-09 09:48:38.496 [http-apr-8080-exec-10] INFO  com.ray.weixin.qy.util.AuthHelper - url:http://rayner.nat300.top/weixin_qy/showInvoice.jsp
2017-11-09 09:48:38.496 [http-apr-8080-exec-10] INFO  com.ray.weixin.qy.util.AuthHelper - accessToken:RVUMhaz-QcALWPrIef8VlQayDM5w55oYDw5FrLAax9W4TOLAOXTnChxYEP2-74uxxPT2C9i1I9wewB97GuODOPyN3p7to4_wYWQ3cAQMv-owZeVpxS-gopdSUPHtRFsxqx5m0RnpBhh0BI0DFiUS85FISGwMzmvNvPe6ZvlKrM54gETQx1ZRdVGQSMHVYFzqZBb9C7q_gw-eZZ9u8Kqw4A
2017-11-09 09:48:38.497 [http-apr-8080-exec-10] INFO  com.ray.weixin.qy.util.AuthHelper - jsapi_ticket:kgt8ON7yVITDhtdwci0qebCLEfC_BfeygIq8cFPLbdbVIB76UKmHNQSOygZvd-Z1ed9TEYoCChiRyMVxpC9-UQ
2017-11-09 09:48:38.497 [http-apr-8080-exec-10] INFO  com.ray.weixin.qy.util.AuthHelper - appId:ww92f5da92bb24696e
2017-11-09 09:48:38.497 [http-apr-8080-exec-10] INFO  com.ray.weixin.qy.util.AuthHelper - timestamp:1510192117
2017-11-09 09:48:38.497 [http-apr-8080-exec-10] INFO  com.ray.weixin.qy.util.AuthHelper - nonceStr:959c42d8-26ed-4c9a-9f87-67f663bf88bb
2017-11-09 09:48:38.498 [http-apr-8080-exec-10] INFO  com.ray.weixin.qy.util.AuthHelper - signature:7e91cfbeac65f3c7255f51542671faa91de7e2db
2017-11-09 09:48:38.498 [http-apr-8080-exec-10] INFO  com.ray.weixin.qy.util.AuthHelper - configValue:{"signature":"7e91cfbeac65f3c7255f51542671faa91de7e2db","appId":"ww92f5da92bb24696e","nonceStr":"959c42d8-26ed-4c9a-9f87-67f663bf88bb","timestamp":"1510192117"}
2017-11-09 09:48:39.842 [http-apr-8080-exec-3] INFO  com.ray.weixin.qy.controller.WeiXinServlet - post--------------
2017-11-09 09:48:39.844 [http-apr-8080-exec-3] INFO  com.ray.weixin.qy.service.message.reply.ReplyMessageService - parms:{"msg_signature":["ae4b468c502309a600333fccb122166c73fa438f"],"timestamp":["1510192119"],"nonce":["1548258794"]}
2017-11-09 09:48:39.845 [http-apr-8080-exec-3] INFO  com.ray.weixin.qy.service.message.reply.ReplyMessageService - postData:<xml><ToUserName><![CDATA[ww92f5da92bb24696e]]></ToUserName><Encrypt><![CDATA[sRjylEyJhkr6gl8AsNlUaKrOgbmrI14dBeLdBXmnwWLBmCVNin4bKe6abuAPDFjYrhT+42radiJETCKjnaQ3LBvOBu4SGMPVBkNbfmBskb8gFZHnzGBAvGvyZWpFDchKdve6aq7k6c0FHEZrZRBpoZ71xw0aNWlFBnyuXE/kS1MOpXtiOc+2j9Qo5ilUX7ynzqLhNxoucC9GbKFwvLrhYue2Z66njTYfEPdJ1Db2gtY9pza+mWZXpwu+xzGmOJBWHNKsaDTsjKJocwgYfKP6LHmfJBHSkXOoUesQ1RjMmLZPcrDPLYbojYSOmHDgKOdIIym0iW0+egcFdYwX5bRS0SoQFagi5QHUYReg13TEdnWZAeDMMsbYC1twsRAFk074vR+BRC6LDqTf5C+LfagXWBuNKkHFcWhdPoDm5GxcGXUGE2m8q7hb3gRtwoi154Cgj7B6JsbW3c7fZ2sFVYvjR4V9Z+/5iFoPFjUBiELdkJ/pLdi1GKmI/KUQ7QjgfCM/]]></Encrypt><AgentID><![CDATA[1000002]]></AgentID></xml>
2017-11-09 09:48:39.849 [http-apr-8080-exec-3] INFO  com.ray.weixin.qy.service.message.reply.ReplyMessageService - reply_xmlMsg:<xml><ToUserName><![CDATA[ww92f5da92bb24696e]]></ToUserName><FromUserName><![CDATA[ShiRui]]></FromUserName><CreateTime>1510192119</CreateTime><MsgType><![CDATA[event]]></MsgType><AgentID>1000002</AgentID><Event><![CDATA[LOCATION]]></Event><Latitude>31.1676</Latitude><Longitude>121.156</Longitude><Precision>15</Precision></xml>
2017-11-09 09:48:39.853 [http-apr-8080-exec-3] INFO  com.ray.weixin.qy.service.message.reply.ReplyMessageService - fromUserName:ShiRui
2017-11-09 09:48:39.854 [http-apr-8080-exec-3] INFO  com.ray.weixin.qy.service.message.reply.ReplyMessageService - toUserName:ww92f5da92bb24696e
2017-11-09 09:48:39.854 [http-apr-8080-exec-3] INFO  com.ray.weixin.qy.service.message.reply.ReplyMessageService - msgType:event
2017-11-09 09:48:39.854 [http-apr-8080-exec-3] INFO  com.ray.weixin.qy.service.message.reply.ReplyMessageService - Event:LOCATION  eventKey:null
2017-11-09 09:48:44.858 [http-apr-8080-exec-7] INFO  com.ray.weixin.qy.controller.WeiXinServlet - post--------------
2017-11-09 09:48:44.858 [http-apr-8080-exec-7] INFO  com.ray.weixin.qy.service.message.reply.ReplyMessageService - parms:{"msg_signature":["3ae0ef9d13ebca31ae033ea986d59fbafb994748"],"timestamp":["1510192124"],"nonce":["1872599757"]}
2017-11-09 09:48:44.858 [http-apr-8080-exec-7] INFO  com.ray.weixin.qy.service.message.reply.ReplyMessageService - postData:<xml><ToUserName><![CDATA[ww92f5da92bb24696e]]></ToUserName><Encrypt><![CDATA[HfnVPzs8VWdVo8gU5+ziP7igNmw3ao2mVt64Le47txLjZj00YeONTD51FBIntCwN32YcF59XpmQLIQtzKjy4ei7ev0tSaSLBqI+yec4J/1M/3tE44pz3TjsdAtwujIxhgzBtNy2zxzwZykIUDbo1LcNlffXc+uYz9WZjTLYeIzqpDldFC5XKBDm+aaV9TlZ8Fb+Le0H5FgzBxHoDPc6A2wm9Hz5VsUbooCI668EoQn8SpUlufhNhrIypLmdJyyJ7UZCN/Z3xgyhLXGWZoaHxt53KKbmlRa2hgDTWbLqHFMBnHH0YoZqpmv0KoD0JyIRF7iDSkxJ6NeJQxpbNsjy1Ohu6Rx5s/tv3RjalXvVOF/SxB7uvytKu/ZvJw6Q08qtU9Mb80zVBUmo1kDNLGugLXHuyauXfyYEyxsdrUaehg09xN2NRDZHzxveruLSRN3FX7uyuV+njUkn/OQ1Z1gnfCkROjBlpz0Iqy+aK+1hkEgabk6oe7F6xpaSMXmukiG5G]]></Encrypt><AgentID><![CDATA[1000002]]></AgentID></xml>
2017-11-09 09:48:44.860 [http-apr-8080-exec-7] INFO  com.ray.weixin.qy.service.message.reply.ReplyMessageService - reply_xmlMsg:<xml><ToUserName><![CDATA[ww92f5da92bb24696e]]></ToUserName><FromUserName><![CDATA[ShiRui]]></FromUserName><CreateTime>1510192124</CreateTime><MsgType><![CDATA[event]]></MsgType><AgentID>1000002</AgentID><Event><![CDATA[LOCATION]]></Event><Latitude>31.1676</Latitude><Longitude>121.156</Longitude><Precision>15</Precision></xml>
2017-11-09 09:48:44.861 [http-apr-8080-exec-7] INFO  com.ray.weixin.qy.service.message.reply.ReplyMessageService - fromUserName:ShiRui
2017-11-09 09:48:44.861 [http-apr-8080-exec-7] INFO  com.ray.weixin.qy.service.message.reply.ReplyMessageService - toUserName:ww92f5da92bb24696e
2017-11-09 09:48:44.862 [http-apr-8080-exec-7] INFO  com.ray.weixin.qy.service.message.reply.ReplyMessageService - msgType:event
2017-11-09 09:48:44.862 [http-apr-8080-exec-7] INFO  com.ray.weixin.qy.service.message.reply.ReplyMessageService - Event:LOCATION  eventKey:null
2017-11-09 09:48:49.810 [http-apr-8080-exec-9] INFO  com.ray.weixin.qy.controller.WeiXinServlet - post--------------
2017-11-09 09:48:49.810 [http-apr-8080-exec-9] INFO  com.ray.weixin.qy.service.message.reply.ReplyMessageService - parms:{"msg_signature":["7ca41efd9d2b39de6599fff6c2104a04926edaa9"],"timestamp":["1510192129"],"nonce":["100211429"]}
2017-11-09 09:48:49.811 [http-apr-8080-exec-9] INFO  com.ray.weixin.qy.service.message.reply.ReplyMessageService - postData:<xml><ToUserName><![CDATA[ww92f5da92bb24696e]]></ToUserName><Encrypt><![CDATA[yEM2m40eWddNGha/5CQ+kBiwbC5FE2Xkz1Monqnrf9+NueRQzJ+7Sux6nqtnCZ1NsZKpd3TEYCS0blG20p9kwQD8CprjfBApwS+/p/ZjPRbfJYg8tNb2r7anc29zDovH7j4wnuPsyEL0AAEmvbwc/PoIdNMxVukHfEK/mumZcpDnTriU1HdSiYe2p5/K8nZIy6o+MuVHtutIosRdjBRsYDvKJi7fFAUC6WAxQPAis07hC8f8Aneuas7Qf1jdAI84gs+13hsm1CCUlpqvZuXK6kulC7bziljBKEkWCj8UFr/1nCtJbjI8zWLp/TucmSc+joLGJOC0bEmZP8nLQrF1oNzGVSp2TzjXPru+5FxOa1MKra8lAPhY34l/Iagpx0enLeKjORXR9JY++iHEQCIyvm5uGy8WJXNS0Ecmq/juoSnp35qhtagf6lHqi3uAbBQ6UtewjthrUnlRWBHej1Z1KJDR3zziETmTZNSz+t1sSdI1PfnxUKaWG5yCGlx0Tcj3]]></Encrypt><AgentID><![CDATA[1000002]]></AgentID></xml>
2017-11-09 09:48:49.813 [http-apr-8080-exec-9] INFO  com.ray.weixin.qy.service.message.reply.ReplyMessageService - reply_xmlMsg:<xml><ToUserName><![CDATA[ww92f5da92bb24696e]]></ToUserName><FromUserName><![CDATA[ShiRui]]></FromUserName><CreateTime>1510192129</CreateTime><MsgType><![CDATA[event]]></MsgType><AgentID>1000002</AgentID><Event><![CDATA[LOCATION]]></Event><Latitude>31.1676</Latitude><Longitude>121.156</Longitude><Precision>15</Precision></xml>
2017-11-09 09:48:49.815 [http-apr-8080-exec-9] INFO  com.ray.weixin.qy.service.message.reply.ReplyMessageService - fromUserName:ShiRui
2017-11-09 09:48:49.815 [http-apr-8080-exec-9] INFO  com.ray.weixin.qy.service.message.reply.ReplyMessageService - toUserName:ww92f5da92bb24696e
2017-11-09 09:48:49.815 [http-apr-8080-exec-9] INFO  com.ray.weixin.qy.service.message.reply.ReplyMessageService - msgType:event
2017-11-09 09:48:49.815 [http-apr-8080-exec-9] INFO  com.ray.weixin.qy.service.message.reply.ReplyMessageService - Event:LOCATION  eventKey:null
2017-11-09 09:48:55.004 [http-apr-8080-exec-10] INFO  com.ray.weixin.qy.controller.WeiXinServlet - post--------------
2017-11-09 09:48:55.005 [http-apr-8080-exec-10] INFO  com.ray.weixin.qy.service.message.reply.ReplyMessageService - parms:{"msg_signature":["db36201d61653350a4a63d90ce9dd0eb3b46444a"],"timestamp":["1510192134"],"nonce":["99898916"]}
2017-11-09 09:48:55.005 [http-apr-8080-exec-10] INFO  com.ray.weixin.qy.service.message.reply.ReplyMessageService - postData:<xml><ToUserName><![CDATA[ww92f5da92bb24696e]]></ToUserName><Encrypt><![CDATA[5O1bVdDZdpZuuD5QhUrsSP6pJJYhx9nxh/GcqopyPRTfcclfJRStWSObvQshrwTO5gut908HSqn1hQOBM0PvyNrVZDC7zCwlg/SFF/RONpY53aRvvXM8ImjDvXpVWuLOT7mAPKrXlj6GqftCTKrUBF8kl5NaXh5QFcil1IIPnLNsRQulgdeJulNsveCfAjmolfeg8tw7l1Kwe/cOnAF/cTz3Me1G4AMKrf2Lc8Num/PAokIdpXFDwszNjTY79sYycx3Tf0REhhPFLappUV1Pnjk01NWZjliFMBCe8MN2StZv5rtjPwMigGhVDKmatX19alrgtDitCUXVSr3cP1BnyfmgLcrTw0ttcn3asdv0yu8Iu0l/HZyEuaRFT2EKvFQFKeGQNpyIzrKk8GKucULzvK7iz+NtevjMB6IabCZo1fcGCKQi+POpG2JsYJ25ln0t/qAMh+H/JiLMyW0ocNd70v+adZYoVdToT57rrDp3wImGG+VhPxj6Y+bdO02e430G]]></Encrypt><AgentID><![CDATA[1000002]]></AgentID></xml>
2017-11-09 09:48:55.008 [http-apr-8080-exec-10] INFO  com.ray.weixin.qy.service.message.reply.ReplyMessageService - reply_xmlMsg:<xml><ToUserName><![CDATA[ww92f5da92bb24696e]]></ToUserName><FromUserName><![CDATA[ShiRui]]></FromUserName><CreateTime>1510192134</CreateTime><MsgType><![CDATA[event]]></MsgType><AgentID>1000002</AgentID><Event><![CDATA[LOCATION]]></Event><Latitude>31.1676</Latitude><Longitude>121.156</Longitude><Precision>15</Precision></xml>
2017-11-09 09:48:55.010 [http-apr-8080-exec-10] INFO  com.ray.weixin.qy.service.message.reply.ReplyMessageService - fromUserName:ShiRui
2017-11-09 09:48:55.010 [http-apr-8080-exec-10] INFO  com.ray.weixin.qy.service.message.reply.ReplyMessageService - toUserName:ww92f5da92bb24696e
2017-11-09 09:48:55.010 [http-apr-8080-exec-10] INFO  com.ray.weixin.qy.service.message.reply.ReplyMessageService - msgType:event
2017-11-09 09:48:55.010 [http-apr-8080-exec-10] INFO  com.ray.weixin.qy.service.message.reply.ReplyMessageService - Event:LOCATION  eventKey:null
