2017-11-09 13:30:36.271 [http-apr-8080-exec-8] INFO  com.ray.weixin.qy.controller.WeiXinServlet - post--------------
2017-11-09 13:30:36.316 [http-apr-8080-exec-8] INFO  com.ray.weixin.qy.service.message.reply.ReplyMessageService - parms:{"msg_signature":["9b3338cd5d4fb0042db0405a09514c6bc771bea2"],"timestamp":["1510205435"],"nonce":["401247901"]}
2017-11-09 13:30:36.321 [http-apr-8080-exec-8] INFO  com.ray.weixin.qy.service.message.reply.ReplyMessageService - postData:<xml><ToUserName><![CDATA[ww92f5da92bb24696e]]></ToUserName><Encrypt><![CDATA[78+jj9GtWsJcOGIESDb18vnLyUaZs39K6bFt15X1nQqjtIMqmAEsG3YtWFxz3lH61C4aVyosWOFkAqWXspApVVOuUGxHawtPHsH5tY6M9ekZwcOiagH5QXS0n38fP48fAtY+HJ91AzKLPlJKsUIGk0KaLEn1bQZ1dkgP9x19oel8gb5BU1zxkWWP7VIjM8yX08XMJP+Dn6U4finQOxEwEhWIHFSINv+RO+xXpaUcsiDjA6cJ1ghSh2KEzNq8P9hbXzBKS4qZX7iKxZjDBpGVpvWVTSJV9FFouHttRa1idBF092zaLvqK+vYKF1N0yTxhWNbfz9z5YV2Y8YPncreqlc7Ccekq8yvQDuCBEQqu1xYoo1D8149kN07CEN5kJ018ujiVjZFbeEHmckhpoaJ1YVL7O3e3QzMkcZno+RPZzkW9iGSFbw78L8dFhvGHBXWpDINYzlEfWma2+TG/JElE8qjRJpPvZLPk3KeAVy02oVOHaoas8e52PoIrMEOQ2JmA]]></Encrypt><AgentID><![CDATA[1000002]]></AgentID></xml>
2017-11-09 13:30:36.343 [http-apr-8080-exec-8] INFO  com.ray.weixin.qy.service.message.reply.ReplyMessageService - reply_xmlMsg:<xml><ToUserName><![CDATA[ww92f5da92bb24696e]]></ToUserName><FromUserName><![CDATA[XuZhao]]></FromUserName><CreateTime>1510205435</CreateTime><MsgType><![CDATA[event]]></MsgType><AgentID>1000002</AgentID><Event><![CDATA[view]]></Event><EventKey><![CDATA[http://rayner.nat300.top/weixin_qy/showInvoice.jsp]]></EventKey></xml>
2017-11-09 13:30:36.532 [http-apr-8080-exec-9] INFO  com.ray.weixin.qy.util.AuthHelper - jsonObject:{"errcode":0,"access_token":"HAXViOQY3DGAvBiBKjCsINmIRRUBT5qPdfoC4Z8571X1BUGBGeUR24SM9BJttafP4lMxb8DMjyyKPX0WO1az3mXgERblmFYc8l8o5qRwLhqXSTaQf4H5kiX5_IUQ5aEhzMVrHdHo71xR9DphzuJ-zUFPYWFBoF2UZ1VQVCmVzidT3HCqCocrpbksyJw4Kp2n9j-O6V7UVhewcXu4SXgRIg","errmsg":"ok","expires_in":7200}
2017-11-09 13:30:36.565 [http-apr-8080-exec-8] INFO  com.ray.weixin.qy.service.message.reply.ReplyMessageService - fromUserName:XuZhao
2017-11-09 13:30:36.565 [http-apr-8080-exec-8] INFO  com.ray.weixin.qy.service.message.reply.ReplyMessageService - toUserName:ww92f5da92bb24696e
2017-11-09 13:30:36.565 [http-apr-8080-exec-8] INFO  com.ray.weixin.qy.service.message.reply.ReplyMessageService - msgType:event
2017-11-09 13:30:36.566 [http-apr-8080-exec-8] INFO  com.ray.weixin.qy.service.message.reply.ReplyMessageService - Event:view  eventKey:http://rayner.nat300.top/weixin_qy/showInvoice.jsp
2017-11-09 13:30:36.931 [http-apr-8080-exec-9] INFO  com.ray.weixin.qy.util.AuthHelper - jsonObject:{"errcode":0,"ticket":"kgt8ON7yVITDhtdwci0qebCLEfC_BfeygIq8cFPLbdbdgXAuwqW0TQb7lRnbFXxfHzevQQFSYr2oYlyC7L5k6Q","errmsg":"ok","expires_in":7200}
2017-11-09 13:30:36.932 [http-apr-8080-exec-9] INFO  com.ray.weixin.qy.util.AuthHelper - url:http://rayner.nat300.top/weixin_qy/showInvoice.jsp
2017-11-09 13:30:36.932 [http-apr-8080-exec-9] INFO  com.ray.weixin.qy.util.AuthHelper - accessToken:HAXViOQY3DGAvBiBKjCsINmIRRUBT5qPdfoC4Z8571X1BUGBGeUR24SM9BJttafP4lMxb8DMjyyKPX0WO1az3mXgERblmFYc8l8o5qRwLhqXSTaQf4H5kiX5_IUQ5aEhzMVrHdHo71xR9DphzuJ-zUFPYWFBoF2UZ1VQVCmVzidT3HCqCocrpbksyJw4Kp2n9j-O6V7UVhewcXu4SXgRIg
2017-11-09 13:30:36.933 [http-apr-8080-exec-9] INFO  com.ray.weixin.qy.util.AuthHelper - jsapi_ticket:kgt8ON7yVITDhtdwci0qebCLEfC_BfeygIq8cFPLbdbdgXAuwqW0TQb7lRnbFXxfHzevQQFSYr2oYlyC7L5k6Q
2017-11-09 13:30:36.933 [http-apr-8080-exec-9] INFO  com.ray.weixin.qy.util.AuthHelper - appId:ww92f5da92bb24696e
2017-11-09 13:30:36.933 [http-apr-8080-exec-9] INFO  com.ray.weixin.qy.util.AuthHelper - timestamp:1510205436
2017-11-09 13:30:36.933 [http-apr-8080-exec-9] INFO  com.ray.weixin.qy.util.AuthHelper - nonceStr:2a395dc5-4a23-42af-a630-ce2c3b44c5c9
2017-11-09 13:30:36.934 [http-apr-8080-exec-9] INFO  com.ray.weixin.qy.util.AuthHelper - signature:890ae669d18059725f5d076525e280f5f71ae51f
2017-11-09 13:30:36.934 [http-apr-8080-exec-9] INFO  com.ray.weixin.qy.util.AuthHelper - configValue:{"signature":"890ae669d18059725f5d076525e280f5f71ae51f","appId":"ww92f5da92bb24696e","nonceStr":"2a395dc5-4a23-42af-a630-ce2c3b44c5c9","timestamp":"1510205436"}
2017-11-09 13:30:37.170 [http-apr-8080-exec-9] INFO  com.ray.weixin.qy.util.AuthHelper - jsonObject:{"errcode":0,"access_token":"HAXViOQY3DGAvBiBKjCsINmIRRUBT5qPdfoC4Z8571X1BUGBGeUR24SM9BJttafP4lMxb8DMjyyKPX0WO1az3mXgERblmFYc8l8o5qRwLhqXSTaQf4H5kiX5_IUQ5aEhzMVrHdHo71xR9DphzuJ-zUFPYWFBoF2UZ1VQVCmVzidT3HCqCocrpbksyJw4Kp2n9j-O6V7UVhewcXu4SXgRIg","errmsg":"","expires_in":7200}
2017-11-09 13:30:37.356 [http-apr-8080-exec-9] INFO  com.ray.weixin.qy.util.AuthHelper - jsonObject:{"errcode":0,"ticket":"IpK_1T69hDhZkLQTlwsAXwPIgjZ1z6yuhHmi_IRriCjAaETgX6hy8VSpS699Pn9oOWN_ZH-0gEG9SMnro7cJRg","group_id":"","errmsg":"ok","expires_in":7200}
2017-11-09 13:30:37.357 [http-apr-8080-exec-9] INFO  com.ray.weixin.qy.util.AuthHelper - apiTicket:IpK_1T69hDhZkLQTlwsAXwPIgjZ1z6yuhHmi_IRriCjAaETgX6hy8VSpS699Pn9oOWN_ZH-0gEG9SMnro7cJRg
2017-11-09 13:30:37.358 [http-apr-8080-exec-9] INFO  com.ray.weixin.qy.util.AuthHelper - appId:ww92f5da92bb24696e
2017-11-09 13:30:37.358 [http-apr-8080-exec-9] INFO  com.ray.weixin.qy.util.AuthHelper - timeStamp:1510205437
2017-11-09 13:30:37.358 [http-apr-8080-exec-9] INFO  com.ray.weixin.qy.util.AuthHelper - nonceStr:c96838d8-c320-4577-8ba1-5df52a04daa2
2017-11-09 13:30:37.359 [http-apr-8080-exec-9] INFO  com.ray.weixin.qy.util.AuthHelper - cardType:INVOICE
2017-11-09 13:30:37.359 [http-apr-8080-exec-9] INFO  com.ray.weixin.qy.util.AuthHelper - cardSign:fc18e012c6c45f19469e1b49e3837541ac97777f
2017-11-09 13:30:37.359 [http-apr-8080-exec-9] INFO  com.ray.weixin.qy.util.AuthHelper - signType:SHA1
2017-11-09 13:30:37.360 [http-apr-8080-exec-9] INFO  com.ray.weixin.qy.util.AuthHelper - configValue:{"signType":"SHA1","cardSign":"fc18e012c6c45f19469e1b49e3837541ac97777f","nonceStr":"c96838d8-c320-4577-8ba1-5df52a04daa2","timestamp":"1510205437"}
