2017-11-15 14:55:41.360 [http-apr-8080-exec-8] INFO  com.ray.weixin.gz.controller.WeiXinServlet - post--------------
2017-11-15 14:55:41.375 [http-apr-8080-exec-8] INFO  com.ray.weixin.gz.service.message.ReplyMessageService - parms:{"signature":["348f234e53b8a20049507dd4ed68faa1915fd27c"],"timestamp":["1510728939"],"nonce":["673180578"],"openid":["o1M7_1YPJI9YMaHiP54wN8nzuoDE"],"encrypt_type":["aes"],"msg_signature":["e0184485a0e0ade9a952b51dc7d68246e2b261d5"]}
2017-11-15 14:55:41.375 [http-apr-8080-exec-8] INFO  com.ray.weixin.gz.service.message.ReplyMessageService - postData:<xml>    <ToUserName><![CDATA[gh_8903be978f8b]]></ToUserName>    <Encrypt><![CDATA[qRR92XkBWszlDEtzyL4QBuH6XQQo+rXZZUhQ3Ac8tExeIUrkaICG7n7j500boDr6uP+yUdULTk3L3PfKXwM78NHWRlg2ppYLjPEvsZ4PssRg6MZG2CbqbsFkay624pSYRFL706V/uElri7uSdEia1rOFjxeVjRtwVyEfzlwna2Cl3hhT9sefEBioDHpk5yntDNJxsM7Pq6vaKLHOqgslN654MXoSGRzq2Ijgk+ZVHv9CJnH0vuAHgNGF/pdemjH4qZQ1I2rsDAJzex4AMUQj1R/3cDUgBJSdVTmzJswfxOQYK6yGZSanrfPsU7V0EWB+o7WIrieEwHilqrIBXfdfN20fDSM69CCLUehFQ8kAgYRjT5VT0qQxGl/LCHs1regM9M3uZzes9JVa5ixWBuJrgyMgapYCOsqH014cf+Djv1BafOFoIkwGXMEFssJRIwfQunut/Cv3RtsLBc1BRcXSXNPG+InXiQjO1jFMuST8PzsOuuopdGftrDWl7M64EGj9vuvAIQCtG3NDej13ZXPHm6124CYhxHjOrOu+UPxJxvE=]]></Encrypt></xml>
2017-11-15 14:55:41.378 [http-apr-8080-exec-8] INFO  com.ray.weixin.gz.service.message.ReplyMessageService - 安全模式：消息被加密
2017-11-15 14:55:41.386 [http-apr-8080-exec-8] INFO  com.ray.weixin.gz.service.message.ReplyMessageService - <xml><ToUserName><![CDATA[gh_8903be978f8b]]></ToUserName>
<FromUserName><![CDATA[o1M7_1YPJI9YMaHiP54wN8nzuoDE]]></FromUserName>
<CreateTime>1510728939</CreateTime>
<MsgType><![CDATA[event]]></MsgType>
<Event><![CDATA[VIEW]]></Event>
<EventKey><![CDATA[http://rayner.nat300.top/weixin_gz/showInvoice.jsp]]></EventKey>
<MenuId>450181233</MenuId>
</xml>
2017-11-15 14:55:41.392 [http-apr-8080-exec-8] INFO  com.ray.weixin.gz.service.message.ReplyMessageService - fromUserName:o1M7_1YPJI9YMaHiP54wN8nzuoDE
2017-11-15 14:55:41.393 [http-apr-8080-exec-8] INFO  com.ray.weixin.gz.service.message.ReplyMessageService - toUserName:gh_8903be978f8b
2017-11-15 14:55:41.393 [http-apr-8080-exec-8] INFO  com.ray.weixin.gz.service.message.ReplyMessageService - msgType:event
2017-11-15 14:55:41.393 [http-apr-8080-exec-8] INFO  com.ray.weixin.gz.service.message.ReplyMessageService - Event:VIEW  eventKey:http://rayner.nat300.top/weixin_gz/showInvoice.jsp
2017-11-15 14:55:42.166 [http-apr-8080-exec-1] INFO  com.ray.weixin.gz.util.AuthHelper - jsonObject:{"access_token":"i9eGyh20aIVPoNmuw1exncfzSTgva5jiVzZlJqkLxct2j0ekJxyo4pvd3zL828rJudSWTN-0_GkRIyyNO13X6CF6Y5YpWMDMvMDaWr0AZLMBLPRRNRptDdDoamVh5kHzUCFgABAOWZ","expires_in":7200}
2017-11-15 14:55:42.574 [http-apr-8080-exec-1] INFO  com.ray.weixin.gz.util.AuthHelper - jsonObject:{"errcode":0,"ticket":"HoagFKDcsGMVCIY2vOjf9mrEXbwXSbqpUm0898_LsZhfWowrJV-9wOxwAgoPTOhdqfiAJVBhU9J6pQbGq-WKag","errmsg":"ok","expires_in":7200}
2017-11-15 14:55:42.575 [http-apr-8080-exec-1] INFO  com.ray.weixin.gz.util.AuthHelper - accessToken:i9eGyh20aIVPoNmuw1exncfzSTgva5jiVzZlJqkLxct2j0ekJxyo4pvd3zL828rJudSWTN-0_GkRIyyNO13X6CF6Y5YpWMDMvMDaWr0AZLMBLPRRNRptDdDoamVh5kHzUCFgABAOWZ
2017-11-15 14:55:42.576 [http-apr-8080-exec-1] INFO  com.ray.weixin.gz.util.AuthHelper - ticket:HoagFKDcsGMVCIY2vOjf9mrEXbwXSbqpUm0898_LsZhfWowrJV-9wOxwAgoPTOhdqfiAJVBhU9J6pQbGq-WKag
2017-11-15 14:55:42.576 [http-apr-8080-exec-1] INFO  com.ray.weixin.gz.util.AuthHelper - nonceStr:39d30534-ab6c-4658-a5fa-1658a18c9d12
2017-11-15 14:55:42.576 [http-apr-8080-exec-1] INFO  com.ray.weixin.gz.util.AuthHelper - timeStamp:1510728941
2017-11-15 14:55:42.577 [http-apr-8080-exec-1] INFO  com.ray.weixin.gz.util.AuthHelper - signedUrl:http://rayner.nat300.top/weixin_gz/showInvoice.jsp
2017-11-15 14:55:42.577 [http-apr-8080-exec-1] INFO  com.ray.weixin.gz.util.AuthHelper - signature:3e5a8feefa6008727bdf3991e48f61c140887806
2017-11-15 14:55:42.577 [http-apr-8080-exec-1] INFO  com.ray.weixin.gz.util.AuthHelper - appId:wx07c4d9d0895fe212
2017-11-15 14:55:42.578 [http-apr-8080-exec-1] INFO  com.ray.weixin.gz.util.AuthHelper - configValue:{signature:'3e5a8feefa6008727bdf3991e48f61c140887806',nonceStr:'39d30534-ab6c-4658-a5fa-1658a18c9d12',timeStamp:'1510728941',appId:'wx07c4d9d0895fe212'}
2017-11-15 14:55:42.708 [http-apr-8080-exec-1] INFO  com.ray.weixin.gz.util.AuthHelper - jsonObject:{"access_token":"i9eGyh20aIVPoNmuw1exncfzSTgva5jiVzZlJqkLxcsKby5Huullh7NP6FZEWGZPunLIQi4hIboPJQg0yrdfhl_KfYvAp-MQ7gd_CRT-Uit1_SAfTYkbLJ6w66tmB8hJPJFgABAHBX","expires_in":7200}
2017-11-15 14:55:42.840 [http-apr-8080-exec-1] INFO  com.ray.weixin.gz.service.invoice.InvoiceService - jsonObject:{"errcode":0,"ticket":"9KwiourQPRN3vx3Nn1c_iXCh-5F7rD5UiR6FRkNziS3cx4b8Yjpce58MCsslS5Cu43H8pvgbGMFfDvtxfdImxg","errmsg":"ok","expires_in":7200}
2017-11-15 14:55:42.842 [http-apr-8080-exec-1] INFO  com.ray.weixin.gz.util.AuthHelper - apiTicket:9KwiourQPRN3vx3Nn1c_iXCh-5F7rD5UiR6FRkNziS3cx4b8Yjpce58MCsslS5Cu43H8pvgbGMFfDvtxfdImxg
2017-11-15 14:55:42.843 [http-apr-8080-exec-1] INFO  com.ray.weixin.gz.util.AuthHelper - appId:wx07c4d9d0895fe212
2017-11-15 14:55:42.843 [http-apr-8080-exec-1] INFO  com.ray.weixin.gz.util.AuthHelper - timeStamp:1510728942
2017-11-15 14:55:42.843 [http-apr-8080-exec-1] INFO  com.ray.weixin.gz.util.AuthHelper - nonceStr:2665bd49-8690-4a9c-9b0f-0edf9350ce97
2017-11-15 14:55:42.844 [http-apr-8080-exec-1] INFO  com.ray.weixin.gz.util.AuthHelper - cardType:INVOICE
2017-11-15 14:55:42.844 [http-apr-8080-exec-1] INFO  com.ray.weixin.gz.util.AuthHelper - cardSign:689c6321dd5ad7d938e62fb8ed34a2b7ad233b92
2017-11-15 14:55:42.844 [http-apr-8080-exec-1] INFO  com.ray.weixin.gz.util.AuthHelper - signType:SHA1
2017-11-15 14:55:42.844 [http-apr-8080-exec-1] INFO  com.ray.weixin.gz.util.AuthHelper - configValue:{"signType":"SHA1","cardSign":"689c6321dd5ad7d938e62fb8ed34a2b7ad233b92","nonceStr":"2665bd49-8690-4a9c-9b0f-0edf9350ce97","timestamp":"1510728942"}
