2017-11-09 11:26:02.558 [http-apr-8080-exec-10] INFO  com.ray.weixin.qy.controller.WeiXinServlet - post--------------
2017-11-09 11:26:02.564 [http-apr-8080-exec-10] INFO  com.ray.weixin.qy.service.message.reply.ReplyMessageService - parms:{"msg_signature":["41752fb91f73c83b355635ea08bbc336fbe44a6d"],"timestamp":["1510197962"],"nonce":["1668217084"]}
2017-11-09 11:26:02.564 [http-apr-8080-exec-10] INFO  com.ray.weixin.qy.service.message.reply.ReplyMessageService - postData:<xml><ToUserName><![CDATA[ww92f5da92bb24696e]]></ToUserName><Encrypt><![CDATA[a9s2tHj4QUKnSSSx7pHoiltkktoX3o0eAY6i5Z0g3Wp9AJCdv2vbPNRKRa5PyTqHSOhjuOO9t7ys6KQdL3B9VFQ/zdlLVUQZrsyA9JJuaHm3JOlUvn0MphAOK7qyXHiAPwx1BHZjjYt46mMWaqUNQNtQANFUt45pofxt8tvL0eZxAtCr3VNm2ZkvEfjgUufxWGujl/pqlGMGwH3WvINapxNR2rIt8GPX9H6AMejP4/uvsBMPYxWQeNkte5w6sBE27lRbrzYYclYB4GQh6MMn6BYr/mWHEG2Y3BmzRWTNuetKrhh6Yp3m8HubLgfKzUsr3nsmdTOfVZe7aWChW/rf2oPd2YV51FxlnilqqJ5lpYr78Wie1xE7BVPCgBdJYulKUi4JTFHvyfh8vteU4Y1HDELKc8Lcn1huclSPZwa/d9zrlsXVYQYgjXxHmY+hg2WlxDiETtHjn2hg+Rn9/vpoT1coS4NxV8LDMShvyOWVof/DFVqQjhSFihoU9S7FKXRm]]></Encrypt><AgentID><![CDATA[1000002]]></AgentID></xml>
2017-11-09 11:26:02.567 [http-apr-8080-exec-10] INFO  com.ray.weixin.qy.service.message.reply.ReplyMessageService - reply_xmlMsg:<xml><ToUserName><![CDATA[ww92f5da92bb24696e]]></ToUserName><FromUserName><![CDATA[ShiRui]]></FromUserName><CreateTime>1510197961</CreateTime><MsgType><![CDATA[event]]></MsgType><AgentID>1000002</AgentID><Event><![CDATA[LOCATION]]></Event><Latitude>31.1676</Latitude><Longitude>121.156</Longitude><Precision>15</Precision></xml>
2017-11-09 11:26:02.568 [http-apr-8080-exec-10] INFO  com.ray.weixin.qy.service.message.reply.ReplyMessageService - fromUserName:ShiRui
2017-11-09 11:26:02.568 [http-apr-8080-exec-10] INFO  com.ray.weixin.qy.service.message.reply.ReplyMessageService - toUserName:ww92f5da92bb24696e
2017-11-09 11:26:02.568 [http-apr-8080-exec-10] INFO  com.ray.weixin.qy.service.message.reply.ReplyMessageService - msgType:event
2017-11-09 11:26:02.568 [http-apr-8080-exec-10] INFO  com.ray.weixin.qy.service.message.reply.ReplyMessageService - Event:LOCATION  eventKey:null
2017-11-09 11:26:07.504 [http-apr-8080-exec-1] INFO  com.ray.weixin.qy.controller.WeiXinServlet - post--------------
2017-11-09 11:26:07.504 [http-apr-8080-exec-1] INFO  com.ray.weixin.qy.service.message.reply.ReplyMessageService - parms:{"msg_signature":["8b1c369fc50459fb822b5baf30338296cd367e71"],"timestamp":["1510197967"],"nonce":["736538406"]}
2017-11-09 11:26:07.504 [http-apr-8080-exec-1] INFO  com.ray.weixin.qy.service.message.reply.ReplyMessageService - postData:<xml><ToUserName><![CDATA[ww92f5da92bb24696e]]></ToUserName><Encrypt><![CDATA[zev2CT0RMtq7Ix5WcjdLTP3GsU7+xRl0a0uuOJd4rs7dtNWLWbtZlbP7BcM4DhlCtuVrDWQYM863olAWdo9btfmpD4pcqXLlh2PbmLS140OG8zwb3jj4yolB666kOS2VJWWF9VTbQldfrz2TMAqjD8DLJbmQpZNUkb5GlkKH0GJ5nhjvKG9RVdeQtmWxCsOm1wra3UrkpxrZCdwVg3q2kp3vY6+gRteVW5uFOmZIY0COR4zDU/TMibQGH5/mEK25f2L6/0SZw4TgObAM9apwCIlQEKs6sa3w5uRTt2QwRAtP7GnmGsiXurPKXnd4Li8stXrCi7Gbkw5nu3dzOnHvlXW5Bns7yUPTW28YzGTGZWVxh56NHoB4cTOBJZN/2/plvyV5gDMVpLM2DuDxKULmj+mpQnoJDaVmlV5zC6W6vqIYFbCQLrFapFe8ZZy7ISfinLHSgOrG6u/BtmnBx/2xjUweZYjcmtQOobemMCQDT8qybr+23lFjQH5usO5QozK/]]></Encrypt><AgentID><![CDATA[1000002]]></AgentID></xml>
2017-11-09 11:26:07.505 [http-apr-8080-exec-1] INFO  com.ray.weixin.qy.service.message.reply.ReplyMessageService - reply_xmlMsg:<xml><ToUserName><![CDATA[ww92f5da92bb24696e]]></ToUserName><FromUserName><![CDATA[ShiRui]]></FromUserName><CreateTime>1510197966</CreateTime><MsgType><![CDATA[event]]></MsgType><AgentID>1000002</AgentID><Event><![CDATA[LOCATION]]></Event><Latitude>31.1676</Latitude><Longitude>121.156</Longitude><Precision>15</Precision></xml>
2017-11-09 11:26:07.505 [http-apr-8080-exec-1] INFO  com.ray.weixin.qy.service.message.reply.ReplyMessageService - fromUserName:ShiRui
2017-11-09 11:26:07.505 [http-apr-8080-exec-1] INFO  com.ray.weixin.qy.service.message.reply.ReplyMessageService - toUserName:ww92f5da92bb24696e
2017-11-09 11:26:07.505 [http-apr-8080-exec-1] INFO  com.ray.weixin.qy.service.message.reply.ReplyMessageService - msgType:event
2017-11-09 11:26:07.505 [http-apr-8080-exec-1] INFO  com.ray.weixin.qy.service.message.reply.ReplyMessageService - Event:LOCATION  eventKey:null
2017-11-09 11:26:12.604 [http-apr-8080-exec-4] INFO  com.ray.weixin.qy.controller.WeiXinServlet - post--------------
2017-11-09 11:26:12.604 [http-apr-8080-exec-4] INFO  com.ray.weixin.qy.service.message.reply.ReplyMessageService - parms:{"msg_signature":["3158863fd1dc445bd79d3fa648d721bda24c4c04"],"timestamp":["1510197972"],"nonce":["439279714"]}
2017-11-09 11:26:12.604 [http-apr-8080-exec-4] INFO  com.ray.weixin.qy.service.message.reply.ReplyMessageService - postData:<xml><ToUserName><![CDATA[ww92f5da92bb24696e]]></ToUserName><Encrypt><![CDATA[SPVAad3atERZQrWtGs1vbvn3QVgss3mHHqVZVtjAOlqu3t9SgG3mgIB5oZBzUIYAqrs63wjboDPQiSfAekZtu4UzKAoG+4ii2z2taAG4ympWflUE7mtesr0P20dIq1RnchguG6ivPp3LOACCYH2QPRrfEn7A9HRKA5dkmMYZghIdwnY559MWdLoykDzIolnv51eVl0EnVV8Qj0g8ertuOqloPuD/3V7AQ/ks7/UzHJ04rdMf90RX3aCxn0YGHSwoW49NWHTLgWL4kQOdp6gMzcpEusdKb3TAD2GCUKwEFlXzzzn6VNLDtjOkz+SJ02Nk0RCeVrzzLGLs/r8+g1y4G9IE/frVeP9WeJLDABwwLvIeJFPVhsZjAHTPlFaj1GECAUypVee0+pu0B5hmDgbpdDf4rMwKWjrdp4aGhiojJgxCyxs9gMqEc9mX+/n42GxlbbEDcWOkn1YLMst+XppZg3ukgLpa0s69T7hi5di8c+Z32yCnMixCXMmtUbx/Cz0Q]]></Encrypt><AgentID><![CDATA[1000002]]></AgentID></xml>
2017-11-09 11:26:12.605 [http-apr-8080-exec-4] INFO  com.ray.weixin.qy.service.message.reply.ReplyMessageService - reply_xmlMsg:<xml><ToUserName><![CDATA[ww92f5da92bb24696e]]></ToUserName><FromUserName><![CDATA[ShiRui]]></FromUserName><CreateTime>1510197972</CreateTime><MsgType><![CDATA[event]]></MsgType><AgentID>1000002</AgentID><Event><![CDATA[LOCATION]]></Event><Latitude>31.1676</Latitude><Longitude>121.156</Longitude><Precision>15</Precision></xml>
2017-11-09 11:26:12.606 [http-apr-8080-exec-4] INFO  com.ray.weixin.qy.service.message.reply.ReplyMessageService - fromUserName:ShiRui
2017-11-09 11:26:12.606 [http-apr-8080-exec-4] INFO  com.ray.weixin.qy.service.message.reply.ReplyMessageService - toUserName:ww92f5da92bb24696e
2017-11-09 11:26:12.606 [http-apr-8080-exec-4] INFO  com.ray.weixin.qy.service.message.reply.ReplyMessageService - msgType:event
2017-11-09 11:26:12.606 [http-apr-8080-exec-4] INFO  com.ray.weixin.qy.service.message.reply.ReplyMessageService - Event:LOCATION  eventKey:null
2017-11-09 11:26:17.502 [http-apr-8080-exec-6] INFO  com.ray.weixin.qy.controller.WeiXinServlet - post--------------
2017-11-09 11:26:17.503 [http-apr-8080-exec-6] INFO  com.ray.weixin.qy.service.message.reply.ReplyMessageService - parms:{"msg_signature":["ee9c5afa3071d990023dcbc222b3a6fd9dcc169f"],"timestamp":["1510197977"],"nonce":["769252546"]}
2017-11-09 11:26:17.503 [http-apr-8080-exec-6] INFO  com.ray.weixin.qy.service.message.reply.ReplyMessageService - postData:<xml><ToUserName><![CDATA[ww92f5da92bb24696e]]></ToUserName><Encrypt><![CDATA[3x+dbOYExFiFjmVLp61j6aC/T9BBbiuLabrzo1tTkRJfCtiGP8dFRM8HWCnNC7mWjqIJ+DBwN18CY7VVwi3LrszFIBYl3+BSuFeAUIVchDvp75jynXfu/u/ZvQ1H6sRjvDXa3ohz4Z4v6/x4kqHHnzus7cQYP7/ssKdBAwqKJRsbMO2Pn5BZtGyqWOSj6NQDg6247WbR/77DKRTev8Ux8P4e7z4EeeuNlOadSj+C1nEZEgNmz1lEEui//OUoECLysPXO8JDPgnq2A2Q50a7+sOxGWzVm1Khdb64Q7fA7GAsa1kOGtWtmTRHVLt8h/CT+J9v5N1J3bCVtF7fCD9kHcsJl0+LST76N4ycPzbx0cU3cmPPzZuzJ+LXfhdebRt1cT7MbRCN3O2k1MSxGo0vOjXu7rFFRDrjt5kxvbYdo8CcBy9IrN0y67xgTKthu0+bhAkMyie6CnS86yWe+tAcUyqnHSLg+T1l3eKXlotKDg9MXYREfNTxNHhA4QTAEuT5v]]></Encrypt><AgentID><![CDATA[1000002]]></AgentID></xml>
2017-11-09 11:26:17.504 [http-apr-8080-exec-6] INFO  com.ray.weixin.qy.service.message.reply.ReplyMessageService - reply_xmlMsg:<xml><ToUserName><![CDATA[ww92f5da92bb24696e]]></ToUserName><FromUserName><![CDATA[ShiRui]]></FromUserName><CreateTime>1510197976</CreateTime><MsgType><![CDATA[event]]></MsgType><AgentID>1000002</AgentID><Event><![CDATA[LOCATION]]></Event><Latitude>31.1676</Latitude><Longitude>121.156</Longitude><Precision>15</Precision></xml>
2017-11-09 11:26:17.504 [http-apr-8080-exec-6] INFO  com.ray.weixin.qy.service.message.reply.ReplyMessageService - fromUserName:ShiRui
2017-11-09 11:26:17.504 [http-apr-8080-exec-6] INFO  com.ray.weixin.qy.service.message.reply.ReplyMessageService - toUserName:ww92f5da92bb24696e
2017-11-09 11:26:17.505 [http-apr-8080-exec-6] INFO  com.ray.weixin.qy.service.message.reply.ReplyMessageService - msgType:event
2017-11-09 11:26:17.505 [http-apr-8080-exec-6] INFO  com.ray.weixin.qy.service.message.reply.ReplyMessageService - Event:LOCATION  eventKey:null
2017-11-09 11:26:22.610 [http-apr-8080-exec-7] INFO  com.ray.weixin.qy.controller.WeiXinServlet - post--------------
2017-11-09 11:26:22.610 [http-apr-8080-exec-7] INFO  com.ray.weixin.qy.service.message.reply.ReplyMessageService - parms:{"msg_signature":["bf0418ecc0be8529de97bfc0f748b55db58ecd3b"],"timestamp":["1510197982"],"nonce":["1463868353"]}
2017-11-09 11:26:22.611 [http-apr-8080-exec-7] INFO  com.ray.weixin.qy.service.message.reply.ReplyMessageService - postData:<xml><ToUserName><![CDATA[ww92f5da92bb24696e]]></ToUserName><Encrypt><![CDATA[qF2FcvOsOObExloQyoi8Qym4yFmRocatgVIBP3e7+xsHnsD/BIyHbRiLiRdl1VwiTP4tKt1NyeDxdxf1r/aqeddLSesPxuYndHzu7nhHMrT5U2mRMc9o5Gi2TCPkuojMDIHhycfT7gh7FRl7lI0VwXhxqPhN1CxLfKl3Kk1Z8G6A6aKPYrfqfGgWwzGF/TGrNyp38RyYJHrpjvuB+GGc3Z4At8BHoQvuGeLVjTBh9C6tZI9CyjwKAc9Gy7Y+f+Y4u1TDhTw2KibkMnktFiaz0obzibUEGsL/bQIxD3RmBSKCmLOJdfpWTpabcCiq2sutDkI3Bmh1RbsUz3qlYKKezPU/HTuLLLyMYmuH1gHmkVO/LjWJT9PIuBqgU8aW6YYtuTgBk+hlC4dti8tIgS1nvM8N2Kg4wpckf4U5phrpPDY2hbEb3KmfuTFeA/8JCB8VNxjHS/XhjkgYIJdLURq9VOOxPOHxKbM7sSlj8+vi5IfUuUTyFbqWNPUHh0z3hkr6]]></Encrypt><AgentID><![CDATA[1000002]]></AgentID></xml>
2017-11-09 11:26:22.616 [http-apr-8080-exec-7] INFO  com.ray.weixin.qy.service.message.reply.ReplyMessageService - reply_xmlMsg:<xml><ToUserName><![CDATA[ww92f5da92bb24696e]]></ToUserName><FromUserName><![CDATA[ShiRui]]></FromUserName><CreateTime>1510197982</CreateTime><MsgType><![CDATA[event]]></MsgType><AgentID>1000002</AgentID><Event><![CDATA[LOCATION]]></Event><Latitude>31.1676</Latitude><Longitude>121.156</Longitude><Precision>15</Precision></xml>
2017-11-09 11:26:22.618 [http-apr-8080-exec-7] INFO  com.ray.weixin.qy.service.message.reply.ReplyMessageService - fromUserName:ShiRui
2017-11-09 11:26:22.619 [http-apr-8080-exec-7] INFO  com.ray.weixin.qy.service.message.reply.ReplyMessageService - toUserName:ww92f5da92bb24696e
2017-11-09 11:26:22.619 [http-apr-8080-exec-7] INFO  com.ray.weixin.qy.service.message.reply.ReplyMessageService - msgType:event
2017-11-09 11:26:22.619 [http-apr-8080-exec-7] INFO  com.ray.weixin.qy.service.message.reply.ReplyMessageService - Event:LOCATION  eventKey:null
2017-11-09 11:26:27.653 [http-apr-8080-exec-10] INFO  com.ray.weixin.qy.controller.WeiXinServlet - post--------------
2017-11-09 11:26:27.654 [http-apr-8080-exec-10] INFO  com.ray.weixin.qy.service.message.reply.ReplyMessageService - parms:{"msg_signature":["271b0c78ee1e7647d5838daca84de85dce86ccb2"],"timestamp":["1510197987"],"nonce":["1208022957"]}
2017-11-09 11:26:27.654 [http-apr-8080-exec-10] INFO  com.ray.weixin.qy.service.message.reply.ReplyMessageService - postData:<xml><ToUserName><![CDATA[ww92f5da92bb24696e]]></ToUserName><Encrypt><![CDATA[CTXIozrKNdQidMRmUTfy/xIVaGnwmDPZ+1d9YlNrNPg6MeCeR/5BcgTAcHMXXszIXGhU+5UU8eXFBMWaIQhzKJKeeUkVRlTGPVb00CPa3TDhK5yQi8sshK/3GDJb9jlVLDONSyKpJcunjNtQV9Yn+d+pnCmHi3TYRk0i4NDn8ubfsel2XDZIpKIdX4ekLFfHJR/GPC8bvufVu52rW0kYetnIyk7j5lQ80LXRP7ie77n6sAvld1j//mAgU1m0Bgv3fzomkJZZEB2cZ13VjvzV90yYDIUFwCxGleVs5spXRQkq2BvOSOOSdzoiSKcH5esGVfZ3POmS2xCXAv9VBQOS2k5DaPlFIg6UaoX43ES7aXrw1YxsLodRElRnXpmTiXNK0HAHcxChz5SV9eeoUGMlBgBaDzDotvsUxjTmrvkI+hBHv0caCc/k50vVofav2zsw448OrokL/fJjqs+C7pPkYrko3zGD4jIdC/EONGAKfUNAVRICnWRg2pOSCmMNuc3v]]></Encrypt><AgentID><![CDATA[1000002]]></AgentID></xml>
2017-11-09 11:26:27.655 [http-apr-8080-exec-10] INFO  com.ray.weixin.qy.service.message.reply.ReplyMessageService - reply_xmlMsg:<xml><ToUserName><![CDATA[ww92f5da92bb24696e]]></ToUserName><FromUserName><![CDATA[ShiRui]]></FromUserName><CreateTime>1510197987</CreateTime><MsgType><![CDATA[event]]></MsgType><AgentID>1000002</AgentID><Event><![CDATA[LOCATION]]></Event><Latitude>31.1676</Latitude><Longitude>121.156</Longitude><Precision>15</Precision></xml>
2017-11-09 11:26:27.657 [http-apr-8080-exec-10] INFO  com.ray.weixin.qy.service.message.reply.ReplyMessageService - fromUserName:ShiRui
2017-11-09 11:26:27.657 [http-apr-8080-exec-10] INFO  com.ray.weixin.qy.service.message.reply.ReplyMessageService - toUserName:ww92f5da92bb24696e
2017-11-09 11:26:27.657 [http-apr-8080-exec-10] INFO  com.ray.weixin.qy.service.message.reply.ReplyMessageService - msgType:event
2017-11-09 11:26:27.657 [http-apr-8080-exec-10] INFO  com.ray.weixin.qy.service.message.reply.ReplyMessageService - Event:LOCATION  eventKey:null
2017-11-09 11:26:32.675 [http-apr-8080-exec-1] INFO  com.ray.weixin.qy.controller.WeiXinServlet - post--------------
2017-11-09 11:26:32.676 [http-apr-8080-exec-1] INFO  com.ray.weixin.qy.service.message.reply.ReplyMessageService - parms:{"msg_signature":["67aa7c3d1b06c6ed715eedbf7be3e8efa278aed4"],"timestamp":["1510197992"],"nonce":["967122743"]}
2017-11-09 11:26:32.676 [http-apr-8080-exec-1] INFO  com.ray.weixin.qy.service.message.reply.ReplyMessageService - postData:<xml><ToUserName><![CDATA[ww92f5da92bb24696e]]></ToUserName><Encrypt><![CDATA[EhYKQHhZSTv96m/tb4WIdxymwWymnwjkYkbC23Nk3nVYw+xiFz2wVuMGDnQAXHnjuTz33O7RKSXWEY7knOSQlIgAL8twlpwZP6JPphHoTxrarbo1CxxIj9jXcR2+2a5Ez8dIhaA2F8jhEKJey1I7PIgE1UgoT7Me4T4lTK1Rfhm+H7TkORbwUT7GpkP9V6aLuRyfsCMP4jsuK1mCna/ho4tQNfo0bsCyJXCz7hcDt3dcMzG1gMTImZc4NFMrsjVCAm+LzEmBC+Y9pbRn9ny4Iqa9AU3rPM2Boh+/ow7X94eVaIWH1CsdA3R5qpy58o15Ki8AzzzccPw9q1n1jm8lTAs6IL0cIL4mIxxjfFlQoyh2SwhwG4MFDozRzzYlT/GVKBm69kFoxCM5BN5oNHTESKlNTS1+7PZd+PKTfeL3YOYPcDGNcIfWZlolMvKrYbqLjaHAtkFl4IrlYK2euKWtV1j3E4yE8KLy/08o/aO29BlwF1YRowxAL/40irVFyPw6]]></Encrypt><AgentID><![CDATA[1000002]]></AgentID></xml>
2017-11-09 11:26:32.679 [http-apr-8080-exec-1] INFO  com.ray.weixin.qy.service.message.reply.ReplyMessageService - reply_xmlMsg:<xml><ToUserName><![CDATA[ww92f5da92bb24696e]]></ToUserName><FromUserName><![CDATA[ShiRui]]></FromUserName><CreateTime>1510197992</CreateTime><MsgType><![CDATA[event]]></MsgType><AgentID>1000002</AgentID><Event><![CDATA[LOCATION]]></Event><Latitude>31.1676</Latitude><Longitude>121.156</Longitude><Precision>15</Precision></xml>
2017-11-09 11:26:32.682 [http-apr-8080-exec-1] INFO  com.ray.weixin.qy.service.message.reply.ReplyMessageService - fromUserName:ShiRui
2017-11-09 11:26:32.683 [http-apr-8080-exec-1] INFO  com.ray.weixin.qy.service.message.reply.ReplyMessageService - toUserName:ww92f5da92bb24696e
2017-11-09 11:26:32.683 [http-apr-8080-exec-1] INFO  com.ray.weixin.qy.service.message.reply.ReplyMessageService - msgType:event
2017-11-09 11:26:32.683 [http-apr-8080-exec-1] INFO  com.ray.weixin.qy.service.message.reply.ReplyMessageService - Event:LOCATION  eventKey:null
2017-11-09 11:26:38.157 [http-apr-8080-exec-3] INFO  com.ray.weixin.qy.controller.WeiXinServlet - post--------------
2017-11-09 11:26:38.234 [http-apr-8080-exec-3] INFO  com.ray.weixin.qy.service.message.reply.ReplyMessageService - parms:{"msg_signature":["2dd32d8adbf9d2ccdf04cee9a68b929a8b43206d"],"timestamp":["1510197997"],"nonce":["1597250359"]}
2017-11-09 11:26:38.234 [http-apr-8080-exec-3] INFO  com.ray.weixin.qy.service.message.reply.ReplyMessageService - postData:<xml><ToUserName><![CDATA[ww92f5da92bb24696e]]></ToUserName><Encrypt><![CDATA[MHbukT8qNxwOuQcROF1SNOlWrHmHqHh4h0Fdu1GQNBwKOsuC0xE7VP7EYAOJcMCVtOdHoVMlpEnbjbx2UDpsj3rEUMvsl1alUmwvdV2cfAdw/4cW7m0oDI1YdLX5i8XFx0AtohPv2VAe9vUbnDvcsMph8Vwm9VzzMcrW2OidN7xncItR8OGZ0WctbMiAFcrUgdBoOBc7SILUFzgYO4DG7aDAHSSvKBdhy3gw/1YYXO9Nk0zOugZ7suIWiHe/1JxklL1gvjOsvPdcRPuoo4pxmzH3s+jBowJckBuwOyPhRHiK0JftUu4Cj6IvNBiebji/Bx+ijxNxOFKekp1A4GRjPQTOS2suH7QPXfESc8tUuqccHQRE7jz9m66EsJFXWBlVwQjNGRoJS1bm8cyVBiVtnUBy59H1GchR3lS76vs8YpEXTZAgCG8GjR4mWsYsdn0Aota+idp3BP2WfYbVcDRF2lsmkAwm7LSqCaUPr7SOWGhZl039QFmuPXIu6NpqpGEZ]]></Encrypt><AgentID><![CDATA[1000002]]></AgentID></xml>
2017-11-09 11:26:38.275 [http-apr-8080-exec-3] INFO  com.ray.weixin.qy.service.message.reply.ReplyMessageService - reply_xmlMsg:<xml><ToUserName><![CDATA[ww92f5da92bb24696e]]></ToUserName><FromUserName><![CDATA[ShiRui]]></FromUserName><CreateTime>1510197997</CreateTime><MsgType><![CDATA[event]]></MsgType><AgentID>1000002</AgentID><Event><![CDATA[LOCATION]]></Event><Latitude>31.1676</Latitude><Longitude>121.156</Longitude><Precision>15</Precision></xml>
2017-11-09 11:26:38.478 [http-apr-8080-exec-3] INFO  com.ray.weixin.qy.service.message.reply.ReplyMessageService - fromUserName:ShiRui
2017-11-09 11:26:38.479 [http-apr-8080-exec-3] INFO  com.ray.weixin.qy.service.message.reply.ReplyMessageService - toUserName:ww92f5da92bb24696e
2017-11-09 11:26:38.479 [http-apr-8080-exec-3] INFO  com.ray.weixin.qy.service.message.reply.ReplyMessageService - msgType:event
2017-11-09 11:26:38.479 [http-apr-8080-exec-3] INFO  com.ray.weixin.qy.service.message.reply.ReplyMessageService - Event:LOCATION  eventKey:null
2017-11-09 11:26:42.644 [http-apr-8080-exec-6] INFO  com.ray.weixin.qy.controller.WeiXinServlet - post--------------
2017-11-09 11:26:42.645 [http-apr-8080-exec-6] INFO  com.ray.weixin.qy.service.message.reply.ReplyMessageService - parms:{"msg_signature":["f84a36d5674163950fdd873293b9da8b532c531a"],"timestamp":["1510198002"],"nonce":["1229621531"]}
2017-11-09 11:26:42.645 [http-apr-8080-exec-6] INFO  com.ray.weixin.qy.service.message.reply.ReplyMessageService - postData:<xml><ToUserName><![CDATA[ww92f5da92bb24696e]]></ToUserName><Encrypt><![CDATA[OoH9M7jNnHEK2B6HrO0b9qKGLgkMFr9DO4PBqtK9y6nragFIQ9g0Vo9BZw/oJb3arbQRQztgatl4cX1cL1XZOqWkPbRHn8ja13I1kP2xnOEjCitYG1Tuzt80rqnPQejSDjxIdKygKkHZKEv1g2oqVVO6G6MoKvjIwiVq7b2Af4vipUWRybaLHg4sla5P7m6BgzCdwdO9QwGmp5DQNxIyvqqsSWAiLc64wc2ZljFtcAnrGAH/EE34Zqi4IAaumjue1LRVD6dgCnlmgR3kj5eLZQ5hXi5r2Zr/ZnHp1gcy/a6zNCvnxw7TVSA/iF3j1DJ3JH172q/R9xycD+hHZMoIXeZL7SnGPWzZMW1WILIBiOil852WYWCjWpJkVCr/lBCN6tR8RR9ic3AA8dxXW4ZvGaBESk1hwYMGd+xIm7oE7Ss4qu82xU/0AgG0V8oblccSejCu8MElup43neyHEbJOsA08IATPV4GKh9b/o8HfigPbxXvTKmqZWql3uZsOuF6A]]></Encrypt><AgentID><![CDATA[1000002]]></AgentID></xml>
2017-11-09 11:26:42.650 [http-apr-8080-exec-6] INFO  com.ray.weixin.qy.service.message.reply.ReplyMessageService - reply_xmlMsg:<xml><ToUserName><![CDATA[ww92f5da92bb24696e]]></ToUserName><FromUserName><![CDATA[ShiRui]]></FromUserName><CreateTime>1510198002</CreateTime><MsgType><![CDATA[event]]></MsgType><AgentID>1000002</AgentID><Event><![CDATA[LOCATION]]></Event><Latitude>31.1676</Latitude><Longitude>121.156</Longitude><Precision>15</Precision></xml>
2017-11-09 11:26:42.651 [http-apr-8080-exec-6] INFO  com.ray.weixin.qy.service.message.reply.ReplyMessageService - fromUserName:ShiRui
2017-11-09 11:26:42.651 [http-apr-8080-exec-6] INFO  com.ray.weixin.qy.service.message.reply.ReplyMessageService - toUserName:ww92f5da92bb24696e
2017-11-09 11:26:42.651 [http-apr-8080-exec-6] INFO  com.ray.weixin.qy.service.message.reply.ReplyMessageService - msgType:event
2017-11-09 11:26:42.651 [http-apr-8080-exec-6] INFO  com.ray.weixin.qy.service.message.reply.ReplyMessageService - Event:LOCATION  eventKey:null
2017-11-09 11:26:43.531 [http-apr-8080-exec-8] INFO  com.ray.weixin.qy.controller.WeiXinServlet - post--------------
2017-11-09 11:26:43.532 [http-apr-8080-exec-8] INFO  com.ray.weixin.qy.service.message.reply.ReplyMessageService - parms:{"msg_signature":["adcb53f8cf50f915b137373110b71435aee77392"],"timestamp":["1510198003"],"nonce":["8409870"]}
2017-11-09 11:26:43.532 [http-apr-8080-exec-8] INFO  com.ray.weixin.qy.service.message.reply.ReplyMessageService - postData:<xml><ToUserName><![CDATA[ww92f5da92bb24696e]]></ToUserName><Encrypt><![CDATA[5qNAWFSEHzI+T9t/jrtf3tahBsGUzSO40C25XscBy1vDQhH27ErZJHRAGJNP4m/yIFQJ+lvls2sxb4JaSfRJhhMDaUms3rdjhNb0Lncei04h/lWCt55IhKEtliICMR0jV+gSl9iov2c6WY59tfagJhvVDKDppyL8gbqEF9Om0b4n1wNrPUQNczWstDKYiCXYG53zl02SRd71tU+pr1HQ4CCYlcko0MH/rNw1IUe8h8Ozy5/lF+kHaE3J4no4x6NDZrdGQpllzED+2BWXdgse0tSzvyzcmKeECvkRkbYj4Y8bGpYhhx973gKLmRIZ+4L0CFnv+ShX0OQZSEkpSyJa0DGu9TumzaMWmYQMJ1vziOLI1AHE55uYAURxKECStxPV5itdjdNaPDBlwDnkMqaIPacAIlXJwEAucYZ+AoaSePqN7u+Eyb0vmLwVYNrGDvgBydljbnpMbLtEIxuTe2nA1Vp7z8dPWik3wNAwvQdsMcZyDKcn4fL2vSiDQeisU08B]]></Encrypt><AgentID><![CDATA[1000002]]></AgentID></xml>
2017-11-09 11:26:43.534 [http-apr-8080-exec-8] INFO  com.ray.weixin.qy.service.message.reply.ReplyMessageService - reply_xmlMsg:<xml><ToUserName><![CDATA[ww92f5da92bb24696e]]></ToUserName><FromUserName><![CDATA[ShiRui]]></FromUserName><CreateTime>1510198002</CreateTime><MsgType><![CDATA[event]]></MsgType><AgentID>1000002</AgentID><Event><![CDATA[LOCATION]]></Event><Latitude>31.1695</Latitude><Longitude>121.152</Longitude><Precision>0</Precision></xml>
2017-11-09 11:26:43.536 [http-apr-8080-exec-8] INFO  com.ray.weixin.qy.service.message.reply.ReplyMessageService - fromUserName:ShiRui
2017-11-09 11:26:43.536 [http-apr-8080-exec-8] INFO  com.ray.weixin.qy.service.message.reply.ReplyMessageService - toUserName:ww92f5da92bb24696e
2017-11-09 11:26:43.536 [http-apr-8080-exec-8] INFO  com.ray.weixin.qy.service.message.reply.ReplyMessageService - msgType:event
2017-11-09 11:26:43.537 [http-apr-8080-exec-8] INFO  com.ray.weixin.qy.service.message.reply.ReplyMessageService - Event:LOCATION  eventKey:null
2017-11-09 11:26:44.874 [http-apr-8080-exec-4] INFO  com.ray.weixin.qy.controller.WeiXinServlet - post--------------
2017-11-09 11:26:44.874 [http-apr-8080-exec-4] INFO  com.ray.weixin.qy.service.message.reply.ReplyMessageService - parms:{"msg_signature":["063d6eae0273e3b2b8dac7ad12c63b9286b1e69c"],"timestamp":["1510198004"],"nonce":["1982666658"]}
2017-11-09 11:26:44.874 [http-apr-8080-exec-4] INFO  com.ray.weixin.qy.service.message.reply.ReplyMessageService - postData:<xml><ToUserName><![CDATA[ww92f5da92bb24696e]]></ToUserName><Encrypt><![CDATA[hRzipg25GvtQQICi+fb9ruZXLIq/21iC8nHnkxk7Y1FAQ/wpsD2GCUj4luTFc8aqfwzy0AVuQvsIVcGDit033rWB81UXgy31iM4NL+DgMVYzESWR4sWpRiyl+bCNyUcvbAopENzz5bIbJS5403kiVZi4xc6kpQ48ZJHdASb7QoaSA1FsrO+TZY137dXnygS71G/9fZqTMggs2cxyPZOXm3Ud8jxKEJkDK9oqrm/OKfplPWiEi/w3UR3RYqhtANNIxvFTgc3DQ9oyW5ODQvtxJ3JSzQ80F/vP1Q+zdDRuu25G+CSMONxuATXY0DabA1W5A87n4sbRnEQCJ7WhfHIUGm6DQAX8jstmgdkFaX9WFZAZIcM/0Sya1Qfy503bw82VlS0zHbKb7tgHjnXi4VhaUXQvxzU69DvtQc13yt3+TpbsE/vpakP7Vb0Lp2lLMt3+jpQegCxrqEF1M/Xp6wk5KQmiLdXuvzjrDW21aEwLC5XBjonnQYXfl+z1OKllZAab]]></Encrypt><AgentID><![CDATA[1000002]]></AgentID></xml>
2017-11-09 11:26:44.876 [http-apr-8080-exec-4] INFO  com.ray.weixin.qy.service.message.reply.ReplyMessageService - reply_xmlMsg:<xml><ToUserName><![CDATA[ww92f5da92bb24696e]]></ToUserName><FromUserName><![CDATA[ShiRui]]></FromUserName><CreateTime>1510198004</CreateTime><MsgType><![CDATA[event]]></MsgType><AgentID>1000002</AgentID><Event><![CDATA[view]]></Event><EventKey><![CDATA[http://rayner.nat300.top/weixin_qy/showInvoice.jsp]]></EventKey></xml>
2017-11-09 11:26:44.877 [http-apr-8080-exec-4] INFO  com.ray.weixin.qy.service.message.reply.ReplyMessageService - fromUserName:ShiRui
2017-11-09 11:26:44.877 [http-apr-8080-exec-4] INFO  com.ray.weixin.qy.service.message.reply.ReplyMessageService - toUserName:ww92f5da92bb24696e
2017-11-09 11:26:44.877 [http-apr-8080-exec-4] INFO  com.ray.weixin.qy.service.message.reply.ReplyMessageService - msgType:event
2017-11-09 11:26:44.877 [http-apr-8080-exec-4] INFO  com.ray.weixin.qy.service.message.reply.ReplyMessageService - Event:view  eventKey:http://rayner.nat300.top/weixin_qy/showInvoice.jsp
2017-11-09 11:26:45.561 [http-apr-8080-exec-2] INFO  com.ray.weixin.qy.util.AuthHelper - jsonObject:{"errcode":0,"access_token":"RVUMhaz-QcALWPrIef8VlQayDM5w55oYDw5FrLAax9W4TOLAOXTnChxYEP2-74uxxPT2C9i1I9wewB97GuODOPyN3p7to4_wYWQ3cAQMv-owZeVpxS-gopdSUPHtRFsxqx5m0RnpBhh0BI0DFiUS85FISGwMzmvNvPe6ZvlKrM54gETQx1ZRdVGQSMHVYFzqZBb9C7q_gw-eZZ9u8Kqw4A","errmsg":"ok","expires_in":7200}
2017-11-09 11:26:45.912 [http-apr-8080-exec-2] INFO  com.ray.weixin.qy.util.AuthHelper - jsonObject:{"errcode":0,"ticket":"kgt8ON7yVITDhtdwci0qebCLEfC_BfeygIq8cFPLbdav_wS6aHw3IOuPFhwb5b37fHfTFdS6e23Vb_dbDCjTOg","errmsg":"ok","expires_in":7200}
2017-11-09 11:26:45.913 [http-apr-8080-exec-2] INFO  com.ray.weixin.qy.util.AuthHelper - url:http://rayner.nat300.top/weixin_qy/showInvoice.jsp
2017-11-09 11:26:45.913 [http-apr-8080-exec-2] INFO  com.ray.weixin.qy.util.AuthHelper - accessToken:RVUMhaz-QcALWPrIef8VlQayDM5w55oYDw5FrLAax9W4TOLAOXTnChxYEP2-74uxxPT2C9i1I9wewB97GuODOPyN3p7to4_wYWQ3cAQMv-owZeVpxS-gopdSUPHtRFsxqx5m0RnpBhh0BI0DFiUS85FISGwMzmvNvPe6ZvlKrM54gETQx1ZRdVGQSMHVYFzqZBb9C7q_gw-eZZ9u8Kqw4A
2017-11-09 11:26:45.913 [http-apr-8080-exec-2] INFO  com.ray.weixin.qy.util.AuthHelper - jsapi_ticket:kgt8ON7yVITDhtdwci0qebCLEfC_BfeygIq8cFPLbdav_wS6aHw3IOuPFhwb5b37fHfTFdS6e23Vb_dbDCjTOg
2017-11-09 11:26:45.913 [http-apr-8080-exec-2] INFO  com.ray.weixin.qy.util.AuthHelper - appId:ww92f5da92bb24696e
2017-11-09 11:26:45.913 [http-apr-8080-exec-2] INFO  com.ray.weixin.qy.util.AuthHelper - timestamp:1510198005
2017-11-09 11:26:45.914 [http-apr-8080-exec-2] INFO  com.ray.weixin.qy.util.AuthHelper - nonceStr:a80449f3-e76f-48c3-ba0b-dba0fbaa8bdd
2017-11-09 11:26:45.914 [http-apr-8080-exec-2] INFO  com.ray.weixin.qy.util.AuthHelper - signature:ea52f6879ecbe048325f7c42ea6fd7ba36ac11c1
2017-11-09 11:26:45.914 [http-apr-8080-exec-2] INFO  com.ray.weixin.qy.util.AuthHelper - configValue:{"signature":"ea52f6879ecbe048325f7c42ea6fd7ba36ac11c1","appId":"ww92f5da92bb24696e","nonceStr":"a80449f3-e76f-48c3-ba0b-dba0fbaa8bdd","timestamp":"1510198005"}
2017-11-09 11:26:46.149 [http-apr-8080-exec-2] INFO  com.ray.weixin.qy.util.AuthHelper - jsonObject:{"errcode":0,"access_token":"RVUMhaz-QcALWPrIef8VlQayDM5w55oYDw5FrLAax9W4TOLAOXTnChxYEP2-74uxxPT2C9i1I9wewB97GuODOPyN3p7to4_wYWQ3cAQMv-owZeVpxS-gopdSUPHtRFsxqx5m0RnpBhh0BI0DFiUS85FISGwMzmvNvPe6ZvlKrM54gETQx1ZRdVGQSMHVYFzqZBb9C7q_gw-eZZ9u8Kqw4A","errmsg":"ok","expires_in":7200}
2017-11-09 11:26:46.217 [http-apr-8080-exec-2] INFO  com.ray.weixin.qy.util.AuthHelper - 获取授权页ticket失败
2017-11-09 11:26:46.217 [http-apr-8080-exec-2] INFO  com.ray.weixin.qy.util.AuthHelper - 获取发票签名失败
2017-11-09 11:26:46.218 [http-apr-8080-exec-2] INFO  com.ray.weixin.qy.util.AuthHelper - apiTicket:null
2017-11-09 11:26:46.218 [http-apr-8080-exec-2] INFO  com.ray.weixin.qy.util.AuthHelper - appId:ww92f5da92bb24696e
2017-11-09 11:26:46.218 [http-apr-8080-exec-2] INFO  com.ray.weixin.qy.util.AuthHelper - timeStamp:1510198006
2017-11-09 11:26:46.218 [http-apr-8080-exec-2] INFO  com.ray.weixin.qy.util.AuthHelper - nonceStr:6d93ddcc-d6fa-49f3-9c8c-d0d68bdef298
2017-11-09 11:26:46.218 [http-apr-8080-exec-2] INFO  com.ray.weixin.qy.util.AuthHelper - cardType:INVOICE
2017-11-09 11:26:46.218 [http-apr-8080-exec-2] INFO  com.ray.weixin.qy.util.AuthHelper - cardSign:null
2017-11-09 11:26:46.218 [http-apr-8080-exec-2] INFO  com.ray.weixin.qy.util.AuthHelper - signType:SHA1
2017-11-09 11:26:46.218 [http-apr-8080-exec-2] INFO  com.ray.weixin.qy.util.AuthHelper - configValue:{"signType":"SHA1","nonceStr":"6d93ddcc-d6fa-49f3-9c8c-d0d68bdef298","timestamp":"1510198006"}
2017-11-09 11:26:47.633 [http-apr-8080-exec-6] INFO  com.ray.weixin.qy.controller.WeiXinServlet - post--------------
2017-11-09 11:26:47.635 [http-apr-8080-exec-6] INFO  com.ray.weixin.qy.service.message.reply.ReplyMessageService - parms:{"msg_signature":["3e61e55edf6c21d9e86b51886c20d44e2259b93c"],"timestamp":["1510198007"],"nonce":["891313812"]}
2017-11-09 11:26:47.635 [http-apr-8080-exec-6] INFO  com.ray.weixin.qy.service.message.reply.ReplyMessageService - postData:<xml><ToUserName><![CDATA[ww92f5da92bb24696e]]></ToUserName><Encrypt><![CDATA[mP//mIL+tz7wPDWUTYSRW1auf1I+m+aOD9wjdI/REztistOcKGFuK2Z95wqHn1qwKmRiz3rl9563BcO1xWPwkhValw5cJTZ1+lCXRtmOD841GY3F+zU0lpuSvcNRMiJvkBWSndBm3jPEKA22mlTfYc+PsjqWWmVN/THFiNB8K21yu6INAi3dUzJq2tZn7CSR9/dS2lpYGjytjg5akB9y9ePZE+E8VieT70F//VVruKB9Y3aYie+K6kDU1j71GXuOK59h668O3FtM6CKXCCYY12WfsfnvPN7fasXdRK9PQ4ALSyl3j3RBiv8gpq7w4R3Y9pllz1dX7nWLjj6/K0kZkwZEQ++GgJRq6SSgjHCCxaymSldFR09QBObYnu9n2wE2okLB0n05IreYHxTBT/kZVv36v2nzmK2NouQ8Ujt6IjvxdZT2uIBnS9RUcfzw3c8ozyk/MmLVTxzHB/ezSpN2V4Va2KuGV4v3NYyBqT2QHxTYe3AWgyl/4wzGXl77w2va]]></Encrypt><AgentID><![CDATA[1000002]]></AgentID></xml>
2017-11-09 11:26:47.637 [http-apr-8080-exec-6] INFO  com.ray.weixin.qy.service.message.reply.ReplyMessageService - reply_xmlMsg:<xml><ToUserName><![CDATA[ww92f5da92bb24696e]]></ToUserName><FromUserName><![CDATA[ShiRui]]></FromUserName><CreateTime>1510198007</CreateTime><MsgType><![CDATA[event]]></MsgType><AgentID>1000002</AgentID><Event><![CDATA[LOCATION]]></Event><Latitude>31.1676</Latitude><Longitude>121.156</Longitude><Precision>15</Precision></xml>
2017-11-09 11:26:47.639 [http-apr-8080-exec-6] INFO  com.ray.weixin.qy.service.message.reply.ReplyMessageService - fromUserName:ShiRui
2017-11-09 11:26:47.639 [http-apr-8080-exec-6] INFO  com.ray.weixin.qy.service.message.reply.ReplyMessageService - toUserName:ww92f5da92bb24696e
2017-11-09 11:26:47.639 [http-apr-8080-exec-6] INFO  com.ray.weixin.qy.service.message.reply.ReplyMessageService - msgType:event
2017-11-09 11:26:47.640 [http-apr-8080-exec-6] INFO  com.ray.weixin.qy.service.message.reply.ReplyMessageService - Event:LOCATION  eventKey:null
2017-11-09 11:26:52.715 [http-apr-8080-exec-8] INFO  com.ray.weixin.qy.controller.WeiXinServlet - post--------------
2017-11-09 11:26:52.715 [http-apr-8080-exec-8] INFO  com.ray.weixin.qy.service.message.reply.ReplyMessageService - parms:{"msg_signature":["b3631f483c29215265b6f2293f1c7bf00c911487"],"timestamp":["1510198012"],"nonce":["14945756"]}
2017-11-09 11:26:52.716 [http-apr-8080-exec-8] INFO  com.ray.weixin.qy.service.message.reply.ReplyMessageService - postData:<xml><ToUserName><![CDATA[ww92f5da92bb24696e]]></ToUserName><Encrypt><![CDATA[D6nbsxj89Bxu8JklSpLx/TT4ePqXhnt2S52HO9b7TJEqZ5fm670HvI/nsnWuWrf4es52EWwK7mb7GauLGUg0h9lED+r4hPbXGYibdD3DC/PrPTe53JI7x9Q9FpGBZ1C6ISFhzqVUQIC334WV6deAjY9Al2BtEd2NbwPiIaw421jPscnYrBkrBrG/nY5VEUbrZwFJmkfnIpIKjkVnyuKuvvctIf33HsZr+4Tl30hvuNRqEAmmqR3rfFLl6XWrVGy/AXImZHGKvOaR2p2wBoO4vLMBF9IVO+ChJruHRWO2mKMp3yCxOS1Fqp+U0LQMro2KiNEQiHfRlsaxFiCkJjwiKNCi6gb5oMtFwQ1AhdskSTK+vOHQ0hPCNMJHFyIzLMqIPcGUMAkaB4a4mhYK67NMpi0fFb2rhdfi7peT6V7q2R/vM8WMP9TObfGLn1NjQi2X3v5v8QGMCwWcrtX0zjaPgHGYAedRacXVlg+svmxhvcOWDDKnyPGCnO8VgB81mDDh]]></Encrypt><AgentID><![CDATA[1000002]]></AgentID></xml>
2017-11-09 11:26:52.719 [http-apr-8080-exec-8] INFO  com.ray.weixin.qy.service.message.reply.ReplyMessageService - reply_xmlMsg:<xml><ToUserName><![CDATA[ww92f5da92bb24696e]]></ToUserName><FromUserName><![CDATA[ShiRui]]></FromUserName><CreateTime>1510198012</CreateTime><MsgType><![CDATA[event]]></MsgType><AgentID>1000002</AgentID><Event><![CDATA[LOCATION]]></Event><Latitude>31.1676</Latitude><Longitude>121.156</Longitude><Precision>15</Precision></xml>
2017-11-09 11:26:52.721 [http-apr-8080-exec-8] INFO  com.ray.weixin.qy.service.message.reply.ReplyMessageService - fromUserName:ShiRui
2017-11-09 11:26:52.721 [http-apr-8080-exec-8] INFO  com.ray.weixin.qy.service.message.reply.ReplyMessageService - toUserName:ww92f5da92bb24696e
2017-11-09 11:26:52.721 [http-apr-8080-exec-8] INFO  com.ray.weixin.qy.service.message.reply.ReplyMessageService - msgType:event
2017-11-09 11:26:52.721 [http-apr-8080-exec-8] INFO  com.ray.weixin.qy.service.message.reply.ReplyMessageService - Event:LOCATION  eventKey:null
2017-11-09 11:26:57.843 [http-apr-8080-exec-4] INFO  com.ray.weixin.qy.controller.WeiXinServlet - post--------------
2017-11-09 11:26:57.844 [http-apr-8080-exec-4] INFO  com.ray.weixin.qy.service.message.reply.ReplyMessageService - parms:{"msg_signature":["90fbc4aa91eff4018f61e21b427865988580e43a"],"timestamp":["1510198017"],"nonce":["275937183"]}
2017-11-09 11:26:57.844 [http-apr-8080-exec-4] INFO  com.ray.weixin.qy.service.message.reply.ReplyMessageService - postData:<xml><ToUserName><![CDATA[ww92f5da92bb24696e]]></ToUserName><Encrypt><![CDATA[mvjcErYCkeA+u8y8HTEIUTHl0dK6j5LMCVmv9sBCUb3xyLiWm9Qq7SQNByFApXMfH0whveFS7GzK2ZN7oi76Fvq7vLhMNFEzKyBU/CAm6o+9jB0w+Do4i6LaYkF2lyqJmCdQ4EwtoNe1v1do8vDO9aRzeocJUanqQiGZPr9sBeCvdGyTpYFUrTgRFLhIfO4gZjzRm649CjOUYhlRg4ys19LlWy9bJyJ5kP+DnZZyV9xebjgKm/hV1fHh0/4vFeQSrb49/OmCUp4pr35PlWxTd9yxSG+06Aa/KRrQI/S2rKHw1P1WwakWBVbPjIW3OCRjc7psVvkTT71HDhfkhcXaeNfZ8kRN2OpjzknAvYURrAwiCodhSbu2DoghU9K2ygc3fXXNYZFjmC4emh6ed/yrTMQF9YnAJwCRO40kvKvetQ7Ba+MwNAiEnX8XjFe0WodcWzYTGvx0Ur4PgWsIwRsOg/2Fc0xmXa1UQu5qg4mVGrEcr5buPvIItPwWgBcWEWtq]]></Encrypt><AgentID><![CDATA[1000002]]></AgentID></xml>
2017-11-09 11:26:57.847 [http-apr-8080-exec-4] INFO  com.ray.weixin.qy.service.message.reply.ReplyMessageService - reply_xmlMsg:<xml><ToUserName><![CDATA[ww92f5da92bb24696e]]></ToUserName><FromUserName><![CDATA[ShiRui]]></FromUserName><CreateTime>1510198017</CreateTime><MsgType><![CDATA[event]]></MsgType><AgentID>1000002</AgentID><Event><![CDATA[LOCATION]]></Event><Latitude>31.1676</Latitude><Longitude>121.156</Longitude><Precision>15</Precision></xml>
2017-11-09 11:26:57.850 [http-apr-8080-exec-4] INFO  com.ray.weixin.qy.service.message.reply.ReplyMessageService - fromUserName:ShiRui
2017-11-09 11:26:57.851 [http-apr-8080-exec-4] INFO  com.ray.weixin.qy.service.message.reply.ReplyMessageService - toUserName:ww92f5da92bb24696e
2017-11-09 11:26:57.851 [http-apr-8080-exec-4] INFO  com.ray.weixin.qy.service.message.reply.ReplyMessageService - msgType:event
2017-11-09 11:26:57.851 [http-apr-8080-exec-4] INFO  com.ray.weixin.qy.service.message.reply.ReplyMessageService - Event:LOCATION  eventKey:null
