2017-11-15 14:30:03.618 [http-apr-8080-exec-1] INFO  com.ray.weixin.gz.controller.WeiXinServlet - post--------------
2017-11-15 14:30:03.783 [http-apr-8080-exec-1] INFO  com.ray.weixin.gz.service.message.ReplyMessageService - parms:{"signature":["2c798156022f8fe3aa66e6b3a37595d10f8026d9"],"timestamp":["1510727402"],"nonce":["1199243982"],"openid":["o1M7_1YPJI9YMaHiP54wN8nzuoDE"],"encrypt_type":["aes"],"msg_signature":["8510094ed9dc3cf0ba18c321e8299c5be3e2e0e6"]}
2017-11-15 14:30:03.784 [http-apr-8080-exec-1] INFO  com.ray.weixin.gz.service.message.ReplyMessageService - postData:<xml>    <ToUserName><![CDATA[gh_8903be978f8b]]></ToUserName>    <Encrypt><![CDATA[9zuVefe9bJWu/c0RuABXMVkwGoPFODPzoCdeCnGSGajTwkzDaXReT78mjbsV4X+7SZvmHlxbi4gr4s5IZWHbqkjggR07Tn1pIcAhRHj2nx2zxak3Ip3DGn2cjsr0koSJHzTbowrPc0UOfwYEQdwhB/aX55fw3MohvxC4vMLFQGkGYngjM30MiKVkjC1IPbLj+jnKMrE2pU39wKkiEvyuU2eiySma7s/MigPzbuDXaj3nYmc0QrlKppx/rBv9fA0x4OrZEoaEwREbzthf+t62exzs/9v+oZOowpjmuSHQQ8yYo8Z2YIqtpQIuiTXTi7BtINuTMPX9njwWnj7FvoutSY3ZFrZv7LHcv7veetrfiXBmxUQo6B922jAg/rQAZto784R1roaVFiwtBiGnz9TKWoYpzJHJaPCJwv5tOJsJNho=]]></Encrypt></xml>
2017-11-15 14:30:03.784 [http-apr-8080-exec-1] INFO  com.ray.weixin.gz.service.message.ReplyMessageService - 安全模式：消息被加密
2017-11-15 14:30:03.801 [http-apr-8080-exec-1] INFO  com.ray.weixin.gz.service.message.ReplyMessageService - <xml><ToUserName><![CDATA[gh_8903be978f8b]]></ToUserName>
<FromUserName><![CDATA[o1M7_1YPJI9YMaHiP54wN8nzuoDE]]></FromUserName>
<CreateTime>1510727402</CreateTime>
<MsgType><![CDATA[text]]></MsgType>
<Content><![CDATA[…]]></Content>
<MsgId>6488524785211226209</MsgId>
</xml>
2017-11-15 14:30:04.607 [http-apr-8080-exec-1] INFO  com.ray.weixin.gz.service.message.ReplyMessageService - fromUserName:o1M7_1YPJI9YMaHiP54wN8nzuoDE
2017-11-15 14:30:04.608 [http-apr-8080-exec-1] INFO  com.ray.weixin.gz.service.message.ReplyMessageService - toUserName:gh_8903be978f8b
2017-11-15 14:30:04.608 [http-apr-8080-exec-1] INFO  com.ray.weixin.gz.service.message.ReplyMessageService - msgType:text
2017-11-15 14:30:04.608 [http-apr-8080-exec-1] INFO  com.ray.weixin.gz.service.message.ReplyMessageService - Event:null  eventKey:null
2017-11-15 14:30:39.425 [main] INFO  com.ray.weixin.gz.util.AuthHelper - jsonObject:{"access_token":"LpficmyyCiyDRQ9m4jzcHw1nIiWtvjnb981CryZwnt6K4QTizL0yS5-k-OwjoClsP73OLp1KKaLB4I5Qh8KUYvv663uf8KPGrvkBQxYkoNhJZ5Kiu_wKyrnpJp7Gbam5DQLbADASFA","expires_in":7200}
2017-11-15 14:30:39.467 [main] INFO  com.ray.weixin.gz.service.menu.MenuService - {"button":[{"name":"汉得测试","sub_button":[{"name":"移动审批","type":"view","url":"https://open.weixin.qq.com/connect/oauth2/authorize?appid=wxa0064ea657f80062&redirect_uri=http%3A%2F%2Frayner.nat300.top%2Fweixin_gz%2FIDAuthentication.jsp&response_type=code&scope=snsapi_userinfo&state=STATE#wechat_redirect"},{"name":"上传图片","type":"view","url":"https://open.weixin.qq.com/connect/oauth2/authorize?appid=wxa0064ea657f80062&redirect_uri=http%3A%2F%2Frayner.nat300.top%2Fweixin_gz%2FuploadImg.jsp&response_type=code&scope=snsapi_userinfo&state=STATE#wechat_redirect"},{"name":"申请开票","type":"view","url":"https://mp.weixin.qq.com/bizmall/authinvoice?action=list&s_pappid=d3hhMDA2NGVhNjU3ZjgwMDYyX0s22HY1myAuWWro7q-FsX8KWzrWiEgI8Ngqa3-W6dQ4&appid=wxa0064ea657f80062&num=1&o1=1234&m1=11&t1=1510036149&source=web&type=1&redirect_url=https%3A%2F%2Fmp.weixin.qq.com&signature=9aa88c3a4587f51397703a7838cd2fcaa60abb38#wechat_redirect"},{"name":"获取发票信息","type":"view","url":"http://rayner.nat300.top/weixin_gz/showInvoice.jsp"},{"name":"上传图片2","type":"view","url":"http://5hcn2d.natappfree.cc/WeiXin_SanFenBaiXue/index2.jsp"}]},{"name":"休闲驿站","sub_button":[{"name":"index","type":"view","url":"http://rayner.nat300.top/weixin_gz/index.jsp"},{"name":"经典游戏","type":"click","key":"22"},{"name":"美女电台","type":"click","key":"23"},{"name":"人脸识别","type":"click","key":"24"},{"name":"聊天唠嗑","type":"click","key":"25"}]},{"name":"更多","sub_button":[{"name":"Q友圈","type":"click","key":"31"},{"name":"幽默笑话","type":"click","key":"33"},{"name":"用户反馈","type":"click","key":"34"},{"name":"关于我们","type":"click","key":"35"},{"name":"周边搜索","type":"view","url":"http://liufeng.gotoip2.com/xiaoqrobot/help.jsp"}]}]}
2017-11-15 14:30:39.936 [main] INFO  com.ray.weixin.gz.service.menu.MenuService - jsonObject:{"errcode":0,"errmsg":"ok"}
2017-11-15 14:30:39.936 [main] INFO  com.ray.weixin.gz.service.menu.MenuService - 菜单创建成功！
2017-11-15 14:30:57.558 [http-apr-8080-exec-3] INFO  com.ray.weixin.gz.util.AuthHelper - jsonObject:{"access_token":"LpficmyyCiyDRQ9m4jzcHw1nIiWtvjnb981CryZwnt7uzxDb_36KOO9Bs08fZbumXI1lla5jhplxywZq2lBssbwXNyu75ppjQYcF4NDwY3tq6UIS1EZxzoB9pa2wUfpWBCYbADAGHD","expires_in":7200}
2017-11-15 14:30:57.653 [http-apr-8080-exec-3] INFO  com.ray.weixin.gz.util.AuthHelper - jsonObject:{"errcode":0,"ticket":"HoagFKDcsGMVCIY2vOjf9mrEXbwXSbqpUm0898_LsZhfWowrJV-9wOxwAgoPTOhdqfiAJVBhU9J6pQbGq-WKag","errmsg":"ok","expires_in":7200}
2017-11-15 14:30:57.654 [http-apr-8080-exec-3] INFO  com.ray.weixin.gz.util.AuthHelper - accessToken:LpficmyyCiyDRQ9m4jzcHw1nIiWtvjnb981CryZwnt7uzxDb_36KOO9Bs08fZbumXI1lla5jhplxywZq2lBssbwXNyu75ppjQYcF4NDwY3tq6UIS1EZxzoB9pa2wUfpWBCYbADAGHD
2017-11-15 14:30:57.654 [http-apr-8080-exec-3] INFO  com.ray.weixin.gz.util.AuthHelper - ticket:HoagFKDcsGMVCIY2vOjf9mrEXbwXSbqpUm0898_LsZhfWowrJV-9wOxwAgoPTOhdqfiAJVBhU9J6pQbGq-WKag
2017-11-15 14:30:57.654 [http-apr-8080-exec-3] INFO  com.ray.weixin.gz.util.AuthHelper - nonceStr:be0819f5-3754-43a4-b155-616c8e654174
2017-11-15 14:30:57.654 [http-apr-8080-exec-3] INFO  com.ray.weixin.gz.util.AuthHelper - timeStamp:1510727456
2017-11-15 14:30:57.654 [http-apr-8080-exec-3] INFO  com.ray.weixin.gz.util.AuthHelper - signedUrl:http://rayner.nat300.top/weixin_gz/showInvoice.jsp
2017-11-15 14:30:57.655 [http-apr-8080-exec-3] INFO  com.ray.weixin.gz.util.AuthHelper - signature:e80f130da3eb1ce6cabe0ef81582432e86abacfb
2017-11-15 14:30:57.655 [http-apr-8080-exec-3] INFO  com.ray.weixin.gz.util.AuthHelper - appId:wx07c4d9d0895fe212
2017-11-15 14:30:57.655 [http-apr-8080-exec-3] INFO  com.ray.weixin.gz.util.AuthHelper - configValue:{signature:'e80f130da3eb1ce6cabe0ef81582432e86abacfb',nonceStr:'be0819f5-3754-43a4-b155-616c8e654174',timeStamp:'1510727456',appId:'wx07c4d9d0895fe212'}
2017-11-15 14:30:57.768 [http-apr-8080-exec-3] INFO  com.ray.weixin.gz.util.AuthHelper - jsonObject:{"access_token":"LpficmyyCiyDRQ9m4jzcHw1nIiWtvjnb981CryZwnt66jrF9T_gqVw-7e-rUSF_xbpXT29l9uSk9muhF44oQ5PbviOWTtzLxHnUTTEZwi4q2a7_WATsck8NehE6xHMbgLCCbADAHYY","expires_in":7200}
2017-11-15 14:30:58.148 [http-apr-8080-exec-3] INFO  com.ray.weixin.gz.service.invoice.InvoiceService - jsonObject:{"errcode":0,"ticket":"9KwiourQPRN3vx3Nn1c_iXCh-5F7rD5UiR6FRkNziS3cx4b8Yjpce58MCsslS5Cu43H8pvgbGMFfDvtxfdImxg","errmsg":"ok","expires_in":7200}
2017-11-15 14:30:58.150 [http-apr-8080-exec-3] INFO  com.ray.weixin.gz.util.AuthHelper - apiTicket:9KwiourQPRN3vx3Nn1c_iXCh-5F7rD5UiR6FRkNziS3cx4b8Yjpce58MCsslS5Cu43H8pvgbGMFfDvtxfdImxg
2017-11-15 14:30:58.150 [http-apr-8080-exec-3] INFO  com.ray.weixin.gz.util.AuthHelper - appId:wx07c4d9d0895fe212
2017-11-15 14:30:58.150 [http-apr-8080-exec-3] INFO  com.ray.weixin.gz.util.AuthHelper - timeStamp:1510727458
2017-11-15 14:30:58.150 [http-apr-8080-exec-3] INFO  com.ray.weixin.gz.util.AuthHelper - nonceStr:7dc8e0c5-5b62-4be4-9bf0-42b92a01fb6c
2017-11-15 14:30:58.150 [http-apr-8080-exec-3] INFO  com.ray.weixin.gz.util.AuthHelper - cardType:INVOICE
2017-11-15 14:30:58.150 [http-apr-8080-exec-3] INFO  com.ray.weixin.gz.util.AuthHelper - cardSign:04669a06ff3d2183003ada47895d19f523fe9dad
2017-11-15 14:30:58.150 [http-apr-8080-exec-3] INFO  com.ray.weixin.gz.util.AuthHelper - signType:SHA1
2017-11-15 14:30:58.151 [http-apr-8080-exec-3] INFO  com.ray.weixin.gz.util.AuthHelper - configValue:{"signType":"SHA1","cardSign":"04669a06ff3d2183003ada47895d19f523fe9dad","nonceStr":"7dc8e0c5-5b62-4be4-9bf0-42b92a01fb6c","timestamp":"1510727458"}
