2017-11-09 11:01:00.513 [http-apr-8080-exec-2] INFO  com.ray.weixin.qy.controller.WeiXinServlet - post--------------
2017-11-09 11:01:00.530 [http-apr-8080-exec-2] INFO  com.ray.weixin.qy.service.message.reply.ReplyMessageService - parms:{"msg_signature":["97294f4cdd785e89632f34d90828aef6c851d13b"],"timestamp":["1510196460"],"nonce":["1501288790"]}
2017-11-09 11:01:00.532 [http-apr-8080-exec-2] INFO  com.ray.weixin.qy.service.message.reply.ReplyMessageService - postData:<xml><ToUserName><![CDATA[ww92f5da92bb24696e]]></ToUserName><Encrypt><![CDATA[Dlemmdi1oBCfCMlcPeIShUNbiAA7bO+Po9CcIGBI/3h9Ku0sVMFNgpgS2wJ3Fw7en691FKhF26Fgx4XVAIZviRiuCeSY+tCJqPT5E1CqLCuWkvJYtBq5K58DZ6TqgAGJGQO3jEslha5Z+EGNQzwA091a4xxNITeR/y9BE7kXytKCrARGUJCOc2+zGgeDLU/mHyVQ3gznxItqcaIlxxfT1b/bTB5v/cPaNleLclPAKaS9HbTvXRjf+MEfN+8zNzOsDSNo80dP+fUk7ZZ5dSDRzpB+rDa9/wsZCCVo+CgtN729Uy2UhCfPRyg26sVF6/vL1ePrPkcYP2dNCUJLuceDOClCDVQlWOOd35uvOswH1apkY/nV1KMyq2/So/BeiCg+UEZWkd497SnHj4/flITx7592NtyLCYgfeiWLrzkCT6XZYYM2D0BSKOnc9nkCVZK1kc6wQr+RowGwbbFygT3nurZi45jTP9fZUNUeINb8P/47N2JFJJnYZJFigz2GapqL]]></Encrypt><AgentID><![CDATA[1000002]]></AgentID></xml>
2017-11-09 11:01:00.539 [http-apr-8080-exec-2] INFO  com.ray.weixin.qy.service.message.reply.ReplyMessageService - reply_xmlMsg:<xml><ToUserName><![CDATA[ww92f5da92bb24696e]]></ToUserName><FromUserName><![CDATA[ShiRui]]></FromUserName><CreateTime>1510196459</CreateTime><MsgType><![CDATA[event]]></MsgType><AgentID>1000002</AgentID><Event><![CDATA[LOCATION]]></Event><Latitude>31.1676</Latitude><Longitude>121.156</Longitude><Precision>15</Precision></xml>
2017-11-09 11:01:00.542 [http-apr-8080-exec-2] INFO  com.ray.weixin.qy.service.message.reply.ReplyMessageService - fromUserName:ShiRui
2017-11-09 11:01:00.542 [http-apr-8080-exec-2] INFO  com.ray.weixin.qy.service.message.reply.ReplyMessageService - toUserName:ww92f5da92bb24696e
2017-11-09 11:01:00.542 [http-apr-8080-exec-2] INFO  com.ray.weixin.qy.service.message.reply.ReplyMessageService - msgType:event
2017-11-09 11:01:00.542 [http-apr-8080-exec-2] INFO  com.ray.weixin.qy.service.message.reply.ReplyMessageService - Event:LOCATION  eventKey:null
2017-11-09 11:01:05.579 [http-apr-8080-exec-1] INFO  com.ray.weixin.qy.controller.WeiXinServlet - post--------------
2017-11-09 11:01:05.580 [http-apr-8080-exec-1] INFO  com.ray.weixin.qy.service.message.reply.ReplyMessageService - parms:{"msg_signature":["dd9dd2c026a886a6b15425e17d0ceb4051c77628"],"timestamp":["1510196465"],"nonce":["2066553676"]}
2017-11-09 11:01:05.581 [http-apr-8080-exec-1] INFO  com.ray.weixin.qy.service.message.reply.ReplyMessageService - postData:<xml><ToUserName><![CDATA[ww92f5da92bb24696e]]></ToUserName><Encrypt><![CDATA[Fr2hpiLNwgZ3bU55gzN1BwFO9HBkQAyvmqLT2E1P3SnWX9ofw9teV1Lf0wBQ74MuriATvXEhOb//1YiuRzHuhYxK4y7MQ1T9UrsQRYtZucE/9OmKnmYZTpTRjDn/FwPLsgPzpCYR/7ssTXSPbfk/ceVhr/MZNWIgXRAxw14SI3mIbRpaAS8Rdiz4dA6m0ahO278prgRHpQ5/MkAfy1YnKxXND05SGMj4A3G9MfVelFD5axk2VEkei7g4UHFG0VO+jfPXcSDWl+Q6dsfTWFKsB3Tzp5kdc+/bXe8/6JzdXW9OqOkt20o9Pmuyd5OzsDO44z1TUUdJ6NimTLsvEPjQBlnhpN79ajl9e8zUdZnbyFQMG6R210/AKG1HZL0+RqLRcGypy9HWNsJOEkQYChx65gRmrjjn065wniM9fHwc1flD44xuWuBgMpQgXVEZURYCiHX7FVfFCRHUgIBXk7gLi/C277bol18KLkbPNf+3L0k04YeNcxZHs+IneKxSCqUa]]></Encrypt><AgentID><![CDATA[1000002]]></AgentID></xml>
2017-11-09 11:01:05.584 [http-apr-8080-exec-1] INFO  com.ray.weixin.qy.service.message.reply.ReplyMessageService - reply_xmlMsg:<xml><ToUserName><![CDATA[ww92f5da92bb24696e]]></ToUserName><FromUserName><![CDATA[ShiRui]]></FromUserName><CreateTime>1510196464</CreateTime><MsgType><![CDATA[event]]></MsgType><AgentID>1000002</AgentID><Event><![CDATA[LOCATION]]></Event><Latitude>31.1676</Latitude><Longitude>121.156</Longitude><Precision>15</Precision></xml>
2017-11-09 11:01:05.588 [http-apr-8080-exec-1] INFO  com.ray.weixin.qy.service.message.reply.ReplyMessageService - fromUserName:ShiRui
2017-11-09 11:01:05.589 [http-apr-8080-exec-1] INFO  com.ray.weixin.qy.service.message.reply.ReplyMessageService - toUserName:ww92f5da92bb24696e
2017-11-09 11:01:05.589 [http-apr-8080-exec-1] INFO  com.ray.weixin.qy.service.message.reply.ReplyMessageService - msgType:event
2017-11-09 11:01:05.589 [http-apr-8080-exec-1] INFO  com.ray.weixin.qy.service.message.reply.ReplyMessageService - Event:LOCATION  eventKey:null
2017-11-09 11:01:10.596 [http-apr-8080-exec-7] INFO  com.ray.weixin.qy.controller.WeiXinServlet - post--------------
2017-11-09 11:01:10.598 [http-apr-8080-exec-7] INFO  com.ray.weixin.qy.service.message.reply.ReplyMessageService - parms:{"msg_signature":["6d76ca9a4b3c1e7c5bb4242e9af4c9a34058ebb4"],"timestamp":["1510196470"],"nonce":["882802164"]}
2017-11-09 11:01:10.598 [http-apr-8080-exec-7] INFO  com.ray.weixin.qy.service.message.reply.ReplyMessageService - postData:<xml><ToUserName><![CDATA[ww92f5da92bb24696e]]></ToUserName><Encrypt><![CDATA[WpPyTtkKogIogdpbp6E7pE7luyAzkbTvXHp7KzheHG8BMDYcfykMLckvMUoUoaG99lcD0dij0EdAcRV3eYHYLddjoJjE/crmNYNfzEDGqg2FLaX5AQERcl6b83u8Jjo7ann3WLocwt2vQeuc3JG4eJZtHB1vr3Hg/WSEEGOl25jRG6DbFh1juENuI5dRE23tymbOyRrI/PKdZ6YI/6H/YSSHpMfYAiwxESrUNTb/wWTqnZeM5e/E7k98JNqpltYG6M0zSGvOfC8zRhNfycCjHhwR1iIYHkvI/fTnAJq0wQSdFSoPy0YgAJEx5j0Z2HDV83fDXYO+Fpu3L88nVgFvXBP6lOMWjizxfEZ7C3Vz8rCqskWk2mQJhgvSAXYzWJKHgCsHxzl2NyGAYZ+jA5rJt+vGBXpJWCokDdRNWPMiMS5DLTbHCG4jbQLiR751hiB4Ja+nHq59jrIJKrNvib6bMWMSHl2nITPsHaHlSw8l3Dysr4IAov6GSZtxcoEntyZS]]></Encrypt><AgentID><![CDATA[1000002]]></AgentID></xml>
2017-11-09 11:01:10.607 [http-apr-8080-exec-7] INFO  com.ray.weixin.qy.service.message.reply.ReplyMessageService - reply_xmlMsg:<xml><ToUserName><![CDATA[ww92f5da92bb24696e]]></ToUserName><FromUserName><![CDATA[ShiRui]]></FromUserName><CreateTime>1510196470</CreateTime><MsgType><![CDATA[event]]></MsgType><AgentID>1000002</AgentID><Event><![CDATA[LOCATION]]></Event><Latitude>31.1676</Latitude><Longitude>121.156</Longitude><Precision>15</Precision></xml>
2017-11-09 11:01:10.611 [http-apr-8080-exec-7] INFO  com.ray.weixin.qy.service.message.reply.ReplyMessageService - fromUserName:ShiRui
2017-11-09 11:01:10.611 [http-apr-8080-exec-7] INFO  com.ray.weixin.qy.service.message.reply.ReplyMessageService - toUserName:ww92f5da92bb24696e
2017-11-09 11:01:10.612 [http-apr-8080-exec-7] INFO  com.ray.weixin.qy.service.message.reply.ReplyMessageService - msgType:event
2017-11-09 11:01:10.612 [http-apr-8080-exec-7] INFO  com.ray.weixin.qy.service.message.reply.ReplyMessageService - Event:LOCATION  eventKey:null
2017-11-09 11:01:14.468 [http-apr-8080-exec-8] INFO  com.ray.weixin.qy.controller.WeiXinServlet - post--------------
2017-11-09 11:01:14.469 [http-apr-8080-exec-8] INFO  com.ray.weixin.qy.service.message.reply.ReplyMessageService - parms:{"msg_signature":["f550bc2e0051d9a9ddb885d472c4207dacccdf13"],"timestamp":["1510196473"],"nonce":["308293578"]}
2017-11-09 11:01:14.470 [http-apr-8080-exec-8] INFO  com.ray.weixin.qy.service.message.reply.ReplyMessageService - postData:<xml><ToUserName><![CDATA[ww92f5da92bb24696e]]></ToUserName><Encrypt><![CDATA[EZjAigKNnjw6jOzk+jwdd2KASAhqu6QXtliGDCzjIW0ioPixZZKaW/HmzA58mYpSwW7H4oAnQ8k/Nhvfo82fM+SXNYBTKYUJzK+C6pAGOZpXFUjeMeQxsAmPDWAYEeLztgCbMCf3nTMDR2aTxMqzDgkPYrzs56d1YktO9wX9UJ7OR8bxeTqho7erTp3eZjOHb15pHcDX8Tdcnkco87H408kplFp3jAmjWPbCo0+l1oqXcfz0sfizqEEWyo0WAQ6+T8tobNdAf4XnGE71M8ABQn7zBQH3B7Bk5NhMTpgnHC04+ulukv3CTisR1sOrUfObKdv38dxze9V5iRiDvZf4OqcJOxwikIyQ1yueNB8dh7zwqo9NJ3YvWM+3eY9VbCp4xqnDbXpDoA/XHOhwAgxfNsyig9BGLs1r2wjIql8cYrNvQSdLo+Nnb4ms64t8vcIZw/9WfunWKrCRPuxl06BciF4yau/XKPfZdWwGgc+yGfVKf9YWHrtRTtkvkDQVQwqW]]></Encrypt><AgentID><![CDATA[1000002]]></AgentID></xml>
2017-11-09 11:01:14.474 [http-apr-8080-exec-8] INFO  com.ray.weixin.qy.service.message.reply.ReplyMessageService - reply_xmlMsg:<xml><ToUserName><![CDATA[ww92f5da92bb24696e]]></ToUserName><FromUserName><![CDATA[ShiRui]]></FromUserName><CreateTime>1510196473</CreateTime><MsgType><![CDATA[event]]></MsgType><AgentID>1000002</AgentID><Event><![CDATA[LOCATION]]></Event><Latitude>31.1676</Latitude><Longitude>121.156</Longitude><Precision>15</Precision></xml>
2017-11-09 11:01:14.479 [http-apr-8080-exec-8] INFO  com.ray.weixin.qy.service.message.reply.ReplyMessageService - fromUserName:ShiRui
2017-11-09 11:01:14.479 [http-apr-8080-exec-8] INFO  com.ray.weixin.qy.service.message.reply.ReplyMessageService - toUserName:ww92f5da92bb24696e
2017-11-09 11:01:14.479 [http-apr-8080-exec-8] INFO  com.ray.weixin.qy.service.message.reply.ReplyMessageService - msgType:event
2017-11-09 11:01:14.479 [http-apr-8080-exec-8] INFO  com.ray.weixin.qy.service.message.reply.ReplyMessageService - Event:LOCATION  eventKey:null
2017-11-09 11:01:19.471 [http-apr-8080-exec-6] INFO  com.ray.weixin.qy.controller.WeiXinServlet - post--------------
2017-11-09 11:01:19.472 [http-apr-8080-exec-6] INFO  com.ray.weixin.qy.service.message.reply.ReplyMessageService - parms:{"msg_signature":["e8ee44aee75e63a1959d62cd4b696beeafa1e950"],"timestamp":["1510196478"],"nonce":["1989354056"]}
2017-11-09 11:01:19.472 [http-apr-8080-exec-6] INFO  com.ray.weixin.qy.service.message.reply.ReplyMessageService - postData:<xml><ToUserName><![CDATA[ww92f5da92bb24696e]]></ToUserName><Encrypt><![CDATA[yj5XLRzIe9BRsvZIKvEdOTwoa6NVPa9uxPu2hQpYY5HdS+qRUa1EBoAJtqJA2fZfrf+CxAXMrTdgH5np7wBCjxALRYNuM2yaZQgFksog5GfuHVWUahkudiFsd26xjys2R/13OTOhluW81h2d3+QCcZj1tD7F85FsDx+WsLCs4YAkDO1jEqKTxFZ7a4AV1QsACiIgljKyclwBiueV+/Qz/NhP+wHu/aWxyebwLxPrYKbOvOJabjZwYdEOD4aebX2pMK/StluG0OvwpDUggbW2UxiwGYdelvkwAO+tntvQ6Z19ISvMtRTJ/6SG0z9zmPVz4WT0zxhnEWjuYeU5Yo32J9L+vN/0S7Pjikd1DVOlguPXYDPHXti0bqlUU2vJoULNngRySN7pj6nyixAE6Eeu3yNKfqnuG7SKZfC/FjISDlaHu0NYKfB6XOLLFBI+oy2noLKwXwm1H7hwVYFekavOLAVcaB7opJ5ZtZ5SxJuCm73YILB+BpWBkzDmNIx1faKYjQ40r3MqKYDIB+oC9v8noTygS5y7W2WSht01UEYTDZM12dswtFIRd6UBmJUqM4+pN9B7GfHPInuiRxL4YSwGSilvlYvhPr6vt6EwaeS6j2O9tm9cIdhgWrcAtVG/Fz7I0cmp96Z57VVyjFN1fsGb9or/hi40YJUonMFtory6C5A=]]></Encrypt><AgentID><![CDATA[1000002]]></AgentID></xml>
2017-11-09 11:01:19.473 [http-apr-8080-exec-6] INFO  com.ray.weixin.qy.service.message.reply.ReplyMessageService - reply_xmlMsg:<xml><ToUserName><![CDATA[ww92f5da92bb24696e]]></ToUserName><FromUserName><![CDATA[ShiRui]]></FromUserName><CreateTime>1510196478</CreateTime><MsgType><![CDATA[image]]></MsgType><PicUrl><![CDATA[http://p.qpic.cn/pic_wework/3914181693/6f6967663401eeb1923294b47c5a2197b3dd3b01dcee37dd/]]></PicUrl><MsgId>458589324</MsgId><MediaId><![CDATA[1QAmXYdcVcJ-i4qUsfIUHcfpfQYomVd0A2RcST9RfdFV4m5P61-uCCM1fljQMAh_N]]></MediaId><AgentID>1000002</AgentID></xml>
2017-11-09 11:01:19.474 [http-apr-8080-exec-6] INFO  com.ray.weixin.qy.service.message.reply.ReplyMessageService - fromUserName:ShiRui
2017-11-09 11:01:19.474 [http-apr-8080-exec-6] INFO  com.ray.weixin.qy.service.message.reply.ReplyMessageService - toUserName:ww92f5da92bb24696e
2017-11-09 11:01:19.474 [http-apr-8080-exec-6] INFO  com.ray.weixin.qy.service.message.reply.ReplyMessageService - msgType:image
2017-11-09 11:01:19.474 [http-apr-8080-exec-6] INFO  com.ray.weixin.qy.service.message.reply.ReplyMessageService - Event:null  eventKey:null
2017-11-09 11:01:19.922 [http-apr-8080-exec-2] INFO  com.ray.weixin.qy.controller.WeiXinServlet - post--------------
2017-11-09 11:01:19.923 [http-apr-8080-exec-2] INFO  com.ray.weixin.qy.service.message.reply.ReplyMessageService - parms:{"msg_signature":["a8a4848e3f93b04c0979ee40c7785d4e121feb51"],"timestamp":["1510196479"],"nonce":["190952220"]}
2017-11-09 11:01:19.923 [http-apr-8080-exec-2] INFO  com.ray.weixin.qy.service.message.reply.ReplyMessageService - postData:<xml><ToUserName><![CDATA[ww92f5da92bb24696e]]></ToUserName><Encrypt><![CDATA[S6CSGhaKj5Rx86ARmcveN0YKE/6HM8fTEeT0gJx8+4Ulmj0X4Sh+b2203BQyD5jIFBO/L18sA2N5sMyi2Foierd3YISgxJZeWAAnhdp40iunEd44Ci9MTZLrXONcCZyEval7kRjoQhwGo44leXwe7xPJYFx0RE6CQn11h+7AxGVrmsSBTMeL1xnAh1LHQob7kEf8vxarsO0jiSHKdTbkFhi5j/aucRc9pk2pkft1fV+eTsWmJJiWMDM/KH9oDeRuOKWBZQ2B4sNmBz7+YjuMgXtWYvpb7Ad+XX/tLCNNwibw2X1hkZhO15oCg9BIgDpxQpwYMBNNo60jPft/SIcwa9lcDQHQJ9gvTZLrj1CSQBOnSYZ+1hJ0c7DHsFxh4c2elNXCl66H6bdC/ILQZN1UKcAErT2JMz6XHpqm51r5p4oFPvSOO0YVOnFROZiZozNhGeV1SYcheha/Lbxmy3mna//fHuXkp3QxtZyVjDgMJ5Sn+iEJBTR+WMcSPcJT74w8]]></Encrypt><AgentID><![CDATA[1000002]]></AgentID></xml>
2017-11-09 11:01:19.925 [http-apr-8080-exec-2] INFO  com.ray.weixin.qy.service.message.reply.ReplyMessageService - reply_xmlMsg:<xml><ToUserName><![CDATA[ww92f5da92bb24696e]]></ToUserName><FromUserName><![CDATA[ShiRui]]></FromUserName><CreateTime>1510196479</CreateTime><MsgType><![CDATA[event]]></MsgType><AgentID>1000002</AgentID><Event><![CDATA[LOCATION]]></Event><Latitude>31.1676</Latitude><Longitude>121.156</Longitude><Precision>15</Precision></xml>
2017-11-09 11:01:19.926 [http-apr-8080-exec-2] INFO  com.ray.weixin.qy.service.message.reply.ReplyMessageService - fromUserName:ShiRui
2017-11-09 11:01:19.927 [http-apr-8080-exec-2] INFO  com.ray.weixin.qy.service.message.reply.ReplyMessageService - toUserName:ww92f5da92bb24696e
2017-11-09 11:01:19.927 [http-apr-8080-exec-2] INFO  com.ray.weixin.qy.service.message.reply.ReplyMessageService - msgType:event
2017-11-09 11:01:19.927 [http-apr-8080-exec-2] INFO  com.ray.weixin.qy.service.message.reply.ReplyMessageService - Event:LOCATION  eventKey:null
2017-11-09 11:01:24.445 [http-apr-8080-exec-1] INFO  com.ray.weixin.qy.controller.WeiXinServlet - post--------------
2017-11-09 11:01:24.446 [http-apr-8080-exec-1] INFO  com.ray.weixin.qy.service.message.reply.ReplyMessageService - parms:{"msg_signature":["c52485bc761407acc896436930206412878d871d"],"timestamp":["1510196483"],"nonce":["716476988"]}
2017-11-09 11:01:24.446 [http-apr-8080-exec-1] INFO  com.ray.weixin.qy.service.message.reply.ReplyMessageService - postData:<xml><ToUserName><![CDATA[ww92f5da92bb24696e]]></ToUserName><Encrypt><![CDATA[yLCy8lFUO43ZD9xY/lNIh9tN01s9v3iXSngQ2arm7fYQDbpMYZ2X2arzYp45DulUjumdPnGoRqdipY+1d/Jvu8WmVcJIQh+Eg8juQFLSgCPAxwHYRSJbGOHCwRrJEQ4Oma5WsrZK8sy2z+8o7z/RFid0WKzvKoLCfGuSbznolcY1hn9RJvV5YKZgmYXnd/PkcaqBXh5G06gFast4ngwbknrfXeYSTCmqXGG16cGvP1C6nn0G+Tuu2FN8carp6tIVLLy2N7jj7YxMXgekvYFpoL1xel32kmINY1o+L6H0Btex81QobAM7rkKcCLpOqJRwqzYGPki7TXNZCWaLKC4aBN0C2fkIIcxWnNpfSpiwcqec8vHevw6Hv/n6OEP24Y96sa+b9is+t1TTsdx4sK1P3N9JapO6sGCPR+M8uq8r5yLO/8ng6eaY5MdaKjlnQ4jB7afTY4SjNxeaJ3K70woewc6TatUCS6il0asAlqfPIKAvnlAQDEfKhQ1cYvKtWXZa]]></Encrypt><AgentID><![CDATA[1000002]]></AgentID></xml>
2017-11-09 11:01:24.447 [http-apr-8080-exec-1] INFO  com.ray.weixin.qy.service.message.reply.ReplyMessageService - reply_xmlMsg:<xml><ToUserName><![CDATA[ww92f5da92bb24696e]]></ToUserName><FromUserName><![CDATA[ShiRui]]></FromUserName><CreateTime>1510196483</CreateTime><MsgType><![CDATA[event]]></MsgType><AgentID>1000002</AgentID><Event><![CDATA[LOCATION]]></Event><Latitude>31.1676</Latitude><Longitude>121.156</Longitude><Precision>15</Precision></xml>
2017-11-09 11:01:24.448 [http-apr-8080-exec-1] INFO  com.ray.weixin.qy.service.message.reply.ReplyMessageService - fromUserName:ShiRui
2017-11-09 11:01:24.448 [http-apr-8080-exec-1] INFO  com.ray.weixin.qy.service.message.reply.ReplyMessageService - toUserName:ww92f5da92bb24696e
2017-11-09 11:01:24.448 [http-apr-8080-exec-1] INFO  com.ray.weixin.qy.service.message.reply.ReplyMessageService - msgType:event
2017-11-09 11:01:24.448 [http-apr-8080-exec-1] INFO  com.ray.weixin.qy.service.message.reply.ReplyMessageService - Event:LOCATION  eventKey:null
2017-11-09 11:01:29.493 [http-apr-8080-exec-7] INFO  com.ray.weixin.qy.controller.WeiXinServlet - post--------------
2017-11-09 11:01:29.494 [http-apr-8080-exec-7] INFO  com.ray.weixin.qy.service.message.reply.ReplyMessageService - parms:{"msg_signature":["e11ffb7114642f8553d74d13920ade78be821646"],"timestamp":["1510196488"],"nonce":["1980177954"]}
2017-11-09 11:01:29.494 [http-apr-8080-exec-7] INFO  com.ray.weixin.qy.service.message.reply.ReplyMessageService - postData:<xml><ToUserName><![CDATA[ww92f5da92bb24696e]]></ToUserName><Encrypt><![CDATA[aRkcg0hWEcKLC4Xc9vXojNd3lwqPIZSzpwjVpglhkwVz8Ihp/M45TaByWP7ROC/7kq+QJiql59Xi3G4nSLPZHY0rZbZi/efwucXT/Afmn0FVbN5nKLDXn0kgfWlJoWOjbG7w4HmWMmroenSxY7japJxVkImar1TiKdNBGt7fTx+dONnlguEB529TOeL+btwYTQCAkPJIRk2kW0WNmhDW/h29by/bZxqjAjVO65ZHPDlD4yljqTJfyKZDvlI+h2N6i55rM2A85NfNN80b/20aRXiM9FcSE9YS9wRZs9wyQr50Q9NMuF2JqOFYXcNUx/ooWS6bhgSP8/ezlCYT2Y+frWaDbTHkPJDSf2LlU0iCbfwbVtDkX5vchWuMp3dyeVbARsNnBCGG84kpCti/DTZZ0IOIovuOyL/qgdVT3D44O1OBrFPQTHmTbzjnXkYoL7kON7DjWpeySGHQwKVgfqdu+6F+x3OYiIjZgDrRd0tZqcfg6mYn45SyNi+GzLyS9PLG]]></Encrypt><AgentID><![CDATA[1000002]]></AgentID></xml>
2017-11-09 11:01:29.500 [http-apr-8080-exec-7] INFO  com.ray.weixin.qy.service.message.reply.ReplyMessageService - reply_xmlMsg:<xml><ToUserName><![CDATA[ww92f5da92bb24696e]]></ToUserName><FromUserName><![CDATA[ShiRui]]></FromUserName><CreateTime>1510196488</CreateTime><MsgType><![CDATA[event]]></MsgType><AgentID>1000002</AgentID><Event><![CDATA[LOCATION]]></Event><Latitude>31.1676</Latitude><Longitude>121.156</Longitude><Precision>15</Precision></xml>
2017-11-09 11:01:29.504 [http-apr-8080-exec-7] INFO  com.ray.weixin.qy.service.message.reply.ReplyMessageService - fromUserName:ShiRui
2017-11-09 11:01:29.505 [http-apr-8080-exec-7] INFO  com.ray.weixin.qy.service.message.reply.ReplyMessageService - toUserName:ww92f5da92bb24696e
2017-11-09 11:01:29.505 [http-apr-8080-exec-7] INFO  com.ray.weixin.qy.service.message.reply.ReplyMessageService - msgType:event
2017-11-09 11:01:29.505 [http-apr-8080-exec-7] INFO  com.ray.weixin.qy.service.message.reply.ReplyMessageService - Event:LOCATION  eventKey:null
2017-11-09 11:01:34.487 [http-apr-8080-exec-8] INFO  com.ray.weixin.qy.controller.WeiXinServlet - post--------------
2017-11-09 11:01:34.488 [http-apr-8080-exec-8] INFO  com.ray.weixin.qy.service.message.reply.ReplyMessageService - parms:{"msg_signature":["3d8bb799ff12f117f5716f4885919bb3189fa688"],"timestamp":["1510196493"],"nonce":["1779747244"]}
2017-11-09 11:01:34.488 [http-apr-8080-exec-8] INFO  com.ray.weixin.qy.service.message.reply.ReplyMessageService - postData:<xml><ToUserName><![CDATA[ww92f5da92bb24696e]]></ToUserName><Encrypt><![CDATA[dmkfed/e4AqvOFaKldTkMmr7RN04ZpwONZ2So4XY0ZjLHQo0YKhGRTBv94rRXgsXTGskNTDexlsQ9vuCXShwHXwPtysoNumfBtFXJbfZ6ZkonSB2Fyvxu5WxTec3fmkCNGpYL/L66ITYvc2Eg/JOn+ALLHSncZNbC9ULm88oDkG9MRrGmsePEGALEmOPgzxcEncKJ/MaRJdiFb0fzT4zeOhJ2UhTBfcNOhb66lBE2r941R9RwtN8P4KlteSh/yrFkn3UADjGze2Gyunef+6ERWO9MzwDKpeD5HtSZnq0kT0ronI5xrAzJUXPEWVpNlBZn2ZBKqtZ+rRk4re2zxQRzKkI693GRR3szMaOZAt0st7F/UtpTaOicTZXHe77Ec3IoXT/4rKLmROJcUgHX+3pKR3xebUvfjaCaGEdcCGpzNr7kciBTKQSyPLzm2A9lkxpCnkcf2chdsgsePowHcir59AjDd5/FRgVAP5mqG0q3QRI7oVfYT0jhy0/hj5I19Oo]]></Encrypt><AgentID><![CDATA[1000002]]></AgentID></xml>
2017-11-09 11:01:34.490 [http-apr-8080-exec-8] INFO  com.ray.weixin.qy.service.message.reply.ReplyMessageService - reply_xmlMsg:<xml><ToUserName><![CDATA[ww92f5da92bb24696e]]></ToUserName><FromUserName><![CDATA[ShiRui]]></FromUserName><CreateTime>1510196493</CreateTime><MsgType><![CDATA[event]]></MsgType><AgentID>1000002</AgentID><Event><![CDATA[LOCATION]]></Event><Latitude>31.1676</Latitude><Longitude>121.156</Longitude><Precision>15</Precision></xml>
2017-11-09 11:01:34.494 [http-apr-8080-exec-8] INFO  com.ray.weixin.qy.service.message.reply.ReplyMessageService - fromUserName:ShiRui
2017-11-09 11:01:34.494 [http-apr-8080-exec-8] INFO  com.ray.weixin.qy.service.message.reply.ReplyMessageService - toUserName:ww92f5da92bb24696e
2017-11-09 11:01:34.495 [http-apr-8080-exec-8] INFO  com.ray.weixin.qy.service.message.reply.ReplyMessageService - msgType:event
2017-11-09 11:01:34.495 [http-apr-8080-exec-8] INFO  com.ray.weixin.qy.service.message.reply.ReplyMessageService - Event:LOCATION  eventKey:null
2017-11-09 11:01:39.551 [http-apr-8080-exec-6] INFO  com.ray.weixin.qy.controller.WeiXinServlet - post--------------
2017-11-09 11:01:39.552 [http-apr-8080-exec-6] INFO  com.ray.weixin.qy.service.message.reply.ReplyMessageService - parms:{"msg_signature":["223ccdc27186403c0b89531bc6463e32ea2a6005"],"timestamp":["1510196499"],"nonce":["461815801"]}
2017-11-09 11:01:39.552 [http-apr-8080-exec-6] INFO  com.ray.weixin.qy.service.message.reply.ReplyMessageService - postData:<xml><ToUserName><![CDATA[ww92f5da92bb24696e]]></ToUserName><Encrypt><![CDATA[D7A9nKgZQPNeQGK1dL9HZ6Unjyho5s9TDak6DW1eYUwYb8AvYEHzhRkvVHM30ceVpErNbI88ZA95CpUqvdC+wsdshs0zHP4YEngTciioQusPhPGV3+SuvfUL3W3SuZcdSZ+YJGUsFyvp7/evXYTE6tYK9HRU6zEZ4RAw39X8PovNh0Q+hS8/LQ3D9V4Sm8Me4KKtC45DoxL/7x7tUMBhq2tMs7mhKLl18BDg6Yv6V09Tg0EXHKa6uSp0blEIUstFI/1grOsJZqjTqCx779D17SfMoTiXY7IaQgNkw8UnhPdLfB/tnN1q4jnz+r9VDiqEuU7f50GcpJqChR1wdqgShv6Ke2sPfjXNwuja5k8uMPSCJgeyyViMbPrh6it9QQpTVzakinTCAwPfeisPpBztLAWXmwiqb9qpbL9Rzn5fq8GYByKxLUQUndXgLhE6P7XLIIYY8qHIUw9/oLNPr4Ms396e+3MNPSPvDjqAFnThd0DNJwKZqk/MWqHVfNmGWpeJ]]></Encrypt><AgentID><![CDATA[1000002]]></AgentID></xml>
2017-11-09 11:01:39.553 [http-apr-8080-exec-6] INFO  com.ray.weixin.qy.service.message.reply.ReplyMessageService - reply_xmlMsg:<xml><ToUserName><![CDATA[ww92f5da92bb24696e]]></ToUserName><FromUserName><![CDATA[ShiRui]]></FromUserName><CreateTime>1510196498</CreateTime><MsgType><![CDATA[event]]></MsgType><AgentID>1000002</AgentID><Event><![CDATA[LOCATION]]></Event><Latitude>31.1676</Latitude><Longitude>121.156</Longitude><Precision>15</Precision></xml>
2017-11-09 11:01:39.553 [http-apr-8080-exec-6] INFO  com.ray.weixin.qy.service.message.reply.ReplyMessageService - fromUserName:ShiRui
2017-11-09 11:01:39.553 [http-apr-8080-exec-6] INFO  com.ray.weixin.qy.service.message.reply.ReplyMessageService - toUserName:ww92f5da92bb24696e
2017-11-09 11:01:39.554 [http-apr-8080-exec-6] INFO  com.ray.weixin.qy.service.message.reply.ReplyMessageService - msgType:event
2017-11-09 11:01:39.554 [http-apr-8080-exec-6] INFO  com.ray.weixin.qy.service.message.reply.ReplyMessageService - Event:LOCATION  eventKey:null
2017-11-09 11:01:44.540 [http-apr-8080-exec-2] INFO  com.ray.weixin.qy.controller.WeiXinServlet - post--------------
2017-11-09 11:01:44.541 [http-apr-8080-exec-2] INFO  com.ray.weixin.qy.service.message.reply.ReplyMessageService - parms:{"msg_signature":["fd7c08a22ffbb842b9daea3fb4291d63ad5dd1d2"],"timestamp":["1510196504"],"nonce":["542001365"]}
2017-11-09 11:01:44.542 [http-apr-8080-exec-2] INFO  com.ray.weixin.qy.service.message.reply.ReplyMessageService - postData:<xml><ToUserName><![CDATA[ww92f5da92bb24696e]]></ToUserName><Encrypt><![CDATA[u+sdnta3x3wabSK7TQqKo4faYIIw0gsUbLDyVImMcBkg5CvwlVIHvf7pR4SnQfCg7JMCP0vF6YcbLh+Tb++vaPK+em2GrGNaoKG64XFuXeeNdZlonNRYKW0R9PrrWYmsm3OfkCNP9bm0xrPzqASXWZDhFqxL0Kf2alLRyvNxVNR2Tr9k6uXpLWKkx1JLPiCGKsb7+6Fl3d14Ru+QLsUEuqzTJGB+rvcDxgikS0qQ5kjECbg9n+MAckBb2tf7vZWvINUHk0GOz1QjcWVObiFUc+ixukyJzs0HigUsZ3LljmnHoWJ0vTs+/Kh0EBomq/fhgaWThBbnEpp60CXBIP+fs64MS6TjymzItPnn+ZPhA/ig2Diiq3Iey17vd9jZP2xUarQJga2dk5NFmK0ra7SlyxQ08hln/0KCbQIDIC6MPKJw6cLwohri277hNazgbZRW8SN6Lqstz/2Z6A3JO/BJiHZ8UTv3Vr5EuRdXu8pAD0A9xns+uebNuHbsJoQxBYSg]]></Encrypt><AgentID><![CDATA[1000002]]></AgentID></xml>
2017-11-09 11:01:44.546 [http-apr-8080-exec-2] INFO  com.ray.weixin.qy.service.message.reply.ReplyMessageService - reply_xmlMsg:<xml><ToUserName><![CDATA[ww92f5da92bb24696e]]></ToUserName><FromUserName><![CDATA[ShiRui]]></FromUserName><CreateTime>1510196503</CreateTime><MsgType><![CDATA[event]]></MsgType><AgentID>1000002</AgentID><Event><![CDATA[LOCATION]]></Event><Latitude>31.1676</Latitude><Longitude>121.156</Longitude><Precision>15</Precision></xml>
2017-11-09 11:01:44.549 [http-apr-8080-exec-2] INFO  com.ray.weixin.qy.service.message.reply.ReplyMessageService - fromUserName:ShiRui
2017-11-09 11:01:44.549 [http-apr-8080-exec-2] INFO  com.ray.weixin.qy.service.message.reply.ReplyMessageService - toUserName:ww92f5da92bb24696e
2017-11-09 11:01:44.549 [http-apr-8080-exec-2] INFO  com.ray.weixin.qy.service.message.reply.ReplyMessageService - msgType:event
2017-11-09 11:01:44.549 [http-apr-8080-exec-2] INFO  com.ray.weixin.qy.service.message.reply.ReplyMessageService - Event:LOCATION  eventKey:null
2017-11-09 11:01:49.547 [http-apr-8080-exec-1] INFO  com.ray.weixin.qy.controller.WeiXinServlet - post--------------
2017-11-09 11:01:49.547 [http-apr-8080-exec-1] INFO  com.ray.weixin.qy.service.message.reply.ReplyMessageService - parms:{"msg_signature":["1ce9de2fd1c02b2a508ceb1096585cbc9410afa3"],"timestamp":["1510196509"],"nonce":["2001725158"]}
2017-11-09 11:01:49.548 [http-apr-8080-exec-1] INFO  com.ray.weixin.qy.service.message.reply.ReplyMessageService - postData:<xml><ToUserName><![CDATA[ww92f5da92bb24696e]]></ToUserName><Encrypt><![CDATA[TEaCwFucygIMmIulRB4nekC0DQOuWmUp953g50q722ABUgagrmD3FTXOpGaKiC2UU7iuvkk3752TiYNNgt0pYuBgcLVBUETguJzXoy0xsApdIxp0g5wTZC4IH3bNXGG/5765ZNqpcIrzCvgqV5UgOwsKrGmTE0iC/WVuCXSZvV+GqrS5TI6n0mYjprM5ZUg9PKWFGUefufL/SKLWeUpnFrubsBN/0tthezT2viH3SWuE8i8P0eLC35Hys8BdrgsT4Ev5A7ZO70qgtbr96EvKGZumH8EHEfUlxA8I6fgyP7Frs8iKpGNe0tVKKuDJhO3kqYNHCMJH6/pzaS2okNdBieYDorh5W+fYZkHOR6Y9v71c1clUwUIqjGV9jmVRR0tkwZ38dF91nzQSg0dkd6fdklP4DKuceyqL/pB3oSY3PBO6ezKE5N2lesSI/8dbng5oIL8oM3PFasUOytOJCmwIeR3rcK0Z0qA+zzFI5BzExux7OqNp0ZvA5sIgxAjJVom4]]></Encrypt><AgentID><![CDATA[1000002]]></AgentID></xml>
2017-11-09 11:01:49.549 [http-apr-8080-exec-1] INFO  com.ray.weixin.qy.service.message.reply.ReplyMessageService - reply_xmlMsg:<xml><ToUserName><![CDATA[ww92f5da92bb24696e]]></ToUserName><FromUserName><![CDATA[ShiRui]]></FromUserName><CreateTime>1510196508</CreateTime><MsgType><![CDATA[event]]></MsgType><AgentID>1000002</AgentID><Event><![CDATA[LOCATION]]></Event><Latitude>31.1676</Latitude><Longitude>121.156</Longitude><Precision>15</Precision></xml>
2017-11-09 11:01:49.550 [http-apr-8080-exec-1] INFO  com.ray.weixin.qy.service.message.reply.ReplyMessageService - fromUserName:ShiRui
2017-11-09 11:01:49.550 [http-apr-8080-exec-1] INFO  com.ray.weixin.qy.service.message.reply.ReplyMessageService - toUserName:ww92f5da92bb24696e
2017-11-09 11:01:49.550 [http-apr-8080-exec-1] INFO  com.ray.weixin.qy.service.message.reply.ReplyMessageService - msgType:event
2017-11-09 11:01:49.550 [http-apr-8080-exec-1] INFO  com.ray.weixin.qy.service.message.reply.ReplyMessageService - Event:LOCATION  eventKey:null
2017-11-09 11:01:54.648 [http-apr-8080-exec-7] INFO  com.ray.weixin.qy.controller.WeiXinServlet - post--------------
2017-11-09 11:01:54.648 [http-apr-8080-exec-7] INFO  com.ray.weixin.qy.service.message.reply.ReplyMessageService - parms:{"msg_signature":["42a2d9b49ee1ed19bbd225a1327de282ff318e43"],"timestamp":["1510196514"],"nonce":["1471556602"]}
2017-11-09 11:01:54.648 [http-apr-8080-exec-7] INFO  com.ray.weixin.qy.service.message.reply.ReplyMessageService - postData:<xml><ToUserName><![CDATA[ww92f5da92bb24696e]]></ToUserName><Encrypt><![CDATA[Kir/POjPwFowuJo0tN67/Lvw9XgDoXqgg4H3JiOeTtrbvrqD8tPE1DInsjgh6vyH/ZtLXxMPn8/6fNidC9dkBo7CLgSO5wBaxX4dpWDRZduJdSoeFOAkfrhtf6dBcBbwLazxo/q4+lb4RIKImNzb9cWGrkDMfG768g7ElPWKVKgEsjgr5YUkZv72/yLQsWEBnyFI6f+4PL/pWUkeTCyhJPTsHXPdDj7jrCNainqvjDvz0Lphrai8vMKhaRpMz2ivNA5PuIbI6dZ0kp8sn6oC4JEcCB3G0aRTkBAp7OajQl+xprgbN9W5PhnAlKE0Ok2NJI2RaPliWffRG9d99aN9D7eyfJWNHrsy8aGeW9cLg/t0sqv8Akdi6W7/3C1VBTZSHYo23CNGJZrGjXs794gyxJOyQmhoSo/UvlbFdkL8HjGBX4nNWtjCWS0JZPrE/Jf8SitsJUiugsZCHyX6vK03ixQKhWdM8XR7BUnzsLLikHV5km5+4J23N6yATtgbl4g6]]></Encrypt><AgentID><![CDATA[1000002]]></AgentID></xml>
2017-11-09 11:01:54.650 [http-apr-8080-exec-7] INFO  com.ray.weixin.qy.service.message.reply.ReplyMessageService - reply_xmlMsg:<xml><ToUserName><![CDATA[ww92f5da92bb24696e]]></ToUserName><FromUserName><![CDATA[ShiRui]]></FromUserName><CreateTime>1510196514</CreateTime><MsgType><![CDATA[event]]></MsgType><AgentID>1000002</AgentID><Event><![CDATA[LOCATION]]></Event><Latitude>31.1676</Latitude><Longitude>121.156</Longitude><Precision>15</Precision></xml>
2017-11-09 11:01:54.652 [http-apr-8080-exec-7] INFO  com.ray.weixin.qy.service.message.reply.ReplyMessageService - fromUserName:ShiRui
2017-11-09 11:01:54.652 [http-apr-8080-exec-7] INFO  com.ray.weixin.qy.service.message.reply.ReplyMessageService - toUserName:ww92f5da92bb24696e
2017-11-09 11:01:54.652 [http-apr-8080-exec-7] INFO  com.ray.weixin.qy.service.message.reply.ReplyMessageService - msgType:event
2017-11-09 11:01:54.652 [http-apr-8080-exec-7] INFO  com.ray.weixin.qy.service.message.reply.ReplyMessageService - Event:LOCATION  eventKey:null
2017-11-09 11:01:59.629 [http-apr-8080-exec-8] INFO  com.ray.weixin.qy.controller.WeiXinServlet - post--------------
2017-11-09 11:01:59.630 [http-apr-8080-exec-8] INFO  com.ray.weixin.qy.service.message.reply.ReplyMessageService - parms:{"msg_signature":["2f5e97d583c8a3added7b3ee5976fa6fa1ebca10"],"timestamp":["1510196519"],"nonce":["1318690228"]}
2017-11-09 11:01:59.630 [http-apr-8080-exec-8] INFO  com.ray.weixin.qy.service.message.reply.ReplyMessageService - postData:<xml><ToUserName><![CDATA[ww92f5da92bb24696e]]></ToUserName><Encrypt><![CDATA[xWnGmq6Mv6D6dSo30bo0Fs8tyVzGKMzXpRyfqcVmNPuurIaFFMvjjhw/Q7u0f2W9xLW7h8t86xZ4AaSgbMxt21RRHKCqIwLFBpjeqsLkUaXjAtxk9xGEewZLxBpU//bTx/E3zNPH6rHc7YfLE4Rh2l+/ESyZkkeSZrO0sZn7Uyt+cvF+AqXbfhjYRXg5HpVIfVPMDb4xu7Xb4MABExkXu0goDdQw5PvRscrb5Rswj+tx9b47TSDZamZ7PgT7Tz5qag+rV4A62d8l6gAcmVSHxa5sSZ66AwQUXmJvYoAvU/zpGCG0XhbJM9NOxRx4swsYfIJG6E/jyygNE1Y7uJnjd0zWI6F+89x67Mv8sm/S954qtSxJQ57LAcc3PAyxXLu7cM4dk6IXIzSKLYwAxHU+FsdAkzJ68woUclvCi6mJBOzRuMx16Ye9ooRF1P+hbBkiPWXejlJ4PBXF84wnvpdARLwvqOr30P2+CDjZgFZ7fCFmiuXAzR1CrKxldP30xBYv]]></Encrypt><AgentID><![CDATA[1000002]]></AgentID></xml>
2017-11-09 11:01:59.633 [http-apr-8080-exec-8] INFO  com.ray.weixin.qy.service.message.reply.ReplyMessageService - reply_xmlMsg:<xml><ToUserName><![CDATA[ww92f5da92bb24696e]]></ToUserName><FromUserName><![CDATA[ShiRui]]></FromUserName><CreateTime>1510196519</CreateTime><MsgType><![CDATA[event]]></MsgType><AgentID>1000002</AgentID><Event><![CDATA[LOCATION]]></Event><Latitude>31.1676</Latitude><Longitude>121.156</Longitude><Precision>15</Precision></xml>
2017-11-09 11:01:59.638 [http-apr-8080-exec-8] INFO  com.ray.weixin.qy.service.message.reply.ReplyMessageService - fromUserName:ShiRui
2017-11-09 11:01:59.639 [http-apr-8080-exec-8] INFO  com.ray.weixin.qy.service.message.reply.ReplyMessageService - toUserName:ww92f5da92bb24696e
2017-11-09 11:01:59.639 [http-apr-8080-exec-8] INFO  com.ray.weixin.qy.service.message.reply.ReplyMessageService - msgType:event
2017-11-09 11:01:59.639 [http-apr-8080-exec-8] INFO  com.ray.weixin.qy.service.message.reply.ReplyMessageService - Event:LOCATION  eventKey:null
