2017-11-15 15:32:24.434 [http-apr-8080-exec-1] INFO  com.ray.weixin.gz.controller.WeiXinServlet - post--------------
2017-11-15 15:32:24.452 [http-apr-8080-exec-1] INFO  com.ray.weixin.gz.service.message.ReplyMessageService - parms:{"signature":["0e06ef1b73db24f0523b9542da449144a9ed5458"],"timestamp":["1510731143"],"nonce":["558482777"],"openid":["o1M7_1TLByH8H1T7XCIj23Roo5yU"],"encrypt_type":["aes"],"msg_signature":["c2194579cbed8eb9b157aa525fc5d98eb7c33c53"]}
2017-11-15 15:32:24.452 [http-apr-8080-exec-1] INFO  com.ray.weixin.gz.service.message.ReplyMessageService - postData:<xml>    <ToUserName><![CDATA[gh_8903be978f8b]]></ToUserName>    <Encrypt><![CDATA[GMt6LMPl/eA9pBQ0slnU5LOYcWayeVAj58hpetYb5Hhwj4pi9xfVRONUuAC3XnTcbU7XnuhyqH3NvO4S90qGzvszAUKGf+tIKjGSGc//XlGpn5e1XLtGQZ13sAamI/v4/2xDVIlpKdQLlmMtnwD5PXwPIHA50ouZaJMVgU6ALsrd+Sf6tTouQUjRKA47ycZ3rawQ4E1MZTM1/DixAcEDHtbes1LfaSXli6XXuHEuRJDoIa+KutuhJ/tPgp6FFDFVIR7fTNdINiDATKg11bp90y+JHanUvBQC5dqMmBwYasrgZRc2/7LWjm+G0QLZN/8k1oBreWH3blztGjujb0vgGIKgBgem2A3X23U/47ppjJ3R3peWQ8GlyAVGXUXjuE3l07aUaLEKJMSJ+ESDAZTnnfU7Aiz2yf1jxlEfNmkfMWIFEa+OP3TYPqSQ5vCWIUB7fAr0LJp8X2YojFUS3B1yB9iJAIcVBwMszeK9XephxEKBBTS+HqE0lyc2JiubgfXJ3q+xzIAvdUum72/ZBPGtgsAly18IJ2HY9T/M3Eh8D2U=]]></Encrypt></xml>
2017-11-15 15:32:24.486 [http-apr-8080-exec-1] INFO  com.ray.weixin.gz.service.message.ReplyMessageService - 安全模式：消息被加密
2017-11-15 15:32:24.490 [http-apr-8080-exec-1] INFO  com.ray.weixin.gz.service.message.ReplyMessageService - <xml><ToUserName><![CDATA[gh_8903be978f8b]]></ToUserName>
<FromUserName><![CDATA[o1M7_1TLByH8H1T7XCIj23Roo5yU]]></FromUserName>
<CreateTime>1510731143</CreateTime>
<MsgType><![CDATA[event]]></MsgType>
<Event><![CDATA[VIEW]]></Event>
<EventKey><![CDATA[http://rayner.nat300.top/weixin_gz/showInvoice.jsp]]></EventKey>
<MenuId>450181554</MenuId>
</xml>
2017-11-15 15:32:24.495 [http-apr-8080-exec-1] INFO  com.ray.weixin.gz.service.message.ReplyMessageService - fromUserName:o1M7_1TLByH8H1T7XCIj23Roo5yU
2017-11-15 15:32:24.495 [http-apr-8080-exec-1] INFO  com.ray.weixin.gz.service.message.ReplyMessageService - toUserName:gh_8903be978f8b
2017-11-15 15:32:24.495 [http-apr-8080-exec-1] INFO  com.ray.weixin.gz.service.message.ReplyMessageService - msgType:event
2017-11-15 15:32:24.498 [http-apr-8080-exec-1] INFO  com.ray.weixin.gz.service.message.ReplyMessageService - Event:VIEW  eventKey:http://rayner.nat300.top/weixin_gz/showInvoice.jsp
2017-11-15 15:32:24.856 [http-apr-8080-exec-8] INFO  com.ray.weixin.gz.util.AuthHelper - jsonObject:{"access_token":"1oSWHVafZfgyunxCQHjPikcCt_QYwE7b2OCUdpKW-vk_b06kSCgF-KRKehRwPM1TxlqnSC5eC6ofofQRJfevgfEcP9AdSGVsqyKNVUsGP0Hi3PatXr_nl7KOCGJ1FhN8EFXjAEAIJB","expires_in":7200}
2017-11-15 15:32:24.945 [http-apr-8080-exec-8] INFO  com.ray.weixin.gz.util.AuthHelper - jsonObject:{"errcode":0,"ticket":"HoagFKDcsGMVCIY2vOjf9mrEXbwXSbqpUm0898_LsZhfWowrJV-9wOxwAgoPTOhdqfiAJVBhU9J6pQbGq-WKag","errmsg":"ok","expires_in":7200}
2017-11-15 15:32:24.945 [http-apr-8080-exec-8] INFO  com.ray.weixin.gz.util.AuthHelper - accessToken:1oSWHVafZfgyunxCQHjPikcCt_QYwE7b2OCUdpKW-vk_b06kSCgF-KRKehRwPM1TxlqnSC5eC6ofofQRJfevgfEcP9AdSGVsqyKNVUsGP0Hi3PatXr_nl7KOCGJ1FhN8EFXjAEAIJB
2017-11-15 15:32:24.945 [http-apr-8080-exec-8] INFO  com.ray.weixin.gz.util.AuthHelper - ticket:HoagFKDcsGMVCIY2vOjf9mrEXbwXSbqpUm0898_LsZhfWowrJV-9wOxwAgoPTOhdqfiAJVBhU9J6pQbGq-WKag
2017-11-15 15:32:24.945 [http-apr-8080-exec-8] INFO  com.ray.weixin.gz.util.AuthHelper - nonceStr:d06dfc47-9f79-490e-bae2-fe13ca43910d
2017-11-15 15:32:24.945 [http-apr-8080-exec-8] INFO  com.ray.weixin.gz.util.AuthHelper - timeStamp:1510731144
2017-11-15 15:32:24.946 [http-apr-8080-exec-8] INFO  com.ray.weixin.gz.util.AuthHelper - signedUrl:http://rayner.nat300.top/weixin_gz/showInvoice.jsp
2017-11-15 15:32:24.946 [http-apr-8080-exec-8] INFO  com.ray.weixin.gz.util.AuthHelper - signature:6e605d241633c9c0d950d4aceda8cd3b6e12c6bc
2017-11-15 15:32:24.946 [http-apr-8080-exec-8] INFO  com.ray.weixin.gz.util.AuthHelper - appId:wx07c4d9d0895fe212
2017-11-15 15:32:24.946 [http-apr-8080-exec-8] INFO  com.ray.weixin.gz.util.AuthHelper - configValue:{signature:'6e605d241633c9c0d950d4aceda8cd3b6e12c6bc',nonceStr:'d06dfc47-9f79-490e-bae2-fe13ca43910d',timeStamp:'1510731144',appId:'wx07c4d9d0895fe212'}
2017-11-15 15:32:25.453 [http-apr-8080-exec-8] INFO  com.ray.weixin.gz.util.AuthHelper - jsonObject:{"access_token":"1oSWHVafZfgyunxCQHjPikcCt_QYwE7b2OCUdpKW-vlJpdfn-gh84aam6eQEkgWODwOlWuMpX97ZkbEI1rH0d2pgzHi6ulcqkHE7ubQv49tQh-IfGpRmU4kJQuPGUS0DHZFjAEAUMS","expires_in":7199}
2017-11-15 15:32:25.604 [http-apr-8080-exec-8] INFO  com.ray.weixin.gz.service.invoice.InvoiceService - jsonObject:{"errcode":0,"ticket":"9KwiourQPRN3vx3Nn1c_iXCh-5F7rD5UiR6FRkNziS3cx4b8Yjpce58MCsslS5Cu43H8pvgbGMFfDvtxfdImxg","errmsg":"ok","expires_in":7200}
2017-11-15 15:32:25.604 [http-apr-8080-exec-8] INFO  com.ray.weixin.gz.util.AuthHelper - apiTicket:9KwiourQPRN3vx3Nn1c_iXCh-5F7rD5UiR6FRkNziS3cx4b8Yjpce58MCsslS5Cu43H8pvgbGMFfDvtxfdImxg
2017-11-15 15:32:25.604 [http-apr-8080-exec-8] INFO  com.ray.weixin.gz.util.AuthHelper - appId:wx07c4d9d0895fe212
2017-11-15 15:32:25.604 [http-apr-8080-exec-8] INFO  com.ray.weixin.gz.util.AuthHelper - timeStamp:1510731145
2017-11-15 15:32:25.604 [http-apr-8080-exec-8] INFO  com.ray.weixin.gz.util.AuthHelper - nonceStr:56018c14-dea3-49ec-829d-4ad071f21ce2
2017-11-15 15:32:25.604 [http-apr-8080-exec-8] INFO  com.ray.weixin.gz.util.AuthHelper - cardType:INVOICE
2017-11-15 15:32:25.604 [http-apr-8080-exec-8] INFO  com.ray.weixin.gz.util.AuthHelper - cardSign:3c817ed93b92b1b5c434a57101db8c662b6dd1ed
2017-11-15 15:32:25.604 [http-apr-8080-exec-8] INFO  com.ray.weixin.gz.util.AuthHelper - signType:SHA1
2017-11-15 15:32:25.604 [http-apr-8080-exec-8] INFO  com.ray.weixin.gz.util.AuthHelper - configValue:{"signType":"SHA1","cardSign":"3c817ed93b92b1b5c434a57101db8c662b6dd1ed","nonceStr":"56018c14-dea3-49ec-829d-4ad071f21ce2","timestamp":"1510731145"}
