2017-11-07 18:30:31.631 [http-apr-8080-exec-22] INFO  com.ray.weixin.gz.controller.WeiXinServlet - post--------------
2017-11-07 18:30:31.645 [http-apr-8080-exec-22] INFO  com.ray.weixin.gz.service.message.ReplyMessageService - parms:{"signature":["7b08b5ede04d7e7884b7148f514480f9bff279a9"],"timestamp":["1510050631"],"nonce":["395865743"],"openid":["oDLefxDvQajibXhSWIWHrkiO1n2o"]}
2017-11-07 18:30:31.646 [http-apr-8080-exec-22] INFO  com.ray.weixin.gz.service.message.ReplyMessageService - postData:<xml><ToUserName><![CDATA[gh_8c1dd328db4e]]></ToUserName><FromUserName><![CDATA[oDLefxDvQajibXhSWIWHrkiO1n2o]]></FromUserName><CreateTime>1510050631</CreateTime><MsgType><![CDATA[event]]></MsgType><Event><![CDATA[VIEW]]></Event><EventKey><![CDATA[https://mp.weixin.qq.com/bizmall/authinvoice?action=list&s_pappid=d3hhMDA2NGVhNjU3ZjgwMDYyX0s22HY1myAuWWro7q-FsX8KWzrWiEgI8Ngqa3-W6dQ4&appid=wxa0064ea657f80062&num=1&o1=1234&m1=11&t1=1510036149&source=web&type=1&redirect_url=https%3A%2F%2Fmp.weixin.qq.com&signature=9aa88c3a4587f51397703a7838cd2fcaa60abb38#wechat_redirect]]></EventKey><MenuId>591675728</MenuId></xml>
2017-11-07 18:30:31.647 [http-apr-8080-exec-22] INFO  com.ray.weixin.gz.service.message.ReplyMessageService - 明文模式
2017-11-07 18:30:31.647 [http-apr-8080-exec-22] INFO  com.ray.weixin.gz.service.message.ReplyMessageService - <xml><ToUserName><![CDATA[gh_8c1dd328db4e]]></ToUserName><FromUserName><![CDATA[oDLefxDvQajibXhSWIWHrkiO1n2o]]></FromUserName><CreateTime>1510050631</CreateTime><MsgType><![CDATA[event]]></MsgType><Event><![CDATA[VIEW]]></Event><EventKey><![CDATA[https://mp.weixin.qq.com/bizmall/authinvoice?action=list&s_pappid=d3hhMDA2NGVhNjU3ZjgwMDYyX0s22HY1myAuWWro7q-FsX8KWzrWiEgI8Ngqa3-W6dQ4&appid=wxa0064ea657f80062&num=1&o1=1234&m1=11&t1=1510036149&source=web&type=1&redirect_url=https%3A%2F%2Fmp.weixin.qq.com&signature=9aa88c3a4587f51397703a7838cd2fcaa60abb38#wechat_redirect]]></EventKey><MenuId>591675728</MenuId></xml>
2017-11-07 18:30:31.651 [http-apr-8080-exec-22] INFO  com.ray.weixin.gz.service.message.ReplyMessageService - fromUserName:oDLefxDvQajibXhSWIWHrkiO1n2o
2017-11-07 18:30:31.651 [http-apr-8080-exec-22] INFO  com.ray.weixin.gz.service.message.ReplyMessageService - toUserName:gh_8c1dd328db4e
2017-11-07 18:30:31.651 [http-apr-8080-exec-22] INFO  com.ray.weixin.gz.service.message.ReplyMessageService - msgType:event
2017-11-07 18:30:31.651 [http-apr-8080-exec-22] INFO  com.ray.weixin.gz.service.message.ReplyMessageService - Event:VIEW  eventKey:https://mp.weixin.qq.com/bizmall/authinvoice?action=list&s_pappid=d3hhMDA2NGVhNjU3ZjgwMDYyX0s22HY1myAuWWro7q-FsX8KWzrWiEgI8Ngqa3-W6dQ4&appid=wxa0064ea657f80062&num=1&o1=1234&m1=11&t1=1510036149&source=web&type=1&redirect_url=https%3A%2F%2Fmp.weixin.qq.com&signature=9aa88c3a4587f51397703a7838cd2fcaa60abb38#wechat_redirect
2017-11-07 18:30:33.843 [http-apr-8080-exec-16] INFO  com.ray.weixin.gz.controller.WeiXinServlet - post--------------
2017-11-07 18:30:33.847 [http-apr-8080-exec-16] INFO  com.ray.weixin.gz.service.message.ReplyMessageService - parms:{"signature":["c404ab2c2d6402625e6ec4dd17f6e5c7fcc0817d"],"timestamp":["1510050633"],"nonce":["1718067664"],"openid":["oDLefxDvQajibXhSWIWHrkiO1n2o"]}
2017-11-07 18:30:33.847 [http-apr-8080-exec-16] INFO  com.ray.weixin.gz.service.message.ReplyMessageService - postData:<xml><ToUserName><![CDATA[gh_8c1dd328db4e]]></ToUserName><FromUserName><![CDATA[oDLefxDvQajibXhSWIWHrkiO1n2o]]></FromUserName><CreateTime>1510050633</CreateTime><MsgType><![CDATA[event]]></MsgType><Event><![CDATA[VIEW]]></Event><EventKey><![CDATA[http://rayner.nat300.top/weixin_gz/showInvoice.jsp]]></EventKey><MenuId>591675728</MenuId></xml>
2017-11-07 18:30:33.848 [http-apr-8080-exec-16] INFO  com.ray.weixin.gz.service.message.ReplyMessageService - 明文模式
2017-11-07 18:30:33.848 [http-apr-8080-exec-16] INFO  com.ray.weixin.gz.service.message.ReplyMessageService - <xml><ToUserName><![CDATA[gh_8c1dd328db4e]]></ToUserName><FromUserName><![CDATA[oDLefxDvQajibXhSWIWHrkiO1n2o]]></FromUserName><CreateTime>1510050633</CreateTime><MsgType><![CDATA[event]]></MsgType><Event><![CDATA[VIEW]]></Event><EventKey><![CDATA[http://rayner.nat300.top/weixin_gz/showInvoice.jsp]]></EventKey><MenuId>591675728</MenuId></xml>
2017-11-07 18:30:33.852 [http-apr-8080-exec-16] INFO  com.ray.weixin.gz.service.message.ReplyMessageService - fromUserName:oDLefxDvQajibXhSWIWHrkiO1n2o
2017-11-07 18:30:33.853 [http-apr-8080-exec-16] INFO  com.ray.weixin.gz.service.message.ReplyMessageService - toUserName:gh_8c1dd328db4e
2017-11-07 18:30:33.853 [http-apr-8080-exec-16] INFO  com.ray.weixin.gz.service.message.ReplyMessageService - msgType:event
2017-11-07 18:30:33.854 [http-apr-8080-exec-16] INFO  com.ray.weixin.gz.service.message.ReplyMessageService - Event:VIEW  eventKey:http://rayner.nat300.top/weixin_gz/showInvoice.jsp
2017-11-07 18:30:34.199 [http-apr-8080-exec-25] INFO  com.ray.weixin.gz.util.AuthHelper - jsonObject:{"access_token":"VT_YW0vfzs8FBMd_JcsDBZgE0UY6Unsr2ykR60XzZSQeEpIcEb7vDXIj_IcPWPGPhW9c4Ig2aQ2mFXwyZ4BG58wixF7AqkoRySxKYKSZjxX77U4XmCweRXC6fXmkl7SYPCAiAFAYLJ","expires_in":7200}
2017-11-07 18:30:34.308 [http-apr-8080-exec-25] INFO  com.ray.weixin.gz.util.AuthHelper - jsonObject:{"errcode":0,"ticket":"kgt8ON7yVITDhtdwci0qed-m2nUygHpV3DXUL-ToMkhPApxtfh2gKdIeor3imcxVFP-2XAPiOcq_JwoPklYpgg","errmsg":"ok","expires_in":7200}
2017-11-07 18:30:34.309 [http-apr-8080-exec-25] INFO  com.ray.weixin.gz.util.AuthHelper - accessToken:VT_YW0vfzs8FBMd_JcsDBZgE0UY6Unsr2ykR60XzZSQeEpIcEb7vDXIj_IcPWPGPhW9c4Ig2aQ2mFXwyZ4BG58wixF7AqkoRySxKYKSZjxX77U4XmCweRXC6fXmkl7SYPCAiAFAYLJ
2017-11-07 18:30:34.309 [http-apr-8080-exec-25] INFO  com.ray.weixin.gz.util.AuthHelper - ticket:kgt8ON7yVITDhtdwci0qed-m2nUygHpV3DXUL-ToMkhPApxtfh2gKdIeor3imcxVFP-2XAPiOcq_JwoPklYpgg
2017-11-07 18:30:34.309 [http-apr-8080-exec-25] INFO  com.ray.weixin.gz.util.AuthHelper - nonceStr:2a0c767a-312a-4341-a000-33dec67d6de1
2017-11-07 18:30:34.309 [http-apr-8080-exec-25] INFO  com.ray.weixin.gz.util.AuthHelper - timeStamp:1510050634
2017-11-07 18:30:34.309 [http-apr-8080-exec-25] INFO  com.ray.weixin.gz.util.AuthHelper - signedUrl:http://rayner.nat300.top/weixin_gz/showInvoice.jsp
2017-11-07 18:30:34.309 [http-apr-8080-exec-25] INFO  com.ray.weixin.gz.util.AuthHelper - signature:a5c9c03fe8584d232be8d79fd46acea61fea9baf
2017-11-07 18:30:34.309 [http-apr-8080-exec-25] INFO  com.ray.weixin.gz.util.AuthHelper - appId:wxa0064ea657f80062
2017-11-07 18:30:34.309 [http-apr-8080-exec-25] INFO  com.ray.weixin.gz.util.AuthHelper - configValue:{signature:'a5c9c03fe8584d232be8d79fd46acea61fea9baf',nonceStr:'2a0c767a-312a-4341-a000-33dec67d6de1',timeStamp:'1510050634',appId:'wxa0064ea657f80062'}
2017-11-07 18:30:34.434 [http-apr-8080-exec-25] INFO  com.ray.weixin.gz.util.AuthHelper - jsonObject:{"access_token":"VT_YW0vfzs8FBMd_JcsDBZgE0UY6Unsr2ykR60XzZSTr30eL3qexFsdg6Kyq4R9tqxLN1KhOUluH_vPozZapPw-hnciz6JfCeEaKMmCSpS9BR4V1l9SmDeut0ghqAarkTSNiAFANMH","expires_in":7200}
2017-11-07 18:30:34.496 [http-apr-8080-exec-25] INFO  com.ray.weixin.gz.service.invoice.InvoiceService - jsonObject:{"errcode":0,"ticket":"IpK_1T69hDhZkLQTlwsAX5ZwNp_4txyINLb67lXqTZLu1wnHfVUUtHcdEyG5_WoqaHyMZAIs8Y28ypHDa0iuvg","errmsg":"ok","expires_in":7200}
2017-11-07 18:30:34.497 [http-apr-8080-exec-25] INFO  com.ray.weixin.gz.util.AuthHelper - apiTicket:IpK_1T69hDhZkLQTlwsAX5ZwNp_4txyINLb67lXqTZLu1wnHfVUUtHcdEyG5_WoqaHyMZAIs8Y28ypHDa0iuvg
2017-11-07 18:30:34.497 [http-apr-8080-exec-25] INFO  com.ray.weixin.gz.util.AuthHelper - appId:wxa0064ea657f80062
2017-11-07 18:30:34.497 [http-apr-8080-exec-25] INFO  com.ray.weixin.gz.util.AuthHelper - timeStamp:1510050634
2017-11-07 18:30:34.497 [http-apr-8080-exec-25] INFO  com.ray.weixin.gz.util.AuthHelper - nonceStr:8d16edee-185e-426e-87ca-3a1c5a87176b
2017-11-07 18:30:34.497 [http-apr-8080-exec-25] INFO  com.ray.weixin.gz.util.AuthHelper - cardType:INVOICE
2017-11-07 18:30:34.497 [http-apr-8080-exec-25] INFO  com.ray.weixin.gz.util.AuthHelper - cardSign:13147ff6c461a0a156116aa49fa96528a79848fc
2017-11-07 18:30:34.497 [http-apr-8080-exec-25] INFO  com.ray.weixin.gz.util.AuthHelper - signType:SHA1
2017-11-07 18:30:34.498 [http-apr-8080-exec-25] INFO  com.ray.weixin.gz.util.AuthHelper - configValue:{"signType":"SHA1","cardSign":"13147ff6c461a0a156116aa49fa96528a79848fc","nonceStr":"8d16edee-185e-426e-87ca-3a1c5a87176b","timestamp":1510050634}
