2017-11-09 11:21:01.819 [http-apr-8080-exec-1] INFO  com.ray.weixin.qy.controller.WeiXinServlet - post--------------
2017-11-09 11:21:01.822 [http-apr-8080-exec-1] INFO  com.ray.weixin.qy.service.message.reply.ReplyMessageService - parms:{"msg_signature":["e185761a86f11a4a6c5d89685b8887c74731e112"],"timestamp":["1510197661"],"nonce":["875035279"]}
2017-11-09 11:21:01.822 [http-apr-8080-exec-1] INFO  com.ray.weixin.qy.service.message.reply.ReplyMessageService - postData:<xml><ToUserName><![CDATA[ww92f5da92bb24696e]]></ToUserName><Encrypt><![CDATA[zVyrr5tG+YGKGBWM0wJxC36DqNN7xHdO6hIfPCBvS0t4Od816flPJDX1nZ2LoggxZpDlQ/yNVlus/qvamT5nlJBIu0htmoinJDq2wCcO1J8EnvOwVvw1utLKasbdjUBgyRwscHCAM9qR/rNUAxgp/b8kiDVmDpiMfPBFgT1GZSU6Xv6dkIQ9/8ruCHNbKgRqOYlnAJg0xuWgtie2jUjOVKv4ZM6PA9CAHALJ6a2IIuXq3Pq3SaKvPuAaF5mcjJeBWQOuI5AOgNAomTpVSACSwvOuNUh0BocCsvJrOoRB3rmKfYT5aSVI1CUYV84BYzET8SrXxzItmbsgQ7zAZw6/kC7Ggy8f9hLJ4qGc807gCKsrkS9x5ezAxekCcmnY9LE1z0oU//Ri9BpF4yA2s9PRBbH3w8Qdh90RPgVe1ClhlhvUoJ2TxBfGeaYTXCEAAzLDX4TzP0Z+azMeuAbu5eLcm4qtUHwYWq7JGLqBPfU66/aRF/xsDNrzjF6QmaYNHhg4]]></Encrypt><AgentID><![CDATA[1000002]]></AgentID></xml>
2017-11-09 11:21:01.824 [http-apr-8080-exec-1] INFO  com.ray.weixin.qy.service.message.reply.ReplyMessageService - reply_xmlMsg:<xml><ToUserName><![CDATA[ww92f5da92bb24696e]]></ToUserName><FromUserName><![CDATA[ShiRui]]></FromUserName><CreateTime>1510197661</CreateTime><MsgType><![CDATA[event]]></MsgType><AgentID>1000002</AgentID><Event><![CDATA[LOCATION]]></Event><Latitude>31.1676</Latitude><Longitude>121.156</Longitude><Precision>15</Precision></xml>
2017-11-09 11:21:01.824 [http-apr-8080-exec-1] INFO  com.ray.weixin.qy.service.message.reply.ReplyMessageService - fromUserName:ShiRui
2017-11-09 11:21:01.824 [http-apr-8080-exec-1] INFO  com.ray.weixin.qy.service.message.reply.ReplyMessageService - toUserName:ww92f5da92bb24696e
2017-11-09 11:21:01.824 [http-apr-8080-exec-1] INFO  com.ray.weixin.qy.service.message.reply.ReplyMessageService - msgType:event
2017-11-09 11:21:01.824 [http-apr-8080-exec-1] INFO  com.ray.weixin.qy.service.message.reply.ReplyMessageService - Event:LOCATION  eventKey:null
2017-11-09 11:21:06.787 [http-apr-8080-exec-3] INFO  com.ray.weixin.qy.controller.WeiXinServlet - post--------------
2017-11-09 11:21:06.788 [http-apr-8080-exec-3] INFO  com.ray.weixin.qy.service.message.reply.ReplyMessageService - parms:{"msg_signature":["0cdd3375ed8580033ee581f8c94745777fcc9b55"],"timestamp":["1510197666"],"nonce":["2037670400"]}
2017-11-09 11:21:06.788 [http-apr-8080-exec-3] INFO  com.ray.weixin.qy.service.message.reply.ReplyMessageService - postData:<xml><ToUserName><![CDATA[ww92f5da92bb24696e]]></ToUserName><Encrypt><![CDATA[NHvpJVe5Q/E2ajs6dvYhadcHTFar5HDVyaSNINAzu4vV6fZoLG8ZLDLUHMJRlmQx3oWL5yAdi6v3T2KelN9QEDrGgNmOGmI5jWtHhZ8sQgkRVqdcsCKAlz+ad70ocEWxy3hb2oFG3qemEEL/iFaOFkjr4bWPPRIsqJUSbibjf2kXPyNRX7ei7xDxcRx8oHv7enfPqcyXMfz+YJiC00mRF/6WtT68EOzODazFfS7dgDzw2Z4FCihv9qSUkLP9V4YfpJ0WSBlYSC91Z7QGqoxnVch43yYUi65MCLD+R6hePhRtatt1Ut3QcA64ovC5TDjUVVSJ61k0g7gfaycdERdDa6ch/GyjJweLyIzLLPYZNAqgYhMC7douAXYcRYADNLErV8l0wtYbV7NohDGw9prleCfEa4PAfAeYC2tu+yzNinfJ03tr8hJqEktZ6S+1s687S0a+EWN9m21WJHKBYLtKqW/DqsUAt3eMqUd+EVZyb79XCwAaILx8HMRsD5jFQLHz]]></Encrypt><AgentID><![CDATA[1000002]]></AgentID></xml>
2017-11-09 11:21:06.789 [http-apr-8080-exec-3] INFO  com.ray.weixin.qy.service.message.reply.ReplyMessageService - reply_xmlMsg:<xml><ToUserName><![CDATA[ww92f5da92bb24696e]]></ToUserName><FromUserName><![CDATA[ShiRui]]></FromUserName><CreateTime>1510197666</CreateTime><MsgType><![CDATA[event]]></MsgType><AgentID>1000002</AgentID><Event><![CDATA[LOCATION]]></Event><Latitude>31.1676</Latitude><Longitude>121.156</Longitude><Precision>15</Precision></xml>
2017-11-09 11:21:06.790 [http-apr-8080-exec-3] INFO  com.ray.weixin.qy.service.message.reply.ReplyMessageService - fromUserName:ShiRui
2017-11-09 11:21:06.790 [http-apr-8080-exec-3] INFO  com.ray.weixin.qy.service.message.reply.ReplyMessageService - toUserName:ww92f5da92bb24696e
2017-11-09 11:21:06.790 [http-apr-8080-exec-3] INFO  com.ray.weixin.qy.service.message.reply.ReplyMessageService - msgType:event
2017-11-09 11:21:06.790 [http-apr-8080-exec-3] INFO  com.ray.weixin.qy.service.message.reply.ReplyMessageService - Event:LOCATION  eventKey:null
2017-11-09 11:21:11.902 [http-apr-8080-exec-9] INFO  com.ray.weixin.qy.controller.WeiXinServlet - post--------------
2017-11-09 11:21:11.903 [http-apr-8080-exec-9] INFO  com.ray.weixin.qy.service.message.reply.ReplyMessageService - parms:{"msg_signature":["1e183a3d733bb13cdf2d88c4a647b7be3d96697e"],"timestamp":["1510197671"],"nonce":["352577787"]}
2017-11-09 11:21:11.903 [http-apr-8080-exec-9] INFO  com.ray.weixin.qy.service.message.reply.ReplyMessageService - postData:<xml><ToUserName><![CDATA[ww92f5da92bb24696e]]></ToUserName><Encrypt><![CDATA[47WYKYvNJUEyn0+owz7xV3cJOr2n5LZD+fpWesRjUorvaw+gCGO6DdviJe9Q6VbepS/wHGlliSmB2hqamb2kY220u8Z5QRLlmZg/Fhf5uSYxEoiUmykQ7apV5IfoN+TtlPf7q6pqjFB44/D2h6lmb9o31NcEu7FXgTkkSy6ze4IzRWoQ3kcbqt4/Sw4753pLvsl33Z1/5PTZBS8GM5t6oGl/mtnvITxaTRV6wYZ+k+hUF6Up85+BfatFxR9z/wctzoE2x5SmjZKUW49gJy1NuIIV1HZaZQ/8dBZ7idZDgHNx/l4Stag4dyP5yzlkl0bAqmcnW8nH63Mz+yWH9FLxCG2eANXlrHtjc5TE42Z1/Z7iF6yclRZIPwiHgA0FIieFOi6gQ+tdFxn/gSfFucYaKkiXXUbJ5+AWSHtETUFfL+bE/qvIGnDAwj3tKkctDcLxu495Rm1kjB4+4Md/WfoV6dV1lXcEctCpkwx/nXMFAxih7azBLMbCNV2ehHbaeq/F]]></Encrypt><AgentID><![CDATA[1000002]]></AgentID></xml>
2017-11-09 11:21:11.904 [http-apr-8080-exec-9] INFO  com.ray.weixin.qy.service.message.reply.ReplyMessageService - reply_xmlMsg:<xml><ToUserName><![CDATA[ww92f5da92bb24696e]]></ToUserName><FromUserName><![CDATA[ShiRui]]></FromUserName><CreateTime>1510197671</CreateTime><MsgType><![CDATA[event]]></MsgType><AgentID>1000002</AgentID><Event><![CDATA[LOCATION]]></Event><Latitude>31.1676</Latitude><Longitude>121.156</Longitude><Precision>15</Precision></xml>
2017-11-09 11:21:11.906 [http-apr-8080-exec-9] INFO  com.ray.weixin.qy.service.message.reply.ReplyMessageService - fromUserName:ShiRui
2017-11-09 11:21:11.906 [http-apr-8080-exec-9] INFO  com.ray.weixin.qy.service.message.reply.ReplyMessageService - toUserName:ww92f5da92bb24696e
2017-11-09 11:21:11.906 [http-apr-8080-exec-9] INFO  com.ray.weixin.qy.service.message.reply.ReplyMessageService - msgType:event
2017-11-09 11:21:11.906 [http-apr-8080-exec-9] INFO  com.ray.weixin.qy.service.message.reply.ReplyMessageService - Event:LOCATION  eventKey:null
2017-11-09 11:21:16.889 [http-apr-8080-exec-6] INFO  com.ray.weixin.qy.controller.WeiXinServlet - post--------------
2017-11-09 11:21:16.890 [http-apr-8080-exec-6] INFO  com.ray.weixin.qy.service.message.reply.ReplyMessageService - parms:{"msg_signature":["1995b5dd0cbf39660d2d33f484a9bbc9b92890af"],"timestamp":["1510197676"],"nonce":["161382794"]}
2017-11-09 11:21:16.890 [http-apr-8080-exec-6] INFO  com.ray.weixin.qy.service.message.reply.ReplyMessageService - postData:<xml><ToUserName><![CDATA[ww92f5da92bb24696e]]></ToUserName><Encrypt><![CDATA[RBlgTV4PhZZOoTGfPO5B8qsr8hy5AkVQJEY6hMRb2Yht/z1eAMXZEK4sd7jbinaWmaiJC1CeuFGzbZ8aBL9DENuK4aDCcCR6qa/37GTPhshIRy8ci5f0sxy47qJEICgjA5qxXFrkdPB2k1RQwbU1QMu98TXvLz3NwQ5v7dM7sHoK6+2PWP1jD4qmVBHEZ9Ft6MeH9bqDaK2QGEZxpS97hFTctIGhSrwXZ8SkmoaQ/N2oWxqjGg3kH2WfsIcGYQDd8DcwGy/wprq9Y/nbLk0TTpfWoFgaHUiEzUVBFv6ypKAVhSW867/GABf/g1M7rGJO43cBuhUgzyTgsuuUP8GI1os4WODY0jJyzdGTen1AKFbovsMZkncWKRS1VHnDahQKHA2uf3f2x3ANpxEzeg1EGpAT3rVFtHC2YqJroJz0zlfAi3iKp/3mA7zZr/nFZlOJ1FGiAKkltfU0AQj654TPAFathZiCHte2KIPiRRLwXg+FpQWlgdgOYgjeNGtbVhIA]]></Encrypt><AgentID><![CDATA[1000002]]></AgentID></xml>
2017-11-09 11:21:16.892 [http-apr-8080-exec-6] INFO  com.ray.weixin.qy.service.message.reply.ReplyMessageService - reply_xmlMsg:<xml><ToUserName><![CDATA[ww92f5da92bb24696e]]></ToUserName><FromUserName><![CDATA[ShiRui]]></FromUserName><CreateTime>1510197676</CreateTime><MsgType><![CDATA[event]]></MsgType><AgentID>1000002</AgentID><Event><![CDATA[LOCATION]]></Event><Latitude>31.1676</Latitude><Longitude>121.156</Longitude><Precision>15</Precision></xml>
2017-11-09 11:21:16.893 [http-apr-8080-exec-6] INFO  com.ray.weixin.qy.service.message.reply.ReplyMessageService - fromUserName:ShiRui
2017-11-09 11:21:16.901 [http-apr-8080-exec-6] INFO  com.ray.weixin.qy.service.message.reply.ReplyMessageService - toUserName:ww92f5da92bb24696e
2017-11-09 11:21:16.901 [http-apr-8080-exec-6] INFO  com.ray.weixin.qy.service.message.reply.ReplyMessageService - msgType:event
2017-11-09 11:21:16.901 [http-apr-8080-exec-6] INFO  com.ray.weixin.qy.service.message.reply.ReplyMessageService - Event:LOCATION  eventKey:null
2017-11-09 11:21:21.922 [http-apr-8080-exec-10] INFO  com.ray.weixin.qy.controller.WeiXinServlet - post--------------
2017-11-09 11:21:21.922 [http-apr-8080-exec-10] INFO  com.ray.weixin.qy.service.message.reply.ReplyMessageService - parms:{"msg_signature":["61d00523fa80c525446da8a71eca7f2e86e89a88"],"timestamp":["1510197681"],"nonce":["1695646366"]}
2017-11-09 11:21:21.922 [http-apr-8080-exec-10] INFO  com.ray.weixin.qy.service.message.reply.ReplyMessageService - postData:<xml><ToUserName><![CDATA[ww92f5da92bb24696e]]></ToUserName><Encrypt><![CDATA[X1xNAHA8tITDnBfHkWJyJLHQQ1QBL9wYVSMzyFdpOVhgkSBOCXP6xHyukrptkFSG0CjkgmTI5PRV/0LzCKqoRNUQNNKJTUFzQO21db01GuGQSNixwnzOiMtPkPOLOoVCsztiMVSr/jfr1R5U4gZPRhyKluVo+ZmFWf6CKpUMlE5aVyISKvhukHT/eOqacVPfvRhBsugMjt8UpYq6nG8QbfdNMIkQNa6laFles3V2DXy8AIn87uCofL6mFTndzJD5mDBPQfPREekDOEnBbuy9hGNuJmUtoCwyT2U/Ok5Ovig6xpVAkxT96aF1GZN3BPmBABGjistvU8SMO3Da5/7jjrQfST7zbd1v0g82KfuYT3QlLsc6y+FbLTJDhh4mWyMO8RhQl2IcFJF0Hfk4/UfjHTMDRKZrTG42thEbWOORqqMOdFF6ZhwAxrI1xc1kk0ujV6KXCUMQuXS0YCuFaxpYj0SDrAXvqoB+uLTeC8u2rkUsuulXFpoe0xRoFDoN1fHb]]></Encrypt><AgentID><![CDATA[1000002]]></AgentID></xml>
2017-11-09 11:21:21.923 [http-apr-8080-exec-10] INFO  com.ray.weixin.qy.service.message.reply.ReplyMessageService - reply_xmlMsg:<xml><ToUserName><![CDATA[ww92f5da92bb24696e]]></ToUserName><FromUserName><![CDATA[ShiRui]]></FromUserName><CreateTime>1510197681</CreateTime><MsgType><![CDATA[event]]></MsgType><AgentID>1000002</AgentID><Event><![CDATA[LOCATION]]></Event><Latitude>31.1676</Latitude><Longitude>121.156</Longitude><Precision>15</Precision></xml>
2017-11-09 11:21:21.924 [http-apr-8080-exec-10] INFO  com.ray.weixin.qy.service.message.reply.ReplyMessageService - fromUserName:ShiRui
2017-11-09 11:21:21.924 [http-apr-8080-exec-10] INFO  com.ray.weixin.qy.service.message.reply.ReplyMessageService - toUserName:ww92f5da92bb24696e
2017-11-09 11:21:21.924 [http-apr-8080-exec-10] INFO  com.ray.weixin.qy.service.message.reply.ReplyMessageService - msgType:event
2017-11-09 11:21:21.924 [http-apr-8080-exec-10] INFO  com.ray.weixin.qy.service.message.reply.ReplyMessageService - Event:LOCATION  eventKey:null
2017-11-09 11:21:26.901 [http-apr-8080-exec-1] INFO  com.ray.weixin.qy.controller.WeiXinServlet - post--------------
2017-11-09 11:21:26.901 [http-apr-8080-exec-1] INFO  com.ray.weixin.qy.service.message.reply.ReplyMessageService - parms:{"msg_signature":["b2809568a990ce792ae819d1805a2a940065a536"],"timestamp":["1510197686"],"nonce":["160557333"]}
2017-11-09 11:21:26.901 [http-apr-8080-exec-1] INFO  com.ray.weixin.qy.service.message.reply.ReplyMessageService - postData:<xml><ToUserName><![CDATA[ww92f5da92bb24696e]]></ToUserName><Encrypt><![CDATA[qb22MXo5e6TUxDhvdM5kflxFQ0OHqwyyoTZY211zp8cdxeRoUK/VE0ADJhbErhpdbsFfWUoDnTXNOsmQuLsdYtUqyPREokJsYOSTdT4Jj0D+WhKejVEXsi6cpvzxa/WbyeCvJ0SFU75lfrZCUrQxBwBtd2fInlRx8aIegj8oqF3Rfxyfj2kznKr8vD/OhR3aNGYAmoX0CJulGA81ySoz7vRL+M8w368IX+0nb7pxr9Iw0Y5VGzdL5kqH1DSnUz+cNwakPw7TIe5JzPKVZKvQjaAEbxR3gpO1ePYLWXc9zXZWWKHaUY8IGPgDk9nitrb7aC+iOJ2FaFeIgqkhBaq2l4WOEO4UVSfR8gdWlumWHO0FjVdFE8lazRVQghffhh/VNyh9rSYs0zzJHVQ3L3tbfWzc0hU1iJpJqNj/3DCRVoVMTAuytVaa836QS5kuEuVDD/rUiB3uO5uvksjXk4ghErl3uaNr8fhjVV2I/kHKiExmvnWzHB9P93Dfxe6D/LmN]]></Encrypt><AgentID><![CDATA[1000002]]></AgentID></xml>
2017-11-09 11:21:26.902 [http-apr-8080-exec-1] INFO  com.ray.weixin.qy.service.message.reply.ReplyMessageService - reply_xmlMsg:<xml><ToUserName><![CDATA[ww92f5da92bb24696e]]></ToUserName><FromUserName><![CDATA[ShiRui]]></FromUserName><CreateTime>1510197686</CreateTime><MsgType><![CDATA[event]]></MsgType><AgentID>1000002</AgentID><Event><![CDATA[LOCATION]]></Event><Latitude>31.1676</Latitude><Longitude>121.156</Longitude><Precision>15</Precision></xml>
2017-11-09 11:21:26.903 [http-apr-8080-exec-1] INFO  com.ray.weixin.qy.service.message.reply.ReplyMessageService - fromUserName:ShiRui
2017-11-09 11:21:26.903 [http-apr-8080-exec-1] INFO  com.ray.weixin.qy.service.message.reply.ReplyMessageService - toUserName:ww92f5da92bb24696e
2017-11-09 11:21:26.903 [http-apr-8080-exec-1] INFO  com.ray.weixin.qy.service.message.reply.ReplyMessageService - msgType:event
2017-11-09 11:21:26.903 [http-apr-8080-exec-1] INFO  com.ray.weixin.qy.service.message.reply.ReplyMessageService - Event:LOCATION  eventKey:null
2017-11-09 11:21:31.898 [http-apr-8080-exec-3] INFO  com.ray.weixin.qy.controller.WeiXinServlet - post--------------
2017-11-09 11:21:31.899 [http-apr-8080-exec-3] INFO  com.ray.weixin.qy.service.message.reply.ReplyMessageService - parms:{"msg_signature":["64585d3528a347bea89c582d5251833970c433ba"],"timestamp":["1510197691"],"nonce":["152931961"]}
2017-11-09 11:21:31.899 [http-apr-8080-exec-3] INFO  com.ray.weixin.qy.service.message.reply.ReplyMessageService - postData:<xml><ToUserName><![CDATA[ww92f5da92bb24696e]]></ToUserName><Encrypt><![CDATA[eIMYTObpS2CTIee/XA3O09A8R6Cep0JjUASirMuHUvTNjKcGuY2Hh8Q94pne7tH3/hIKV0DpDYkDUDPYNXy/rSSdjizLAFiMawbZhxi6Fb/u/MeS0ODfdhOw+6t1B4Iik3guMVGyz+mxgdCpsAoCcGrytguf0/MvHxsmWeGkhyMRLk3C00y55AtEbgGYM2Fhz2Y6/06hDMR++ZIvuivmpsn/Bp937Hxd6c07ZwDNZNSppuZHwwxtTNEA2zK9sYGb6xQq7di2JSqy6pOqe1G4GKVXhkfFDzuXLkJP1Lm0eEvpGe4OkQMJOSl5m/oyZmp/2UyvaPQDaz6SHUcEymUyn7BKAWv3GsvKmO+X6IPJXC9BY7c0oLe0UNhsmOBQTFCORvIYq9eir0g3qW/o3IvCV2j5mzmhKm6f2+V1vfjZAOdaCaegL2Vg+KnQqajoVA2g65nyvUXIORo+bng0ncJxQFJH4Lc/tjX5Dv2FoplExhSIQekbPXHNS8bpsHAilgAt]]></Encrypt><AgentID><![CDATA[1000002]]></AgentID></xml>
2017-11-09 11:21:31.900 [http-apr-8080-exec-3] INFO  com.ray.weixin.qy.service.message.reply.ReplyMessageService - reply_xmlMsg:<xml><ToUserName><![CDATA[ww92f5da92bb24696e]]></ToUserName><FromUserName><![CDATA[ShiRui]]></FromUserName><CreateTime>1510197691</CreateTime><MsgType><![CDATA[event]]></MsgType><AgentID>1000002</AgentID><Event><![CDATA[LOCATION]]></Event><Latitude>31.1676</Latitude><Longitude>121.156</Longitude><Precision>15</Precision></xml>
2017-11-09 11:21:31.901 [http-apr-8080-exec-3] INFO  com.ray.weixin.qy.service.message.reply.ReplyMessageService - fromUserName:ShiRui
2017-11-09 11:21:31.901 [http-apr-8080-exec-3] INFO  com.ray.weixin.qy.service.message.reply.ReplyMessageService - toUserName:ww92f5da92bb24696e
2017-11-09 11:21:31.901 [http-apr-8080-exec-3] INFO  com.ray.weixin.qy.service.message.reply.ReplyMessageService - msgType:event
2017-11-09 11:21:31.901 [http-apr-8080-exec-3] INFO  com.ray.weixin.qy.service.message.reply.ReplyMessageService - Event:LOCATION  eventKey:null
2017-11-09 11:21:37.038 [http-apr-8080-exec-9] INFO  com.ray.weixin.qy.controller.WeiXinServlet - post--------------
2017-11-09 11:21:37.039 [http-apr-8080-exec-9] INFO  com.ray.weixin.qy.service.message.reply.ReplyMessageService - parms:{"msg_signature":["c17d8b7877046b5f10983623260a3360dccb81bc"],"timestamp":["1510197696"],"nonce":["1697615186"]}
2017-11-09 11:21:37.039 [http-apr-8080-exec-9] INFO  com.ray.weixin.qy.service.message.reply.ReplyMessageService - postData:<xml><ToUserName><![CDATA[ww92f5da92bb24696e]]></ToUserName><Encrypt><![CDATA[02BTjBw0b561LJYoYPLM6m0kX48+aBEwo7ROTqbuRqsLCDAoXp0Pt/kflOBCxi7VLHQuhZV0Z/LrnxyZePsmjYNptL06RcD4HiwMmQA2AHRiZLvwPUzzqMOspzK87pgA5bUygJ4BU0sbZQIZulYX+MW76EqanZLTVArRO+Qr9kaSEexmMG3DI1L8i4kTV/YAXAscP0xgIumSnfYbx+uguA/nym6qo82rAlktWGDdpYzhSV07fRg+pS4bQSQc/I1wKxTyW8BYioitP3qLel6B7bWOp6IzfNT6SXEupWwFU2gFW+04zWK/+Oq7uP3zP+bV7UM17nCK96UOtQ2SCacCI0QACBOcEs/9Hda1adxRZo5Op995pI8/RLm7D15Q4bceKxB1ZuPtC3jCNKGS/evKJCBRm8eFmLJKzkL9QMrJnbdWOZwsMgBzZXNlasDpLxA6Qeog84iJWNyBMtDM9jeIWL4+ghyrLHT2gu5x+0onl1PuPT+c5IrQ2+7H4FqakaaK]]></Encrypt><AgentID><![CDATA[1000002]]></AgentID></xml>
2017-11-09 11:21:37.042 [http-apr-8080-exec-9] INFO  com.ray.weixin.qy.service.message.reply.ReplyMessageService - reply_xmlMsg:<xml><ToUserName><![CDATA[ww92f5da92bb24696e]]></ToUserName><FromUserName><![CDATA[ShiRui]]></FromUserName><CreateTime>1510197696</CreateTime><MsgType><![CDATA[event]]></MsgType><AgentID>1000002</AgentID><Event><![CDATA[LOCATION]]></Event><Latitude>31.1676</Latitude><Longitude>121.156</Longitude><Precision>15</Precision></xml>
2017-11-09 11:21:37.044 [http-apr-8080-exec-9] INFO  com.ray.weixin.qy.service.message.reply.ReplyMessageService - fromUserName:ShiRui
2017-11-09 11:21:37.044 [http-apr-8080-exec-9] INFO  com.ray.weixin.qy.service.message.reply.ReplyMessageService - toUserName:ww92f5da92bb24696e
2017-11-09 11:21:37.044 [http-apr-8080-exec-9] INFO  com.ray.weixin.qy.service.message.reply.ReplyMessageService - msgType:event
2017-11-09 11:21:37.044 [http-apr-8080-exec-9] INFO  com.ray.weixin.qy.service.message.reply.ReplyMessageService - Event:LOCATION  eventKey:null
2017-11-09 11:21:41.973 [http-apr-8080-exec-6] INFO  com.ray.weixin.qy.controller.WeiXinServlet - post--------------
2017-11-09 11:21:41.974 [http-apr-8080-exec-6] INFO  com.ray.weixin.qy.service.message.reply.ReplyMessageService - parms:{"msg_signature":["b118596f90420bb22be50846b470ea2b5180df8a"],"timestamp":["1510197701"],"nonce":["1496028632"]}
2017-11-09 11:21:41.974 [http-apr-8080-exec-6] INFO  com.ray.weixin.qy.service.message.reply.ReplyMessageService - postData:<xml><ToUserName><![CDATA[ww92f5da92bb24696e]]></ToUserName><Encrypt><![CDATA[hKzRqtjlSlLTa9JuDu4JOzEmy9/DFP4vdUou/abXP+9pkBqhb5n5SDtIGxZrj9FiT4g9DY+r+CrkhgLyfAIDUmFKFFGNmQLRuLXtFp+/bEt9btakMoD/Y6vGiST+W7v354Inn1f868KaMZA9E0C6xApCdSOxOCtAUrB+93vttDhkBXzbcfHm1i9kwMEKg3PPjbb/yPD3NSpHeYyqOCOTOryKSYVnkoMDtNJkuLXyvFiy/pAfKyEbUNTnyg25+WV81CHOO2NEbxR73Ud85WOUy7+9qJlKZoSEa9KO4IKWTAgN7xFHcDWNDr8A+xjaEjyfdm1qAmwO/ecWFOTlpD9E7vrVZXLlKvTUJbUvhQWgCJKsDRb9so8E4JrXL7cF47/Zc7vyJhpcuq9ouY6dhI3hNn4Rh88vJ1KYr/sydH5rB1bVDpeZnJSt9cVBvT7zO6P3y/f5Fih5f4exvybxmQ7JYcOcjsSYQzhxGX0FAWpsKLgshoR2sj5DWWOG/tOpqTFo]]></Encrypt><AgentID><![CDATA[1000002]]></AgentID></xml>
2017-11-09 11:21:41.976 [http-apr-8080-exec-6] INFO  com.ray.weixin.qy.service.message.reply.ReplyMessageService - reply_xmlMsg:<xml><ToUserName><![CDATA[ww92f5da92bb24696e]]></ToUserName><FromUserName><![CDATA[ShiRui]]></FromUserName><CreateTime>1510197701</CreateTime><MsgType><![CDATA[event]]></MsgType><AgentID>1000002</AgentID><Event><![CDATA[LOCATION]]></Event><Latitude>31.1676</Latitude><Longitude>121.156</Longitude><Precision>15</Precision></xml>
2017-11-09 11:21:41.978 [http-apr-8080-exec-6] INFO  com.ray.weixin.qy.service.message.reply.ReplyMessageService - fromUserName:ShiRui
2017-11-09 11:21:41.978 [http-apr-8080-exec-6] INFO  com.ray.weixin.qy.service.message.reply.ReplyMessageService - toUserName:ww92f5da92bb24696e
2017-11-09 11:21:41.978 [http-apr-8080-exec-6] INFO  com.ray.weixin.qy.service.message.reply.ReplyMessageService - msgType:event
2017-11-09 11:21:41.979 [http-apr-8080-exec-6] INFO  com.ray.weixin.qy.service.message.reply.ReplyMessageService - Event:LOCATION  eventKey:null
2017-11-09 11:21:47.079 [http-apr-8080-exec-10] INFO  com.ray.weixin.qy.controller.WeiXinServlet - post--------------
2017-11-09 11:21:47.080 [http-apr-8080-exec-10] INFO  com.ray.weixin.qy.service.message.reply.ReplyMessageService - parms:{"msg_signature":["d14991e5f6df89c4942b4e4bce72630544440c36"],"timestamp":["1510197706"],"nonce":["1700349353"]}
2017-11-09 11:21:47.081 [http-apr-8080-exec-10] INFO  com.ray.weixin.qy.service.message.reply.ReplyMessageService - postData:<xml><ToUserName><![CDATA[ww92f5da92bb24696e]]></ToUserName><Encrypt><![CDATA[zRGgGAHlaTcej/mVNgFE3Fc26NjEmyV8MknN5Ud0ZNkOT0lHbXVamFzW4PNgK2u3Et2+wJYtnFFTgl+DHeXLUklwIYUvKsuAyvOzv9F+gh40VAvsfB8YvdU8+qCyIISlUTkdB03dZV6GeyB47OqKxx9mkSgmoLPtSbWmxhPB7aDQh0JAnqryi/FF2bf6RIKrUlpNYQHGiP+ZZ3mbBQTtxTd6ujYuDKc4PWZgnhC1yIpnFSbDL+GwaCn0J+JGeX5Xru/WjLBK2uJhnX0oICPpM9pLv6u/6Tu1zPSDRlZdmfZj4Dm9vZr68zmSY/aF56LedGqmQ7v4Xen+BhtG6JxrJlvDsFhQleTsr4/DXO0Nv6hVLcMLYj5PW6KdHEp6sienxZzPOaJc2DiKdjAv2h4hkVdxnLRU9bXP6DRpUPu4R+Ovg6B0skJfSu3z1c4PyefSazlSZaZCYXN9ex2xPvit44WEAaqhLy2e2wPtnjEJ+AABnqhmZgEUxE3cQlf+ndic]]></Encrypt><AgentID><![CDATA[1000002]]></AgentID></xml>
2017-11-09 11:21:47.089 [http-apr-8080-exec-10] INFO  com.ray.weixin.qy.service.message.reply.ReplyMessageService - reply_xmlMsg:<xml><ToUserName><![CDATA[ww92f5da92bb24696e]]></ToUserName><FromUserName><![CDATA[ShiRui]]></FromUserName><CreateTime>1510197706</CreateTime><MsgType><![CDATA[event]]></MsgType><AgentID>1000002</AgentID><Event><![CDATA[LOCATION]]></Event><Latitude>31.1676</Latitude><Longitude>121.156</Longitude><Precision>15</Precision></xml>
2017-11-09 11:21:47.093 [http-apr-8080-exec-10] INFO  com.ray.weixin.qy.service.message.reply.ReplyMessageService - fromUserName:ShiRui
2017-11-09 11:21:47.093 [http-apr-8080-exec-10] INFO  com.ray.weixin.qy.service.message.reply.ReplyMessageService - toUserName:ww92f5da92bb24696e
2017-11-09 11:21:47.093 [http-apr-8080-exec-10] INFO  com.ray.weixin.qy.service.message.reply.ReplyMessageService - msgType:event
2017-11-09 11:21:47.093 [http-apr-8080-exec-10] INFO  com.ray.weixin.qy.service.message.reply.ReplyMessageService - Event:LOCATION  eventKey:null
2017-11-09 11:21:52.057 [http-apr-8080-exec-1] INFO  com.ray.weixin.qy.controller.WeiXinServlet - post--------------
2017-11-09 11:21:52.058 [http-apr-8080-exec-1] INFO  com.ray.weixin.qy.service.message.reply.ReplyMessageService - parms:{"msg_signature":["75d66c167b9e66b998224bb4198fca53da39037b"],"timestamp":["1510197711"],"nonce":["1028669550"]}
2017-11-09 11:21:52.058 [http-apr-8080-exec-1] INFO  com.ray.weixin.qy.service.message.reply.ReplyMessageService - postData:<xml><ToUserName><![CDATA[ww92f5da92bb24696e]]></ToUserName><Encrypt><![CDATA[0qZHdMtpl4pTAY1QgkrHB94gqtcZ1c1vbMiI0NS5P4b0JwWK69BHj3lL4moTENwXfg8PowEcRgcWLVt0wwp4Y9ySna1B3tQHMbYcWxTM/65n8DKOAmyIEScpjKhVajXNf8v6u+FbOcoxeaiVK/bych2oKPKnQ3Y2w74+IKnIWQ508RMB1HLTQNd09+H2KT9hlbpQl8lnFxWxiZohnGuCc0QWqlndYOvggIEnY/7sItU8TA6Y/R1HtLAyQgUV92ebNmqWZiqk8JBdM03Xd37fkVQX7Ey55x1foBm8nByFVqGPh/OEE72USanFmoa2OqAQp/kJ6jrmWZK7Y+CCs7OH8qcvmUB+nsz5vdlu3Tp1Eca7l1Fq5PekF4gU5ngmdhBs68lrf/a6JpFFEUB4lIVENlfkokpBAhe8OMMnxNU19J39tQp7z2CB1QEB9jm3jw5f4YirxWMqewfvCHKWdtZ0PzIIb59orNTMEtwKQWHnhpr18JcFF7QkO7/OXWtp3hnz]]></Encrypt><AgentID><![CDATA[1000002]]></AgentID></xml>
2017-11-09 11:21:52.059 [http-apr-8080-exec-1] INFO  com.ray.weixin.qy.service.message.reply.ReplyMessageService - reply_xmlMsg:<xml><ToUserName><![CDATA[ww92f5da92bb24696e]]></ToUserName><FromUserName><![CDATA[ShiRui]]></FromUserName><CreateTime>1510197711</CreateTime><MsgType><![CDATA[event]]></MsgType><AgentID>1000002</AgentID><Event><![CDATA[LOCATION]]></Event><Latitude>31.1676</Latitude><Longitude>121.156</Longitude><Precision>15</Precision></xml>
2017-11-09 11:21:52.061 [http-apr-8080-exec-1] INFO  com.ray.weixin.qy.service.message.reply.ReplyMessageService - fromUserName:ShiRui
2017-11-09 11:21:52.061 [http-apr-8080-exec-1] INFO  com.ray.weixin.qy.service.message.reply.ReplyMessageService - toUserName:ww92f5da92bb24696e
2017-11-09 11:21:52.061 [http-apr-8080-exec-1] INFO  com.ray.weixin.qy.service.message.reply.ReplyMessageService - msgType:event
2017-11-09 11:21:52.061 [http-apr-8080-exec-1] INFO  com.ray.weixin.qy.service.message.reply.ReplyMessageService - Event:LOCATION  eventKey:null
2017-11-09 11:21:57.180 [http-apr-8080-exec-3] INFO  com.ray.weixin.qy.controller.WeiXinServlet - post--------------
2017-11-09 11:21:57.183 [http-apr-8080-exec-3] INFO  com.ray.weixin.qy.service.message.reply.ReplyMessageService - parms:{"msg_signature":["4312a82088900b4b38b5eb94db4b4c941e3bed2c"],"timestamp":["1510197716"],"nonce":["1763209501"]}
2017-11-09 11:21:57.183 [http-apr-8080-exec-3] INFO  com.ray.weixin.qy.service.message.reply.ReplyMessageService - postData:<xml><ToUserName><![CDATA[ww92f5da92bb24696e]]></ToUserName><Encrypt><![CDATA[Ubckt4Y+OrCy+jA8FSZA5WEagdOIexe4dAC0VjquGVAittXyPEsW+A6cVppea6IF/9KFV1QXM1b6x41mv+HXcsemTzZnuE/GGNj1Z9ibyDJgiswgw+5k8z6f4BsKMNMc+JI1yhYBxskv7vxUwBTJvHju0hzuIMV/cpukdi8U5lMhr3CvNcyoXhReImjUNxJ8kN3TNG+U4Hmvw3BKqsO4iyZDdpoccRfQWUamlk0yhYWYNPdvLcHCIRPFGX1z/YtqyYRVGbRs/FVkG9wgaA3c4Zb55nFfEYkVYgGZWHE4fuz6M7Xu1V3PYl5HtFCx/l/ZDRPHzxNdK37nG39LV6/YPzqmvWeso7v3mx2ZY4fVgwGcsH0RxgIti/nY27iZtwIhqIRm8/K6bswO4xCwC+vAu72fwSn4PcW0Q7D+bc2b/mnz0PxS1N2Uv8cJqjjK73s8yCOWvz+fcPeK1fqzVDBAyatZAWyVDX2tkdDHHE8OwbtiAaluLlYOZbA8ki6IKcIj]]></Encrypt><AgentID><![CDATA[1000002]]></AgentID></xml>
2017-11-09 11:21:57.187 [http-apr-8080-exec-3] INFO  com.ray.weixin.qy.service.message.reply.ReplyMessageService - reply_xmlMsg:<xml><ToUserName><![CDATA[ww92f5da92bb24696e]]></ToUserName><FromUserName><![CDATA[ShiRui]]></FromUserName><CreateTime>1510197716</CreateTime><MsgType><![CDATA[event]]></MsgType><AgentID>1000002</AgentID><Event><![CDATA[LOCATION]]></Event><Latitude>31.1676</Latitude><Longitude>121.156</Longitude><Precision>15</Precision></xml>
2017-11-09 11:21:57.189 [http-apr-8080-exec-3] INFO  com.ray.weixin.qy.service.message.reply.ReplyMessageService - fromUserName:ShiRui
2017-11-09 11:21:57.190 [http-apr-8080-exec-3] INFO  com.ray.weixin.qy.service.message.reply.ReplyMessageService - toUserName:ww92f5da92bb24696e
2017-11-09 11:21:57.190 [http-apr-8080-exec-3] INFO  com.ray.weixin.qy.service.message.reply.ReplyMessageService - msgType:event
2017-11-09 11:21:57.190 [http-apr-8080-exec-3] INFO  com.ray.weixin.qy.service.message.reply.ReplyMessageService - Event:LOCATION  eventKey:null
