2017-11-09 10:08:43.330 [http-apr-8080-exec-10] INFO  com.ray.weixin.qy.controller.WeiXinServlet - post--------------
2017-11-09 10:08:43.334 [http-apr-8080-exec-10] INFO  com.ray.weixin.qy.service.message.reply.ReplyMessageService - parms:{"msg_signature":["bd66c39bb25b2f45024410bb6de3aa68c4f58de7"],"timestamp":["1510193322"],"nonce":["268258971"]}
2017-11-09 10:08:43.334 [http-apr-8080-exec-10] INFO  com.ray.weixin.qy.service.message.reply.ReplyMessageService - postData:<xml><ToUserName><![CDATA[ww92f5da92bb24696e]]></ToUserName><Encrypt><![CDATA[uIV/ZLdphGwIWKiN57nE+B16xXnFqzOO7JCmo/jn21QZUhNgnAAavVBcQGiXU/sD2bmqQWee8VgygeG9llT/cGteYotVoPcGTbqMvtDQNUQDWXOLfxAuZLIf9Zlcys/7OFlfL3Nw03Ehj56nOq597aLjrV/AkEGjabC4a9lYLmLaLnT+gSppvp0Ftso1OYeX5bHZK1jbO3jyrOpRCSvn7YeSL1QNnFUrAWbu1trf6X7/REsPfCT+KnQ92f4xxVVvbxOxuZii1X4ON9U9Vl4YBMX8c5J0ko2F/9IsJ9nQye27KeZZ3VSZp978HCCD+dQHHwjXPwzfJAkb2rLvvNo8Xv1rLQdEPzkPdsNL84+qz5XJcfW6QWNnIeW1qVuYVp8UZVY+N1XGdLLMf46ylTykDGIMNO82da0IUopGmwwGMSX/H0pTQg8Zex82okYhiYxfZ32EuuyRoqnTu0l11fHHA8Y/1L0pIz1O4rR7BI01cAbaHqHXUNJYanaiekkvf1zT]]></Encrypt><AgentID><![CDATA[1000002]]></AgentID></xml>
2017-11-09 10:08:43.345 [http-apr-8080-exec-10] INFO  com.ray.weixin.qy.service.message.reply.ReplyMessageService - reply_xmlMsg:<xml><ToUserName><![CDATA[ww92f5da92bb24696e]]></ToUserName><FromUserName><![CDATA[ShiRui]]></FromUserName><CreateTime>1510193322</CreateTime><MsgType><![CDATA[event]]></MsgType><AgentID>1000002</AgentID><Event><![CDATA[LOCATION]]></Event><Latitude>31.1676</Latitude><Longitude>121.156</Longitude><Precision>15</Precision></xml>
2017-11-09 10:08:43.346 [http-apr-8080-exec-10] INFO  com.ray.weixin.qy.service.message.reply.ReplyMessageService - fromUserName:ShiRui
2017-11-09 10:08:43.346 [http-apr-8080-exec-10] INFO  com.ray.weixin.qy.service.message.reply.ReplyMessageService - toUserName:ww92f5da92bb24696e
2017-11-09 10:08:43.346 [http-apr-8080-exec-10] INFO  com.ray.weixin.qy.service.message.reply.ReplyMessageService - msgType:event
2017-11-09 10:08:43.346 [http-apr-8080-exec-10] INFO  com.ray.weixin.qy.service.message.reply.ReplyMessageService - Event:LOCATION  eventKey:null
2017-11-09 10:08:44.655 [http-apr-8080-exec-4] INFO  com.ray.weixin.qy.controller.WeiXinServlet - post--------------
2017-11-09 10:08:44.656 [http-apr-8080-exec-4] INFO  com.ray.weixin.qy.service.message.reply.ReplyMessageService - parms:{"msg_signature":["a2c182eb58536af56afcaad2bb28c648d3827934"],"timestamp":["1510193324"],"nonce":["1127187019"]}
2017-11-09 10:08:44.656 [http-apr-8080-exec-4] INFO  com.ray.weixin.qy.service.message.reply.ReplyMessageService - postData:<xml><ToUserName><![CDATA[ww92f5da92bb24696e]]></ToUserName><Encrypt><![CDATA[f9qI+pd9qxqJrL/OBUbWquNW9GGB1Uj/mrTAy/uEdjelHbHwZN76dYM7UIc/CNZR/Chz3NEIQOgoSI6gOniSsjus3kn4QQdflR4MliM5c4yWpVnFiIWrAFujQ8iF3Q7qJkEWiN7mzlc20MKqatwD9NX/uTxWt9N1Ck0OBlRzW0+/AJdQdoBCd/KHTfMMT6RXwGi5f/8aO/tSasXBo6GU0suHxqGVc+6XEea0apt/fDhhFAAwSKFVMprkDYG79sZUBA6EReN8P4z9mkdLPtnYMgRcWtDMcg/CPHiblum6/foe8enR1CXPYNadlSS3fQegwiwC8xBhR2Yt8QeezL49gRVYCnePE25uxFSJ/l/66yFIwuvyQE9I7QlLgsbH/0sxZOm6A5PtxfqmZfitq4RbPgrKQc+ZOxQgmjSjbI9W+Zy7JPdKweyvAxYK1MPxl1YKEvfNXIFb3WU1ItkSKE9bdRhEE5P3w83i7D0ReYM7oDLOZHTJq1hyxw98kCgmxBK6]]></Encrypt><AgentID><![CDATA[1000002]]></AgentID></xml>
2017-11-09 10:08:44.662 [http-apr-8080-exec-4] INFO  com.ray.weixin.qy.service.message.reply.ReplyMessageService - reply_xmlMsg:<xml><ToUserName><![CDATA[ww92f5da92bb24696e]]></ToUserName><FromUserName><![CDATA[ShiRui]]></FromUserName><CreateTime>1510193324</CreateTime><MsgType><![CDATA[event]]></MsgType><AgentID>1000002</AgentID><Event><![CDATA[view]]></Event><EventKey><![CDATA[http://rayner.nat300.top/weixin_qy/showInvoice.jsp]]></EventKey></xml>
2017-11-09 10:08:44.665 [http-apr-8080-exec-4] INFO  com.ray.weixin.qy.service.message.reply.ReplyMessageService - fromUserName:ShiRui
2017-11-09 10:08:44.666 [http-apr-8080-exec-4] INFO  com.ray.weixin.qy.service.message.reply.ReplyMessageService - toUserName:ww92f5da92bb24696e
2017-11-09 10:08:44.666 [http-apr-8080-exec-4] INFO  com.ray.weixin.qy.service.message.reply.ReplyMessageService - msgType:event
2017-11-09 10:08:44.667 [http-apr-8080-exec-4] INFO  com.ray.weixin.qy.service.message.reply.ReplyMessageService - Event:view  eventKey:http://rayner.nat300.top/weixin_qy/showInvoice.jsp
2017-11-09 10:08:45.232 [http-apr-8080-exec-6] INFO  com.ray.weixin.qy.util.AuthHelper - jsonObject:{"errcode":0,"access_token":"RVUMhaz-QcALWPrIef8VlQayDM5w55oYDw5FrLAax9W4TOLAOXTnChxYEP2-74uxxPT2C9i1I9wewB97GuODOPyN3p7to4_wYWQ3cAQMv-owZeVpxS-gopdSUPHtRFsxqx5m0RnpBhh0BI0DFiUS85FISGwMzmvNvPe6ZvlKrM54gETQx1ZRdVGQSMHVYFzqZBb9C7q_gw-eZZ9u8Kqw4A","errmsg":"ok","expires_in":7200}
2017-11-09 10:08:45.657 [http-apr-8080-exec-6] INFO  com.ray.weixin.qy.util.AuthHelper - jsonObject:{"errcode":0,"ticket":"kgt8ON7yVITDhtdwci0qebCLEfC_BfeygIq8cFPLbdav_wS6aHw3IOuPFhwb5b37fHfTFdS6e23Vb_dbDCjTOg","errmsg":"ok","expires_in":7200}
2017-11-09 10:08:45.658 [http-apr-8080-exec-6] INFO  com.ray.weixin.qy.util.AuthHelper - url:http://rayner.nat300.top/weixin_qy/showInvoice.jsp
2017-11-09 10:08:45.658 [http-apr-8080-exec-6] INFO  com.ray.weixin.qy.util.AuthHelper - accessToken:RVUMhaz-QcALWPrIef8VlQayDM5w55oYDw5FrLAax9W4TOLAOXTnChxYEP2-74uxxPT2C9i1I9wewB97GuODOPyN3p7to4_wYWQ3cAQMv-owZeVpxS-gopdSUPHtRFsxqx5m0RnpBhh0BI0DFiUS85FISGwMzmvNvPe6ZvlKrM54gETQx1ZRdVGQSMHVYFzqZBb9C7q_gw-eZZ9u8Kqw4A
2017-11-09 10:08:45.658 [http-apr-8080-exec-6] INFO  com.ray.weixin.qy.util.AuthHelper - jsapi_ticket:kgt8ON7yVITDhtdwci0qebCLEfC_BfeygIq8cFPLbdav_wS6aHw3IOuPFhwb5b37fHfTFdS6e23Vb_dbDCjTOg
2017-11-09 10:08:45.658 [http-apr-8080-exec-6] INFO  com.ray.weixin.qy.util.AuthHelper - appId:ww92f5da92bb24696e
2017-11-09 10:08:45.658 [http-apr-8080-exec-6] INFO  com.ray.weixin.qy.util.AuthHelper - timestamp:1510193324
2017-11-09 10:08:45.658 [http-apr-8080-exec-6] INFO  com.ray.weixin.qy.util.AuthHelper - nonceStr:3781b35f-bfec-40e0-8d04-da4b7c3a4801
2017-11-09 10:08:45.658 [http-apr-8080-exec-6] INFO  com.ray.weixin.qy.util.AuthHelper - signature:55ba0a46776ff1e1e001f26d584998e9ff6391b2
2017-11-09 10:08:45.659 [http-apr-8080-exec-6] INFO  com.ray.weixin.qy.util.AuthHelper - configValue:{"signature":"55ba0a46776ff1e1e001f26d584998e9ff6391b2","appId":"ww92f5da92bb24696e","nonceStr":"3781b35f-bfec-40e0-8d04-da4b7c3a4801","timestamp":"1510193324"}
2017-11-09 10:08:46.624 [http-apr-8080-exec-9] INFO  com.ray.weixin.qy.controller.WeiXinServlet - post--------------
2017-11-09 10:08:46.624 [http-apr-8080-exec-9] INFO  com.ray.weixin.qy.service.message.reply.ReplyMessageService - parms:{"msg_signature":["d98b6fa23a41b1fd6bdce67465f28716b2cbc6a4"],"timestamp":["1510193326"],"nonce":["1595867804"]}
2017-11-09 10:08:46.624 [http-apr-8080-exec-9] INFO  com.ray.weixin.qy.service.message.reply.ReplyMessageService - postData:<xml><ToUserName><![CDATA[ww92f5da92bb24696e]]></ToUserName><Encrypt><![CDATA[+m3cJVnYXRqgVhkc4ccq5n/XFkqrHaQE2n5zLTGQ2eeRwgKG4jyJ2f0Dwz1i3uqPQWtqBud+z2BzCL68E4q9vCZqnLud/+Pv/OSVdSKbWh/SFlRsuP9fW7Hfl1hVYeKeO2Z+uFpxPZZ9QJ2mc1uGLt8KwHQ38Xwc/0iB3OgguObjWl8ixZ8ZYHwiESeUx07joUktDSA3kK82x3WwmFfNRTAAiM4ftXCfB1gCD18Aa3vUd/qBYwyCr/TUYoOh6MuBQDR2/NZ3XnvswGPmRi/NR7o9oKbSKcrJN3eDtIlhTYJ1LE6zNoN4F8CQko0oZKswLTbw7ovY6SdqxukdXxKNzEMZO60VkNCGHkjNq6yh6p++DoC3J3NE+9Ifmy0plkSwzpft/WJ8l8+9p0hIXltnvmxTMoEKlQR2ThBQOJtRsx8nuHYq7ivhjsD5DLE34ykfUXGVNerZEOgqWt466xR0eB/6yyHVsrd3CBzR/hXZ56bLlpMnOd4Sepw6tf7O8wru]]></Encrypt><AgentID><![CDATA[1000002]]></AgentID></xml>
2017-11-09 10:08:46.626 [http-apr-8080-exec-9] INFO  com.ray.weixin.qy.service.message.reply.ReplyMessageService - reply_xmlMsg:<xml><ToUserName><![CDATA[ww92f5da92bb24696e]]></ToUserName><FromUserName><![CDATA[ShiRui]]></FromUserName><CreateTime>1510193326</CreateTime><MsgType><![CDATA[event]]></MsgType><AgentID>1000002</AgentID><Event><![CDATA[LOCATION]]></Event><Latitude>31.1676</Latitude><Longitude>121.156</Longitude><Precision>15</Precision></xml>
2017-11-09 10:08:46.627 [http-apr-8080-exec-9] INFO  com.ray.weixin.qy.service.message.reply.ReplyMessageService - fromUserName:ShiRui
2017-11-09 10:08:46.627 [http-apr-8080-exec-9] INFO  com.ray.weixin.qy.service.message.reply.ReplyMessageService - toUserName:ww92f5da92bb24696e
2017-11-09 10:08:46.627 [http-apr-8080-exec-9] INFO  com.ray.weixin.qy.service.message.reply.ReplyMessageService - msgType:event
2017-11-09 10:08:46.627 [http-apr-8080-exec-9] INFO  com.ray.weixin.qy.service.message.reply.ReplyMessageService - Event:LOCATION  eventKey:null
2017-11-09 10:08:51.647 [http-apr-8080-exec-10] INFO  com.ray.weixin.qy.controller.WeiXinServlet - post--------------
2017-11-09 10:08:51.647 [http-apr-8080-exec-10] INFO  com.ray.weixin.qy.service.message.reply.ReplyMessageService - parms:{"msg_signature":["77c07739a1de1f3e6a98038c13388e29b1ee74a1"],"timestamp":["1510193331"],"nonce":["990061113"]}
2017-11-09 10:08:51.647 [http-apr-8080-exec-10] INFO  com.ray.weixin.qy.service.message.reply.ReplyMessageService - postData:<xml><ToUserName><![CDATA[ww92f5da92bb24696e]]></ToUserName><Encrypt><![CDATA[hVK6Lj4JZNTUkI27m5wGt1sA5v1NGGdeoXWUyN5aNdXkfrJ4RWBn7cCY3M409fIQZBbrkFkSY8PU2CeFfwjax0XG4wTNzia+8niIB26Y6ga08ShWQ0SSQ9OVkv3lTZbs/3wbWb59srn2gXzJwvkVNBBbmGF7bQQCkMdBkMWVXiVeNQu1MhEt6Zkic5NwArIpI0qyzf++ZL3JU3rBjiNia8wto2xbq26bNey4xH2K6HMqMP8XHl2WkWxrKdLPQUOnQqTtfnv+x4jJhFTisZyBXzEEE81TZWfKzcDMuGalVkN7Y0CIVwyDAAJR7XBzldjmZJ37l6bTaDcRdQVTldINIqCT9ttK2u38IykxhxTjKB1ojOYjTXT4g64bz1cj2/OLsV6/gvpYXv4rCbmvLxLsHnPMyqgfr0tDekcjjg6vxT6QTBINaOZh3HaC7fjoEUd/UD/6o4CThlUq8T0D9vScrX0Vzdm7gn2krkddC4cu7ZiiHIu0gTOG82kr7ICfBnPS]]></Encrypt><AgentID><![CDATA[1000002]]></AgentID></xml>
2017-11-09 10:08:51.650 [http-apr-8080-exec-10] INFO  com.ray.weixin.qy.service.message.reply.ReplyMessageService - reply_xmlMsg:<xml><ToUserName><![CDATA[ww92f5da92bb24696e]]></ToUserName><FromUserName><![CDATA[ShiRui]]></FromUserName><CreateTime>1510193331</CreateTime><MsgType><![CDATA[event]]></MsgType><AgentID>1000002</AgentID><Event><![CDATA[LOCATION]]></Event><Latitude>31.1676</Latitude><Longitude>121.156</Longitude><Precision>15</Precision></xml>
2017-11-09 10:08:51.651 [http-apr-8080-exec-10] INFO  com.ray.weixin.qy.service.message.reply.ReplyMessageService - fromUserName:ShiRui
2017-11-09 10:08:51.651 [http-apr-8080-exec-10] INFO  com.ray.weixin.qy.service.message.reply.ReplyMessageService - toUserName:ww92f5da92bb24696e
2017-11-09 10:08:51.651 [http-apr-8080-exec-10] INFO  com.ray.weixin.qy.service.message.reply.ReplyMessageService - msgType:event
2017-11-09 10:08:51.652 [http-apr-8080-exec-10] INFO  com.ray.weixin.qy.service.message.reply.ReplyMessageService - Event:LOCATION  eventKey:null
2017-11-09 10:08:56.661 [http-apr-8080-exec-4] INFO  com.ray.weixin.qy.controller.WeiXinServlet - post--------------
2017-11-09 10:08:56.661 [http-apr-8080-exec-4] INFO  com.ray.weixin.qy.service.message.reply.ReplyMessageService - parms:{"msg_signature":["318c2bfd63147ebc23a163b2ec42a2197de8cace"],"timestamp":["1510193336"],"nonce":["677565069"]}
2017-11-09 10:08:56.661 [http-apr-8080-exec-4] INFO  com.ray.weixin.qy.service.message.reply.ReplyMessageService - postData:<xml><ToUserName><![CDATA[ww92f5da92bb24696e]]></ToUserName><Encrypt><![CDATA[cqjXyT06JKBG3sc/XnS2ZRtbF012TCoyybB/A8D0rDU6DKLuNZR78bwUOYmBSi80XbLWOwzG5XYlKycKUkU4jlmEgWESkNLeKHQawxMl1UAF/iX/2wn4PgGBQIUbhkxqoKKFf9Gpy4yjAtth2RWwlzkoPFKrsImpkQUilifjB+Lsq3ei7hJSRw83TjZ/x8X5IAIl1a2MDuuhiS0uddnUtLcRvvqcWE7u4QRXkhwL2SJ8wjaOvAA3emchPFhbhBFCE6uqYmC/IukoQL/5ujzB3TEFkQHwnM8FAgj25jh4nSumzBlevl2p1I8bfggsw0x8ijfMF59ip7r7hPu7nffp5JGIIt3qtzQJ4Usb7jIkhxlsEj5Sv8h3ecI67D1NuoWxQuWsDdX8WbMGKzQFOg29+MA2Xv1iFxDbCOQu+/5VeR3+G9C3aALpGv4OBkHr/sg9pMi9lFW/rFwnp1rJQFW9tb8z99bonFuWK32fze3X+KDzvKr5NxpwY4owiAfvsSBM]]></Encrypt><AgentID><![CDATA[1000002]]></AgentID></xml>
2017-11-09 10:08:56.662 [http-apr-8080-exec-4] INFO  com.ray.weixin.qy.service.message.reply.ReplyMessageService - reply_xmlMsg:<xml><ToUserName><![CDATA[ww92f5da92bb24696e]]></ToUserName><FromUserName><![CDATA[ShiRui]]></FromUserName><CreateTime>1510193336</CreateTime><MsgType><![CDATA[event]]></MsgType><AgentID>1000002</AgentID><Event><![CDATA[LOCATION]]></Event><Latitude>31.1676</Latitude><Longitude>121.156</Longitude><Precision>15</Precision></xml>
2017-11-09 10:08:56.663 [http-apr-8080-exec-4] INFO  com.ray.weixin.qy.service.message.reply.ReplyMessageService - fromUserName:ShiRui
2017-11-09 10:08:56.663 [http-apr-8080-exec-4] INFO  com.ray.weixin.qy.service.message.reply.ReplyMessageService - toUserName:ww92f5da92bb24696e
2017-11-09 10:08:56.663 [http-apr-8080-exec-4] INFO  com.ray.weixin.qy.service.message.reply.ReplyMessageService - msgType:event
2017-11-09 10:08:56.663 [http-apr-8080-exec-4] INFO  com.ray.weixin.qy.service.message.reply.ReplyMessageService - Event:LOCATION  eventKey:null
