2017-11-08 19:47:02.625 [http-apr-8080-exec-68] INFO  com.ray.weixin.qy.controller.WeiXinServlet - post--------------
2017-11-08 19:47:02.641 [http-apr-8080-exec-68] INFO  com.ray.weixin.qy.service.message.reply.ReplyMessageService - parms:{"msg_signature":["f31a6f70507eae4c9f568ea2cf809286e474a4db"],"timestamp":["1510141622"],"nonce":["953435945"]}
2017-11-08 19:47:02.642 [http-apr-8080-exec-68] INFO  com.ray.weixin.qy.service.message.reply.ReplyMessageService - postData:<xml><ToUserName><![CDATA[ww92f5da92bb24696e]]></ToUserName><Encrypt><![CDATA[4zEI2fSa7pIJ617B8S546nUehG0I1CTxuF2jwaaqyHRarhMdWv0GfqnbD7bHPL/bKks3D8cecfbYfIQc0cOgCDDutWL+T6Gy/f0iYkOqEVX8U+c93roXYenNxUaXb+m+OeoXG4xwy0QbMG9jSnn9z1l77r22yRKSsDLenxA6/axjRxD5IHLPgfhxI0QZBNeu1v/UsUgTuk0jMY4mkSxGP59CNiUOGABNqEZMD9syYdVPA00oP1CMHN7LB54s3ryE/wp7szavZZ4VbO45cMalLeGs+eTO2MHLsRxoWGjEGOcnvwdfKyj3bYGejORiDVvb9h0vzIMk2NmVB5940nTdSl8BCKdPiURpQodPYoQlGsCBQrXAHZhaPVYIeH9dPthQhJOXGSt+E/VCNk8zKotIl8Nw5Z0r5w0zdfvy1tolyerDTQCgBdJwWZcRskow1EunmRRErjX2GP5f4z730iXPbJxqeY5H5hGyxc/nAyVT/1ddWPKwlqc9X5Vyj/7DxlGs]]></Encrypt><AgentID><![CDATA[1000002]]></AgentID></xml>
2017-11-08 19:47:02.645 [http-apr-8080-exec-68] INFO  com.ray.weixin.qy.service.message.reply.ReplyMessageService - reply_xmlMsg:<xml><ToUserName><![CDATA[ww92f5da92bb24696e]]></ToUserName><FromUserName><![CDATA[ShiRui]]></FromUserName><CreateTime>1510141622</CreateTime><MsgType><![CDATA[event]]></MsgType><AgentID>1000002</AgentID><Event><![CDATA[LOCATION]]></Event><Latitude>31.1676</Latitude><Longitude>121.156</Longitude><Precision>15</Precision></xml>
2017-11-08 19:47:02.647 [http-apr-8080-exec-68] INFO  com.ray.weixin.qy.service.message.reply.ReplyMessageService - fromUserName:ShiRui
2017-11-08 19:47:02.647 [http-apr-8080-exec-68] INFO  com.ray.weixin.qy.service.message.reply.ReplyMessageService - toUserName:ww92f5da92bb24696e
2017-11-08 19:47:02.647 [http-apr-8080-exec-68] INFO  com.ray.weixin.qy.service.message.reply.ReplyMessageService - msgType:event
2017-11-08 19:47:02.647 [http-apr-8080-exec-68] INFO  com.ray.weixin.qy.service.message.reply.ReplyMessageService - Event:LOCATION  eventKey:null
2017-11-08 19:47:07.390 [http-apr-8080-exec-77] INFO  com.ray.weixin.qy.controller.WeiXinServlet - post--------------
2017-11-08 19:47:07.391 [http-apr-8080-exec-77] INFO  com.ray.weixin.qy.service.message.reply.ReplyMessageService - parms:{"msg_signature":["742593b580b35acc5eb41d97e67e96de94c8103d"],"timestamp":["1510141627"],"nonce":["370501958"]}
2017-11-08 19:47:07.392 [http-apr-8080-exec-77] INFO  com.ray.weixin.qy.service.message.reply.ReplyMessageService - postData:<xml><ToUserName><![CDATA[ww92f5da92bb24696e]]></ToUserName><Encrypt><![CDATA[WA6FVoVjqvFbmUkGP13I44wywz9zREp5rZnNOP26o9YxxMELUHL0eOpstW8OAmDuImSNJ3ud7oyTyE2GDk26ruxLCFVo3iIofQYClI0f8REVKHL6rIyEbPRhxeB9qpdszdsHysngfQfUOCq6SxFeIe1n7A6RteS0LLIpYBGDbHR7hnnxLzJNSRZ83ytTOwXhbP+i4gXnjgTNXGY4jZuM8jNpiNgEYu/uCgCGcjCInOC/UtkBA2RN1BGRMa32OWmnAt6oxRULMlvT3HXJqLSwYqqcwCCoIuTD0mZA8H2l3CxtWzXE0Rj5vDZDhlnj9QaMXZqRxaS+R130hENJi4VJwMOjmUSFpxyxUIlJ7DZVb3QalvfeI/b0jVg7i8gHPaKi58sd7FlBVMUWAcpumtRozyBpxjhXRqrGsMFBAS28Urk5sClskEwmselVc8ZNZRzETMIz0jTs8N/cj6UniEugm2sOK9EITG7/ztmyi7PNse/3vS0gJpY1UTgSU2ybogxh]]></Encrypt><AgentID><![CDATA[1000002]]></AgentID></xml>
2017-11-08 19:47:07.395 [http-apr-8080-exec-77] INFO  com.ray.weixin.qy.service.message.reply.ReplyMessageService - reply_xmlMsg:<xml><ToUserName><![CDATA[ww92f5da92bb24696e]]></ToUserName><FromUserName><![CDATA[ShiRui]]></FromUserName><CreateTime>1510141626</CreateTime><MsgType><![CDATA[event]]></MsgType><AgentID>1000002</AgentID><Event><![CDATA[LOCATION]]></Event><Latitude>31.1676</Latitude><Longitude>121.156</Longitude><Precision>15</Precision></xml>
2017-11-08 19:47:07.397 [http-apr-8080-exec-77] INFO  com.ray.weixin.qy.service.message.reply.ReplyMessageService - fromUserName:ShiRui
2017-11-08 19:47:07.397 [http-apr-8080-exec-77] INFO  com.ray.weixin.qy.service.message.reply.ReplyMessageService - toUserName:ww92f5da92bb24696e
2017-11-08 19:47:07.397 [http-apr-8080-exec-77] INFO  com.ray.weixin.qy.service.message.reply.ReplyMessageService - msgType:event
2017-11-08 19:47:07.398 [http-apr-8080-exec-77] INFO  com.ray.weixin.qy.service.message.reply.ReplyMessageService - Event:LOCATION  eventKey:null
2017-11-08 20:03:40.700 [http-apr-8080-exec-4] INFO  com.ray.weixin.gz.util.AuthHelper - jsonObject:{"access_token":"rTB_QEatGttpXxAYkkiIFwFknTNDAie3AKkAts6DjlvUxb_7TXQbE7CxVQcnSggLry90emOQ1PKkUW60G4p6nqMPTBcF9ISqiAGCjs7VBdfval8HMUhoEQHISZLgTih7OEHaAGAHXA","expires_in":7200}
2017-11-08 20:03:40.826 [http-apr-8080-exec-4] INFO  com.ray.weixin.gz.util.AuthHelper - jsonObject:{"errcode":0,"ticket":"kgt8ON7yVITDhtdwci0qed-m2nUygHpV3DXUL-ToMkjOz9ws7-Tty_GJGLLAz1hMNjVq-lSCsHDojIZuoYmF9w","errmsg":"ok","expires_in":7200}
2017-11-08 20:03:40.827 [http-apr-8080-exec-4] INFO  com.ray.weixin.gz.util.AuthHelper - accessToken:rTB_QEatGttpXxAYkkiIFwFknTNDAie3AKkAts6DjlvUxb_7TXQbE7CxVQcnSggLry90emOQ1PKkUW60G4p6nqMPTBcF9ISqiAGCjs7VBdfval8HMUhoEQHISZLgTih7OEHaAGAHXA
2017-11-08 20:03:40.827 [http-apr-8080-exec-4] INFO  com.ray.weixin.gz.util.AuthHelper - ticket:kgt8ON7yVITDhtdwci0qed-m2nUygHpV3DXUL-ToMkjOz9ws7-Tty_GJGLLAz1hMNjVq-lSCsHDojIZuoYmF9w
2017-11-08 20:03:40.827 [http-apr-8080-exec-4] INFO  com.ray.weixin.gz.util.AuthHelper - nonceStr:62bd6fe1-5961-4db1-ac86-77780393f483
2017-11-08 20:03:40.828 [http-apr-8080-exec-4] INFO  com.ray.weixin.gz.util.AuthHelper - timeStamp:1510142619
2017-11-08 20:03:40.828 [http-apr-8080-exec-4] INFO  com.ray.weixin.gz.util.AuthHelper - signedUrl:http://localhost:8080/weixin_gz/showInvoice.jsp
2017-11-08 20:03:40.828 [http-apr-8080-exec-4] INFO  com.ray.weixin.gz.util.AuthHelper - signature:92b9f24c69f992f397f317e9c3a7f30463915e89
2017-11-08 20:03:40.828 [http-apr-8080-exec-4] INFO  com.ray.weixin.gz.util.AuthHelper - appId:wxa0064ea657f80062
2017-11-08 20:03:40.828 [http-apr-8080-exec-4] INFO  com.ray.weixin.gz.util.AuthHelper - configValue:{signature:'92b9f24c69f992f397f317e9c3a7f30463915e89',nonceStr:'62bd6fe1-5961-4db1-ac86-77780393f483',timeStamp:'1510142619',appId:'wxa0064ea657f80062'}
2017-11-08 20:03:40.955 [http-apr-8080-exec-4] INFO  com.ray.weixin.gz.util.AuthHelper - jsonObject:{"access_token":"rTB_QEatGttpXxAYkkiIFwFknTNDAie3AKkAts6Djlu47Qci0NQz6RRSa10wCCRom5ba0QjpNKgaMZkqLAxGT85iTctIMqX_LX38MCaNoEzt-t_vIsK9DeAMDddNhqkpPZJaAGAISC","expires_in":7200}
2017-11-08 20:03:41.067 [http-apr-8080-exec-4] INFO  com.ray.weixin.gz.service.invoice.InvoiceService - jsonObject:{"errcode":0,"ticket":"IpK_1T69hDhZkLQTlwsAX5ZwNp_4txyINLb67lXqTZIMN4ggF9OoAbQqV6bmy2SuxaLCXB2J_fozINrauENphQ","errmsg":"ok","expires_in":7200}
2017-11-08 20:03:41.068 [http-apr-8080-exec-4] INFO  com.ray.weixin.gz.util.AuthHelper - apiTicket:IpK_1T69hDhZkLQTlwsAX5ZwNp_4txyINLb67lXqTZIMN4ggF9OoAbQqV6bmy2SuxaLCXB2J_fozINrauENphQ
2017-11-08 20:03:41.068 [http-apr-8080-exec-4] INFO  com.ray.weixin.gz.util.AuthHelper - appId:wxa0064ea657f80062
2017-11-08 20:03:41.068 [http-apr-8080-exec-4] INFO  com.ray.weixin.gz.util.AuthHelper - timeStamp:1510142621
2017-11-08 20:03:41.068 [http-apr-8080-exec-4] INFO  com.ray.weixin.gz.util.AuthHelper - nonceStr:701c69c8-3509-4521-9414-32ab44912df4
2017-11-08 20:03:41.068 [http-apr-8080-exec-4] INFO  com.ray.weixin.gz.util.AuthHelper - cardType:INVOICE
2017-11-08 20:03:41.069 [http-apr-8080-exec-4] INFO  com.ray.weixin.gz.util.AuthHelper - cardSign:9e00a63fe2cd600204c34328e895701026cf38e3
2017-11-08 20:03:41.069 [http-apr-8080-exec-4] INFO  com.ray.weixin.gz.util.AuthHelper - signType:SHA1
2017-11-08 20:03:41.069 [http-apr-8080-exec-4] INFO  com.ray.weixin.gz.util.AuthHelper - configValue:{"signType":"SHA1","cardSign":"9e00a63fe2cd600204c34328e895701026cf38e3","nonceStr":"701c69c8-3509-4521-9414-32ab44912df4","timestamp":"1510142621"}
