2017-11-09 10:58:00.233 [http-apr-8080-exec-3] INFO  com.ray.weixin.qy.controller.WeiXinServlet - post--------------
2017-11-09 10:58:00.239 [http-apr-8080-exec-3] INFO  com.ray.weixin.qy.service.message.reply.ReplyMessageService - parms:{"msg_signature":["96bfa9da1498e244bda4e06fb8ba522fcee4bc60"],"timestamp":["1510196279"],"nonce":["1365621176"]}
2017-11-09 10:58:00.239 [http-apr-8080-exec-3] INFO  com.ray.weixin.qy.service.message.reply.ReplyMessageService - postData:<xml><ToUserName><![CDATA[ww92f5da92bb24696e]]></ToUserName><Encrypt><![CDATA[fazPJLP/68BflS3UC6dQcUsIQiYOCw8EiiIlydawE+wRdkeD9cRqoHd3LRkQkxzmxvPKXmPgv3RRPc2c5Lh+yXyinClTd3WH1qj6N/v7m5IvOcrVGZ+p8ViGZT9z67tdeSL5PNgrCJ/KgL6NfGQvuCj9iWFoH/fZVPAEAujbGQxFNZ8m7lM/4+aVsR/o8RJWkT8nI6k29WN6o4aCsd4GriGOj7N9zeGZBsxpe+Dbtw+OJslp1JrgcwOTyDGCde1YucgtHC99jgM9x01EnePcnzsFBTsWJhPI0kdvFp7o0J1I/IWq/FP5kQvjHRkcjSbk3vGnteWASuT+nm/PFweGm63cCUGi0V7qYYZITFRz5OAjv8h3qPuYskpJuR4cU04EmW1sl0vAaEJKwoVhd+B/k1Ld/1w7H8HC39wHG5H/uEi8hQISjrVZSNMw1UnBq5hr2auJUdgrFmu6ZCYEWj0m7r5RdpCAkHb6oFip2IJvmqwUERHYdMHfQWV2ucPdMVMC]]></Encrypt><AgentID><![CDATA[1000002]]></AgentID></xml>
2017-11-09 10:58:00.242 [http-apr-8080-exec-3] INFO  com.ray.weixin.qy.service.message.reply.ReplyMessageService - reply_xmlMsg:<xml><ToUserName><![CDATA[ww92f5da92bb24696e]]></ToUserName><FromUserName><![CDATA[ShiRui]]></FromUserName><CreateTime>1510196279</CreateTime><MsgType><![CDATA[event]]></MsgType><AgentID>1000002</AgentID><Event><![CDATA[LOCATION]]></Event><Latitude>31.1676</Latitude><Longitude>121.156</Longitude><Precision>15</Precision></xml>
2017-11-09 10:58:00.243 [http-apr-8080-exec-3] INFO  com.ray.weixin.qy.service.message.reply.ReplyMessageService - fromUserName:ShiRui
2017-11-09 10:58:00.243 [http-apr-8080-exec-3] INFO  com.ray.weixin.qy.service.message.reply.ReplyMessageService - toUserName:ww92f5da92bb24696e
2017-11-09 10:58:00.244 [http-apr-8080-exec-3] INFO  com.ray.weixin.qy.service.message.reply.ReplyMessageService - msgType:event
2017-11-09 10:58:00.244 [http-apr-8080-exec-3] INFO  com.ray.weixin.qy.service.message.reply.ReplyMessageService - Event:LOCATION  eventKey:null
2017-11-09 10:58:05.293 [http-apr-8080-exec-4] INFO  com.ray.weixin.qy.controller.WeiXinServlet - post--------------
2017-11-09 10:58:05.295 [http-apr-8080-exec-4] INFO  com.ray.weixin.qy.service.message.reply.ReplyMessageService - parms:{"msg_signature":["c6bb85f053e5e8267b6faa096202c219a5141b95"],"timestamp":["1510196284"],"nonce":["473900687"]}
2017-11-09 10:58:05.296 [http-apr-8080-exec-4] INFO  com.ray.weixin.qy.service.message.reply.ReplyMessageService - postData:<xml><ToUserName><![CDATA[ww92f5da92bb24696e]]></ToUserName><Encrypt><![CDATA[bxF8wWK8oaa39fjEKbxsI0JNP3WHyTr6xrQhbwtZD62z3OHMQrWKpk8AxPJaPpTYZsyHrLnZbYI+mobucSJWstpBqYBRptK5U8nasp0DEWHU3rS9CK0uNU0uTVXuYruJQNJ6gU5nLkeamhDpYcdY8YL+qeLmWcxbtjirIkkIQoGMr9uYbrohUDL0PobEWatiYk1Kl/H2Mx8h/Tb8rGonWN5/8KwyRATfQqFGgRC6Ui6eJIFRp371hRPtuorWQg2G1D3tsIPiL6LVCBV0d/bouAW9wSGYr7PWwmZ42Z9Ka6HSamAlcX3dsVs6J9Oenbm+mJL3aJ3iSNVFRHYKtIfGVL9SyCA789JVHHO0SyvJjdyPa0n9kvUjWhcqYWb42oSt0VQ8VM5jKHi8vwOvLYtujPhCXv4OIi+xblu7xLwMj1WNVETCzPmfSfMTJl5wRki7oPsHYcHpsXucglyxNshp5uxrT2Cd9VHQefKMJ8L80q4+yZ7UE1c2/nGXca1faJ8F]]></Encrypt><AgentID><![CDATA[1000002]]></AgentID></xml>
2017-11-09 10:58:05.304 [http-apr-8080-exec-4] INFO  com.ray.weixin.qy.service.message.reply.ReplyMessageService - reply_xmlMsg:<xml><ToUserName><![CDATA[ww92f5da92bb24696e]]></ToUserName><FromUserName><![CDATA[ShiRui]]></FromUserName><CreateTime>1510196284</CreateTime><MsgType><![CDATA[event]]></MsgType><AgentID>1000002</AgentID><Event><![CDATA[LOCATION]]></Event><Latitude>31.1676</Latitude><Longitude>121.156</Longitude><Precision>15</Precision></xml>
2017-11-09 10:58:05.313 [http-apr-8080-exec-4] INFO  com.ray.weixin.qy.service.message.reply.ReplyMessageService - fromUserName:ShiRui
2017-11-09 10:58:05.314 [http-apr-8080-exec-4] INFO  com.ray.weixin.qy.service.message.reply.ReplyMessageService - toUserName:ww92f5da92bb24696e
2017-11-09 10:58:05.315 [http-apr-8080-exec-4] INFO  com.ray.weixin.qy.service.message.reply.ReplyMessageService - msgType:event
2017-11-09 10:58:05.316 [http-apr-8080-exec-4] INFO  com.ray.weixin.qy.service.message.reply.ReplyMessageService - Event:LOCATION  eventKey:null
2017-11-09 10:58:10.270 [http-apr-8080-exec-7] INFO  com.ray.weixin.qy.controller.WeiXinServlet - post--------------
2017-11-09 10:58:10.271 [http-apr-8080-exec-7] INFO  com.ray.weixin.qy.service.message.reply.ReplyMessageService - parms:{"msg_signature":["9cc916fbcb8358a8b693f15611ceda84d0d4f781"],"timestamp":["1510196289"],"nonce":["1849647170"]}
2017-11-09 10:58:10.271 [http-apr-8080-exec-7] INFO  com.ray.weixin.qy.service.message.reply.ReplyMessageService - postData:<xml><ToUserName><![CDATA[ww92f5da92bb24696e]]></ToUserName><Encrypt><![CDATA[M/dblG0ENPzzzywzMboz3PodOOTcCLaJXf2qDm7sPdQTGsfY9Ci0GTbSolxB+Re6uJjGw4d1vvbLjrtFYQRlItFpAemM5LGOVU6Uv1DH4EkowO8VxHLuUspQnzZcR/KgH+ZJ51LJYwOWXuOqlRkHyV1w3eIP7OceG9yFKrTLlIJmdh01dwetMo7YPV6vOUDCYCSzKpK8QOrenx3nUFAGjY6QlV5q5KPSMz7pSWHlGIkdHiT6EUe1+7DLfieASLctA0FUroSzIavJJwLKiBrfqLOA8JoVaDO4ODA3XBuxTTQWTaUkO3jhgjj89c3Y30NM13Kg3SKsV0ABZWeUgzPkqAarPTBLVDzC5wQtkP3ct/63Ut5w7xUyfYscjun8adWBxRGmdhtASohnUOYKLTjMK5PsIT+3pN4SHN4xGsqewxTzJamCVT1KH0AdB4NDJsIYPYlINYJHAW3d58XTLRBFMNgYqqoBMNjrEP1Q1UYC00NJ5klTIQD/F/qpcWfDNY1b]]></Encrypt><AgentID><![CDATA[1000002]]></AgentID></xml>
2017-11-09 10:58:10.275 [http-apr-8080-exec-7] INFO  com.ray.weixin.qy.service.message.reply.ReplyMessageService - reply_xmlMsg:<xml><ToUserName><![CDATA[ww92f5da92bb24696e]]></ToUserName><FromUserName><![CDATA[ShiRui]]></FromUserName><CreateTime>1510196289</CreateTime><MsgType><![CDATA[event]]></MsgType><AgentID>1000002</AgentID><Event><![CDATA[LOCATION]]></Event><Latitude>31.1676</Latitude><Longitude>121.156</Longitude><Precision>15</Precision></xml>
2017-11-09 10:58:10.278 [http-apr-8080-exec-7] INFO  com.ray.weixin.qy.service.message.reply.ReplyMessageService - fromUserName:ShiRui
2017-11-09 10:58:10.278 [http-apr-8080-exec-7] INFO  com.ray.weixin.qy.service.message.reply.ReplyMessageService - toUserName:ww92f5da92bb24696e
2017-11-09 10:58:10.279 [http-apr-8080-exec-7] INFO  com.ray.weixin.qy.service.message.reply.ReplyMessageService - msgType:event
2017-11-09 10:58:10.279 [http-apr-8080-exec-7] INFO  com.ray.weixin.qy.service.message.reply.ReplyMessageService - Event:LOCATION  eventKey:null
2017-11-09 10:58:24.207 [http-apr-8080-exec-9] INFO  com.ray.weixin.qy.controller.WeiXinServlet - post--------------
2017-11-09 10:58:24.208 [http-apr-8080-exec-9] INFO  com.ray.weixin.qy.service.message.reply.ReplyMessageService - parms:{"msg_signature":["5fe3fcdb3d5784391e5be27fe011b9905a75df24"],"timestamp":["1510196303"],"nonce":["582185729"]}
2017-11-09 10:58:24.208 [http-apr-8080-exec-9] INFO  com.ray.weixin.qy.service.message.reply.ReplyMessageService - postData:<xml><ToUserName><![CDATA[ww92f5da92bb24696e]]></ToUserName><Encrypt><![CDATA[rcAxPn8ic4Cvp1czjhiXrEzCxEbF1dSWGQJ4PKxFFzlbVn8u/pIiFlD8GoQQoAV14tGIWROaim6yY1/XaH4EsD402cnbbGt1cGrEMl+Wjuo8NTXaTa501PnTSnr+KWkavAcUOTnNDBOwQ7x+XsGQWb3JhIabM2LI4oiHeURnxsBaK2xI0Pe6XTGVvHm7QArTvmQBCdIGfjoWvAKDAyHKYgaLnwsk6zToc7HtHwWieTuWiO+0pyCjewkjKpQrCxU3aGJhmj88NadT9AkyKk+1C0Qz5c74MjOL3eZA1P21TSmxw/aTBX0ShhsZAL38/gIurbA4m1b89Vx448UaD5MGcH+VrntnlmlHXHS7fLtX4OY4oGfDXBuUF1aZwIYPc0iNO9JAXUSFygItxBGVr9xnrqg0p+vseZGk6kDUjffCnxhpi2aIyWpDZPD11ZnCWUMZeFHFIAS5IYXAqWhEm/SHfFVSSYcJdBhZbFL6fdIKwws96DXw5651VhA1okvnWf2V]]></Encrypt><AgentID><![CDATA[1000002]]></AgentID></xml>
2017-11-09 10:58:24.209 [http-apr-8080-exec-9] INFO  com.ray.weixin.qy.service.message.reply.ReplyMessageService - reply_xmlMsg:<xml><ToUserName><![CDATA[ww92f5da92bb24696e]]></ToUserName><FromUserName><![CDATA[ShiRui]]></FromUserName><CreateTime>1510196303</CreateTime><MsgType><![CDATA[event]]></MsgType><AgentID>1000002</AgentID><Event><![CDATA[LOCATION]]></Event><Latitude>31.1676</Latitude><Longitude>121.156</Longitude><Precision>15</Precision></xml>
2017-11-09 10:58:24.210 [http-apr-8080-exec-9] INFO  com.ray.weixin.qy.service.message.reply.ReplyMessageService - fromUserName:ShiRui
2017-11-09 10:58:24.210 [http-apr-8080-exec-9] INFO  com.ray.weixin.qy.service.message.reply.ReplyMessageService - toUserName:ww92f5da92bb24696e
2017-11-09 10:58:24.210 [http-apr-8080-exec-9] INFO  com.ray.weixin.qy.service.message.reply.ReplyMessageService - msgType:event
2017-11-09 10:58:24.210 [http-apr-8080-exec-9] INFO  com.ray.weixin.qy.service.message.reply.ReplyMessageService - Event:LOCATION  eventKey:null
2017-11-09 10:58:29.162 [http-apr-8080-exec-10] INFO  com.ray.weixin.qy.controller.WeiXinServlet - post--------------
2017-11-09 10:58:29.162 [http-apr-8080-exec-10] INFO  com.ray.weixin.qy.service.message.reply.ReplyMessageService - parms:{"msg_signature":["d1daff0ff7adf73deb0f6283a68abce9ca8f2305"],"timestamp":["1510196308"],"nonce":["2073530590"]}
2017-11-09 10:58:29.162 [http-apr-8080-exec-10] INFO  com.ray.weixin.qy.service.message.reply.ReplyMessageService - postData:<xml><ToUserName><![CDATA[ww92f5da92bb24696e]]></ToUserName><Encrypt><![CDATA[9K7vZdQcx+FWoQlvO7PfzDx5G3IzZuKWTecEO1SecjX+kkTxF5f93Q2eAYLkEJkv/aE0Wp3Q+SuD7n4gWf+oNpiLmHIRyI66F/xSTJ9LkXFdD82cRMzLWjzRRQciSvb5P2j1swK06DX3lSiSV0qNkv65vEO+foOp4Yrz/bbpE2cT51XMlslB2SwjX3aEVUHLCNeCBf/W5wtq4zO4M2jezzXHySc5GAWL1Cfu9qkKV5yLz45Um3MoYXNaSlcETrcHKC2c1HxHQGkD/DGBzExOIm9SKptrL+rDVNWNqHqhuAeiE7k9zrzpemWrja9VtDFz/CeE+D2JD83uU0lBcs0ZRmcCDxdcEtCIbyMdxbOHGT9PQAHf2s1QzlCNajRBv49RyH04mqvhBBzBWsXboc3iLAm1q58D2DUyM/sfF2NLSvvjsEOwQ8A2RJ/yDdrsQdYS3vQO1WvMF8WFjuQB/JNIDu5qDEX7o7mkV+PvXpEIe5KqYQC2nIk+BKS32shle5+nZmRL19yK5EM0YGyPkrDe5x9gvqYBmIjSHerIK2mKgkWBWBYp0WsVNiSvAHGIHw3q5a237okylWDvNTbYnzG8asnpGJaEMKfjlaEpgjJY+VbDdNBUkNHI70G3FqvDAemGlMJNdk/I6ShGrkZzxyrePdVXSEo3oxHNJZUEafAmOdo=]]></Encrypt><AgentID><![CDATA[1000002]]></AgentID></xml>
2017-11-09 10:58:29.163 [http-apr-8080-exec-10] INFO  com.ray.weixin.qy.service.message.reply.ReplyMessageService - reply_xmlMsg:<xml><ToUserName><![CDATA[ww92f5da92bb24696e]]></ToUserName><FromUserName><![CDATA[ShiRui]]></FromUserName><CreateTime>1510196308</CreateTime><MsgType><![CDATA[image]]></MsgType><PicUrl><![CDATA[http://p.qpic.cn/pic_wework/1918447126/a8aea0a1b9c140c864ea79a877e80be6507ce1321f0d7fb1/]]></PicUrl><MsgId>2140721957</MsgId><MediaId><![CDATA[1oyRfqzc1iekG7-OkCCWyqoYqyuAed-q843IyOUp8RJzglHEW7q75luHmK_j-Q0a5]]></MediaId><AgentID>1000002</AgentID></xml>
2017-11-09 10:58:29.165 [http-apr-8080-exec-10] INFO  com.ray.weixin.qy.service.message.reply.ReplyMessageService - fromUserName:ShiRui
2017-11-09 10:58:29.165 [http-apr-8080-exec-10] INFO  com.ray.weixin.qy.service.message.reply.ReplyMessageService - toUserName:ww92f5da92bb24696e
2017-11-09 10:58:29.165 [http-apr-8080-exec-10] INFO  com.ray.weixin.qy.service.message.reply.ReplyMessageService - msgType:image
2017-11-09 10:58:29.165 [http-apr-8080-exec-10] INFO  com.ray.weixin.qy.service.message.reply.ReplyMessageService - Event:null  eventKey:null
2017-11-09 10:58:29.227 [http-apr-8080-exec-3] INFO  com.ray.weixin.qy.controller.WeiXinServlet - post--------------
2017-11-09 10:58:29.227 [http-apr-8080-exec-3] INFO  com.ray.weixin.qy.service.message.reply.ReplyMessageService - parms:{"msg_signature":["54b31920758d56715c569579fe1dec1b04eaff08"],"timestamp":["1510196308"],"nonce":["5836365"]}
2017-11-09 10:58:29.228 [http-apr-8080-exec-3] INFO  com.ray.weixin.qy.service.message.reply.ReplyMessageService - postData:<xml><ToUserName><![CDATA[ww92f5da92bb24696e]]></ToUserName><Encrypt><![CDATA[nZUwDuEIOaHscs5sfN/cIHp47h1oKGK557u6mDG9D+9AVVJHufpf+zk5IKtbS0jB7s3rrvPxlducezUkGNZRM5mRysVzqOZhTBKKer4ykzOvsBM5kEY1R+/wzspAEnOH9bM6AtwFCgFDiUlsyN8hM6F3vssmmL20wKQSPZCxp6Yh70QD0R8U1MdRdMtU0dy623YCyr0xYHSHx8Oyl5y3J+Q9ljYJ35dPm5/Ll48WkbFUs/z05yoaLO0ngH1fGO3YXHkrWiPxVO2mAnWaW72cylBQYHQzYK/qrRyx2vFELMRAJO3/nFB6p8C2ag8GebgAHIw70ZxbHvDMojRIUfbf593ngpeLVxHRuWwVcV5IC+B98cyqTh1XO6Oe4L6NlAF7bxnIKIcVZ8BMM0ePgBD/rZO/3pk5uucm8kOVJrLANria14S2zrlUEIoiHeusye9dj9/RZ7qTkhDmJ8DvH1WRFeVCz2RcXzJY4wKgPXG/1ho4xHYmqKX6ZoqBJ5sY8EIh]]></Encrypt><AgentID><![CDATA[1000002]]></AgentID></xml>
2017-11-09 10:58:29.230 [http-apr-8080-exec-3] INFO  com.ray.weixin.qy.service.message.reply.ReplyMessageService - reply_xmlMsg:<xml><ToUserName><![CDATA[ww92f5da92bb24696e]]></ToUserName><FromUserName><![CDATA[ShiRui]]></FromUserName><CreateTime>1510196308</CreateTime><MsgType><![CDATA[event]]></MsgType><AgentID>1000002</AgentID><Event><![CDATA[LOCATION]]></Event><Latitude>31.1676</Latitude><Longitude>121.156</Longitude><Precision>15</Precision></xml>
2017-11-09 10:58:29.231 [http-apr-8080-exec-3] INFO  com.ray.weixin.qy.service.message.reply.ReplyMessageService - fromUserName:ShiRui
2017-11-09 10:58:29.231 [http-apr-8080-exec-3] INFO  com.ray.weixin.qy.service.message.reply.ReplyMessageService - toUserName:ww92f5da92bb24696e
2017-11-09 10:58:29.231 [http-apr-8080-exec-3] INFO  com.ray.weixin.qy.service.message.reply.ReplyMessageService - msgType:event
2017-11-09 10:58:29.231 [http-apr-8080-exec-3] INFO  com.ray.weixin.qy.service.message.reply.ReplyMessageService - Event:LOCATION  eventKey:null
2017-11-09 10:58:34.379 [http-apr-8080-exec-4] INFO  com.ray.weixin.qy.controller.WeiXinServlet - post--------------
2017-11-09 10:58:34.380 [http-apr-8080-exec-4] INFO  com.ray.weixin.qy.service.message.reply.ReplyMessageService - parms:{"msg_signature":["4f6e10846fcc3a829f114c42e9150b63b764909e"],"timestamp":["1510196313"],"nonce":["1030233002"]}
2017-11-09 10:58:34.381 [http-apr-8080-exec-4] INFO  com.ray.weixin.qy.service.message.reply.ReplyMessageService - postData:<xml><ToUserName><![CDATA[ww92f5da92bb24696e]]></ToUserName><Encrypt><![CDATA[Rh4SXVod8gZC+tuEinVJeWZobCIue3IDgLmnPbAePZIBP2c0tXmI7pPSNMzGl/9/ZQtuw5wHgs79UgACQiH67Upg8Q7abKgqzSB7fHM1XD3KVmWmGiuLyLLRk12oH3x9hukOTxNfDKqfo/kVQgAFIt+HwFfiXyXS7VNjHhij5cKaU2Qk9IvcUw4cKnkv1vZT0UvJKDhvLus/ZW22gJPrbkL++47BrLDvVCHozVhM43y8fzxMsKJP8BoQYXjW7xwy4tDMIk9sqjlYprZ6TtG1UTp1KV57J5w5KqypXRN6WmVYnPXzsPiMh9+jul5sTutsBkj3bMfqWHZ3Ur6sEfF6oGdzX3eIbdopaiDhBEcwxdK6Z+xukm2esCLzYTyGXDRj+r+9q9htMQi4UepqahjwwqPvb2r4wyQsW5UtEFMNmlXqbMvtmXHrRspJyX+aRpNy3VvI9ODDJkhWU9AFfZd+O2n12FHiDsAyVAVflBqh6NeNa04xjtkIWxGKz8mOYPg/]]></Encrypt><AgentID><![CDATA[1000002]]></AgentID></xml>
2017-11-09 10:58:34.383 [http-apr-8080-exec-4] INFO  com.ray.weixin.qy.service.message.reply.ReplyMessageService - reply_xmlMsg:<xml><ToUserName><![CDATA[ww92f5da92bb24696e]]></ToUserName><FromUserName><![CDATA[ShiRui]]></FromUserName><CreateTime>1510196313</CreateTime><MsgType><![CDATA[event]]></MsgType><AgentID>1000002</AgentID><Event><![CDATA[LOCATION]]></Event><Latitude>31.1676</Latitude><Longitude>121.156</Longitude><Precision>15</Precision></xml>
2017-11-09 10:58:34.386 [http-apr-8080-exec-4] INFO  com.ray.weixin.qy.service.message.reply.ReplyMessageService - fromUserName:ShiRui
2017-11-09 10:58:34.386 [http-apr-8080-exec-4] INFO  com.ray.weixin.qy.service.message.reply.ReplyMessageService - toUserName:ww92f5da92bb24696e
2017-11-09 10:58:34.386 [http-apr-8080-exec-4] INFO  com.ray.weixin.qy.service.message.reply.ReplyMessageService - msgType:event
2017-11-09 10:58:34.386 [http-apr-8080-exec-4] INFO  com.ray.weixin.qy.service.message.reply.ReplyMessageService - Event:LOCATION  eventKey:null
2017-11-09 10:58:39.270 [http-apr-8080-exec-7] INFO  com.ray.weixin.qy.controller.WeiXinServlet - post--------------
2017-11-09 10:58:39.271 [http-apr-8080-exec-7] INFO  com.ray.weixin.qy.service.message.reply.ReplyMessageService - parms:{"msg_signature":["010fb57fc321cd8bf0a80e8a946b888c0ae9eaee"],"timestamp":["1510196318"],"nonce":["1034019765"]}
2017-11-09 10:58:39.274 [http-apr-8080-exec-7] INFO  com.ray.weixin.qy.service.message.reply.ReplyMessageService - postData:<xml><ToUserName><![CDATA[ww92f5da92bb24696e]]></ToUserName><Encrypt><![CDATA[d9wchTc9kl+y7lcpZNk9P38evmpJWh9orOitaqmLDVOH9TAye+spCkeO0J3wxjIGgq4XlAMsXem8KjdJaIvk2biXa7P7oGCC1ya8HT5b4XK2AWGDBmI1nBUZyuhk93Dtv/baTj0wGOJwKijF7sCIM7xnEet/LnwkHdbtQ2LwY9ruOGCdvwzA8uJAEFGu5N1NY+Hwnbit7dDtDW+MmN8REY/E+ackM1esm9m8QsIX9x5izrGJH0QcATLvyC1qbgqX9KCCC1xXQnc4aOKklYFRhpgURIV/XsTwU35uZj46XlNKegNK2Qvms9TrxkU5dUsgTjoYYZnRMz1EKY46hDZeDc/EFKt1Lf5NrFXQ7NpKYom1+MWvQgspdJxby0M6urXnaw1udUC4I3ZNUTkX6rvlQh9TVv7CP/O2xxG9vYIEBO1Fe+IBauoEUMNk443GsbrHfoh9JgAqpItLN3rLsWLxvneprRMzBJ4N/o7cmoOQqwCy079o2PcYnCiEJvP9dLkY]]></Encrypt><AgentID><![CDATA[1000002]]></AgentID></xml>
2017-11-09 10:58:39.282 [http-apr-8080-exec-7] INFO  com.ray.weixin.qy.service.message.reply.ReplyMessageService - reply_xmlMsg:<xml><ToUserName><![CDATA[ww92f5da92bb24696e]]></ToUserName><FromUserName><![CDATA[ShiRui]]></FromUserName><CreateTime>1510196318</CreateTime><MsgType><![CDATA[event]]></MsgType><AgentID>1000002</AgentID><Event><![CDATA[LOCATION]]></Event><Latitude>31.1676</Latitude><Longitude>121.156</Longitude><Precision>15</Precision></xml>
2017-11-09 10:58:39.288 [http-apr-8080-exec-7] INFO  com.ray.weixin.qy.service.message.reply.ReplyMessageService - fromUserName:ShiRui
2017-11-09 10:58:39.288 [http-apr-8080-exec-7] INFO  com.ray.weixin.qy.service.message.reply.ReplyMessageService - toUserName:ww92f5da92bb24696e
2017-11-09 10:58:39.288 [http-apr-8080-exec-7] INFO  com.ray.weixin.qy.service.message.reply.ReplyMessageService - msgType:event
2017-11-09 10:58:39.289 [http-apr-8080-exec-7] INFO  com.ray.weixin.qy.service.message.reply.ReplyMessageService - Event:LOCATION  eventKey:null
2017-11-09 10:58:41.812 [http-apr-8080-exec-9] INFO  com.ray.weixin.qy.controller.WeiXinServlet - post--------------
2017-11-09 10:58:41.813 [http-apr-8080-exec-9] INFO  com.ray.weixin.qy.service.message.reply.ReplyMessageService - parms:{"msg_signature":["8b35de74b34e7ad7f9cf883005f8fca99490cb1e"],"timestamp":["1510196321"],"nonce":["1956555380"]}
2017-11-09 10:58:41.814 [http-apr-8080-exec-9] INFO  com.ray.weixin.qy.service.message.reply.ReplyMessageService - postData:<xml><ToUserName><![CDATA[ww92f5da92bb24696e]]></ToUserName><Encrypt><![CDATA[qWpsjT5jKFNkFl39d1xoPVdqHfa+NmjbDRnG+URSyiZMvjT6NzKa4ntBJ0pHVbLciep10KVHyAJ1sXGZ3IKPB1gyPROX22FSQO2TewHP3DqibqvEUaPUlTEqS+Iw+WZYGI9I4AqtWhiKQttfonvd3tYmZYxGGrSabQseMKEp7GP6w8+M2GbrTObjGHzTDw7nstxpnnhhMKWJqpSmcTUXJGg3p9FurpK1P/pF1QComvg7Zt92892nvTTPCiAiJgCIUk1jyahMyyDhgGLYXmD7+2qQgAUO+AR7kkkjhVbEDAHmctmKRNawRdkpujKFeP6TPqt/rUhfXlf0GNZAhBYubGT8eYPnF4UJFq7rdhHKrmG8h+KFsosaCR8uVU5gbbknfj8BNAz9UbdzxFHATbsuyyrD2NFNIpCLQG3s9fNpA/qhHTyGPY+WPamweZysTsCoRHYbkTNdLZLL2HHKPT/K4J5+xYiy8kG+V59u2JobWt9PeI8InJLlGYq+4J1Dpf8T5ACxSodLLSrvGwZyLD1drwxjLElJnkZqh/1Psq99/f+n44YntDtwjmD3oMC96DRXn/1IltSLOxRT7qgMUHisxj1lzsHSDVCthiHMQLdhLLPusfIEKaJtQRhGJlpGp3fb]]></Encrypt><AgentID><![CDATA[1000002]]></AgentID></xml>
2017-11-09 10:58:41.819 [http-apr-8080-exec-9] INFO  com.ray.weixin.qy.service.message.reply.ReplyMessageService - reply_xmlMsg:<xml><ToUserName><![CDATA[ww92f5da92bb24696e]]></ToUserName><FromUserName><![CDATA[ShiRui]]></FromUserName><CreateTime>1510196321</CreateTime><MsgType><![CDATA[image]]></MsgType><PicUrl><![CDATA[http://p.qpic.cn/pic_wework/1806747080/8b8d8382af06f62e9d3f1929278e3cd42532296ed630e70e/]]></PicUrl><MsgId>227229264</MsgId><MediaId><![CDATA[1SyG7MFpDeQKmjaEIWFTXhryMM9v24w3CBjX75lD6Zok]]></MediaId><AgentID>1000002</AgentID></xml>
2017-11-09 10:58:41.824 [http-apr-8080-exec-9] INFO  com.ray.weixin.qy.service.message.reply.ReplyMessageService - fromUserName:ShiRui
2017-11-09 10:58:41.824 [http-apr-8080-exec-9] INFO  com.ray.weixin.qy.service.message.reply.ReplyMessageService - toUserName:ww92f5da92bb24696e
2017-11-09 10:58:41.826 [http-apr-8080-exec-9] INFO  com.ray.weixin.qy.service.message.reply.ReplyMessageService - msgType:image
2017-11-09 10:58:41.826 [http-apr-8080-exec-9] INFO  com.ray.weixin.qy.service.message.reply.ReplyMessageService - Event:null  eventKey:null
2017-11-09 10:58:44.298 [http-apr-8080-exec-10] INFO  com.ray.weixin.qy.controller.WeiXinServlet - post--------------
2017-11-09 10:58:44.299 [http-apr-8080-exec-10] INFO  com.ray.weixin.qy.service.message.reply.ReplyMessageService - parms:{"msg_signature":["57af2ad3bd0aa6fc6adac0a594f72875d58e1409"],"timestamp":["1510196323"],"nonce":["1594351257"]}
2017-11-09 10:58:44.299 [http-apr-8080-exec-10] INFO  com.ray.weixin.qy.service.message.reply.ReplyMessageService - postData:<xml><ToUserName><![CDATA[ww92f5da92bb24696e]]></ToUserName><Encrypt><![CDATA[RgPvT8edW0MUxPDMjIpRo5PyleAk/rRYBTnmNPluRZJrz3zQ5RwIXVHybPeMi1F4B4DhccRrYtFjpiDsc32JE5/KORaWo1b4L/0DMq7rGVw0cqA/GJQyTuMqUq+3jl5B/sWum86C4HXI2+0dHblW61eMa6ff5GLh7N8xVpUMI47uVplPWCXjx28Mp9WIBYwBec6bjpAc+Ldd8dbwdZsDOvpXITHE3TXl0W/uANnfSGBWBBFHaDtWbRK/Pg/IA6hZsx19lMykb/j8GneBcXPePbCpH4MJB6eD8SYhvHR1FwlreF31sOQzB2EeBT3E4cbXRi5li4e191fW56P7irO5yF66RmQdPk5U6mHwNECEtSMYkBNcgFebabmZke3Pa9XajwfvoIMLLRyXUIAXAItSa9G2K1XI8riOXUTDdktRiFg65Wx4I5CcLs/i4712uPYdSnON2Gh5YXYjPgMfeBrpys+SUvMS6nssTzEvE7+avnjY9HooNr74QKnLAZSNIzF3]]></Encrypt><AgentID><![CDATA[1000002]]></AgentID></xml>
2017-11-09 10:58:44.300 [http-apr-8080-exec-10] INFO  com.ray.weixin.qy.service.message.reply.ReplyMessageService - reply_xmlMsg:<xml><ToUserName><![CDATA[ww92f5da92bb24696e]]></ToUserName><FromUserName><![CDATA[ShiRui]]></FromUserName><CreateTime>1510196323</CreateTime><MsgType><![CDATA[event]]></MsgType><AgentID>1000002</AgentID><Event><![CDATA[LOCATION]]></Event><Latitude>31.1676</Latitude><Longitude>121.156</Longitude><Precision>15</Precision></xml>
2017-11-09 10:58:44.301 [http-apr-8080-exec-10] INFO  com.ray.weixin.qy.service.message.reply.ReplyMessageService - fromUserName:ShiRui
2017-11-09 10:58:44.301 [http-apr-8080-exec-10] INFO  com.ray.weixin.qy.service.message.reply.ReplyMessageService - toUserName:ww92f5da92bb24696e
2017-11-09 10:58:44.301 [http-apr-8080-exec-10] INFO  com.ray.weixin.qy.service.message.reply.ReplyMessageService - msgType:event
2017-11-09 10:58:44.301 [http-apr-8080-exec-10] INFO  com.ray.weixin.qy.service.message.reply.ReplyMessageService - Event:LOCATION  eventKey:null
2017-11-09 10:58:49.303 [http-apr-8080-exec-3] INFO  com.ray.weixin.qy.controller.WeiXinServlet - post--------------
2017-11-09 10:58:49.304 [http-apr-8080-exec-3] INFO  com.ray.weixin.qy.service.message.reply.ReplyMessageService - parms:{"msg_signature":["3df15f44a7a609d735ffdfcbeaedbc8bbc016372"],"timestamp":["1510196328"],"nonce":["376581397"]}
2017-11-09 10:58:49.305 [http-apr-8080-exec-3] INFO  com.ray.weixin.qy.service.message.reply.ReplyMessageService - postData:<xml><ToUserName><![CDATA[ww92f5da92bb24696e]]></ToUserName><Encrypt><![CDATA[Xqmeq03z8OXpWdIf2MOUjtEozDiALY7UGidvYOe86MzpENwq2U9l9GCvx+W/pudxkaIjg/PQMGis/GagqmpnJLLB2jZ+ABOUNQ0Ay3kRvgUnWnWjjS1Gx92m0NF4n4qE7HicW2iRTQOevKKYcCBzmBNAHarV6uWUoCof1Sb355qVprc2NOzLdhqeg7sUE6I3w/yYClUA3x2ai1d7pkCeI6K1zChnf758nUYv6CT31agvYS+0gaR5yI5ajuKMOCdjG8Wt+AT3vjymEc69dwBaDi7wcNf9oH1v3gS8iVGMGeHD9Rcf5EiPjorbb2CFAdgLAc6WcdXhECkeW7EsrTfOIK8U1SCisdxfmM7wPrExGMfeUwUAGVgeueVom47FZjf0bY6WY/2zu0+bFks5nxCWJYCR8xRwsVUXM4/RqiRDOA99dZavxaEvzKk+AW6EDN6kr1gIqElwazNLwqRBXWzJoKLW/vTVEpYCvf5S0jl0h2rd5cs1nNnFYvtQavKohmlO]]></Encrypt><AgentID><![CDATA[1000002]]></AgentID></xml>
2017-11-09 10:58:49.311 [http-apr-8080-exec-3] INFO  com.ray.weixin.qy.service.message.reply.ReplyMessageService - reply_xmlMsg:<xml><ToUserName><![CDATA[ww92f5da92bb24696e]]></ToUserName><FromUserName><![CDATA[ShiRui]]></FromUserName><CreateTime>1510196328</CreateTime><MsgType><![CDATA[event]]></MsgType><AgentID>1000002</AgentID><Event><![CDATA[LOCATION]]></Event><Latitude>31.1676</Latitude><Longitude>121.156</Longitude><Precision>15</Precision></xml>
2017-11-09 10:58:49.314 [http-apr-8080-exec-3] INFO  com.ray.weixin.qy.service.message.reply.ReplyMessageService - fromUserName:ShiRui
2017-11-09 10:58:49.315 [http-apr-8080-exec-3] INFO  com.ray.weixin.qy.service.message.reply.ReplyMessageService - toUserName:ww92f5da92bb24696e
2017-11-09 10:58:49.315 [http-apr-8080-exec-3] INFO  com.ray.weixin.qy.service.message.reply.ReplyMessageService - msgType:event
2017-11-09 10:58:49.315 [http-apr-8080-exec-3] INFO  com.ray.weixin.qy.service.message.reply.ReplyMessageService - Event:LOCATION  eventKey:null
2017-11-09 10:58:54.344 [http-apr-8080-exec-4] INFO  com.ray.weixin.qy.controller.WeiXinServlet - post--------------
2017-11-09 10:58:54.346 [http-apr-8080-exec-4] INFO  com.ray.weixin.qy.service.message.reply.ReplyMessageService - parms:{"msg_signature":["8f3c763d91a4f9635735425e484980b9477c39c9"],"timestamp":["1510196333"],"nonce":["186133766"]}
2017-11-09 10:58:54.348 [http-apr-8080-exec-4] INFO  com.ray.weixin.qy.service.message.reply.ReplyMessageService - postData:<xml><ToUserName><![CDATA[ww92f5da92bb24696e]]></ToUserName><Encrypt><![CDATA[2DvnaetU9QEtVI0sOtNmeWBW/iidfrWAY3eMkv7Bzbh5TxpuOKOakeQdgUGKNGg6nfRl+eIAxcGzJyn633x/5vVL1iQ7eqhqC1rZKsOoa8riL9vA0uC46dOLB6Q2a20MXmeNUa8bOv+3F8cofiM1TA8ySkhoR7lhBe3ZuKsHssljddyvGA4hF7827m2Cr62jER7qedjP4tBBdfL4Jo/ndoPV9WrJrVhJgFlGmWKpYP3fBT+0IcNaAqAtpG3UmR7xEA4zVz6jYzQuaFh1BThJB1+iHtknnm7DF6acb/umI3GpXqEzFIGUBwP1zHX8Z1U7XVNP4EFKPuaQ+7NiVDXl/qZL2UEeSZYQex5GTXIkDypQTvCTHy4s2b/c6NlvWQWD5EHHu1NR1ud7seZ+jh1mHndLQwag99UlbXsHQzv1xF/Hbi9f0DGq1/WRCmmyJ5K0mE6xkZVE70/zNWaC942pQ48K0NyQnan9aJsCoDrHgsbit8TZ9wdMkIitTB29oDly]]></Encrypt><AgentID><![CDATA[1000002]]></AgentID></xml>
2017-11-09 10:58:54.354 [http-apr-8080-exec-4] INFO  com.ray.weixin.qy.service.message.reply.ReplyMessageService - reply_xmlMsg:<xml><ToUserName><![CDATA[ww92f5da92bb24696e]]></ToUserName><FromUserName><![CDATA[ShiRui]]></FromUserName><CreateTime>1510196333</CreateTime><MsgType><![CDATA[event]]></MsgType><AgentID>1000002</AgentID><Event><![CDATA[LOCATION]]></Event><Latitude>31.1676</Latitude><Longitude>121.156</Longitude><Precision>15</Precision></xml>
2017-11-09 10:58:54.362 [http-apr-8080-exec-4] INFO  com.ray.weixin.qy.service.message.reply.ReplyMessageService - fromUserName:ShiRui
2017-11-09 10:58:54.362 [http-apr-8080-exec-4] INFO  com.ray.weixin.qy.service.message.reply.ReplyMessageService - toUserName:ww92f5da92bb24696e
2017-11-09 10:58:54.364 [http-apr-8080-exec-4] INFO  com.ray.weixin.qy.service.message.reply.ReplyMessageService - msgType:event
2017-11-09 10:58:54.364 [http-apr-8080-exec-4] INFO  com.ray.weixin.qy.service.message.reply.ReplyMessageService - Event:LOCATION  eventKey:null
2017-11-09 10:58:59.368 [http-apr-8080-exec-7] INFO  com.ray.weixin.qy.controller.WeiXinServlet - post--------------
2017-11-09 10:58:59.370 [http-apr-8080-exec-7] INFO  com.ray.weixin.qy.service.message.reply.ReplyMessageService - parms:{"msg_signature":["172f28962b99de17d732247486e3e301e3169dd9"],"timestamp":["1510196338"],"nonce":["688301682"]}
2017-11-09 10:58:59.371 [http-apr-8080-exec-7] INFO  com.ray.weixin.qy.service.message.reply.ReplyMessageService - postData:<xml><ToUserName><![CDATA[ww92f5da92bb24696e]]></ToUserName><Encrypt><![CDATA[jV/B/JZ2wII2x2XZZB/GHq2nX9YJgIp5VLYGhmbP7Ol5yhVFzporchlDKFQgzr+Di7xscHEDDYo+yqRtNqbhn22bmel/VnNSbKWMEoPKkQCEul/OtTcFYsn4+h4lQfJd7qp7pxi8eXnnzBIwekwuu7OeXk9yhfl4PPRjro7PWcOAb089ylvSDAebk08+2T0/aBG4qwiHDzPYGOK0OoSKSVjOxh3N45eCTb7gXVkIlpB0C+53mX+2ffGGqHa2kyt3zEGMbb6yoyiklitIb38pmLnSc9KP3kE4nbLx/9iMc7QZ4WIzVw0FzpuvxXSv5/hCMvPC+sPMMPMqNjqlUwG7SIOqtQts5azi4deoGqIGbv3pI6bSZ6omMjhJ603B7C5QpjZndcpOTCart4JKDyyMimr048obsfu0hRqvmD9GrQbQlvTLASS/YiiRSM+fB0+p7a5ug0DIu/ej8s8fCa19fcsASoAo81mGtZd9l1CZpLiTBRynl7VoCASItAbaVzoX]]></Encrypt><AgentID><![CDATA[1000002]]></AgentID></xml>
2017-11-09 10:58:59.376 [http-apr-8080-exec-7] INFO  com.ray.weixin.qy.service.message.reply.ReplyMessageService - reply_xmlMsg:<xml><ToUserName><![CDATA[ww92f5da92bb24696e]]></ToUserName><FromUserName><![CDATA[ShiRui]]></FromUserName><CreateTime>1510196338</CreateTime><MsgType><![CDATA[event]]></MsgType><AgentID>1000002</AgentID><Event><![CDATA[LOCATION]]></Event><Latitude>31.1676</Latitude><Longitude>121.156</Longitude><Precision>15</Precision></xml>
2017-11-09 10:58:59.381 [http-apr-8080-exec-7] INFO  com.ray.weixin.qy.service.message.reply.ReplyMessageService - fromUserName:ShiRui
2017-11-09 10:58:59.381 [http-apr-8080-exec-7] INFO  com.ray.weixin.qy.service.message.reply.ReplyMessageService - toUserName:ww92f5da92bb24696e
2017-11-09 10:58:59.382 [http-apr-8080-exec-7] INFO  com.ray.weixin.qy.service.message.reply.ReplyMessageService - msgType:event
2017-11-09 10:58:59.382 [http-apr-8080-exec-7] INFO  com.ray.weixin.qy.service.message.reply.ReplyMessageService - Event:LOCATION  eventKey:null
