2017-11-15 15:01:00.971 [http-apr-8080-exec-1] INFO  com.ray.weixin.gz.controller.WeiXinServlet - post--------------
2017-11-15 15:01:00.980 [http-apr-8080-exec-1] INFO  com.ray.weixin.gz.service.message.ReplyMessageService - parms:{"signature":["aaced2f2de48a00459e6f501538301393a3cdf62"],"timestamp":["1510729259"],"nonce":["1421441256"],"openid":["o1M7_1YPJI9YMaHiP54wN8nzuoDE"],"encrypt_type":["aes"],"msg_signature":["51fe9ad60fcf588cc20147f1a5607aec602cdd0e"]}
2017-11-15 15:01:00.980 [http-apr-8080-exec-1] INFO  com.ray.weixin.gz.service.message.ReplyMessageService - postData:<xml>    <ToUserName><![CDATA[gh_8903be978f8b]]></ToUserName>    <Encrypt><![CDATA[w8A/QdqztBetysN3ks331GLrXvWbDdBzdEiCAl8gtrNCQpnepDbw1k4B4k99vKBYs7nD6Li8ylt8ojlC2kEyU/ylN34TsSSU9d7cEa4yenWPiGjR8MmyM7hRk5iAh/FxVMLcjYZ8h/tSe1wXjG7ptHO69g93QBaAkBLdPOyiK/2Kkw6QKr4lgeJyPP/J34eFkuMkCvPffzGLng6C1G26SXX9RIhtxilaLJyMNjd75g2ZQVo/efyU0Ho+SZ2aeJsSgMsce4imjzMWmEkIshFxwws0qUmf9CCgixD9ZdW4SxYtjfgGycoptvbc06N2yExza8AhcDNmEXrLQ2zbckMbAE22RI0w6z80GDvsG6L94BdK5B+urdLSBtzyl38WRY/+oLhL9yGILsNwGS42kbabX7SdtOP2R9mEiRcTKXlKPEzvcvqr0qmL1KivaogLj4OeMUwLnmO+RlJzwyZTxYwMURJgB/ou+aqcB3FMxS2eHu8i7wm2h4g3NPK2FU2LZ4qR+SAy5ZyFQEzNWvZBGk/XiZqPQ1Tooc7EDSgGiYLWkeU=]]></Encrypt></xml>
2017-11-15 15:01:00.984 [http-apr-8080-exec-1] INFO  com.ray.weixin.gz.service.message.ReplyMessageService - 安全模式：消息被加密
2017-11-15 15:01:00.990 [http-apr-8080-exec-1] INFO  com.ray.weixin.gz.service.message.ReplyMessageService - <xml><ToUserName><![CDATA[gh_8903be978f8b]]></ToUserName>
<FromUserName><![CDATA[o1M7_1YPJI9YMaHiP54wN8nzuoDE]]></FromUserName>
<CreateTime>1510729259</CreateTime>
<MsgType><![CDATA[event]]></MsgType>
<Event><![CDATA[VIEW]]></Event>
<EventKey><![CDATA[http://rayner.nat300.top/weixin_gz/showInvoice.jsp]]></EventKey>
<MenuId>450181233</MenuId>
</xml>
2017-11-15 15:01:00.994 [http-apr-8080-exec-1] INFO  com.ray.weixin.gz.service.message.ReplyMessageService - fromUserName:o1M7_1YPJI9YMaHiP54wN8nzuoDE
2017-11-15 15:01:00.994 [http-apr-8080-exec-1] INFO  com.ray.weixin.gz.service.message.ReplyMessageService - toUserName:gh_8903be978f8b
2017-11-15 15:01:00.995 [http-apr-8080-exec-1] INFO  com.ray.weixin.gz.service.message.ReplyMessageService - msgType:event
2017-11-15 15:01:00.995 [http-apr-8080-exec-1] INFO  com.ray.weixin.gz.service.message.ReplyMessageService - Event:VIEW  eventKey:http://rayner.nat300.top/weixin_gz/showInvoice.jsp
2017-11-15 15:01:01.481 [http-apr-8080-exec-4] INFO  com.ray.weixin.gz.util.AuthHelper - jsonObject:{"access_token":"K6pkdQwWRHm5qyGOpsLXRM8lPN7kY3bqfEHIBqZp8t_sCZN6W0gG5Kkf_CNDo78TaxTQzJ30Fa_jjMCjUka2OkBKTX-DdtMmJGEXbJZ0LJ31eVFtxYcpxvziYtMfSTTkZVHgAAADZL","expires_in":7200}
2017-11-15 15:01:01.577 [http-apr-8080-exec-4] INFO  com.ray.weixin.gz.util.AuthHelper - jsonObject:{"errcode":0,"ticket":"HoagFKDcsGMVCIY2vOjf9mrEXbwXSbqpUm0898_LsZhfWowrJV-9wOxwAgoPTOhdqfiAJVBhU9J6pQbGq-WKag","errmsg":"ok","expires_in":7200}
2017-11-15 15:01:01.577 [http-apr-8080-exec-4] INFO  com.ray.weixin.gz.util.AuthHelper - accessToken:K6pkdQwWRHm5qyGOpsLXRM8lPN7kY3bqfEHIBqZp8t_sCZN6W0gG5Kkf_CNDo78TaxTQzJ30Fa_jjMCjUka2OkBKTX-DdtMmJGEXbJZ0LJ31eVFtxYcpxvziYtMfSTTkZVHgAAADZL
2017-11-15 15:01:01.578 [http-apr-8080-exec-4] INFO  com.ray.weixin.gz.util.AuthHelper - ticket:HoagFKDcsGMVCIY2vOjf9mrEXbwXSbqpUm0898_LsZhfWowrJV-9wOxwAgoPTOhdqfiAJVBhU9J6pQbGq-WKag
2017-11-15 15:01:01.578 [http-apr-8080-exec-4] INFO  com.ray.weixin.gz.util.AuthHelper - nonceStr:fa5d6371-9ac6-4d7a-ab15-bf664bb81e07
2017-11-15 15:01:01.578 [http-apr-8080-exec-4] INFO  com.ray.weixin.gz.util.AuthHelper - timeStamp:1510729261
2017-11-15 15:01:01.578 [http-apr-8080-exec-4] INFO  com.ray.weixin.gz.util.AuthHelper - signedUrl:http://rayner.nat300.top/weixin_gz/showInvoice.jsp
2017-11-15 15:01:01.578 [http-apr-8080-exec-4] INFO  com.ray.weixin.gz.util.AuthHelper - signature:7d79ab55d6c39a94115c97ba0396c00c6b0cef08
2017-11-15 15:01:01.578 [http-apr-8080-exec-4] INFO  com.ray.weixin.gz.util.AuthHelper - appId:wx07c4d9d0895fe212
2017-11-15 15:01:01.578 [http-apr-8080-exec-4] INFO  com.ray.weixin.gz.util.AuthHelper - configValue:{signature:'7d79ab55d6c39a94115c97ba0396c00c6b0cef08',nonceStr:'fa5d6371-9ac6-4d7a-ab15-bf664bb81e07',timeStamp:'1510729261',appId:'wx07c4d9d0895fe212'}
2017-11-15 15:01:01.665 [http-apr-8080-exec-4] INFO  com.ray.weixin.gz.util.AuthHelper - jsonObject:{"access_token":"K6pkdQwWRHm5qyGOpsLXRM8lPN7kY3bqfEHIBqZp8t8qn5jdOvdZIGU8JpnBJ0A-cM1ZlBy4bLU4HliFYKdwoWKe3Y96QXXaCTkFko-xyTP7aBEDOAt0tPPsMx3B60TzCOCgAAAMYM","expires_in":7200}
2017-11-15 15:01:01.760 [http-apr-8080-exec-4] INFO  com.ray.weixin.gz.service.invoice.InvoiceService - jsonObject:{"errcode":0,"ticket":"9KwiourQPRN3vx3Nn1c_iXCh-5F7rD5UiR6FRkNziS3cx4b8Yjpce58MCsslS5Cu43H8pvgbGMFfDvtxfdImxg","errmsg":"ok","expires_in":7200}
2017-11-15 15:01:01.761 [http-apr-8080-exec-4] INFO  com.ray.weixin.gz.util.AuthHelper - apiTicket:9KwiourQPRN3vx3Nn1c_iXCh-5F7rD5UiR6FRkNziS3cx4b8Yjpce58MCsslS5Cu43H8pvgbGMFfDvtxfdImxg
2017-11-15 15:01:01.761 [http-apr-8080-exec-4] INFO  com.ray.weixin.gz.util.AuthHelper - appId:wx07c4d9d0895fe212
2017-11-15 15:01:01.762 [http-apr-8080-exec-4] INFO  com.ray.weixin.gz.util.AuthHelper - timeStamp:1510729261
2017-11-15 15:01:01.763 [http-apr-8080-exec-4] INFO  com.ray.weixin.gz.util.AuthHelper - nonceStr:8670e68b-a080-4069-b186-c77f08491533
2017-11-15 15:01:01.763 [http-apr-8080-exec-4] INFO  com.ray.weixin.gz.util.AuthHelper - cardType:INVOICE
2017-11-15 15:01:01.763 [http-apr-8080-exec-4] INFO  com.ray.weixin.gz.util.AuthHelper - cardSign:cfb476e3ba2e2b9e1a81e84b693f820e8051b828
2017-11-15 15:01:01.764 [http-apr-8080-exec-4] INFO  com.ray.weixin.gz.util.AuthHelper - signType:SHA1
2017-11-15 15:01:01.764 [http-apr-8080-exec-4] INFO  com.ray.weixin.gz.util.AuthHelper - configValue:{"signType":"SHA1","cardSign":"cfb476e3ba2e2b9e1a81e84b693f820e8051b828","nonceStr":"8670e68b-a080-4069-b186-c77f08491533","timestamp":"1510729261"}
