2017-11-09 10:57:51.083 [http-apr-8080-exec-3] INFO  com.ray.weixin.qy.controller.WeiXinServlet - post--------------
2017-11-09 10:57:51.090 [http-apr-8080-exec-3] INFO  com.ray.weixin.qy.service.message.reply.ReplyMessageService - parms:{"msg_signature":["8122f5c41fa7e8333327e805becf190b748a1f49"],"timestamp":["1510196270"],"nonce":["1177105923"]}
2017-11-09 10:57:51.091 [http-apr-8080-exec-3] INFO  com.ray.weixin.qy.service.message.reply.ReplyMessageService - postData:<xml><ToUserName><![CDATA[ww92f5da92bb24696e]]></ToUserName><Encrypt><![CDATA[jWVYKvy3xOP5cZvTkLzNxT9kzbbx2PJ4yiZMQ4gIBeVT/poGjWwF84gqvCc6CEILQowAzSnAEik13iu8ykAA2bbSfXxT4Z8w8mQ40qC7Uk2vPKJoiDhkxU1aCrqldaJNOVgOQP8XsajRUzwn0Tv3Q0WsNDSh2O6R0x8FCoIp7TAb2705Y+wWplxalrsaycqZg94tb1ELALIzALjxAyUYUM+m/q62bCrMIj0H9WHdtDQYlzwM52T9Mr4hZcBdc5t2eY8z6xmDMAJaBXNqEDT58WEw+UOchhInsH2lX4pkQbtl42mYUG+hzJXluuf0XwAxQrRKMhot38GMZD7OntAYPOYz0C5n+WeLQuE35mxoYkZLrxpmTR82hBdYi2dxzHKTrJb5M5hq0t1FWxgI1WFTMONnDAiamo2+WX5hTq/ybsCViwKFYHakbu+XEAgU6tPRktZWbr5Pyt+Z1mmpwj+W0hFPWXe3kZLjqFKox9sXihqh5UejZROScIz7gBngtQxs]]></Encrypt><AgentID><![CDATA[1000002]]></AgentID></xml>
2017-11-09 10:57:51.199 [http-apr-8080-exec-3] INFO  com.ray.weixin.qy.service.message.reply.ReplyMessageService - reply_xmlMsg:<xml><ToUserName><![CDATA[ww92f5da92bb24696e]]></ToUserName><FromUserName><![CDATA[ShiRui]]></FromUserName><CreateTime>1510196270</CreateTime><MsgType><![CDATA[event]]></MsgType><AgentID>1000002</AgentID><Event><![CDATA[LOCATION]]></Event><Latitude>31.1676</Latitude><Longitude>121.156</Longitude><Precision>15</Precision></xml>
2017-11-09 10:57:51.203 [http-apr-8080-exec-3] INFO  com.ray.weixin.qy.service.message.reply.ReplyMessageService - fromUserName:ShiRui
2017-11-09 10:57:51.203 [http-apr-8080-exec-3] INFO  com.ray.weixin.qy.service.message.reply.ReplyMessageService - toUserName:ww92f5da92bb24696e
2017-11-09 10:57:51.203 [http-apr-8080-exec-3] INFO  com.ray.weixin.qy.service.message.reply.ReplyMessageService - msgType:event
2017-11-09 10:57:51.203 [http-apr-8080-exec-3] INFO  com.ray.weixin.qy.service.message.reply.ReplyMessageService - Event:LOCATION  eventKey:null
2017-11-09 10:57:51.783 [http-apr-8080-exec-4] INFO  com.ray.weixin.qy.controller.WeiXinServlet - post--------------
2017-11-09 10:57:51.784 [http-apr-8080-exec-4] INFO  com.ray.weixin.qy.service.message.reply.ReplyMessageService - parms:{"msg_signature":["48d4d9e091f458cfa4b25453279fbe68c6cecd06"],"timestamp":["1510196271"],"nonce":["1816682625"]}
2017-11-09 10:57:51.785 [http-apr-8080-exec-4] INFO  com.ray.weixin.qy.service.message.reply.ReplyMessageService - postData:<xml><ToUserName><![CDATA[ww92f5da92bb24696e]]></ToUserName><Encrypt><![CDATA[PQ6bXXq6PmHcOWt+wMKCqzRijKYQ+3g8G4gLUaFg3S/d2EhUOJnEQZuoWr72I3aF/4Q2Lq/HRIeDGvc0cIfLXIDQLlMHZ9GBSGXgm0uy5MjgfRNa2DTPRdLOQP/toyUfmJv7YsZ08bwa3VsgocY+TdzMAwe06ZA5cUddMWN1pRuFdaAHAqTpqADEoRY7Tx/cKd4393hs0tjVlI+1lt/oFW+yb3EgEMa1Dtpvkn6CDQ8luS8JdRpSP+qj2oN/GR90cW8s4F1xR9fThsMj1FsD/xCG1v8IJLnN5ADzW9/PycU4uRXNppTo7j/yVDYAiY/8ywPssWthH2WlAL1SaNAlEGDPViRSbXBwN/HhiMasOztk+rl2eCJOyG6oBk+VxCMl0G4QaGv6Mmfwx+3cfKVkfNt7UFe3WBZy9L7OFwzzVtThofNaVoZphI6HjupPBLPmaLFX7dKDQqjkvDiuAkHqHXzFDzfMEBQGszvvmEDCQOrCpIGeQDql0XYXVmEdwhsD]]></Encrypt><AgentID><![CDATA[1000002]]></AgentID></xml>
2017-11-09 10:57:51.793 [http-apr-8080-exec-4] INFO  com.ray.weixin.qy.service.message.reply.ReplyMessageService - reply_xmlMsg:<xml><ToUserName><![CDATA[ww92f5da92bb24696e]]></ToUserName><FromUserName><![CDATA[ShiRui]]></FromUserName><CreateTime>1510196271</CreateTime><MsgType><![CDATA[event]]></MsgType><AgentID>1000002</AgentID><Event><![CDATA[view]]></Event><EventKey><![CDATA[http://rayner.nat300.top/weixin_qy/showInvoice.jsp]]></EventKey></xml>
2017-11-09 10:57:51.796 [http-apr-8080-exec-4] INFO  com.ray.weixin.qy.service.message.reply.ReplyMessageService - fromUserName:ShiRui
2017-11-09 10:57:51.797 [http-apr-8080-exec-4] INFO  com.ray.weixin.qy.service.message.reply.ReplyMessageService - toUserName:ww92f5da92bb24696e
2017-11-09 10:57:51.797 [http-apr-8080-exec-4] INFO  com.ray.weixin.qy.service.message.reply.ReplyMessageService - msgType:event
2017-11-09 10:57:51.798 [http-apr-8080-exec-4] INFO  com.ray.weixin.qy.service.message.reply.ReplyMessageService - Event:view  eventKey:http://rayner.nat300.top/weixin_qy/showInvoice.jsp
2017-11-09 10:57:52.162 [http-apr-8080-exec-7] INFO  com.ray.weixin.qy.util.AuthHelper - jsonObject:{"errcode":0,"access_token":"RVUMhaz-QcALWPrIef8VlQayDM5w55oYDw5FrLAax9W4TOLAOXTnChxYEP2-74uxxPT2C9i1I9wewB97GuODOPyN3p7to4_wYWQ3cAQMv-owZeVpxS-gopdSUPHtRFsxqx5m0RnpBhh0BI0DFiUS85FISGwMzmvNvPe6ZvlKrM54gETQx1ZRdVGQSMHVYFzqZBb9C7q_gw-eZZ9u8Kqw4A","errmsg":"ok","expires_in":7200}
2017-11-09 10:57:52.542 [http-apr-8080-exec-7] INFO  com.ray.weixin.qy.util.AuthHelper - jsonObject:{"errcode":0,"ticket":"kgt8ON7yVITDhtdwci0qebCLEfC_BfeygIq8cFPLbdav_wS6aHw3IOuPFhwb5b37fHfTFdS6e23Vb_dbDCjTOg","errmsg":"ok","expires_in":7200}
2017-11-09 10:57:52.544 [http-apr-8080-exec-7] INFO  com.ray.weixin.qy.util.AuthHelper - url:http://rayner.nat300.top/weixin_qy/showInvoice.jsp
2017-11-09 10:57:52.544 [http-apr-8080-exec-7] INFO  com.ray.weixin.qy.util.AuthHelper - accessToken:RVUMhaz-QcALWPrIef8VlQayDM5w55oYDw5FrLAax9W4TOLAOXTnChxYEP2-74uxxPT2C9i1I9wewB97GuODOPyN3p7to4_wYWQ3cAQMv-owZeVpxS-gopdSUPHtRFsxqx5m0RnpBhh0BI0DFiUS85FISGwMzmvNvPe6ZvlKrM54gETQx1ZRdVGQSMHVYFzqZBb9C7q_gw-eZZ9u8Kqw4A
2017-11-09 10:57:52.545 [http-apr-8080-exec-7] INFO  com.ray.weixin.qy.util.AuthHelper - jsapi_ticket:kgt8ON7yVITDhtdwci0qebCLEfC_BfeygIq8cFPLbdav_wS6aHw3IOuPFhwb5b37fHfTFdS6e23Vb_dbDCjTOg
2017-11-09 10:57:52.546 [http-apr-8080-exec-7] INFO  com.ray.weixin.qy.util.AuthHelper - appId:ww92f5da92bb24696e
2017-11-09 10:57:52.546 [http-apr-8080-exec-7] INFO  com.ray.weixin.qy.util.AuthHelper - timestamp:1510196271
2017-11-09 10:57:52.547 [http-apr-8080-exec-7] INFO  com.ray.weixin.qy.util.AuthHelper - nonceStr:c3e47e93-def2-439d-b1df-89cb51ffc060
2017-11-09 10:57:52.547 [http-apr-8080-exec-7] INFO  com.ray.weixin.qy.util.AuthHelper - signature:533f29ade07a5bf4b4f3dafef0a3993bfd93a11c
2017-11-09 10:57:52.548 [http-apr-8080-exec-7] INFO  com.ray.weixin.qy.util.AuthHelper - configValue:{"signature":"533f29ade07a5bf4b4f3dafef0a3993bfd93a11c","appId":"ww92f5da92bb24696e","nonceStr":"c3e47e93-def2-439d-b1df-89cb51ffc060","timestamp":"1510196271"}
2017-11-09 10:57:55.311 [http-apr-8080-exec-10] INFO  com.ray.weixin.qy.controller.WeiXinServlet - post--------------
2017-11-09 10:57:55.311 [http-apr-8080-exec-10] INFO  com.ray.weixin.qy.service.message.reply.ReplyMessageService - parms:{"msg_signature":["dac840f7a925bdfd60ce9f37a5be8da4e3744887"],"timestamp":["1510196274"],"nonce":["2019829675"]}
2017-11-09 10:57:55.311 [http-apr-8080-exec-10] INFO  com.ray.weixin.qy.service.message.reply.ReplyMessageService - postData:<xml><ToUserName><![CDATA[ww92f5da92bb24696e]]></ToUserName><Encrypt><![CDATA[rtHmh7ZBmx/DfmOBAK0SYdq9aQt952SJeoe68Itwq3lqsW7cZecB0fJbirMhepCZcBwXkW1MOvemvsoTFhgdl1fT8Iya2B4mdJyQyY3Vb7X3Aa+Gyy01A4JyXg3+mhNX4QVzyvxsWaF0f7u+O65hy87CbGFQ57oqQG9tgwTTNTjGFCTJKagB+Z4aD8eeO3Grl3Z7/VFu0ampHfPt0KOKouWMPg7Gn3SXQapa4IWpl6Y+4rs++Ln94eRxN8danyezZZHyI8ol3Wa5KA4M2STNI7PBsYelOK6ac6zYRw98nUzi/gAOAT2fV6A0i8ffPXgo53yQPCQDSp+MHvJszKpuuP99AH+e7E/vD0aDuAkXaJ80poHGp8U7nFaV7GdoMKwWOd6XV+XBSOOPMkRgW3jSFUWir5hw46ODLK7aW22kWxowwaXcO020x96peIlSJhGTldKqnrK0WuR7mcXwilj8aoid+LwDnTYtdk2YeqJRNQ/AIBecqP7U1tJiSEj2gWQd]]></Encrypt><AgentID><![CDATA[1000002]]></AgentID></xml>
2017-11-09 10:57:55.313 [http-apr-8080-exec-10] INFO  com.ray.weixin.qy.service.message.reply.ReplyMessageService - reply_xmlMsg:<xml><ToUserName><![CDATA[ww92f5da92bb24696e]]></ToUserName><FromUserName><![CDATA[ShiRui]]></FromUserName><CreateTime>1510196274</CreateTime><MsgType><![CDATA[event]]></MsgType><AgentID>1000002</AgentID><Event><![CDATA[LOCATION]]></Event><Latitude>31.1676</Latitude><Longitude>121.156</Longitude><Precision>15</Precision></xml>
2017-11-09 10:57:55.314 [http-apr-8080-exec-10] INFO  com.ray.weixin.qy.service.message.reply.ReplyMessageService - fromUserName:ShiRui
2017-11-09 10:57:55.314 [http-apr-8080-exec-10] INFO  com.ray.weixin.qy.service.message.reply.ReplyMessageService - toUserName:ww92f5da92bb24696e
2017-11-09 10:57:55.314 [http-apr-8080-exec-10] INFO  com.ray.weixin.qy.service.message.reply.ReplyMessageService - msgType:event
2017-11-09 10:57:55.314 [http-apr-8080-exec-10] INFO  com.ray.weixin.qy.service.message.reply.ReplyMessageService - Event:LOCATION  eventKey:null
