2017-11-09 17:05:06.281 [http-apr-8080-exec-117] INFO  com.ray.weixin.qy.util.AuthHelper - jsonObject:{"errcode":0,"access_token":"2WBohiZOlPte6E85-R7MKLVL-p_BnIpZ2PIUAju7BHADpuk3F5IQXmgysMp49UxAwGYyvJB0fNMaOncI2qYhAeo43ew1K176yaYv26MnvKM8ko0JjJfynjinpxs6G9b33wj_Kytf-Ft9URAWHVCXfkiYDEUXEo07KjfYF4rnNWUtXPv0KsRgWFNZ3hNDfzTU569o2n3Q32BhSZPIm0PuBQ","errmsg":"ok","expires_in":7200}
2017-11-09 17:05:06.672 [http-apr-8080-exec-117] INFO  com.ray.weixin.qy.util.AuthHelper - jsonObject:{"errcode":0,"ticket":"kgt8ON7yVITDhtdwci0qebCLEfC_BfeygIq8cFPLbdYdtdCaqPLzldk4P6dt4IAe3UnoUiQYC9hEmUgN6zUVaA","errmsg":"ok","expires_in":7200}
2017-11-09 17:05:06.673 [http-apr-8080-exec-117] INFO  com.ray.weixin.qy.util.AuthHelper - url:http://rayner.nat300.top/weixin_qy/showInvoice.jsp
2017-11-09 17:05:06.673 [http-apr-8080-exec-117] INFO  com.ray.weixin.qy.util.AuthHelper - accessToken:2WBohiZOlPte6E85-R7MKLVL-p_BnIpZ2PIUAju7BHADpuk3F5IQXmgysMp49UxAwGYyvJB0fNMaOncI2qYhAeo43ew1K176yaYv26MnvKM8ko0JjJfynjinpxs6G9b33wj_Kytf-Ft9URAWHVCXfkiYDEUXEo07KjfYF4rnNWUtXPv0KsRgWFNZ3hNDfzTU569o2n3Q32BhSZPIm0PuBQ
2017-11-09 17:05:06.673 [http-apr-8080-exec-117] INFO  com.ray.weixin.qy.util.AuthHelper - jsapi_ticket:kgt8ON7yVITDhtdwci0qebCLEfC_BfeygIq8cFPLbdYdtdCaqPLzldk4P6dt4IAe3UnoUiQYC9hEmUgN6zUVaA
2017-11-09 17:05:06.673 [http-apr-8080-exec-117] INFO  com.ray.weixin.qy.util.AuthHelper - appId:ww92f5da92bb24696e
2017-11-09 17:05:06.673 [http-apr-8080-exec-117] INFO  com.ray.weixin.qy.util.AuthHelper - timestamp:1510218305
2017-11-09 17:05:06.673 [http-apr-8080-exec-117] INFO  com.ray.weixin.qy.util.AuthHelper - nonceStr:18dc3450-c235-49f5-aeda-b0a6c8eaefaf
2017-11-09 17:05:06.674 [http-apr-8080-exec-117] INFO  com.ray.weixin.qy.util.AuthHelper - signature:a3a4c9c05a8b0fc3bd9f62e9f2a445aba4606fe8
2017-11-09 17:05:06.674 [http-apr-8080-exec-117] INFO  com.ray.weixin.qy.util.AuthHelper - configValue:{"signature":"a3a4c9c05a8b0fc3bd9f62e9f2a445aba4606fe8","appId":"ww92f5da92bb24696e","nonceStr":"18dc3450-c235-49f5-aeda-b0a6c8eaefaf","timestamp":"1510218305"}
2017-11-09 17:05:06.876 [http-apr-8080-exec-117] INFO  com.ray.weixin.qy.util.AuthHelper - jsonObject:{"errcode":0,"access_token":"2WBohiZOlPte6E85-R7MKLVL-p_BnIpZ2PIUAju7BHADpuk3F5IQXmgysMp49UxAwGYyvJB0fNMaOncI2qYhAeo43ew1K176yaYv26MnvKM8ko0JjJfynjinpxs6G9b33wj_Kytf-Ft9URAWHVCXfkiYDEUXEo07KjfYF4rnNWUtXPv0KsRgWFNZ3hNDfzTU569o2n3Q32BhSZPIm0PuBQ","errmsg":"ok","expires_in":7200}
2017-11-09 17:05:07.052 [http-apr-8080-exec-117] INFO  com.ray.weixin.qy.util.AuthHelper - jsonObject:{"errcode":0,"ticket":"IpK_1T69hDhZkLQTlwsAXwPIgjZ1z6yuhHmi_IRriCgiitJwGV_7iDmYYOB6XDQ5h97TSLW8Z2BgPUvI_roAOA","group_id":"","errmsg":"ok","expires_in":7200}
2017-11-09 17:05:07.053 [http-apr-8080-exec-117] INFO  com.ray.weixin.qy.util.AuthHelper - apiTicket:IpK_1T69hDhZkLQTlwsAXwPIgjZ1z6yuhHmi_IRriCgiitJwGV_7iDmYYOB6XDQ5h97TSLW8Z2BgPUvI_roAOA
2017-11-09 17:05:07.053 [http-apr-8080-exec-117] INFO  com.ray.weixin.qy.util.AuthHelper - appId:ww92f5da92bb24696e
2017-11-09 17:05:07.053 [http-apr-8080-exec-117] INFO  com.ray.weixin.qy.util.AuthHelper - timeStamp:1510218307
2017-11-09 17:05:07.053 [http-apr-8080-exec-117] INFO  com.ray.weixin.qy.util.AuthHelper - nonceStr:be123438-0ebe-4872-af5b-38ea9afe3825
2017-11-09 17:05:07.053 [http-apr-8080-exec-117] INFO  com.ray.weixin.qy.util.AuthHelper - cardType:INVOICE
2017-11-09 17:05:07.053 [http-apr-8080-exec-117] INFO  com.ray.weixin.qy.util.AuthHelper - cardSign:802f4f68386a40877d787c5053661adcb1600997
2017-11-09 17:05:07.053 [http-apr-8080-exec-117] INFO  com.ray.weixin.qy.util.AuthHelper - signType:SHA1
2017-11-09 17:05:07.053 [http-apr-8080-exec-117] INFO  com.ray.weixin.qy.util.AuthHelper - configValue:{"signType":"SHA1","cardSign":"802f4f68386a40877d787c5053661adcb1600997","nonceStr":"be123438-0ebe-4872-af5b-38ea9afe3825","timestamp":"1510218307"}
