2017-11-08 18:56:40.286 [http-apr-8080-exec-55] INFO  com.ray.weixin.qy.controller.WeiXinServlet - post--------------
2017-11-08 18:56:40.292 [http-apr-8080-exec-55] INFO  com.ray.weixin.qy.service.message.reply.ReplyMessageService - parms:{"msg_signature":["383e8734cb1dde5ff6cffa3927b5c8c4966a3ca4"],"timestamp":["1510138599"],"nonce":["1807603052"]}
2017-11-08 18:56:40.292 [http-apr-8080-exec-55] INFO  com.ray.weixin.qy.service.message.reply.ReplyMessageService - postData:<xml><ToUserName><![CDATA[ww92f5da92bb24696e]]></ToUserName><Encrypt><![CDATA[zh3XGGDkgwPZXnsvDK4C63TJ9TCq/4UF+wXPa2TDC9iDjkkYjleL4iH30hvGNDhYqEOmiHGLqBgePmVaRHyHRrlkAVwlJvbG50KSXJL/a1XOOomM6ypXP91E0VI7LQCsTJpxCyy875NdG4zfFT3odovd7Hc0Qj63qd9dvIO5ZrX5MRm8t9JDqhchR2QotkM4+hf1WRt8k1o1/QE9+gcJNECLEWjtO8FkOG+ZKmcEDyqKdZQZs3klBSJICBopye5zm2SBqebaw/jf4e7CfJkCWS5AfxXg4em/97TsHBY+WOlnXGDxuc/PtOMML+6r3j+fm9/sJHWf/bOchCZsTf03OZI/XpO06CMVzbAzaxFonD99kW1lbh/MphOsY7Z32hOrDiKSG/ohsyvdWdOWemP7iaT/ORQ4KnYT8E+dC1uluZfA6SGt01RNFAjlDnxLRPOIScOzys6vam+vHcNxUR1Csdggv66Cz8f8rR1kGlq/uGpESscapx/a5E27DofIi+4d]]></Encrypt><AgentID><![CDATA[1000002]]></AgentID></xml>
2017-11-08 18:56:40.299 [http-apr-8080-exec-55] INFO  com.ray.weixin.qy.service.message.reply.ReplyMessageService - reply_xmlMsg:<xml><ToUserName><![CDATA[ww92f5da92bb24696e]]></ToUserName><FromUserName><![CDATA[ShiRui]]></FromUserName><CreateTime>1510138599</CreateTime><MsgType><![CDATA[event]]></MsgType><AgentID>1000002</AgentID><Event><![CDATA[LOCATION]]></Event><Latitude>31.1695</Latitude><Longitude>121.152</Longitude><Precision>0</Precision></xml>
2017-11-08 18:56:40.301 [http-apr-8080-exec-55] INFO  com.ray.weixin.qy.service.message.reply.ReplyMessageService - fromUserName:ShiRui
2017-11-08 18:56:40.301 [http-apr-8080-exec-55] INFO  com.ray.weixin.qy.service.message.reply.ReplyMessageService - toUserName:ww92f5da92bb24696e
2017-11-08 18:56:40.301 [http-apr-8080-exec-55] INFO  com.ray.weixin.qy.service.message.reply.ReplyMessageService - msgType:event
2017-11-08 18:56:40.301 [http-apr-8080-exec-55] INFO  com.ray.weixin.qy.service.message.reply.ReplyMessageService - Event:LOCATION  eventKey:null
2017-11-08 18:56:42.326 [http-apr-8080-exec-57] INFO  com.ray.weixin.qy.controller.WeiXinServlet - post--------------
2017-11-08 18:56:42.327 [http-apr-8080-exec-57] INFO  com.ray.weixin.qy.service.message.reply.ReplyMessageService - parms:{"msg_signature":["7cf93d019e509fc13f4000af8533162be699b45f"],"timestamp":["1510138602"],"nonce":["1746479094"]}
2017-11-08 18:56:42.327 [http-apr-8080-exec-57] INFO  com.ray.weixin.qy.service.message.reply.ReplyMessageService - postData:<xml><ToUserName><![CDATA[ww92f5da92bb24696e]]></ToUserName><Encrypt><![CDATA[2TYF2PTAKUOj+mLhk4i3M0U7MazYPamRyQgy7Q6dAvhfxq2s64MxvJm14x3r5hszKHhj2xLDpRiZlgnPwzZHMdvrC53rwVjIfLb7WKt1gZl6hbGRvT3/SD1UyMzN9gFgr2ugkRKZAZsp8b77+4kZYBkJrOr6QGe2F+1WRB/iF/qyWSVFhtK7ck11FTm5EucNCG0rSXDZQuuI+lQh3Le9ODZcPZP2WNYV/2cj1H4yMI1tSLh92Eg//KxBG40Fbb8Jp3RmUIGzKz6U0UPz1ck0+3JeMz4jPajUbcclnyo69IYNDHCV+86WPa1Q2BsF9qw+bHRa17cZWU7Ur2KlhIyfSmfI5xSVZpeRe+Gva6cXPe2VNmSfztQbn8CdH/JbZeiwb0uI0sgyqvZmYkK4S3EDWu1mFOTOE5rgEC8Q8/cvVCQ=]]></Encrypt><AgentID><![CDATA[1000002]]></AgentID></xml>
2017-11-08 18:56:42.332 [http-apr-8080-exec-57] INFO  com.ray.weixin.qy.service.message.reply.ReplyMessageService - reply_xmlMsg:<xml><ToUserName><![CDATA[ww92f5da92bb24696e]]></ToUserName><FromUserName><![CDATA[ShiRui]]></FromUserName><CreateTime>1510138601</CreateTime><MsgType><![CDATA[text]]></MsgType><Content><![CDATA[…]]></Content><MsgId>1637538523</MsgId><AgentID>1000002</AgentID></xml>
2017-11-08 18:56:42.333 [http-apr-8080-exec-57] INFO  com.ray.weixin.qy.service.message.reply.ReplyMessageService - fromUserName:ShiRui
2017-11-08 18:56:42.333 [http-apr-8080-exec-57] INFO  com.ray.weixin.qy.service.message.reply.ReplyMessageService - toUserName:ww92f5da92bb24696e
2017-11-08 18:56:42.333 [http-apr-8080-exec-57] INFO  com.ray.weixin.qy.service.message.reply.ReplyMessageService - msgType:text
2017-11-08 18:56:42.333 [http-apr-8080-exec-57] INFO  com.ray.weixin.qy.service.message.reply.ReplyMessageService - Event:null  eventKey:null
2017-11-08 18:56:51.496 [http-apr-8080-exec-59] INFO  com.ray.weixin.qy.controller.WeiXinServlet - post--------------
2017-11-08 18:56:51.497 [http-apr-8080-exec-59] INFO  com.ray.weixin.qy.service.message.reply.ReplyMessageService - parms:{"msg_signature":["2d5cddf8fe02cfa91cf85fed627bc61918e38d6b"],"timestamp":["1510138611"],"nonce":["1816620624"]}
2017-11-08 18:56:51.499 [http-apr-8080-exec-59] INFO  com.ray.weixin.qy.service.message.reply.ReplyMessageService - postData:<xml><ToUserName><![CDATA[ww92f5da92bb24696e]]></ToUserName><Encrypt><![CDATA[CFy+u0Q431MpOO0/D7WC0w0Q9b9vQ63AmtBDh5fCH6cfeIVlRu+K4iVjH11YJlTl9yLSOBJxlah+YwL09isaX9gESqtOWGvz3WeAhKKsAIJnheHW4sOYnR8lzZMTLBDAqYSM526K+/DDWGC83TsO8asf4PsXn1DmXxrL/hbEgCaw4bdwDVVQIqLuuuRH1duypPCwuP6HXxFAqrnK+xBmkwhS3Tyiqtx9bF71d7Gb3FiyOKI6Ublr8YczXbJy3gkSmjuTmGVslJFQFCtnpAiM0fPq1gUiL9eMrpDwVYRx/TR1+sQfsIfluwoHEHFo1LIAuUSt+zCTO4WFbt/SzL4BJ4AATjNQzyAIM3ald6WVwxUtSwKYc2PC/G2ExyiWM9XlhckZH0IxPsdlv7lWoE3wrgqZSQPN+PxuqYIuWZNYk44gkMaM8CsBAKwTfLLNhyPCKZHSbUjBEnrU/X8k/CXKDCsZSvI9iFn828V3pdXqGzIQjjUSSdgnudDh9kPOYwcM]]></Encrypt><AgentID><![CDATA[1000002]]></AgentID></xml>
2017-11-08 18:56:51.506 [http-apr-8080-exec-59] INFO  com.ray.weixin.qy.service.message.reply.ReplyMessageService - reply_xmlMsg:<xml><ToUserName><![CDATA[ww92f5da92bb24696e]]></ToUserName><FromUserName><![CDATA[ShiRui]]></FromUserName><CreateTime>1510138611</CreateTime><MsgType><![CDATA[event]]></MsgType><AgentID>1000002</AgentID><Event><![CDATA[LOCATION]]></Event><Latitude>31.1695</Latitude><Longitude>121.152</Longitude><Precision>0</Precision></xml>
2017-11-08 18:56:51.510 [http-apr-8080-exec-59] INFO  com.ray.weixin.qy.service.message.reply.ReplyMessageService - fromUserName:ShiRui
2017-11-08 18:56:51.511 [http-apr-8080-exec-59] INFO  com.ray.weixin.qy.service.message.reply.ReplyMessageService - toUserName:ww92f5da92bb24696e
2017-11-08 18:56:51.512 [http-apr-8080-exec-59] INFO  com.ray.weixin.qy.service.message.reply.ReplyMessageService - msgType:event
2017-11-08 18:56:51.512 [http-apr-8080-exec-59] INFO  com.ray.weixin.qy.service.message.reply.ReplyMessageService - Event:LOCATION  eventKey:null
