2017-11-09 16:53:43.453 [http-apr-8080-exec-112] INFO  com.ray.weixin.qy.controller.WeiXinServlet - post--------------
2017-11-09 16:53:43.586 [http-apr-8080-exec-112] INFO  com.ray.weixin.qy.service.message.reply.ReplyMessageService - parms:{"msg_signature":["3b9aad73117b23880828d83b4ab72ab7fbb12092"],"timestamp":["1510217622"],"nonce":["1458479559"]}
2017-11-09 16:53:43.586 [http-apr-8080-exec-112] INFO  com.ray.weixin.qy.service.message.reply.ReplyMessageService - postData:<xml><ToUserName><![CDATA[ww92f5da92bb24696e]]></ToUserName><Encrypt><![CDATA[UuqBNUz0eY1u4LvuXYNe+b1ul8tteCw77katgoO8uapzRrWj0Ked6W3vh7ECXKS7Yx+63CKj12GQNyMB2t9PMchJAKkI/iCQ3K5g6uIeIASiwzOXmDS4gpXsXRoG5pW0zx1omRYvLHUsAdXCXsoCXyxDe+aHJh+d2+WBbLEvL5q9h1A5NVw/QpXoajLNo2sg5AGmDELdAG1cqwK3edV86XYrZvb41iRuErLqTLgQ+YTr6b0hMkqn+9NOv3rcxqYpLccAgynU0C2VFadgCxSLlbgThMFTPTbuQOhf4+/70AdEXMEHx2C7ZYeiAzSuKO4+E+VQFqwxcEtV+v2xHVNh0CpUXwqNwaZF0HVi42RvD3OmaryovTecqWCj809bxpl5ccv73aexD2VoM2zl/IvlA4lmylIKLOOzmL+62kM54xtOnaqeRSNJhDqJtcnJt7VlV3XITWQQ5W8+MbAmx6n8yxiabn26xEGQAsK2z+bv4vhUX9QZOV+HqAkFSSJlrNEK]]></Encrypt><AgentID><![CDATA[1000002]]></AgentID></xml>
2017-11-09 16:53:43.602 [http-apr-8080-exec-112] INFO  com.ray.weixin.qy.service.message.reply.ReplyMessageService - reply_xmlMsg:<xml><ToUserName><![CDATA[ww92f5da92bb24696e]]></ToUserName><FromUserName><![CDATA[XuZhao]]></FromUserName><CreateTime>1510217622</CreateTime><MsgType><![CDATA[event]]></MsgType><AgentID>1000002</AgentID><Event><![CDATA[view]]></Event><EventKey><![CDATA[http://rayner.nat300.top/weixin_qy/showInvoice.jsp]]></EventKey></xml>
2017-11-09 16:53:43.771 [http-apr-8080-exec-112] INFO  com.ray.weixin.qy.service.message.reply.ReplyMessageService - fromUserName:XuZhao
2017-11-09 16:53:43.771 [http-apr-8080-exec-112] INFO  com.ray.weixin.qy.service.message.reply.ReplyMessageService - toUserName:ww92f5da92bb24696e
2017-11-09 16:53:43.772 [http-apr-8080-exec-112] INFO  com.ray.weixin.qy.service.message.reply.ReplyMessageService - msgType:event
2017-11-09 16:53:43.772 [http-apr-8080-exec-112] INFO  com.ray.weixin.qy.service.message.reply.ReplyMessageService - Event:view  eventKey:http://rayner.nat300.top/weixin_qy/showInvoice.jsp
2017-11-09 16:53:44.006 [http-apr-8080-exec-114] INFO  com.ray.weixin.qy.util.AuthHelper - jsonObject:{"errcode":0,"access_token":"2WBohiZOlPte6E85-R7MKLVL-p_BnIpZ2PIUAju7BHADpuk3F5IQXmgysMp49UxAwGYyvJB0fNMaOncI2qYhAeo43ew1K176yaYv26MnvKM8ko0JjJfynjinpxs6G9b33wj_Kytf-Ft9URAWHVCXfkiYDEUXEo07KjfYF4rnNWUtXPv0KsRgWFNZ3hNDfzTU569o2n3Q32BhSZPIm0PuBQ","errmsg":"ok","expires_in":7200}
2017-11-09 16:53:44.384 [http-apr-8080-exec-114] INFO  com.ray.weixin.qy.util.AuthHelper - jsonObject:{"errcode":0,"ticket":"kgt8ON7yVITDhtdwci0qebCLEfC_BfeygIq8cFPLbdYdtdCaqPLzldk4P6dt4IAe3UnoUiQYC9hEmUgN6zUVaA","errmsg":"ok","expires_in":7200}
2017-11-09 16:53:44.385 [http-apr-8080-exec-114] INFO  com.ray.weixin.qy.util.AuthHelper - url:http://rayner.nat300.top/weixin_qy/showInvoice.jsp
2017-11-09 16:53:44.386 [http-apr-8080-exec-114] INFO  com.ray.weixin.qy.util.AuthHelper - accessToken:2WBohiZOlPte6E85-R7MKLVL-p_BnIpZ2PIUAju7BHADpuk3F5IQXmgysMp49UxAwGYyvJB0fNMaOncI2qYhAeo43ew1K176yaYv26MnvKM8ko0JjJfynjinpxs6G9b33wj_Kytf-Ft9URAWHVCXfkiYDEUXEo07KjfYF4rnNWUtXPv0KsRgWFNZ3hNDfzTU569o2n3Q32BhSZPIm0PuBQ
2017-11-09 16:53:44.387 [http-apr-8080-exec-114] INFO  com.ray.weixin.qy.util.AuthHelper - jsapi_ticket:kgt8ON7yVITDhtdwci0qebCLEfC_BfeygIq8cFPLbdYdtdCaqPLzldk4P6dt4IAe3UnoUiQYC9hEmUgN6zUVaA
2017-11-09 16:53:44.387 [http-apr-8080-exec-114] INFO  com.ray.weixin.qy.util.AuthHelper - appId:ww92f5da92bb24696e
2017-11-09 16:53:44.388 [http-apr-8080-exec-114] INFO  com.ray.weixin.qy.util.AuthHelper - timestamp:1510217623
2017-11-09 16:53:44.388 [http-apr-8080-exec-114] INFO  com.ray.weixin.qy.util.AuthHelper - nonceStr:90045479-43a7-452b-b726-a18e3beb94f8
2017-11-09 16:53:44.389 [http-apr-8080-exec-114] INFO  com.ray.weixin.qy.util.AuthHelper - signature:f85169b61e085c52cb006e15303a6c142f7b8aed
2017-11-09 16:53:44.389 [http-apr-8080-exec-114] INFO  com.ray.weixin.qy.util.AuthHelper - configValue:{"signature":"f85169b61e085c52cb006e15303a6c142f7b8aed","appId":"ww92f5da92bb24696e","nonceStr":"90045479-43a7-452b-b726-a18e3beb94f8","timestamp":"1510217623"}
2017-11-09 16:53:44.643 [http-apr-8080-exec-114] INFO  com.ray.weixin.qy.util.AuthHelper - jsonObject:{"errcode":0,"access_token":"2WBohiZOlPte6E85-R7MKLVL-p_BnIpZ2PIUAju7BHADpuk3F5IQXmgysMp49UxAwGYyvJB0fNMaOncI2qYhAeo43ew1K176yaYv26MnvKM8ko0JjJfynjinpxs6G9b33wj_Kytf-Ft9URAWHVCXfkiYDEUXEo07KjfYF4rnNWUtXPv0KsRgWFNZ3hNDfzTU569o2n3Q32BhSZPIm0PuBQ","errmsg":"ok","expires_in":7200}
2017-11-09 16:53:44.988 [http-apr-8080-exec-114] INFO  com.ray.weixin.qy.util.AuthHelper - jsonObject:{"errcode":0,"ticket":"IpK_1T69hDhZkLQTlwsAXwPIgjZ1z6yuhHmi_IRriCgiitJwGV_7iDmYYOB6XDQ5h97TSLW8Z2BgPUvI_roAOA","group_id":"","errmsg":"ok","expires_in":7200}
2017-11-09 16:53:44.989 [http-apr-8080-exec-114] INFO  com.ray.weixin.qy.util.AuthHelper - apiTicket:IpK_1T69hDhZkLQTlwsAXwPIgjZ1z6yuhHmi_IRriCgiitJwGV_7iDmYYOB6XDQ5h97TSLW8Z2BgPUvI_roAOA
2017-11-09 16:53:44.989 [http-apr-8080-exec-114] INFO  com.ray.weixin.qy.util.AuthHelper - appId:ww92f5da92bb24696e
2017-11-09 16:53:44.989 [http-apr-8080-exec-114] INFO  com.ray.weixin.qy.util.AuthHelper - timeStamp:1510217624
2017-11-09 16:53:44.990 [http-apr-8080-exec-114] INFO  com.ray.weixin.qy.util.AuthHelper - nonceStr:0ddedd9c-4611-46f5-9cb3-2787e45a275e
2017-11-09 16:53:44.990 [http-apr-8080-exec-114] INFO  com.ray.weixin.qy.util.AuthHelper - cardType:INVOICE
2017-11-09 16:53:44.990 [http-apr-8080-exec-114] INFO  com.ray.weixin.qy.util.AuthHelper - cardSign:f062a8b7afc9067518180ef79be8951d0d33985e
2017-11-09 16:53:44.990 [http-apr-8080-exec-114] INFO  com.ray.weixin.qy.util.AuthHelper - signType:SHA1
2017-11-09 16:53:44.990 [http-apr-8080-exec-114] INFO  com.ray.weixin.qy.util.AuthHelper - configValue:{"signType":"SHA1","cardSign":"f062a8b7afc9067518180ef79be8951d0d33985e","nonceStr":"0ddedd9c-4611-46f5-9cb3-2787e45a275e","timestamp":"1510217624"}
2017-11-09 16:53:59.476 [http-apr-8080-exec-97] INFO  com.ray.weixin.qy.util.AuthHelper - jsonObject:{"errcode":0,"access_token":"2WBohiZOlPte6E85-R7MKLVL-p_BnIpZ2PIUAju7BHADpuk3F5IQXmgysMp49UxAwGYyvJB0fNMaOncI2qYhAeo43ew1K176yaYv26MnvKM8ko0JjJfynjinpxs6G9b33wj_Kytf-Ft9URAWHVCXfkiYDEUXEo07KjfYF4rnNWUtXPv0KsRgWFNZ3hNDfzTU569o2n3Q32BhSZPIm0PuBQ","errmsg":"ok","expires_in":7200}
