2017-11-07 14:56:41.087 [http-apr-8080-exec-12] INFO  com.ray.weixin.gz.controller.WeiXinServlet - post--------------
2017-11-07 14:56:41.165 [http-apr-8080-exec-12] INFO  com.ray.weixin.gz.service.message.ReplyMessageService - parms:{"signature":["4605e998a391f2f2ae3a11ff3a3d21a16c966638"],"timestamp":["1510037800"],"nonce":["1771577492"],"openid":["oDLefxDvQajibXhSWIWHrkiO1n2o"]}
2017-11-07 14:56:41.165 [http-apr-8080-exec-12] INFO  com.ray.weixin.gz.service.message.ReplyMessageService - postData:<xml><ToUserName><![CDATA[gh_8c1dd328db4e]]></ToUserName><FromUserName><![CDATA[oDLefxDvQajibXhSWIWHrkiO1n2o]]></FromUserName><CreateTime>1510037800</CreateTime><MsgType><![CDATA[event]]></MsgType><Event><![CDATA[VIEW]]></Event><EventKey><![CDATA[https://mp.weixin.qq.com/bizmall/authinvoice?action=list&s_pappid=d3hhMDA2NGVhNjU3ZjgwMDYyX0s22HY1myAuWWro7q-FsX8KWzrWiEgI8Ngqa3-W6dQ4&appid=wxa0064ea657f80062&num=1&o1=1234&m1=11&t1=1509942717&source=web&type=1&redirect_url=https%3A%2F%2Fmp.weixin.qq.com&signature=3940aae89b04a0fd05f8f231b74821939f0d18df#wechat_redirect]]></EventKey><MenuId>591669406</MenuId></xml>
2017-11-07 14:56:41.166 [http-apr-8080-exec-12] INFO  com.ray.weixin.gz.service.message.ReplyMessageService - 明文模式
2017-11-07 14:56:41.166 [http-apr-8080-exec-12] INFO  com.ray.weixin.gz.service.message.ReplyMessageService - <xml><ToUserName><![CDATA[gh_8c1dd328db4e]]></ToUserName><FromUserName><![CDATA[oDLefxDvQajibXhSWIWHrkiO1n2o]]></FromUserName><CreateTime>1510037800</CreateTime><MsgType><![CDATA[event]]></MsgType><Event><![CDATA[VIEW]]></Event><EventKey><![CDATA[https://mp.weixin.qq.com/bizmall/authinvoice?action=list&s_pappid=d3hhMDA2NGVhNjU3ZjgwMDYyX0s22HY1myAuWWro7q-FsX8KWzrWiEgI8Ngqa3-W6dQ4&appid=wxa0064ea657f80062&num=1&o1=1234&m1=11&t1=1509942717&source=web&type=1&redirect_url=https%3A%2F%2Fmp.weixin.qq.com&signature=3940aae89b04a0fd05f8f231b74821939f0d18df#wechat_redirect]]></EventKey><MenuId>591669406</MenuId></xml>
2017-11-07 14:56:41.330 [http-apr-8080-exec-12] INFO  com.ray.weixin.gz.service.message.ReplyMessageService - fromUserName:oDLefxDvQajibXhSWIWHrkiO1n2o
2017-11-07 14:56:41.330 [http-apr-8080-exec-12] INFO  com.ray.weixin.gz.service.message.ReplyMessageService - toUserName:gh_8c1dd328db4e
2017-11-07 14:56:41.330 [http-apr-8080-exec-12] INFO  com.ray.weixin.gz.service.message.ReplyMessageService - msgType:event
2017-11-07 14:56:41.330 [http-apr-8080-exec-12] INFO  com.ray.weixin.gz.service.message.ReplyMessageService - Event:VIEW  eventKey:https://mp.weixin.qq.com/bizmall/authinvoice?action=list&s_pappid=d3hhMDA2NGVhNjU3ZjgwMDYyX0s22HY1myAuWWro7q-FsX8KWzrWiEgI8Ngqa3-W6dQ4&appid=wxa0064ea657f80062&num=1&o1=1234&m1=11&t1=1509942717&source=web&type=1&redirect_url=https%3A%2F%2Fmp.weixin.qq.com&signature=3940aae89b04a0fd05f8f231b74821939f0d18df#wechat_redirect
2017-11-07 14:56:52.899 [http-apr-8080-exec-14] INFO  com.ray.weixin.gz.controller.WeiXinServlet - post--------------
2017-11-07 14:56:52.902 [http-apr-8080-exec-14] INFO  com.ray.weixin.gz.service.message.ReplyMessageService - parms:{"signature":["189c4455bb1a7e2b140ac70363b58fef1ad6db4e"],"timestamp":["1510037812"],"nonce":["619793898"],"openid":["oDLefxDvQajibXhSWIWHrkiO1n2o"]}
2017-11-07 14:56:52.903 [http-apr-8080-exec-14] INFO  com.ray.weixin.gz.service.message.ReplyMessageService - postData:<xml><ToUserName><![CDATA[gh_8c1dd328db4e]]></ToUserName><FromUserName><![CDATA[oDLefxDvQajibXhSWIWHrkiO1n2o]]></FromUserName><CreateTime>1510037812</CreateTime><MsgType><![CDATA[event]]></MsgType><Event><![CDATA[VIEW]]></Event><EventKey><![CDATA[https://mp.weixin.qq.com/bizmall/authinvoice?action=list&s_pappid=d3hhMDA2NGVhNjU3ZjgwMDYyX0s22HY1myAuWWro7q-FsX8KWzrWiEgI8Ngqa3-W6dQ4&appid=wxa0064ea657f80062&num=1&o1=1234&m1=11&t1=1509942717&source=web&type=1&redirect_url=https%3A%2F%2Fmp.weixin.qq.com&signature=3940aae89b04a0fd05f8f231b74821939f0d18df#wechat_redirect]]></EventKey><MenuId>591669406</MenuId></xml>
2017-11-07 14:56:52.904 [http-apr-8080-exec-14] INFO  com.ray.weixin.gz.service.message.ReplyMessageService - 明文模式
2017-11-07 14:56:52.904 [http-apr-8080-exec-14] INFO  com.ray.weixin.gz.service.message.ReplyMessageService - <xml><ToUserName><![CDATA[gh_8c1dd328db4e]]></ToUserName><FromUserName><![CDATA[oDLefxDvQajibXhSWIWHrkiO1n2o]]></FromUserName><CreateTime>1510037812</CreateTime><MsgType><![CDATA[event]]></MsgType><Event><![CDATA[VIEW]]></Event><EventKey><![CDATA[https://mp.weixin.qq.com/bizmall/authinvoice?action=list&s_pappid=d3hhMDA2NGVhNjU3ZjgwMDYyX0s22HY1myAuWWro7q-FsX8KWzrWiEgI8Ngqa3-W6dQ4&appid=wxa0064ea657f80062&num=1&o1=1234&m1=11&t1=1509942717&source=web&type=1&redirect_url=https%3A%2F%2Fmp.weixin.qq.com&signature=3940aae89b04a0fd05f8f231b74821939f0d18df#wechat_redirect]]></EventKey><MenuId>591669406</MenuId></xml>
2017-11-07 14:56:52.921 [http-apr-8080-exec-14] INFO  com.ray.weixin.gz.service.message.ReplyMessageService - fromUserName:oDLefxDvQajibXhSWIWHrkiO1n2o
2017-11-07 14:56:52.922 [http-apr-8080-exec-14] INFO  com.ray.weixin.gz.service.message.ReplyMessageService - toUserName:gh_8c1dd328db4e
2017-11-07 14:56:52.923 [http-apr-8080-exec-14] INFO  com.ray.weixin.gz.service.message.ReplyMessageService - msgType:event
2017-11-07 14:56:52.923 [http-apr-8080-exec-14] INFO  com.ray.weixin.gz.service.message.ReplyMessageService - Event:VIEW  eventKey:https://mp.weixin.qq.com/bizmall/authinvoice?action=list&s_pappid=d3hhMDA2NGVhNjU3ZjgwMDYyX0s22HY1myAuWWro7q-FsX8KWzrWiEgI8Ngqa3-W6dQ4&appid=wxa0064ea657f80062&num=1&o1=1234&m1=11&t1=1509942717&source=web&type=1&redirect_url=https%3A%2F%2Fmp.weixin.qq.com&signature=3940aae89b04a0fd05f8f231b74821939f0d18df#wechat_redirect
2017-11-07 14:56:59.027 [http-apr-8080-exec-16] INFO  com.ray.weixin.gz.controller.WeiXinServlet - post--------------
2017-11-07 14:56:59.028 [http-apr-8080-exec-16] INFO  com.ray.weixin.gz.service.message.ReplyMessageService - parms:{"signature":["b31367158ed041654cc49b5f8c64cda5ef93ad0b"],"timestamp":["1510037819"],"nonce":["599908534"],"openid":["oDLefxDvQajibXhSWIWHrkiO1n2o"]}
2017-11-07 14:56:59.030 [http-apr-8080-exec-16] INFO  com.ray.weixin.gz.service.message.ReplyMessageService - postData:<xml><ToUserName><![CDATA[gh_8c1dd328db4e]]></ToUserName><FromUserName><![CDATA[oDLefxDvQajibXhSWIWHrkiO1n2o]]></FromUserName><CreateTime>1510037819</CreateTime><MsgType><![CDATA[event]]></MsgType><Event><![CDATA[unsubscribe]]></Event><EventKey><![CDATA[]]></EventKey></xml>
2017-11-07 14:56:59.031 [http-apr-8080-exec-16] INFO  com.ray.weixin.gz.service.message.ReplyMessageService - 明文模式
2017-11-07 14:56:59.032 [http-apr-8080-exec-16] INFO  com.ray.weixin.gz.service.message.ReplyMessageService - <xml><ToUserName><![CDATA[gh_8c1dd328db4e]]></ToUserName><FromUserName><![CDATA[oDLefxDvQajibXhSWIWHrkiO1n2o]]></FromUserName><CreateTime>1510037819</CreateTime><MsgType><![CDATA[event]]></MsgType><Event><![CDATA[unsubscribe]]></Event><EventKey><![CDATA[]]></EventKey></xml>
2017-11-07 14:56:59.037 [http-apr-8080-exec-16] INFO  com.ray.weixin.gz.service.message.ReplyMessageService - fromUserName:oDLefxDvQajibXhSWIWHrkiO1n2o
2017-11-07 14:56:59.037 [http-apr-8080-exec-16] INFO  com.ray.weixin.gz.service.message.ReplyMessageService - toUserName:gh_8c1dd328db4e
2017-11-07 14:56:59.038 [http-apr-8080-exec-16] INFO  com.ray.weixin.gz.service.message.ReplyMessageService - msgType:event
2017-11-07 14:56:59.038 [http-apr-8080-exec-16] INFO  com.ray.weixin.gz.service.message.ReplyMessageService - Event:unsubscribe  eventKey:
