2017-11-15 17:23:16.525 [http-apr-8080-exec-6] INFO  com.ray.weixin.gz.util.AuthHelper - jsonObject:{"access_token":"dS6c8lCNzwxREGpcXxd2pC5Ax18vbz_S82GTIEPuGEdBKKLu-ITZmTrp6MwjERua1oYbVW3LC4L6nwB68wy8PrCQu8CcRbxr3bWFocIbEWMNDLfAIAZPX","expires_in":7200}
2017-11-15 17:23:16.628 [http-apr-8080-exec-6] INFO  com.ray.weixin.gz.util.AuthHelper - jsonObject:{"errcode":0,"ticket":"HoagFKDcsGMVCIY2vOjf9mrEXbwXSbqpUm0898_LsZjrgUvXUmjZj1WFa7xD7-y9AQW9Hpa1_IwgC-BK5w_kpw","errmsg":"ok","expires_in":7200}
2017-11-15 17:23:16.630 [http-apr-8080-exec-6] INFO  com.ray.weixin.gz.util.AuthHelper - accessToken:dS6c8lCNzwxREGpcXxd2pC5Ax18vbz_S82GTIEPuGEdBKKLu-ITZmTrp6MwjERua1oYbVW3LC4L6nwB68wy8PrCQu8CcRbxr3bWFocIbEWMNDLfAIAZPX
2017-11-15 17:23:16.632 [http-apr-8080-exec-6] INFO  com.ray.weixin.gz.util.AuthHelper - ticket:HoagFKDcsGMVCIY2vOjf9mrEXbwXSbqpUm0898_LsZjrgUvXUmjZj1WFa7xD7-y9AQW9Hpa1_IwgC-BK5w_kpw
2017-11-15 17:23:16.633 [http-apr-8080-exec-6] INFO  com.ray.weixin.gz.util.AuthHelper - nonceStr:a95c2bd6-4673-4a4c-bf74-b9164d061ffb
2017-11-15 17:23:16.633 [http-apr-8080-exec-6] INFO  com.ray.weixin.gz.util.AuthHelper - timeStamp:1510737796
2017-11-15 17:23:16.634 [http-apr-8080-exec-6] INFO  com.ray.weixin.gz.util.AuthHelper - signedUrl:http://rayner.nat300.top/weixin_gz/showInvoice.jsp
2017-11-15 17:23:16.634 [http-apr-8080-exec-6] INFO  com.ray.weixin.gz.util.AuthHelper - signature:76975783bef6efae32a87ca244699116b9634e3d
2017-11-15 17:23:16.634 [http-apr-8080-exec-6] INFO  com.ray.weixin.gz.util.AuthHelper - appId:wx07c4d9d0895fe212
2017-11-15 17:23:16.635 [http-apr-8080-exec-6] INFO  com.ray.weixin.gz.util.AuthHelper - configValue:{signature:'76975783bef6efae32a87ca244699116b9634e3d',nonceStr:'a95c2bd6-4673-4a4c-bf74-b9164d061ffb',timeStamp:'1510737796',appId:'wx07c4d9d0895fe212'}
2017-11-15 17:23:16.734 [http-apr-8080-exec-6] INFO  com.ray.weixin.gz.util.AuthHelper - jsonObject:{"access_token":"dS6c8lCNzwxREGpcXxd2pC5Ax18vbz_S82GTIEPuGEck8_MjCvafXIqSO_Z3dD0qnbt5iVaAu488qHCIpLtNptrHBX3cWmtm9_toW3pDfisUSIfAIAYWM","expires_in":7200}
2017-11-15 17:23:16.818 [http-apr-8080-exec-6] INFO  com.ray.weixin.gz.service.invoice.InvoiceService - jsonObject:{"errcode":0,"ticket":"9KwiourQPRN3vx3Nn1c_iXCh-5F7rD5UiR6FRkNziS1qBd3gAGN5S8BmdmsudJYYtP_uKP4Q2TgqHEb_CnvT9w","errmsg":"ok","expires_in":7200}
2017-11-15 17:23:16.818 [http-apr-8080-exec-6] INFO  com.ray.weixin.gz.util.AuthHelper - apiTicket:9KwiourQPRN3vx3Nn1c_iXCh-5F7rD5UiR6FRkNziS1qBd3gAGN5S8BmdmsudJYYtP_uKP4Q2TgqHEb_CnvT9w
2017-11-15 17:23:16.819 [http-apr-8080-exec-6] INFO  com.ray.weixin.gz.util.AuthHelper - appId:wx07c4d9d0895fe212
2017-11-15 17:23:16.819 [http-apr-8080-exec-6] INFO  com.ray.weixin.gz.util.AuthHelper - timeStamp:1510737796
2017-11-15 17:23:16.819 [http-apr-8080-exec-6] INFO  com.ray.weixin.gz.util.AuthHelper - nonceStr:0014e6f1-0eac-421a-b299-11fe254a912e
2017-11-15 17:23:16.819 [http-apr-8080-exec-6] INFO  com.ray.weixin.gz.util.AuthHelper - cardType:INVOICE
2017-11-15 17:23:16.820 [http-apr-8080-exec-6] INFO  com.ray.weixin.gz.util.AuthHelper - cardSign:1a5508bfa47b1e73a8a3e93a15a25a7f63e1e22e
2017-11-15 17:23:16.820 [http-apr-8080-exec-6] INFO  com.ray.weixin.gz.util.AuthHelper - signType:SHA1
2017-11-15 17:23:16.820 [http-apr-8080-exec-6] INFO  com.ray.weixin.gz.util.AuthHelper - configValue:{"signType":"SHA1","cardSign":"1a5508bfa47b1e73a8a3e93a15a25a7f63e1e22e","nonceStr":"0014e6f1-0eac-421a-b299-11fe254a912e","timestamp":"1510737796"}
