2017-11-09 09:45:04.993 [http-apr-8080-exec-4] INFO  com.ray.weixin.qy.controller.WeiXinServlet - post--------------
2017-11-09 09:45:04.999 [http-apr-8080-exec-4] INFO  com.ray.weixin.qy.service.message.reply.ReplyMessageService - parms:{"msg_signature":["33b82a5a096a90c109f1fcde3b0eb6d8efec6783"],"timestamp":["1510191904"],"nonce":["1943765139"]}
2017-11-09 09:45:04.999 [http-apr-8080-exec-4] INFO  com.ray.weixin.qy.service.message.reply.ReplyMessageService - postData:<xml><ToUserName><![CDATA[ww92f5da92bb24696e]]></ToUserName><Encrypt><![CDATA[GVP1/CrKTYAVIY7/QBiJtub1aDazccBwe5eFOZdlafNA9Y2B6ZmyWO/U/SpkpbGm26o6LJP1CEh+I7JdTXDxUPPuUf+JlL6NIx4OYJrOBwuY6KP0HqU71gw9J+A4dEkTTwF5W65RA5SROlHLB4mOMg7sxLHbnTKavVSzh0FpovWm/4z/3Uul02eq3EhsIE2HilG72QOMJ9pp0Qz0rJMtpoTHPcab/p+0uhNecZvO1BWbIxwNFWuNRVRmA0lzyjrxsze7/easgz0qVJKuU9vDiwTjGc+qX8g4lF4ppvCusnKuNMeoCJATpr4Q6MnQIZK6fV6zVh1Z87G3srQUs4+LtyDITOSRCQMcVep9ufVuTEek2BYOt2tCzeVXggi6EtXSiQJQgtXyU0qJoJdnsLtZsLNp3Ry620t3PamLZrrLjXUUIw9FomRD1l0pqAFY3j29gSvaZZicWM1olwAshB5YUzE3LPRBTtBzG/lHh+4zebyd/UDm3oxKSpl7o7eYvRKZ]]></Encrypt><AgentID><![CDATA[1000002]]></AgentID></xml>
2017-11-09 09:45:05.002 [http-apr-8080-exec-4] INFO  com.ray.weixin.qy.service.message.reply.ReplyMessageService - reply_xmlMsg:<xml><ToUserName><![CDATA[ww92f5da92bb24696e]]></ToUserName><FromUserName><![CDATA[ShiRui]]></FromUserName><CreateTime>1510191904</CreateTime><MsgType><![CDATA[event]]></MsgType><AgentID>1000002</AgentID><Event><![CDATA[LOCATION]]></Event><Latitude>31.1676</Latitude><Longitude>121.156</Longitude><Precision>15</Precision></xml>
2017-11-09 09:45:05.003 [http-apr-8080-exec-4] INFO  com.ray.weixin.qy.service.message.reply.ReplyMessageService - fromUserName:ShiRui
2017-11-09 09:45:05.004 [http-apr-8080-exec-4] INFO  com.ray.weixin.qy.service.message.reply.ReplyMessageService - toUserName:ww92f5da92bb24696e
2017-11-09 09:45:05.004 [http-apr-8080-exec-4] INFO  com.ray.weixin.qy.service.message.reply.ReplyMessageService - msgType:event
2017-11-09 09:45:05.004 [http-apr-8080-exec-4] INFO  com.ray.weixin.qy.service.message.reply.ReplyMessageService - Event:LOCATION  eventKey:null
2017-11-09 09:45:09.998 [http-apr-8080-exec-6] INFO  com.ray.weixin.qy.controller.WeiXinServlet - post--------------
2017-11-09 09:45:09.998 [http-apr-8080-exec-6] INFO  com.ray.weixin.qy.service.message.reply.ReplyMessageService - parms:{"msg_signature":["82eee8da2c52d4cfd97fef2442e2516249647f9d"],"timestamp":["1510191909"],"nonce":["2123852715"]}
2017-11-09 09:45:09.998 [http-apr-8080-exec-6] INFO  com.ray.weixin.qy.service.message.reply.ReplyMessageService - postData:<xml><ToUserName><![CDATA[ww92f5da92bb24696e]]></ToUserName><Encrypt><![CDATA[G5I+uRrOAFOBuUliJE0NzJ+voSWM/rj6GYlKdGAaL1vs+Bf+oKH5/rsGjG0JCisY2HmrfLf5g0MxuHAHXa5D4eBfOxPxp57SNwGuv0+YRHiEtFkRWJDgl++jyMUS/IpDvAn7ajp3sYEiZzkPw1+QAwPJcp1cpEvI0MnHtmFY1EOyqywtJbrfEx6tpYU5ZiDvJXYVTaUdT5Gc+ITnjtW2pL6nxq160VptGPuLInruGAkjz5a+hqg4IAJwMx+uBoBL0th9QktiSs3Y9wp+6wQQvnkACYvQYBFn20zNnpf9GKDdeHtPiYJXITFEYkp6NZflBKSkHuqfgDjwB6zsdxU016jlQdzaNyFnNRENKfSZ6ppLQeLBlx/dGzCF4qKdryiznu41e3IvDd9fRM7TQ9j1dWxrNOZZwbC1khTO3AUfLoFD5jmd46l+x+kFdiG8OK0MFdtCO88d6TYh+lfV1ZwI84ClrBEOvfI07i/lYJLfFOeXa/iP0PAC1OxvtDEQ0CD0]]></Encrypt><AgentID><![CDATA[1000002]]></AgentID></xml>
2017-11-09 09:45:09.999 [http-apr-8080-exec-6] INFO  com.ray.weixin.qy.service.message.reply.ReplyMessageService - reply_xmlMsg:<xml><ToUserName><![CDATA[ww92f5da92bb24696e]]></ToUserName><FromUserName><![CDATA[ShiRui]]></FromUserName><CreateTime>1510191909</CreateTime><MsgType><![CDATA[event]]></MsgType><AgentID>1000002</AgentID><Event><![CDATA[LOCATION]]></Event><Latitude>31.1676</Latitude><Longitude>121.156</Longitude><Precision>15</Precision></xml>
2017-11-09 09:45:10.000 [http-apr-8080-exec-6] INFO  com.ray.weixin.qy.service.message.reply.ReplyMessageService - fromUserName:ShiRui
2017-11-09 09:45:10.000 [http-apr-8080-exec-6] INFO  com.ray.weixin.qy.service.message.reply.ReplyMessageService - toUserName:ww92f5da92bb24696e
2017-11-09 09:45:10.000 [http-apr-8080-exec-6] INFO  com.ray.weixin.qy.service.message.reply.ReplyMessageService - msgType:event
2017-11-09 09:45:10.001 [http-apr-8080-exec-6] INFO  com.ray.weixin.qy.service.message.reply.ReplyMessageService - Event:LOCATION  eventKey:null
2017-11-09 09:45:15.028 [http-apr-8080-exec-7] INFO  com.ray.weixin.qy.controller.WeiXinServlet - post--------------
2017-11-09 09:45:15.030 [http-apr-8080-exec-7] INFO  com.ray.weixin.qy.service.message.reply.ReplyMessageService - parms:{"msg_signature":["52b1dd02b09b220dc595d7f3634b2e5d1b097d49"],"timestamp":["1510191914"],"nonce":["1138094318"]}
2017-11-09 09:45:15.031 [http-apr-8080-exec-7] INFO  com.ray.weixin.qy.service.message.reply.ReplyMessageService - postData:<xml><ToUserName><![CDATA[ww92f5da92bb24696e]]></ToUserName><Encrypt><![CDATA[QEBLLHCQIflB0dik/FgKXKcWGRFyNWx5no+pmIPhSnnhAZN1X9UzpZHzDW600Hx9go6D+avEJWzaCf+fSWvDQOVWa+fEh0PI2rwrn+lOFq3bYoq9Xgtml/dWCwoRYVTHIvQAIsRyNjeJSNNW1PgPKGj4wcF+zdFnl300G9wOIjvCH/jjkdBAiBPWG0mzJClAfe4s8dE29NcgCAQ0/4YKR6NC6EiMaWvF57szqo0XBNIzToiVfjfsKRMu5ZWEtWdL5eEOZZOSyoCUYvZIUjG1KPRFeAA5wL6j2GLZuONNVxTXPtKSgURcQYo0UuGQo4DjGiTbyIp0QPALdYFq9wrKM40fPc0OTaidu2X5RshjOFRZoxy51Aw2jkqbMgpfse+pibXUzuQ2/eE6xqWovdhE11Je97OXruF8mf3BWMcdTl09oP+axZFSmYQ1aoI/OZqZmaTVLfW+2oLcvUCNle5bu2j13HzmpJJGeGjYKzBnGgeLDcubcy/+RYqgCuDfUL50]]></Encrypt><AgentID><![CDATA[1000002]]></AgentID></xml>
2017-11-09 09:45:15.036 [http-apr-8080-exec-7] INFO  com.ray.weixin.qy.service.message.reply.ReplyMessageService - reply_xmlMsg:<xml><ToUserName><![CDATA[ww92f5da92bb24696e]]></ToUserName><FromUserName><![CDATA[ShiRui]]></FromUserName><CreateTime>1510191914</CreateTime><MsgType><![CDATA[event]]></MsgType><AgentID>1000002</AgentID><Event><![CDATA[LOCATION]]></Event><Latitude>31.1676</Latitude><Longitude>121.156</Longitude><Precision>15</Precision></xml>
2017-11-09 09:45:15.041 [http-apr-8080-exec-7] INFO  com.ray.weixin.qy.service.message.reply.ReplyMessageService - fromUserName:ShiRui
2017-11-09 09:45:15.043 [http-apr-8080-exec-7] INFO  com.ray.weixin.qy.service.message.reply.ReplyMessageService - toUserName:ww92f5da92bb24696e
2017-11-09 09:45:15.044 [http-apr-8080-exec-7] INFO  com.ray.weixin.qy.service.message.reply.ReplyMessageService - msgType:event
2017-11-09 09:45:15.044 [http-apr-8080-exec-7] INFO  com.ray.weixin.qy.service.message.reply.ReplyMessageService - Event:LOCATION  eventKey:null
2017-11-09 09:45:20.150 [http-apr-8080-exec-10] INFO  com.ray.weixin.qy.controller.WeiXinServlet - post--------------
2017-11-09 09:45:20.150 [http-apr-8080-exec-10] INFO  com.ray.weixin.qy.service.message.reply.ReplyMessageService - parms:{"msg_signature":["737de32cae8f488e722ec7e2bb5adc425d4ea706"],"timestamp":["1510191919"],"nonce":["1976181458"]}
2017-11-09 09:45:20.150 [http-apr-8080-exec-10] INFO  com.ray.weixin.qy.service.message.reply.ReplyMessageService - postData:<xml><ToUserName><![CDATA[ww92f5da92bb24696e]]></ToUserName><Encrypt><![CDATA[Ff293ad/AgmZMfPaMa2uUHpW9HnVs9AuIsW8oOxJ05kJbMRxX05HiEOixIsqIBzODDE1SwZNuN2OjMmKNqD8Du++OSKEJNVVORmC+nYww07sT6ZR4eSr+5IPprT1W1BIQKCHiClvlK2v1fFvyZehhglzvOPSnzcFncEIYEOg+kMsOkw5yJkdxiy2hRL7XpzrbGo16IP/SXbQMsKU2GK6vD3Rkwgq+2swk+JUOm3Y0vd6llrQx8FiepYrJb9A3t5NzCbGz8EwJlPLMjMSR3Dzc7HcjJ9ArIqEqykwdHPSsZUuKGCaV5StgNf6YQ8nuM/wJOqNg+T4OR4BppwZ1lhTANtYG+rTQgHgcUybwk/8arAvfhOk6HrRXolR+NJ485fm5Wa0XElXSHiqDAM2psPs0a7O3UXlC4JXOq1T5jXo7nTv9yvKYWdXMNBVegUFxSoFfd8nfAt48cabv1uOCsWlg4PXXdEXD9jY/Oc/sDHde5q8BWu4xXBptEBdYI18zm5C]]></Encrypt><AgentID><![CDATA[1000002]]></AgentID></xml>
2017-11-09 09:45:20.151 [http-apr-8080-exec-10] INFO  com.ray.weixin.qy.service.message.reply.ReplyMessageService - reply_xmlMsg:<xml><ToUserName><![CDATA[ww92f5da92bb24696e]]></ToUserName><FromUserName><![CDATA[ShiRui]]></FromUserName><CreateTime>1510191919</CreateTime><MsgType><![CDATA[event]]></MsgType><AgentID>1000002</AgentID><Event><![CDATA[LOCATION]]></Event><Latitude>31.1676</Latitude><Longitude>121.156</Longitude><Precision>15</Precision></xml>
2017-11-09 09:45:20.153 [http-apr-8080-exec-10] INFO  com.ray.weixin.qy.service.message.reply.ReplyMessageService - fromUserName:ShiRui
2017-11-09 09:45:20.153 [http-apr-8080-exec-10] INFO  com.ray.weixin.qy.service.message.reply.ReplyMessageService - toUserName:ww92f5da92bb24696e
2017-11-09 09:45:20.153 [http-apr-8080-exec-10] INFO  com.ray.weixin.qy.service.message.reply.ReplyMessageService - msgType:event
2017-11-09 09:45:20.153 [http-apr-8080-exec-10] INFO  com.ray.weixin.qy.service.message.reply.ReplyMessageService - Event:LOCATION  eventKey:null
2017-11-09 09:45:30.192 [http-apr-8080-exec-1] INFO  com.ray.weixin.qy.controller.WeiXinServlet - post--------------
2017-11-09 09:45:30.193 [http-apr-8080-exec-1] INFO  com.ray.weixin.qy.service.message.reply.ReplyMessageService - parms:{"msg_signature":["ba903ccf97b03fb07a5ee97df811e51014257343"],"timestamp":["1510191929"],"nonce":["1653059933"]}
2017-11-09 09:45:30.194 [http-apr-8080-exec-1] INFO  com.ray.weixin.qy.service.message.reply.ReplyMessageService - postData:<xml><ToUserName><![CDATA[ww92f5da92bb24696e]]></ToUserName><Encrypt><![CDATA[DHP3Z60Kpze1S1dSRK3oB0xaKrqGT0igs5lY7zFH+AMEtp/v5qtFMuIjS0XaqYdgUoFiCkw/4ggDzvEAa4t3+or31lTLhbTfNLy+4zxajt4pqVJ+hTro2yMdc+Ih8iCwoGL/9A9s5kAyEwzobyyBicuqCVQ8jRAs275sJunxrBBTmTi25Xddn3r80kCzzducHZjEjIRD5WNB2Wr4cTFHV4gtA9ZN3LTKZ24yJ+Z+X8JUOatzp0CZxXKZlGbRqCIvpkCKKsIjgHrKHd/EVp+fQ5VVvYV/sJnvf30Blw1aOeI99pmvt31rxRHo+TiP++d967Sf9XAcKUTgHkdjVEKZowH362b1tf/TLpCTz+IgoAhcafBvkdKr0cYtwCeNEcYR4Ps2LSOpNR/qQbP30oNnacMLNkjhmW3OQahF0ZyvrsbUbJtm4WsCY33Rz9UluRi5dd53+iGkpeZDvL+Sw6c8QGdDMv9FlBrrb6jCz7VJigPfHznXXjjJBMCbviABB+vG]]></Encrypt><AgentID><![CDATA[1000002]]></AgentID></xml>
2017-11-09 09:45:30.197 [http-apr-8080-exec-1] INFO  com.ray.weixin.qy.service.message.reply.ReplyMessageService - reply_xmlMsg:<xml><ToUserName><![CDATA[ww92f5da92bb24696e]]></ToUserName><FromUserName><![CDATA[ShiRui]]></FromUserName><CreateTime>1510191929</CreateTime><MsgType><![CDATA[event]]></MsgType><AgentID>1000002</AgentID><Event><![CDATA[LOCATION]]></Event><Latitude>31.1676</Latitude><Longitude>121.156</Longitude><Precision>15</Precision></xml>
2017-11-09 09:45:30.200 [http-apr-8080-exec-1] INFO  com.ray.weixin.qy.service.message.reply.ReplyMessageService - fromUserName:ShiRui
2017-11-09 09:45:30.201 [http-apr-8080-exec-1] INFO  com.ray.weixin.qy.service.message.reply.ReplyMessageService - toUserName:ww92f5da92bb24696e
2017-11-09 09:45:30.201 [http-apr-8080-exec-1] INFO  com.ray.weixin.qy.service.message.reply.ReplyMessageService - msgType:event
2017-11-09 09:45:30.201 [http-apr-8080-exec-1] INFO  com.ray.weixin.qy.service.message.reply.ReplyMessageService - Event:LOCATION  eventKey:null
2017-11-09 09:45:35.113 [http-apr-8080-exec-4] INFO  com.ray.weixin.qy.controller.WeiXinServlet - post--------------
2017-11-09 09:45:35.113 [http-apr-8080-exec-4] INFO  com.ray.weixin.qy.service.message.reply.ReplyMessageService - parms:{"msg_signature":["4057fc6fa4429e8cbe7f95d8284d29102031f512"],"timestamp":["1510191934"],"nonce":["613147180"]}
2017-11-09 09:45:35.114 [http-apr-8080-exec-4] INFO  com.ray.weixin.qy.service.message.reply.ReplyMessageService - postData:<xml><ToUserName><![CDATA[ww92f5da92bb24696e]]></ToUserName><Encrypt><![CDATA[gbBHJ9a9/xweTd1TQKqKLUT4Hbsd1dACnbtDYTf7wptTENCplCnHzna8Z5qnyBkWvDw7BFR//4qR8me4KXqfvgsIREHn81g44KidEdDIsubr61k8AtrHzr1R/5JYGJKv51q3/UL1Hvc7J/EGrwRP0Lci9YIlAZnePNfrhA83yhQfnn7WX7ecBzWuMxSY6ZAzlC8U67bYtXOjbtZColLtwc8+tN2XF6uI0Fdp1ozkHUDUOtUQMyzLN0uRkSuOus+RX7N7Sqjfamf+w6mWOXiP3IFngyeGdIUX8XKg/KZhDIWMRNxfw01rp2dEiijjGyKJ8VdgU66VdtHJeweE+PGTlrR4BPMqb3pjY52fsyJAALMSM8QXVmAZdddXhmpnNF3AaMfU3/x0D2d00v1TlQpvh9yto2iLALKspLvcWB8KeEfhb5KmC2R4q2vj5NdEjGeg+08qExBfqwjbwaonEiczmzwU4s0Aj/HOxP8T+RnHy3OuDgxtsx8Fv/a9Zs5ORaEB]]></Encrypt><AgentID><![CDATA[1000002]]></AgentID></xml>
2017-11-09 09:45:35.118 [http-apr-8080-exec-4] INFO  com.ray.weixin.qy.service.message.reply.ReplyMessageService - reply_xmlMsg:<xml><ToUserName><![CDATA[ww92f5da92bb24696e]]></ToUserName><FromUserName><![CDATA[ShiRui]]></FromUserName><CreateTime>1510191934</CreateTime><MsgType><![CDATA[event]]></MsgType><AgentID>1000002</AgentID><Event><![CDATA[LOCATION]]></Event><Latitude>31.1676</Latitude><Longitude>121.156</Longitude><Precision>15</Precision></xml>
2017-11-09 09:45:35.123 [http-apr-8080-exec-4] INFO  com.ray.weixin.qy.service.message.reply.ReplyMessageService - fromUserName:ShiRui
2017-11-09 09:45:35.123 [http-apr-8080-exec-4] INFO  com.ray.weixin.qy.service.message.reply.ReplyMessageService - toUserName:ww92f5da92bb24696e
2017-11-09 09:45:35.123 [http-apr-8080-exec-4] INFO  com.ray.weixin.qy.service.message.reply.ReplyMessageService - msgType:event
2017-11-09 09:45:35.123 [http-apr-8080-exec-4] INFO  com.ray.weixin.qy.service.message.reply.ReplyMessageService - Event:LOCATION  eventKey:null
2017-11-09 09:45:40.116 [http-apr-8080-exec-6] INFO  com.ray.weixin.qy.controller.WeiXinServlet - post--------------
2017-11-09 09:45:40.116 [http-apr-8080-exec-6] INFO  com.ray.weixin.qy.service.message.reply.ReplyMessageService - parms:{"msg_signature":["3721f3c23bbf25ce3bf57f80904fce7bac5dda37"],"timestamp":["1510191939"],"nonce":["733374219"]}
2017-11-09 09:45:40.117 [http-apr-8080-exec-6] INFO  com.ray.weixin.qy.service.message.reply.ReplyMessageService - postData:<xml><ToUserName><![CDATA[ww92f5da92bb24696e]]></ToUserName><Encrypt><![CDATA[5EK0EYqr5IG8BAoCepkQ95avBuuqXvmXVbHUmxRCHGHMcZ2F8myooBMMRu4i4suhEvfAtTjuRHtGSCsRHlZCt6gFjKK4d/3B31oFqnfMYKnELHfyS3JZeVw7yS8TwTN/CpAvv4ltME/NkdSCoDNXJCDiS2pZN3lC0Hz8OukMnYdxpnJ8rngSUQLf8PNiU3s6mlKQTQdy3pEQIKVLe/HKF564XnsvVPAkKHJ/26f2NX7mOl3I2OGWNTCkgDhI27gxCtw4rTZoBIM3mCJ2k/Se+1kqBIFRqTeC7kb4Dpzu8lZWwb0xZKr1+dSZuKSvotwqoWM6gzxMYRXbq9coC/1MIS9O+PQbLR8xaeo2HorhB/5yWwck+hovNNANlumKt0UhJ59OTk7gVDfyU29xVoYGlsoKZzrhWFceDIXeAaWSdxGJLXufrOTmpaiTz5Yj7aGoAYilJdYaT0O0EmAmK5lYkR+0HEVG8YXDlfHfr7OWrmvENaFeu2mJAExqmsl8tp/3]]></Encrypt><AgentID><![CDATA[1000002]]></AgentID></xml>
2017-11-09 09:45:40.118 [http-apr-8080-exec-6] INFO  com.ray.weixin.qy.service.message.reply.ReplyMessageService - reply_xmlMsg:<xml><ToUserName><![CDATA[ww92f5da92bb24696e]]></ToUserName><FromUserName><![CDATA[ShiRui]]></FromUserName><CreateTime>1510191939</CreateTime><MsgType><![CDATA[event]]></MsgType><AgentID>1000002</AgentID><Event><![CDATA[LOCATION]]></Event><Latitude>31.1676</Latitude><Longitude>121.156</Longitude><Precision>15</Precision></xml>
2017-11-09 09:45:40.119 [http-apr-8080-exec-6] INFO  com.ray.weixin.qy.service.message.reply.ReplyMessageService - fromUserName:ShiRui
2017-11-09 09:45:40.120 [http-apr-8080-exec-6] INFO  com.ray.weixin.qy.service.message.reply.ReplyMessageService - toUserName:ww92f5da92bb24696e
2017-11-09 09:45:40.120 [http-apr-8080-exec-6] INFO  com.ray.weixin.qy.service.message.reply.ReplyMessageService - msgType:event
2017-11-09 09:45:40.120 [http-apr-8080-exec-6] INFO  com.ray.weixin.qy.service.message.reply.ReplyMessageService - Event:LOCATION  eventKey:null
2017-11-09 09:45:40.533 [http-apr-8080-exec-7] INFO  com.ray.weixin.qy.controller.WeiXinServlet - post--------------
2017-11-09 09:45:40.533 [http-apr-8080-exec-7] INFO  com.ray.weixin.qy.service.message.reply.ReplyMessageService - parms:{"msg_signature":["51fa978bb02bdddc458feb16c5a17d0eb6c65d39"],"timestamp":["1510191940"],"nonce":["299938595"]}
2017-11-09 09:45:40.534 [http-apr-8080-exec-7] INFO  com.ray.weixin.qy.service.message.reply.ReplyMessageService - postData:<xml><ToUserName><![CDATA[ww92f5da92bb24696e]]></ToUserName><Encrypt><![CDATA[Xa1CA4Q46KR6aiH6TjA1UcPQG45duWuvvsiPxIXOGbTrYDVTrHMuYdfmW82jy6wYF5M1xoBsvjz98c3ANu9lFmkpqZs7I/bcAPoqiBI/UERapG1Unvaxf8EOEya1w2uCkuSONEqflSmw4+yVnBr7/q7g5xZaki5gbskFqqgQIxoUdERZ3rhEGFh3QsX4HC/0TzV1ZUxLyapfCJveY31iLIdd42XEs20G/L59RbVkmo2Xe08jKBZ0UoGloBdSbXxKWCxtAQOMTyI7HS9N3bbI0CARBlzdXHZywOH1j1xHspnlhVusX/YVlKO/CtIw3QbgdLV53bcMwuOns6aAaKVdB54D/8nyNMRLv/Z/Lfj0P8OjRq0pVq/LldNO0oALb9d20DUcVFd3/MMVXvsEFH9zjCtskt/zr446/EojjPGNBzgDp8sOymw7MvlO1e1akPLOA3ELkSPR0FzaYJrijjDZVs22t/nMaVNnulR0LuU5niPVWwqWKq0K2F8MTheYmTAz]]></Encrypt><AgentID><![CDATA[1000002]]></AgentID></xml>
2017-11-09 09:45:40.535 [http-apr-8080-exec-7] INFO  com.ray.weixin.qy.service.message.reply.ReplyMessageService - reply_xmlMsg:<xml><ToUserName><![CDATA[ww92f5da92bb24696e]]></ToUserName><FromUserName><![CDATA[ShiRui]]></FromUserName><CreateTime>1510191924</CreateTime><MsgType><![CDATA[event]]></MsgType><AgentID>1000002</AgentID><Event><![CDATA[LOCATION]]></Event><Latitude>31.1676</Latitude><Longitude>121.156</Longitude><Precision>15</Precision></xml>
2017-11-09 09:45:40.537 [http-apr-8080-exec-7] INFO  com.ray.weixin.qy.service.message.reply.ReplyMessageService - fromUserName:ShiRui
2017-11-09 09:45:40.537 [http-apr-8080-exec-7] INFO  com.ray.weixin.qy.service.message.reply.ReplyMessageService - toUserName:ww92f5da92bb24696e
2017-11-09 09:45:40.537 [http-apr-8080-exec-7] INFO  com.ray.weixin.qy.service.message.reply.ReplyMessageService - msgType:event
2017-11-09 09:45:40.537 [http-apr-8080-exec-7] INFO  com.ray.weixin.qy.service.message.reply.ReplyMessageService - Event:LOCATION  eventKey:null
2017-11-09 09:45:45.122 [http-apr-8080-exec-10] INFO  com.ray.weixin.qy.controller.WeiXinServlet - post--------------
2017-11-09 09:45:45.123 [http-apr-8080-exec-10] INFO  com.ray.weixin.qy.service.message.reply.ReplyMessageService - parms:{"msg_signature":["d332985afffabf257f643c45dceb255f631dacef"],"timestamp":["1510191944"],"nonce":["1191176274"]}
2017-11-09 09:45:45.123 [http-apr-8080-exec-10] INFO  com.ray.weixin.qy.service.message.reply.ReplyMessageService - postData:<xml><ToUserName><![CDATA[ww92f5da92bb24696e]]></ToUserName><Encrypt><![CDATA[tWp/O3YKWIVqtDUZTEKgykcCxLQqQlWrRnMqQ3DoW17LK/9dTGhANdlbjIjUnmbYW+rFzveVk0ZEqmfcKhHX8AYnSPt4ioWOwNu5rtvDgLz8zvc8pQBOaqcsktA4G/imgUke+oXS1+72/5d7r6oLt0jGROfVBJqoWQYwiZ9vyhPGfH9/t5s+ic6DKZEpTPpWUPR8iC3bbwuWwjGQmEMLs375iXsC+joPgxy5DRxQuPQFhNHVxzEPFbWpFZikvFatBT/e2nfcKnA7GSX/PEghAmGcvWGM0bRy/BYNt5neR0Z7JQxOQOrKwP18wNUBsAuz3ucUBT5lgrBWXySU0nq8/n5NYQDarkBxfDJBixFcmQH16UchGcqX3yYyMsBXBH3jRIXDd2VHDmTCPb551CeiVlg8A3YOZwU2NgFfFQYlCMbNNw9eEEEclzj9pOvmFsgU6fjjg86fRnNjVBgyOw7n+W+ZxLobriIt0ZWV17fglc7fQNGyKlDYbYcUXwUrw2+d]]></Encrypt><AgentID><![CDATA[1000002]]></AgentID></xml>
2017-11-09 09:45:45.124 [http-apr-8080-exec-10] INFO  com.ray.weixin.qy.service.message.reply.ReplyMessageService - reply_xmlMsg:<xml><ToUserName><![CDATA[ww92f5da92bb24696e]]></ToUserName><FromUserName><![CDATA[ShiRui]]></FromUserName><CreateTime>1510191944</CreateTime><MsgType><![CDATA[event]]></MsgType><AgentID>1000002</AgentID><Event><![CDATA[LOCATION]]></Event><Latitude>31.1676</Latitude><Longitude>121.156</Longitude><Precision>15</Precision></xml>
2017-11-09 09:45:45.125 [http-apr-8080-exec-10] INFO  com.ray.weixin.qy.service.message.reply.ReplyMessageService - fromUserName:ShiRui
2017-11-09 09:45:45.125 [http-apr-8080-exec-10] INFO  com.ray.weixin.qy.service.message.reply.ReplyMessageService - toUserName:ww92f5da92bb24696e
2017-11-09 09:45:45.125 [http-apr-8080-exec-10] INFO  com.ray.weixin.qy.service.message.reply.ReplyMessageService - msgType:event
2017-11-09 09:45:45.125 [http-apr-8080-exec-10] INFO  com.ray.weixin.qy.service.message.reply.ReplyMessageService - Event:LOCATION  eventKey:null
2017-11-09 09:45:50.166 [http-apr-8080-exec-1] INFO  com.ray.weixin.qy.controller.WeiXinServlet - post--------------
2017-11-09 09:45:50.166 [http-apr-8080-exec-1] INFO  com.ray.weixin.qy.service.message.reply.ReplyMessageService - parms:{"msg_signature":["c119e13d1d2c4c04dd1ae97759892666c824e74f"],"timestamp":["1510191949"],"nonce":["516161571"]}
2017-11-09 09:45:50.167 [http-apr-8080-exec-1] INFO  com.ray.weixin.qy.service.message.reply.ReplyMessageService - postData:<xml><ToUserName><![CDATA[ww92f5da92bb24696e]]></ToUserName><Encrypt><![CDATA[JTjqglCedx414+JZeQlJ9Hodczs6974j1ZtpwmH0O05IGlWpLCpUy/GJxjJrYSFvcbUjEyQ8rD8pDdSoXfWwtm0Q/nJs1yXeiIdr+THMq4DPcYo+rQ/cCgCheqO+9tZY762e/xws13kAEOJpDE+9iN/PxypGYtZvBNxnn8v1qnUeiPS73gEC+826nBeivs0L80O8YPVLi41dIa6cPCTxIepx/aCowYR0P4oNZCU0ZVFqxvr7Ty1hpRYx9ujeZNHGmAk2s+9yuPY4VE2viQ4EinZZnPlC+CvdoN2u79fObnAv6+K/5BAQAQe9AeXwHzDrkY/TyvKrSTwslCaN/2eTdgdG2x5F/bpdNUjQZc3/rFM7tnl7p7wn21/n16ROxAaJBtYxa72Uw+Lhi0y4VR0od4eLmKR1hBLqJmNw6kpcBAR6VxXlcxZOxNOOAKyocvxwkGrGKkhSMk14o2IracbBlO5ui+nBFBpU+xBh1IrmoyIgZ8VVZTLelk6u+qN5P61M]]></Encrypt><AgentID><![CDATA[1000002]]></AgentID></xml>
2017-11-09 09:45:50.168 [http-apr-8080-exec-1] INFO  com.ray.weixin.qy.service.message.reply.ReplyMessageService - reply_xmlMsg:<xml><ToUserName><![CDATA[ww92f5da92bb24696e]]></ToUserName><FromUserName><![CDATA[ShiRui]]></FromUserName><CreateTime>1510191949</CreateTime><MsgType><![CDATA[event]]></MsgType><AgentID>1000002</AgentID><Event><![CDATA[LOCATION]]></Event><Latitude>31.1676</Latitude><Longitude>121.156</Longitude><Precision>15</Precision></xml>
2017-11-09 09:45:50.170 [http-apr-8080-exec-1] INFO  com.ray.weixin.qy.service.message.reply.ReplyMessageService - fromUserName:ShiRui
2017-11-09 09:45:50.170 [http-apr-8080-exec-1] INFO  com.ray.weixin.qy.service.message.reply.ReplyMessageService - toUserName:ww92f5da92bb24696e
2017-11-09 09:45:50.170 [http-apr-8080-exec-1] INFO  com.ray.weixin.qy.service.message.reply.ReplyMessageService - msgType:event
2017-11-09 09:45:50.170 [http-apr-8080-exec-1] INFO  com.ray.weixin.qy.service.message.reply.ReplyMessageService - Event:LOCATION  eventKey:null
2017-11-09 09:45:55.176 [http-apr-8080-exec-4] INFO  com.ray.weixin.qy.controller.WeiXinServlet - post--------------
2017-11-09 09:45:55.176 [http-apr-8080-exec-4] INFO  com.ray.weixin.qy.service.message.reply.ReplyMessageService - parms:{"msg_signature":["95ec99e5bb8358b3c29891b364bf48ea1100f8a5"],"timestamp":["1510191954"],"nonce":["962263384"]}
2017-11-09 09:45:55.176 [http-apr-8080-exec-4] INFO  com.ray.weixin.qy.service.message.reply.ReplyMessageService - postData:<xml><ToUserName><![CDATA[ww92f5da92bb24696e]]></ToUserName><Encrypt><![CDATA[tyoTSiOPPsjwmuSP8a2k8pUf4+mMr5Ngw3IpnjeR0daUG2BTXN0REZZuieFgpozzpeOpMNhG8EOrx3PjH+I4BKq9ART6FZI2Vc8G28MjWwGlMKwjUOQwl0pdfA7XV3JERUNtIsRyjr0MmBQ8G8rEkXha+lzSCFPDcgiaJU7heW1uGssNGxduiZrdpr1j/vTchV2908s7Uor73oyXfp1f7xM7PEuvdUrrT0WZey41NogR3PgOuUoxDQ4cp6Rc7GzwZWO8H31yomIjvLEWblHJJrMe8IoxKXvFmmiFlF9pdJYV+ZB1h9CxIhx+8qqtZBHy0zJVhwI/99QES7tGzs2rxkyN5F+Fi5rKXoKelrv312Slt4H/NjAtE8QM4XtaM+H0ADxHg3V1USELLTatK1PFncDkSAStbgji666b5wLnQrjoOgEsLmnxsQcb6b4Ly880rXIYstq3cwSzWbVa0zSLdX8Ar+6bZZwP33Exh2qTRJCUa7ERhKvImT8LFwtJ2niu]]></Encrypt><AgentID><![CDATA[1000002]]></AgentID></xml>
2017-11-09 09:45:55.177 [http-apr-8080-exec-4] INFO  com.ray.weixin.qy.service.message.reply.ReplyMessageService - reply_xmlMsg:<xml><ToUserName><![CDATA[ww92f5da92bb24696e]]></ToUserName><FromUserName><![CDATA[ShiRui]]></FromUserName><CreateTime>1510191954</CreateTime><MsgType><![CDATA[event]]></MsgType><AgentID>1000002</AgentID><Event><![CDATA[LOCATION]]></Event><Latitude>31.1676</Latitude><Longitude>121.156</Longitude><Precision>15</Precision></xml>
2017-11-09 09:45:55.178 [http-apr-8080-exec-4] INFO  com.ray.weixin.qy.service.message.reply.ReplyMessageService - fromUserName:ShiRui
2017-11-09 09:45:55.178 [http-apr-8080-exec-4] INFO  com.ray.weixin.qy.service.message.reply.ReplyMessageService - toUserName:ww92f5da92bb24696e
2017-11-09 09:45:55.178 [http-apr-8080-exec-4] INFO  com.ray.weixin.qy.service.message.reply.ReplyMessageService - msgType:event
2017-11-09 09:45:55.178 [http-apr-8080-exec-4] INFO  com.ray.weixin.qy.service.message.reply.ReplyMessageService - Event:LOCATION  eventKey:null
