2017-11-09 11:00:05.070 [http-apr-8080-exec-3] INFO  com.ray.weixin.qy.controller.WeiXinServlet - post--------------
2017-11-09 11:00:05.072 [http-apr-8080-exec-3] INFO  com.ray.weixin.qy.service.message.reply.ReplyMessageService - parms:{"msg_signature":["4fe249538a1e76d919b4043c728d8a567390a96b"],"timestamp":["1510196404"],"nonce":["347753757"]}
2017-11-09 11:00:05.073 [http-apr-8080-exec-3] INFO  com.ray.weixin.qy.service.message.reply.ReplyMessageService - postData:<xml><ToUserName><![CDATA[ww92f5da92bb24696e]]></ToUserName><Encrypt><![CDATA[26A8kzDtTdeiDt8Tk7mKtmUPvxb+GZnqq9lswUtZLiUXXlD47y1jr+QKBj9Ll46m9kcY3rYtGRDZIpM3F5dPhgFRthoXTiKG621o8B8VM6J/sZurXfC+joTjFA+kRrGXylnQelCxqSDSnIUAWvMMG3ofQf4CRxt1bkXtfks7IXEVaslfHLJNAOkxsF2WKN8xLyq+M5NHbsE8juVESrdWVVP7tjWrV/CTAVqKR4a+MUBQfs+kiYfahK23qTpq9ZedAa1SKDQS+ehySh8Ky6+hZjNLu2D/Pghm0umhP/cUNIoryYY6GvGay7E6pDC0H4H1xlAnsa3LXiYiG3dGflTatXNFki34mtS7lZydjlSGMr5aoRb58F9UqSrfs9sa5J5BMWrk8UZE9xW4GcXtKry271dBJRvWjiyEjmSVT0kbZHZ2F3X3TQ1hP2C+jzBhFSdynoyP6xnPgE8TseZZ8+Fay7g9jPhsMYslUlmFYZCpU+J1tGcVrvj1wofnBVVTE/p/]]></Encrypt><AgentID><![CDATA[1000002]]></AgentID></xml>
2017-11-09 11:00:05.074 [http-apr-8080-exec-3] INFO  com.ray.weixin.qy.service.message.reply.ReplyMessageService - reply_xmlMsg:<xml><ToUserName><![CDATA[ww92f5da92bb24696e]]></ToUserName><FromUserName><![CDATA[ShiRui]]></FromUserName><CreateTime>1510196404</CreateTime><MsgType><![CDATA[event]]></MsgType><AgentID>1000002</AgentID><Event><![CDATA[LOCATION]]></Event><Latitude>31.1676</Latitude><Longitude>121.156</Longitude><Precision>15</Precision></xml>
2017-11-09 11:00:05.075 [http-apr-8080-exec-3] INFO  com.ray.weixin.qy.service.message.reply.ReplyMessageService - fromUserName:ShiRui
2017-11-09 11:00:05.075 [http-apr-8080-exec-3] INFO  com.ray.weixin.qy.service.message.reply.ReplyMessageService - toUserName:ww92f5da92bb24696e
2017-11-09 11:00:05.075 [http-apr-8080-exec-3] INFO  com.ray.weixin.qy.service.message.reply.ReplyMessageService - msgType:event
2017-11-09 11:00:05.075 [http-apr-8080-exec-3] INFO  com.ray.weixin.qy.service.message.reply.ReplyMessageService - Event:LOCATION  eventKey:null
2017-11-09 11:00:09.640 [http-apr-8080-exec-4] INFO  com.ray.weixin.qy.controller.WeiXinServlet - post--------------
2017-11-09 11:00:09.642 [http-apr-8080-exec-4] INFO  com.ray.weixin.qy.service.message.reply.ReplyMessageService - parms:{"msg_signature":["854d8193dbb95ff53848935efc9d3d6bf2659ac2"],"timestamp":["1510196409"],"nonce":["561993362"]}
2017-11-09 11:00:09.643 [http-apr-8080-exec-4] INFO  com.ray.weixin.qy.service.message.reply.ReplyMessageService - postData:<xml><ToUserName><![CDATA[ww92f5da92bb24696e]]></ToUserName><Encrypt><![CDATA[UNpQJtyXJA7xfal0rYHq7oHu4428pYXKAOQCvG7TIpwEp18mP4aVE2st5fAX/dA7nGquaqn/9qL92csHEDevakeBjYynw1gYB/YoN0xM6nrH40qVTmkxWm/pHdw+ybusGMnXpbp3Pi8jGhvui/wE29arcm1JiTTj9BWgf8XF4oNhCGulq+/D3S24anMigEMO2jLcoB/ccQiDPlyae+BZ0+dYg/yuLE/CVSwlHrh3l2FBwoP9uYpkgbTnVxclmkdLjCMAI2FCc2ElqhKCJAoGyM/wU8S+XPOV/GY/WeDXPLgnL7ofM+rklPqX+0jDck3X7ymTFNF+J6+XCKAnyBelguNudDJ2JFcMa7lyAn3vgf4upayVmnGy8T5K7R6Jr6DqJUkOMMlu2JguAZNv/QorvmgwgWgKslbHAZni5VSGIXgvQAQ6hpvnNLPPMJxHnhWG5udLmHvgYdByl/eFXARKlqfWeHSvxvAwYvP+NmKMDsogGW4MDI+jWz6VUdb7suqO]]></Encrypt><AgentID><![CDATA[1000002]]></AgentID></xml>
2017-11-09 11:00:09.648 [http-apr-8080-exec-4] INFO  com.ray.weixin.qy.service.message.reply.ReplyMessageService - reply_xmlMsg:<xml><ToUserName><![CDATA[ww92f5da92bb24696e]]></ToUserName><FromUserName><![CDATA[ShiRui]]></FromUserName><CreateTime>1510196409</CreateTime><MsgType><![CDATA[event]]></MsgType><AgentID>1000002</AgentID><Event><![CDATA[LOCATION]]></Event><Latitude>31.1676</Latitude><Longitude>121.156</Longitude><Precision>15</Precision></xml>
2017-11-09 11:00:09.651 [http-apr-8080-exec-4] INFO  com.ray.weixin.qy.service.message.reply.ReplyMessageService - fromUserName:ShiRui
2017-11-09 11:00:09.652 [http-apr-8080-exec-4] INFO  com.ray.weixin.qy.service.message.reply.ReplyMessageService - toUserName:ww92f5da92bb24696e
2017-11-09 11:00:09.652 [http-apr-8080-exec-4] INFO  com.ray.weixin.qy.service.message.reply.ReplyMessageService - msgType:event
2017-11-09 11:00:09.653 [http-apr-8080-exec-4] INFO  com.ray.weixin.qy.service.message.reply.ReplyMessageService - Event:LOCATION  eventKey:null
2017-11-09 11:00:14.702 [http-apr-8080-exec-7] INFO  com.ray.weixin.qy.controller.WeiXinServlet - post--------------
2017-11-09 11:00:14.703 [http-apr-8080-exec-7] INFO  com.ray.weixin.qy.service.message.reply.ReplyMessageService - parms:{"msg_signature":["529a0f55bec3a02f4ec80aa3f1d5777f416ee6ea"],"timestamp":["1510196414"],"nonce":["985383074"]}
2017-11-09 11:00:14.703 [http-apr-8080-exec-7] INFO  com.ray.weixin.qy.service.message.reply.ReplyMessageService - postData:<xml><ToUserName><![CDATA[ww92f5da92bb24696e]]></ToUserName><Encrypt><![CDATA[ZY8ysgHIq/2gSIHQ0mba8Fu7Fwv9jt50xU3KJFv1RFlScpA9zRolYnDoQkUbLaAOfqzmVQd7S8iDD0NLEDtNRk8b4H+qjFsH7v9eQOHrLoV5xECuoT3E+bre2SFgc4UCf0SVWoJZuXB9e9c8J//uOK261IDnLGZq4xdQv/sCiU2zAziU2/APpkdcL7yatn5N6gTDcqOaJPNs5XNLLT7J3RGAXThTbM4MrHzRagUBqwlJPgR1AkeMYIfX9blXMER33/Ov/o6GVkl2Uj/yHVNjxCRRlpN+9oyEQzYcQRXhk4mKrnvMrsHFyfWiNUEShI2JfxMyuc4vKHyRbZuYM2uojnCQvDmPKxD+C1Ojh99wdRL1fITjOKHD9X0U4zOu/kttloLyJJSqOcdYdc1tyzDgE0vU+nbXK8YcmDWnZ4L6jNaW5FJHLpFoloX+N/tfGAO+0v7K2KFUWjdVdM0dS9Unt66uUyEKwVaTeXnEhkPKtNwQoAROl6GGw9bqugQwTSSX]]></Encrypt><AgentID><![CDATA[1000002]]></AgentID></xml>
2017-11-09 11:00:14.704 [http-apr-8080-exec-7] INFO  com.ray.weixin.qy.service.message.reply.ReplyMessageService - reply_xmlMsg:<xml><ToUserName><![CDATA[ww92f5da92bb24696e]]></ToUserName><FromUserName><![CDATA[ShiRui]]></FromUserName><CreateTime>1510196414</CreateTime><MsgType><![CDATA[event]]></MsgType><AgentID>1000002</AgentID><Event><![CDATA[LOCATION]]></Event><Latitude>31.1676</Latitude><Longitude>121.156</Longitude><Precision>15</Precision></xml>
2017-11-09 11:00:14.706 [http-apr-8080-exec-7] INFO  com.ray.weixin.qy.service.message.reply.ReplyMessageService - fromUserName:ShiRui
2017-11-09 11:00:14.706 [http-apr-8080-exec-7] INFO  com.ray.weixin.qy.service.message.reply.ReplyMessageService - toUserName:ww92f5da92bb24696e
2017-11-09 11:00:14.706 [http-apr-8080-exec-7] INFO  com.ray.weixin.qy.service.message.reply.ReplyMessageService - msgType:event
2017-11-09 11:00:14.706 [http-apr-8080-exec-7] INFO  com.ray.weixin.qy.service.message.reply.ReplyMessageService - Event:LOCATION  eventKey:null
2017-11-09 11:00:19.900 [http-apr-8080-exec-9] INFO  com.ray.weixin.qy.controller.WeiXinServlet - post--------------
2017-11-09 11:00:19.901 [http-apr-8080-exec-9] INFO  com.ray.weixin.qy.service.message.reply.ReplyMessageService - parms:{"msg_signature":["85a6f67bbebd3cb51285e48f050ede02bf42fd6d"],"timestamp":["1510196419"],"nonce":["1847478867"]}
2017-11-09 11:00:19.901 [http-apr-8080-exec-9] INFO  com.ray.weixin.qy.service.message.reply.ReplyMessageService - postData:<xml><ToUserName><![CDATA[ww92f5da92bb24696e]]></ToUserName><Encrypt><![CDATA[klDZliyTbiPUb42N1zlCpu9r+jEoPrNv65s0E3mKitJpLsiFfcPobS4StAujwJQug988X9I2gC90rxydZTqSglnIB2SO0NvcGcfxRloHfxmOS/hcvvrzPxyPTO6iigOGql++o4IhUlk5wCpsvMZudVuDQxrgQvMngwtLg23XvniKDV/VuojDfTXWw+cxYaWOdl04nN75nb8hrPknb2N+vk4j2evM/NpweBmK7XuMHT/CVTLAMjPL7dw+g6UY1UZWdTBYxmAmpvzd6FuDuVlIsVely5vg4wjaNZ8K4ldm13XrN4C2Z8QVDuMkSk1g5BlXiQi2QnJ1LQ4QyosQ6AujozJFTQ81PMdw8gHWJRODqKy3EvyvgdsXILc5yJwByv0GDpijOvFFhmaX3zd2cQNQkLLNhlEVGL1BXNh0vmUm2AlgfJcG7Rb72CZ5WRPUsabd1Ud2sALpEd4P+/9nS39dQ++HTxwGnDX5YhJHuqiwL+rSsp8baZYWeP+jiTtocLpm]]></Encrypt><AgentID><![CDATA[1000002]]></AgentID></xml>
2017-11-09 11:00:19.902 [http-apr-8080-exec-9] INFO  com.ray.weixin.qy.service.message.reply.ReplyMessageService - reply_xmlMsg:<xml><ToUserName><![CDATA[ww92f5da92bb24696e]]></ToUserName><FromUserName><![CDATA[ShiRui]]></FromUserName><CreateTime>1510196419</CreateTime><MsgType><![CDATA[event]]></MsgType><AgentID>1000002</AgentID><Event><![CDATA[LOCATION]]></Event><Latitude>31.1676</Latitude><Longitude>121.156</Longitude><Precision>15</Precision></xml>
2017-11-09 11:00:19.903 [http-apr-8080-exec-9] INFO  com.ray.weixin.qy.service.message.reply.ReplyMessageService - fromUserName:ShiRui
2017-11-09 11:00:19.903 [http-apr-8080-exec-9] INFO  com.ray.weixin.qy.service.message.reply.ReplyMessageService - toUserName:ww92f5da92bb24696e
2017-11-09 11:00:19.903 [http-apr-8080-exec-9] INFO  com.ray.weixin.qy.service.message.reply.ReplyMessageService - msgType:event
2017-11-09 11:00:19.903 [http-apr-8080-exec-9] INFO  com.ray.weixin.qy.service.message.reply.ReplyMessageService - Event:LOCATION  eventKey:null
2017-11-09 11:00:24.786 [http-apr-8080-exec-10] INFO  com.ray.weixin.qy.controller.WeiXinServlet - post--------------
2017-11-09 11:00:24.787 [http-apr-8080-exec-10] INFO  com.ray.weixin.qy.service.message.reply.ReplyMessageService - parms:{"msg_signature":["a407513c17c62e1f8df7bb85721daf9139020841"],"timestamp":["1510196424"],"nonce":["2126615786"]}
2017-11-09 11:00:24.787 [http-apr-8080-exec-10] INFO  com.ray.weixin.qy.service.message.reply.ReplyMessageService - postData:<xml><ToUserName><![CDATA[ww92f5da92bb24696e]]></ToUserName><Encrypt><![CDATA[4cUqSzL2CpOy6TjX/qDL41zEPzQQoQrydmaN7EIywKf54GyeGBfwhOGl97POkOJ98ETXHYrMrVbG5E7xrdhziPpItHB3ALcDQHOs+KcmLIzYGiXyMlPQuaJ9OEPgvwGwxzCxrDGmlQCI2ehv50ih1xezkumT9Hnqw+Gry7eFQ21tqw+wNRM62G5tQCRuIPYUJpYss6LRa+NpV+UcLyRD8X7fb9hDXdXu4AfIAq7smet0b3VA+WkUy12R7rBzYay81tNQszijrIGUCYXuPbD2kQQHOzXCmggizc+7MHVDKYwcjXrXNVjRzD5gcjMKnpRBvun1nUvkSQiMj0YSBheOk4w5TAFNImWDIEDaOBeSerU6xFvhgdUlEXySj35f1dyfz6+/Wdlp2u8n7IQwycpDzivSWlcBTrJnb61E3mMBz1Ok+nbD+h8v3q8tG5vGnlihYO/TIiiEXkypaVeHAY9i1KJv4CYdSqqC8TPhxFf+yswS4hJZnLFMrZNh20YQqPWC]]></Encrypt><AgentID><![CDATA[1000002]]></AgentID></xml>
2017-11-09 11:00:24.788 [http-apr-8080-exec-10] INFO  com.ray.weixin.qy.service.message.reply.ReplyMessageService - reply_xmlMsg:<xml><ToUserName><![CDATA[ww92f5da92bb24696e]]></ToUserName><FromUserName><![CDATA[ShiRui]]></FromUserName><CreateTime>1510196424</CreateTime><MsgType><![CDATA[event]]></MsgType><AgentID>1000002</AgentID><Event><![CDATA[LOCATION]]></Event><Latitude>31.1676</Latitude><Longitude>121.156</Longitude><Precision>15</Precision></xml>
2017-11-09 11:00:24.789 [http-apr-8080-exec-10] INFO  com.ray.weixin.qy.service.message.reply.ReplyMessageService - fromUserName:ShiRui
2017-11-09 11:00:24.789 [http-apr-8080-exec-10] INFO  com.ray.weixin.qy.service.message.reply.ReplyMessageService - toUserName:ww92f5da92bb24696e
2017-11-09 11:00:24.789 [http-apr-8080-exec-10] INFO  com.ray.weixin.qy.service.message.reply.ReplyMessageService - msgType:event
2017-11-09 11:00:24.789 [http-apr-8080-exec-10] INFO  com.ray.weixin.qy.service.message.reply.ReplyMessageService - Event:LOCATION  eventKey:null
2017-11-09 11:00:29.749 [http-apr-8080-exec-3] INFO  com.ray.weixin.qy.controller.WeiXinServlet - post--------------
2017-11-09 11:00:29.750 [http-apr-8080-exec-3] INFO  com.ray.weixin.qy.service.message.reply.ReplyMessageService - parms:{"msg_signature":["260341880475a240ff4e07e501815fa58b8eeaec"],"timestamp":["1510196429"],"nonce":["580035839"]}
2017-11-09 11:00:29.750 [http-apr-8080-exec-3] INFO  com.ray.weixin.qy.service.message.reply.ReplyMessageService - postData:<xml><ToUserName><![CDATA[ww92f5da92bb24696e]]></ToUserName><Encrypt><![CDATA[bWIUJEdozUkKD3mZZ9HGV0tokUoZ0uGX4yjTOFOHY7lbEMnbWyb2584tGi7uhs5S1zI7iPLWc+5Bu4Ln42GOagXDPadhfuqF3TgCBUxssxkNs7zAZHwNS3+8X9CTJPF60spLj93K6DO819JR5xAEb1Fn19pddyaH+rpOc79y5Eub/LqL1B2PozlevzE0E+2Xl6nxhj0lyh6twgKh3EIBQu7OSPhzI9d6GbqVx3EZQTNuoFetV2quoMwJZp9F8IZUXzrfBIK87QgCv0hnCW0SJRIhUCiB9V9Dq9WkZlnr5ZYUhuyXk9lBVII3pKDfMmiqsf80FFWrkrBKXwiXCmBWhKShjwd1w3WK4rI1wGdudKKAdR6xYLfoaWSFlQovBPCc3Yw5wxf2uDRJSCpsTKy7b8KVimwtS7PNIZQWhHnqLpgSui6fFkFVQxp0O3fo8qHvYicS7nW9dVeEiX/YNaRMhLeqc39eIPcFnsDBtHBf7zuZMpMbeSKdMCrva1ciLpGH]]></Encrypt><AgentID><![CDATA[1000002]]></AgentID></xml>
2017-11-09 11:00:29.754 [http-apr-8080-exec-3] INFO  com.ray.weixin.qy.service.message.reply.ReplyMessageService - reply_xmlMsg:<xml><ToUserName><![CDATA[ww92f5da92bb24696e]]></ToUserName><FromUserName><![CDATA[ShiRui]]></FromUserName><CreateTime>1510196429</CreateTime><MsgType><![CDATA[event]]></MsgType><AgentID>1000002</AgentID><Event><![CDATA[LOCATION]]></Event><Latitude>31.1676</Latitude><Longitude>121.156</Longitude><Precision>15</Precision></xml>
2017-11-09 11:00:29.757 [http-apr-8080-exec-3] INFO  com.ray.weixin.qy.service.message.reply.ReplyMessageService - fromUserName:ShiRui
2017-11-09 11:00:29.757 [http-apr-8080-exec-3] INFO  com.ray.weixin.qy.service.message.reply.ReplyMessageService - toUserName:ww92f5da92bb24696e
2017-11-09 11:00:29.757 [http-apr-8080-exec-3] INFO  com.ray.weixin.qy.service.message.reply.ReplyMessageService - msgType:event
2017-11-09 11:00:29.757 [http-apr-8080-exec-3] INFO  com.ray.weixin.qy.service.message.reply.ReplyMessageService - Event:LOCATION  eventKey:null
2017-11-09 11:00:35.048 [http-apr-8080-exec-4] INFO  com.ray.weixin.qy.controller.WeiXinServlet - post--------------
2017-11-09 11:00:35.048 [http-apr-8080-exec-4] INFO  com.ray.weixin.qy.service.message.reply.ReplyMessageService - parms:{"msg_signature":["cd36ff5d697436bb16f66931f938e04ebd40f692"],"timestamp":["1510196434"],"nonce":["2051422767"]}
2017-11-09 11:00:35.048 [http-apr-8080-exec-4] INFO  com.ray.weixin.qy.service.message.reply.ReplyMessageService - postData:<xml><ToUserName><![CDATA[ww92f5da92bb24696e]]></ToUserName><Encrypt><![CDATA[qqpR6ykYtn04VoutfLw6r7CFnIU9zeUFrVuBVoKSZWrh9EjS9ne/d56P4VgR0fTuJxFx6Yq58iI4LiHDlP1UTA4GZZpWoGRG9Iv45JaQuFrD7KYs3OntcNtTF1Ym2yBv7OFJShL9gWsjqUbLflCRRUzqqi3kjvtKfTW/Ei+rbuDC+xQhMRWxPVk5t0enFpSaIoJPduNQ/Mxk0OBtLttE/ErM1BX8uWvayct+74AMp7tOpMeWj7LUb7Em8dtqUXUu/lgH2+B/dBWgjEh5NzDCkyZZh+US+ELnnt7rxwrNF8Mnmuf1F5rXXmIYx3YGuwxCk/ZNH41lhlHDxGIaoVDMXKQkT8HZpijzMScIIDwId2ffIfoh8KmkbKD/rck53X/4NnpduQR6i2Msv81jJ0lOlyKzi8jRfqSqPnMUMIHom1kZPaTAyHkN9P5tUHyxPTx5/uTAl8IsLedUJplO7kGMeA2BFrijLVNKhF0n19mI39fBORpNQdYDvAI4+8fPj+fH]]></Encrypt><AgentID><![CDATA[1000002]]></AgentID></xml>
2017-11-09 11:00:35.049 [http-apr-8080-exec-4] INFO  com.ray.weixin.qy.service.message.reply.ReplyMessageService - reply_xmlMsg:<xml><ToUserName><![CDATA[ww92f5da92bb24696e]]></ToUserName><FromUserName><![CDATA[ShiRui]]></FromUserName><CreateTime>1510196434</CreateTime><MsgType><![CDATA[event]]></MsgType><AgentID>1000002</AgentID><Event><![CDATA[LOCATION]]></Event><Latitude>31.1676</Latitude><Longitude>121.156</Longitude><Precision>15</Precision></xml>
2017-11-09 11:00:35.051 [http-apr-8080-exec-4] INFO  com.ray.weixin.qy.service.message.reply.ReplyMessageService - fromUserName:ShiRui
2017-11-09 11:00:35.051 [http-apr-8080-exec-4] INFO  com.ray.weixin.qy.service.message.reply.ReplyMessageService - toUserName:ww92f5da92bb24696e
2017-11-09 11:00:35.051 [http-apr-8080-exec-4] INFO  com.ray.weixin.qy.service.message.reply.ReplyMessageService - msgType:event
2017-11-09 11:00:35.051 [http-apr-8080-exec-4] INFO  com.ray.weixin.qy.service.message.reply.ReplyMessageService - Event:LOCATION  eventKey:null
2017-11-09 11:00:39.803 [http-apr-8080-exec-7] INFO  com.ray.weixin.qy.controller.WeiXinServlet - post--------------
2017-11-09 11:00:39.805 [http-apr-8080-exec-7] INFO  com.ray.weixin.qy.service.message.reply.ReplyMessageService - parms:{"msg_signature":["e150ef4e2bf9ff99a9427727b9672638510fab14"],"timestamp":["1510196439"],"nonce":["1853204525"]}
2017-11-09 11:00:39.807 [http-apr-8080-exec-7] INFO  com.ray.weixin.qy.service.message.reply.ReplyMessageService - postData:<xml><ToUserName><![CDATA[ww92f5da92bb24696e]]></ToUserName><Encrypt><![CDATA[9s1MvUX6oP82R0XlGCDjTU4m1TvIia6v8UtQ/tNoC19p7wXsv55AvV7AfG8sLm/l0d8LvL6bzb+fqyg9BJpCSkZiHEct32nUyfQlh9cNs5+H6qE+t1NwO5SYWGT7R1lZiLJdEtAD9VnoMVrzRQVaEsT6cOaBLhBf/jWoFNhM71N7KdIVOyUQsYBd3FtwEnJMXRHM0H24+kJjVopNjd1bF2mulYHBAQ5i4oBn63bDOBat47R5E8eLe61E373WPFQAlmkn7qJS+yYXfq65hCWD++2LR0BSkUpMGkZFMJB6F322XWgj5U7BpDUHWFF8yYAHMNMz4pq9+Qx0XCsOSsc2yrjhYNu/0aMt2Gbp6YVRcw8tnzC2EQ87V4zdlWA0a0t28CSvAjhxfSERmf7vAFEeUVK/KeL7W0edbxVKwfhjTACWl0jz42t/e23XJ0cZeY5E+fL3Aj9+DAdJADa7k2F4z2dZfvcOkJGjbC4MX6CfXq8+ThN2VETh0qLSR2zRzc62]]></Encrypt><AgentID><![CDATA[1000002]]></AgentID></xml>
2017-11-09 11:00:39.812 [http-apr-8080-exec-7] INFO  com.ray.weixin.qy.service.message.reply.ReplyMessageService - reply_xmlMsg:<xml><ToUserName><![CDATA[ww92f5da92bb24696e]]></ToUserName><FromUserName><![CDATA[ShiRui]]></FromUserName><CreateTime>1510196439</CreateTime><MsgType><![CDATA[event]]></MsgType><AgentID>1000002</AgentID><Event><![CDATA[LOCATION]]></Event><Latitude>31.1676</Latitude><Longitude>121.156</Longitude><Precision>15</Precision></xml>
2017-11-09 11:00:39.817 [http-apr-8080-exec-7] INFO  com.ray.weixin.qy.service.message.reply.ReplyMessageService - fromUserName:ShiRui
2017-11-09 11:00:39.817 [http-apr-8080-exec-7] INFO  com.ray.weixin.qy.service.message.reply.ReplyMessageService - toUserName:ww92f5da92bb24696e
2017-11-09 11:00:39.818 [http-apr-8080-exec-7] INFO  com.ray.weixin.qy.service.message.reply.ReplyMessageService - msgType:event
2017-11-09 11:00:39.818 [http-apr-8080-exec-7] INFO  com.ray.weixin.qy.service.message.reply.ReplyMessageService - Event:LOCATION  eventKey:null
2017-11-09 11:00:44.843 [http-apr-8080-exec-9] INFO  com.ray.weixin.qy.controller.WeiXinServlet - post--------------
2017-11-09 11:00:44.843 [http-apr-8080-exec-9] INFO  com.ray.weixin.qy.service.message.reply.ReplyMessageService - parms:{"msg_signature":["d0c6fadefca18b679fa9abea00e53105e2963729"],"timestamp":["1510196444"],"nonce":["620957456"]}
2017-11-09 11:00:44.844 [http-apr-8080-exec-9] INFO  com.ray.weixin.qy.service.message.reply.ReplyMessageService - postData:<xml><ToUserName><![CDATA[ww92f5da92bb24696e]]></ToUserName><Encrypt><![CDATA[2R6PTzRdV3+cVvevNuW7neZFWqpMGFSZf6ugMRFHWzfkCQLIUTIQsgUxjJKvIZ/UioE3w/pRq4BpIOC+6n7hOAXMuzBFPypvVOIWl9rYqdJLesHnbkhKXtzKMiPuVdTS+J37SZx1tifN2NLHDSPLEueMG26TmNmVKPr6DqAd3kUFndNTMAybjXCcNEUCojKk02zRzs0CS0AIQrZSVBM2DjlLoK8vWv7OhQsLR4o1ejHP+LA3V6vdrUdEV4jr9Uv2gG5MwWLcxdVo9E7YfMRCW02O/1nS8GbTWMB/ED07UvFd/QbN8HhtZrjoWZtHCrhQM4q8pRz61ABcvfKwXIMYnQWtBmj18pumwoLYzgZ9MhmZ6EngbDapUf4RNk4FQAZOM+wZxCef7FcuhWALX0z5UcSGoyi0sdPUtpXhH96hkgM+vdbImVFRmA3kuAEQT14Pcr5tth7EXPTocQ8CoUrZFZdwtUCfZANj5+pt50O4TOdJ+cRBdVHXyJ4QOX4B7r3E]]></Encrypt><AgentID><![CDATA[1000002]]></AgentID></xml>
2017-11-09 11:00:44.844 [http-apr-8080-exec-9] INFO  com.ray.weixin.qy.service.message.reply.ReplyMessageService - reply_xmlMsg:<xml><ToUserName><![CDATA[ww92f5da92bb24696e]]></ToUserName><FromUserName><![CDATA[ShiRui]]></FromUserName><CreateTime>1510196444</CreateTime><MsgType><![CDATA[event]]></MsgType><AgentID>1000002</AgentID><Event><![CDATA[LOCATION]]></Event><Latitude>31.1676</Latitude><Longitude>121.156</Longitude><Precision>15</Precision></xml>
2017-11-09 11:00:44.845 [http-apr-8080-exec-9] INFO  com.ray.weixin.qy.service.message.reply.ReplyMessageService - fromUserName:ShiRui
2017-11-09 11:00:44.845 [http-apr-8080-exec-9] INFO  com.ray.weixin.qy.service.message.reply.ReplyMessageService - toUserName:ww92f5da92bb24696e
2017-11-09 11:00:44.845 [http-apr-8080-exec-9] INFO  com.ray.weixin.qy.service.message.reply.ReplyMessageService - msgType:event
2017-11-09 11:00:44.845 [http-apr-8080-exec-9] INFO  com.ray.weixin.qy.service.message.reply.ReplyMessageService - Event:LOCATION  eventKey:null
2017-11-09 11:00:49.908 [http-apr-8080-exec-10] INFO  com.ray.weixin.qy.controller.WeiXinServlet - post--------------
2017-11-09 11:00:49.909 [http-apr-8080-exec-10] INFO  com.ray.weixin.qy.service.message.reply.ReplyMessageService - parms:{"msg_signature":["349042938ab64420603d398567643b3c05cb16b0"],"timestamp":["1510196449"],"nonce":["717546998"]}
2017-11-09 11:00:49.909 [http-apr-8080-exec-10] INFO  com.ray.weixin.qy.service.message.reply.ReplyMessageService - postData:<xml><ToUserName><![CDATA[ww92f5da92bb24696e]]></ToUserName><Encrypt><![CDATA[ji8okN79t6MkiaU8V511ULyD57uwYTfHnTVZG73/Y4g0QwMa62YVcae1QNTyyO0Ez5gjk1+q+oBp251m0QL0J5Ff/gdzHPg0QK4Bsk0/7gRX8DYPMp7ZJKtDPQD17qEUek8VTpzhyNdImdws1OtPJWYtUTwRmOeW/vyqTSh6heWcNjGH2+1X9KAT2uaSNkTmNPYzn3EyGCGbFFSyW8KJth2ZXiIHSW4pl7XLQJAY0/Tw3mKNHQZHO+wPzqMybiJQ8Mjuq495VzlqqywVtruHeOPZYH+Wb3LGzLdjz6i3ubC8F0nqU2Uxe8hc85102lUdYeu+opcEZs05GJt0nL34Vl8RvkkMfSScof8a6JfJ2v6DsqIkyFcl/kA6egBGWLa5hsn5VoxnXjE8RuEP0ctSNuiVkAZENXAsfDT78n31iaQoOBx61bws7ZzZkB1D1oIFVHscAmQWFubxYA6lN5bYEQWDAswfI1dmsXilHcAjkbQ7Ho4hFp4o74MLueVVC5Xl]]></Encrypt><AgentID><![CDATA[1000002]]></AgentID></xml>
2017-11-09 11:00:49.913 [http-apr-8080-exec-10] INFO  com.ray.weixin.qy.service.message.reply.ReplyMessageService - reply_xmlMsg:<xml><ToUserName><![CDATA[ww92f5da92bb24696e]]></ToUserName><FromUserName><![CDATA[ShiRui]]></FromUserName><CreateTime>1510196449</CreateTime><MsgType><![CDATA[event]]></MsgType><AgentID>1000002</AgentID><Event><![CDATA[LOCATION]]></Event><Latitude>31.1676</Latitude><Longitude>121.156</Longitude><Precision>15</Precision></xml>
2017-11-09 11:00:49.916 [http-apr-8080-exec-10] INFO  com.ray.weixin.qy.service.message.reply.ReplyMessageService - fromUserName:ShiRui
2017-11-09 11:00:49.917 [http-apr-8080-exec-10] INFO  com.ray.weixin.qy.service.message.reply.ReplyMessageService - toUserName:ww92f5da92bb24696e
2017-11-09 11:00:49.917 [http-apr-8080-exec-10] INFO  com.ray.weixin.qy.service.message.reply.ReplyMessageService - msgType:event
2017-11-09 11:00:49.917 [http-apr-8080-exec-10] INFO  com.ray.weixin.qy.service.message.reply.ReplyMessageService - Event:LOCATION  eventKey:null
2017-11-09 11:00:55.565 [http-apr-8080-exec-3] INFO  com.ray.weixin.qy.controller.WeiXinServlet - post--------------
2017-11-09 11:00:55.566 [http-apr-8080-exec-3] INFO  com.ray.weixin.qy.service.message.reply.ReplyMessageService - parms:{"msg_signature":["32b9d848c4ce6e64aea8175535099a36a474a23d"],"timestamp":["1510196455"],"nonce":["1897864199"]}
2017-11-09 11:00:55.567 [http-apr-8080-exec-3] INFO  com.ray.weixin.qy.service.message.reply.ReplyMessageService - postData:<xml><ToUserName><![CDATA[ww92f5da92bb24696e]]></ToUserName><Encrypt><![CDATA[zinvBbALZRIAu+qvpTbSob/hQKbTBhApGWmcjieZcdDXiGO/7U60T+kRZiwWwj/AgZtrbol2Su3efQoYBGqj32hbAx3ZWUO0gXkxhn5MOqxIl4aPFPwJEyAxkavnL7/i8HakzW3YQsm2p3mgVLPtiIUiNBcExTczS+kujzaOCWbP1tNzo0GvfzdPfigt7CsgjxQcuPHcIhYaKsm2wXT2CCe69XiDJDasmupxMwzJEgPa3EKCLwDy+Ov6vmX4nQ6NprCFFVDhcwko1XoZXlfLi+7BRB3icVn+8E0W4sn2XLDL7cfP/8Nv7+rRlDkNtEuEj4q7FjXh7HwSGJm5ZGcymBWRMjxljk6F702zTAj10tWz4SY1FaUPBNFwGj4qExZeQjoTR2QjuPIiqZcrygFcD7KTjse5PmE3MHYd+kzrZgyGQl1RMMXr1Hmf0wPHq4O0I4wIZbNFOntEOJ11alcBicEdTNGNG6T69k0zZsR2l7MIDjs2KvWHZQshMmTxfHDz]]></Encrypt><AgentID><![CDATA[1000002]]></AgentID></xml>
2017-11-09 11:00:55.573 [http-apr-8080-exec-3] INFO  com.ray.weixin.qy.service.message.reply.ReplyMessageService - reply_xmlMsg:<xml><ToUserName><![CDATA[ww92f5da92bb24696e]]></ToUserName><FromUserName><![CDATA[ShiRui]]></FromUserName><CreateTime>1510196454</CreateTime><MsgType><![CDATA[event]]></MsgType><AgentID>1000002</AgentID><Event><![CDATA[LOCATION]]></Event><Latitude>31.1676</Latitude><Longitude>121.156</Longitude><Precision>15</Precision></xml>
2017-11-09 11:00:55.577 [http-apr-8080-exec-3] INFO  com.ray.weixin.qy.service.message.reply.ReplyMessageService - fromUserName:ShiRui
2017-11-09 11:00:55.577 [http-apr-8080-exec-3] INFO  com.ray.weixin.qy.service.message.reply.ReplyMessageService - toUserName:ww92f5da92bb24696e
2017-11-09 11:00:55.577 [http-apr-8080-exec-3] INFO  com.ray.weixin.qy.service.message.reply.ReplyMessageService - msgType:event
2017-11-09 11:00:55.578 [http-apr-8080-exec-3] INFO  com.ray.weixin.qy.service.message.reply.ReplyMessageService - Event:LOCATION  eventKey:null
2017-11-09 11:00:56.946 [http-apr-8080-exec-7] INFO  com.ray.weixin.qy.controller.WeiXinServlet - post--------------
2017-11-09 11:00:56.947 [http-apr-8080-exec-7] INFO  com.ray.weixin.qy.service.message.reply.ReplyMessageService - parms:{"msg_signature":["1cfb052a9710216cb1195716dcdd8d902e7c0fcf"],"timestamp":["1510196456"],"nonce":["1448134474"]}
2017-11-09 11:00:56.948 [http-apr-8080-exec-7] INFO  com.ray.weixin.qy.service.message.reply.ReplyMessageService - postData:<xml><ToUserName><![CDATA[ww92f5da92bb24696e]]></ToUserName><Encrypt><![CDATA[78dHKhsQ8foWG89kSu8nBVjRKfNhX6FtLf0C1ePYjYp4+7Ny4mAP0U41A4mGBYl031db/DX/kJVmv6oMzuRFgq2ebh2qnLOQZFRZiXZ83TIg/Yqvztz5JKm1kKGWGk7ZmnBFLaxC61VV7MU17oKdJiS7e6O+NK8FtCvb75SLehh0sYk3DuykU9vzHzIZh+M/EP48aGJU0rzvP5qHjFfQjx5zkTIiRcqegqzGJUxfFJcXFH9LRofdba2SnLajcR+a0bAT9zhLen0RAYvd/aYWim3p0yHca4KiSv1eOLfygH/BFx5qriauwDhUFlcKvy1arMsem2S8+Hox7W1W/cAex/xsgg8XFTDQ9CgFyLSq9ijSS0xyFjCHownuN/va4jXPogiznyHQZvAdc0llLHTEasF99CmHeEshVidwb+nZboJ7YmI0MVHq8YPmnDT+Cmk5pOf9Ki6vr5TMRuNPrcEs1dDUCApPIWpPMLurlNrIXA7EeaG31JcqrMyW0+MtjUJL]]></Encrypt><AgentID><![CDATA[1000002]]></AgentID></xml>
2017-11-09 11:00:56.951 [http-apr-8080-exec-7] INFO  com.ray.weixin.qy.service.message.reply.ReplyMessageService - reply_xmlMsg:<xml><ToUserName><![CDATA[ww92f5da92bb24696e]]></ToUserName><FromUserName><![CDATA[ShiRui]]></FromUserName><CreateTime>1510196456</CreateTime><MsgType><![CDATA[event]]></MsgType><AgentID>1000002</AgentID><Event><![CDATA[view]]></Event><EventKey><![CDATA[http://rayner.nat300.top/weixin_qy/showInvoice.jsp]]></EventKey></xml>
2017-11-09 11:00:56.954 [http-apr-8080-exec-7] INFO  com.ray.weixin.qy.service.message.reply.ReplyMessageService - fromUserName:ShiRui
2017-11-09 11:00:56.955 [http-apr-8080-exec-7] INFO  com.ray.weixin.qy.service.message.reply.ReplyMessageService - toUserName:ww92f5da92bb24696e
2017-11-09 11:00:56.955 [http-apr-8080-exec-7] INFO  com.ray.weixin.qy.service.message.reply.ReplyMessageService - msgType:event
2017-11-09 11:00:56.955 [http-apr-8080-exec-7] INFO  com.ray.weixin.qy.service.message.reply.ReplyMessageService - Event:view  eventKey:http://rayner.nat300.top/weixin_qy/showInvoice.jsp
2017-11-09 11:00:57.302 [http-apr-8080-exec-4] INFO  com.ray.weixin.qy.util.AuthHelper - jsonObject:{"errcode":0,"access_token":"RVUMhaz-QcALWPrIef8VlQayDM5w55oYDw5FrLAax9W4TOLAOXTnChxYEP2-74uxxPT2C9i1I9wewB97GuODOPyN3p7to4_wYWQ3cAQMv-owZeVpxS-gopdSUPHtRFsxqx5m0RnpBhh0BI0DFiUS85FISGwMzmvNvPe6ZvlKrM54gETQx1ZRdVGQSMHVYFzqZBb9C7q_gw-eZZ9u8Kqw4A","errmsg":"ok","expires_in":7200}
2017-11-09 11:00:57.744 [http-apr-8080-exec-4] INFO  com.ray.weixin.qy.util.AuthHelper - jsonObject:{"errcode":0,"ticket":"kgt8ON7yVITDhtdwci0qebCLEfC_BfeygIq8cFPLbdav_wS6aHw3IOuPFhwb5b37fHfTFdS6e23Vb_dbDCjTOg","errmsg":"ok","expires_in":7200}
2017-11-09 11:00:57.744 [http-apr-8080-exec-4] INFO  com.ray.weixin.qy.util.AuthHelper - url:http://rayner.nat300.top/weixin_qy/showInvoice.jsp
2017-11-09 11:00:57.745 [http-apr-8080-exec-4] INFO  com.ray.weixin.qy.util.AuthHelper - accessToken:RVUMhaz-QcALWPrIef8VlQayDM5w55oYDw5FrLAax9W4TOLAOXTnChxYEP2-74uxxPT2C9i1I9wewB97GuODOPyN3p7to4_wYWQ3cAQMv-owZeVpxS-gopdSUPHtRFsxqx5m0RnpBhh0BI0DFiUS85FISGwMzmvNvPe6ZvlKrM54gETQx1ZRdVGQSMHVYFzqZBb9C7q_gw-eZZ9u8Kqw4A
2017-11-09 11:00:57.745 [http-apr-8080-exec-4] INFO  com.ray.weixin.qy.util.AuthHelper - jsapi_ticket:kgt8ON7yVITDhtdwci0qebCLEfC_BfeygIq8cFPLbdav_wS6aHw3IOuPFhwb5b37fHfTFdS6e23Vb_dbDCjTOg
2017-11-09 11:00:57.745 [http-apr-8080-exec-4] INFO  com.ray.weixin.qy.util.AuthHelper - appId:ww92f5da92bb24696e
2017-11-09 11:00:57.745 [http-apr-8080-exec-4] INFO  com.ray.weixin.qy.util.AuthHelper - timestamp:1510196456
2017-11-09 11:00:57.745 [http-apr-8080-exec-4] INFO  com.ray.weixin.qy.util.AuthHelper - nonceStr:05102309-d668-4392-aee9-90dabf393152
2017-11-09 11:00:57.745 [http-apr-8080-exec-4] INFO  com.ray.weixin.qy.util.AuthHelper - signature:d46ffab53972dc5c75385aadef51d1480e465126
2017-11-09 11:00:57.745 [http-apr-8080-exec-4] INFO  com.ray.weixin.qy.util.AuthHelper - configValue:{"signature":"d46ffab53972dc5c75385aadef51d1480e465126","appId":"ww92f5da92bb24696e","nonceStr":"05102309-d668-4392-aee9-90dabf393152","timestamp":"1510196456"}
