2017-11-08 19:41:02.030 [http-apr-8080-exec-76] INFO  com.ray.weixin.qy.controller.WeiXinServlet - post--------------
2017-11-08 19:41:02.040 [http-apr-8080-exec-76] INFO  com.ray.weixin.qy.service.message.reply.ReplyMessageService - parms:{"msg_signature":["bd4e358cfafa83a841c784a4a5b99d615ec316b9"],"timestamp":["1510141261"],"nonce":["1893885247"]}
2017-11-08 19:41:02.042 [http-apr-8080-exec-76] INFO  com.ray.weixin.qy.service.message.reply.ReplyMessageService - postData:<xml><ToUserName><![CDATA[ww92f5da92bb24696e]]></ToUserName><Encrypt><![CDATA[ts9fIXKe1LZxLs1dlAqUzqNXoDK/DfXllp9agG5LlMwEcsjFGM0Rp1jGnSN7Qq/4Ae7ISchhkCEH4S8ktbyEAounKa61Rr007WtgVwDcavjwosI493DI/q1y9xeVqW6h3HwoVg82D/bGhcKNUZCW8HQ2FZLs+ikyQivrV7T/Y5DvD3F5j53V+I8hHaBk8flQM64psskR71m8z8RjssuHDRhDKMpUoTEa+OuOcsPXq1FhNw7vILZ+kRDHbDgxm4ALVcgmJTUWR0arv8mPoc2677E1EW2UyDaEU2oIfsXyeUgYvplkdnTYT/khgfOyO7MsqUlpZ5VRlGEMdPGiSif7F1evJIv7NPNgbFL7T4ycImdIzAzKZ7CuXLzFvgd2UrDDXg/Y96oSLaN2HDVaO7RKlIZgiPuJctwQ/cUuMPX96A3klm8/dw9ku5z0/8m0l13A609mp9WSYwfxQgfLXlwA5VWMWw/zrTF0A28pa8oXqordarFwv7QyS7mWqrgOFDdK]]></Encrypt><AgentID><![CDATA[1000002]]></AgentID></xml>
2017-11-08 19:41:02.045 [http-apr-8080-exec-76] INFO  com.ray.weixin.qy.service.message.reply.ReplyMessageService - reply_xmlMsg:<xml><ToUserName><![CDATA[ww92f5da92bb24696e]]></ToUserName><FromUserName><![CDATA[ShiRui]]></FromUserName><CreateTime>1510141261</CreateTime><MsgType><![CDATA[event]]></MsgType><AgentID>1000002</AgentID><Event><![CDATA[LOCATION]]></Event><Latitude>31.1676</Latitude><Longitude>121.156</Longitude><Precision>15</Precision></xml>
2017-11-08 19:41:02.047 [http-apr-8080-exec-76] INFO  com.ray.weixin.qy.service.message.reply.ReplyMessageService - fromUserName:ShiRui
2017-11-08 19:41:02.047 [http-apr-8080-exec-76] INFO  com.ray.weixin.qy.service.message.reply.ReplyMessageService - toUserName:ww92f5da92bb24696e
2017-11-08 19:41:02.047 [http-apr-8080-exec-76] INFO  com.ray.weixin.qy.service.message.reply.ReplyMessageService - msgType:event
2017-11-08 19:41:02.048 [http-apr-8080-exec-76] INFO  com.ray.weixin.qy.service.message.reply.ReplyMessageService - Event:LOCATION  eventKey:null
2017-11-08 19:41:07.101 [http-apr-8080-exec-77] INFO  com.ray.weixin.qy.controller.WeiXinServlet - post--------------
2017-11-08 19:41:07.102 [http-apr-8080-exec-77] INFO  com.ray.weixin.qy.service.message.reply.ReplyMessageService - parms:{"msg_signature":["b3ed840d017ad2d693c6b1602a4081d5916626b7"],"timestamp":["1510141266"],"nonce":["398294498"]}
2017-11-08 19:41:07.102 [http-apr-8080-exec-77] INFO  com.ray.weixin.qy.service.message.reply.ReplyMessageService - postData:<xml><ToUserName><![CDATA[ww92f5da92bb24696e]]></ToUserName><Encrypt><![CDATA[RrUsqjV01DPQhUU+CRBw6ZfK3ipgpX+K053QhXEs3k/un0uiAoccAI8pEmHNTGfgZaGTgX0UemW3IOfeLN7j68kQbFZVz+G6LhUszzh9Fc0ZGU/a88FxFlPprw2TFn11YoD9eNW6/UA0TEldGKAKVYVsUw4JlCF/PEzipHBZTjAJt0uW+onHchTuQnEj6SztFQD6fqSd7tYTDKCp5kWLzw+QbeM/qpyQfDXGsEPG/KY0EmRBnXW7Hohamyr8bO5kmcSCt7GRQCaOgSJGRP5bWkmY4OGQ4+Y+WwLndCNtZu+kojhFFLujo1vOUVngga7aftcVxrtFCdDy8CuHefW/ZvONhqcr6CaSDhNJtp7zOUfUmYqpYZMkvKEfDBaZjWELX/Kjw+9Azsod2SaFMapcU87HQSHbXtF0dU0i9JROAoZooj+pv9yg8X4ZKv4Op32bzkBHt3Pdt28u86MkMnnf5elN8glEoq9tPie+3pmZg7jgU/YGsrOohYoepT9YugBD]]></Encrypt><AgentID><![CDATA[1000002]]></AgentID></xml>
2017-11-08 19:41:07.104 [http-apr-8080-exec-77] INFO  com.ray.weixin.qy.service.message.reply.ReplyMessageService - reply_xmlMsg:<xml><ToUserName><![CDATA[ww92f5da92bb24696e]]></ToUserName><FromUserName><![CDATA[ShiRui]]></FromUserName><CreateTime>1510141266</CreateTime><MsgType><![CDATA[event]]></MsgType><AgentID>1000002</AgentID><Event><![CDATA[LOCATION]]></Event><Latitude>31.1676</Latitude><Longitude>121.156</Longitude><Precision>15</Precision></xml>
2017-11-08 19:41:07.105 [http-apr-8080-exec-77] INFO  com.ray.weixin.qy.service.message.reply.ReplyMessageService - fromUserName:ShiRui
2017-11-08 19:41:07.105 [http-apr-8080-exec-77] INFO  com.ray.weixin.qy.service.message.reply.ReplyMessageService - toUserName:ww92f5da92bb24696e
2017-11-08 19:41:07.105 [http-apr-8080-exec-77] INFO  com.ray.weixin.qy.service.message.reply.ReplyMessageService - msgType:event
2017-11-08 19:41:07.105 [http-apr-8080-exec-77] INFO  com.ray.weixin.qy.service.message.reply.ReplyMessageService - Event:LOCATION  eventKey:null
2017-11-08 19:41:12.065 [http-apr-8080-exec-70] INFO  com.ray.weixin.qy.controller.WeiXinServlet - post--------------
2017-11-08 19:41:12.065 [http-apr-8080-exec-70] INFO  com.ray.weixin.qy.service.message.reply.ReplyMessageService - parms:{"msg_signature":["355d6ec87a8653cc271cc51dc7ad6de5d5a75b66"],"timestamp":["1510141271"],"nonce":["49660504"]}
2017-11-08 19:41:12.066 [http-apr-8080-exec-70] INFO  com.ray.weixin.qy.service.message.reply.ReplyMessageService - postData:<xml><ToUserName><![CDATA[ww92f5da92bb24696e]]></ToUserName><Encrypt><![CDATA[wqXoiT7kS9VSHINecvgIQY9jKGylbxmyEm3IQRGzJPbvwyXyZxyvEVBj/gLzb4R1WwFkJTN8/Fr6Kn8aN6saDpoJAq//9C8uvoW7xMR4MASriDD8mQgk26f86W2gBV+JLxUsA2i4OwlsJ75h1KJp1PEekn6YFqsPJXVnCiZgrhMJXCTNYomRaEoYeHJgqpVIuj/s+SyqxkB7qV6zxolXKEdEycM1l/wtnV6X3LoQlE6f3bVkD2lK9baioxJSN7s3bpQMOJ5p++qo0tQTYs+9XnDyy9p8bz3SQBUI+239VTs7LsneOL6QTLNJ3XaAviswQwmXXc4pOuYZws6yk15fpFPQM/2Dywoc59f2O6St2io4K9GOw0jnyl7AIKnaXor4RqivTO74QETJCbBlhtlgS3GY12zuJVvIjWQ6XmC6oyoBt74oXwncWrsPrDRHxVQpJY5+ZUsDMGJT0rASsaa/eWj4u5wCenVwQYTTqRwKILzOpXYZdQ0nMp3s7yhzwjpj]]></Encrypt><AgentID><![CDATA[1000002]]></AgentID></xml>
2017-11-08 19:41:12.067 [http-apr-8080-exec-70] INFO  com.ray.weixin.qy.service.message.reply.ReplyMessageService - reply_xmlMsg:<xml><ToUserName><![CDATA[ww92f5da92bb24696e]]></ToUserName><FromUserName><![CDATA[ShiRui]]></FromUserName><CreateTime>1510141271</CreateTime><MsgType><![CDATA[event]]></MsgType><AgentID>1000002</AgentID><Event><![CDATA[LOCATION]]></Event><Latitude>31.1676</Latitude><Longitude>121.156</Longitude><Precision>15</Precision></xml>
2017-11-08 19:41:12.068 [http-apr-8080-exec-70] INFO  com.ray.weixin.qy.service.message.reply.ReplyMessageService - fromUserName:ShiRui
2017-11-08 19:41:12.068 [http-apr-8080-exec-70] INFO  com.ray.weixin.qy.service.message.reply.ReplyMessageService - toUserName:ww92f5da92bb24696e
2017-11-08 19:41:12.068 [http-apr-8080-exec-70] INFO  com.ray.weixin.qy.service.message.reply.ReplyMessageService - msgType:event
2017-11-08 19:41:12.068 [http-apr-8080-exec-70] INFO  com.ray.weixin.qy.service.message.reply.ReplyMessageService - Event:LOCATION  eventKey:null
2017-11-08 19:41:17.132 [http-apr-8080-exec-72] INFO  com.ray.weixin.qy.controller.WeiXinServlet - post--------------
2017-11-08 19:41:17.134 [http-apr-8080-exec-72] INFO  com.ray.weixin.qy.service.message.reply.ReplyMessageService - parms:{"msg_signature":["b47a50baebc2eb9eae89a7936c2c4f87302aad88"],"timestamp":["1510141276"],"nonce":["140680439"]}
2017-11-08 19:41:17.135 [http-apr-8080-exec-72] INFO  com.ray.weixin.qy.service.message.reply.ReplyMessageService - postData:<xml><ToUserName><![CDATA[ww92f5da92bb24696e]]></ToUserName><Encrypt><![CDATA[Zvsd042AtYrsywrW3cSJFIVShIvfZBkKpb9hoXb/lxXzgDRSf1Ia69aMwHBZUYIFO/P8tur3gJywDCd/XCXV5hAuuqyzre9SSkVnYYea/CRmm3J9dGzuQsLqo07iRSJGOXS+zueCRck5ZSN/AkWtoZMVHJ9KLcU5R32TRGPUGczTfBaqIfOxCntPzgUoTrtTB3rg6I8QY7S+2Jx2Y7qe2TO7iDx9sQvl+ek6R3s2eFBN0iyhPujGJ5xyfb6Dg2TSbFR9AbR4ZPt2ETOnertFyUqSCQ7QdKRdO93/G6iJPN9d6MWjX+wLRWL1zp3SNfrI8w5dmSEm+MDVi8Ural3k7NCq3Yop2C/C3v/jzOyBcNf8t0F7w6LrzIBSajMyoPrgGE67gd8E+lGVTli7byN00wUXYtsHwYQAbfgZBay7Rx4RzHh+1oGEAe8YcdAXbmKLoXStNfT0IqBBlV7X6GAn/o8TEdW3RHaalUrNHm8qjB5eo+KntqjSN76SCGfQGMEu]]></Encrypt><AgentID><![CDATA[1000002]]></AgentID></xml>
2017-11-08 19:41:17.139 [http-apr-8080-exec-72] INFO  com.ray.weixin.qy.service.message.reply.ReplyMessageService - reply_xmlMsg:<xml><ToUserName><![CDATA[ww92f5da92bb24696e]]></ToUserName><FromUserName><![CDATA[ShiRui]]></FromUserName><CreateTime>1510141276</CreateTime><MsgType><![CDATA[event]]></MsgType><AgentID>1000002</AgentID><Event><![CDATA[LOCATION]]></Event><Latitude>31.1676</Latitude><Longitude>121.156</Longitude><Precision>15</Precision></xml>
2017-11-08 19:41:17.141 [http-apr-8080-exec-72] INFO  com.ray.weixin.qy.service.message.reply.ReplyMessageService - fromUserName:ShiRui
2017-11-08 19:41:17.142 [http-apr-8080-exec-72] INFO  com.ray.weixin.qy.service.message.reply.ReplyMessageService - toUserName:ww92f5da92bb24696e
2017-11-08 19:41:17.142 [http-apr-8080-exec-72] INFO  com.ray.weixin.qy.service.message.reply.ReplyMessageService - msgType:event
2017-11-08 19:41:17.142 [http-apr-8080-exec-72] INFO  com.ray.weixin.qy.service.message.reply.ReplyMessageService - Event:LOCATION  eventKey:null
2017-11-08 19:41:22.123 [http-apr-8080-exec-74] INFO  com.ray.weixin.qy.controller.WeiXinServlet - post--------------
2017-11-08 19:41:22.124 [http-apr-8080-exec-74] INFO  com.ray.weixin.qy.service.message.reply.ReplyMessageService - parms:{"msg_signature":["4e7bc62d71d8c0a91f62f2356d4f914373d9c54c"],"timestamp":["1510141281"],"nonce":["8887474"]}
2017-11-08 19:41:22.124 [http-apr-8080-exec-74] INFO  com.ray.weixin.qy.service.message.reply.ReplyMessageService - postData:<xml><ToUserName><![CDATA[ww92f5da92bb24696e]]></ToUserName><Encrypt><![CDATA[NMGx2UPKhpuFn8iRmIHsfZ8YRh+mJep2zRVnCeeSrHxXD1c7RepLxKC6Q0nH3xy8SDtU12vpQWnGQvozSa6qJ77WqPwddTBXs2osn/VyiFOQGNN44HGD5H9q2di3sOiisTJrjVQjj9BH1U2WZ2jlcjRhNRCE2tTUCjy+tp/2QjniES5nVf484LuDq6szxaGsajD0qkhhdPFxQbfKScNwcfD9h5IvM9MvHNrgFrE+0QvaleOlcvUNpm3uYZKW3bTDWMOSHhWRTSGO4D6Ou36kHpCqCRG3NZbiP+X9MsIGsYqj3XteO9KmrIVlrtC82wh1pHi6EE2rtvD5oDrU10mCsEPNQdAUPawWEonuVJ6L3CT7ANOqOlO0jbLMv5Uyi9f9ZNlW+vono/qjjCSBIavklziGB1Hr9G5hAgEZIT6NGn2Bsy7N9R4C7AJ767+y0nc9sqLCuXHuhODwXT+//Fm4U6tzedk2JNDQM68Pandm+7NpLsG+b9FW9rJIcRbAsZhD]]></Encrypt><AgentID><![CDATA[1000002]]></AgentID></xml>
2017-11-08 19:41:22.125 [http-apr-8080-exec-74] INFO  com.ray.weixin.qy.service.message.reply.ReplyMessageService - reply_xmlMsg:<xml><ToUserName><![CDATA[ww92f5da92bb24696e]]></ToUserName><FromUserName><![CDATA[ShiRui]]></FromUserName><CreateTime>1510141281</CreateTime><MsgType><![CDATA[event]]></MsgType><AgentID>1000002</AgentID><Event><![CDATA[LOCATION]]></Event><Latitude>31.1676</Latitude><Longitude>121.156</Longitude><Precision>15</Precision></xml>
2017-11-08 19:41:22.126 [http-apr-8080-exec-74] INFO  com.ray.weixin.qy.service.message.reply.ReplyMessageService - fromUserName:ShiRui
2017-11-08 19:41:22.126 [http-apr-8080-exec-74] INFO  com.ray.weixin.qy.service.message.reply.ReplyMessageService - toUserName:ww92f5da92bb24696e
2017-11-08 19:41:22.126 [http-apr-8080-exec-74] INFO  com.ray.weixin.qy.service.message.reply.ReplyMessageService - msgType:event
2017-11-08 19:41:22.126 [http-apr-8080-exec-74] INFO  com.ray.weixin.qy.service.message.reply.ReplyMessageService - Event:LOCATION  eventKey:null
2017-11-08 19:41:27.121 [http-apr-8080-exec-76] INFO  com.ray.weixin.qy.controller.WeiXinServlet - post--------------
2017-11-08 19:41:27.122 [http-apr-8080-exec-76] INFO  com.ray.weixin.qy.service.message.reply.ReplyMessageService - parms:{"msg_signature":["b7c0711af34c3f9dd33ee9f017108c00f3f61138"],"timestamp":["1510141286"],"nonce":["1822802849"]}
2017-11-08 19:41:27.122 [http-apr-8080-exec-76] INFO  com.ray.weixin.qy.service.message.reply.ReplyMessageService - postData:<xml><ToUserName><![CDATA[ww92f5da92bb24696e]]></ToUserName><Encrypt><![CDATA[ME6h31YYv1HN/dFMRuTjzk/ScHo7ofTnf+YTNo9RndEiktYUFWwdzzRNuY150cBnhT3VER474tTOKHlF1gUE5AULv3vzSW7nE93sstm8+TlvY/5QePHasLtpoBpGCeX5wnF40NTtC4Ais2t826iU367p+FEW3j5IlakGZg3rq0YjFbsbi6I7NavwfZ+KaZCuskhRr3u82Gzc5u/oC6CuRHTzHdLggcVuYBKvDYl3Ip9NhWe1/Hk1MYnW7eUT2be0il+xz8xkYKMlDiArwnLsnvEbkpZHH2e/n/cOvlGZuFfTIOSCvgDC8+IrgGl3/lrtKKRt081yjD9dAaQ1U/F2VNY0ilN9/g6Xln83wD1dNaq7+G9CiG3tszdrlCbgJXLrVZDe3gIeEZIy5FiM6hz3k2bfr93BED8A9mNwQiePYg7gZ9JSnmaLyE9rf+/x0UWljSKjQTyuD7lVZnEskYO/FrwW0TKc7z4eOruN2EgBw2IAFAYGxE9Lz93aeGIzrY4y]]></Encrypt><AgentID><![CDATA[1000002]]></AgentID></xml>
2017-11-08 19:41:27.124 [http-apr-8080-exec-76] INFO  com.ray.weixin.qy.service.message.reply.ReplyMessageService - reply_xmlMsg:<xml><ToUserName><![CDATA[ww92f5da92bb24696e]]></ToUserName><FromUserName><![CDATA[ShiRui]]></FromUserName><CreateTime>1510141286</CreateTime><MsgType><![CDATA[event]]></MsgType><AgentID>1000002</AgentID><Event><![CDATA[LOCATION]]></Event><Latitude>31.1676</Latitude><Longitude>121.156</Longitude><Precision>15</Precision></xml>
2017-11-08 19:41:27.126 [http-apr-8080-exec-76] INFO  com.ray.weixin.qy.service.message.reply.ReplyMessageService - fromUserName:ShiRui
2017-11-08 19:41:27.126 [http-apr-8080-exec-76] INFO  com.ray.weixin.qy.service.message.reply.ReplyMessageService - toUserName:ww92f5da92bb24696e
2017-11-08 19:41:27.126 [http-apr-8080-exec-76] INFO  com.ray.weixin.qy.service.message.reply.ReplyMessageService - msgType:event
2017-11-08 19:41:27.126 [http-apr-8080-exec-76] INFO  com.ray.weixin.qy.service.message.reply.ReplyMessageService - Event:LOCATION  eventKey:null
2017-11-08 19:41:32.243 [http-apr-8080-exec-77] INFO  com.ray.weixin.qy.controller.WeiXinServlet - post--------------
2017-11-08 19:41:32.244 [http-apr-8080-exec-77] INFO  com.ray.weixin.qy.service.message.reply.ReplyMessageService - parms:{"msg_signature":["bef2b28ec9b18eb3632ea13576d5e32a720483d8"],"timestamp":["1510141291"],"nonce":["10899233"]}
2017-11-08 19:41:32.244 [http-apr-8080-exec-77] INFO  com.ray.weixin.qy.service.message.reply.ReplyMessageService - postData:<xml><ToUserName><![CDATA[ww92f5da92bb24696e]]></ToUserName><Encrypt><![CDATA[gMjg0tRizAhL0RfD+5iqOyTx2K0FPb9A6q9rqyDCdWtB61MI5vZcPx0a2nkYx+slIDxN2po6txfI4001f97HBMf6wETwl67hDQEDjtGxBrzrmZZNFlFptrLTty3f22Ue+valcuzytLwrp+164Lbyiim1dnElQ9h731j/evh4zd05eE+0cNugcgzGUrjprKz33jvFnfCKTqXOGL8cutfkszq63ZkCGiLM3V7TyrjgFNRLOtye3sdURAvmeLrSF0MLnrviSHnGW1Sja7zrleHeFPgIGhKfgUzGcTKD9FA6b954bRVZzABcJRCkkeaHAml7vr4j2qNz7Cwyw+9TzNG4pC82s6nToC5aSEpleLTTzVxfWa75z4V/RtttcXrPepJjAh7QeV0C5ThPigrP+KI3fXVbmRIxkrZGeYGxgLnkcm16imCNm8bImU81M2uvjxRcTrcaOG1gQh6gCCSLZcbVUOSU7uFYZkLXgByhC37qaWihfABh6W5WDIIiBtB52EwC]]></Encrypt><AgentID><![CDATA[1000002]]></AgentID></xml>
2017-11-08 19:41:32.246 [http-apr-8080-exec-77] INFO  com.ray.weixin.qy.service.message.reply.ReplyMessageService - reply_xmlMsg:<xml><ToUserName><![CDATA[ww92f5da92bb24696e]]></ToUserName><FromUserName><![CDATA[ShiRui]]></FromUserName><CreateTime>1510141291</CreateTime><MsgType><![CDATA[event]]></MsgType><AgentID>1000002</AgentID><Event><![CDATA[LOCATION]]></Event><Latitude>31.1676</Latitude><Longitude>121.156</Longitude><Precision>15</Precision></xml>
2017-11-08 19:41:32.247 [http-apr-8080-exec-77] INFO  com.ray.weixin.qy.service.message.reply.ReplyMessageService - fromUserName:ShiRui
2017-11-08 19:41:32.247 [http-apr-8080-exec-77] INFO  com.ray.weixin.qy.service.message.reply.ReplyMessageService - toUserName:ww92f5da92bb24696e
2017-11-08 19:41:32.247 [http-apr-8080-exec-77] INFO  com.ray.weixin.qy.service.message.reply.ReplyMessageService - msgType:event
2017-11-08 19:41:32.247 [http-apr-8080-exec-77] INFO  com.ray.weixin.qy.service.message.reply.ReplyMessageService - Event:LOCATION  eventKey:null
2017-11-08 19:41:46.543 [http-apr-8080-exec-70] INFO  com.ray.weixin.qy.controller.WeiXinServlet - post--------------
2017-11-08 19:41:46.544 [http-apr-8080-exec-70] INFO  com.ray.weixin.qy.service.message.reply.ReplyMessageService - parms:{"msg_signature":["95b345ad72fc9b16f8f6d8e6bdb70e055bac7ce3"],"timestamp":["1510141306"],"nonce":["847647670"]}
2017-11-08 19:41:46.544 [http-apr-8080-exec-70] INFO  com.ray.weixin.qy.service.message.reply.ReplyMessageService - postData:<xml><ToUserName><![CDATA[ww92f5da92bb24696e]]></ToUserName><Encrypt><![CDATA[UVIbbEOLAVuO8tqW0INaSPgiplks5nE0WeP31DocFvvydWU6c2JXm3iTniIOVReMbvsRzWXPvXD2GXNNc396gNnIgizzQGKN6IE4qjkaWA0sI7TJ3Hqh/HLGnkwofvV9T6PtLwBn79wE3sewXE97k22f0KreDHIqaELpARyJrBcSDp+vZ9Xf9Ltrnl/LB3OASfnZKHbJBOzYkDI46JCGfRF8oOXKST6wUefxx22Q+eiewz2bpfDiXR0MbXXQteDPn6lADjZI6Hlc7IismdxolyxgtH1XM0zogi360XKumtKNGOgtYynQc6U2sFclW/A9xKj/qx+gcP8FPyeoyyEuAorSpiOquqg5FFyAmJItKivp0DpovzBHMPUPwXcRmXRF+kTYqTqD+84q8qcGJ/GAmkSXC+ShcJveMCle0DDNxioZYFfYA0DKOXeXdoZ1rCfdKjSgiemyCPf1zlvLG3YNTo8nyKZNcvA7ecVCmlJAMy9U32+RTUT9Wd9M+cdvoJTL]]></Encrypt><AgentID><![CDATA[1000002]]></AgentID></xml>
2017-11-08 19:41:46.545 [http-apr-8080-exec-70] INFO  com.ray.weixin.qy.service.message.reply.ReplyMessageService - reply_xmlMsg:<xml><ToUserName><![CDATA[ww92f5da92bb24696e]]></ToUserName><FromUserName><![CDATA[ShiRui]]></FromUserName><CreateTime>1510141306</CreateTime><MsgType><![CDATA[event]]></MsgType><AgentID>1000002</AgentID><Event><![CDATA[LOCATION]]></Event><Latitude>31.1676</Latitude><Longitude>121.156</Longitude><Precision>15</Precision></xml>
2017-11-08 19:41:46.547 [http-apr-8080-exec-70] INFO  com.ray.weixin.qy.service.message.reply.ReplyMessageService - fromUserName:ShiRui
2017-11-08 19:41:46.547 [http-apr-8080-exec-70] INFO  com.ray.weixin.qy.service.message.reply.ReplyMessageService - toUserName:ww92f5da92bb24696e
2017-11-08 19:41:46.547 [http-apr-8080-exec-70] INFO  com.ray.weixin.qy.service.message.reply.ReplyMessageService - msgType:event
2017-11-08 19:41:46.547 [http-apr-8080-exec-70] INFO  com.ray.weixin.qy.service.message.reply.ReplyMessageService - Event:LOCATION  eventKey:null
