2017-11-09 12:05:21.975 [http-apr-8080-exec-8] INFO  com.ray.weixin.qy.controller.WeiXinServlet - post--------------
2017-11-09 12:05:21.979 [http-apr-8080-exec-8] INFO  com.ray.weixin.qy.service.message.reply.ReplyMessageService - parms:{"msg_signature":["9dd6419bd72ee75ac7ab0d9d2db3d91b84bb08ed"],"timestamp":["1510200321"],"nonce":["1262209305"]}
2017-11-09 12:05:21.979 [http-apr-8080-exec-8] INFO  com.ray.weixin.qy.service.message.reply.ReplyMessageService - postData:<xml><ToUserName><![CDATA[ww92f5da92bb24696e]]></ToUserName><Encrypt><![CDATA[5nubvvqFbWEgTOHgzF5EFwdluJknYwobjT2rDWiJBEKktXRTGWUGTB6i1NwbwhI6J9EqCuPtt1edTDBYVCtRJzpOMrLayVp76D0T76HSbtZTjGILUdnR+vUIiWV+nD5rButVY8tf2pug9uSKhosRLt0DVR30jVqHn8dvvCGPNGSEmVo4QUWYSNSnCqfjX9bCWh1ZhWnV7+92jXjCuNb2mlD+n3/BL2b9+fRlnOtiJdW0I5txHuzZ5GUBYRqR3y9cDnfNGPBFelBzfrv0nRHhEr5lSY9XELVcktaGkRG0E2INngU3EUX7qhRZta+76FC4BvZZN4QfZOnZfLLsVnp4/+jj/FFu1GHWoKK4rH/lBJwq4w5oaE64DvrWKzrwuKdA]]></Encrypt><AgentID><![CDATA[1000002]]></AgentID></xml>
2017-11-09 12:05:21.982 [http-apr-8080-exec-8] INFO  com.ray.weixin.qy.service.message.reply.ReplyMessageService - reply_xmlMsg:<xml><ToUserName><![CDATA[ww92f5da92bb24696e]]></ToUserName><FromUserName><![CDATA[XuZhao]]></FromUserName><CreateTime>1510200321</CreateTime><MsgType><![CDATA[event]]></MsgType><AgentID>1000002</AgentID><Event><![CDATA[subscribe]]></Event></xml>
2017-11-09 12:05:21.984 [http-apr-8080-exec-8] INFO  com.ray.weixin.qy.service.message.reply.ReplyMessageService - fromUserName:XuZhao
2017-11-09 12:05:21.984 [http-apr-8080-exec-8] INFO  com.ray.weixin.qy.service.message.reply.ReplyMessageService - toUserName:ww92f5da92bb24696e
2017-11-09 12:05:21.984 [http-apr-8080-exec-8] INFO  com.ray.weixin.qy.service.message.reply.ReplyMessageService - msgType:event
2017-11-09 12:05:21.984 [http-apr-8080-exec-8] INFO  com.ray.weixin.qy.service.message.reply.ReplyMessageService - Event:subscribe  eventKey:null
2017-11-09 12:05:32.019 [http-apr-8080-exec-10] INFO  com.ray.weixin.qy.controller.WeiXinServlet - post--------------
2017-11-09 12:05:32.021 [http-apr-8080-exec-10] INFO  com.ray.weixin.qy.service.message.reply.ReplyMessageService - parms:{"msg_signature":["fffe55de0e1dca0bf483976677bbcae56eaf6344"],"timestamp":["1510200331"],"nonce":["317723598"]}
2017-11-09 12:05:32.022 [http-apr-8080-exec-10] INFO  com.ray.weixin.qy.service.message.reply.ReplyMessageService - postData:<xml><ToUserName><![CDATA[ww92f5da92bb24696e]]></ToUserName><Encrypt><![CDATA[d1ty27CXgbyZRd0G9okDsl70lxEQ0bxER1PwBD8m6Yj7x9UuhmukBoFsn4JCZh8vWftwVLPA0NhrmRRLVLd854xJI4qnRrtry4QFD9LjO0qEy1MLmmvwViMWOFKTsU+WAk5F3L5+szI26TwU2plNuy5H/RaOS97U5ih+SDN+gaI6Ujgl7bctscDe43vY5vHegMZwbzK/NfbRw25DpGzvJsOYQKvXTrRZUmtw6OL2gQLbMb0/dvWBuuOfNsKICzpSLzPk6d2tTEIX6P9jUw/BDvZvIFz0hjJW9KyCUbnH5uJ88BnW/5H7jteYtTjhB555DQOFxlxVIPr1iPPpgcLa7zHgZv3IV+MJfNytXQgepFl7yLG9sCQpaB1Z+OHkXGmffuA4NDdfi8FdWqCV4tA7TYwN7hyzmfjSty4J+3ANLhIkbZmXgDToq9G5EEnPlzFV1qmPCJhHnRjFUwUc/l0vDskeiv2ST9J8bVcyt8UYzbT9Q7esN5c3gVAjzl5bg0QT]]></Encrypt><AgentID><![CDATA[1000002]]></AgentID></xml>
2017-11-09 12:05:32.031 [http-apr-8080-exec-10] INFO  com.ray.weixin.qy.service.message.reply.ReplyMessageService - reply_xmlMsg:<xml><ToUserName><![CDATA[ww92f5da92bb24696e]]></ToUserName><FromUserName><![CDATA[XuZhao]]></FromUserName><CreateTime>1510200331</CreateTime><MsgType><![CDATA[event]]></MsgType><AgentID>1000002</AgentID><Event><![CDATA[view]]></Event><EventKey><![CDATA[http://rayner.nat300.top/weixin_qy/showInvoice.jsp]]></EventKey></xml>
2017-11-09 12:05:32.035 [http-apr-8080-exec-10] INFO  com.ray.weixin.qy.service.message.reply.ReplyMessageService - fromUserName:XuZhao
2017-11-09 12:05:32.036 [http-apr-8080-exec-10] INFO  com.ray.weixin.qy.service.message.reply.ReplyMessageService - toUserName:ww92f5da92bb24696e
2017-11-09 12:05:32.037 [http-apr-8080-exec-10] INFO  com.ray.weixin.qy.service.message.reply.ReplyMessageService - msgType:event
2017-11-09 12:05:32.037 [http-apr-8080-exec-10] INFO  com.ray.weixin.qy.service.message.reply.ReplyMessageService - Event:view  eventKey:http://rayner.nat300.top/weixin_qy/showInvoice.jsp
2017-11-09 12:05:32.403 [http-apr-8080-exec-3] INFO  com.ray.weixin.qy.util.AuthHelper - jsonObject:{"errcode":0,"access_token":"HAXViOQY3DGAvBiBKjCsINmIRRUBT5qPdfoC4Z8571X1BUGBGeUR24SM9BJttafP4lMxb8DMjyyKPX0WO1az3mXgERblmFYc8l8o5qRwLhqXSTaQf4H5kiX5_IUQ5aEhzMVrHdHo71xR9DphzuJ-zUFPYWFBoF2UZ1VQVCmVzidT3HCqCocrpbksyJw4Kp2n9j-O6V7UVhewcXu4SXgRIg","errmsg":"","expires_in":7200}
2017-11-09 12:05:32.871 [http-apr-8080-exec-3] INFO  com.ray.weixin.qy.util.AuthHelper - jsonObject:{"errcode":0,"ticket":"kgt8ON7yVITDhtdwci0qebCLEfC_BfeygIq8cFPLbdbdgXAuwqW0TQb7lRnbFXxfHzevQQFSYr2oYlyC7L5k6Q","errmsg":"ok","expires_in":7200}
2017-11-09 12:05:32.872 [http-apr-8080-exec-3] INFO  com.ray.weixin.qy.util.AuthHelper - url:http://rayner.nat300.top/weixin_qy/showInvoice.jsp
2017-11-09 12:05:32.873 [http-apr-8080-exec-3] INFO  com.ray.weixin.qy.util.AuthHelper - accessToken:HAXViOQY3DGAvBiBKjCsINmIRRUBT5qPdfoC4Z8571X1BUGBGeUR24SM9BJttafP4lMxb8DMjyyKPX0WO1az3mXgERblmFYc8l8o5qRwLhqXSTaQf4H5kiX5_IUQ5aEhzMVrHdHo71xR9DphzuJ-zUFPYWFBoF2UZ1VQVCmVzidT3HCqCocrpbksyJw4Kp2n9j-O6V7UVhewcXu4SXgRIg
2017-11-09 12:05:32.873 [http-apr-8080-exec-3] INFO  com.ray.weixin.qy.util.AuthHelper - jsapi_ticket:kgt8ON7yVITDhtdwci0qebCLEfC_BfeygIq8cFPLbdbdgXAuwqW0TQb7lRnbFXxfHzevQQFSYr2oYlyC7L5k6Q
2017-11-09 12:05:32.874 [http-apr-8080-exec-3] INFO  com.ray.weixin.qy.util.AuthHelper - appId:ww92f5da92bb24696e
2017-11-09 12:05:32.874 [http-apr-8080-exec-3] INFO  com.ray.weixin.qy.util.AuthHelper - timestamp:1510200332
2017-11-09 12:05:32.875 [http-apr-8080-exec-3] INFO  com.ray.weixin.qy.util.AuthHelper - nonceStr:80a09f17-1d2e-490e-959a-96090db71ab5
2017-11-09 12:05:32.875 [http-apr-8080-exec-3] INFO  com.ray.weixin.qy.util.AuthHelper - signature:c1f8995ba14f7bfebaf525b3dcf61a423660b275
2017-11-09 12:05:32.876 [http-apr-8080-exec-3] INFO  com.ray.weixin.qy.util.AuthHelper - configValue:{"signature":"c1f8995ba14f7bfebaf525b3dcf61a423660b275","appId":"ww92f5da92bb24696e","nonceStr":"80a09f17-1d2e-490e-959a-96090db71ab5","timestamp":"1510200332"}
2017-11-09 12:05:33.207 [http-apr-8080-exec-3] INFO  com.ray.weixin.qy.util.AuthHelper - jsonObject:{"errcode":0,"access_token":"HAXViOQY3DGAvBiBKjCsINmIRRUBT5qPdfoC4Z8571X1BUGBGeUR24SM9BJttafP4lMxb8DMjyyKPX0WO1az3mXgERblmFYc8l8o5qRwLhqXSTaQf4H5kiX5_IUQ5aEhzMVrHdHo71xR9DphzuJ-zUFPYWFBoF2UZ1VQVCmVzidT3HCqCocrpbksyJw4Kp2n9j-O6V7UVhewcXu4SXgRIg","errmsg":"ok","expires_in":7200}
2017-11-09 12:05:33.410 [http-apr-8080-exec-3] INFO  com.ray.weixin.qy.util.AuthHelper - jsonObject:{"errcode":0,"ticket":"IpK_1T69hDhZkLQTlwsAXwPIgjZ1z6yuhHmi_IRriCjAaETgX6hy8VSpS699Pn9oOWN_ZH-0gEG9SMnro7cJRg","group_id":"","errmsg":"ok","expires_in":7200}
2017-11-09 12:05:33.411 [http-apr-8080-exec-3] INFO  com.ray.weixin.qy.util.AuthHelper - apiTicket:IpK_1T69hDhZkLQTlwsAXwPIgjZ1z6yuhHmi_IRriCjAaETgX6hy8VSpS699Pn9oOWN_ZH-0gEG9SMnro7cJRg
2017-11-09 12:05:33.411 [http-apr-8080-exec-3] INFO  com.ray.weixin.qy.util.AuthHelper - appId:ww92f5da92bb24696e
2017-11-09 12:05:33.411 [http-apr-8080-exec-3] INFO  com.ray.weixin.qy.util.AuthHelper - timeStamp:1510200333
2017-11-09 12:05:33.411 [http-apr-8080-exec-3] INFO  com.ray.weixin.qy.util.AuthHelper - nonceStr:b12dc72b-cea8-40bc-822a-b66d8797b7c8
2017-11-09 12:05:33.411 [http-apr-8080-exec-3] INFO  com.ray.weixin.qy.util.AuthHelper - cardType:INVOICE
2017-11-09 12:05:33.411 [http-apr-8080-exec-3] INFO  com.ray.weixin.qy.util.AuthHelper - cardSign:528326b9d55246541d8fa65608828c8fc1bd69f2
2017-11-09 12:05:33.412 [http-apr-8080-exec-3] INFO  com.ray.weixin.qy.util.AuthHelper - signType:SHA1
2017-11-09 12:05:33.412 [http-apr-8080-exec-3] INFO  com.ray.weixin.qy.util.AuthHelper - configValue:{"signType":"SHA1","cardSign":"528326b9d55246541d8fa65608828c8fc1bd69f2","nonceStr":"b12dc72b-cea8-40bc-822a-b66d8797b7c8","timestamp":"1510200333"}
