2017-11-07 18:31:07.348 [http-apr-8080-exec-27] INFO  com.ray.weixin.gz.controller.WeiXinServlet - post--------------
2017-11-07 18:31:07.372 [http-apr-8080-exec-27] INFO  com.ray.weixin.gz.service.message.ReplyMessageService - parms:{"signature":["f96930d5814714b05c73ac51361bb550d8e165e1"],"timestamp":["1510050667"],"nonce":["1251548"],"openid":["oDLefxDvQajibXhSWIWHrkiO1n2o"]}
2017-11-07 18:31:07.373 [http-apr-8080-exec-27] INFO  com.ray.weixin.gz.service.message.ReplyMessageService - postData:<xml><ToUserName><![CDATA[gh_8c1dd328db4e]]></ToUserName><FromUserName><![CDATA[oDLefxDvQajibXhSWIWHrkiO1n2o]]></FromUserName><CreateTime>1510050667</CreateTime><MsgType><![CDATA[event]]></MsgType><Event><![CDATA[VIEW]]></Event><EventKey><![CDATA[http://rayner.nat300.top/weixin_gz/showInvoice.jsp]]></EventKey><MenuId>591675728</MenuId></xml>
2017-11-07 18:31:07.373 [http-apr-8080-exec-27] INFO  com.ray.weixin.gz.service.message.ReplyMessageService - 明文模式
2017-11-07 18:31:07.373 [http-apr-8080-exec-27] INFO  com.ray.weixin.gz.service.message.ReplyMessageService - <xml><ToUserName><![CDATA[gh_8c1dd328db4e]]></ToUserName><FromUserName><![CDATA[oDLefxDvQajibXhSWIWHrkiO1n2o]]></FromUserName><CreateTime>1510050667</CreateTime><MsgType><![CDATA[event]]></MsgType><Event><![CDATA[VIEW]]></Event><EventKey><![CDATA[http://rayner.nat300.top/weixin_gz/showInvoice.jsp]]></EventKey><MenuId>591675728</MenuId></xml>
2017-11-07 18:31:07.379 [http-apr-8080-exec-27] INFO  com.ray.weixin.gz.service.message.ReplyMessageService - fromUserName:oDLefxDvQajibXhSWIWHrkiO1n2o
2017-11-07 18:31:07.379 [http-apr-8080-exec-27] INFO  com.ray.weixin.gz.service.message.ReplyMessageService - toUserName:gh_8c1dd328db4e
2017-11-07 18:31:07.380 [http-apr-8080-exec-27] INFO  com.ray.weixin.gz.service.message.ReplyMessageService - msgType:event
2017-11-07 18:31:07.380 [http-apr-8080-exec-27] INFO  com.ray.weixin.gz.service.message.ReplyMessageService - Event:VIEW  eventKey:http://rayner.nat300.top/weixin_gz/showInvoice.jsp
2017-11-07 18:31:07.682 [http-apr-8080-exec-22] INFO  com.ray.weixin.gz.util.AuthHelper - jsonObject:{"access_token":"Gqsc7YQG3UoHGXKLg0lUOezXQrd-PfEqaDz0xE56ThJSDsW0oPv1io17IAJdG3ZTCFbiO9ClvqYVZBSM8H-dodj2Eic5_KTfvrxHTFsEaV88gSwxN5xFRLxNK3ftfsFaSFUjAGAERG","expires_in":7200}
2017-11-07 18:31:07.788 [http-apr-8080-exec-22] INFO  com.ray.weixin.gz.util.AuthHelper - jsonObject:{"errcode":0,"ticket":"kgt8ON7yVITDhtdwci0qed-m2nUygHpV3DXUL-ToMkhPApxtfh2gKdIeor3imcxVFP-2XAPiOcq_JwoPklYpgg","errmsg":"ok","expires_in":7200}
2017-11-07 18:31:07.789 [http-apr-8080-exec-22] INFO  com.ray.weixin.gz.util.AuthHelper - accessToken:Gqsc7YQG3UoHGXKLg0lUOezXQrd-PfEqaDz0xE56ThJSDsW0oPv1io17IAJdG3ZTCFbiO9ClvqYVZBSM8H-dodj2Eic5_KTfvrxHTFsEaV88gSwxN5xFRLxNK3ftfsFaSFUjAGAERG
2017-11-07 18:31:07.790 [http-apr-8080-exec-22] INFO  com.ray.weixin.gz.util.AuthHelper - ticket:kgt8ON7yVITDhtdwci0qed-m2nUygHpV3DXUL-ToMkhPApxtfh2gKdIeor3imcxVFP-2XAPiOcq_JwoPklYpgg
2017-11-07 18:31:07.790 [http-apr-8080-exec-22] INFO  com.ray.weixin.gz.util.AuthHelper - nonceStr:73988c68-a8dc-4547-b131-030b698a9801
2017-11-07 18:31:07.790 [http-apr-8080-exec-22] INFO  com.ray.weixin.gz.util.AuthHelper - timeStamp:1510050667
2017-11-07 18:31:07.791 [http-apr-8080-exec-22] INFO  com.ray.weixin.gz.util.AuthHelper - signedUrl:http://rayner.nat300.top/weixin_gz/showInvoice.jsp
2017-11-07 18:31:07.791 [http-apr-8080-exec-22] INFO  com.ray.weixin.gz.util.AuthHelper - signature:aebad0543c072686a4111a7fc0234181f00e15f2
2017-11-07 18:31:07.791 [http-apr-8080-exec-22] INFO  com.ray.weixin.gz.util.AuthHelper - appId:wxa0064ea657f80062
2017-11-07 18:31:07.792 [http-apr-8080-exec-22] INFO  com.ray.weixin.gz.util.AuthHelper - configValue:{signature:'aebad0543c072686a4111a7fc0234181f00e15f2',nonceStr:'73988c68-a8dc-4547-b131-030b698a9801',timeStamp:'1510050667',appId:'wxa0064ea657f80062'}
2017-11-07 18:31:07.903 [http-apr-8080-exec-22] INFO  com.ray.weixin.gz.util.AuthHelper - jsonObject:{"access_token":"Gqsc7YQG3UoHGXKLg0lUOezXQrd-PfEqaDz0xE56ThLkJbd5laBY0lqViqAJFluvv7M-dINFUXJLClJ_pW9qc9dhjJ4YpkKdJuZ5i92FigGc4yfk1HL4PDdnPK220PdkUJRjAGAQFN","expires_in":7200}
2017-11-07 18:31:08.020 [http-apr-8080-exec-22] INFO  com.ray.weixin.gz.service.invoice.InvoiceService - jsonObject:{"errcode":0,"ticket":"IpK_1T69hDhZkLQTlwsAX5ZwNp_4txyINLb67lXqTZLu1wnHfVUUtHcdEyG5_WoqaHyMZAIs8Y28ypHDa0iuvg","errmsg":"ok","expires_in":7200}
2017-11-07 18:31:08.021 [http-apr-8080-exec-22] INFO  com.ray.weixin.gz.util.AuthHelper - apiTicket:IpK_1T69hDhZkLQTlwsAX5ZwNp_4txyINLb67lXqTZLu1wnHfVUUtHcdEyG5_WoqaHyMZAIs8Y28ypHDa0iuvg
2017-11-07 18:31:08.021 [http-apr-8080-exec-22] INFO  com.ray.weixin.gz.util.AuthHelper - appId:wxa0064ea657f80062
2017-11-07 18:31:08.022 [http-apr-8080-exec-22] INFO  com.ray.weixin.gz.util.AuthHelper - timeStamp:1510050668
2017-11-07 18:31:08.022 [http-apr-8080-exec-22] INFO  com.ray.weixin.gz.util.AuthHelper - nonceStr:0ada5e23-5a0f-45a7-bd44-bd61b242c53d
2017-11-07 18:31:08.022 [http-apr-8080-exec-22] INFO  com.ray.weixin.gz.util.AuthHelper - cardType:INVOICE
2017-11-07 18:31:08.023 [http-apr-8080-exec-22] INFO  com.ray.weixin.gz.util.AuthHelper - cardSign:cd869026f58668e13536e2fc299d5b6b8a93b2db
2017-11-07 18:31:08.023 [http-apr-8080-exec-22] INFO  com.ray.weixin.gz.util.AuthHelper - signType:SHA1
2017-11-07 18:31:08.024 [http-apr-8080-exec-22] INFO  com.ray.weixin.gz.util.AuthHelper - configValue:{"signType":"SHA1","cardSign":"cd869026f58668e13536e2fc299d5b6b8a93b2db","nonceStr":"0ada5e23-5a0f-45a7-bd44-bd61b242c53d","timestamp":1510050668}
2017-11-07 18:31:28.188 [http-apr-8080-exec-25] INFO  com.ray.weixin.gz.controller.WeiXinServlet - post--------------
2017-11-07 18:31:28.190 [http-apr-8080-exec-25] INFO  com.ray.weixin.gz.service.message.ReplyMessageService - parms:{"signature":["000186ac86b254ddaa81f3d340e7c53daab6125c"],"timestamp":["1510050688"],"nonce":["458084868"],"openid":["oDLefxDvQajibXhSWIWHrkiO1n2o"]}
2017-11-07 18:31:28.191 [http-apr-8080-exec-25] INFO  com.ray.weixin.gz.service.message.ReplyMessageService - postData:<xml><ToUserName><![CDATA[gh_8c1dd328db4e]]></ToUserName><FromUserName><![CDATA[oDLefxDvQajibXhSWIWHrkiO1n2o]]></FromUserName><CreateTime>1510050688</CreateTime><MsgType><![CDATA[event]]></MsgType><Event><![CDATA[VIEW]]></Event><EventKey><![CDATA[http://rayner.nat300.top/weixin_gz/showInvoice.jsp]]></EventKey><MenuId>591675728</MenuId></xml>
2017-11-07 18:31:28.191 [http-apr-8080-exec-25] INFO  com.ray.weixin.gz.service.message.ReplyMessageService - 明文模式
2017-11-07 18:31:28.192 [http-apr-8080-exec-25] INFO  com.ray.weixin.gz.service.message.ReplyMessageService - <xml><ToUserName><![CDATA[gh_8c1dd328db4e]]></ToUserName><FromUserName><![CDATA[oDLefxDvQajibXhSWIWHrkiO1n2o]]></FromUserName><CreateTime>1510050688</CreateTime><MsgType><![CDATA[event]]></MsgType><Event><![CDATA[VIEW]]></Event><EventKey><![CDATA[http://rayner.nat300.top/weixin_gz/showInvoice.jsp]]></EventKey><MenuId>591675728</MenuId></xml>
2017-11-07 18:31:28.195 [http-apr-8080-exec-25] INFO  com.ray.weixin.gz.service.message.ReplyMessageService - fromUserName:oDLefxDvQajibXhSWIWHrkiO1n2o
2017-11-07 18:31:28.196 [http-apr-8080-exec-25] INFO  com.ray.weixin.gz.service.message.ReplyMessageService - toUserName:gh_8c1dd328db4e
2017-11-07 18:31:28.197 [http-apr-8080-exec-25] INFO  com.ray.weixin.gz.service.message.ReplyMessageService - msgType:event
2017-11-07 18:31:28.197 [http-apr-8080-exec-25] INFO  com.ray.weixin.gz.service.message.ReplyMessageService - Event:VIEW  eventKey:http://rayner.nat300.top/weixin_gz/showInvoice.jsp
2017-11-07 18:31:28.639 [http-apr-8080-exec-26] INFO  com.ray.weixin.gz.util.AuthHelper - jsonObject:{"access_token":"n_Qotl5T2LwGV-NqXY2qKI1H2FtyLpUdr78vzrJMCaoIuRL82cFo5cKyhycbiT7rcu_PYJUBuaUGFgqijnVi56hMxFhsvScjNPdi0lSvZ3IOihFWzTU1VGQEscLR7RuSMNUgAGAZAH","expires_in":7200}
2017-11-07 18:31:28.774 [http-apr-8080-exec-26] INFO  com.ray.weixin.gz.util.AuthHelper - jsonObject:{"errcode":0,"ticket":"kgt8ON7yVITDhtdwci0qed-m2nUygHpV3DXUL-ToMkhPApxtfh2gKdIeor3imcxVFP-2XAPiOcq_JwoPklYpgg","errmsg":"ok","expires_in":7200}
2017-11-07 18:31:28.774 [http-apr-8080-exec-26] INFO  com.ray.weixin.gz.util.AuthHelper - accessToken:n_Qotl5T2LwGV-NqXY2qKI1H2FtyLpUdr78vzrJMCaoIuRL82cFo5cKyhycbiT7rcu_PYJUBuaUGFgqijnVi56hMxFhsvScjNPdi0lSvZ3IOihFWzTU1VGQEscLR7RuSMNUgAGAZAH
2017-11-07 18:31:28.774 [http-apr-8080-exec-26] INFO  com.ray.weixin.gz.util.AuthHelper - ticket:kgt8ON7yVITDhtdwci0qed-m2nUygHpV3DXUL-ToMkhPApxtfh2gKdIeor3imcxVFP-2XAPiOcq_JwoPklYpgg
2017-11-07 18:31:28.774 [http-apr-8080-exec-26] INFO  com.ray.weixin.gz.util.AuthHelper - nonceStr:23b5948a-ac50-4066-9e89-5402a4783934
2017-11-07 18:31:28.774 [http-apr-8080-exec-26] INFO  com.ray.weixin.gz.util.AuthHelper - timeStamp:1510050688
2017-11-07 18:31:28.775 [http-apr-8080-exec-26] INFO  com.ray.weixin.gz.util.AuthHelper - signedUrl:http://rayner.nat300.top/weixin_gz/showInvoice.jsp
2017-11-07 18:31:28.775 [http-apr-8080-exec-26] INFO  com.ray.weixin.gz.util.AuthHelper - signature:cd503fec3f0e29ad605df204c494b945cd0036f2
2017-11-07 18:31:28.775 [http-apr-8080-exec-26] INFO  com.ray.weixin.gz.util.AuthHelper - appId:wxa0064ea657f80062
2017-11-07 18:31:28.775 [http-apr-8080-exec-26] INFO  com.ray.weixin.gz.util.AuthHelper - configValue:{signature:'cd503fec3f0e29ad605df204c494b945cd0036f2',nonceStr:'23b5948a-ac50-4066-9e89-5402a4783934',timeStamp:'1510050688',appId:'wxa0064ea657f80062'}
2017-11-07 18:31:28.897 [http-apr-8080-exec-26] INFO  com.ray.weixin.gz.util.AuthHelper - jsonObject:{"access_token":"n_Qotl5T2LwGV-NqXY2qKI1H2FtyLpUdr78vzrJMCap-t5_ufxnd8pKQDZaL7KN-_-CtQK_3cM_Yy_dyh4-YATivwLitzoMeSqZ_eO-6Si7rf-dVl5RwKx7gUvQVDEWUUYQgAGABFX","expires_in":7200}
2017-11-07 18:31:29.003 [http-apr-8080-exec-26] INFO  com.ray.weixin.gz.service.invoice.InvoiceService - jsonObject:{"errcode":0,"ticket":"IpK_1T69hDhZkLQTlwsAX5ZwNp_4txyINLb67lXqTZLu1wnHfVUUtHcdEyG5_WoqaHyMZAIs8Y28ypHDa0iuvg","errmsg":"ok","expires_in":7200}
2017-11-07 18:31:29.004 [http-apr-8080-exec-26] INFO  com.ray.weixin.gz.util.AuthHelper - apiTicket:IpK_1T69hDhZkLQTlwsAX5ZwNp_4txyINLb67lXqTZLu1wnHfVUUtHcdEyG5_WoqaHyMZAIs8Y28ypHDa0iuvg
2017-11-07 18:31:29.004 [http-apr-8080-exec-26] INFO  com.ray.weixin.gz.util.AuthHelper - appId:wxa0064ea657f80062
2017-11-07 18:31:29.004 [http-apr-8080-exec-26] INFO  com.ray.weixin.gz.util.AuthHelper - timeStamp:1510050689
2017-11-07 18:31:29.004 [http-apr-8080-exec-26] INFO  com.ray.weixin.gz.util.AuthHelper - nonceStr:692b271b-ba81-4480-bbec-9192cb046bab
2017-11-07 18:31:29.004 [http-apr-8080-exec-26] INFO  com.ray.weixin.gz.util.AuthHelper - cardType:INVOICE
2017-11-07 18:31:29.004 [http-apr-8080-exec-26] INFO  com.ray.weixin.gz.util.AuthHelper - cardSign:0febd3bec1b05065fc6b6b8db68bbab8a468c3db
2017-11-07 18:31:29.004 [http-apr-8080-exec-26] INFO  com.ray.weixin.gz.util.AuthHelper - signType:SHA1
2017-11-07 18:31:29.005 [http-apr-8080-exec-26] INFO  com.ray.weixin.gz.util.AuthHelper - configValue:{"signType":"SHA1","cardSign":"0febd3bec1b05065fc6b6b8db68bbab8a468c3db","nonceStr":"692b271b-ba81-4480-bbec-9192cb046bab","timestamp":1510050689}
