2017-11-15 16:39:06.503 [http-apr-8080-exec-7] INFO  com.ray.weixin.gz.controller.WeiXinServlet - post--------------
2017-11-15 16:39:06.510 [http-apr-8080-exec-7] INFO  com.ray.weixin.gz.service.message.ReplyMessageService - parms:{"signature":["7fec4b700249230d34d765b4e1a577bba4e07b1f"],"timestamp":["1510735144"],"nonce":["1214154832"],"openid":["o1M7_1TLByH8H1T7XCIj23Roo5yU"],"encrypt_type":["aes"],"msg_signature":["baa8853bcf0102d230ec9ba731118966554c0ed0"]}
2017-11-15 16:39:06.510 [http-apr-8080-exec-7] INFO  com.ray.weixin.gz.service.message.ReplyMessageService - postData:<xml>    <ToUserName><![CDATA[gh_8903be978f8b]]></ToUserName>    <Encrypt><![CDATA[mnnqViZe4j2rncjJ8rz5xBQJ5bGc68tydGgmg0LvEUleD5+KWgJQcU25/0GSiYUXZXHvYU5lhQkDpJWxBlED+9Ox4+q3fv+RD7zcvRbNjBDsW/XlbOrY/ebfYJeIPtQst6nCjwOYbZcM9RlNCGVXJ8P8EKLoPoCmWEqBeYcbT27cLA85grmH8ZJF1ZTD9Km+BVVg8VzvVO8+bqQ+MjbPldS6d61RmLniAJ3YoPkDQHFAKS8L8R3RqE+zCbYDCo/o0dgxgyMp77/PpMFjZIQErbCoNnSaehgPbmH9yAJ2jsWnv7yzX9jZfS7JTf6sTZOa/mTwROIm50yj7JrMKcQlDz/9N56vlwxuzTUVUS4sECXhEwakhl+irYoCpLMRyJBuC7mQrkZ64pO3x5MUZ/S8J15spzEBJ+AfPuYj4695Vn6Ed3a65yIaESve2/fvJ1DoaTTbbhzornlb4aUmNisfxqBT3HkjmATwa/UrAtNXvpFRQ2P+dbsebRzBG8uaD07yf8vAfhUATfvglJH7Ky12zTbPzgE5lrTmhHpLfXCGCNc=]]></Encrypt></xml>
2017-11-15 16:39:06.512 [http-apr-8080-exec-7] INFO  com.ray.weixin.gz.service.message.ReplyMessageService - 安全模式：消息被加密
2017-11-15 16:39:06.515 [http-apr-8080-exec-7] INFO  com.ray.weixin.gz.service.message.ReplyMessageService - <xml><ToUserName><![CDATA[gh_8903be978f8b]]></ToUserName>
<FromUserName><![CDATA[o1M7_1TLByH8H1T7XCIj23Roo5yU]]></FromUserName>
<CreateTime>1510735144</CreateTime>
<MsgType><![CDATA[event]]></MsgType>
<Event><![CDATA[VIEW]]></Event>
<EventKey><![CDATA[http://rayner.nat300.top/weixin_gz/showInvoice.jsp]]></EventKey>
<MenuId>450181554</MenuId>
</xml>
2017-11-15 16:39:06.518 [http-apr-8080-exec-7] INFO  com.ray.weixin.gz.service.message.ReplyMessageService - fromUserName:o1M7_1TLByH8H1T7XCIj23Roo5yU
2017-11-15 16:39:06.519 [http-apr-8080-exec-7] INFO  com.ray.weixin.gz.service.message.ReplyMessageService - toUserName:gh_8903be978f8b
2017-11-15 16:39:06.519 [http-apr-8080-exec-7] INFO  com.ray.weixin.gz.service.message.ReplyMessageService - msgType:event
2017-11-15 16:39:06.519 [http-apr-8080-exec-7] INFO  com.ray.weixin.gz.service.message.ReplyMessageService - Event:VIEW  eventKey:http://rayner.nat300.top/weixin_gz/showInvoice.jsp
2017-11-15 16:39:06.692 [http-apr-8080-exec-9] INFO  com.ray.weixin.gz.util.AuthHelper - jsonObject:{"access_token":"mx8EDkBNcgAY91fKmGx908u62NmKpc1ulh_RRjcx_feRLPa4ibSGUgnr3VYT2Eao0ZSgFX_DUIyPDO6LE6s58MyIC4Ua1b-BRYmurBljJz_e80j7PV548QgpxGIK07UvWYTbAAANPK","expires_in":7200}
2017-11-15 16:39:06.838 [http-apr-8080-exec-9] INFO  com.ray.weixin.gz.util.AuthHelper - jsonObject:{"errcode":0,"ticket":"HoagFKDcsGMVCIY2vOjf9mrEXbwXSbqpUm0898_LsZjrgUvXUmjZj1WFa7xD7-y9AQW9Hpa1_IwgC-BK5w_kpw","errmsg":"ok","expires_in":7200}
2017-11-15 16:39:06.839 [http-apr-8080-exec-9] INFO  com.ray.weixin.gz.util.AuthHelper - accessToken:mx8EDkBNcgAY91fKmGx908u62NmKpc1ulh_RRjcx_feRLPa4ibSGUgnr3VYT2Eao0ZSgFX_DUIyPDO6LE6s58MyIC4Ua1b-BRYmurBljJz_e80j7PV548QgpxGIK07UvWYTbAAANPK
2017-11-15 16:39:06.840 [http-apr-8080-exec-9] INFO  com.ray.weixin.gz.util.AuthHelper - ticket:HoagFKDcsGMVCIY2vOjf9mrEXbwXSbqpUm0898_LsZjrgUvXUmjZj1WFa7xD7-y9AQW9Hpa1_IwgC-BK5w_kpw
2017-11-15 16:39:06.840 [http-apr-8080-exec-9] INFO  com.ray.weixin.gz.util.AuthHelper - nonceStr:9c13508e-143a-48a4-bae3-ab1400fe17c4
2017-11-15 16:39:06.840 [http-apr-8080-exec-9] INFO  com.ray.weixin.gz.util.AuthHelper - timeStamp:1510735146
2017-11-15 16:39:06.841 [http-apr-8080-exec-9] INFO  com.ray.weixin.gz.util.AuthHelper - signedUrl:http://rayner.nat300.top/weixin_gz/showInvoice.jsp
2017-11-15 16:39:06.841 [http-apr-8080-exec-9] INFO  com.ray.weixin.gz.util.AuthHelper - signature:34ccbb611103ed51bbd95a66d74c13ac64a67d9c
2017-11-15 16:39:06.841 [http-apr-8080-exec-9] INFO  com.ray.weixin.gz.util.AuthHelper - appId:wx07c4d9d0895fe212
2017-11-15 16:39:06.842 [http-apr-8080-exec-9] INFO  com.ray.weixin.gz.util.AuthHelper - configValue:{signature:'34ccbb611103ed51bbd95a66d74c13ac64a67d9c',nonceStr:'9c13508e-143a-48a4-bae3-ab1400fe17c4',timeStamp:'1510735146',appId:'wx07c4d9d0895fe212'}
2017-11-15 16:39:06.942 [http-apr-8080-exec-9] INFO  com.ray.weixin.gz.util.AuthHelper - jsonObject:{"access_token":"mx8EDkBNcgAY91fKmGx908u62NmKpc1ulh_RRjcx_fcAHsOEOSWnARCFWNp20J8V4j04TvtkERhcZ7sEJboqmT4mjNwnssmvT1nEkfvn5TF5KYJDNg3CkKAsD72D_7MVQOFbAAATRI","expires_in":7200}
2017-11-15 16:39:07.031 [http-apr-8080-exec-9] INFO  com.ray.weixin.gz.service.invoice.InvoiceService - jsonObject:{"errcode":0,"ticket":"9KwiourQPRN3vx3Nn1c_iXCh-5F7rD5UiR6FRkNziS1qBd3gAGN5S8BmdmsudJYYtP_uKP4Q2TgqHEb_CnvT9w","errmsg":"ok","expires_in":7200}
2017-11-15 16:39:07.032 [http-apr-8080-exec-9] INFO  com.ray.weixin.gz.util.AuthHelper - apiTicket:9KwiourQPRN3vx3Nn1c_iXCh-5F7rD5UiR6FRkNziS1qBd3gAGN5S8BmdmsudJYYtP_uKP4Q2TgqHEb_CnvT9w
2017-11-15 16:39:07.032 [http-apr-8080-exec-9] INFO  com.ray.weixin.gz.util.AuthHelper - appId:wx07c4d9d0895fe212
2017-11-15 16:39:07.032 [http-apr-8080-exec-9] INFO  com.ray.weixin.gz.util.AuthHelper - timeStamp:1510735147
2017-11-15 16:39:07.032 [http-apr-8080-exec-9] INFO  com.ray.weixin.gz.util.AuthHelper - nonceStr:f933aa0f-92f1-4fc2-b0af-9446e1d17254
2017-11-15 16:39:07.032 [http-apr-8080-exec-9] INFO  com.ray.weixin.gz.util.AuthHelper - cardType:INVOICE
2017-11-15 16:39:07.032 [http-apr-8080-exec-9] INFO  com.ray.weixin.gz.util.AuthHelper - cardSign:90f0259e12452982db9c293de2fc6a56643aff80
2017-11-15 16:39:07.033 [http-apr-8080-exec-9] INFO  com.ray.weixin.gz.util.AuthHelper - signType:SHA1
2017-11-15 16:39:07.033 [http-apr-8080-exec-9] INFO  com.ray.weixin.gz.util.AuthHelper - configValue:{"signType":"SHA1","cardSign":"90f0259e12452982db9c293de2fc6a56643aff80","nonceStr":"f933aa0f-92f1-4fc2-b0af-9446e1d17254","timestamp":"1510735147"}
2017-11-15 16:39:16.106 [http-apr-8080-exec-2] INFO  com.ray.weixin.gz.util.AuthHelper - jsonObject:{"access_token":"mx8EDkBNcgAY91fKmGx908u62NmKpc1ulh_RRjcx_fdq-wWXh6XQKhqrgOYgrSLrGbAOwUM6b5RU4o50RYZ1z2mPpOT1K4QfCYLSDtY1WRsxRv2UD3ppo25E2DZWVFknKQCbAAAGMY","expires_in":7200}
2017-11-15 16:39:16.495 [http-apr-8080-exec-2] INFO  com.ray.weixin.gz.service.invoice.InvoiceService - jsonObject:{"errcode":0,"payee":"上海圆迈贸易有限公司","user_info":{"reimburse_status":"INVOICE_REIMBURSE_INIT","fee":19265,"tax":2799,"pdf_url":"http://wdfp.5ifapiao.com/wx-card/getPdf/wdfp/031001700311/10130772/59869458371280709832?card_id=pN0bYv8ll7_8REjYNPNLzfSpVi54&wx_invoice_token=vHE5kaaLFelvyosk6hyN9qfmT4mz22-3-DtItACfp08jA-W3T1CC2S11Axvpd1aCb5rrL7AFw22e3wCylEXc8XWqfxgowEOTSfe_lPEs2pw.","title":"个人","billing_code":"10130772","billing_time":1510662340,"check_code":"59869458371280709832","fee_without_tax":16466,"detail":" ","billing_no":"031001700311","order_id":"64532618652","info":[{"unit":" ","price":16466,"num":1,"name":"七匹狼 男士纯棉内裤平角裤 舒适透气柔软棉质裤头 4条混色礼盒装 XXXL（95159-4）"}]},"openid":"o1M7_1TLByH8H1T7XCIj23Roo5yU","errmsg":"ok","detail":"可在公司企业号内报销使用","type":"增值税电子普通发票","card_id":"pN0bYv8ll7_8REjYNPNLzfSpVi54"}
2017-11-15 16:39:16.496 [http-apr-8080-exec-2] INFO  com.ray.weixin.gz.controller.invoice.InvoiceServlet - [{"errcode":0,"payee":"上海圆迈贸易有限公司","user_info":{"reimburse_status":"INVOICE_REIMBURSE_INIT","fee":19265,"tax":2799,"pdf_url":"http://wdfp.5ifapiao.com/wx-card/getPdf/wdfp/031001700311/10130772/59869458371280709832?card_id=pN0bYv8ll7_8REjYNPNLzfSpVi54&wx_invoice_token=vHE5kaaLFelvyosk6hyN9qfmT4mz22-3-DtItACfp08jA-W3T1CC2S11Axvpd1aCb5rrL7AFw22e3wCylEXc8XWqfxgowEOTSfe_lPEs2pw.","title":"个人","billing_code":"10130772","billing_time":1510662340,"check_code":"59869458371280709832","fee_without_tax":16466,"detail":" ","billing_no":"031001700311","order_id":"64532618652","info":[{"unit":" ","price":16466,"num":1,"name":"七匹狼 男士纯棉内裤平角裤 舒适透气柔软棉质裤头 4条混色礼盒装 XXXL（95159-4）"}]},"openid":"o1M7_1TLByH8H1T7XCIj23Roo5yU","errmsg":"ok","detail":"可在公司企业号内报销使用","type":"增值税电子普通发票","card_id":"pN0bYv8ll7_8REjYNPNLzfSpVi54"}]
