2017-11-07 19:18:06.294 [http-apr-8080-exec-46] INFO  com.ray.weixin.gz.controller.WeiXinServlet - post--------------
2017-11-07 19:18:06.415 [http-apr-8080-exec-46] INFO  com.ray.weixin.gz.service.message.ReplyMessageService - parms:{"signature":["a9a44d6db8739901f9491ce9b2a2390397b85b6f"],"timestamp":["1510053485"],"nonce":["1060230160"],"openid":["oDLefxDvQajibXhSWIWHrkiO1n2o"]}
2017-11-07 19:18:06.416 [http-apr-8080-exec-46] INFO  com.ray.weixin.gz.service.message.ReplyMessageService - postData:<xml><ToUserName><![CDATA[gh_8c1dd328db4e]]></ToUserName><FromUserName><![CDATA[oDLefxDvQajibXhSWIWHrkiO1n2o]]></FromUserName><CreateTime>1510053485</CreateTime><MsgType><![CDATA[event]]></MsgType><Event><![CDATA[VIEW]]></Event><EventKey><![CDATA[http://rayner.nat300.top/weixin_gz/showInvoice.jsp]]></EventKey><MenuId>591675728</MenuId></xml>
2017-11-07 19:18:06.416 [http-apr-8080-exec-46] INFO  com.ray.weixin.gz.service.message.ReplyMessageService - 明文模式
2017-11-07 19:18:06.416 [http-apr-8080-exec-46] INFO  com.ray.weixin.gz.service.message.ReplyMessageService - <xml><ToUserName><![CDATA[gh_8c1dd328db4e]]></ToUserName><FromUserName><![CDATA[oDLefxDvQajibXhSWIWHrkiO1n2o]]></FromUserName><CreateTime>1510053485</CreateTime><MsgType><![CDATA[event]]></MsgType><Event><![CDATA[VIEW]]></Event><EventKey><![CDATA[http://rayner.nat300.top/weixin_gz/showInvoice.jsp]]></EventKey><MenuId>591675728</MenuId></xml>
2017-11-07 19:18:06.570 [http-apr-8080-exec-46] INFO  com.ray.weixin.gz.service.message.ReplyMessageService - fromUserName:oDLefxDvQajibXhSWIWHrkiO1n2o
2017-11-07 19:18:06.570 [http-apr-8080-exec-46] INFO  com.ray.weixin.gz.service.message.ReplyMessageService - toUserName:gh_8c1dd328db4e
2017-11-07 19:18:06.570 [http-apr-8080-exec-46] INFO  com.ray.weixin.gz.service.message.ReplyMessageService - msgType:event
2017-11-07 19:18:06.570 [http-apr-8080-exec-46] INFO  com.ray.weixin.gz.service.message.ReplyMessageService - Event:VIEW  eventKey:http://rayner.nat300.top/weixin_gz/showInvoice.jsp
2017-11-07 19:18:07.190 [http-apr-8080-exec-48] INFO  com.ray.weixin.gz.util.AuthHelper - jsonObject:{"access_token":"0McxXtTMdnSQf9RiFdAPJVFcz47JD9b786XWO_NZSJQkmzVOQSwNM4wkJxTP7SiIBs9K-wJzfpEPl10I_uynnButsFD4ZSF9aTmo8lPP415dFLvz0IWlAZAZEFVZ_qyxUAIeAEAZFN","expires_in":7200}
2017-11-07 19:18:07.294 [http-apr-8080-exec-48] INFO  com.ray.weixin.gz.util.AuthHelper - jsonObject:{"errcode":0,"ticket":"kgt8ON7yVITDhtdwci0qed-m2nUygHpV3DXUL-ToMkhPApxtfh2gKdIeor3imcxVFP-2XAPiOcq_JwoPklYpgg","errmsg":"ok","expires_in":7200}
2017-11-07 19:18:07.295 [http-apr-8080-exec-48] INFO  com.ray.weixin.gz.util.AuthHelper - accessToken:0McxXtTMdnSQf9RiFdAPJVFcz47JD9b786XWO_NZSJQkmzVOQSwNM4wkJxTP7SiIBs9K-wJzfpEPl10I_uynnButsFD4ZSF9aTmo8lPP415dFLvz0IWlAZAZEFVZ_qyxUAIeAEAZFN
2017-11-07 19:18:07.295 [http-apr-8080-exec-48] INFO  com.ray.weixin.gz.util.AuthHelper - ticket:kgt8ON7yVITDhtdwci0qed-m2nUygHpV3DXUL-ToMkhPApxtfh2gKdIeor3imcxVFP-2XAPiOcq_JwoPklYpgg
2017-11-07 19:18:07.295 [http-apr-8080-exec-48] INFO  com.ray.weixin.gz.util.AuthHelper - nonceStr:b4c846dd-5443-407d-a910-707f5913db83
2017-11-07 19:18:07.296 [http-apr-8080-exec-48] INFO  com.ray.weixin.gz.util.AuthHelper - timeStamp:1510053486
2017-11-07 19:18:07.296 [http-apr-8080-exec-48] INFO  com.ray.weixin.gz.util.AuthHelper - signedUrl:http://rayner.nat300.top/weixin_gz/showInvoice.jsp
2017-11-07 19:18:07.296 [http-apr-8080-exec-48] INFO  com.ray.weixin.gz.util.AuthHelper - signature:c61480ef1a04afc6cf0a0763b6304cfa6cca667c
2017-11-07 19:18:07.296 [http-apr-8080-exec-48] INFO  com.ray.weixin.gz.util.AuthHelper - appId:wxa0064ea657f80062
2017-11-07 19:18:07.296 [http-apr-8080-exec-48] INFO  com.ray.weixin.gz.util.AuthHelper - configValue:{signature:'c61480ef1a04afc6cf0a0763b6304cfa6cca667c',nonceStr:'b4c846dd-5443-407d-a910-707f5913db83',timeStamp:'1510053486',appId:'wxa0064ea657f80062'}
2017-11-07 19:18:07.767 [http-apr-8080-exec-48] INFO  com.ray.weixin.gz.util.AuthHelper - jsonObject:{"access_token":"0McxXtTMdnSQf9RiFdAPJVFcz47JD9b786XWO_NZSJQIdM4AgcaUe3_-UeiVFfbYxs1iqSUWg5AQd3x4EoleJ_0W65rUgdjwvNv9Np6qRywz3VKLkwyc26uSvA9EnjliBCSeAEAJKA","expires_in":7200}
2017-11-07 19:18:07.913 [http-apr-8080-exec-48] INFO  com.ray.weixin.gz.service.invoice.InvoiceService - jsonObject:{"errcode":0,"ticket":"IpK_1T69hDhZkLQTlwsAX5ZwNp_4txyINLb67lXqTZLu1wnHfVUUtHcdEyG5_WoqaHyMZAIs8Y28ypHDa0iuvg","errmsg":"ok","expires_in":7200}
2017-11-07 19:18:07.913 [http-apr-8080-exec-48] INFO  com.ray.weixin.gz.util.AuthHelper - apiTicket:IpK_1T69hDhZkLQTlwsAX5ZwNp_4txyINLb67lXqTZLu1wnHfVUUtHcdEyG5_WoqaHyMZAIs8Y28ypHDa0iuvg
2017-11-07 19:18:07.914 [http-apr-8080-exec-48] INFO  com.ray.weixin.gz.util.AuthHelper - appId:wxa0064ea657f80062
2017-11-07 19:18:07.914 [http-apr-8080-exec-48] INFO  com.ray.weixin.gz.util.AuthHelper - timeStamp:1510053487
2017-11-07 19:18:07.914 [http-apr-8080-exec-48] INFO  com.ray.weixin.gz.util.AuthHelper - nonceStr:2fd364b7-c61c-4077-adfb-d005a9085e22
2017-11-07 19:18:07.914 [http-apr-8080-exec-48] INFO  com.ray.weixin.gz.util.AuthHelper - cardType:INVOICE
2017-11-07 19:18:07.914 [http-apr-8080-exec-48] INFO  com.ray.weixin.gz.util.AuthHelper - cardSign:1456abaeba325d9f65ec4b01b7202135a219833d
2017-11-07 19:18:07.915 [http-apr-8080-exec-48] INFO  com.ray.weixin.gz.util.AuthHelper - signType:SHA1
2017-11-07 19:18:07.915 [http-apr-8080-exec-48] INFO  com.ray.weixin.gz.util.AuthHelper - configValue:{"signType":"SHA1","cardSign":"1456abaeba325d9f65ec4b01b7202135a219833d","nonceStr":"2fd364b7-c61c-4077-adfb-d005a9085e22","timestamp":"1510053487"}
