2017-11-09 09:50:00.176 [http-apr-8080-exec-9] INFO  com.ray.weixin.qy.controller.WeiXinServlet - post--------------
2017-11-09 09:50:00.179 [http-apr-8080-exec-9] INFO  com.ray.weixin.qy.service.message.reply.ReplyMessageService - parms:{"msg_signature":["107da6bd871ac57d4302b53ae59c82b0e64a5f0e"],"timestamp":["1510192199"],"nonce":["1467836599"]}
2017-11-09 09:50:00.180 [http-apr-8080-exec-9] INFO  com.ray.weixin.qy.service.message.reply.ReplyMessageService - postData:<xml><ToUserName><![CDATA[ww92f5da92bb24696e]]></ToUserName><Encrypt><![CDATA[fS58Ue6RYdRD18FV+K3bJQlEDSXeiKPN+TWDR3ZiFU9rPFO8n8CoxJUKNKZPR+dNShqHWzVoKNWuhb56+ul8t3BFeMiJT5GJeBHetvSZq8RukfFt2ftEWmGWDqC3TlFcdXwuXpMiENoBk0HL2vYlvEKpNHwnmOsoqyEvZGHrXyd2iAwaR5yitvvgIbmm6s7rJkQRJQFDk01HPz0KShvL2ET8BOCyzXCkvEsKDmi56AUo7xG1RKQ0qo/kLs3grpcJPqanVQt7ntCHAjmzuj9TOp6qJn7WV+ohIsI/FIUlHcymXJBvXsvgeeFEdzA3bj+zKejM0NCN7HZV6SAs3RBRabagV31y1JDL70CJxIPKPnnsTtLEWwG2Qlc+TUz/iQpZ77f4weEFXve0UKvUd+yJWH3Zbs0jPlDbdzKtCcxKzFUO4wEabOuwiZx+VR+np6RPKbt76al332HkBu0Lj2VtsaugvfP8aDnUn8WJcp9Yz4eQWYHEiOc15ZtOWtc+hB6X]]></Encrypt><AgentID><![CDATA[1000002]]></AgentID></xml>
2017-11-09 09:50:00.181 [http-apr-8080-exec-9] INFO  com.ray.weixin.qy.service.message.reply.ReplyMessageService - reply_xmlMsg:<xml><ToUserName><![CDATA[ww92f5da92bb24696e]]></ToUserName><FromUserName><![CDATA[ShiRui]]></FromUserName><CreateTime>1510192199</CreateTime><MsgType><![CDATA[event]]></MsgType><AgentID>1000002</AgentID><Event><![CDATA[LOCATION]]></Event><Latitude>31.1676</Latitude><Longitude>121.156</Longitude><Precision>15</Precision></xml>
2017-11-09 09:50:00.182 [http-apr-8080-exec-9] INFO  com.ray.weixin.qy.service.message.reply.ReplyMessageService - fromUserName:ShiRui
2017-11-09 09:50:00.183 [http-apr-8080-exec-9] INFO  com.ray.weixin.qy.service.message.reply.ReplyMessageService - toUserName:ww92f5da92bb24696e
2017-11-09 09:50:00.183 [http-apr-8080-exec-9] INFO  com.ray.weixin.qy.service.message.reply.ReplyMessageService - msgType:event
2017-11-09 09:50:00.183 [http-apr-8080-exec-9] INFO  com.ray.weixin.qy.service.message.reply.ReplyMessageService - Event:LOCATION  eventKey:null
2017-11-09 09:50:05.102 [http-apr-8080-exec-10] INFO  com.ray.weixin.qy.controller.WeiXinServlet - post--------------
2017-11-09 09:50:05.103 [http-apr-8080-exec-10] INFO  com.ray.weixin.qy.service.message.reply.ReplyMessageService - parms:{"msg_signature":["c433b8c4527c219726562d3ed1c25079fbb59a0b"],"timestamp":["1510192204"],"nonce":["1819466533"]}
2017-11-09 09:50:05.103 [http-apr-8080-exec-10] INFO  com.ray.weixin.qy.service.message.reply.ReplyMessageService - postData:<xml><ToUserName><![CDATA[ww92f5da92bb24696e]]></ToUserName><Encrypt><![CDATA[rBUayN9NZVsxHHI7JS6pQn6i+Beg2HrQZR68L6GDhw7jnMF795nna+TwW6sQWCLMX48og0uMCjd3t3Q5DLZGzHymlVQVjUxWxOPdqFQeC5MGFbpYvyh0i+vvsowLTY0j23xIALtZE9chb4E25O8TB5s3bDCl4gjiq+1cToblFjn7mLN2abtjx56JEh9+GDiPJEkqpAM3xX6oT3hEqFIwpebZaVnyIjsxsPm6MmXzfBdyJW2EpqEArDdR14nLxjAlrrEjElvqmeQfzzpgp/bR33ycK2uBBpXGjueaDnid2SnxLRNaf9QyKSNgQV3aDgdFa4kMYn8T/q8EYpObyk003h0CanYq3Mtlrh8qfJhWUYFlkhCJ1p87yXVRPBiEb53L73VnhSwYYIKan2QRSg6xl6dBvQt7u8z2Kap2n7/dUoeie5g+edAfm5xIhn7sS0vN74qb4cqbZuQN3KECfoV8Sa7ha4OXXdSPTBzFBDrK2MJhLW7ea6pviirEU6NRTYuL]]></Encrypt><AgentID><![CDATA[1000002]]></AgentID></xml>
2017-11-09 09:50:05.104 [http-apr-8080-exec-10] INFO  com.ray.weixin.qy.service.message.reply.ReplyMessageService - reply_xmlMsg:<xml><ToUserName><![CDATA[ww92f5da92bb24696e]]></ToUserName><FromUserName><![CDATA[ShiRui]]></FromUserName><CreateTime>1510192204</CreateTime><MsgType><![CDATA[event]]></MsgType><AgentID>1000002</AgentID><Event><![CDATA[LOCATION]]></Event><Latitude>31.1676</Latitude><Longitude>121.156</Longitude><Precision>15</Precision></xml>
2017-11-09 09:50:05.105 [http-apr-8080-exec-10] INFO  com.ray.weixin.qy.service.message.reply.ReplyMessageService - fromUserName:ShiRui
2017-11-09 09:50:05.105 [http-apr-8080-exec-10] INFO  com.ray.weixin.qy.service.message.reply.ReplyMessageService - toUserName:ww92f5da92bb24696e
2017-11-09 09:50:05.105 [http-apr-8080-exec-10] INFO  com.ray.weixin.qy.service.message.reply.ReplyMessageService - msgType:event
2017-11-09 09:50:05.105 [http-apr-8080-exec-10] INFO  com.ray.weixin.qy.service.message.reply.ReplyMessageService - Event:LOCATION  eventKey:null
2017-11-09 09:50:10.174 [http-apr-8080-exec-4] INFO  com.ray.weixin.qy.controller.WeiXinServlet - post--------------
2017-11-09 09:50:10.175 [http-apr-8080-exec-4] INFO  com.ray.weixin.qy.service.message.reply.ReplyMessageService - parms:{"msg_signature":["dcbc2923de8fc9a8aa1fd9ee8da51383b3dd2c97"],"timestamp":["1510192209"],"nonce":["193837748"]}
2017-11-09 09:50:10.175 [http-apr-8080-exec-4] INFO  com.ray.weixin.qy.service.message.reply.ReplyMessageService - postData:<xml><ToUserName><![CDATA[ww92f5da92bb24696e]]></ToUserName><Encrypt><![CDATA[RgHt+80JFmSRwHrspACSGy7a6wjUuGtt9+pFysaF6neSH8E9CJobWFp9+L2BiZ48gTN5If1N9tdJkjEwLUfMpm1+X1fSTPgIZmHa1NzwBBUVAdxI0RBH66ogkuCDI8E0iG0Oq8gAXKfilWEYZGw6mya5Cf6uQ13u+wybPogxNc3rpQjD6E6nKIaHCjYHKjgdgsLfG4J3IIASqoxquubQ1wwZ5GJWuZ6h56efkLyHqlS8aKJ90zfKteXj3VONEWd+ajEcsDR9/aTV44UxTAMo7aJWs35mM1UMY7t4psJbqyY4YCLYMvZABZBffA/vGHIrJMtVaVO1AqGOYx9nABj7bfIIJGfTaHiIXY8bFYYhHxr9Se3qUetuzeEmMb/yplNRbMe2/MrtfATen1odjAAE0XdWymkQEim+lOv4/RTjr43bUovZkyHghVV1L1HL4vddImsWcAooONlp3gWJY1TlUUouz+OvBxbVLtO+vMkDfy7i/B61+ywf9aeKSSrrSaJj]]></Encrypt><AgentID><![CDATA[1000002]]></AgentID></xml>
2017-11-09 09:50:10.176 [http-apr-8080-exec-4] INFO  com.ray.weixin.qy.service.message.reply.ReplyMessageService - reply_xmlMsg:<xml><ToUserName><![CDATA[ww92f5da92bb24696e]]></ToUserName><FromUserName><![CDATA[ShiRui]]></FromUserName><CreateTime>1510192209</CreateTime><MsgType><![CDATA[event]]></MsgType><AgentID>1000002</AgentID><Event><![CDATA[LOCATION]]></Event><Latitude>31.1676</Latitude><Longitude>121.156</Longitude><Precision>15</Precision></xml>
2017-11-09 09:50:10.178 [http-apr-8080-exec-4] INFO  com.ray.weixin.qy.service.message.reply.ReplyMessageService - fromUserName:ShiRui
2017-11-09 09:50:10.178 [http-apr-8080-exec-4] INFO  com.ray.weixin.qy.service.message.reply.ReplyMessageService - toUserName:ww92f5da92bb24696e
2017-11-09 09:50:10.178 [http-apr-8080-exec-4] INFO  com.ray.weixin.qy.service.message.reply.ReplyMessageService - msgType:event
2017-11-09 09:50:10.178 [http-apr-8080-exec-4] INFO  com.ray.weixin.qy.service.message.reply.ReplyMessageService - Event:LOCATION  eventKey:null
2017-11-09 09:50:15.197 [http-apr-8080-exec-3] INFO  com.ray.weixin.qy.controller.WeiXinServlet - post--------------
2017-11-09 09:50:15.197 [http-apr-8080-exec-3] INFO  com.ray.weixin.qy.service.message.reply.ReplyMessageService - parms:{"msg_signature":["9d18a4902e12b55a917e1c76b529172b8f5351a8"],"timestamp":["1510192214"],"nonce":["394405700"]}
2017-11-09 09:50:15.197 [http-apr-8080-exec-3] INFO  com.ray.weixin.qy.service.message.reply.ReplyMessageService - postData:<xml><ToUserName><![CDATA[ww92f5da92bb24696e]]></ToUserName><Encrypt><![CDATA[Ulq3roDdHegMcYzNzZmII+XMGjf6J3G9ysFIo8G84z7jZ7k9X2ixPppgCvMROwLTUe781R6EoR3pAQ6XYf202br5Es7LeEqlvPD/VyG2ZJTeOzZZRJP5Yv7ZaQJdOqPc7Zs71/AZnBd+THcG6RV7zkiCxuHnKtfy8+9gaIWOif9Xb/+JblfOdqXfan8c7p8mMOM18r0T47GpkM/SrF+kHmd5rUgMabGtTun64WORc2qOQOGwob+thY3OOeQQQstmg5ZUw0MiKNlmTCBWVLGG7CaF6o/gisMo+E3We/0rWFuxOctIYbO+quyULl+6pavkoHu2xQYP8G61kuSNbUj8a+gpdZ/o9HK29U6OB6UOPOqqT2S9K0drfdyl2xjTZnMArxiNqQ//vNvLSckkvLSBz8Vs8ZGHHN208xUKj7bM7+L6ZmdrWvv+NzGVzdWK+cuODxWBpSMgMgbYs0+i6idUZtAmcnhCahMMRnGzYuqBKtVkhGcqY9lgJaG/XCtAR+X8]]></Encrypt><AgentID><![CDATA[1000002]]></AgentID></xml>
2017-11-09 09:50:15.199 [http-apr-8080-exec-3] INFO  com.ray.weixin.qy.service.message.reply.ReplyMessageService - reply_xmlMsg:<xml><ToUserName><![CDATA[ww92f5da92bb24696e]]></ToUserName><FromUserName><![CDATA[ShiRui]]></FromUserName><CreateTime>1510192214</CreateTime><MsgType><![CDATA[event]]></MsgType><AgentID>1000002</AgentID><Event><![CDATA[LOCATION]]></Event><Latitude>31.1676</Latitude><Longitude>121.156</Longitude><Precision>15</Precision></xml>
2017-11-09 09:50:15.200 [http-apr-8080-exec-3] INFO  com.ray.weixin.qy.service.message.reply.ReplyMessageService - fromUserName:ShiRui
2017-11-09 09:50:15.200 [http-apr-8080-exec-3] INFO  com.ray.weixin.qy.service.message.reply.ReplyMessageService - toUserName:ww92f5da92bb24696e
2017-11-09 09:50:15.200 [http-apr-8080-exec-3] INFO  com.ray.weixin.qy.service.message.reply.ReplyMessageService - msgType:event
2017-11-09 09:50:15.200 [http-apr-8080-exec-3] INFO  com.ray.weixin.qy.service.message.reply.ReplyMessageService - Event:LOCATION  eventKey:null
2017-11-09 09:50:20.146 [http-apr-8080-exec-7] INFO  com.ray.weixin.qy.controller.WeiXinServlet - post--------------
2017-11-09 09:50:20.146 [http-apr-8080-exec-7] INFO  com.ray.weixin.qy.service.message.reply.ReplyMessageService - parms:{"msg_signature":["cedcb98b4d14c85ffe2ad54c04f944e300b40550"],"timestamp":["1510192219"],"nonce":["1778469390"]}
2017-11-09 09:50:20.146 [http-apr-8080-exec-7] INFO  com.ray.weixin.qy.service.message.reply.ReplyMessageService - postData:<xml><ToUserName><![CDATA[ww92f5da92bb24696e]]></ToUserName><Encrypt><![CDATA[PbL3SlsMVvwM8tbSQ4IQjhLxezCu00GM5JI2jTkv36bry0+ZvdxYtXCifEhNj3a67ohcXgsmHHJRIkVjep8l2iXkAQH8I0nfe0oWu+sb28FlNA3kUTYEE9RQCx6w57ucEj4PStL8HyN+i+yFwNMRPMVcZZlMVYa3BmnhC1MMx4Bq53YVRBMhg+AjNMYH3p0xhQZ5AnTGuS8IiZ1LiGCVNE27BqCxVJMPjI8Xt/sH7Gc1qkLv1vouk0x0gQbAE0MXkPdOZipv/ruPitze3yrYhFrcVCPwjiDwMKgbhfGcZrV5UQ3IsLw/th3pDpk7NCW/DfKR1W6/UJUoHLP01DBF9i1rykcCsnDYPwyES2ndGWuUSwlWun4KlKoucKU4mJyYIB3U0w6DfG6J8J6MaddV3ePxdTAm+okKHFQHn9wdkEd/H17JVUzmkurBAJrwDhNlKz1oE8dKJzzH/ouTfahXxp5177r8+uN16JwcDFZsn30BOw6xjYaT+zyzhP1u49Hp]]></Encrypt><AgentID><![CDATA[1000002]]></AgentID></xml>
2017-11-09 09:50:20.147 [http-apr-8080-exec-7] INFO  com.ray.weixin.qy.service.message.reply.ReplyMessageService - reply_xmlMsg:<xml><ToUserName><![CDATA[ww92f5da92bb24696e]]></ToUserName><FromUserName><![CDATA[ShiRui]]></FromUserName><CreateTime>1510192219</CreateTime><MsgType><![CDATA[event]]></MsgType><AgentID>1000002</AgentID><Event><![CDATA[LOCATION]]></Event><Latitude>31.1676</Latitude><Longitude>121.156</Longitude><Precision>15</Precision></xml>
2017-11-09 09:50:20.148 [http-apr-8080-exec-7] INFO  com.ray.weixin.qy.service.message.reply.ReplyMessageService - fromUserName:ShiRui
2017-11-09 09:50:20.148 [http-apr-8080-exec-7] INFO  com.ray.weixin.qy.service.message.reply.ReplyMessageService - toUserName:ww92f5da92bb24696e
2017-11-09 09:50:20.148 [http-apr-8080-exec-7] INFO  com.ray.weixin.qy.service.message.reply.ReplyMessageService - msgType:event
2017-11-09 09:50:20.148 [http-apr-8080-exec-7] INFO  com.ray.weixin.qy.service.message.reply.ReplyMessageService - Event:LOCATION  eventKey:null
2017-11-09 09:50:34.760 [http-apr-8080-exec-9] INFO  com.ray.weixin.qy.controller.WeiXinServlet - post--------------
2017-11-09 09:50:34.760 [http-apr-8080-exec-9] INFO  com.ray.weixin.qy.service.message.reply.ReplyMessageService - parms:{"msg_signature":["1c8a908da4feb6700042bea8f9436226c58d9c1c"],"timestamp":["1510192234"],"nonce":["1174957394"]}
2017-11-09 09:50:34.761 [http-apr-8080-exec-9] INFO  com.ray.weixin.qy.service.message.reply.ReplyMessageService - postData:<xml><ToUserName><![CDATA[ww92f5da92bb24696e]]></ToUserName><Encrypt><![CDATA[bCSiwKZBOjY38k2uSwkm1l90mq8bPsleQtdK3dErKV7FQYgfqSPyG4/dHaMWg20FcMyqS7YvhQt2wt51Ya6sUphh2mcV4Bzzx/mcjL67XteDUaG9GnEWORSxy/P3DaLHJG/CeGyXncTDfU/COsYn4+d1TtW7dLSiBXIZnKJHKcyxBzQwy8JQUq95RLaEmJoPFqkdUwRI0Ss7c6nqQZGbsU4lgrfNdE3TqBNzNj6aqI17DUuWI54UcZYws8PwixA0UjlwNpahQi2XdXKRnnX/B3IB0RcluTzmQuw06igg0Z4/XKra0V42LXqgrByCyweyEsiiDN7i8qFanhWCQujj856BekNPtg3anvOnZeP1Q6/hZz8mkVQLpHwOhnJ1bCUhQd5M2FN4i+EJsD3iYnfsqqA7ZuuMDfQaqVDJe2v3Gx8YBTR8Zb9dewHNqcEjbQG2Jy8S4/mwYaGO5GAZw/13CwrM1vJ31c/eetoZHZMoB5OyLtCgtr1G0WbCUqHnS+yp]]></Encrypt><AgentID><![CDATA[1000002]]></AgentID></xml>
2017-11-09 09:50:34.763 [http-apr-8080-exec-9] INFO  com.ray.weixin.qy.service.message.reply.ReplyMessageService - reply_xmlMsg:<xml><ToUserName><![CDATA[ww92f5da92bb24696e]]></ToUserName><FromUserName><![CDATA[ShiRui]]></FromUserName><CreateTime>1510192234</CreateTime><MsgType><![CDATA[event]]></MsgType><AgentID>1000002</AgentID><Event><![CDATA[LOCATION]]></Event><Latitude>31.1676</Latitude><Longitude>121.156</Longitude><Precision>15</Precision></xml>
2017-11-09 09:50:34.765 [http-apr-8080-exec-9] INFO  com.ray.weixin.qy.service.message.reply.ReplyMessageService - fromUserName:ShiRui
2017-11-09 09:50:34.765 [http-apr-8080-exec-9] INFO  com.ray.weixin.qy.service.message.reply.ReplyMessageService - toUserName:ww92f5da92bb24696e
2017-11-09 09:50:34.768 [http-apr-8080-exec-9] INFO  com.ray.weixin.qy.service.message.reply.ReplyMessageService - msgType:event
2017-11-09 09:50:34.768 [http-apr-8080-exec-9] INFO  com.ray.weixin.qy.service.message.reply.ReplyMessageService - Event:LOCATION  eventKey:null
2017-11-09 09:50:41.233 [http-apr-8080-exec-10] INFO  com.ray.weixin.qy.controller.WeiXinServlet - post--------------
2017-11-09 09:50:41.234 [http-apr-8080-exec-10] INFO  com.ray.weixin.qy.service.message.reply.ReplyMessageService - parms:{"msg_signature":["fff09a9191cb14f5279fe6f6c8a8eefee63f42a8"],"timestamp":["1510192240"],"nonce":["1848733129"]}
2017-11-09 09:50:41.234 [http-apr-8080-exec-10] INFO  com.ray.weixin.qy.service.message.reply.ReplyMessageService - postData:<xml><ToUserName><![CDATA[ww92f5da92bb24696e]]></ToUserName><Encrypt><![CDATA[OttWyEcCnb3PL3fwKe1AKKh5BktdunZtLx6MIX/P4cSMR8N9GPfkqJ0dS4I6Md3DmnB2Rd5pBSnAVWVU5hHvXyTDYESBsT0XM3fFD03UU1vEI6RItzb8UaInpPbl/TGf0abCTx6M2RR2wCm4PXHv8OnrOfuwOaC2huYJmLuhYOjw2cGnga+r3747DoE3ghB4e6CXNpE6KhbGlC+RZOLtyg/OFFUZT7pPJjRro98TEIxFMmJ3IZ6Tl9CVIhlTO6W0pBqYg3vGfEUy5TmMhYAoqIsXl4YGuOKEg8t06f5YbI9adGd2kISMC8JuMMwoWf9XMh+qJv9RPzK+3xEi5SVzkxoODgbBxq7o/J2k1hOdavuuE++tgwcUK+DGg0VE0mvH+RGu1OLwFB9YqsBDeU1Q7EHXddsBpQRm8K1QRMt0zXZcmWyyBRLbkGznPswcjt2/DsJeHHJ//35OjCeKw9MV9yg6dkAIayrxD0nASqZ4VFO28hsJqmRvnwNkKsuWq1D3]]></Encrypt><AgentID><![CDATA[1000002]]></AgentID></xml>
2017-11-09 09:50:41.235 [http-apr-8080-exec-10] INFO  com.ray.weixin.qy.service.message.reply.ReplyMessageService - reply_xmlMsg:<xml><ToUserName><![CDATA[ww92f5da92bb24696e]]></ToUserName><FromUserName><![CDATA[ShiRui]]></FromUserName><CreateTime>1510192240</CreateTime><MsgType><![CDATA[event]]></MsgType><AgentID>1000002</AgentID><Event><![CDATA[LOCATION]]></Event><Latitude>31.1676</Latitude><Longitude>121.156</Longitude><Precision>15</Precision></xml>
2017-11-09 09:50:41.236 [http-apr-8080-exec-10] INFO  com.ray.weixin.qy.service.message.reply.ReplyMessageService - fromUserName:ShiRui
2017-11-09 09:50:41.236 [http-apr-8080-exec-10] INFO  com.ray.weixin.qy.service.message.reply.ReplyMessageService - toUserName:ww92f5da92bb24696e
2017-11-09 09:50:41.236 [http-apr-8080-exec-10] INFO  com.ray.weixin.qy.service.message.reply.ReplyMessageService - msgType:event
2017-11-09 09:50:41.236 [http-apr-8080-exec-10] INFO  com.ray.weixin.qy.service.message.reply.ReplyMessageService - Event:LOCATION  eventKey:null
2017-11-09 09:50:46.200 [http-apr-8080-exec-4] INFO  com.ray.weixin.qy.util.AuthHelper - jsonObject:{"errcode":0,"access_token":"RVUMhaz-QcALWPrIef8VlQayDM5w55oYDw5FrLAax9W4TOLAOXTnChxYEP2-74uxxPT2C9i1I9wewB97GuODOPyN3p7to4_wYWQ3cAQMv-owZeVpxS-gopdSUPHtRFsxqx5m0RnpBhh0BI0DFiUS85FISGwMzmvNvPe6ZvlKrM54gETQx1ZRdVGQSMHVYFzqZBb9C7q_gw-eZZ9u8Kqw4A","errmsg":"ok","expires_in":7200}
2017-11-09 09:50:46.613 [http-apr-8080-exec-4] INFO  com.ray.weixin.qy.util.AuthHelper - jsonObject:{"errcode":0,"ticket":"kgt8ON7yVITDhtdwci0qebCLEfC_BfeygIq8cFPLbdbVIB76UKmHNQSOygZvd-Z1ed9TEYoCChiRyMVxpC9-UQ","errmsg":"ok","expires_in":7200}
2017-11-09 09:50:46.613 [http-apr-8080-exec-4] INFO  com.ray.weixin.qy.util.AuthHelper - url:http://rayner.nat300.top/weixin_qy/showInvoice.jsp
2017-11-09 09:50:46.613 [http-apr-8080-exec-4] INFO  com.ray.weixin.qy.util.AuthHelper - accessToken:RVUMhaz-QcALWPrIef8VlQayDM5w55oYDw5FrLAax9W4TOLAOXTnChxYEP2-74uxxPT2C9i1I9wewB97GuODOPyN3p7to4_wYWQ3cAQMv-owZeVpxS-gopdSUPHtRFsxqx5m0RnpBhh0BI0DFiUS85FISGwMzmvNvPe6ZvlKrM54gETQx1ZRdVGQSMHVYFzqZBb9C7q_gw-eZZ9u8Kqw4A
2017-11-09 09:50:46.613 [http-apr-8080-exec-4] INFO  com.ray.weixin.qy.util.AuthHelper - jsapi_ticket:kgt8ON7yVITDhtdwci0qebCLEfC_BfeygIq8cFPLbdbVIB76UKmHNQSOygZvd-Z1ed9TEYoCChiRyMVxpC9-UQ
2017-11-09 09:50:46.613 [http-apr-8080-exec-4] INFO  com.ray.weixin.qy.util.AuthHelper - appId:ww92f5da92bb24696e
2017-11-09 09:50:46.614 [http-apr-8080-exec-4] INFO  com.ray.weixin.qy.util.AuthHelper - timestamp:1510192245
2017-11-09 09:50:46.614 [http-apr-8080-exec-4] INFO  com.ray.weixin.qy.util.AuthHelper - nonceStr:b16ce996-b1ec-4cc2-8db1-5a8de685b0c9
2017-11-09 09:50:46.614 [http-apr-8080-exec-4] INFO  com.ray.weixin.qy.util.AuthHelper - signature:c0c1cce4f0acb002f31b08f2382e4e9f036944e1
2017-11-09 09:50:46.614 [http-apr-8080-exec-4] INFO  com.ray.weixin.qy.util.AuthHelper - configValue:{"signature":"c0c1cce4f0acb002f31b08f2382e4e9f036944e1","appId":"ww92f5da92bb24696e","nonceStr":"b16ce996-b1ec-4cc2-8db1-5a8de685b0c9","timestamp":"1510192245"}
2017-11-09 09:50:50.075 [http-apr-8080-exec-3] INFO  com.ray.weixin.qy.controller.WeiXinServlet - post--------------
2017-11-09 09:50:50.075 [http-apr-8080-exec-3] INFO  com.ray.weixin.qy.service.message.reply.ReplyMessageService - parms:{"msg_signature":["66774d7e2a1fba3cc476aade823e7acf58a35a4f"],"timestamp":["1510192249"],"nonce":["1469363458"]}
2017-11-09 09:50:50.075 [http-apr-8080-exec-3] INFO  com.ray.weixin.qy.service.message.reply.ReplyMessageService - postData:<xml><ToUserName><![CDATA[ww92f5da92bb24696e]]></ToUserName><Encrypt><![CDATA[Gbc1M35so+mgtrmnNWI6INryApqV6UzMQFAtZhnS3iIljSb0E1EdaxIi3XUUVYKWTC3oqx/NDImx2O0MeIKNaNxI3NsJlZIoJQKxIN0byLUZHjc91fZJ2aWxwLnwQJSkgTiUrU5/AITQvBpAbKogQqLwPl5VNX5vg8b8gm8EQYcTO7SZtTMzHTbWhgwNQ9n2PAeX8GC3uOaMF/F2cawft/3YBQeayoGq2GlLYgcGnvvi7+ieLYzKEAPfIRPp8Ig1us1f9Qfr28yQ/SHP+9igrAFMlOtHtaEb4wEgoKNyggbHu0K9FKFJCb+8wJjLVhhn+7jH5AoUEcp7GgzRM4AD0dX1t/0CQbLtJDn+uXU1aet0Vc2IMyLwVk4vb7nKrOz+TMkpovO2q022FWTzY9L3/gC5dl3hfyTJV8WxUpOGi16uh3WhtEjKhCTOlWG/jv0P4omUL3Ar3YuQ/T0nUD3FsjazLEyt1BFQC5hnlkT5fn2gqLk915r7KyerVFxFzP66]]></Encrypt><AgentID><![CDATA[1000002]]></AgentID></xml>
2017-11-09 09:50:50.076 [http-apr-8080-exec-3] INFO  com.ray.weixin.qy.service.message.reply.ReplyMessageService - reply_xmlMsg:<xml><ToUserName><![CDATA[ww92f5da92bb24696e]]></ToUserName><FromUserName><![CDATA[ShiRui]]></FromUserName><CreateTime>1510192249</CreateTime><MsgType><![CDATA[event]]></MsgType><AgentID>1000002</AgentID><Event><![CDATA[LOCATION]]></Event><Latitude>31.1676</Latitude><Longitude>121.156</Longitude><Precision>15</Precision></xml>
2017-11-09 09:50:50.077 [http-apr-8080-exec-3] INFO  com.ray.weixin.qy.service.message.reply.ReplyMessageService - fromUserName:ShiRui
2017-11-09 09:50:50.077 [http-apr-8080-exec-3] INFO  com.ray.weixin.qy.service.message.reply.ReplyMessageService - toUserName:ww92f5da92bb24696e
2017-11-09 09:50:50.077 [http-apr-8080-exec-3] INFO  com.ray.weixin.qy.service.message.reply.ReplyMessageService - msgType:event
2017-11-09 09:50:50.077 [http-apr-8080-exec-3] INFO  com.ray.weixin.qy.service.message.reply.ReplyMessageService - Event:LOCATION  eventKey:null
2017-11-09 09:50:58.668 [http-apr-8080-exec-8] INFO  com.ray.weixin.qy.controller.WeiXinServlet - post--------------
2017-11-09 09:50:58.669 [http-apr-8080-exec-8] INFO  com.ray.weixin.qy.service.message.reply.ReplyMessageService - parms:{"msg_signature":["171612d3cacf3d6ac58b2e1b5fa8d878073c70f9"],"timestamp":["1510192258"],"nonce":["35335581"]}
2017-11-09 09:50:58.670 [http-apr-8080-exec-8] INFO  com.ray.weixin.qy.service.message.reply.ReplyMessageService - postData:<xml><ToUserName><![CDATA[ww92f5da92bb24696e]]></ToUserName><Encrypt><![CDATA[7lNvwPn5vcoKDDjw8RwsOZirYEPkHgdWZTY6d42i8HslaF2PUadq/IpUNKO7v6AxFEOvX9pG29g/Ki9y4ARUrg7AfxziQe0wcg9asBl9BTaYhzsE1drVeTedkRE31OeDvSW+n8PTLjxWQCwEN1V6hbuRWjfDQ+XXYmFXcSQM+qm8yBVRkkokqAiGeRfbFWvNcPAYm4TLE4wRmRTFt+YLr0VQCSfJge51aoF9rdhLpuwudRUGgNcLWhDxWcLyNAkeG2DviEjiUkDGTAim6G9Bxu4J3XLbTqNl4owWI8urWlXDBf4oIpE3A5N4N5JT9rWJmj6zBjSsb+aha4IGQKfw1ZRTTu8rmxL7+CmMMcf5DrMUxl88iT1wNPF3g64RbUQriLmD9rGh+/qEC2IXDzoqp9YbKAZ3LLBH3w24Qo/ciPlX+KzXw2aP9iKAFIAj4zqYDKUsucrYQG/KhNsHdEukgK0vB7yqT1UmriaYRgULZNeUjTG5p/KOcxidvzaVHHCs]]></Encrypt><AgentID><![CDATA[1000002]]></AgentID></xml>
2017-11-09 09:50:58.673 [http-apr-8080-exec-8] INFO  com.ray.weixin.qy.service.message.reply.ReplyMessageService - reply_xmlMsg:<xml><ToUserName><![CDATA[ww92f5da92bb24696e]]></ToUserName><FromUserName><![CDATA[ShiRui]]></FromUserName><CreateTime>1510192258</CreateTime><MsgType><![CDATA[event]]></MsgType><AgentID>1000002</AgentID><Event><![CDATA[LOCATION]]></Event><Latitude>31.1676</Latitude><Longitude>121.156</Longitude><Precision>15</Precision></xml>
2017-11-09 09:50:58.675 [http-apr-8080-exec-8] INFO  com.ray.weixin.qy.service.message.reply.ReplyMessageService - fromUserName:ShiRui
2017-11-09 09:50:58.675 [http-apr-8080-exec-8] INFO  com.ray.weixin.qy.service.message.reply.ReplyMessageService - toUserName:ww92f5da92bb24696e
2017-11-09 09:50:58.675 [http-apr-8080-exec-8] INFO  com.ray.weixin.qy.service.message.reply.ReplyMessageService - msgType:event
2017-11-09 09:50:58.675 [http-apr-8080-exec-8] INFO  com.ray.weixin.qy.service.message.reply.ReplyMessageService - Event:LOCATION  eventKey:null
