2017-11-09 10:10:02.033 [http-apr-8080-exec-9] INFO  com.ray.weixin.qy.controller.WeiXinServlet - post--------------
2017-11-09 10:10:02.047 [http-apr-8080-exec-9] INFO  com.ray.weixin.qy.service.message.reply.ReplyMessageService - parms:{"msg_signature":["ba048dc03142694f61d3cdf3c3d5cd25573efb33"],"timestamp":["1510193401"],"nonce":["254189749"]}
2017-11-09 10:10:02.048 [http-apr-8080-exec-9] INFO  com.ray.weixin.qy.service.message.reply.ReplyMessageService - postData:<xml><ToUserName><![CDATA[ww92f5da92bb24696e]]></ToUserName><Encrypt><![CDATA[NjT5hezjX1IBfWJqqT4mpOGzlLbVbwQBbkIOmiL+e6OmffBJeHI6jmFnLXIekMlt76aaJvrB58MXvKARq7Bmf817Bex5Kz/rjuWkPuHj2Owai0sw5A6e8tA8kDbLVMp3chqjzNnW8B8Ap2ljGNt+O/HLI4w3QYO577W33ydAgO8SUZwQxN4kIe95WQl753GFB/lQqtMxLAnYoYDTGajhE+sCe9jHWxdoSU1vICB0y7KQaTO4QLCwoUMKB2XQRyGMUWZppXaZR1JAVUlawT65dfeWMWWHa8CN5SWhdi+zKQ9jkOrdg+LvjQPDaaXEy9PsiP47Tda6xWZQX80Z/pfD4iC5GG3XRbzFatSDw35UaxKioC2kRLmu7ZepYLRjSD79xB98+/BM/45i4PnQi+m0MsKQiAnBzdXbv2vYev6LwjNxxKxUO1pdc03xMiCD+m3yfkf/CriYRKLFVwKOoRKNWYygJ4hAf786MLBCe9PnmtVsF4mjAEFbzcsqfM6C8eXP]]></Encrypt><AgentID><![CDATA[1000002]]></AgentID></xml>
2017-11-09 10:10:02.053 [http-apr-8080-exec-9] INFO  com.ray.weixin.qy.service.message.reply.ReplyMessageService - reply_xmlMsg:<xml><ToUserName><![CDATA[ww92f5da92bb24696e]]></ToUserName><FromUserName><![CDATA[ShiRui]]></FromUserName><CreateTime>1510193401</CreateTime><MsgType><![CDATA[event]]></MsgType><AgentID>1000002</AgentID><Event><![CDATA[LOCATION]]></Event><Latitude>31.1676</Latitude><Longitude>121.156</Longitude><Precision>15</Precision></xml>
2017-11-09 10:10:02.056 [http-apr-8080-exec-9] INFO  com.ray.weixin.qy.service.message.reply.ReplyMessageService - fromUserName:ShiRui
2017-11-09 10:10:02.057 [http-apr-8080-exec-9] INFO  com.ray.weixin.qy.service.message.reply.ReplyMessageService - toUserName:ww92f5da92bb24696e
2017-11-09 10:10:02.057 [http-apr-8080-exec-9] INFO  com.ray.weixin.qy.service.message.reply.ReplyMessageService - msgType:event
2017-11-09 10:10:02.057 [http-apr-8080-exec-9] INFO  com.ray.weixin.qy.service.message.reply.ReplyMessageService - Event:LOCATION  eventKey:null
2017-11-09 10:10:06.962 [http-apr-8080-exec-10] INFO  com.ray.weixin.qy.controller.WeiXinServlet - post--------------
2017-11-09 10:10:06.963 [http-apr-8080-exec-10] INFO  com.ray.weixin.qy.service.message.reply.ReplyMessageService - parms:{"msg_signature":["95c8c50e2722fb9332f571a25513bca34a3cbcac"],"timestamp":["1510193406"],"nonce":["433092459"]}
2017-11-09 10:10:06.963 [http-apr-8080-exec-10] INFO  com.ray.weixin.qy.service.message.reply.ReplyMessageService - postData:<xml><ToUserName><![CDATA[ww92f5da92bb24696e]]></ToUserName><Encrypt><![CDATA[ysG6Yqc9Takf5PCe4v6sqOEaf4hyQ/k8NqFkO7XaUUSjP6dxUx3sVN/zJLPur8+I77nQC7y5EvWTtiCQrPZLaLfPaaGxCuTqxeMX4wB2rk5vdyn6QoVfp5ibpob/GUjf6YVlwNiIoI1nPKkLw0ntPWCIanQgg61IRC8HBBIaxiNnEC0ybceHdhKpDeiiWcPRp2Tp7M22ynZS5uEBipR9EqBbkhoavx9rqOsJiZGUy8PtpHgKy6CfAL9q0zQo8kOVTbi4kcxgqLFuwKjFb3eFC9sBMPaco3mR2b/SNtd8y04nGI4JJLMzgvi/vEJNUonWfiMUwr248AsP1Visx2JXX1J7OgG3S9puj6AFGDMTlI0h6K/XN8AL1f2/czZyoBbkzuT4o61jXqqLI0ZoxvsUT1SfaJ+Df352G+QlPfE+MxT3HFAcIpq9Ytpn3x8DmpngZrXgJOaW/3j1sZTlt2dacAspNSJmnbI7JDl7HENIuG822ayAFUa0lfqAxIpY4kfv]]></Encrypt><AgentID><![CDATA[1000002]]></AgentID></xml>
2017-11-09 10:10:06.968 [http-apr-8080-exec-10] INFO  com.ray.weixin.qy.service.message.reply.ReplyMessageService - reply_xmlMsg:<xml><ToUserName><![CDATA[ww92f5da92bb24696e]]></ToUserName><FromUserName><![CDATA[ShiRui]]></FromUserName><CreateTime>1510193406</CreateTime><MsgType><![CDATA[event]]></MsgType><AgentID>1000002</AgentID><Event><![CDATA[LOCATION]]></Event><Latitude>31.1676</Latitude><Longitude>121.156</Longitude><Precision>15</Precision></xml>
2017-11-09 10:10:06.971 [http-apr-8080-exec-10] INFO  com.ray.weixin.qy.service.message.reply.ReplyMessageService - fromUserName:ShiRui
2017-11-09 10:10:06.972 [http-apr-8080-exec-10] INFO  com.ray.weixin.qy.service.message.reply.ReplyMessageService - toUserName:ww92f5da92bb24696e
2017-11-09 10:10:06.972 [http-apr-8080-exec-10] INFO  com.ray.weixin.qy.service.message.reply.ReplyMessageService - msgType:event
2017-11-09 10:10:06.973 [http-apr-8080-exec-10] INFO  com.ray.weixin.qy.service.message.reply.ReplyMessageService - Event:LOCATION  eventKey:null
2017-11-09 10:10:11.959 [http-apr-8080-exec-4] INFO  com.ray.weixin.qy.controller.WeiXinServlet - post--------------
2017-11-09 10:10:11.961 [http-apr-8080-exec-4] INFO  com.ray.weixin.qy.service.message.reply.ReplyMessageService - parms:{"msg_signature":["9f72fe7f4e5bbff13df1890d677af57864f353c4"],"timestamp":["1510193411"],"nonce":["1657444174"]}
2017-11-09 10:10:11.961 [http-apr-8080-exec-4] INFO  com.ray.weixin.qy.service.message.reply.ReplyMessageService - postData:<xml><ToUserName><![CDATA[ww92f5da92bb24696e]]></ToUserName><Encrypt><![CDATA[TNdDBglCMFh1Cj6rUXiA9lLSlyymgBVImCa3reYVTGI9Pgh9QbQ64tG9KuAO46AnnNo3JF1dWSg06SUMkusujmck0hsVRECbb88/Etd20WZbm6XrrUHISDbXWaWfRgze0TVC6WpBbfYfdfTF5n09RqtZvOOunalpmeDhnDcDe3BHXozWQ8/VyarGCE7mQmvJ3Mu2fW9O/VH6v3EEwvVdNac3/kngOIjQWAovn6hsy5Gz5yNHsb1j8G/fAIrA5fZ6yPRf9+IphpBZ0QxmvS9KwUxUssfNeWSk+0WsjK2dyyqKCdD41Z4xe8jHI9vISrWZ+OyPa7fCQ0qHjmqabLcUVVCwDESGJRDGeZojlTFonzlSI56snOuXaN4oKjWCSaoxvoB6lFeMzbZljXI40wIKCsXXm1LMFWYuPFWbLWeH7VVAyrU3111nqDlReQJJLUkxKLjevxqc+k2xT9jUArUwPabWwmRrIwfLMdwMDIAtUlnOv1AOaD36c7G1yCNRdS6u]]></Encrypt><AgentID><![CDATA[1000002]]></AgentID></xml>
2017-11-09 10:10:11.963 [http-apr-8080-exec-4] INFO  com.ray.weixin.qy.service.message.reply.ReplyMessageService - reply_xmlMsg:<xml><ToUserName><![CDATA[ww92f5da92bb24696e]]></ToUserName><FromUserName><![CDATA[ShiRui]]></FromUserName><CreateTime>1510193411</CreateTime><MsgType><![CDATA[event]]></MsgType><AgentID>1000002</AgentID><Event><![CDATA[LOCATION]]></Event><Latitude>31.1676</Latitude><Longitude>121.156</Longitude><Precision>15</Precision></xml>
2017-11-09 10:10:11.965 [http-apr-8080-exec-4] INFO  com.ray.weixin.qy.service.message.reply.ReplyMessageService - fromUserName:ShiRui
2017-11-09 10:10:11.966 [http-apr-8080-exec-4] INFO  com.ray.weixin.qy.service.message.reply.ReplyMessageService - toUserName:ww92f5da92bb24696e
2017-11-09 10:10:11.966 [http-apr-8080-exec-4] INFO  com.ray.weixin.qy.service.message.reply.ReplyMessageService - msgType:event
2017-11-09 10:10:11.966 [http-apr-8080-exec-4] INFO  com.ray.weixin.qy.service.message.reply.ReplyMessageService - Event:LOCATION  eventKey:null
2017-11-09 10:10:13.021 [http-apr-8080-exec-7] INFO  com.ray.weixin.qy.controller.WeiXinServlet - post--------------
2017-11-09 10:10:13.022 [http-apr-8080-exec-7] INFO  com.ray.weixin.qy.service.message.reply.ReplyMessageService - parms:{"msg_signature":["45d23fcb7eeb2884a4ef903bd351191369662c85"],"timestamp":["1510193412"],"nonce":["1824670210"]}
2017-11-09 10:10:13.022 [http-apr-8080-exec-7] INFO  com.ray.weixin.qy.service.message.reply.ReplyMessageService - postData:<xml><ToUserName><![CDATA[ww92f5da92bb24696e]]></ToUserName><Encrypt><![CDATA[b3uYJXA1Kq4ruUnvhc5rnErpiWd8ZZSBLv+kdexLuFG8Km0yXrD4MXKbCek3sv/NCMRF4+3oTdfU0enpHiwWoK0PbwSJIbaHa4Ljju3RpbfK7fQgSIsY5TSdnYplfrv/dg9UawBWQaPkKITsaR2MtRHvAmE7EJs8Yq1F4IoZLfzByz2fAZdBXBmvpOpnx6SQMrJmO1C9XfuPgn/SVLKb3+mtS+CyJr+lmHFfdxk2SH8phnRrWr5beGDatMW1Wu4YyoyN/plCLi56hZXzICZHyctIpk/ffPLSLoPWi9wFGAQrI5o7mBWT/TT2idPKctS2b1mOH+uQWzsVm4dIOPWOdu8GjnLjRr7DGH/NJNh6WFmiJtq3yB1+hPkO1Oe+cCf4szDUQYPIyfEF1kkE8whtWbf95oZUy4A8bxj8V2xEFjBsKJefyaFD9gNXTkcR3xm7OffE/aVg2/U3Ma7/RPB/4Ep3M3v0cfrssz454yN57IS3CRuEOYNZlAr9b9iRty/c]]></Encrypt><AgentID><![CDATA[1000002]]></AgentID></xml>
2017-11-09 10:10:13.023 [http-apr-8080-exec-7] INFO  com.ray.weixin.qy.service.message.reply.ReplyMessageService - reply_xmlMsg:<xml><ToUserName><![CDATA[ww92f5da92bb24696e]]></ToUserName><FromUserName><![CDATA[ShiRui]]></FromUserName><CreateTime>1510193412</CreateTime><MsgType><![CDATA[event]]></MsgType><AgentID>1000002</AgentID><Event><![CDATA[view]]></Event><EventKey><![CDATA[http://rayner.nat300.top/weixin_qy/showInvoice.jsp]]></EventKey></xml>
2017-11-09 10:10:13.024 [http-apr-8080-exec-7] INFO  com.ray.weixin.qy.service.message.reply.ReplyMessageService - fromUserName:ShiRui
2017-11-09 10:10:13.025 [http-apr-8080-exec-7] INFO  com.ray.weixin.qy.service.message.reply.ReplyMessageService - toUserName:ww92f5da92bb24696e
2017-11-09 10:10:13.025 [http-apr-8080-exec-7] INFO  com.ray.weixin.qy.service.message.reply.ReplyMessageService - msgType:event
2017-11-09 10:10:13.025 [http-apr-8080-exec-7] INFO  com.ray.weixin.qy.service.message.reply.ReplyMessageService - Event:view  eventKey:http://rayner.nat300.top/weixin_qy/showInvoice.jsp
2017-11-09 10:10:13.124 [http-apr-8080-exec-6] INFO  com.ray.weixin.qy.util.AuthHelper - jsonObject:{"errcode":0,"access_token":"RVUMhaz-QcALWPrIef8VlQayDM5w55oYDw5FrLAax9W4TOLAOXTnChxYEP2-74uxxPT2C9i1I9wewB97GuODOPyN3p7to4_wYWQ3cAQMv-owZeVpxS-gopdSUPHtRFsxqx5m0RnpBhh0BI0DFiUS85FISGwMzmvNvPe6ZvlKrM54gETQx1ZRdVGQSMHVYFzqZBb9C7q_gw-eZZ9u8Kqw4A","errmsg":"ok","expires_in":7200}
2017-11-09 10:10:13.503 [http-apr-8080-exec-6] INFO  com.ray.weixin.qy.util.AuthHelper - jsonObject:{"errcode":0,"ticket":"kgt8ON7yVITDhtdwci0qebCLEfC_BfeygIq8cFPLbdav_wS6aHw3IOuPFhwb5b37fHfTFdS6e23Vb_dbDCjTOg","errmsg":"ok","expires_in":7200}
2017-11-09 10:10:13.504 [http-apr-8080-exec-6] INFO  com.ray.weixin.qy.util.AuthHelper - url:http://rayner.nat300.top/weixin_qy/showInvoice.jsp
2017-11-09 10:10:13.504 [http-apr-8080-exec-6] INFO  com.ray.weixin.qy.util.AuthHelper - accessToken:RVUMhaz-QcALWPrIef8VlQayDM5w55oYDw5FrLAax9W4TOLAOXTnChxYEP2-74uxxPT2C9i1I9wewB97GuODOPyN3p7to4_wYWQ3cAQMv-owZeVpxS-gopdSUPHtRFsxqx5m0RnpBhh0BI0DFiUS85FISGwMzmvNvPe6ZvlKrM54gETQx1ZRdVGQSMHVYFzqZBb9C7q_gw-eZZ9u8Kqw4A
2017-11-09 10:10:13.504 [http-apr-8080-exec-6] INFO  com.ray.weixin.qy.util.AuthHelper - jsapi_ticket:kgt8ON7yVITDhtdwci0qebCLEfC_BfeygIq8cFPLbdav_wS6aHw3IOuPFhwb5b37fHfTFdS6e23Vb_dbDCjTOg
2017-11-09 10:10:13.504 [http-apr-8080-exec-6] INFO  com.ray.weixin.qy.util.AuthHelper - appId:ww92f5da92bb24696e
2017-11-09 10:10:13.504 [http-apr-8080-exec-6] INFO  com.ray.weixin.qy.util.AuthHelper - timestamp:1510193412
2017-11-09 10:10:13.504 [http-apr-8080-exec-6] INFO  com.ray.weixin.qy.util.AuthHelper - nonceStr:70e40ba3-3cbe-4667-886d-214002988ef6
2017-11-09 10:10:13.505 [http-apr-8080-exec-6] INFO  com.ray.weixin.qy.util.AuthHelper - signature:3c51649a59bd5a48c7c9e94895925950c29e91a5
2017-11-09 10:10:13.505 [http-apr-8080-exec-6] INFO  com.ray.weixin.qy.util.AuthHelper - configValue:{"signature":"3c51649a59bd5a48c7c9e94895925950c29e91a5","appId":"ww92f5da92bb24696e","nonceStr":"70e40ba3-3cbe-4667-886d-214002988ef6","timestamp":"1510193412"}
2017-11-09 10:10:17.016 [http-apr-8080-exec-2] INFO  com.ray.weixin.qy.controller.WeiXinServlet - post--------------
2017-11-09 10:10:17.017 [http-apr-8080-exec-2] INFO  com.ray.weixin.qy.service.message.reply.ReplyMessageService - parms:{"msg_signature":["c04143b9728684099a98fc50400bb635dbad1cfc"],"timestamp":["1510193416"],"nonce":["218325947"]}
2017-11-09 10:10:17.017 [http-apr-8080-exec-2] INFO  com.ray.weixin.qy.service.message.reply.ReplyMessageService - postData:<xml><ToUserName><![CDATA[ww92f5da92bb24696e]]></ToUserName><Encrypt><![CDATA[yCVihs8q4DPoP5LWOIIZ16aopVI6QNT5UPl6EEabQ0GNC1oOm/cBYPP99qSdxb5f74kq5vWr2tA8/301AYSztjNbhF5s5r9/RIFYPOYHGfuIgkDGn5zRZkzgjOk8rDv2AYsnN28JMoEWUDaMS1ClJLPbZp/oXEeRSc0hkDAkfImiKIDbvE+MXINKb6pL/q7lfks6wb/dfbO31MUL4cJraHqdoO1/9f4mVrYBzO8GXFdfvDk56fLUi/aee8PHdzUGoULqFcrsFDIuy7WODw+3NgjCouAM+hRWxjduOjwxrX8/xBoElRY6ao664rlPwbBLUovvnba7+DNzuwMgWAPVhAO4mos+1SnnNcD/+lEtV/MCqawcH34YvvNCFhCXcexBNP49LwUYXn2FXrb1eSwUXd1gRDo1tTS8fd2AVtWJ9awH+GRUHc9Kl9BnfyQXlZuJk+zDdguLms7xChD3J2oLKM0FgdZO2okifILFM50lvVCaDSAtdPXjRw5R91HoKN93]]></Encrypt><AgentID><![CDATA[1000002]]></AgentID></xml>
2017-11-09 10:10:17.021 [http-apr-8080-exec-2] INFO  com.ray.weixin.qy.service.message.reply.ReplyMessageService - reply_xmlMsg:<xml><ToUserName><![CDATA[ww92f5da92bb24696e]]></ToUserName><FromUserName><![CDATA[ShiRui]]></FromUserName><CreateTime>1510193416</CreateTime><MsgType><![CDATA[event]]></MsgType><AgentID>1000002</AgentID><Event><![CDATA[LOCATION]]></Event><Latitude>31.1676</Latitude><Longitude>121.156</Longitude><Precision>15</Precision></xml>
2017-11-09 10:10:17.024 [http-apr-8080-exec-2] INFO  com.ray.weixin.qy.service.message.reply.ReplyMessageService - fromUserName:ShiRui
2017-11-09 10:10:17.025 [http-apr-8080-exec-2] INFO  com.ray.weixin.qy.service.message.reply.ReplyMessageService - toUserName:ww92f5da92bb24696e
2017-11-09 10:10:17.026 [http-apr-8080-exec-2] INFO  com.ray.weixin.qy.service.message.reply.ReplyMessageService - msgType:event
2017-11-09 10:10:17.026 [http-apr-8080-exec-2] INFO  com.ray.weixin.qy.service.message.reply.ReplyMessageService - Event:LOCATION  eventKey:null
2017-11-09 10:10:21.993 [http-apr-8080-exec-3] INFO  com.ray.weixin.qy.controller.WeiXinServlet - post--------------
2017-11-09 10:10:21.993 [http-apr-8080-exec-3] INFO  com.ray.weixin.qy.service.message.reply.ReplyMessageService - parms:{"msg_signature":["4eb689266d474cbd462ce036e508652f7ae79ebe"],"timestamp":["1510193421"],"nonce":["1507414377"]}
2017-11-09 10:10:21.994 [http-apr-8080-exec-3] INFO  com.ray.weixin.qy.service.message.reply.ReplyMessageService - postData:<xml><ToUserName><![CDATA[ww92f5da92bb24696e]]></ToUserName><Encrypt><![CDATA[xjoca00MDXbRnlf73QInyKG/hH8dmIY6UNeM3iRb2u4m79q+81avkABcwsl+4m3v8s54704JDnnZB4WTJxqh8L8Kkf5JMXBujfJxsq9cfxW9XUcK6iAIONoLBpriqbNiX2FMowisRIKXWdZBY5Ms9kRnIbLVs37LKQbbkPENafI66S59HEe1mer8MtTSY7tjYkTY4FnwRSiNPsdsiMxofMD+rAy9EXsDTinUtln/2qZneuYdBLFqpd8x7G0/I/0ifBa76NEHNig1b0M0YPMaXbPSn+qaq358TvkRpSKG3PlpTNBo223X+73p86ohDPtnb8PLi3Kj+fjYY4Q+m0JzaTNl8Ut97srZmvYKnyPxD1X7StdUG0N6j25nPV+PJOhK30mDuFkneRjD3DTDHgC9gRIPX8QialUxB/pzaCK2CAt5wfEuWae/EkTiysrBbVgGBgOeWY5xyLFr0mzbtEtKJKMXrC3iMJ+OfoDrjt7Yk9VVtBoLFiVwY7ceRRdRxUF+]]></Encrypt><AgentID><![CDATA[1000002]]></AgentID></xml>
2017-11-09 10:10:21.995 [http-apr-8080-exec-3] INFO  com.ray.weixin.qy.service.message.reply.ReplyMessageService - reply_xmlMsg:<xml><ToUserName><![CDATA[ww92f5da92bb24696e]]></ToUserName><FromUserName><![CDATA[ShiRui]]></FromUserName><CreateTime>1510193421</CreateTime><MsgType><![CDATA[event]]></MsgType><AgentID>1000002</AgentID><Event><![CDATA[LOCATION]]></Event><Latitude>31.1676</Latitude><Longitude>121.156</Longitude><Precision>15</Precision></xml>
2017-11-09 10:10:21.996 [http-apr-8080-exec-3] INFO  com.ray.weixin.qy.service.message.reply.ReplyMessageService - fromUserName:ShiRui
2017-11-09 10:10:21.997 [http-apr-8080-exec-3] INFO  com.ray.weixin.qy.service.message.reply.ReplyMessageService - toUserName:ww92f5da92bb24696e
2017-11-09 10:10:21.997 [http-apr-8080-exec-3] INFO  com.ray.weixin.qy.service.message.reply.ReplyMessageService - msgType:event
2017-11-09 10:10:21.997 [http-apr-8080-exec-3] INFO  com.ray.weixin.qy.service.message.reply.ReplyMessageService - Event:LOCATION  eventKey:null
2017-11-09 10:10:27.126 [http-apr-8080-exec-7] INFO  com.ray.weixin.qy.controller.WeiXinServlet - post--------------
2017-11-09 10:10:27.127 [http-apr-8080-exec-7] INFO  com.ray.weixin.qy.service.message.reply.ReplyMessageService - parms:{"msg_signature":["348bef54bce9febdfe28e47d1d188a52704f1554"],"timestamp":["1510193426"],"nonce":["468610967"]}
2017-11-09 10:10:27.127 [http-apr-8080-exec-7] INFO  com.ray.weixin.qy.service.message.reply.ReplyMessageService - postData:<xml><ToUserName><![CDATA[ww92f5da92bb24696e]]></ToUserName><Encrypt><![CDATA[Mc5QddvhuxEAL6fOQ2lfotG2dEhCWwZFwHPYV5gS8T0HxoPocFE02r31aUAvtG1sPkCttZ2umjq8OYhgB7b7WGkAqwI6L6d3H7/Vd9+sZxKts3ESGeywl1f8fazNCIssT+GsjODSZiwobHi2Ky1GYh7g5mGPYhVNK5n3Z6cIktxGUyXVTolAYwpp7btpgOUw7PaWQMoWiXGO4FhpLJ2bTX0Cfc7HLEtPPiHQWJ3OclT2sjn08L+Y6BosZjTPqsRfp/IC3WOwXUPURNunFz60iBcjaAioXukc9+BLhTDFMwNUZ0bWBuVw+bJHk9LAffZM3xuiQYxQM5goIvRuo97aQ9gNkpaytAm74mfbUP70vWW45IuFoVqfgaYOw7HWpMvxt6k/BLtcyMQr/jHLIiRcRGD0m5nOfJsFSc+tWWLg/mHwx4QJDNXKWlA+OLInLZJFVcrdu/BZ/jcNXhYbjvAUey5DDh035Jq+i8yYHQjU5PVXP4qzZkBtcRZq5Lm1K5tF]]></Encrypt><AgentID><![CDATA[1000002]]></AgentID></xml>
2017-11-09 10:10:27.131 [http-apr-8080-exec-7] INFO  com.ray.weixin.qy.service.message.reply.ReplyMessageService - reply_xmlMsg:<xml><ToUserName><![CDATA[ww92f5da92bb24696e]]></ToUserName><FromUserName><![CDATA[ShiRui]]></FromUserName><CreateTime>1510193426</CreateTime><MsgType><![CDATA[event]]></MsgType><AgentID>1000002</AgentID><Event><![CDATA[LOCATION]]></Event><Latitude>31.1676</Latitude><Longitude>121.156</Longitude><Precision>15</Precision></xml>
2017-11-09 10:10:27.135 [http-apr-8080-exec-7] INFO  com.ray.weixin.qy.service.message.reply.ReplyMessageService - fromUserName:ShiRui
2017-11-09 10:10:27.136 [http-apr-8080-exec-7] INFO  com.ray.weixin.qy.service.message.reply.ReplyMessageService - toUserName:ww92f5da92bb24696e
2017-11-09 10:10:27.136 [http-apr-8080-exec-7] INFO  com.ray.weixin.qy.service.message.reply.ReplyMessageService - msgType:event
2017-11-09 10:10:27.136 [http-apr-8080-exec-7] INFO  com.ray.weixin.qy.service.message.reply.ReplyMessageService - Event:LOCATION  eventKey:null
2017-11-09 10:10:32.091 [http-apr-8080-exec-8] INFO  com.ray.weixin.qy.controller.WeiXinServlet - post--------------
2017-11-09 10:10:32.091 [http-apr-8080-exec-8] INFO  com.ray.weixin.qy.service.message.reply.ReplyMessageService - parms:{"msg_signature":["7a9ea3913c752e3bd202debf21062231a5987753"],"timestamp":["1510193431"],"nonce":["1365979501"]}
2017-11-09 10:10:32.091 [http-apr-8080-exec-8] INFO  com.ray.weixin.qy.service.message.reply.ReplyMessageService - postData:<xml><ToUserName><![CDATA[ww92f5da92bb24696e]]></ToUserName><Encrypt><![CDATA[/xqhmWpTAU0bP8l+UpLm16Ia29n47GxW7L7VevoGRnEkn/tYWJAKhAlzqiUfrWwSL+zikAzxeSztbfrfZjZsUFP+AKjFi41V4Wih0iXELeh0EOsjUuk15NGWpA/TbD5FV/p2vQdA+ZJHThbsVGCbfi7oILTJY0IwrXMMj4ipcXBpBDcHxGU3UuYdOUfHEVbEdnrrGzO2nKQVYQKn6+duOU8xdmyPUdVsZCwPWX619OK9GRpRYpaijqmuvZiYq8SFRtaQCG4+UEF4V0L+8ao4KUz0MFa8XOhBQVEeoYKPTkjZplcGLS4618txEcKzSMKT3T8AIUTQy9q+BoHdDx8GRpjmgwKm28u57n+Jv1AEgENXeh23WIxQrb5/fYKjSvuWygTqoJFLULK+is/Ko1ljHJmlYf8kVxFRA8A12bSTFjKRtc6HAPEjbdiTallP5fIc9Tua70/AbvAC5LAeaMhh9+E7aQ8aK0Vu43wIrQ6CKxUHbwDEbDZWaHMG61su/xLi]]></Encrypt><AgentID><![CDATA[1000002]]></AgentID></xml>
2017-11-09 10:10:32.093 [http-apr-8080-exec-8] INFO  com.ray.weixin.qy.service.message.reply.ReplyMessageService - reply_xmlMsg:<xml><ToUserName><![CDATA[ww92f5da92bb24696e]]></ToUserName><FromUserName><![CDATA[ShiRui]]></FromUserName><CreateTime>1510193431</CreateTime><MsgType><![CDATA[event]]></MsgType><AgentID>1000002</AgentID><Event><![CDATA[LOCATION]]></Event><Latitude>31.1676</Latitude><Longitude>121.156</Longitude><Precision>15</Precision></xml>
2017-11-09 10:10:32.094 [http-apr-8080-exec-8] INFO  com.ray.weixin.qy.service.message.reply.ReplyMessageService - fromUserName:ShiRui
2017-11-09 10:10:32.094 [http-apr-8080-exec-8] INFO  com.ray.weixin.qy.service.message.reply.ReplyMessageService - toUserName:ww92f5da92bb24696e
2017-11-09 10:10:32.094 [http-apr-8080-exec-8] INFO  com.ray.weixin.qy.service.message.reply.ReplyMessageService - msgType:event
2017-11-09 10:10:32.094 [http-apr-8080-exec-8] INFO  com.ray.weixin.qy.service.message.reply.ReplyMessageService - Event:LOCATION  eventKey:null
2017-11-09 10:10:37.212 [http-apr-8080-exec-1] INFO  com.ray.weixin.qy.controller.WeiXinServlet - post--------------
2017-11-09 10:10:37.212 [http-apr-8080-exec-1] INFO  com.ray.weixin.qy.service.message.reply.ReplyMessageService - parms:{"msg_signature":["0efecac6b8b83f3af9a3b29b840bee6ef00b7126"],"timestamp":["1510193436"],"nonce":["355766873"]}
2017-11-09 10:10:37.212 [http-apr-8080-exec-1] INFO  com.ray.weixin.qy.service.message.reply.ReplyMessageService - postData:<xml><ToUserName><![CDATA[ww92f5da92bb24696e]]></ToUserName><Encrypt><![CDATA[iQAN21+2QgzRUx/mvXXNyAwJB7kY9SZNORAoW384q5nX0oKjChFdoHjHimv7DdnNwsuB9r7O4d1CViuYphTAwfwwd9GVH4itmrMxhp5ddP9kvB8ZLfn+933NOTytY+JUIFvWpIhMo8Ks6u/YB6qT2zqhY147EbEs5pVIj2V0yoh+MeCWCfBVgQO6pj7h2XMzn+LeNQ2oIieKSJxv707XACr00E5kGN3YVo0BwGKzpIZxebgm/QMIpJqZyCwoTtOcbYV0gTqsuFV3M5jWFion8oke4q5drIvXu2FBqaMiPgSk0Va97EVBE6Xtf02cedN4GxKqFc72X8A3VftxDva18oiURBv0AaKMEITm3f60ykaJRVnTOiOPGV55FAE2PVx9VPqeqTs8HBNVegqhd3CEf5opV/WtWqDYbDFn7/cE2tMZYiyv/US9XdyQA0eFcfuvyjA1ZeDi4LqzmRzjj80grXLDZLgS/KD4fI3YvBQ83dCP1vh5bNFju7cZQ8Wh3299]]></Encrypt><AgentID><![CDATA[1000002]]></AgentID></xml>
2017-11-09 10:10:37.213 [http-apr-8080-exec-1] INFO  com.ray.weixin.qy.service.message.reply.ReplyMessageService - reply_xmlMsg:<xml><ToUserName><![CDATA[ww92f5da92bb24696e]]></ToUserName><FromUserName><![CDATA[ShiRui]]></FromUserName><CreateTime>1510193436</CreateTime><MsgType><![CDATA[event]]></MsgType><AgentID>1000002</AgentID><Event><![CDATA[LOCATION]]></Event><Latitude>31.1676</Latitude><Longitude>121.156</Longitude><Precision>15</Precision></xml>
2017-11-09 10:10:37.214 [http-apr-8080-exec-1] INFO  com.ray.weixin.qy.service.message.reply.ReplyMessageService - fromUserName:ShiRui
2017-11-09 10:10:37.214 [http-apr-8080-exec-1] INFO  com.ray.weixin.qy.service.message.reply.ReplyMessageService - toUserName:ww92f5da92bb24696e
2017-11-09 10:10:37.214 [http-apr-8080-exec-1] INFO  com.ray.weixin.qy.service.message.reply.ReplyMessageService - msgType:event
2017-11-09 10:10:37.214 [http-apr-8080-exec-1] INFO  com.ray.weixin.qy.service.message.reply.ReplyMessageService - Event:LOCATION  eventKey:null
2017-11-09 10:10:42.095 [http-apr-8080-exec-2] INFO  com.ray.weixin.qy.controller.WeiXinServlet - post--------------
2017-11-09 10:10:42.096 [http-apr-8080-exec-2] INFO  com.ray.weixin.qy.service.message.reply.ReplyMessageService - parms:{"msg_signature":["465323c254452cae536004ed6cb49e85d3b7e53b"],"timestamp":["1510193441"],"nonce":["2070742719"]}
2017-11-09 10:10:42.096 [http-apr-8080-exec-2] INFO  com.ray.weixin.qy.service.message.reply.ReplyMessageService - postData:<xml><ToUserName><![CDATA[ww92f5da92bb24696e]]></ToUserName><Encrypt><![CDATA[Zd38PPwJL4zW3DeFn/mjDGPpAFuKT51xqbDIhIFRfPW3utN+lplYDTO8uUJ1lAeyMziJP6QiodUU4OKCYsVHYB0M3zFPuKJqrbCQYhxaZpBzfXMphjNCoeoXYd51N72c5wg+H57wKtkIbcFnE54ISik1Zxx0NhR148/6yxZeymGerj8h4zIkzjnRgTsSgVsLbf7b3QHy21VqG0Q5dF2KijRTb3fw9vSVA7a8RylDyCR6uHkMUkMzrDdqfYMsDh/dp0Rp6mnEninFYisC8AxMu5X59yWxgbdBBfzlWtqLm+1ra/YmFn2nBIF7iJz/LSMNPPqJsxX8RvYyXjwRBDX2TuPpZIfwYLn9gILaIBn7jmn/8SzL5SDK6I7wFGsqj3+cLbc+dlJqp5h7umglkjUSiN921bTE3hcjpuaXgaRD9U3Uy0HgPeKPgTmUsqvMfGCv9TWcJCStkDp6YzC00yapTl5nGUgF/EVUqBGYJtjUzDgPrfK+g1NJTQ4W6VhSFlAx]]></Encrypt><AgentID><![CDATA[1000002]]></AgentID></xml>
2017-11-09 10:10:42.097 [http-apr-8080-exec-2] INFO  com.ray.weixin.qy.service.message.reply.ReplyMessageService - reply_xmlMsg:<xml><ToUserName><![CDATA[ww92f5da92bb24696e]]></ToUserName><FromUserName><![CDATA[ShiRui]]></FromUserName><CreateTime>1510193441</CreateTime><MsgType><![CDATA[event]]></MsgType><AgentID>1000002</AgentID><Event><![CDATA[LOCATION]]></Event><Latitude>31.1676</Latitude><Longitude>121.156</Longitude><Precision>15</Precision></xml>
2017-11-09 10:10:42.097 [http-apr-8080-exec-2] INFO  com.ray.weixin.qy.service.message.reply.ReplyMessageService - fromUserName:ShiRui
2017-11-09 10:10:42.098 [http-apr-8080-exec-2] INFO  com.ray.weixin.qy.service.message.reply.ReplyMessageService - toUserName:ww92f5da92bb24696e
2017-11-09 10:10:42.098 [http-apr-8080-exec-2] INFO  com.ray.weixin.qy.service.message.reply.ReplyMessageService - msgType:event
2017-11-09 10:10:42.098 [http-apr-8080-exec-2] INFO  com.ray.weixin.qy.service.message.reply.ReplyMessageService - Event:LOCATION  eventKey:null
2017-11-09 10:10:47.147 [http-apr-8080-exec-3] INFO  com.ray.weixin.qy.controller.WeiXinServlet - post--------------
2017-11-09 10:10:47.148 [http-apr-8080-exec-3] INFO  com.ray.weixin.qy.service.message.reply.ReplyMessageService - parms:{"msg_signature":["3f11d115cd692e633462d90c73b79951b010f76a"],"timestamp":["1510193446"],"nonce":["293179235"]}
2017-11-09 10:10:47.148 [http-apr-8080-exec-3] INFO  com.ray.weixin.qy.service.message.reply.ReplyMessageService - postData:<xml><ToUserName><![CDATA[ww92f5da92bb24696e]]></ToUserName><Encrypt><![CDATA[y7U/8cJ2F+DH42iH59QFvYscItvIEYoJUkdYJYhjJhI2eFLB/1cIboBihu6UcJvOubHjfZP7EKP8qT6/NcLCME1M3GSIuGKhdt0RzzEMcl4Pf3dBiW5cydpvRgecggGqiyGJEzzC546q0ysJTKOaZoleXAvxuXuc4yfoF1FBMOh5KjQ3vfcxn0XzM7enXP3ZgSyOC3tOh60I6QrO+4jYhmhmC5sGbJeo3URYKRwRDc+8Iqh/YjyashK0yISqlJw4ZJwxP6qMEmkeC0LcuT2MAw4jbQ0Faq9OmPT8MrrU+K9YaxRpiRQYp3FXTrLiK2d2YByIpIeTTPUNm22dPLLM1abp+vUJrZigZl05qRU47FuSLpxRihA6yqQnEZDq6Drd0pc2WD9X4c1yrFupua9mI0U+Dy5HtB0VgJKhvocGGIsJ0efWbC0FCarrd1olRDFeXkHSPOAHd2qtbHHGoLM6J+8vXQhtwLdtxJh9KJMzLwJqPxqXPTB2ed3g8M3x1O1d]]></Encrypt><AgentID><![CDATA[1000002]]></AgentID></xml>
2017-11-09 10:10:47.151 [http-apr-8080-exec-3] INFO  com.ray.weixin.qy.service.message.reply.ReplyMessageService - reply_xmlMsg:<xml><ToUserName><![CDATA[ww92f5da92bb24696e]]></ToUserName><FromUserName><![CDATA[ShiRui]]></FromUserName><CreateTime>1510193446</CreateTime><MsgType><![CDATA[event]]></MsgType><AgentID>1000002</AgentID><Event><![CDATA[LOCATION]]></Event><Latitude>31.1676</Latitude><Longitude>121.156</Longitude><Precision>15</Precision></xml>
2017-11-09 10:10:47.154 [http-apr-8080-exec-3] INFO  com.ray.weixin.qy.service.message.reply.ReplyMessageService - fromUserName:ShiRui
2017-11-09 10:10:47.154 [http-apr-8080-exec-3] INFO  com.ray.weixin.qy.service.message.reply.ReplyMessageService - toUserName:ww92f5da92bb24696e
2017-11-09 10:10:47.154 [http-apr-8080-exec-3] INFO  com.ray.weixin.qy.service.message.reply.ReplyMessageService - msgType:event
2017-11-09 10:10:47.154 [http-apr-8080-exec-3] INFO  com.ray.weixin.qy.service.message.reply.ReplyMessageService - Event:LOCATION  eventKey:null
2017-11-09 10:10:52.197 [http-apr-8080-exec-7] INFO  com.ray.weixin.qy.controller.WeiXinServlet - post--------------
2017-11-09 10:10:52.198 [http-apr-8080-exec-7] INFO  com.ray.weixin.qy.service.message.reply.ReplyMessageService - parms:{"msg_signature":["11f4cfd11908b4befd4c0ed64f8caf30d61ca9db"],"timestamp":["1510193451"],"nonce":["2047009112"]}
2017-11-09 10:10:52.200 [http-apr-8080-exec-7] INFO  com.ray.weixin.qy.service.message.reply.ReplyMessageService - postData:<xml><ToUserName><![CDATA[ww92f5da92bb24696e]]></ToUserName><Encrypt><![CDATA[LY9zvSPmLMWljk7eNWngG5hILIEclkKlp4l8GA2M2QmgJAklUhLR4i7DWNvWZMjet8WLWgjt4axrd6F/NXJkzG/OX+3cxmyzMoeNyf1hRDf3opGB8VkBmuLDdz2hPpqAn2ccb0c32FPktbaubrfw8lOPROerFMcbltxdznjRn2I1MtF1UkINFG8nMy7RE8bufa/lb+xZ3bd5vtV/2Z1yUMc6qaVBmrHtzcIhZGShTUggh0dGOWxIWo3EYPhdr0S5zNlm1GynXVxFTYQfGM57nOWjhU0MkrAmpHfHV9zVakltadptVdvod6Glr/aiBemtJ2X/Ps30WZXhzgKQ7GhRgqIjyEkJrNJqHFogZllHU40UJHe5/EjIhcF4FzvJnU8blXDyf8LtZsNErvoZqPQP8TJMKMQKcycEpX0dgYsCnFZNq/I+lIbOTRYDrxSVDbqQqd3pYF9fHlnLQR+tw6VyCfhbvN1qdexw7uuGLMfvUGyZMy2+n9k5c2x57CerDhds]]></Encrypt><AgentID><![CDATA[1000002]]></AgentID></xml>
2017-11-09 10:10:52.204 [http-apr-8080-exec-7] INFO  com.ray.weixin.qy.service.message.reply.ReplyMessageService - reply_xmlMsg:<xml><ToUserName><![CDATA[ww92f5da92bb24696e]]></ToUserName><FromUserName><![CDATA[ShiRui]]></FromUserName><CreateTime>1510193451</CreateTime><MsgType><![CDATA[event]]></MsgType><AgentID>1000002</AgentID><Event><![CDATA[LOCATION]]></Event><Latitude>31.1676</Latitude><Longitude>121.156</Longitude><Precision>15</Precision></xml>
2017-11-09 10:10:52.209 [http-apr-8080-exec-7] INFO  com.ray.weixin.qy.service.message.reply.ReplyMessageService - fromUserName:ShiRui
2017-11-09 10:10:52.209 [http-apr-8080-exec-7] INFO  com.ray.weixin.qy.service.message.reply.ReplyMessageService - toUserName:ww92f5da92bb24696e
2017-11-09 10:10:52.209 [http-apr-8080-exec-7] INFO  com.ray.weixin.qy.service.message.reply.ReplyMessageService - msgType:event
2017-11-09 10:10:52.209 [http-apr-8080-exec-7] INFO  com.ray.weixin.qy.service.message.reply.ReplyMessageService - Event:LOCATION  eventKey:null
2017-11-09 10:10:57.166 [http-apr-8080-exec-8] INFO  com.ray.weixin.qy.controller.WeiXinServlet - post--------------
2017-11-09 10:10:57.166 [http-apr-8080-exec-8] INFO  com.ray.weixin.qy.service.message.reply.ReplyMessageService - parms:{"msg_signature":["fd6aa8a227a01d1b13f106fa259460cec36972e7"],"timestamp":["1510193456"],"nonce":["1999969927"]}
2017-11-09 10:10:57.167 [http-apr-8080-exec-8] INFO  com.ray.weixin.qy.service.message.reply.ReplyMessageService - postData:<xml><ToUserName><![CDATA[ww92f5da92bb24696e]]></ToUserName><Encrypt><![CDATA[WHVxzB7NdkYYKBUNvpLdsNz0mTomei8+PurxZ8Ur/y+hzeqVPUN3MTbj5ur4S1pItFHY5zwQ/gRNsSBkh12QykJxda7XxgWieuGb/tHZfR+t9Tr8VA3WO/60KugzKS3Mvhv7t/KG7bEPORoJlXefFcfDJ5fBNVm8QJ3qaWo3y36xKbNyzhTzHVlCJk14e9zYnSnX0oti+2epCOCWRLMIcrBwqQOBaKJyQgafbkQmLvLqCdtSnknq7l2WcE88/Ty7Di7kNtV669WouEVWkyLsGV35Gj3OS8yL6ikz7gbUo6yLuE8SDs2PmTuVzB8h2JYa+0xamUNo6osOztIFnRTaZYVRqYItSb7x1WRU7AGqaOOHajF/QCmUBSS/Uj4AOVww/rq8aRnLJU7BB6vKrj3hNV7Npzjyzo/gtPHJ5JfE/zTXgb+pbARsfpUnQH4xiZDpslbeHSFEL8uiNLbPjtcH/mhKpINvoHl6gtID9WtsfJfrTacRHcT+IHu9/y7WJmKG]]></Encrypt><AgentID><![CDATA[1000002]]></AgentID></xml>
2017-11-09 10:10:57.170 [http-apr-8080-exec-8] INFO  com.ray.weixin.qy.service.message.reply.ReplyMessageService - reply_xmlMsg:<xml><ToUserName><![CDATA[ww92f5da92bb24696e]]></ToUserName><FromUserName><![CDATA[ShiRui]]></FromUserName><CreateTime>1510193456</CreateTime><MsgType><![CDATA[event]]></MsgType><AgentID>1000002</AgentID><Event><![CDATA[LOCATION]]></Event><Latitude>31.1676</Latitude><Longitude>121.156</Longitude><Precision>15</Precision></xml>
2017-11-09 10:10:57.173 [http-apr-8080-exec-8] INFO  com.ray.weixin.qy.service.message.reply.ReplyMessageService - fromUserName:ShiRui
2017-11-09 10:10:57.173 [http-apr-8080-exec-8] INFO  com.ray.weixin.qy.service.message.reply.ReplyMessageService - toUserName:ww92f5da92bb24696e
2017-11-09 10:10:57.173 [http-apr-8080-exec-8] INFO  com.ray.weixin.qy.service.message.reply.ReplyMessageService - msgType:event
2017-11-09 10:10:57.173 [http-apr-8080-exec-8] INFO  com.ray.weixin.qy.service.message.reply.ReplyMessageService - Event:LOCATION  eventKey:null
