2017-11-08 19:46:02.105 [http-apr-8080-exec-73] INFO  com.ray.weixin.qy.controller.WeiXinServlet - post--------------
2017-11-08 19:46:02.116 [http-apr-8080-exec-73] INFO  com.ray.weixin.qy.service.message.reply.ReplyMessageService - parms:{"msg_signature":["12ae292a1b32ced4b9ae82315786433047b4c297"],"timestamp":["1510141561"],"nonce":["1723656667"]}
2017-11-08 19:46:02.116 [http-apr-8080-exec-73] INFO  com.ray.weixin.qy.service.message.reply.ReplyMessageService - postData:<xml><ToUserName><![CDATA[ww92f5da92bb24696e]]></ToUserName><Encrypt><![CDATA[waWLDXrrDoyqGvZioFvF8jLG+2UIw9cCyutStLjKa4xGpcxETQO4FG46/2B2EjebCStTg8hs0G0aszksGN3uXAsJOmKFTy4HeTLEdioQ8oTHAe3WEmjhQIuGGtQ3SEnfAFmkm7SZAZQl5FEqOnla3MHNQkip9oRzZs5F+p62oXY/iQK+cJzSeUPIgTOvOXTOTLUnx1LiNL5BrLPKb2YYrkwwIFA6OGAZOMR43RVYF7g1JNeB50zh+XP0HqgkW7l74l0DGdr2g5ZDAp+hSt4MEcq9j/5UKdKFTa/kUyyYTgslZFzWhGnxXNpAAjKcjtXtA4Sp90oCvQAE9sv8laW27WmbMiTtpU5PHkY0ah2eLosXXuIAHrDicFQc4/FZuHkUo9OXwx2UYEwcmDwtOFRuRnxeR84JYOL3FX4eJI5Dp1ZM42z6nFX/WF7oKOivObOJA/WxQYohLIU9dkFyAW/iQ14iiPLpqTEr6TJeDbx2pR8z+uNJzBKzew1mHWqybS10]]></Encrypt><AgentID><![CDATA[1000002]]></AgentID></xml>
2017-11-08 19:46:02.119 [http-apr-8080-exec-73] INFO  com.ray.weixin.qy.service.message.reply.ReplyMessageService - reply_xmlMsg:<xml><ToUserName><![CDATA[ww92f5da92bb24696e]]></ToUserName><FromUserName><![CDATA[ShiRui]]></FromUserName><CreateTime>1510141561</CreateTime><MsgType><![CDATA[event]]></MsgType><AgentID>1000002</AgentID><Event><![CDATA[LOCATION]]></Event><Latitude>31.1676</Latitude><Longitude>121.156</Longitude><Precision>15</Precision></xml>
2017-11-08 19:46:02.121 [http-apr-8080-exec-73] INFO  com.ray.weixin.qy.service.message.reply.ReplyMessageService - fromUserName:ShiRui
2017-11-08 19:46:02.121 [http-apr-8080-exec-73] INFO  com.ray.weixin.qy.service.message.reply.ReplyMessageService - toUserName:ww92f5da92bb24696e
2017-11-08 19:46:02.121 [http-apr-8080-exec-73] INFO  com.ray.weixin.qy.service.message.reply.ReplyMessageService - msgType:event
2017-11-08 19:46:02.121 [http-apr-8080-exec-73] INFO  com.ray.weixin.qy.service.message.reply.ReplyMessageService - Event:LOCATION  eventKey:null
2017-11-08 19:46:07.036 [http-apr-8080-exec-72] INFO  com.ray.weixin.qy.controller.WeiXinServlet - post--------------
2017-11-08 19:46:07.037 [http-apr-8080-exec-72] INFO  com.ray.weixin.qy.service.message.reply.ReplyMessageService - parms:{"msg_signature":["fae0242650aa14d0af197b3ddd0c940d2c303ded"],"timestamp":["1510141566"],"nonce":["632120266"]}
2017-11-08 19:46:07.038 [http-apr-8080-exec-72] INFO  com.ray.weixin.qy.service.message.reply.ReplyMessageService - postData:<xml><ToUserName><![CDATA[ww92f5da92bb24696e]]></ToUserName><Encrypt><![CDATA[FY80/cDXyYC2D1kk+7aIMDty+QR15oLzv0bC40IVbTYCiwl83YYqy4kj7SHPT98ucVG07inGXCMKCVFpfSAymd/Mlo0cqT+3HHrT3QivAt5zStZNzDCZE9As90tYrWcjS3tuI7vXSy+xvctv1mI0WpRvp+tYrYMMzEDxKkvWFl5qc3SbE7UjqdtpTTRIXUWq1vxVS9N4/+9DFkHqMIty1vJzdOwRiyTNEX56TLzhVphzKHUhEzFjcHulhoCG5KhIWf9qNom9xsbg4ifHB0oVyKVIui8l14z0r2eE1XpXIcX881h9m1loVjO91iyehkg1p4SqWcbIglC3VA46zgjQ196FvOgWPJTH3x03t5d3f3JMrAKbfRacnmqTu6uU/WL2XiYdW0h6iBH7UT3N6OPbsApJXoXlkrVFJWV6OAqeNO50Daj57Qa47ps62Hy4/3GCDt7iv0hpf290yiukk2pqf9et5R5SP5tGulv/Nc6lkFd3hNLr3SF/TCufFNnEh4NS]]></Encrypt><AgentID><![CDATA[1000002]]></AgentID></xml>
2017-11-08 19:46:07.043 [http-apr-8080-exec-72] INFO  com.ray.weixin.qy.service.message.reply.ReplyMessageService - reply_xmlMsg:<xml><ToUserName><![CDATA[ww92f5da92bb24696e]]></ToUserName><FromUserName><![CDATA[ShiRui]]></FromUserName><CreateTime>1510141566</CreateTime><MsgType><![CDATA[event]]></MsgType><AgentID>1000002</AgentID><Event><![CDATA[LOCATION]]></Event><Latitude>31.1676</Latitude><Longitude>121.156</Longitude><Precision>15</Precision></xml>
2017-11-08 19:46:07.046 [http-apr-8080-exec-72] INFO  com.ray.weixin.qy.service.message.reply.ReplyMessageService - fromUserName:ShiRui
2017-11-08 19:46:07.046 [http-apr-8080-exec-72] INFO  com.ray.weixin.qy.service.message.reply.ReplyMessageService - toUserName:ww92f5da92bb24696e
2017-11-08 19:46:07.047 [http-apr-8080-exec-72] INFO  com.ray.weixin.qy.service.message.reply.ReplyMessageService - msgType:event
2017-11-08 19:46:07.047 [http-apr-8080-exec-72] INFO  com.ray.weixin.qy.service.message.reply.ReplyMessageService - Event:LOCATION  eventKey:null
2017-11-08 19:46:12.085 [http-apr-8080-exec-76] INFO  com.ray.weixin.qy.controller.WeiXinServlet - post--------------
2017-11-08 19:46:12.086 [http-apr-8080-exec-76] INFO  com.ray.weixin.qy.service.message.reply.ReplyMessageService - parms:{"msg_signature":["ade325095f260c4a2d24b1d5970e70912c579f79"],"timestamp":["1510141571"],"nonce":["187603794"]}
2017-11-08 19:46:12.087 [http-apr-8080-exec-76] INFO  com.ray.weixin.qy.service.message.reply.ReplyMessageService - postData:<xml><ToUserName><![CDATA[ww92f5da92bb24696e]]></ToUserName><Encrypt><![CDATA[ZoqCvCKgWWGbtD5/egy0yd+qz77jd5CgiF8FHGlwzoHBJQq0UTdQ91QeutCxEcL+YuJ0jN+msOqeEv5qXTIuAd7+rCvCdSXjeZRyf14JnRorn4rDXpgZ+TTuB8bg487LAFFjnUEeEl5fnxYXY+2+SVTQoq03r/A8KlfEriWhqAVBB45Ok56T3Ep3y3cWGvNWOmmvnBb7yRYU99kz4uvxWeTQPwXTJYL9NL1MpHq6FvIHZWa2/5SYw69PWAyg9T/Nbui7HxgOGmxUJ6mw3vtm6FTt8Vx0h6QGFNnOPgYrB0R88fvAtNNRtcxYQfAwaStnODDBg6kGa4iayI6O9Pyv+p9xOuEy7/hVBwvkMuMjqK5Sp8v7eO1URvKm3Bxcj6ScmzKV1Md7kny2Y5vAiBpqSmQ6EuP1dKLmgxlzbOAybGqJI3nFbjb3Ihdl6Q9r6/I2X9+jYC0KvRG3GkQ/0DTX5d0rdrU7JlL4jUPCtOn5/sgbbzOePQJWk4zG/RkZKei4]]></Encrypt><AgentID><![CDATA[1000002]]></AgentID></xml>
2017-11-08 19:46:12.091 [http-apr-8080-exec-76] INFO  com.ray.weixin.qy.service.message.reply.ReplyMessageService - reply_xmlMsg:<xml><ToUserName><![CDATA[ww92f5da92bb24696e]]></ToUserName><FromUserName><![CDATA[ShiRui]]></FromUserName><CreateTime>1510141571</CreateTime><MsgType><![CDATA[event]]></MsgType><AgentID>1000002</AgentID><Event><![CDATA[LOCATION]]></Event><Latitude>31.1676</Latitude><Longitude>121.156</Longitude><Precision>15</Precision></xml>
2017-11-08 19:46:12.094 [http-apr-8080-exec-76] INFO  com.ray.weixin.qy.service.message.reply.ReplyMessageService - fromUserName:ShiRui
2017-11-08 19:46:12.094 [http-apr-8080-exec-76] INFO  com.ray.weixin.qy.service.message.reply.ReplyMessageService - toUserName:ww92f5da92bb24696e
2017-11-08 19:46:12.094 [http-apr-8080-exec-76] INFO  com.ray.weixin.qy.service.message.reply.ReplyMessageService - msgType:event
2017-11-08 19:46:12.094 [http-apr-8080-exec-76] INFO  com.ray.weixin.qy.service.message.reply.ReplyMessageService - Event:LOCATION  eventKey:null
2017-11-08 19:46:17.104 [http-apr-8080-exec-77] INFO  com.ray.weixin.qy.controller.WeiXinServlet - post--------------
2017-11-08 19:46:17.105 [http-apr-8080-exec-77] INFO  com.ray.weixin.qy.service.message.reply.ReplyMessageService - parms:{"msg_signature":["c7505ad39789a39e437a6da7927b35b3051ade32"],"timestamp":["1510141576"],"nonce":["1079564829"]}
2017-11-08 19:46:17.106 [http-apr-8080-exec-77] INFO  com.ray.weixin.qy.service.message.reply.ReplyMessageService - postData:<xml><ToUserName><![CDATA[ww92f5da92bb24696e]]></ToUserName><Encrypt><![CDATA[1YmDoys4cwN/ys5rxKUfK/s0ZucBsGENqKOs+QJO45/9zZQrV34a1DUJpAI69BLpVIa9McS+YiO04ZdXeMUxiUZVrerPNbn0PX8d6MxyYDQUmHVE3LAdL2fhBnMyTWzNYktQTyHRRRmQTgKJGYBmVTcDPPkx0vKF04JdDdGoOZ83P0mbFTg32NQSr7tVCpgc9I271im5E8v1qfaOlZcjZxVkigo8QGyzVOEFxzClaPLPQ8j0vo1TuQWkrcv4PArcG2XoCh++55di+zYo+8Y0HIKz7gvbzdw/Nn7uUImwIInCCICohXVEP0XiZ4QGXXvpwfSwWZc7UP45f4W9NVpq5WzayVGxtEzIZ1u2MnTlN8+ZJpNFU2DXiTaHXuNeuyM9i2Qb/ZnAQETtE2DGb68O+1g8VjZZjnxufcwgquppyNwfeSw8ToYSzWyxOXjoPGL3M38KaF8Bn4xyYYez2+Z3+MEQMJQapNRHGr1Q/FvaNAtBGs1flcuPqMO+sUqSXOgG]]></Encrypt><AgentID><![CDATA[1000002]]></AgentID></xml>
2017-11-08 19:46:17.108 [http-apr-8080-exec-77] INFO  com.ray.weixin.qy.service.message.reply.ReplyMessageService - reply_xmlMsg:<xml><ToUserName><![CDATA[ww92f5da92bb24696e]]></ToUserName><FromUserName><![CDATA[ShiRui]]></FromUserName><CreateTime>1510141576</CreateTime><MsgType><![CDATA[event]]></MsgType><AgentID>1000002</AgentID><Event><![CDATA[LOCATION]]></Event><Latitude>31.1676</Latitude><Longitude>121.156</Longitude><Precision>15</Precision></xml>
2017-11-08 19:46:17.109 [http-apr-8080-exec-77] INFO  com.ray.weixin.qy.service.message.reply.ReplyMessageService - fromUserName:ShiRui
2017-11-08 19:46:17.110 [http-apr-8080-exec-77] INFO  com.ray.weixin.qy.service.message.reply.ReplyMessageService - toUserName:ww92f5da92bb24696e
2017-11-08 19:46:17.110 [http-apr-8080-exec-77] INFO  com.ray.weixin.qy.service.message.reply.ReplyMessageService - msgType:event
2017-11-08 19:46:17.110 [http-apr-8080-exec-77] INFO  com.ray.weixin.qy.service.message.reply.ReplyMessageService - Event:LOCATION  eventKey:null
2017-11-08 19:46:22.039 [http-apr-8080-exec-70] INFO  com.ray.weixin.qy.controller.WeiXinServlet - post--------------
2017-11-08 19:46:22.043 [http-apr-8080-exec-70] INFO  com.ray.weixin.qy.service.message.reply.ReplyMessageService - parms:{"msg_signature":["bcc25df21c7531da920af1a42940265c20e7c6ad"],"timestamp":["1510141581"],"nonce":["1591899792"]}
2017-11-08 19:46:22.044 [http-apr-8080-exec-70] INFO  com.ray.weixin.qy.service.message.reply.ReplyMessageService - postData:<xml><ToUserName><![CDATA[ww92f5da92bb24696e]]></ToUserName><Encrypt><![CDATA[YVsoV/gaDPJbE2muzI2TgnOrl98e3qJm4W2VgpojTLgRiAqIrt+zzh3jIAd4mGkLWMH02glHUlYyJsmHBhPjpkC8OZqRYmihoViNTpjMkyHkpdNt9ac3mODchaqJ8yFx6KcpY8RyfMRuyDx7akdaLzZG+j14UQhFvhpqBK6Efw2PFGNNkQyrLjePcHqqW7zUZggi4sekNK6WYPM8iQ6fggAh4QRCSNjoY+Ymw+0/I8JlBV4iHHsKi/9cw/BU+LwBY9eu2mZ23wSSR/OxhJkSbMDMSXeB7ByBYmDQCodmlqFZEZUEF2e1rWymhBDEnm0ZP0yinIrMdWl9g/2XP5JZbTG0GLcfXZIFMrZnod57wGknQc27mGXPC4Ql7rBzPa83P50DvMR6Wi0478h5e/cJNh3qLgMFLcB9Q/5DV8LtNo68wUVacFIu+wBkAAe0g6yYbhruHNxE3VeQwsljYjaAFQqeyBR4gSzwYnB3yGEZsL/p5PkJCSpAlUdvh63AvVIb]]></Encrypt><AgentID><![CDATA[1000002]]></AgentID></xml>
2017-11-08 19:46:22.048 [http-apr-8080-exec-70] INFO  com.ray.weixin.qy.service.message.reply.ReplyMessageService - reply_xmlMsg:<xml><ToUserName><![CDATA[ww92f5da92bb24696e]]></ToUserName><FromUserName><![CDATA[ShiRui]]></FromUserName><CreateTime>1510141581</CreateTime><MsgType><![CDATA[event]]></MsgType><AgentID>1000002</AgentID><Event><![CDATA[LOCATION]]></Event><Latitude>31.1676</Latitude><Longitude>121.156</Longitude><Precision>15</Precision></xml>
2017-11-08 19:46:22.052 [http-apr-8080-exec-70] INFO  com.ray.weixin.qy.service.message.reply.ReplyMessageService - fromUserName:ShiRui
2017-11-08 19:46:22.052 [http-apr-8080-exec-70] INFO  com.ray.weixin.qy.service.message.reply.ReplyMessageService - toUserName:ww92f5da92bb24696e
2017-11-08 19:46:22.052 [http-apr-8080-exec-70] INFO  com.ray.weixin.qy.service.message.reply.ReplyMessageService - msgType:event
2017-11-08 19:46:22.052 [http-apr-8080-exec-70] INFO  com.ray.weixin.qy.service.message.reply.ReplyMessageService - Event:LOCATION  eventKey:null
2017-11-08 19:46:27.071 [http-apr-8080-exec-73] INFO  com.ray.weixin.qy.controller.WeiXinServlet - post--------------
2017-11-08 19:46:27.071 [http-apr-8080-exec-73] INFO  com.ray.weixin.qy.service.message.reply.ReplyMessageService - parms:{"msg_signature":["5a7ba7e2c67c74fba98aa0409e0ced1f19f8e200"],"timestamp":["1510141586"],"nonce":["421525818"]}
2017-11-08 19:46:27.072 [http-apr-8080-exec-73] INFO  com.ray.weixin.qy.service.message.reply.ReplyMessageService - postData:<xml><ToUserName><![CDATA[ww92f5da92bb24696e]]></ToUserName><Encrypt><![CDATA[MDcypII7OW0ZR5Qni6TdLr+LATcjFyK4Ahqmjgr+NuIcM6HpjI3w0dj0CRiuTqb3fSAO5TuGzeELQtji+3Xt2HjVTpENK1/6cSj8djeEn2AuKuk+FnSk+aMo4k3rmyhlJsusKpKlAH5koITeHzJ/rm17Ga8FX90/YiULMQ3f9ilFOOpI0jEEMbyRQMirZ/spyLIHfoSb2lfntPixm3RjbnmFnKYpd76di5VqkFO9EEjC8ARS2Fwp64y4DZC0EaFvfPuFRoUBdTgPUuD5wfXA8wEqK/Dj/6JXRfkg3yU1EIrMW4XCapl2MXCu0iK4sLjHPckKy8bh06bQnXr7pBm0FC9d3+r2OpdK8EZR8dic/8eU2xYEs85g6A1JZYrGSiWyAtUH/9vydu8+J3dcD7k5kQQ/gr0MrQ2rvaALTxnh8PWGm5M/H9yPikQc/Nk9lHOJvvEPY2hlPgxnLip10GVNGHKKfEGvn4hInzUQiI+cQ+gqblxie4/iF++a8W5/nuo/]]></Encrypt><AgentID><![CDATA[1000002]]></AgentID></xml>
2017-11-08 19:46:27.073 [http-apr-8080-exec-73] INFO  com.ray.weixin.qy.service.message.reply.ReplyMessageService - reply_xmlMsg:<xml><ToUserName><![CDATA[ww92f5da92bb24696e]]></ToUserName><FromUserName><![CDATA[ShiRui]]></FromUserName><CreateTime>1510141586</CreateTime><MsgType><![CDATA[event]]></MsgType><AgentID>1000002</AgentID><Event><![CDATA[LOCATION]]></Event><Latitude>31.1676</Latitude><Longitude>121.156</Longitude><Precision>15</Precision></xml>
2017-11-08 19:46:27.074 [http-apr-8080-exec-73] INFO  com.ray.weixin.qy.service.message.reply.ReplyMessageService - fromUserName:ShiRui
2017-11-08 19:46:27.074 [http-apr-8080-exec-73] INFO  com.ray.weixin.qy.service.message.reply.ReplyMessageService - toUserName:ww92f5da92bb24696e
2017-11-08 19:46:27.074 [http-apr-8080-exec-73] INFO  com.ray.weixin.qy.service.message.reply.ReplyMessageService - msgType:event
2017-11-08 19:46:27.074 [http-apr-8080-exec-73] INFO  com.ray.weixin.qy.service.message.reply.ReplyMessageService - Event:LOCATION  eventKey:null
2017-11-08 19:46:32.224 [http-apr-8080-exec-72] INFO  com.ray.weixin.qy.controller.WeiXinServlet - post--------------
2017-11-08 19:46:32.225 [http-apr-8080-exec-72] INFO  com.ray.weixin.qy.service.message.reply.ReplyMessageService - parms:{"msg_signature":["809b55b424885ffd9032ea58ec57a230dc54fb62"],"timestamp":["1510141591"],"nonce":["1444153509"]}
2017-11-08 19:46:32.225 [http-apr-8080-exec-72] INFO  com.ray.weixin.qy.service.message.reply.ReplyMessageService - postData:<xml><ToUserName><![CDATA[ww92f5da92bb24696e]]></ToUserName><Encrypt><![CDATA[J6wHI32udLVN9sj3U8Tj+LiMjMG91ACNaO5fE9UaAK9H1VL/Yn5lfq9wKt4GNnhVcCrTeN3jTdhkKDLSvSlDO1ECH1z1TYxryXhUj67Az9xo66gSmBn7hlo8iWUuUNXu4ZZSvTpJuEWyNjeo89qEDps0PFU5YZfPFz15O6d8nPBFub0YjvI1RKovd8lCQNflSHYeEtMYzaX2MhQy7TR113lJTtoAPbiR6HZXtipXVC6XcyFB1BBdVfXJJZx8yvrbl8KrTeuQSE6y/EqolWnLUY8pc0ZguIbft0vBhj3PSwnJ4DSymSP320j0yc2s3rU7zQHHUdDSRfMAjBDqSNz0mTfxrg5nHx3K9DAjxW4x2jAfcgI+CK2GqUv0qTiB5htOGA6a570hJtuWAHpJ3Tr/3J6EU9pHn9AEBM1LP2KedLxOiVHnd4hpbR/r+b/o5xWjS37o471p00o52w4aMTchbNr2uWpvkorc2Q+KOeoHs55SU7FW7WN/r/DZ6c+rovcs]]></Encrypt><AgentID><![CDATA[1000002]]></AgentID></xml>
2017-11-08 19:46:32.226 [http-apr-8080-exec-72] INFO  com.ray.weixin.qy.service.message.reply.ReplyMessageService - reply_xmlMsg:<xml><ToUserName><![CDATA[ww92f5da92bb24696e]]></ToUserName><FromUserName><![CDATA[ShiRui]]></FromUserName><CreateTime>1510141591</CreateTime><MsgType><![CDATA[event]]></MsgType><AgentID>1000002</AgentID><Event><![CDATA[LOCATION]]></Event><Latitude>31.1676</Latitude><Longitude>121.156</Longitude><Precision>15</Precision></xml>
2017-11-08 19:46:32.227 [http-apr-8080-exec-72] INFO  com.ray.weixin.qy.service.message.reply.ReplyMessageService - fromUserName:ShiRui
2017-11-08 19:46:32.227 [http-apr-8080-exec-72] INFO  com.ray.weixin.qy.service.message.reply.ReplyMessageService - toUserName:ww92f5da92bb24696e
2017-11-08 19:46:32.227 [http-apr-8080-exec-72] INFO  com.ray.weixin.qy.service.message.reply.ReplyMessageService - msgType:event
2017-11-08 19:46:32.227 [http-apr-8080-exec-72] INFO  com.ray.weixin.qy.service.message.reply.ReplyMessageService - Event:LOCATION  eventKey:null
2017-11-08 19:46:47.308 [http-apr-8080-exec-76] INFO  com.ray.weixin.qy.controller.WeiXinServlet - post--------------
2017-11-08 19:46:47.308 [http-apr-8080-exec-76] INFO  com.ray.weixin.qy.service.message.reply.ReplyMessageService - parms:{"msg_signature":["c6ad5a60de25598ecef694506e5a8c7d52efebf1"],"timestamp":["1510141607"],"nonce":["714136749"]}
2017-11-08 19:46:47.308 [http-apr-8080-exec-76] INFO  com.ray.weixin.qy.service.message.reply.ReplyMessageService - postData:<xml><ToUserName><![CDATA[ww92f5da92bb24696e]]></ToUserName><Encrypt><![CDATA[VZDhmQGWf4MfwHR3lI8yX5uSBFxYHYTXsBk0y+OT8sCWvoVsoJhY9I7lRk1QEkmEjRALmhaq7i3YWHGqyLD/k01ijWBq6fLu6ad3gM+MhU1jBbtt5UXWlj1mXp6xBCBetjARMp2XI+iqQs7yd02p+AnazcXSIEZQxF/4maogjcmWWszwK9FfoVFAATFUJCkB8f2u/tM/7aBIofgARz1qrFpWv+5n4dQj20Wh6jwbC0kKl3hcUQehxVb+gC1+bo8WdyUydy5KGL7AsQcdPXkBegvz30m28r3ur+UeYBNlwplW3yn1klrYRe5ZpPG+MOyNjzI4nFG787S1atSwSYLG7XNDNGMYCxE8dapm4YRe1dsyLRpmzHuycrZq4yLt8xnS0d2GJxYZ2Cpl3L7+/JxqIJTW1usSgm9RQzk4ehGfPzIlzALkjDsiUfLiQJxYCPHJHmhaRbNpslE/QQWaTWLgIG27zfB8g8ENGdvxVnD7h9hxPfPBZfvOsG5xrfZvQIMM]]></Encrypt><AgentID><![CDATA[1000002]]></AgentID></xml>
2017-11-08 19:46:47.310 [http-apr-8080-exec-76] INFO  com.ray.weixin.qy.service.message.reply.ReplyMessageService - reply_xmlMsg:<xml><ToUserName><![CDATA[ww92f5da92bb24696e]]></ToUserName><FromUserName><![CDATA[ShiRui]]></FromUserName><CreateTime>1510141606</CreateTime><MsgType><![CDATA[event]]></MsgType><AgentID>1000002</AgentID><Event><![CDATA[LOCATION]]></Event><Latitude>31.1676</Latitude><Longitude>121.156</Longitude><Precision>15</Precision></xml>
2017-11-08 19:46:47.311 [http-apr-8080-exec-76] INFO  com.ray.weixin.qy.service.message.reply.ReplyMessageService - fromUserName:ShiRui
2017-11-08 19:46:47.311 [http-apr-8080-exec-76] INFO  com.ray.weixin.qy.service.message.reply.ReplyMessageService - toUserName:ww92f5da92bb24696e
2017-11-08 19:46:47.311 [http-apr-8080-exec-76] INFO  com.ray.weixin.qy.service.message.reply.ReplyMessageService - msgType:event
2017-11-08 19:46:47.311 [http-apr-8080-exec-76] INFO  com.ray.weixin.qy.service.message.reply.ReplyMessageService - Event:LOCATION  eventKey:null
2017-11-08 19:46:50.829 [http-apr-8080-exec-70] INFO  com.ray.weixin.qy.controller.WeiXinServlet - post--------------
2017-11-08 19:46:50.830 [http-apr-8080-exec-70] INFO  com.ray.weixin.qy.service.message.reply.ReplyMessageService - parms:{"msg_signature":["b55c0934221b0c9e4f96645290da52cf4f647747"],"timestamp":["1510141610"],"nonce":["51121778"]}
2017-11-08 19:46:50.830 [http-apr-8080-exec-70] INFO  com.ray.weixin.qy.service.message.reply.ReplyMessageService - postData:<xml><ToUserName><![CDATA[ww92f5da92bb24696e]]></ToUserName><Encrypt><![CDATA[LeV70imYN42iFCUVhqhAc1B0lnMPm+SBig7+7W3l9iwRSqmOTk/buVyp0KgvbPyVKV+G2bPT2EHaNQZIRBcF9ottJV3f7bypGMsGsFI0A/x1ej8FJ2HfB2Lp07TVGBMIdjUKyAAxK18ldxj9V4DuTPVLWJ5UtZh8IER/WP1jhgi2t399CYqgABB7z4eizVRMYQJfN0CFzvW7PdREYM50xTvKUUC06xDBQNXUr1DH7BgPVALSEhDgsA4llBfD59SVw1PV6WF6MAORxPz14CLz1ue9xADvMkKtu/2zFPjvYWKKRgSwwcuz5L84i3xiV3pA2pjDAKd1Z6ei7zBedPQkdNUdfeEq8uCr7VcJqo5Pm9ZFu5ECo0fv0KlNiwz2zgQnsPDijgfWq1gVoqLrXkc7xzBnIlynq9bScEs8wcjScQqLEQG7d6E8Gka6ZU1wW9FGxB4Of8ntDDhiCGHosRl9600UbiQLWkAGbVJE6PCrf3L//PjIkbDc5m8GDMEwXMQj]]></Encrypt><AgentID><![CDATA[1000002]]></AgentID></xml>
2017-11-08 19:46:50.833 [http-apr-8080-exec-70] INFO  com.ray.weixin.qy.service.message.reply.ReplyMessageService - reply_xmlMsg:<xml><ToUserName><![CDATA[ww92f5da92bb24696e]]></ToUserName><FromUserName><![CDATA[ShiRui]]></FromUserName><CreateTime>1510141610</CreateTime><MsgType><![CDATA[event]]></MsgType><AgentID>1000002</AgentID><Event><![CDATA[view]]></Event><EventKey><![CDATA[http://rayner.nat300.top/weixin_qy/showInvoice.jsp]]></EventKey></xml>
2017-11-08 19:46:50.834 [http-apr-8080-exec-70] INFO  com.ray.weixin.qy.service.message.reply.ReplyMessageService - fromUserName:ShiRui
2017-11-08 19:46:50.834 [http-apr-8080-exec-70] INFO  com.ray.weixin.qy.service.message.reply.ReplyMessageService - toUserName:ww92f5da92bb24696e
2017-11-08 19:46:50.834 [http-apr-8080-exec-70] INFO  com.ray.weixin.qy.service.message.reply.ReplyMessageService - msgType:event
2017-11-08 19:46:50.834 [http-apr-8080-exec-70] INFO  com.ray.weixin.qy.service.message.reply.ReplyMessageService - Event:view  eventKey:http://rayner.nat300.top/weixin_qy/showInvoice.jsp
2017-11-08 19:46:51.115 [http-apr-8080-exec-77] INFO  com.ray.weixin.qy.util.AuthHelper - jsonObject:{"errcode":0,"access_token":"ZKrmF55qn7-XEP21Tz8wU891N2DLOgOyBr7gSlyW0EyP92tytr30wnbUR_rDOyYokg9RxFAq7HiHZ433Z82yYJM3pQop6QNPtit8k-9cBNHYN3VkdAD0ndbyGgjqim6lAw9JaGlgkiPWtc-mNdW0tcmf7XmLgxUilWSOc9nsz7PxcgWW65NHaYlWYXOBLEgT3QqzMd9K-669IWyOm26GyA","errmsg":"ok","expires_in":7200}
2017-11-08 19:46:51.488 [http-apr-8080-exec-77] INFO  com.ray.weixin.qy.util.AuthHelper - jsonObject:{"errcode":0,"ticket":"kgt8ON7yVITDhtdwci0qebCLEfC_BfeygIq8cFPLbdY6MM-5fA76IIfoqvBcC2C5ToCaAtocjY1xMBshMnDLbA","errmsg":"","expires_in":7200}
2017-11-08 19:46:51.489 [http-apr-8080-exec-77] INFO  com.ray.weixin.qy.util.AuthHelper - url:http://rayner.nat300.top/weixin_qy/showInvoice.jsp
2017-11-08 19:46:51.489 [http-apr-8080-exec-77] INFO  com.ray.weixin.qy.util.AuthHelper - accessToken:ZKrmF55qn7-XEP21Tz8wU891N2DLOgOyBr7gSlyW0EyP92tytr30wnbUR_rDOyYokg9RxFAq7HiHZ433Z82yYJM3pQop6QNPtit8k-9cBNHYN3VkdAD0ndbyGgjqim6lAw9JaGlgkiPWtc-mNdW0tcmf7XmLgxUilWSOc9nsz7PxcgWW65NHaYlWYXOBLEgT3QqzMd9K-669IWyOm26GyA
2017-11-08 19:46:51.489 [http-apr-8080-exec-77] INFO  com.ray.weixin.qy.util.AuthHelper - jsapi_ticket:kgt8ON7yVITDhtdwci0qebCLEfC_BfeygIq8cFPLbdY6MM-5fA76IIfoqvBcC2C5ToCaAtocjY1xMBshMnDLbA
2017-11-08 19:46:51.489 [http-apr-8080-exec-77] INFO  com.ray.weixin.qy.util.AuthHelper - appId:ww92f5da92bb24696e
2017-11-08 19:46:51.489 [http-apr-8080-exec-77] INFO  com.ray.weixin.qy.util.AuthHelper - timestamp:1510141610
2017-11-08 19:46:51.489 [http-apr-8080-exec-77] INFO  com.ray.weixin.qy.util.AuthHelper - nonceStr:1df01589-2d65-4f68-965f-93c9ce09f768
2017-11-08 19:46:51.489 [http-apr-8080-exec-77] INFO  com.ray.weixin.qy.util.AuthHelper - signature:86597b1d0555bdec598f28841e993faa27707ad3
2017-11-08 19:46:51.490 [http-apr-8080-exec-77] INFO  com.ray.weixin.qy.util.AuthHelper - configValue:{"signature":"86597b1d0555bdec598f28841e993faa27707ad3","appId":"ww92f5da92bb24696e","nonceStr":"1df01589-2d65-4f68-965f-93c9ce09f768","timestamp":"1510141610"}
2017-11-08 19:46:52.373 [http-apr-8080-exec-72] INFO  com.ray.weixin.qy.controller.WeiXinServlet - post--------------
2017-11-08 19:46:52.374 [http-apr-8080-exec-72] INFO  com.ray.weixin.qy.service.message.reply.ReplyMessageService - parms:{"msg_signature":["fe516d49474c1a106ce2de3ac0de1adc702ccdfc"],"timestamp":["1510141612"],"nonce":["515212077"]}
2017-11-08 19:46:52.375 [http-apr-8080-exec-72] INFO  com.ray.weixin.qy.service.message.reply.ReplyMessageService - postData:<xml><ToUserName><![CDATA[ww92f5da92bb24696e]]></ToUserName><Encrypt><![CDATA[T+hV+/QRgzPH7ZxyzJi3w2/NkTL6JxjX/2Y8aykMGKpPzK5CDQppy5CyBIy7GgTgO4u5wX4GfRAXMrGoSjT6o/7qnTtBYl0upEpousLePiLLDo9cSVthpjyVbALn3+8QtmDcZVuQbEhwBZxPqH2gtVQJPRZ78iMX2qhg5/6Ob0s0zQPUqbLr3IXFQoBhEQ5RJ9U7RJM2EwgXuL+lsKn6i/BAXMa3kqG8JTK78CJTmlXrHqoItZkyUrrNt4h9oMwKy7jzOKdDogCA53UOBD5hYyvmyVaBGyuZ0ODCwV2gv9ZJnh5TATf83ypr9DLz/RnagRleOAy72C4/GBxdQ7ceB9LzOE+TJ9wxmLmJz5e92qw1z9k1bShFfKjBW+YYtJILORKnschnDQRmTdynYk1TAJizI/7geui8yW3zvQjvSGzoZHOzyxf5X5aDS5xCJxuWSh7lrHgF7CtuubPnspGPz0OMVdwXSGr9Zdv00yDT1q7NRTSwAlYCtjEGEXs1RdZr]]></Encrypt><AgentID><![CDATA[1000002]]></AgentID></xml>
2017-11-08 19:46:52.379 [http-apr-8080-exec-72] INFO  com.ray.weixin.qy.service.message.reply.ReplyMessageService - reply_xmlMsg:<xml><ToUserName><![CDATA[ww92f5da92bb24696e]]></ToUserName><FromUserName><![CDATA[ShiRui]]></FromUserName><CreateTime>1510141611</CreateTime><MsgType><![CDATA[event]]></MsgType><AgentID>1000002</AgentID><Event><![CDATA[LOCATION]]></Event><Latitude>31.1676</Latitude><Longitude>121.156</Longitude><Precision>15</Precision></xml>
2017-11-08 19:46:52.382 [http-apr-8080-exec-72] INFO  com.ray.weixin.qy.service.message.reply.ReplyMessageService - fromUserName:ShiRui
2017-11-08 19:46:52.383 [http-apr-8080-exec-72] INFO  com.ray.weixin.qy.service.message.reply.ReplyMessageService - toUserName:ww92f5da92bb24696e
2017-11-08 19:46:52.383 [http-apr-8080-exec-72] INFO  com.ray.weixin.qy.service.message.reply.ReplyMessageService - msgType:event
2017-11-08 19:46:52.383 [http-apr-8080-exec-72] INFO  com.ray.weixin.qy.service.message.reply.ReplyMessageService - Event:LOCATION  eventKey:null
2017-11-08 19:46:57.368 [http-apr-8080-exec-76] INFO  com.ray.weixin.qy.controller.WeiXinServlet - post--------------
2017-11-08 19:46:57.369 [http-apr-8080-exec-76] INFO  com.ray.weixin.qy.service.message.reply.ReplyMessageService - parms:{"msg_signature":["0e03704de8ac076d023032684c17194d39d0b26f"],"timestamp":["1510141617"],"nonce":["363721502"]}
2017-11-08 19:46:57.369 [http-apr-8080-exec-76] INFO  com.ray.weixin.qy.service.message.reply.ReplyMessageService - postData:<xml><ToUserName><![CDATA[ww92f5da92bb24696e]]></ToUserName><Encrypt><![CDATA[AyEUqr2QB5s1PMXfpodr3mQcIe7qG8lAQaQsMuHng6aX2AoiAThqj957y4ojbuoO+/8uUxpYIrfLsepR5WEFF3wb4GQwWDycGC/LaTIzbPU9aoIGSNOIZTgluAccxdn6nY9OK6E4v82MeSdosTdlB8Xv1UbaJ3BGFuGHZSY1Egn+z/CEHMtq48WjonUfH3hzv1XqyfXD9UEeX8tEa9HxHsEu7p8LBRAeSHjb/LRbHWRrYvZy/+czPw4M818OBKSLsvFUs3u9MSIyT98T0e2/fn2Rq0GpUui7shumbXImVRZTaJiPjFw+VUWCWmIHZc2AThoRkpjJLyALpoM7d0zks0vVJS/ABe3SBT8Fn7ygryUVlwxD77OfN8yBH/mLhYfT6kB45NMd0Fdf2Q45WTiKGYs4bv4+FS2Hdyq7oC3L8UhMK9YhyCny6zYA1FockLQOwqIhY+xw3pAa1Opq124bhEujtt/VqTD1BSamvA/Sp9PV3Acy2j7bWlHRph9oezmo]]></Encrypt><AgentID><![CDATA[1000002]]></AgentID></xml>
2017-11-08 19:46:57.370 [http-apr-8080-exec-76] INFO  com.ray.weixin.qy.service.message.reply.ReplyMessageService - reply_xmlMsg:<xml><ToUserName><![CDATA[ww92f5da92bb24696e]]></ToUserName><FromUserName><![CDATA[ShiRui]]></FromUserName><CreateTime>1510141616</CreateTime><MsgType><![CDATA[event]]></MsgType><AgentID>1000002</AgentID><Event><![CDATA[LOCATION]]></Event><Latitude>31.1676</Latitude><Longitude>121.156</Longitude><Precision>15</Precision></xml>
2017-11-08 19:46:57.371 [http-apr-8080-exec-76] INFO  com.ray.weixin.qy.service.message.reply.ReplyMessageService - fromUserName:ShiRui
2017-11-08 19:46:57.372 [http-apr-8080-exec-76] INFO  com.ray.weixin.qy.service.message.reply.ReplyMessageService - toUserName:ww92f5da92bb24696e
2017-11-08 19:46:57.372 [http-apr-8080-exec-76] INFO  com.ray.weixin.qy.service.message.reply.ReplyMessageService - msgType:event
2017-11-08 19:46:57.372 [http-apr-8080-exec-76] INFO  com.ray.weixin.qy.service.message.reply.ReplyMessageService - Event:LOCATION  eventKey:null
