2017-11-15 18:46:09.994 [http-apr-8080-exec-4] INFO  com.ray.weixin.gz.util.AuthHelper - jsonObject:{"access_token":"6jcoz3jdEw3XYDuCw0zl7czm5vgUbXQQISUOPuyrQsULW5bBHYRfYM-1PjhYbHpG8z5pcbT9el4y8mv7uChTbQrB8pRjch-Lza99F4jmKfLoZxFnXGTRjbgajjyySGNIJFTjABAZVJ","expires_in":7200}
2017-11-15 18:46:11.851 [http-apr-8080-exec-6] INFO  com.ray.weixin.gz.controller.WeiXinServlet - post--------------
2017-11-15 18:46:11.854 [http-apr-8080-exec-6] INFO  com.ray.weixin.gz.service.message.ReplyMessageService - parms:{"signature":["1df36ea3a69d707305d5d7904f146aca29e50e02"],"timestamp":["1510742770"],"nonce":["593157403"],"openid":["o1M7_1TLByH8H1T7XCIj23Roo5yU"],"encrypt_type":["aes"],"msg_signature":["51d05e4b5cf91bf0b850597d4e8d174c01754881"]}
2017-11-15 18:46:11.856 [http-apr-8080-exec-6] INFO  com.ray.weixin.gz.service.message.ReplyMessageService - postData:<xml>    <ToUserName><![CDATA[gh_8903be978f8b]]></ToUserName>    <Encrypt><![CDATA[WILVmPNx7RtpBV1HnYCY/vEc/EorwJXfPpDRm23N1gWjEbLM92t3m+/KcH4gxvPS1O4rHkS3VuEtWc9JVnVRP0ymd/CAFomOIcNwTcnhN5wIdPXm3TfAuvQeRxCDNivPYFwsTuYQe3gUxNQ+xtI1LB8ie9WfqMKSFCncNpAIibXYQa4bsDX1LaOQVybOjyv7/beKAuVItteo69qjkZ/j3aBDdY/KDP50VP5906vnxRvMyVVMYj1Nm/TeyElwgLZyonOKJ/R1+WqtxyigNVb+q0vyOwKFC5gMqwEjNnSk2Syq0gJepUe2vzZpSIziCRGTrKoWWcts3XuRM/OX15VFn1DpUR0hM2vDLSQUQqM10YMdhUqsK9rtn7ERF+kVjTjhXQZqEytXt3GD6MGQjf9GhV13SZNBpQ7GWXuleCiN3MglXfdJVmGfsAOFDyPEeqQmN7wL67uiRWOMF15zGrFdyev+k7z/90bdhUR86oBIJPQT1AhoGBo6xToa7NLavE3v2Jh7pn7CAcihyOf4xg0toVoCWADAieeCogMVk9EN7YA=]]></Encrypt></xml>
2017-11-15 18:46:11.857 [http-apr-8080-exec-6] INFO  com.ray.weixin.gz.service.message.ReplyMessageService - 安全模式：消息被加密
2017-11-15 18:46:11.869 [http-apr-8080-exec-6] INFO  com.ray.weixin.gz.service.message.ReplyMessageService - <xml><ToUserName><![CDATA[gh_8903be978f8b]]></ToUserName>
<FromUserName><![CDATA[o1M7_1TLByH8H1T7XCIj23Roo5yU]]></FromUserName>
<CreateTime>1510742770</CreateTime>
<MsgType><![CDATA[event]]></MsgType>
<Event><![CDATA[VIEW]]></Event>
<EventKey><![CDATA[http://rayner.nat300.top/weixin_gz/showInvoice.jsp]]></EventKey>
<MenuId>450181554</MenuId>
</xml>
2017-11-15 18:46:11.877 [http-apr-8080-exec-6] INFO  com.ray.weixin.gz.service.message.ReplyMessageService - fromUserName:o1M7_1TLByH8H1T7XCIj23Roo5yU
2017-11-15 18:46:11.878 [http-apr-8080-exec-6] INFO  com.ray.weixin.gz.service.message.ReplyMessageService - toUserName:gh_8903be978f8b
2017-11-15 18:46:11.878 [http-apr-8080-exec-6] INFO  com.ray.weixin.gz.service.message.ReplyMessageService - msgType:event
2017-11-15 18:46:11.878 [http-apr-8080-exec-6] INFO  com.ray.weixin.gz.service.message.ReplyMessageService - Event:VIEW  eventKey:http://rayner.nat300.top/weixin_gz/showInvoice.jsp
2017-11-15 18:46:12.104 [http-apr-8080-exec-8] INFO  com.ray.weixin.gz.util.AuthHelper - jsonObject:{"access_token":"6jcoz3jdEw3XYDuCw0zl7czm5vgUbXQQISUOPuyrQsX7WMiYO03tJaldSiL62IDrA8bzf23XpxDd9fHGxdoCrOlzK31oqT-FJcgHD7hkFGTbRCubmL-oXue17HVLhfPiVWGjABAABL","expires_in":7197}
2017-11-15 18:46:12.200 [http-apr-8080-exec-8] INFO  com.ray.weixin.gz.util.AuthHelper - jsonObject:{"errcode":0,"ticket":"HoagFKDcsGMVCIY2vOjf9mrEXbwXSbqpUm0898_LsZgBi9Ja3Cb-iRCpfbms7MNv3e_heT1Q91ygjzjqxFaRVw","errmsg":"ok","expires_in":7200}
2017-11-15 18:46:12.200 [http-apr-8080-exec-8] INFO  com.ray.weixin.gz.util.AuthHelper - accessToken:6jcoz3jdEw3XYDuCw0zl7czm5vgUbXQQISUOPuyrQsX7WMiYO03tJaldSiL62IDrA8bzf23XpxDd9fHGxdoCrOlzK31oqT-FJcgHD7hkFGTbRCubmL-oXue17HVLhfPiVWGjABAABL
2017-11-15 18:46:12.201 [http-apr-8080-exec-8] INFO  com.ray.weixin.gz.util.AuthHelper - ticket:HoagFKDcsGMVCIY2vOjf9mrEXbwXSbqpUm0898_LsZgBi9Ja3Cb-iRCpfbms7MNv3e_heT1Q91ygjzjqxFaRVw
2017-11-15 18:46:12.201 [http-apr-8080-exec-8] INFO  com.ray.weixin.gz.util.AuthHelper - nonceStr:5a48be30-bbb8-48ae-9eb9-908b4540a9d4
2017-11-15 18:46:12.201 [http-apr-8080-exec-8] INFO  com.ray.weixin.gz.util.AuthHelper - timeStamp:1510742772
2017-11-15 18:46:12.201 [http-apr-8080-exec-8] INFO  com.ray.weixin.gz.util.AuthHelper - signedUrl:http://rayner.nat300.top/weixin_gz/showInvoice.jsp
2017-11-15 18:46:12.202 [http-apr-8080-exec-8] INFO  com.ray.weixin.gz.util.AuthHelper - signature:b0487024518431d7e9048367ffe3bb7c8e6346cf
2017-11-15 18:46:12.202 [http-apr-8080-exec-8] INFO  com.ray.weixin.gz.util.AuthHelper - appId:wx07c4d9d0895fe212
2017-11-15 18:46:12.202 [http-apr-8080-exec-8] INFO  com.ray.weixin.gz.util.AuthHelper - configValue:{signature:'b0487024518431d7e9048367ffe3bb7c8e6346cf',nonceStr:'5a48be30-bbb8-48ae-9eb9-908b4540a9d4',timeStamp:'1510742772',appId:'wx07c4d9d0895fe212'}
2017-11-15 18:46:12.289 [http-apr-8080-exec-8] INFO  com.ray.weixin.gz.util.AuthHelper - jsonObject:{"access_token":"6jcoz3jdEw3XYDuCw0zl7czm5vgUbXQQISUOPuyrQsV3FAJtXPyL0zTyQg8Upf_Lj0_YjnjaNh9_BGcbTa2lVkWU1722dGbG1euljYFZBRd-FNG3Bx5Q_eqmZB5CWjxbWUDjABALJS","expires_in":7197}
2017-11-15 18:46:12.378 [http-apr-8080-exec-8] INFO  com.ray.weixin.gz.service.invoice.InvoiceService - jsonObject:{"errcode":0,"ticket":"9KwiourQPRN3vx3Nn1c_iXCh-5F7rD5UiR6FRkNziS3ioM7lrWDvEODqM6XQdQbgraF_oLOqdFSXbGH0lwPjuA","errmsg":"ok","expires_in":7200}
2017-11-15 18:46:12.379 [http-apr-8080-exec-8] INFO  com.ray.weixin.gz.util.AuthHelper - apiTicket:9KwiourQPRN3vx3Nn1c_iXCh-5F7rD5UiR6FRkNziS3ioM7lrWDvEODqM6XQdQbgraF_oLOqdFSXbGH0lwPjuA
2017-11-15 18:46:12.379 [http-apr-8080-exec-8] INFO  com.ray.weixin.gz.util.AuthHelper - appId:wx07c4d9d0895fe212
2017-11-15 18:46:12.379 [http-apr-8080-exec-8] INFO  com.ray.weixin.gz.util.AuthHelper - timeStamp:1510742772
2017-11-15 18:46:12.380 [http-apr-8080-exec-8] INFO  com.ray.weixin.gz.util.AuthHelper - nonceStr:261c1e84-9ed1-4941-8fce-4961becfd27d
2017-11-15 18:46:12.380 [http-apr-8080-exec-8] INFO  com.ray.weixin.gz.util.AuthHelper - cardType:INVOICE
2017-11-15 18:46:12.380 [http-apr-8080-exec-8] INFO  com.ray.weixin.gz.util.AuthHelper - cardSign:2e03a2781fccf0a6430675eb03420c45c0e25892
2017-11-15 18:46:12.380 [http-apr-8080-exec-8] INFO  com.ray.weixin.gz.util.AuthHelper - signType:SHA1
2017-11-15 18:46:12.380 [http-apr-8080-exec-8] INFO  com.ray.weixin.gz.util.AuthHelper - configValue:{"signType":"SHA1","cardSign":"2e03a2781fccf0a6430675eb03420c45c0e25892","nonceStr":"261c1e84-9ed1-4941-8fce-4961becfd27d","timestamp":"1510742772"}
2017-11-15 18:46:21.040 [http-apr-8080-exec-1] INFO  com.ray.weixin.gz.util.AuthHelper - jsonObject:{"access_token":"6jcoz3jdEw3XYDuCw0zl7czm5vgUbXQQISUOPuyrQsWMzfPhb3ixT4sP7R8lUZBG96IXFgd84Dc48hDcPrke5opZzKWv1BKOzg9CBMI8JvGz1SNFWtXjFPzp_YXqt6BEZFMjABAIOV","expires_in":7200}
2017-11-15 18:46:21.522 [http-apr-8080-exec-1] INFO  com.ray.weixin.gz.service.invoice.InvoiceService - jsonObject:{"errcode":0,"payee":"上海圆迈贸易有限公司","user_info":{"reimburse_status":"INVOICE_REIMBURSE_INIT","fee":19265,"tax":2799,"pdf_url":"http://wdfp.5ifapiao.com/wx-card/getPdf/wdfp/031001700311/10130772/59869458371280709832?card_id=pN0bYv8ll7_8REjYNPNLzfSpVi54&wx_invoice_token=vHE5kaaLFelvyosk6hyN9qfmT4mz22-3-DtItACfp08jA-W3T1CC2S11Axvpd1aC5OHmXbFvNRHLHahX6ll_qWmoKcC3RpIdFCePpzM5_sc.","title":"个人","billing_code":"10130772","billing_time":1510662340,"check_code":"59869458371280709832","fee_without_tax":16466,"detail":" ","billing_no":"031001700311","order_id":"64532618652","info":[{"unit":" ","price":16466,"num":1,"name":"七匹狼 男士纯棉内裤平角裤 舒适透气柔软棉质裤头 4条混色礼盒装 XXXL（95159-4）"}]},"openid":"o1M7_1TLByH8H1T7XCIj23Roo5yU","errmsg":"ok","detail":"可在公司企业号内报销使用","type":"增值税电子普通发票","card_id":"pN0bYv8ll7_8REjYNPNLzfSpVi54"}
2017-11-15 18:46:21.522 [http-apr-8080-exec-1] INFO  com.ray.weixin.gz.controller.invoice.InvoiceServlet - [{"errcode":0,"payee":"上海圆迈贸易有限公司","user_info":{"reimburse_status":"INVOICE_REIMBURSE_INIT","fee":19265,"tax":2799,"pdf_url":"http://wdfp.5ifapiao.com/wx-card/getPdf/wdfp/031001700311/10130772/59869458371280709832?card_id=pN0bYv8ll7_8REjYNPNLzfSpVi54&wx_invoice_token=vHE5kaaLFelvyosk6hyN9qfmT4mz22-3-DtItACfp08jA-W3T1CC2S11Axvpd1aC5OHmXbFvNRHLHahX6ll_qWmoKcC3RpIdFCePpzM5_sc.","title":"个人","billing_code":"10130772","billing_time":1510662340,"check_code":"59869458371280709832","fee_without_tax":16466,"detail":" ","billing_no":"031001700311","order_id":"64532618652","info":[{"unit":" ","price":16466,"num":1,"name":"七匹狼 男士纯棉内裤平角裤 舒适透气柔软棉质裤头 4条混色礼盒装 XXXL（95159-4）"}]},"openid":"o1M7_1TLByH8H1T7XCIj23Roo5yU","errmsg":"ok","detail":"可在公司企业号内报销使用","type":"增值税电子普通发票","card_id":"pN0bYv8ll7_8REjYNPNLzfSpVi54"}]
