2017-11-15 19:08:34.737 [http-apr-8080-exec-4] INFO  com.ray.weixin.gz.controller.WeiXinServlet - post--------------
2017-11-15 19:08:34.742 [http-apr-8080-exec-4] INFO  com.ray.weixin.gz.service.message.ReplyMessageService - parms:{"signature":["e620a5cfe8aae58c0704f381baba1ef36453c0f2"],"timestamp":["1510744113"],"nonce":["1186819916"],"openid":["o1M7_1TLByH8H1T7XCIj23Roo5yU"],"encrypt_type":["aes"],"msg_signature":["2e94c14e0ab630c3db7b319d592a7cfebeaf9834"]}
2017-11-15 19:08:34.743 [http-apr-8080-exec-4] INFO  com.ray.weixin.gz.service.message.ReplyMessageService - postData:<xml>    <ToUserName><![CDATA[gh_8903be978f8b]]></ToUserName>    <Encrypt><![CDATA[ahEiv+vgoLuF0CbPPB3i9tgpW1L8cgJKU5rxgvrBF74OJfQplHPsJiC+P7W8Ki/ZTkZBhqaBgg3I2uloD8Gn0aazQ8ug0g8kv2yxl3YifNempsm2a0Ks8ZtPHEKkPP4BNtfM2TlHj5dhtibvolhQPDAHIvL+gi2be9KseuSSjYB0lWhA9xs4V5rzHSpBt8n52zcEZpv7OjiOKpVi2ChxXhZazSY6BZz0aKuzKNyW7bswLtoOAwezwSC2B/2qoDHmahoObxly6pyprjB+m3y1qErXHug3AbXxljC5YkOiWiilchHpfbgPVfa2HFn090ZfT29ZX0NzT+FR3nhZhb1JaRCOPQEVnXgNn2RPDqb5OdE8QFARK9SxplR1DAAfyqcZb42GS6gyi7gpMY83CI8XZFHIhEuAEoQKs+4zHb4W9B81ZZTsW1QKFfQoPdBUTah+ytau1cUSm0A0twlRvYapmRyY+QYvMWrSnzgObbmB5N1x5wQGB95HGxcK1oWSZ50XN3NHDS8jW0+AzT9KSLNhGtawkjDmuIxTqo8jHHb2KHc=]]></Encrypt></xml>
2017-11-15 19:08:34.745 [http-apr-8080-exec-4] INFO  com.ray.weixin.gz.service.message.ReplyMessageService - 安全模式：消息被加密
2017-11-15 19:08:34.748 [http-apr-8080-exec-4] INFO  com.ray.weixin.gz.service.message.ReplyMessageService - <xml><ToUserName><![CDATA[gh_8903be978f8b]]></ToUserName>
<FromUserName><![CDATA[o1M7_1TLByH8H1T7XCIj23Roo5yU]]></FromUserName>
<CreateTime>1510744113</CreateTime>
<MsgType><![CDATA[event]]></MsgType>
<Event><![CDATA[VIEW]]></Event>
<EventKey><![CDATA[http://rayner.nat300.top/weixin_gz/showInvoice.jsp]]></EventKey>
<MenuId>450181554</MenuId>
</xml>
2017-11-15 19:08:34.751 [http-apr-8080-exec-4] INFO  com.ray.weixin.gz.service.message.ReplyMessageService - fromUserName:o1M7_1TLByH8H1T7XCIj23Roo5yU
2017-11-15 19:08:34.751 [http-apr-8080-exec-4] INFO  com.ray.weixin.gz.service.message.ReplyMessageService - toUserName:gh_8903be978f8b
2017-11-15 19:08:34.751 [http-apr-8080-exec-4] INFO  com.ray.weixin.gz.service.message.ReplyMessageService - msgType:event
2017-11-15 19:08:34.752 [http-apr-8080-exec-4] INFO  com.ray.weixin.gz.service.message.ReplyMessageService - Event:VIEW  eventKey:http://rayner.nat300.top/weixin_gz/showInvoice.jsp
2017-11-15 19:08:34.899 [http-apr-8080-exec-7] INFO  com.ray.weixin.gz.util.AuthHelper - jsonObject:{"access_token":"uRF-EcGdjlUkY_77m2izsj0H8KRAg2RvEij3mLKIxexEpJfRib8Wq81DgaZBf5SbaWSA-_Fi0Bsday_UFgUd8GDYKl_vqnQOGwNe4sV18ewGNDfAEAAHX","expires_in":7200}
2017-11-15 19:08:34.994 [http-apr-8080-exec-7] INFO  com.ray.weixin.gz.util.AuthHelper - jsonObject:{"errcode":0,"ticket":"HoagFKDcsGMVCIY2vOjf9mrEXbwXSbqpUm0898_LsZgBi9Ja3Cb-iRCpfbms7MNv3e_heT1Q91ygjzjqxFaRVw","errmsg":"ok","expires_in":7200}
2017-11-15 19:08:34.995 [http-apr-8080-exec-7] INFO  com.ray.weixin.gz.util.AuthHelper - accessToken:uRF-EcGdjlUkY_77m2izsj0H8KRAg2RvEij3mLKIxexEpJfRib8Wq81DgaZBf5SbaWSA-_Fi0Bsday_UFgUd8GDYKl_vqnQOGwNe4sV18ewGNDfAEAAHX
2017-11-15 19:08:34.995 [http-apr-8080-exec-7] INFO  com.ray.weixin.gz.util.AuthHelper - ticket:HoagFKDcsGMVCIY2vOjf9mrEXbwXSbqpUm0898_LsZgBi9Ja3Cb-iRCpfbms7MNv3e_heT1Q91ygjzjqxFaRVw
2017-11-15 19:08:34.995 [http-apr-8080-exec-7] INFO  com.ray.weixin.gz.util.AuthHelper - nonceStr:7a5d2418-a5cc-4afa-b0d3-e15fc7c69d4e
2017-11-15 19:08:34.995 [http-apr-8080-exec-7] INFO  com.ray.weixin.gz.util.AuthHelper - timeStamp:1510744114
2017-11-15 19:08:34.995 [http-apr-8080-exec-7] INFO  com.ray.weixin.gz.util.AuthHelper - signedUrl:http://rayner.nat300.top/weixin_gz/showInvoice.jsp
2017-11-15 19:08:34.995 [http-apr-8080-exec-7] INFO  com.ray.weixin.gz.util.AuthHelper - signature:e8c2e98eb8cac47957633a0549c4f09649f98016
2017-11-15 19:08:34.995 [http-apr-8080-exec-7] INFO  com.ray.weixin.gz.util.AuthHelper - appId:wx07c4d9d0895fe212
2017-11-15 19:08:34.996 [http-apr-8080-exec-7] INFO  com.ray.weixin.gz.util.AuthHelper - configValue:{signature:'e8c2e98eb8cac47957633a0549c4f09649f98016',nonceStr:'7a5d2418-a5cc-4afa-b0d3-e15fc7c69d4e',timeStamp:'1510744114',appId:'wx07c4d9d0895fe212'}
2017-11-15 19:08:35.078 [http-apr-8080-exec-7] INFO  com.ray.weixin.gz.util.AuthHelper - jsonObject:{"access_token":"uRF-EcGdjlUkY_77m2izsj0H8KRAg2RvEij3mLKIxezEexLPAmidPSN_CjY0hT9fJKX4ifLHBGwEQpW0XGF_sCnEX23ju9U73uxaQU75734IXHfAEAWLV","expires_in":7199}
2017-11-15 19:08:35.172 [http-apr-8080-exec-7] INFO  com.ray.weixin.gz.service.invoice.InvoiceService - jsonObject:{"errcode":0,"ticket":"9KwiourQPRN3vx3Nn1c_iXCh-5F7rD5UiR6FRkNziS3ioM7lrWDvEODqM6XQdQbgraF_oLOqdFSXbGH0lwPjuA","errmsg":"ok","expires_in":7200}
2017-11-15 19:08:35.172 [http-apr-8080-exec-7] INFO  com.ray.weixin.gz.util.AuthHelper - apiTicket:9KwiourQPRN3vx3Nn1c_iXCh-5F7rD5UiR6FRkNziS3ioM7lrWDvEODqM6XQdQbgraF_oLOqdFSXbGH0lwPjuA
2017-11-15 19:08:35.172 [http-apr-8080-exec-7] INFO  com.ray.weixin.gz.util.AuthHelper - appId:wx07c4d9d0895fe212
2017-11-15 19:08:35.172 [http-apr-8080-exec-7] INFO  com.ray.weixin.gz.util.AuthHelper - timeStamp:1510744115
2017-11-15 19:08:35.172 [http-apr-8080-exec-7] INFO  com.ray.weixin.gz.util.AuthHelper - nonceStr:0d5726bc-af75-4054-8290-60ff77fc9330
2017-11-15 19:08:35.172 [http-apr-8080-exec-7] INFO  com.ray.weixin.gz.util.AuthHelper - cardType:INVOICE
2017-11-15 19:08:35.172 [http-apr-8080-exec-7] INFO  com.ray.weixin.gz.util.AuthHelper - cardSign:eb1cd0fc3063305f51ac8e5ad65dbdf2ff657f23
2017-11-15 19:08:35.173 [http-apr-8080-exec-7] INFO  com.ray.weixin.gz.util.AuthHelper - signType:SHA1
2017-11-15 19:08:35.173 [http-apr-8080-exec-7] INFO  com.ray.weixin.gz.util.AuthHelper - configValue:{"signType":"SHA1","cardSign":"eb1cd0fc3063305f51ac8e5ad65dbdf2ff657f23","nonceStr":"0d5726bc-af75-4054-8290-60ff77fc9330","timestamp":"1510744115"}
2017-11-15 19:08:42.598 [http-apr-8080-exec-8] INFO  com.ray.weixin.gz.util.AuthHelper - jsonObject:{"access_token":"uRF-EcGdjlUkY_77m2izsj0H8KRAg2RvEij3mLKIxeyrIh033-kpl42kPf56XZK7XiNiD0RdVEs-9MYQTFwVO1JC9LYZmR5zz7S_EZzGkoITEBfAEAALI","expires_in":7200}
2017-11-15 19:08:42.759 [http-apr-8080-exec-8] INFO  com.ray.weixin.gz.service.invoice.InvoiceService - jsonObject:{"errcode":0,"payee":"上海圆迈贸易有限公司","user_info":{"reimburse_status":"INVOICE_REIMBURSE_INIT","fee":19265,"tax":2799,"pdf_url":"http://wdfp.5ifapiao.com/wx-card/getPdf/wdfp/031001700311/10130772/59869458371280709832?card_id=pN0bYv8ll7_8REjYNPNLzfSpVi54&wx_invoice_token=vHE5kaaLFelvyosk6hyN9qfmT4mz22-3-DtItACfp08jA-W3T1CC2S11Axvpd1aCOzgyK--hdQGoxp8eYhQv6C-3_-uSjiwyZmNQYVFb1pA.","title":"个人","billing_code":"10130772","billing_time":1510662340,"check_code":"59869458371280709832","fee_without_tax":16466,"detail":" ","billing_no":"031001700311","order_id":"64532618652","info":[{"unit":" ","price":16466,"num":1,"name":"七匹狼 男士纯棉内裤平角裤 舒适透气柔软棉质裤头 4条混色礼盒装 XXXL（95159-4）"}]},"openid":"o1M7_1TLByH8H1T7XCIj23Roo5yU","errmsg":"ok","detail":"可在公司企业号内报销使用","type":"增值税电子普通发票","card_id":"pN0bYv8ll7_8REjYNPNLzfSpVi54"}
2017-11-15 19:08:42.760 [http-apr-8080-exec-8] INFO  com.ray.weixin.gz.controller.invoice.InvoiceServlet - [{"errcode":0,"payee":"上海圆迈贸易有限公司","user_info":{"reimburse_status":"INVOICE_REIMBURSE_INIT","fee":19265,"tax":2799,"pdf_url":"http://wdfp.5ifapiao.com/wx-card/getPdf/wdfp/031001700311/10130772/59869458371280709832?card_id=pN0bYv8ll7_8REjYNPNLzfSpVi54&wx_invoice_token=vHE5kaaLFelvyosk6hyN9qfmT4mz22-3-DtItACfp08jA-W3T1CC2S11Axvpd1aCOzgyK--hdQGoxp8eYhQv6C-3_-uSjiwyZmNQYVFb1pA.","title":"个人","billing_code":"10130772","billing_time":1510662340,"check_code":"59869458371280709832","fee_without_tax":16466,"detail":" ","billing_no":"031001700311","order_id":"64532618652","info":[{"unit":" ","price":16466,"num":1,"name":"七匹狼 男士纯棉内裤平角裤 舒适透气柔软棉质裤头 4条混色礼盒装 XXXL（95159-4）"}]},"openid":"o1M7_1TLByH8H1T7XCIj23Roo5yU","errmsg":"ok","detail":"可在公司企业号内报销使用","type":"增值税电子普通发票","card_id":"pN0bYv8ll7_8REjYNPNLzfSpVi54"}]
2017-11-15 19:08:46.367 [http-apr-8080-exec-10] INFO  com.ray.weixin.gz.controller.WeiXinServlet - post--------------
2017-11-15 19:08:46.370 [http-apr-8080-exec-10] INFO  com.ray.weixin.gz.service.message.ReplyMessageService - parms:{"signature":["91df54236363d2378689b666201359abf1e1df77"],"timestamp":["1510744125"],"nonce":["1966493544"],"openid":["o1M7_1TLByH8H1T7XCIj23Roo5yU"],"encrypt_type":["aes"],"msg_signature":["37a7eb2fb01de673c586e0260a1d5122f6878133"]}
2017-11-15 19:08:46.371 [http-apr-8080-exec-10] INFO  com.ray.weixin.gz.service.message.ReplyMessageService - postData:<xml>    <ToUserName><![CDATA[gh_8903be978f8b]]></ToUserName>    <Encrypt><![CDATA[8eMa/bswXGMwkILfpxBhd8mwUHhwRCLr/GjF2wxmVhQ5YGrYLPg67f6nTfvzHh31fgsqpyOWMsccULyp/G82W3r/zst5r1jktLz8MKwKcftF9ygmH8TBJrreWU5NraM522anpH3mLk1LfhDy3Q43SfBUwyMQgRzzVcmafwQOAV+8cr53V9ri8IIoM51sg8pFBkwXL0G5dlfoz15o7zxpT/QGfQQ7ifSbad19U47G/IRQvSA5WkKcWeA5g+oRsHBufu3Kcomy8IF+6r3wGBPacdSnwpgFsF0/qN2Yz+DeXko3buHYMsPzTsBR0amOW8ctUGW/Nk8NxxHo8hzOiSIFHCgzM5hjIpKLqkVArfxHOl6hmU5Hve2j4DoTECASo3tfeQ6BDDapIIs9u4yaBIynWnDA4a0EBoID7BZ8ahr4vRCubBhLLgiEkzINPJlen5FZ6BOCbXRi3g63Wmo7h27SFOmipOHsIi8M8vXTKrQTrHopmCUrjxNhODgoRsdrTkCUCs4Y6hS8IDacPw0QumdGhsVk922/CZYRdItKNoRctd8=]]></Encrypt></xml>
2017-11-15 19:08:46.372 [http-apr-8080-exec-10] INFO  com.ray.weixin.gz.service.message.ReplyMessageService - 安全模式：消息被加密
2017-11-15 19:08:46.375 [http-apr-8080-exec-10] INFO  com.ray.weixin.gz.service.message.ReplyMessageService - <xml><ToUserName><![CDATA[gh_8903be978f8b]]></ToUserName>
<FromUserName><![CDATA[o1M7_1TLByH8H1T7XCIj23Roo5yU]]></FromUserName>
<CreateTime>1510744125</CreateTime>
<MsgType><![CDATA[event]]></MsgType>
<Event><![CDATA[VIEW]]></Event>
<EventKey><![CDATA[http://rayner.nat300.top/weixin_gz/showInvoice.jsp]]></EventKey>
<MenuId>450181554</MenuId>
</xml>
2017-11-15 19:08:46.378 [http-apr-8080-exec-10] INFO  com.ray.weixin.gz.service.message.ReplyMessageService - fromUserName:o1M7_1TLByH8H1T7XCIj23Roo5yU
2017-11-15 19:08:46.378 [http-apr-8080-exec-10] INFO  com.ray.weixin.gz.service.message.ReplyMessageService - toUserName:gh_8903be978f8b
2017-11-15 19:08:46.379 [http-apr-8080-exec-10] INFO  com.ray.weixin.gz.service.message.ReplyMessageService - msgType:event
2017-11-15 19:08:46.379 [http-apr-8080-exec-10] INFO  com.ray.weixin.gz.service.message.ReplyMessageService - Event:VIEW  eventKey:http://rayner.nat300.top/weixin_gz/showInvoice.jsp
2017-11-15 19:08:46.420 [http-apr-8080-exec-2] INFO  com.ray.weixin.gz.util.AuthHelper - jsonObject:{"access_token":"uRF-EcGdjlUkY_77m2izsj0H8KRAg2RvEij3mLKIxeys5PlwH8F9clU4c9Ol1xTER-ISkggTjfDmPb2HEzCuMVakkaC3zcq59bBpSUu2PHUMRGfAEAUZO","expires_in":7200}
2017-11-15 19:08:46.506 [http-apr-8080-exec-2] INFO  com.ray.weixin.gz.util.AuthHelper - jsonObject:{"errcode":0,"ticket":"HoagFKDcsGMVCIY2vOjf9mrEXbwXSbqpUm0898_LsZgBi9Ja3Cb-iRCpfbms7MNv3e_heT1Q91ygjzjqxFaRVw","errmsg":"ok","expires_in":7200}
2017-11-15 19:08:46.507 [http-apr-8080-exec-2] INFO  com.ray.weixin.gz.util.AuthHelper - accessToken:uRF-EcGdjlUkY_77m2izsj0H8KRAg2RvEij3mLKIxeys5PlwH8F9clU4c9Ol1xTER-ISkggTjfDmPb2HEzCuMVakkaC3zcq59bBpSUu2PHUMRGfAEAUZO
2017-11-15 19:08:46.507 [http-apr-8080-exec-2] INFO  com.ray.weixin.gz.util.AuthHelper - ticket:HoagFKDcsGMVCIY2vOjf9mrEXbwXSbqpUm0898_LsZgBi9Ja3Cb-iRCpfbms7MNv3e_heT1Q91ygjzjqxFaRVw
2017-11-15 19:08:46.507 [http-apr-8080-exec-2] INFO  com.ray.weixin.gz.util.AuthHelper - nonceStr:56c2c1cc-7899-4210-bcdb-2ea168ecb818
2017-11-15 19:08:46.507 [http-apr-8080-exec-2] INFO  com.ray.weixin.gz.util.AuthHelper - timeStamp:1510744126
2017-11-15 19:08:46.507 [http-apr-8080-exec-2] INFO  com.ray.weixin.gz.util.AuthHelper - signedUrl:http://rayner.nat300.top/weixin_gz/showInvoice.jsp
2017-11-15 19:08:46.508 [http-apr-8080-exec-2] INFO  com.ray.weixin.gz.util.AuthHelper - signature:911ad913a6b6ed243a3eab096e0b14b14c0f55ee
2017-11-15 19:08:46.508 [http-apr-8080-exec-2] INFO  com.ray.weixin.gz.util.AuthHelper - appId:wx07c4d9d0895fe212
2017-11-15 19:08:46.508 [http-apr-8080-exec-2] INFO  com.ray.weixin.gz.util.AuthHelper - configValue:{signature:'911ad913a6b6ed243a3eab096e0b14b14c0f55ee',nonceStr:'56c2c1cc-7899-4210-bcdb-2ea168ecb818',timeStamp:'1510744126',appId:'wx07c4d9d0895fe212'}
2017-11-15 19:08:46.601 [http-apr-8080-exec-2] INFO  com.ray.weixin.gz.util.AuthHelper - jsonObject:{"access_token":"uRF-EcGdjlUkY_77m2izsj0H8KRAg2RvEij3mLKIxeywHcye2USrzD3Yagcl3mSAbvOoW_mMiEbeNzqmVfIxrZLQxTQH9qCXn6ZqZ9sy1mwBOJfAEAKXS","expires_in":7200}
2017-11-15 19:08:46.685 [http-apr-8080-exec-2] INFO  com.ray.weixin.gz.service.invoice.InvoiceService - jsonObject:{"errcode":0,"ticket":"9KwiourQPRN3vx3Nn1c_iXCh-5F7rD5UiR6FRkNziS3ioM7lrWDvEODqM6XQdQbgraF_oLOqdFSXbGH0lwPjuA","errmsg":"ok","expires_in":7200}
2017-11-15 19:08:46.686 [http-apr-8080-exec-2] INFO  com.ray.weixin.gz.util.AuthHelper - apiTicket:9KwiourQPRN3vx3Nn1c_iXCh-5F7rD5UiR6FRkNziS3ioM7lrWDvEODqM6XQdQbgraF_oLOqdFSXbGH0lwPjuA
2017-11-15 19:08:46.687 [http-apr-8080-exec-2] INFO  com.ray.weixin.gz.util.AuthHelper - appId:wx07c4d9d0895fe212
2017-11-15 19:08:46.687 [http-apr-8080-exec-2] INFO  com.ray.weixin.gz.util.AuthHelper - timeStamp:1510744126
2017-11-15 19:08:46.687 [http-apr-8080-exec-2] INFO  com.ray.weixin.gz.util.AuthHelper - nonceStr:55ab5762-d0c7-4374-a817-e0c9d2ce7c53
2017-11-15 19:08:46.687 [http-apr-8080-exec-2] INFO  com.ray.weixin.gz.util.AuthHelper - cardType:INVOICE
2017-11-15 19:08:46.688 [http-apr-8080-exec-2] INFO  com.ray.weixin.gz.util.AuthHelper - cardSign:8c01f0ec531c237aa336d6e7fbf33d7d74af78ab
2017-11-15 19:08:46.688 [http-apr-8080-exec-2] INFO  com.ray.weixin.gz.util.AuthHelper - signType:SHA1
2017-11-15 19:08:46.688 [http-apr-8080-exec-2] INFO  com.ray.weixin.gz.util.AuthHelper - configValue:{"signType":"SHA1","cardSign":"8c01f0ec531c237aa336d6e7fbf33d7d74af78ab","nonceStr":"55ab5762-d0c7-4374-a817-e0c9d2ce7c53","timestamp":"1510744126"}
2017-11-15 19:08:57.724 [http-apr-8080-exec-3] INFO  com.ray.weixin.gz.util.AuthHelper - jsonObject:{"access_token":"sOMuLO33vAds2ZMcR5JaO69ALUbU6fK5JSc72dvUUGTwtfE2ZOmywD2absJO3Tu2azrZnTuAo7eHwhx0ErNDlmYhvrgNwhVvU_0WFO417aAOCCfAGACQQ","expires_in":7200}
2017-11-15 19:08:57.880 [http-apr-8080-exec-3] INFO  com.ray.weixin.gz.service.invoice.InvoiceService - jsonObject:{"errcode":0,"payee":"上海圆迈贸易有限公司","user_info":{"reimburse_status":"INVOICE_REIMBURSE_INIT","fee":19265,"tax":2799,"pdf_url":"http://wdfp.5ifapiao.com/wx-card/getPdf/wdfp/031001700311/10130772/59869458371280709832?card_id=pN0bYv8ll7_8REjYNPNLzfSpVi54&wx_invoice_token=vHE5kaaLFelvyosk6hyN9qfmT4mz22-3-DtItACfp08jA-W3T1CC2S11Axvpd1aCpx_Aq5S_UOz4XvWOLSpEydOXs9ECnNtUkrCyHFwicWc.","title":"个人","billing_code":"10130772","billing_time":1510662340,"check_code":"59869458371280709832","fee_without_tax":16466,"detail":" ","billing_no":"031001700311","order_id":"64532618652","info":[{"unit":" ","price":16466,"num":1,"name":"七匹狼 男士纯棉内裤平角裤 舒适透气柔软棉质裤头 4条混色礼盒装 XXXL（95159-4）"}]},"openid":"o1M7_1TLByH8H1T7XCIj23Roo5yU","errmsg":"ok","detail":"可在公司企业号内报销使用","type":"增值税电子普通发票","card_id":"pN0bYv8ll7_8REjYNPNLzfSpVi54"}
2017-11-15 19:08:57.881 [http-apr-8080-exec-3] INFO  com.ray.weixin.gz.controller.invoice.InvoiceServlet - [{"errcode":0,"payee":"上海圆迈贸易有限公司","user_info":{"reimburse_status":"INVOICE_REIMBURSE_INIT","fee":19265,"tax":2799,"pdf_url":"http://wdfp.5ifapiao.com/wx-card/getPdf/wdfp/031001700311/10130772/59869458371280709832?card_id=pN0bYv8ll7_8REjYNPNLzfSpVi54&wx_invoice_token=vHE5kaaLFelvyosk6hyN9qfmT4mz22-3-DtItACfp08jA-W3T1CC2S11Axvpd1aCpx_Aq5S_UOz4XvWOLSpEydOXs9ECnNtUkrCyHFwicWc.","title":"个人","billing_code":"10130772","billing_time":1510662340,"check_code":"59869458371280709832","fee_without_tax":16466,"detail":" ","billing_no":"031001700311","order_id":"64532618652","info":[{"unit":" ","price":16466,"num":1,"name":"七匹狼 男士纯棉内裤平角裤 舒适透气柔软棉质裤头 4条混色礼盒装 XXXL（95159-4）"}]},"openid":"o1M7_1TLByH8H1T7XCIj23Roo5yU","errmsg":"ok","detail":"可在公司企业号内报销使用","type":"增值税电子普通发票","card_id":"pN0bYv8ll7_8REjYNPNLzfSpVi54"}]
