2017-11-09 11:25:02.228 [http-apr-8080-exec-6] INFO  com.ray.weixin.qy.controller.WeiXinServlet - post--------------
2017-11-09 11:25:02.242 [http-apr-8080-exec-6] INFO  com.ray.weixin.qy.service.message.reply.ReplyMessageService - parms:{"msg_signature":["d04b9f12fb6d036f557fce1367bbf3d6b81cd70b"],"timestamp":["1510197901"],"nonce":["1462129084"]}
2017-11-09 11:25:02.243 [http-apr-8080-exec-6] INFO  com.ray.weixin.qy.service.message.reply.ReplyMessageService - postData:<xml><ToUserName><![CDATA[ww92f5da92bb24696e]]></ToUserName><Encrypt><![CDATA[P1vvtt+EL8GODVpnaOz8b+6Trpvrd/CZOVY1IGO3sV9AJsHS1fSIfiAgkmhwuA3IMIwAQb0ij/bHiUD+R5mOSaAIrc0Ln4K6RtepWNqOOfOrSoFhIELQmhtXXA9xtpjMPawAY4ehpibWgOPjWVF4QD2KwWXOeOH/sR1Eyp1rqmJkNiO3oRa1CEu0kgX9oAxjV1pNPmsJJByVK+ySilQHVqeN/Z4EvGtm+Bsr46r0mOoMqTFAZ3eKlATKSzd1S6qzzGXoLlslPIZZQrGvFB0TbIQIvfnCzFdzwovF/KqKXHn2QRREQGEv4Orh8yI0Avd+Fbz5AZWxhWfLaS00mj6sgQ8LrpfRXlDs79mcCg3WWQy0x3GfGCDbMKQ1pQvD47cQNMIL16gi7r8RYJ462hQICjV+Xt9jvuSi6pSAmCL3SQbNS1RfMpyyNW5hzR0r/DrVgz+DNJU3bPQFregMT+7lo/v+Tc1soCI+89HcouaruOYt9gEJIZ/TaZ7RkVogGxii]]></Encrypt><AgentID><![CDATA[1000002]]></AgentID></xml>
2017-11-09 11:25:02.247 [http-apr-8080-exec-6] INFO  com.ray.weixin.qy.service.message.reply.ReplyMessageService - reply_xmlMsg:<xml><ToUserName><![CDATA[ww92f5da92bb24696e]]></ToUserName><FromUserName><![CDATA[ShiRui]]></FromUserName><CreateTime>1510197901</CreateTime><MsgType><![CDATA[event]]></MsgType><AgentID>1000002</AgentID><Event><![CDATA[LOCATION]]></Event><Latitude>31.1676</Latitude><Longitude>121.156</Longitude><Precision>15</Precision></xml>
2017-11-09 11:25:02.250 [http-apr-8080-exec-6] INFO  com.ray.weixin.qy.service.message.reply.ReplyMessageService - fromUserName:ShiRui
2017-11-09 11:25:02.250 [http-apr-8080-exec-6] INFO  com.ray.weixin.qy.service.message.reply.ReplyMessageService - toUserName:ww92f5da92bb24696e
2017-11-09 11:25:02.250 [http-apr-8080-exec-6] INFO  com.ray.weixin.qy.service.message.reply.ReplyMessageService - msgType:event
2017-11-09 11:25:02.250 [http-apr-8080-exec-6] INFO  com.ray.weixin.qy.service.message.reply.ReplyMessageService - Event:LOCATION  eventKey:null
2017-11-09 11:25:07.229 [http-apr-8080-exec-7] INFO  com.ray.weixin.qy.controller.WeiXinServlet - post--------------
2017-11-09 11:25:07.229 [http-apr-8080-exec-7] INFO  com.ray.weixin.qy.service.message.reply.ReplyMessageService - parms:{"msg_signature":["e2a722d6ab2009175109e2f162a2354c937d6f81"],"timestamp":["1510197906"],"nonce":["246780307"]}
2017-11-09 11:25:07.229 [http-apr-8080-exec-7] INFO  com.ray.weixin.qy.service.message.reply.ReplyMessageService - postData:<xml><ToUserName><![CDATA[ww92f5da92bb24696e]]></ToUserName><Encrypt><![CDATA[rgxfm5t/3spQyunxwhPvf9vKYXnKYXrqTc/x+4EGmGCGMkY8wAECPaevUQuwDd7xCUiQUPiO4kUbTCve9qemwKVzDxEMfieVME1YsYI73/g8lDUfNRQXG7TZfy7hlEIvkasHJhAGM6Kw/JlXphg3z+/j5ny/I5+UbLPu1EMvKBqILuOWnWHmO1bN14dejmaRdK9Ff3cECjKz0Lnwwrw7E/CMUS4bLyq9uHdJacpz8GimxFTh12mHJYkqB1/U0LDgrszbXtMbwuUULXwy/uOTRK5CamOYS1DdZYVIp0jf1YlLb5624tGQTzDx3DDn73Ba1CXtoXzG4IDduktH2fWebzGyKTHPVF8UelsN9WpTW+cFUyVgMNe1hWu3gNgTmdg6u2egIhF7idIX+F2I20Nvcl2M293mXNK/xVlGNKrHJAlTT0ewdzgSybEKE3vd51ElO5D6HXwCjJFY5iINUgunExuNAQmoc+1g+zM7ukJtoevKLLLP6PqknRs4fyJ1nYpb]]></Encrypt><AgentID><![CDATA[1000002]]></AgentID></xml>
2017-11-09 11:25:07.231 [http-apr-8080-exec-7] INFO  com.ray.weixin.qy.service.message.reply.ReplyMessageService - reply_xmlMsg:<xml><ToUserName><![CDATA[ww92f5da92bb24696e]]></ToUserName><FromUserName><![CDATA[ShiRui]]></FromUserName><CreateTime>1510197906</CreateTime><MsgType><![CDATA[event]]></MsgType><AgentID>1000002</AgentID><Event><![CDATA[LOCATION]]></Event><Latitude>31.1676</Latitude><Longitude>121.156</Longitude><Precision>15</Precision></xml>
2017-11-09 11:25:07.233 [http-apr-8080-exec-7] INFO  com.ray.weixin.qy.service.message.reply.ReplyMessageService - fromUserName:ShiRui
2017-11-09 11:25:07.233 [http-apr-8080-exec-7] INFO  com.ray.weixin.qy.service.message.reply.ReplyMessageService - toUserName:ww92f5da92bb24696e
2017-11-09 11:25:07.233 [http-apr-8080-exec-7] INFO  com.ray.weixin.qy.service.message.reply.ReplyMessageService - msgType:event
2017-11-09 11:25:07.233 [http-apr-8080-exec-7] INFO  com.ray.weixin.qy.service.message.reply.ReplyMessageService - Event:LOCATION  eventKey:null
2017-11-09 11:25:12.227 [http-apr-8080-exec-10] INFO  com.ray.weixin.qy.controller.WeiXinServlet - post--------------
2017-11-09 11:25:12.227 [http-apr-8080-exec-10] INFO  com.ray.weixin.qy.service.message.reply.ReplyMessageService - parms:{"msg_signature":["96655236f5da8859664567157ea5243c1b0396df"],"timestamp":["1510197911"],"nonce":["2072012523"]}
2017-11-09 11:25:12.227 [http-apr-8080-exec-10] INFO  com.ray.weixin.qy.service.message.reply.ReplyMessageService - postData:<xml><ToUserName><![CDATA[ww92f5da92bb24696e]]></ToUserName><Encrypt><![CDATA[WhPyeunrvdv/FKCQMG6UNqMd+v8LBYAOfnaA6m9KyIQzXrTaRh880FmCUJXbMeDhHvCYVJufbLGe/WT+9CNzL1OG0zC89ictXotYPWg0WDshYz7RSMV8Q7BfS1nZp9++bDfi6FM/SECELJ8KmeftBT2e5TkGcP5VQbuX+b+ny1zyCJ12N/4CQrUnaNIexgj/LAsfRlSam3f2wBOdzZFpySJdMznciN3gjYOWea51xR0J/fDB3Q4Z8ntAQF7TAZV9Mu999F97vkCrFuRAGYwSU5+05ut5I8BjKDAElpJg4fM6y41J12QboEFNadgNc76SujZu3Myiqao4hWU5FSrJIQwEw2e4ekQ6cPtiNtpuxAjuVvy9kAv+vyAZN3rCaWi4JwFIKvpalG3iEpIOaU04fgkWrXcVBD11dhcTZS5zAtGB842krfSuB7Gf2JiuI8LXS1Gm/gFJ3gUG4VDLp7kKNtUbs44C3/X/7loXXCBnCG48vUy0hvPfus5lFQiPWtVq]]></Encrypt><AgentID><![CDATA[1000002]]></AgentID></xml>
2017-11-09 11:25:12.229 [http-apr-8080-exec-10] INFO  com.ray.weixin.qy.service.message.reply.ReplyMessageService - reply_xmlMsg:<xml><ToUserName><![CDATA[ww92f5da92bb24696e]]></ToUserName><FromUserName><![CDATA[ShiRui]]></FromUserName><CreateTime>1510197911</CreateTime><MsgType><![CDATA[event]]></MsgType><AgentID>1000002</AgentID><Event><![CDATA[LOCATION]]></Event><Latitude>31.1676</Latitude><Longitude>121.156</Longitude><Precision>15</Precision></xml>
2017-11-09 11:25:12.230 [http-apr-8080-exec-10] INFO  com.ray.weixin.qy.service.message.reply.ReplyMessageService - fromUserName:ShiRui
2017-11-09 11:25:12.231 [http-apr-8080-exec-10] INFO  com.ray.weixin.qy.service.message.reply.ReplyMessageService - toUserName:ww92f5da92bb24696e
2017-11-09 11:25:12.231 [http-apr-8080-exec-10] INFO  com.ray.weixin.qy.service.message.reply.ReplyMessageService - msgType:event
2017-11-09 11:25:12.231 [http-apr-8080-exec-10] INFO  com.ray.weixin.qy.service.message.reply.ReplyMessageService - Event:LOCATION  eventKey:null
2017-11-09 11:25:17.256 [http-apr-8080-exec-1] INFO  com.ray.weixin.qy.controller.WeiXinServlet - post--------------
2017-11-09 11:25:17.257 [http-apr-8080-exec-1] INFO  com.ray.weixin.qy.service.message.reply.ReplyMessageService - parms:{"msg_signature":["b188ed21fd88a49c10956cd23f6db1aa551f1e98"],"timestamp":["1510197916"],"nonce":["1683457976"]}
2017-11-09 11:25:17.259 [http-apr-8080-exec-1] INFO  com.ray.weixin.qy.service.message.reply.ReplyMessageService - postData:<xml><ToUserName><![CDATA[ww92f5da92bb24696e]]></ToUserName><Encrypt><![CDATA[O3BwQoPqXUFjFEksdFUNcodUeevlQkUvj7edL+n0kMBLM+jDdNzGIkNstK+EO6ePP8R8Tss0gVTvpvSIVJ2kNu8v0YVmfaSpJqHN6OCXul1Lw7srlQKKbDgOdo/0z9OpTH7a4JOoJ+X1jfifgTY5iXR4FJhL02wVGO8vE0yYIq5Zr249RMQrlruyKDv8y2glGRX67Cg2gzeej6bMPjpxsipCIHMVcZdo1NDOFG5eTDbF1byu0rxFjek6yLW8dcWTG9ka1ChJY8BdWoYXiFBUmBVlkJlnWSl2aPFGkOnSZk4rnHi/A/y5DDPRsjojyJ/oPc/rWpyTbT84Zc8pSIAhRe2lOkNeBsdnboEFsZXPeDXdeY6sEesQ7pGO1qsuawI47QziEgaubPNbRakkXZA1EO3sSRMUDQjXWFLMvquz2vQruHuzCqqNSzgyqAiDW1cNDfve82Qavt1wwTHT/9ZNlkXRCMLlcYCk9LTHY01f9EYCB6MgHHR0D9j3f3CId4Sc]]></Encrypt><AgentID><![CDATA[1000002]]></AgentID></xml>
2017-11-09 11:25:17.262 [http-apr-8080-exec-1] INFO  com.ray.weixin.qy.service.message.reply.ReplyMessageService - reply_xmlMsg:<xml><ToUserName><![CDATA[ww92f5da92bb24696e]]></ToUserName><FromUserName><![CDATA[ShiRui]]></FromUserName><CreateTime>1510197916</CreateTime><MsgType><![CDATA[event]]></MsgType><AgentID>1000002</AgentID><Event><![CDATA[LOCATION]]></Event><Latitude>31.1676</Latitude><Longitude>121.156</Longitude><Precision>15</Precision></xml>
2017-11-09 11:25:17.265 [http-apr-8080-exec-1] INFO  com.ray.weixin.qy.service.message.reply.ReplyMessageService - fromUserName:ShiRui
2017-11-09 11:25:17.265 [http-apr-8080-exec-1] INFO  com.ray.weixin.qy.service.message.reply.ReplyMessageService - toUserName:ww92f5da92bb24696e
2017-11-09 11:25:17.266 [http-apr-8080-exec-1] INFO  com.ray.weixin.qy.service.message.reply.ReplyMessageService - msgType:event
2017-11-09 11:25:17.266 [http-apr-8080-exec-1] INFO  com.ray.weixin.qy.service.message.reply.ReplyMessageService - Event:LOCATION  eventKey:null
2017-11-09 11:25:22.241 [http-apr-8080-exec-4] INFO  com.ray.weixin.qy.controller.WeiXinServlet - post--------------
2017-11-09 11:25:22.241 [http-apr-8080-exec-4] INFO  com.ray.weixin.qy.service.message.reply.ReplyMessageService - parms:{"msg_signature":["5e7b43a684490b79c0030828e36566fa11707eea"],"timestamp":["1510197921"],"nonce":["170756650"]}
2017-11-09 11:25:22.242 [http-apr-8080-exec-4] INFO  com.ray.weixin.qy.service.message.reply.ReplyMessageService - postData:<xml><ToUserName><![CDATA[ww92f5da92bb24696e]]></ToUserName><Encrypt><![CDATA[UG8U422ewOlAZxuygT7oyEz8DtoJsWACajbKLc+6H1hKeJDugXdBIdvGNAVaCNInOm4PgdeHbtsik0FST7z2I5T8c2X58Ei8CRlZy+vZji3J1I90/HxTqbFHaMFPiUXaNRxE0zYkwFG0P/AVQ9EU0kuKW5T4Fc2CJRtjLxVNe10jikrjlhB7W42nn5fPFJr7IQDKVe1VSwWw/e6cPgUoou6GSgxXtuj9AhlcCYWMrxob+8FR8z6UAORC+2r82mAJfPdat1Nye9MiMfhKhQ+ByWkZ301FhkyZT8vl9nnELUQ7qWF3z9rs7w9LAxYgO0yXwFHGHoTJ+5BbyQdYhm2Rqro5nEe9JGNqK6iybAAHDRlee3afhj20s03vUbEuxzSMnbsb9Cdyyi0Fc/r44uWKhty14XyB30SGrHGsItETJ7T1S+eKHLiRjKI2FmB0WDNJd/oyycQATTBWaIcHm6oUbhdtG7PSxRifze7nD6vt+wS/NSMsFfaCHoWR0gjnT7XD]]></Encrypt><AgentID><![CDATA[1000002]]></AgentID></xml>
2017-11-09 11:25:22.242 [http-apr-8080-exec-4] INFO  com.ray.weixin.qy.service.message.reply.ReplyMessageService - reply_xmlMsg:<xml><ToUserName><![CDATA[ww92f5da92bb24696e]]></ToUserName><FromUserName><![CDATA[ShiRui]]></FromUserName><CreateTime>1510197921</CreateTime><MsgType><![CDATA[event]]></MsgType><AgentID>1000002</AgentID><Event><![CDATA[LOCATION]]></Event><Latitude>31.1676</Latitude><Longitude>121.156</Longitude><Precision>15</Precision></xml>
2017-11-09 11:25:22.243 [http-apr-8080-exec-4] INFO  com.ray.weixin.qy.service.message.reply.ReplyMessageService - fromUserName:ShiRui
2017-11-09 11:25:22.243 [http-apr-8080-exec-4] INFO  com.ray.weixin.qy.service.message.reply.ReplyMessageService - toUserName:ww92f5da92bb24696e
2017-11-09 11:25:22.243 [http-apr-8080-exec-4] INFO  com.ray.weixin.qy.service.message.reply.ReplyMessageService - msgType:event
2017-11-09 11:25:22.243 [http-apr-8080-exec-4] INFO  com.ray.weixin.qy.service.message.reply.ReplyMessageService - Event:LOCATION  eventKey:null
2017-11-09 11:25:27.258 [http-apr-8080-exec-6] INFO  com.ray.weixin.qy.controller.WeiXinServlet - post--------------
2017-11-09 11:25:27.258 [http-apr-8080-exec-6] INFO  com.ray.weixin.qy.service.message.reply.ReplyMessageService - parms:{"msg_signature":["3bf8915eee9f00f6f8f63d11958f08a73026363f"],"timestamp":["1510197926"],"nonce":["1856727694"]}
2017-11-09 11:25:27.258 [http-apr-8080-exec-6] INFO  com.ray.weixin.qy.service.message.reply.ReplyMessageService - postData:<xml><ToUserName><![CDATA[ww92f5da92bb24696e]]></ToUserName><Encrypt><![CDATA[mL4HKupIfKU7fZpLGsjQpviJ7vazSxUUBQT4on158BHmmlVBfpBDNjkG8B5eOx+xr5rSuAHIxQiPOTlx7wtq5IIeHGsmJehiRMewMNsPGfsZdHFrh5ZDjS68AcHYBPdFJgPn0CSlLMozpDsaQ9ma8zV7xYMePmLmc7kUiZLPcywWClskS6VvyFMH+mo2+hCFKCHBieWeT5EzVGVOxeBzgAqR1IMaq6Fja7TEenIsLsvqCfavnSFb0W1chnvp72BtSLGfdqNtY327Rw0f7d0Gt7ELcxgcP28NTptvcp3pDV1REe/ebCykOaEEW0zMtLG8wPXptxZ9CVc4UErxzhlGRZ/BbHTm6k3FcDC6Ghp+IRIOgaqJVcHn2QddcLC1LgcJ9UmBhzK9CswwlJO5IclPEYogL/vzsliPe1RhI6QGsHv7eNahVvM2eWg+/C2tmjmWkp9B/IzsSEr/eWddexFHFCRkdhTit3myoSDtlCUwXsOXiVXk8D9XMCeJAaExdnIs]]></Encrypt><AgentID><![CDATA[1000002]]></AgentID></xml>
2017-11-09 11:25:27.259 [http-apr-8080-exec-6] INFO  com.ray.weixin.qy.service.message.reply.ReplyMessageService - reply_xmlMsg:<xml><ToUserName><![CDATA[ww92f5da92bb24696e]]></ToUserName><FromUserName><![CDATA[ShiRui]]></FromUserName><CreateTime>1510197926</CreateTime><MsgType><![CDATA[event]]></MsgType><AgentID>1000002</AgentID><Event><![CDATA[LOCATION]]></Event><Latitude>31.1676</Latitude><Longitude>121.156</Longitude><Precision>15</Precision></xml>
2017-11-09 11:25:27.259 [http-apr-8080-exec-6] INFO  com.ray.weixin.qy.service.message.reply.ReplyMessageService - fromUserName:ShiRui
2017-11-09 11:25:27.260 [http-apr-8080-exec-6] INFO  com.ray.weixin.qy.service.message.reply.ReplyMessageService - toUserName:ww92f5da92bb24696e
2017-11-09 11:25:27.260 [http-apr-8080-exec-6] INFO  com.ray.weixin.qy.service.message.reply.ReplyMessageService - msgType:event
2017-11-09 11:25:27.260 [http-apr-8080-exec-6] INFO  com.ray.weixin.qy.service.message.reply.ReplyMessageService - Event:LOCATION  eventKey:null
2017-11-09 11:25:32.315 [http-apr-8080-exec-7] INFO  com.ray.weixin.qy.controller.WeiXinServlet - post--------------
2017-11-09 11:25:32.316 [http-apr-8080-exec-7] INFO  com.ray.weixin.qy.service.message.reply.ReplyMessageService - parms:{"msg_signature":["d8f6027851e5944ac5d6002393f53cef8d5c8b4a"],"timestamp":["1510197931"],"nonce":["1248196122"]}
2017-11-09 11:25:32.316 [http-apr-8080-exec-7] INFO  com.ray.weixin.qy.service.message.reply.ReplyMessageService - postData:<xml><ToUserName><![CDATA[ww92f5da92bb24696e]]></ToUserName><Encrypt><![CDATA[hd60Q3kC5ghhRX5GNzc5SgxCRFV6U9j8yJNhBFix2/7mpfOg3g+CITF2+6Adqg8YsJC6OkqVrGb4nDh0jK9V1Ef9F6WFvxX6sGGjCPPyIwyWBEm4+sgOFPsd9QzM+tTte3WVMCLTMkh3HOXXgQ5A5FhTVAjuMdPSASstXXJFDZ2XdQ6ZdIHhKEa5UA3pDXoPpEP5isKhPyZlGaLcLN3BfivSPKk6RoD7xp53nBN6DFi53eej9sxi/U4ycm4JLKewVJQXLXZz49sGpCCKp8vC2i8xOeLXer3EG6pr/DFkWlcfzLP31WVMuLFJFiVLI8e6MUJk7cEkcnledHXXXtVmf4mm1pgYuHB9mJwEtqUCV5b6y2QQVLCglTxdlMbvBYLWQiyAoJDuKTJufihrDb+PmaGKAVcBXoU7UNT+cswtHnm2zwUmCZqrDHyAqeEKGlb+pUWAboHoNyP8bUiQ37lUC22E3hzR8vLVhlBjxnt4z1ZtBXRKqhxTqdScvY2+SDAm]]></Encrypt><AgentID><![CDATA[1000002]]></AgentID></xml>
2017-11-09 11:25:32.318 [http-apr-8080-exec-7] INFO  com.ray.weixin.qy.service.message.reply.ReplyMessageService - reply_xmlMsg:<xml><ToUserName><![CDATA[ww92f5da92bb24696e]]></ToUserName><FromUserName><![CDATA[ShiRui]]></FromUserName><CreateTime>1510197931</CreateTime><MsgType><![CDATA[event]]></MsgType><AgentID>1000002</AgentID><Event><![CDATA[LOCATION]]></Event><Latitude>31.1676</Latitude><Longitude>121.156</Longitude><Precision>15</Precision></xml>
2017-11-09 11:25:32.321 [http-apr-8080-exec-7] INFO  com.ray.weixin.qy.service.message.reply.ReplyMessageService - fromUserName:ShiRui
2017-11-09 11:25:32.321 [http-apr-8080-exec-7] INFO  com.ray.weixin.qy.service.message.reply.ReplyMessageService - toUserName:ww92f5da92bb24696e
2017-11-09 11:25:32.321 [http-apr-8080-exec-7] INFO  com.ray.weixin.qy.service.message.reply.ReplyMessageService - msgType:event
2017-11-09 11:25:32.322 [http-apr-8080-exec-7] INFO  com.ray.weixin.qy.service.message.reply.ReplyMessageService - Event:LOCATION  eventKey:null
2017-11-09 11:25:37.429 [http-apr-8080-exec-10] INFO  com.ray.weixin.qy.controller.WeiXinServlet - post--------------
2017-11-09 11:25:37.429 [http-apr-8080-exec-10] INFO  com.ray.weixin.qy.service.message.reply.ReplyMessageService - parms:{"msg_signature":["b8fd43fde31955bf08a96b06455fcbce435a973b"],"timestamp":["1510197936"],"nonce":["249201358"]}
2017-11-09 11:25:37.429 [http-apr-8080-exec-10] INFO  com.ray.weixin.qy.service.message.reply.ReplyMessageService - postData:<xml><ToUserName><![CDATA[ww92f5da92bb24696e]]></ToUserName><Encrypt><![CDATA[kNtZUFJ3k+pzQ8jEEKLZNZzbLt6xbeevA5o7EsAMs+RrW9aGVxm8rc4L9oCH8JTWbHo1AQP2W+fKDdrKL74wagjAw8y+CopGO1XpIauD4p5SKqs23ZMzymeZeHeB5cvXsO043O5DFX5Ry0J7MldNrWzM2SKPBN8HcbvQuawnx7comhI+h1JCc1uXFfT6eydfrA4nXiXVfHeW1f5vURGIQa1mSNgxOCJzfwBsb/E9DIkWpiRPSx4RXRl+EpXWRhKJloMbtQkZd5T7pVV9foPLern1YzBOUfwhMr1ohKTDGume8JmzxZBadxCvOUEOggIenDKzWyYo8Oky1k3jYgvSREJToAyUAoMXHDqm253EO53MyL1CS7M9WvjJbelZPlxoakZK2sDkO1NrvXtCYfb9mY6UQNBHli9NAYC7i1fCQJ/4M/gm6dMr8zx+jJaTeR27aCnao1DIW+vafMLHXvbX+/TxnmVhQkwvrFKGrPDd83AOJzQl+1t4LmH8/0mWEAFL]]></Encrypt><AgentID><![CDATA[1000002]]></AgentID></xml>
2017-11-09 11:25:37.430 [http-apr-8080-exec-10] INFO  com.ray.weixin.qy.service.message.reply.ReplyMessageService - reply_xmlMsg:<xml><ToUserName><![CDATA[ww92f5da92bb24696e]]></ToUserName><FromUserName><![CDATA[ShiRui]]></FromUserName><CreateTime>1510197936</CreateTime><MsgType><![CDATA[event]]></MsgType><AgentID>1000002</AgentID><Event><![CDATA[LOCATION]]></Event><Latitude>31.1676</Latitude><Longitude>121.156</Longitude><Precision>15</Precision></xml>
2017-11-09 11:25:37.431 [http-apr-8080-exec-10] INFO  com.ray.weixin.qy.service.message.reply.ReplyMessageService - fromUserName:ShiRui
2017-11-09 11:25:37.431 [http-apr-8080-exec-10] INFO  com.ray.weixin.qy.service.message.reply.ReplyMessageService - toUserName:ww92f5da92bb24696e
2017-11-09 11:25:37.431 [http-apr-8080-exec-10] INFO  com.ray.weixin.qy.service.message.reply.ReplyMessageService - msgType:event
2017-11-09 11:25:37.431 [http-apr-8080-exec-10] INFO  com.ray.weixin.qy.service.message.reply.ReplyMessageService - Event:LOCATION  eventKey:null
2017-11-09 11:25:42.284 [http-apr-8080-exec-1] INFO  com.ray.weixin.qy.controller.WeiXinServlet - post--------------
2017-11-09 11:25:42.285 [http-apr-8080-exec-1] INFO  com.ray.weixin.qy.service.message.reply.ReplyMessageService - parms:{"msg_signature":["ad1883a5eeff7b2dfc3faf1551ac640a0042d978"],"timestamp":["1510197941"],"nonce":["88813731"]}
2017-11-09 11:25:42.285 [http-apr-8080-exec-1] INFO  com.ray.weixin.qy.service.message.reply.ReplyMessageService - postData:<xml><ToUserName><![CDATA[ww92f5da92bb24696e]]></ToUserName><Encrypt><![CDATA[KijR5GLWAYpn20Uww0sNDrmupBSflUP/kPOzDMYq+oYciZHd5K1G4dxPQL4SOk7Gg0Nbk6UqtcOJNJ/L6g0gnFc4itJNdILQxiQiWBYOID2ScJaj0Ncphz6qGByRzhupMFaBQi/MVO2OZxOWrQtVzcC/nyXCiwGZLGMvK3Fi2KGO6VtTnq3f7DVEuxfgCsh/NhM5NmQ4U4D/otTXllHSCZaeDWa9YpqDsXHXMizC3HPivUPc0auIDKfVmVrD+wN9CEq1MWzmgoqGK6Fzci0rugrR4goRI9lsuSM1zii238lRZZPa0tRDdLTC5SBMAWkwW9Iq8XTCIgEXvvXHfBAyQzSk3aUby8wSyiU1NZE4TVYhPFQ4G+0ObkJclcQCKFqiC4mqFCumcVUwvbWWw49VbB1vSc0g7OqNUxAGk73PZp2ic1z1K92kDw4z2DeB/kADTnPSdgOk6F3Fc71fT8a2hPfmM/ybKIGz8k0WRorlRK2zeyOfmhWlKj88FwHlxWmj]]></Encrypt><AgentID><![CDATA[1000002]]></AgentID></xml>
2017-11-09 11:25:42.287 [http-apr-8080-exec-1] INFO  com.ray.weixin.qy.service.message.reply.ReplyMessageService - reply_xmlMsg:<xml><ToUserName><![CDATA[ww92f5da92bb24696e]]></ToUserName><FromUserName><![CDATA[ShiRui]]></FromUserName><CreateTime>1510197941</CreateTime><MsgType><![CDATA[event]]></MsgType><AgentID>1000002</AgentID><Event><![CDATA[LOCATION]]></Event><Latitude>31.1676</Latitude><Longitude>121.156</Longitude><Precision>15</Precision></xml>
2017-11-09 11:25:42.289 [http-apr-8080-exec-1] INFO  com.ray.weixin.qy.service.message.reply.ReplyMessageService - fromUserName:ShiRui
2017-11-09 11:25:42.289 [http-apr-8080-exec-1] INFO  com.ray.weixin.qy.service.message.reply.ReplyMessageService - toUserName:ww92f5da92bb24696e
2017-11-09 11:25:42.289 [http-apr-8080-exec-1] INFO  com.ray.weixin.qy.service.message.reply.ReplyMessageService - msgType:event
2017-11-09 11:25:42.289 [http-apr-8080-exec-1] INFO  com.ray.weixin.qy.service.message.reply.ReplyMessageService - Event:LOCATION  eventKey:null
2017-11-09 11:25:47.316 [http-apr-8080-exec-4] INFO  com.ray.weixin.qy.controller.WeiXinServlet - post--------------
2017-11-09 11:25:47.317 [http-apr-8080-exec-4] INFO  com.ray.weixin.qy.service.message.reply.ReplyMessageService - parms:{"msg_signature":["2e1ce41097e758cae52b45486f8f6fee1c84a5cc"],"timestamp":["1510197946"],"nonce":["405802454"]}
2017-11-09 11:25:47.317 [http-apr-8080-exec-4] INFO  com.ray.weixin.qy.service.message.reply.ReplyMessageService - postData:<xml><ToUserName><![CDATA[ww92f5da92bb24696e]]></ToUserName><Encrypt><![CDATA[mWbuFG7f33CT/hh2HdnebN3uc26dB5LqHOllqyVCDzXxIXWmnY9nZrGF3IsHfI1VFX8rL1oN7SYQ77WiUYWR6PqC00Hlt/f5PmrhSbAahgx8wK/Dov1Hxxeh3YfTJWHp1/yjBDF7HVd1/yEWHVbjp1eogzHJCEfTgDYhLeMcNyO0vpPS8t5cy+wR0gXwzyKExAoR+LRIjfxlGvmw/Bf9mVPmb/ktaGH715IZV44YszdSts3uhe3MmNuJzMHwIst01OzR6QSy0l0mOi90/gm+S9EGHpiZoQkKLyZMzv+xiHM72e/1JfRI4l57v0xKOc/KB4CZjCE8J3diXnIqT97HVZgu1a5ff/pEpqVDCm4OcQBktewcMhp/Z/AvyL4PkQU7pv2HTS+7bHWqQ7XRq9MRTYVgVkKqRQbSdFwV91KAhktKxPySIcuva/8qeS24EK0U8LQd+ZmWQKCdEFhbHBQzNkUT0RSfzYOw4pkik5jeDgNQ8d9AWOqBCUjEZXFIGBiU]]></Encrypt><AgentID><![CDATA[1000002]]></AgentID></xml>
2017-11-09 11:25:47.321 [http-apr-8080-exec-4] INFO  com.ray.weixin.qy.service.message.reply.ReplyMessageService - reply_xmlMsg:<xml><ToUserName><![CDATA[ww92f5da92bb24696e]]></ToUserName><FromUserName><![CDATA[ShiRui]]></FromUserName><CreateTime>1510197946</CreateTime><MsgType><![CDATA[event]]></MsgType><AgentID>1000002</AgentID><Event><![CDATA[LOCATION]]></Event><Latitude>31.1676</Latitude><Longitude>121.156</Longitude><Precision>15</Precision></xml>
2017-11-09 11:25:47.324 [http-apr-8080-exec-4] INFO  com.ray.weixin.qy.service.message.reply.ReplyMessageService - fromUserName:ShiRui
2017-11-09 11:25:47.324 [http-apr-8080-exec-4] INFO  com.ray.weixin.qy.service.message.reply.ReplyMessageService - toUserName:ww92f5da92bb24696e
2017-11-09 11:25:47.324 [http-apr-8080-exec-4] INFO  com.ray.weixin.qy.service.message.reply.ReplyMessageService - msgType:event
2017-11-09 11:25:47.324 [http-apr-8080-exec-4] INFO  com.ray.weixin.qy.service.message.reply.ReplyMessageService - Event:LOCATION  eventKey:null
2017-11-09 11:25:52.392 [http-apr-8080-exec-6] INFO  com.ray.weixin.qy.controller.WeiXinServlet - post--------------
2017-11-09 11:25:52.392 [http-apr-8080-exec-6] INFO  com.ray.weixin.qy.service.message.reply.ReplyMessageService - parms:{"msg_signature":["72e6847de700cc9fc44097813d61befba9a5ba24"],"timestamp":["1510197951"],"nonce":["346959011"]}
2017-11-09 11:25:52.393 [http-apr-8080-exec-6] INFO  com.ray.weixin.qy.service.message.reply.ReplyMessageService - postData:<xml><ToUserName><![CDATA[ww92f5da92bb24696e]]></ToUserName><Encrypt><![CDATA[xLSr5F4VY+VwGSkHxNWr7d5WOgypetUPQDqE4z3LmI2r0aUU5inEE5Wdsl4Vs3/F8hsHe7PS4d74sHdtWoGIiY+kqe4Q6qoFQKh4IUKGPl6HbmI7YrhMYj5bdM0i6Jz+Yn4syDRzePPpXY9va+VACRQ0jFXZH+EmGTduWTo3dn/kFdRtDE7pgXpSVeHE/hHwswPspUL/bJsSqCpJ1EXLRdJRzWQC9Dbl/FJ/mSZzAZGmYdqDdQXfZJvoTm2M9eWlL8OTe8bERkD5GNGVg+EWASVyW6rAR4FTlbVenZLUILYjV9DkmmIUTipZ4rmYSUP+q2dLLs007oumxqekgXwYwLwfaTPsbFkJC55VN4Qr0bua0TFjaQc8lgMrjZrpboIfCDaJZBNF+J+kkdEnUA5PpXSXrTG2u7WNyRgGkZfEAB7qX78WMwKG4JPh2ZCW/hVS0Npr9eoMzWQUi4AqMXV0RR7zH865RVxZztOZCeDAMr+/GzXcwx9BV5y8xXyxdKAU]]></Encrypt><AgentID><![CDATA[1000002]]></AgentID></xml>
2017-11-09 11:25:52.395 [http-apr-8080-exec-6] INFO  com.ray.weixin.qy.service.message.reply.ReplyMessageService - reply_xmlMsg:<xml><ToUserName><![CDATA[ww92f5da92bb24696e]]></ToUserName><FromUserName><![CDATA[ShiRui]]></FromUserName><CreateTime>1510197951</CreateTime><MsgType><![CDATA[event]]></MsgType><AgentID>1000002</AgentID><Event><![CDATA[LOCATION]]></Event><Latitude>31.1676</Latitude><Longitude>121.156</Longitude><Precision>15</Precision></xml>
2017-11-09 11:25:52.397 [http-apr-8080-exec-6] INFO  com.ray.weixin.qy.service.message.reply.ReplyMessageService - fromUserName:ShiRui
2017-11-09 11:25:52.397 [http-apr-8080-exec-6] INFO  com.ray.weixin.qy.service.message.reply.ReplyMessageService - toUserName:ww92f5da92bb24696e
2017-11-09 11:25:52.397 [http-apr-8080-exec-6] INFO  com.ray.weixin.qy.service.message.reply.ReplyMessageService - msgType:event
2017-11-09 11:25:52.398 [http-apr-8080-exec-6] INFO  com.ray.weixin.qy.service.message.reply.ReplyMessageService - Event:LOCATION  eventKey:null
2017-11-09 11:25:57.387 [http-apr-8080-exec-7] INFO  com.ray.weixin.qy.controller.WeiXinServlet - post--------------
2017-11-09 11:25:57.387 [http-apr-8080-exec-7] INFO  com.ray.weixin.qy.service.message.reply.ReplyMessageService - parms:{"msg_signature":["407f10b82751c42baa52bd7d967a2006413bf03d"],"timestamp":["1510197956"],"nonce":["1930011646"]}
2017-11-09 11:25:57.387 [http-apr-8080-exec-7] INFO  com.ray.weixin.qy.service.message.reply.ReplyMessageService - postData:<xml><ToUserName><![CDATA[ww92f5da92bb24696e]]></ToUserName><Encrypt><![CDATA[Xh8/n3DGCJih1k8MOeZG+8t+V87dqlOfGN2vtIm3xu26eXPVuJiQq6fRbpzCGR+kcYfmRCylj4+larnCXQ9bLRQbxRTnki10ETMvrV/dF1UJZCl3bECvkpgmDtef94ccfvw+tGEPZ4XbZC+ixBDDe5StdufVtk3uzkuQX/ZAXP3IJO04rvbQGgVsKkXM3FQwG2tlE5AfspxQcZ/u2c8nj8iwOTtvx5wjcQK3Go+r7Vjyj/lUW9czdJqSx9C1PlpQiwYiMgH5lNYZu+OEB4QxBGodYsD5uyOgmWGG76TsrqO9MN3/lCyWpcULYzeWfyWaph0p6jSlXCE/UCFxNY5YugqltIK6V7rRmMSX852RIvuc3rPxyGegSZRwUiCJUEckcru2kh2IpsTurLA7DKYInSdKH5Y5VFNgyuxERZbowuRlFdmEKupBEcEmA0zVdjJrJCgOfbhE4YA9OUhrgewJriunRnKROoqX+hwd2C7CCHgw26SSsaGZzbIQ9y7yPs3Z]]></Encrypt><AgentID><![CDATA[1000002]]></AgentID></xml>
2017-11-09 11:25:57.388 [http-apr-8080-exec-7] INFO  com.ray.weixin.qy.service.message.reply.ReplyMessageService - reply_xmlMsg:<xml><ToUserName><![CDATA[ww92f5da92bb24696e]]></ToUserName><FromUserName><![CDATA[ShiRui]]></FromUserName><CreateTime>1510197956</CreateTime><MsgType><![CDATA[event]]></MsgType><AgentID>1000002</AgentID><Event><![CDATA[LOCATION]]></Event><Latitude>31.1676</Latitude><Longitude>121.156</Longitude><Precision>15</Precision></xml>
2017-11-09 11:25:57.389 [http-apr-8080-exec-7] INFO  com.ray.weixin.qy.service.message.reply.ReplyMessageService - fromUserName:ShiRui
2017-11-09 11:25:57.389 [http-apr-8080-exec-7] INFO  com.ray.weixin.qy.service.message.reply.ReplyMessageService - toUserName:ww92f5da92bb24696e
2017-11-09 11:25:57.389 [http-apr-8080-exec-7] INFO  com.ray.weixin.qy.service.message.reply.ReplyMessageService - msgType:event
2017-11-09 11:25:57.389 [http-apr-8080-exec-7] INFO  com.ray.weixin.qy.service.message.reply.ReplyMessageService - Event:LOCATION  eventKey:null
