2017-11-09 13:35:03.522 [http-apr-8080-exec-4] INFO  com.ray.weixin.qy.util.AuthHelper - jsonObject:{"errcode":0,"access_token":"HAXViOQY3DGAvBiBKjCsINmIRRUBT5qPdfoC4Z8571X1BUGBGeUR24SM9BJttafP4lMxb8DMjyyKPX0WO1az3mXgERblmFYc8l8o5qRwLhqXSTaQf4H5kiX5_IUQ5aEhzMVrHdHo71xR9DphzuJ-zUFPYWFBoF2UZ1VQVCmVzidT3HCqCocrpbksyJw4Kp2n9j-O6V7UVhewcXu4SXgRIg","errmsg":"ok","expires_in":7200}
2017-11-09 13:35:03.909 [http-apr-8080-exec-4] INFO  com.ray.weixin.qy.util.AuthHelper - jsonObject:{"errcode":0,"ticket":"kgt8ON7yVITDhtdwci0qebCLEfC_BfeygIq8cFPLbdbdgXAuwqW0TQb7lRnbFXxfHzevQQFSYr2oYlyC7L5k6Q","errmsg":"ok","expires_in":7200}
2017-11-09 13:35:03.910 [http-apr-8080-exec-4] INFO  com.ray.weixin.qy.util.AuthHelper - url:http://rayner.nat300.top/weixin_qy/showInvoice.jsp
2017-11-09 13:35:03.929 [http-apr-8080-exec-4] INFO  com.ray.weixin.qy.util.AuthHelper - accessToken:HAXViOQY3DGAvBiBKjCsINmIRRUBT5qPdfoC4Z8571X1BUGBGeUR24SM9BJttafP4lMxb8DMjyyKPX0WO1az3mXgERblmFYc8l8o5qRwLhqXSTaQf4H5kiX5_IUQ5aEhzMVrHdHo71xR9DphzuJ-zUFPYWFBoF2UZ1VQVCmVzidT3HCqCocrpbksyJw4Kp2n9j-O6V7UVhewcXu4SXgRIg
2017-11-09 13:35:03.930 [http-apr-8080-exec-4] INFO  com.ray.weixin.qy.util.AuthHelper - jsapi_ticket:kgt8ON7yVITDhtdwci0qebCLEfC_BfeygIq8cFPLbdbdgXAuwqW0TQb7lRnbFXxfHzevQQFSYr2oYlyC7L5k6Q
2017-11-09 13:35:03.930 [http-apr-8080-exec-4] INFO  com.ray.weixin.qy.util.AuthHelper - appId:ww92f5da92bb24696e
2017-11-09 13:35:03.930 [http-apr-8080-exec-4] INFO  com.ray.weixin.qy.util.AuthHelper - timestamp:1510205703
2017-11-09 13:35:03.930 [http-apr-8080-exec-4] INFO  com.ray.weixin.qy.util.AuthHelper - nonceStr:9edecaf4-33fe-4e7d-b8a6-0ed64ac6f15f
2017-11-09 13:35:03.932 [http-apr-8080-exec-4] INFO  com.ray.weixin.qy.util.AuthHelper - signature:da610bdcf91549621deb031f630a9e55f1e83a7f
2017-11-09 13:35:03.932 [http-apr-8080-exec-4] INFO  com.ray.weixin.qy.util.AuthHelper - configValue:{"signature":"da610bdcf91549621deb031f630a9e55f1e83a7f","appId":"ww92f5da92bb24696e","nonceStr":"9edecaf4-33fe-4e7d-b8a6-0ed64ac6f15f","timestamp":"1510205703"}
2017-11-09 13:35:04.175 [http-apr-8080-exec-4] INFO  com.ray.weixin.qy.util.AuthHelper - jsonObject:{"errcode":0,"access_token":"HAXViOQY3DGAvBiBKjCsINmIRRUBT5qPdfoC4Z8571X1BUGBGeUR24SM9BJttafP4lMxb8DMjyyKPX0WO1az3mXgERblmFYc8l8o5qRwLhqXSTaQf4H5kiX5_IUQ5aEhzMVrHdHo71xR9DphzuJ-zUFPYWFBoF2UZ1VQVCmVzidT3HCqCocrpbksyJw4Kp2n9j-O6V7UVhewcXu4SXgRIg","errmsg":"ok","expires_in":7200}
2017-11-09 13:35:04.368 [http-apr-8080-exec-4] INFO  com.ray.weixin.qy.util.AuthHelper - jsonObject:{"errcode":0,"ticket":"IpK_1T69hDhZkLQTlwsAXwPIgjZ1z6yuhHmi_IRriCjAaETgX6hy8VSpS699Pn9oOWN_ZH-0gEG9SMnro7cJRg","group_id":"","errmsg":"ok","expires_in":7200}
2017-11-09 13:35:04.369 [http-apr-8080-exec-4] INFO  com.ray.weixin.qy.util.AuthHelper - apiTicket:IpK_1T69hDhZkLQTlwsAXwPIgjZ1z6yuhHmi_IRriCjAaETgX6hy8VSpS699Pn9oOWN_ZH-0gEG9SMnro7cJRg
2017-11-09 13:35:04.369 [http-apr-8080-exec-4] INFO  com.ray.weixin.qy.util.AuthHelper - appId:ww92f5da92bb24696e
2017-11-09 13:35:04.369 [http-apr-8080-exec-4] INFO  com.ray.weixin.qy.util.AuthHelper - timeStamp:1510205704
2017-11-09 13:35:04.370 [http-apr-8080-exec-4] INFO  com.ray.weixin.qy.util.AuthHelper - nonceStr:d850d46a-06cb-4186-988b-bfb8db5bcf0b
2017-11-09 13:35:04.370 [http-apr-8080-exec-4] INFO  com.ray.weixin.qy.util.AuthHelper - cardType:INVOICE
2017-11-09 13:35:04.370 [http-apr-8080-exec-4] INFO  com.ray.weixin.qy.util.AuthHelper - cardSign:0e9f2ee52fdeb69a69d15a7c70b87177819af10c
2017-11-09 13:35:04.370 [http-apr-8080-exec-4] INFO  com.ray.weixin.qy.util.AuthHelper - signType:SHA1
2017-11-09 13:35:04.370 [http-apr-8080-exec-4] INFO  com.ray.weixin.qy.util.AuthHelper - configValue:{"signType":"SHA1","cardSign":"0e9f2ee52fdeb69a69d15a7c70b87177819af10c","nonceStr":"d850d46a-06cb-4186-988b-bfb8db5bcf0b","timestamp":"1510205704"}
