2017-11-09 11:18:46.637 [http-apr-8080-exec-2] INFO  com.ray.weixin.qy.controller.WeiXinServlet - post--------------
2017-11-09 11:18:46.643 [http-apr-8080-exec-2] INFO  com.ray.weixin.qy.service.message.reply.ReplyMessageService - parms:{"msg_signature":["588e4f20e851d9de05822a32bc5ed32fee542d47"],"timestamp":["1510197526"],"nonce":["1863824399"]}
2017-11-09 11:18:46.643 [http-apr-8080-exec-2] INFO  com.ray.weixin.qy.service.message.reply.ReplyMessageService - postData:<xml><ToUserName><![CDATA[ww92f5da92bb24696e]]></ToUserName><Encrypt><![CDATA[cUm1EvQO+JH9+wLxr83/cRevsuRBffYD38fIUKxS9ueYUTGd6J1ZHu0hKkONJJSnk0pdtPtZKvWrSI3fgUwLpo1rIr9of1UFGgbyHrTICjq8ISrMyKB0jmWiwiiexkoZcq3CjjKYmt/3pBlSi5bu/wHObUALjxFRmK1YxyJxZm8pIhRssVtXbcBgi2OLAf1fzGQb/JsEBS3yzBf2uMzgEkM2rYmhdUjUMTKlyqDvqqBq/4oVxNQza1F3YdkfQZ9G5T7nq7bXHRHfQU5H9SmVKkwNhuSq6t4vkgV5Cf++7m7zfS+3SCgm531eO9n1rqYwIBOS1BvWmO/bfTTBEzNYjjSZ3vjqtvqymWwFPvGgkzGRtuwpK9jNtGZbov/iNvOuipiF8qW+7Ixuj9fo1OrB2mYqqY8L3kjFta7NHG/apV1Jga9u9emT2RmynEClYDvhxpx1WzyNCc85hCXgfiRw3M+dSGK/34qFWwJs/+LfBuONh/nPLG3vF0jfUsQmg93c]]></Encrypt><AgentID><![CDATA[1000002]]></AgentID></xml>
2017-11-09 11:18:46.660 [http-apr-8080-exec-2] INFO  com.ray.weixin.qy.service.message.reply.ReplyMessageService - reply_xmlMsg:<xml><ToUserName><![CDATA[ww92f5da92bb24696e]]></ToUserName><FromUserName><![CDATA[ShiRui]]></FromUserName><CreateTime>1510197526</CreateTime><MsgType><![CDATA[event]]></MsgType><AgentID>1000002</AgentID><Event><![CDATA[LOCATION]]></Event><Latitude>31.1676</Latitude><Longitude>121.156</Longitude><Precision>15</Precision></xml>
2017-11-09 11:18:46.661 [http-apr-8080-exec-2] INFO  com.ray.weixin.qy.service.message.reply.ReplyMessageService - fromUserName:ShiRui
2017-11-09 11:18:46.661 [http-apr-8080-exec-2] INFO  com.ray.weixin.qy.service.message.reply.ReplyMessageService - toUserName:ww92f5da92bb24696e
2017-11-09 11:18:46.661 [http-apr-8080-exec-2] INFO  com.ray.weixin.qy.service.message.reply.ReplyMessageService - msgType:event
2017-11-09 11:18:46.661 [http-apr-8080-exec-2] INFO  com.ray.weixin.qy.service.message.reply.ReplyMessageService - Event:LOCATION  eventKey:null
2017-11-09 11:18:49.683 [http-apr-8080-exec-1] INFO  com.ray.weixin.qy.controller.WeiXinServlet - post--------------
2017-11-09 11:18:49.684 [http-apr-8080-exec-1] INFO  com.ray.weixin.qy.service.message.reply.ReplyMessageService - parms:{"msg_signature":["e4319c7751a1c43e2b97d9565ebdb189e2994e3d"],"timestamp":["1510197529"],"nonce":["1840505429"]}
2017-11-09 11:18:49.684 [http-apr-8080-exec-1] INFO  com.ray.weixin.qy.service.message.reply.ReplyMessageService - postData:<xml><ToUserName><![CDATA[ww92f5da92bb24696e]]></ToUserName><Encrypt><![CDATA[Qqjpnj5YKYuw64sZOkuxdYh2ZwySKTLmMtyuI2sqn7n3lUY3ve4R9NW2caFTzp6pYAApP6vWwVAHM1xRolnnr+zH2Nd0YNKJRoLlaOPZhX4D1uLkp5JHhGe4lHQ5Yu+E1MF4qLGiInxpKaE8F5g32ZqK6+sOLJB/lHbVZDA2sLFQOLQ46vq1Td4tktC1hBQ7RaUAsJvNDU42d2kSFgyoJ4RE2pT6DpW+E03jOPpY2JXcWGGrlW7kgiEaMe4cBjjJIk0l3yrlgy4T5QdoDZhx9ou3Sysyd8ZBZ7q8pGY2ywh+R9bQ9ypKtUMvYvdLXVCradscJ0e7pVNTmGrO2hBAz4l8Vfx0qs34oDggZPv+OuqV7u7t9emf+OEyzKSwyurtPniIRFKWGa1klE8lVYnHDhCeuSaNellYTzREtruc+hsJ0A+GAB3PIUZn37Snl0Ugfe1UJAsx4/UMLVQAuGeFAF330ldx1gjoQf75+3JhUlRNPiXPjnWquF1C17EWtmNL]]></Encrypt><AgentID><![CDATA[1000002]]></AgentID></xml>
2017-11-09 11:18:49.693 [http-apr-8080-exec-1] INFO  com.ray.weixin.qy.service.message.reply.ReplyMessageService - reply_xmlMsg:<xml><ToUserName><![CDATA[ww92f5da92bb24696e]]></ToUserName><FromUserName><![CDATA[ShiRui]]></FromUserName><CreateTime>1510197529</CreateTime><MsgType><![CDATA[event]]></MsgType><AgentID>1000002</AgentID><Event><![CDATA[view]]></Event><EventKey><![CDATA[http://rayner.nat300.top/weixin_qy/showInvoice.jsp]]></EventKey></xml>
2017-11-09 11:18:49.696 [http-apr-8080-exec-1] INFO  com.ray.weixin.qy.service.message.reply.ReplyMessageService - fromUserName:ShiRui
2017-11-09 11:18:49.696 [http-apr-8080-exec-1] INFO  com.ray.weixin.qy.service.message.reply.ReplyMessageService - toUserName:ww92f5da92bb24696e
2017-11-09 11:18:49.696 [http-apr-8080-exec-1] INFO  com.ray.weixin.qy.service.message.reply.ReplyMessageService - msgType:event
2017-11-09 11:18:49.696 [http-apr-8080-exec-1] INFO  com.ray.weixin.qy.service.message.reply.ReplyMessageService - Event:view  eventKey:http://rayner.nat300.top/weixin_qy/showInvoice.jsp
2017-11-09 11:18:50.032 [http-apr-8080-exec-4] INFO  com.ray.weixin.qy.util.AuthHelper - jsonObject:{"errcode":0,"access_token":"RVUMhaz-QcALWPrIef8VlQayDM5w55oYDw5FrLAax9W4TOLAOXTnChxYEP2-74uxxPT2C9i1I9wewB97GuODOPyN3p7to4_wYWQ3cAQMv-owZeVpxS-gopdSUPHtRFsxqx5m0RnpBhh0BI0DFiUS85FISGwMzmvNvPe6ZvlKrM54gETQx1ZRdVGQSMHVYFzqZBb9C7q_gw-eZZ9u8Kqw4A","errmsg":"ok","expires_in":7200}
2017-11-09 11:18:50.469 [http-apr-8080-exec-4] INFO  com.ray.weixin.qy.util.AuthHelper - jsonObject:{"errcode":0,"ticket":"kgt8ON7yVITDhtdwci0qebCLEfC_BfeygIq8cFPLbdav_wS6aHw3IOuPFhwb5b37fHfTFdS6e23Vb_dbDCjTOg","errmsg":"ok","expires_in":7200}
2017-11-09 11:18:50.470 [http-apr-8080-exec-4] INFO  com.ray.weixin.qy.util.AuthHelper - url:http://rayner.nat300.top/weixin_qy/showInvoice.jsp
2017-11-09 11:18:50.470 [http-apr-8080-exec-4] INFO  com.ray.weixin.qy.util.AuthHelper - accessToken:RVUMhaz-QcALWPrIef8VlQayDM5w55oYDw5FrLAax9W4TOLAOXTnChxYEP2-74uxxPT2C9i1I9wewB97GuODOPyN3p7to4_wYWQ3cAQMv-owZeVpxS-gopdSUPHtRFsxqx5m0RnpBhh0BI0DFiUS85FISGwMzmvNvPe6ZvlKrM54gETQx1ZRdVGQSMHVYFzqZBb9C7q_gw-eZZ9u8Kqw4A
2017-11-09 11:18:50.470 [http-apr-8080-exec-4] INFO  com.ray.weixin.qy.util.AuthHelper - jsapi_ticket:kgt8ON7yVITDhtdwci0qebCLEfC_BfeygIq8cFPLbdav_wS6aHw3IOuPFhwb5b37fHfTFdS6e23Vb_dbDCjTOg
2017-11-09 11:18:50.470 [http-apr-8080-exec-4] INFO  com.ray.weixin.qy.util.AuthHelper - appId:ww92f5da92bb24696e
2017-11-09 11:18:50.471 [http-apr-8080-exec-4] INFO  com.ray.weixin.qy.util.AuthHelper - timestamp:1510197529
2017-11-09 11:18:50.471 [http-apr-8080-exec-4] INFO  com.ray.weixin.qy.util.AuthHelper - nonceStr:ece0b9f1-e1c0-4b12-b478-a16ddfc11b21
2017-11-09 11:18:50.471 [http-apr-8080-exec-4] INFO  com.ray.weixin.qy.util.AuthHelper - signature:a2f25cda58a77f3db63d3e806d3673521836478b
2017-11-09 11:18:50.471 [http-apr-8080-exec-4] INFO  com.ray.weixin.qy.util.AuthHelper - configValue:{"signature":"a2f25cda58a77f3db63d3e806d3673521836478b","appId":"ww92f5da92bb24696e","nonceStr":"ece0b9f1-e1c0-4b12-b478-a16ddfc11b21","timestamp":"1510197529"}
2017-11-09 11:18:51.205 [http-apr-8080-exec-10] INFO  com.ray.weixin.qy.controller.WeiXinServlet - post--------------
2017-11-09 11:18:51.205 [http-apr-8080-exec-10] INFO  com.ray.weixin.qy.service.message.reply.ReplyMessageService - parms:{"msg_signature":["7f899a5bc744657aadc0134314748b65c2610181"],"timestamp":["1510197530"],"nonce":["29463878"]}
2017-11-09 11:18:51.206 [http-apr-8080-exec-10] INFO  com.ray.weixin.qy.service.message.reply.ReplyMessageService - postData:<xml><ToUserName><![CDATA[ww92f5da92bb24696e]]></ToUserName><Encrypt><![CDATA[0589wb1o8i1xHVrY6J/rs7N1s5zRufwqagkqfC6s5plr18Q2UJs4lQuUFOpCS3abYoseFqY7Kk3QNn2L57OZI+G3f2WwL6U6BqxmDO7vNqgdLpw1eAoLptj2pQy+LNienIlNb/N8uPFWhvLN2G5maRTJKzcOQrOUfCZaW5a2Ljag7PweyAJbl+mYYZB54NBivahogoe8XmeLy8WnTUcLmpcdPetjigTldkCtwoQXglKXVX4ho8S7IAdUgRjxfe2/9fYofFHm5ytAwJegl7eEPOsHJxAiWTJ1h1AA6zAMoyDdXpSVwAXGOq+WcX+EShGpEen2swlzMU24ZD5OiDBMRbY89AHZUQSq016CpM7cYSt4HSs2eGpDy6qrbZw4F+wge8mQMR5OEUuVuoDejew47rrCCmBep31HcruSom4AYlRcV/iE7fI/iHdcGE5+/mq+eWsO8/JOJOekJUmfDuzbHmYNWXmEUp6gixFim9TC+vBOpI3O5DKVxr9OEeFaYij5]]></Encrypt><AgentID><![CDATA[1000002]]></AgentID></xml>
2017-11-09 11:18:51.208 [http-apr-8080-exec-10] INFO  com.ray.weixin.qy.service.message.reply.ReplyMessageService - reply_xmlMsg:<xml><ToUserName><![CDATA[ww92f5da92bb24696e]]></ToUserName><FromUserName><![CDATA[ShiRui]]></FromUserName><CreateTime>1510197530</CreateTime><MsgType><![CDATA[event]]></MsgType><AgentID>1000002</AgentID><Event><![CDATA[LOCATION]]></Event><Latitude>31.1676</Latitude><Longitude>121.156</Longitude><Precision>15</Precision></xml>
2017-11-09 11:18:51.210 [http-apr-8080-exec-10] INFO  com.ray.weixin.qy.service.message.reply.ReplyMessageService - fromUserName:ShiRui
2017-11-09 11:18:51.210 [http-apr-8080-exec-10] INFO  com.ray.weixin.qy.service.message.reply.ReplyMessageService - toUserName:ww92f5da92bb24696e
2017-11-09 11:18:51.210 [http-apr-8080-exec-10] INFO  com.ray.weixin.qy.service.message.reply.ReplyMessageService - msgType:event
2017-11-09 11:18:51.210 [http-apr-8080-exec-10] INFO  com.ray.weixin.qy.service.message.reply.ReplyMessageService - Event:LOCATION  eventKey:null
2017-11-09 11:18:56.260 [http-apr-8080-exec-3] INFO  com.ray.weixin.qy.controller.WeiXinServlet - post--------------
2017-11-09 11:18:56.260 [http-apr-8080-exec-3] INFO  com.ray.weixin.qy.service.message.reply.ReplyMessageService - parms:{"msg_signature":["070b4b69e86dff5311f6987c4b9211ece115745e"],"timestamp":["1510197535"],"nonce":["758287133"]}
2017-11-09 11:18:56.262 [http-apr-8080-exec-3] INFO  com.ray.weixin.qy.service.message.reply.ReplyMessageService - postData:<xml><ToUserName><![CDATA[ww92f5da92bb24696e]]></ToUserName><Encrypt><![CDATA[7ml5Q97Z3olmT9pb/PcGgi66d3/lJV0IT14r47cRZzbrS5nk0YL4fUhfxJDcWFABlPfFymHXNVe0OpcbIAnYojusTpaMMXp2UbasPmfX4l8ezpH2+TsmRKQHtk4YsLw3DY1+K3rvUy3pBnMZtG3FxyxpH6vjR86nxofHR5Bdy4fyWTGYyMjYx0rlJ+eOLJe2HARQJLM/8vLDOS2iLD00zFE0FNbTZWs8zTcQ1Npalw1vhCKYxNG6gyM4I4d0ikWJG2eznEma+m0qRrsthi0TAzEhi8O+qP7EO42rXburcMgzvWpPvXbBmdETwxuraCYactOltBEc+1osYkytxIUAlDwdLeJLMbcMXIrys1PtrmTz18WoOmHJLnVRSsnZ19pXyXjmOzZK80dW2kxhXqtiOLWSN7fIxcWB4cVp3M/Xj7T7UDJwk4xF2+W2lpieUSkOZpRgGXHkU7qIua4zhQ3BAmXESjDF4lzuZIjR4VHrp5oWnk9A68BG1scWez2cG/nG]]></Encrypt><AgentID><![CDATA[1000002]]></AgentID></xml>
2017-11-09 11:18:56.266 [http-apr-8080-exec-3] INFO  com.ray.weixin.qy.service.message.reply.ReplyMessageService - reply_xmlMsg:<xml><ToUserName><![CDATA[ww92f5da92bb24696e]]></ToUserName><FromUserName><![CDATA[ShiRui]]></FromUserName><CreateTime>1510197535</CreateTime><MsgType><![CDATA[event]]></MsgType><AgentID>1000002</AgentID><Event><![CDATA[LOCATION]]></Event><Latitude>31.1676</Latitude><Longitude>121.156</Longitude><Precision>15</Precision></xml>
2017-11-09 11:18:56.269 [http-apr-8080-exec-3] INFO  com.ray.weixin.qy.service.message.reply.ReplyMessageService - fromUserName:ShiRui
2017-11-09 11:18:56.269 [http-apr-8080-exec-3] INFO  com.ray.weixin.qy.service.message.reply.ReplyMessageService - toUserName:ww92f5da92bb24696e
2017-11-09 11:18:56.270 [http-apr-8080-exec-3] INFO  com.ray.weixin.qy.service.message.reply.ReplyMessageService - msgType:event
2017-11-09 11:18:56.270 [http-apr-8080-exec-3] INFO  com.ray.weixin.qy.service.message.reply.ReplyMessageService - Event:LOCATION  eventKey:null
