2017-11-08 23:23:03.800 [http-apr-8080-exec-9] INFO  com.ray.weixin.qy.controller.WeiXinServlet - post--------------
2017-11-08 23:23:03.824 [http-apr-8080-exec-9] INFO  com.ray.weixin.qy.service.message.reply.ReplyMessageService - parms:{"msg_signature":["f1fdfa88bc7b4cef20e5c53b7e8abc2baaebd778"],"timestamp":["1510154583"],"nonce":["1625053658"]}
2017-11-08 23:23:03.824 [http-apr-8080-exec-9] INFO  com.ray.weixin.qy.service.message.reply.ReplyMessageService - postData:<xml><ToUserName><![CDATA[ww92f5da92bb24696e]]></ToUserName><Encrypt><![CDATA[N5FnnxxNt6PapF6C2RCDkJ48FxCHfylfcYiLiczQeiVioGZKAl7upW1Oy+yI7gF7U9tHes+HUdJCmeH9V0y1vrCo4NJmvwzdhMh3yKGHK6klr8b/fwbtd/1Hrd/qqm4O0h5kedpesz2e7r01f9SHfVJT/TnjGamxGJC7tVlrbvdwvxz6kFPb7wie+HTfYqyvqDZPQB9TRsyeu2dQDgWBTT5rrE0yI3lLT1NHyUcnoq98CKbcYyO5gleK46kM/KOA0dYxRs7MgsBmFiXr7H9UKlfEnVY5LmLkMwxoKQtBbwrJcQxUMzll2GqimBPm8j/cUT0I0RD/Z5nos1yqHP/JM3COlfWEx5eIvP9Ln38TV//bL/Z9Ld8//OUuGEWnYFlGfJD1+hw/HChicwJqsuaKYxzgeppIXrEYd7i++UHWk/u9wUKFswMKh1WjgR6KgBJpmyRcwUGSisaS4p2vEzS4luGeVsRa7CZ8QMnhs/bl4TKj0kaA8243muT8GqsrxldT]]></Encrypt><AgentID><![CDATA[1000002]]></AgentID></xml>
2017-11-08 23:23:03.827 [http-apr-8080-exec-9] INFO  com.ray.weixin.qy.service.message.reply.ReplyMessageService - reply_xmlMsg:<xml><ToUserName><![CDATA[ww92f5da92bb24696e]]></ToUserName><FromUserName><![CDATA[ShiRui]]></FromUserName><CreateTime>1510154583</CreateTime><MsgType><![CDATA[event]]></MsgType><AgentID>1000002</AgentID><Event><![CDATA[LOCATION]]></Event><Latitude>31.1615</Latitude><Longitude>121.142</Longitude><Precision>15</Precision></xml>
2017-11-08 23:23:03.829 [http-apr-8080-exec-9] INFO  com.ray.weixin.qy.service.message.reply.ReplyMessageService - fromUserName:ShiRui
2017-11-08 23:23:03.829 [http-apr-8080-exec-9] INFO  com.ray.weixin.qy.service.message.reply.ReplyMessageService - toUserName:ww92f5da92bb24696e
2017-11-08 23:23:03.829 [http-apr-8080-exec-9] INFO  com.ray.weixin.qy.service.message.reply.ReplyMessageService - msgType:event
2017-11-08 23:23:03.829 [http-apr-8080-exec-9] INFO  com.ray.weixin.qy.service.message.reply.ReplyMessageService - Event:LOCATION  eventKey:null
2017-11-08 23:23:08.708 [http-apr-8080-exec-8] INFO  com.ray.weixin.qy.controller.WeiXinServlet - post--------------
2017-11-08 23:23:08.710 [http-apr-8080-exec-8] INFO  com.ray.weixin.qy.service.message.reply.ReplyMessageService - parms:{"msg_signature":["cee8a658a4a1cff7fa0da1da874c5a2ac36ba317"],"timestamp":["1510154588"],"nonce":["580812219"]}
2017-11-08 23:23:08.711 [http-apr-8080-exec-8] INFO  com.ray.weixin.qy.service.message.reply.ReplyMessageService - postData:<xml><ToUserName><![CDATA[ww92f5da92bb24696e]]></ToUserName><Encrypt><![CDATA[HNEZFZbJBzkY3cRLcfA59x3ZOGidNF3B/Sip2MBTHmMiQE9Hmt9KyUvmEsNgJini4Ctbl2peVMy8mB8fD1OhuIvW0envPLFYO/T8e3JyeJfezHKM2sDJICuyaNno7l8UC+DC0oTxyE6xrQ4zC5sChv8hHvd3oviIqO6c1gR4sUcB9wgasE+vW3/j+a9V+hiUqX7uihS+G8/Qrs7+WxGFL7+GOlZFyPGR649o8WdiVwaFKvSBgsBsRd8Ihm9PnC4dCNVAMFyo39P5CFVsTtqEZil68By93tvYq+ohtXYRcFAD58kXGnijD9zoFEHJonfTdAXYauxP3YAGm4+QtRE7JpWma42lV4epPGZxjb4N7rUsPMfjyUg17ZHMJf1AKTJf2es+w11C/+RoTVGm4IXl5QMr4C+jU3d55UlSW2GpNpoa0O7AHN7ZB99vcnUT1SqjhtQPuwFK9QUH34dKejx/OYmhOy4szEIYq+QpJLQ7zXRxTSTs4EO7vjZaV2nIIdMb]]></Encrypt><AgentID><![CDATA[1000002]]></AgentID></xml>
2017-11-08 23:23:08.721 [http-apr-8080-exec-8] INFO  com.ray.weixin.qy.service.message.reply.ReplyMessageService - reply_xmlMsg:<xml><ToUserName><![CDATA[ww92f5da92bb24696e]]></ToUserName><FromUserName><![CDATA[ShiRui]]></FromUserName><CreateTime>1510154588</CreateTime><MsgType><![CDATA[event]]></MsgType><AgentID>1000002</AgentID><Event><![CDATA[LOCATION]]></Event><Latitude>31.1615</Latitude><Longitude>121.142</Longitude><Precision>15</Precision></xml>
2017-11-08 23:23:08.724 [http-apr-8080-exec-8] INFO  com.ray.weixin.qy.service.message.reply.ReplyMessageService - fromUserName:ShiRui
2017-11-08 23:23:08.725 [http-apr-8080-exec-8] INFO  com.ray.weixin.qy.service.message.reply.ReplyMessageService - toUserName:ww92f5da92bb24696e
2017-11-08 23:23:08.725 [http-apr-8080-exec-8] INFO  com.ray.weixin.qy.service.message.reply.ReplyMessageService - msgType:event
2017-11-08 23:23:08.726 [http-apr-8080-exec-8] INFO  com.ray.weixin.qy.service.message.reply.ReplyMessageService - Event:LOCATION  eventKey:null
2017-11-08 23:23:13.804 [http-apr-8080-exec-3] INFO  com.ray.weixin.qy.controller.WeiXinServlet - post--------------
2017-11-08 23:23:13.807 [http-apr-8080-exec-3] INFO  com.ray.weixin.qy.service.message.reply.ReplyMessageService - parms:{"msg_signature":["e5221b1dbbdd9b0269b956eaa43aa73243ab40bd"],"timestamp":["1510154593"],"nonce":["633189313"]}
2017-11-08 23:23:13.809 [http-apr-8080-exec-3] INFO  com.ray.weixin.qy.service.message.reply.ReplyMessageService - postData:<xml><ToUserName><![CDATA[ww92f5da92bb24696e]]></ToUserName><Encrypt><![CDATA[B4UZaycCrgkRCzviybW6TpRCyQghG71Xh1mAqkoH7gRfpmk6NPsi/Ju2D1F6TMX1q9Yml4Spj1vmTcQozbtMq3mUVnZUOuDo18zFqGpSXKyf8NwxFCYpnPT03A3P6RHGJgvWZf+24tJ26J4Zz2Z1Iy8D7NkddBUKPHw+eNyVEhPHlM2ihtJhlQGi03pDzfNJwmhXE0nWrJNEesWQV58zt7zRifeDJY0LY/0iJ0UoFLXgP4qjAfLPuPFNI+s18Q4nuDmJCbuCLfuRQOAwlCBlOcQscOBGICr3hVnUBfCPzIsVfkOjM2U6j+a5Q82xOAQdYoiDWzLho8/COR/mms+ONqC4Q523dGKH7f8I/g66TPhXPO2JGc7IC+bSJo00zJVXPFIitm7yMWTjh8lGIFHXyoYnliVva9LikETDt+nAjEt9fv0QpoCsPeld1dt4hs3D8gTWLcr6hksec9Iex7ThM9PXZBuRbPGyyUdq8ZWed3iGIYVVySUzdMIDeYBm3866]]></Encrypt><AgentID><![CDATA[1000002]]></AgentID></xml>
2017-11-08 23:23:13.818 [http-apr-8080-exec-3] INFO  com.ray.weixin.qy.service.message.reply.ReplyMessageService - reply_xmlMsg:<xml><ToUserName><![CDATA[ww92f5da92bb24696e]]></ToUserName><FromUserName><![CDATA[ShiRui]]></FromUserName><CreateTime>1510154593</CreateTime><MsgType><![CDATA[event]]></MsgType><AgentID>1000002</AgentID><Event><![CDATA[LOCATION]]></Event><Latitude>31.1615</Latitude><Longitude>121.142</Longitude><Precision>15</Precision></xml>
2017-11-08 23:23:13.831 [http-apr-8080-exec-3] INFO  com.ray.weixin.qy.service.message.reply.ReplyMessageService - fromUserName:ShiRui
2017-11-08 23:23:13.832 [http-apr-8080-exec-3] INFO  com.ray.weixin.qy.service.message.reply.ReplyMessageService - toUserName:ww92f5da92bb24696e
2017-11-08 23:23:13.833 [http-apr-8080-exec-3] INFO  com.ray.weixin.qy.service.message.reply.ReplyMessageService - msgType:event
2017-11-08 23:23:13.833 [http-apr-8080-exec-3] INFO  com.ray.weixin.qy.service.message.reply.ReplyMessageService - Event:LOCATION  eventKey:null
2017-11-08 23:23:19.042 [http-apr-8080-exec-5] INFO  com.ray.weixin.qy.controller.WeiXinServlet - post--------------
2017-11-08 23:23:19.043 [http-apr-8080-exec-5] INFO  com.ray.weixin.qy.service.message.reply.ReplyMessageService - parms:{"msg_signature":["c2474c02ccb6a0389ca4103225392bb63eff0d38"],"timestamp":["1510154598"],"nonce":["424823863"]}
2017-11-08 23:23:19.044 [http-apr-8080-exec-5] INFO  com.ray.weixin.qy.service.message.reply.ReplyMessageService - postData:<xml><ToUserName><![CDATA[ww92f5da92bb24696e]]></ToUserName><Encrypt><![CDATA[WoNxGHx3hRjocMj9YTZBDoMPsqLoLFi24JMo6SyvfTZb6Vilue7y0MOG+YYC6DY6AC3ogKkYvReeuaFNgMMkgD+gs0KhOoOUhqOsOtVGfJUukghJSCDlqKdYYgm72Q8ZAJkgR50ygFW/f4UiV2b4nHSi7C2ac0IgVv+KaQjzH5/6m3mvh37OeSgzx9UHKOgRrr35kxYyehpWqGd00r8LBp8qLopCz1OdtDCD4PtPeA6Sc8vxiSKH/l/xNZLOQ5UZ4xra1+l/C3Zc+QQXutrMPcZ73smxG78OwUt5fw/zCYFxFHNHcdXejFDnRStONI0XTInAJ7zWnAN8j7qMSTAdNjORlwoUMLUs6ndWyiPO+kzVztd215Lr8Il3V9RoQRErr8Wy+5Yq3vXcbxOP786lzk6af6iiRQ+xKK5RhcHGjQilCVNxvKX1diVke/g3gw/CEuYjm3tlwz1FEms4lMoanYIpTGsJQl6f87qK1U2k2JFzCQLvHj8Z1/MLxj4W7OYx]]></Encrypt><AgentID><![CDATA[1000002]]></AgentID></xml>
2017-11-08 23:23:19.046 [http-apr-8080-exec-5] INFO  com.ray.weixin.qy.service.message.reply.ReplyMessageService - reply_xmlMsg:<xml><ToUserName><![CDATA[ww92f5da92bb24696e]]></ToUserName><FromUserName><![CDATA[ShiRui]]></FromUserName><CreateTime>1510154598</CreateTime><MsgType><![CDATA[event]]></MsgType><AgentID>1000002</AgentID><Event><![CDATA[LOCATION]]></Event><Latitude>31.1615</Latitude><Longitude>121.142</Longitude><Precision>15</Precision></xml>
2017-11-08 23:23:19.048 [http-apr-8080-exec-5] INFO  com.ray.weixin.qy.service.message.reply.ReplyMessageService - fromUserName:ShiRui
2017-11-08 23:23:19.048 [http-apr-8080-exec-5] INFO  com.ray.weixin.qy.service.message.reply.ReplyMessageService - toUserName:ww92f5da92bb24696e
2017-11-08 23:23:19.049 [http-apr-8080-exec-5] INFO  com.ray.weixin.qy.service.message.reply.ReplyMessageService - msgType:event
2017-11-08 23:23:19.049 [http-apr-8080-exec-5] INFO  com.ray.weixin.qy.service.message.reply.ReplyMessageService - Event:LOCATION  eventKey:null
2017-11-08 23:23:24.046 [http-apr-8080-exec-4] INFO  com.ray.weixin.qy.controller.WeiXinServlet - post--------------
2017-11-08 23:23:24.047 [http-apr-8080-exec-4] INFO  com.ray.weixin.qy.service.message.reply.ReplyMessageService - parms:{"msg_signature":["3e01588fe57dc5fa28dd32073c64ed03979026b0"],"timestamp":["1510154603"],"nonce":["1422970869"]}
2017-11-08 23:23:24.047 [http-apr-8080-exec-4] INFO  com.ray.weixin.qy.service.message.reply.ReplyMessageService - postData:<xml><ToUserName><![CDATA[ww92f5da92bb24696e]]></ToUserName><Encrypt><![CDATA[qB96IU7wGYZnf8JoNnTu3SzVA/AYy+pBLHGK4ZExqgVdusp/TySrnASIsNnrYv4Y7MA5DYxsWuKNkDB8XRdMXqdDdTYX2fweIeRTs7isyf2zDEoD/cycnx23D3+mfypSHVOXMXRj3qKGJaYfogRtDpsmYJD2ixIw3jcnogIjAocUFP89JYSQ664Q5ruGCnThMzUlvetK2ymN3E0NA2ZoOZBuQBV6ltgw7e46+6qXpB6UuENAvStCY/hibwAqiSn0eVUe/T5IMLsuPEIEwZNoe1PV5ITuwRB+SYHVlC7q1dQz1cqSYjNK/1rPd6ZKDTCSu6VOa8P0UGq3koZtG35Uzvqr0ZgDWkpXeNBc9oN8ZWz1gRUUUYVEyLrDVXl9lrZ/+k4aFs9M5FefA8C65Qy1eIx/1/benin1cGhLJYaGNDR59smxOcJZ5gVxtNpVVi7evprAeg02myoLklu7PZVlAQNUePrFVpoFWuu/ppMjwttB49tkSbiE4pfPdMOn2G9Y]]></Encrypt><AgentID><![CDATA[1000002]]></AgentID></xml>
2017-11-08 23:23:24.051 [http-apr-8080-exec-4] INFO  com.ray.weixin.qy.service.message.reply.ReplyMessageService - reply_xmlMsg:<xml><ToUserName><![CDATA[ww92f5da92bb24696e]]></ToUserName><FromUserName><![CDATA[ShiRui]]></FromUserName><CreateTime>1510154603</CreateTime><MsgType><![CDATA[event]]></MsgType><AgentID>1000002</AgentID><Event><![CDATA[LOCATION]]></Event><Latitude>31.1616</Latitude><Longitude>121.142</Longitude><Precision>15</Precision></xml>
2017-11-08 23:23:24.053 [http-apr-8080-exec-4] INFO  com.ray.weixin.qy.service.message.reply.ReplyMessageService - fromUserName:ShiRui
2017-11-08 23:23:24.053 [http-apr-8080-exec-4] INFO  com.ray.weixin.qy.service.message.reply.ReplyMessageService - toUserName:ww92f5da92bb24696e
2017-11-08 23:23:24.055 [http-apr-8080-exec-4] INFO  com.ray.weixin.qy.service.message.reply.ReplyMessageService - msgType:event
2017-11-08 23:23:24.056 [http-apr-8080-exec-4] INFO  com.ray.weixin.qy.service.message.reply.ReplyMessageService - Event:LOCATION  eventKey:null
2017-11-08 23:23:28.849 [http-apr-8080-exec-9] INFO  com.ray.weixin.qy.controller.WeiXinServlet - post--------------
2017-11-08 23:23:28.850 [http-apr-8080-exec-9] INFO  com.ray.weixin.qy.service.message.reply.ReplyMessageService - parms:{"msg_signature":["258e97e30d7808ce4fe3e3be7cc9a9e0f158ef3d"],"timestamp":["1510154608"],"nonce":["1977601914"]}
2017-11-08 23:23:28.850 [http-apr-8080-exec-9] INFO  com.ray.weixin.qy.service.message.reply.ReplyMessageService - postData:<xml><ToUserName><![CDATA[ww92f5da92bb24696e]]></ToUserName><Encrypt><![CDATA[22angtnl3X98mKfYQXPJpKa/FZwFrH+NKAb2yOtrOcpTlPyT7M+2Deo51dG2N2OJ/GbxeX/YikW/pKgdiDX+W7/x7XTkC+578VA+OADYTubdWfhnTtZ0mpZ0DeRQGa92LDOFk9XQHWU3y6MrHiOldM9ZQoEksP1R/Qch+2fukj6jNTwjtKc7KJxyINj/tacGniuoBEhYGLrF9sSEYSA4e6Oc4BJcJ6NOzfOUGidVbnoIgaKyQqBKdEU7CnirSUhvZyVQBbQ/y5PGMo6fYQJcE4tZMwQT7EKvJnbbHC2hhcQMGfdxpmKiA0ADzvUKLhEaXXjOpFKu7EP0xoh32LLXiOZ7Bb3tFfA/8pYcQuec3NQbmr3VAjjUsH1HuFCSCjyaAhEFvHk95xJ9wxmOGyBcR2qgPcmy6raBab1vOueA6XvyTUQi5QYYjHqf8Vpe+/7AEKYEFFrOx6DrGsrbWS8qF54ePXgzl/iRcsuOICHBh6Q7thEUtQ5Kg51bU/3mapIk]]></Encrypt><AgentID><![CDATA[1000002]]></AgentID></xml>
2017-11-08 23:23:28.853 [http-apr-8080-exec-9] INFO  com.ray.weixin.qy.service.message.reply.ReplyMessageService - reply_xmlMsg:<xml><ToUserName><![CDATA[ww92f5da92bb24696e]]></ToUserName><FromUserName><![CDATA[ShiRui]]></FromUserName><CreateTime>1510154608</CreateTime><MsgType><![CDATA[event]]></MsgType><AgentID>1000002</AgentID><Event><![CDATA[LOCATION]]></Event><Latitude>31.1615</Latitude><Longitude>121.142</Longitude><Precision>15</Precision></xml>
2017-11-08 23:23:28.856 [http-apr-8080-exec-9] INFO  com.ray.weixin.qy.service.message.reply.ReplyMessageService - fromUserName:ShiRui
2017-11-08 23:23:28.856 [http-apr-8080-exec-9] INFO  com.ray.weixin.qy.service.message.reply.ReplyMessageService - toUserName:ww92f5da92bb24696e
2017-11-08 23:23:28.857 [http-apr-8080-exec-9] INFO  com.ray.weixin.qy.service.message.reply.ReplyMessageService - msgType:event
2017-11-08 23:23:28.857 [http-apr-8080-exec-9] INFO  com.ray.weixin.qy.service.message.reply.ReplyMessageService - Event:LOCATION  eventKey:null
2017-11-08 23:23:34.141 [http-apr-8080-exec-8] INFO  com.ray.weixin.qy.controller.WeiXinServlet - post--------------
2017-11-08 23:23:34.142 [http-apr-8080-exec-8] INFO  com.ray.weixin.qy.service.message.reply.ReplyMessageService - parms:{"msg_signature":["8340da2519e477ad9c37a10067a78c8605234f0c"],"timestamp":["1510154613"],"nonce":["473311670"]}
2017-11-08 23:23:34.142 [http-apr-8080-exec-8] INFO  com.ray.weixin.qy.service.message.reply.ReplyMessageService - postData:<xml><ToUserName><![CDATA[ww92f5da92bb24696e]]></ToUserName><Encrypt><![CDATA[sc7jdVdgKQ0EJILfLDRDEw4Bvy2hr8WlARDO6jK4fT3qwPvrKcnAaf8GWTgWiXgyO5gYw9i8SR7iSp0VI5isWNoYDcK51rG0WgQ/WIiRQTqcRd75QNKsUK5x8EXx3VRwuSFPxVwYX+mUm0qZL1+R4+pSRhK5bq7zcTzkH7rPkikSz7IkuzTlz0kbV//1ewzGUlqEl+7/YoR4cYpXZ4uQBzslB4mXRRucxXAEIT6Jm+Abv+0zWHfpotnePTy1dCqpibMGFKkJIehGXbFp7YXJI8C5VOpE7kpc2uNcey1q5c3AsXb0tBK294btGyr00ghbCyhcKuxk6H6530j3Xo3YKZy+TwqDpygc2eOstVotVq1I+QNoAoh2bg/h0EKwS4IV27lCBCaau6xJYrpUp2VqV6HcpDcD2zCq39dgjMyTiAH0aCxvtlKNHW/pXnaxbqs37SpfZKAxPLXBgBFkoEzHsf21AhbRQJIdkBAyqfLDRh2NL1xDbmx75CarJXxNnIIJ]]></Encrypt><AgentID><![CDATA[1000002]]></AgentID></xml>
2017-11-08 23:23:34.145 [http-apr-8080-exec-8] INFO  com.ray.weixin.qy.service.message.reply.ReplyMessageService - reply_xmlMsg:<xml><ToUserName><![CDATA[ww92f5da92bb24696e]]></ToUserName><FromUserName><![CDATA[ShiRui]]></FromUserName><CreateTime>1510154613</CreateTime><MsgType><![CDATA[event]]></MsgType><AgentID>1000002</AgentID><Event><![CDATA[LOCATION]]></Event><Latitude>31.1617</Latitude><Longitude>121.142</Longitude><Precision>15</Precision></xml>
2017-11-08 23:23:34.147 [http-apr-8080-exec-8] INFO  com.ray.weixin.qy.service.message.reply.ReplyMessageService - fromUserName:ShiRui
2017-11-08 23:23:34.148 [http-apr-8080-exec-8] INFO  com.ray.weixin.qy.service.message.reply.ReplyMessageService - toUserName:ww92f5da92bb24696e
2017-11-08 23:23:34.148 [http-apr-8080-exec-8] INFO  com.ray.weixin.qy.service.message.reply.ReplyMessageService - msgType:event
2017-11-08 23:23:34.148 [http-apr-8080-exec-8] INFO  com.ray.weixin.qy.service.message.reply.ReplyMessageService - Event:LOCATION  eventKey:null
2017-11-08 23:23:39.075 [http-apr-8080-exec-3] INFO  com.ray.weixin.qy.controller.WeiXinServlet - post--------------
2017-11-08 23:23:39.076 [http-apr-8080-exec-3] INFO  com.ray.weixin.qy.service.message.reply.ReplyMessageService - parms:{"msg_signature":["228c1c63e569118037dec2f1fc10c0eb4cfd6ca6"],"timestamp":["1510154618"],"nonce":["1359396177"]}
2017-11-08 23:23:39.076 [http-apr-8080-exec-3] INFO  com.ray.weixin.qy.service.message.reply.ReplyMessageService - postData:<xml><ToUserName><![CDATA[ww92f5da92bb24696e]]></ToUserName><Encrypt><![CDATA[GeXKdbdhFf5OiaNv3KXuV1xEG5ySt6vYjg/06mxCdAoZFIXjKrBsh+FvNL3/NHU+CDhKtS8uDXVkh6taxYy+kQLE09eKkeeZMTCHU7/a4D7j9PWHWwWHx9DrJvmlnsoP94dLSwb+5lp5MuEyD7hrEEoHDvN8Q0fSMiAwuSWwVBJssE3WzucwAZEfmzG/STajeVEFFo+pW0o3m8rzOax/S4SmQmmIp88eNFwJ9SIbzTwLn4XtRNEmUnOdDMr1wAj1+QQNUyhhI+CSfe/d3ZsFan/zbYP4aCGOwIF/lRxaRYADq/ThmSL6yW8j+e2Y2Ip1uSh0Vv6EhnX+ZmOnW0pM0hzSktwnXHb3bvmmQFbKeYuliuzZ/YYorgNG51ytwOGyqXT6lcbbUh9mOHLyJl58hGDV8AUhbmB04iyuHsrfS+OLWnbdXIXDyVImVq7baZd5/cpI+cWcPshRKdUecgi7Zkphv4H3pfEfDXI+7uABT5C4VFeIaJEwIcaDVPi3IcHw]]></Encrypt><AgentID><![CDATA[1000002]]></AgentID></xml>
2017-11-08 23:23:39.078 [http-apr-8080-exec-3] INFO  com.ray.weixin.qy.service.message.reply.ReplyMessageService - reply_xmlMsg:<xml><ToUserName><![CDATA[ww92f5da92bb24696e]]></ToUserName><FromUserName><![CDATA[ShiRui]]></FromUserName><CreateTime>1510154618</CreateTime><MsgType><![CDATA[event]]></MsgType><AgentID>1000002</AgentID><Event><![CDATA[LOCATION]]></Event><Latitude>31.1614</Latitude><Longitude>121.142</Longitude><Precision>15</Precision></xml>
2017-11-08 23:23:39.081 [http-apr-8080-exec-3] INFO  com.ray.weixin.qy.service.message.reply.ReplyMessageService - fromUserName:ShiRui
2017-11-08 23:23:39.081 [http-apr-8080-exec-3] INFO  com.ray.weixin.qy.service.message.reply.ReplyMessageService - toUserName:ww92f5da92bb24696e
2017-11-08 23:23:39.081 [http-apr-8080-exec-3] INFO  com.ray.weixin.qy.service.message.reply.ReplyMessageService - msgType:event
2017-11-08 23:23:39.082 [http-apr-8080-exec-3] INFO  com.ray.weixin.qy.service.message.reply.ReplyMessageService - Event:LOCATION  eventKey:null
