2017-11-08 19:12:14.210 [http-apr-8080-exec-75] INFO  com.ray.weixin.qy.controller.WeiXinServlet - post--------------
2017-11-08 19:12:14.224 [http-apr-8080-exec-75] INFO  com.ray.weixin.qy.service.message.reply.ReplyMessageService - parms:{"msg_signature":["052d810b96d0836598bd5850280c647436420dc4"],"timestamp":["1510139533"],"nonce":["1325664951"]}
2017-11-08 19:12:14.224 [http-apr-8080-exec-75] INFO  com.ray.weixin.qy.service.message.reply.ReplyMessageService - postData:<xml><ToUserName><![CDATA[ww92f5da92bb24696e]]></ToUserName><Encrypt><![CDATA[UlgrDu3BTCAdmGz4ffAh96CZpPJAZAUHS21FuzaOF4jEOkbS/WbjCdDLXq64fxTSQfQI/4pKQja3KZHEoJk3AwHMaOGNPY8W8WBjwAFl2UdJvLYf8TgR+xhhWp764Jj8db0IddNmY5+9fMwHYDP7caJybkuokacIUrvrr/Ffxi3E4kCPHKFZmXjcdtxXlu6zJD3PlbFOKCFhz+Z7UNYQJS202A37F9Da6d7p6i7bxkrxufjOiDa86YyEhhf1NAF0wRZATZUlL7NFlp9n2uNUCRsLkaFS84vXZbfNaeuiiRJn8htq52nbXJTPXCUkpmOFcCxT2uZFs7bf9vzianCVun7ulRIzxSr2Y2dFCcC4w0/PSqCCOUosLZ32jE6+1WC9iRWl2TNu35A1ek+MsZeNd0WnQ8FcfGZPjQ95BroptfHTEmhEfpMtdAFpTCJBjdIcQ1pwGnxfgMwYjoxxDkQA5cLfdnukrQCM0sybIS60w39qrxVW2F+izh/Gv6nnwb+Y]]></Encrypt><AgentID><![CDATA[1000002]]></AgentID></xml>
2017-11-08 19:12:14.227 [http-apr-8080-exec-75] INFO  com.ray.weixin.qy.service.message.reply.ReplyMessageService - reply_xmlMsg:<xml><ToUserName><![CDATA[ww92f5da92bb24696e]]></ToUserName><FromUserName><![CDATA[ShiRui]]></FromUserName><CreateTime>1510139533</CreateTime><MsgType><![CDATA[event]]></MsgType><AgentID>1000002</AgentID><Event><![CDATA[LOCATION]]></Event><Latitude>31.1695</Latitude><Longitude>121.152</Longitude><Precision>0</Precision></xml>
2017-11-08 19:12:14.229 [http-apr-8080-exec-75] INFO  com.ray.weixin.qy.service.message.reply.ReplyMessageService - fromUserName:ShiRui
2017-11-08 19:12:14.229 [http-apr-8080-exec-75] INFO  com.ray.weixin.qy.service.message.reply.ReplyMessageService - toUserName:ww92f5da92bb24696e
2017-11-08 19:12:14.230 [http-apr-8080-exec-75] INFO  com.ray.weixin.qy.service.message.reply.ReplyMessageService - msgType:event
2017-11-08 19:12:14.230 [http-apr-8080-exec-75] INFO  com.ray.weixin.qy.service.message.reply.ReplyMessageService - Event:LOCATION  eventKey:null
2017-11-08 19:12:15.999 [http-apr-8080-exec-69] INFO  com.ray.weixin.qy.controller.WeiXinServlet - post--------------
2017-11-08 19:12:16.001 [http-apr-8080-exec-69] INFO  com.ray.weixin.qy.service.message.reply.ReplyMessageService - parms:{"msg_signature":["412e26c5156535c26bf4125747852e978640ce54"],"timestamp":["1510139535"],"nonce":["360117064"]}
2017-11-08 19:12:16.001 [http-apr-8080-exec-69] INFO  com.ray.weixin.qy.service.message.reply.ReplyMessageService - postData:<xml><ToUserName><![CDATA[ww92f5da92bb24696e]]></ToUserName><Encrypt><![CDATA[xbwHNPX85KWqn3Rpm7gV0mOdNI1jwftng66eCfQuepWPYfNyYUGA2uGqb/fJSakzYiucbfyZkOzhPkB24NZJ/2MJf9Kjs7DMFPMYGSln1EKBmjlnoDHjDfbnyrIjS2Sn2uPw032y5CG1aOAsGsg4RvMU5DWqaiMKLZdiQv6lRk3JUCETlALIErf5BMP7d7N7MLR0fXglAFL1uSPVCUz4+lkeu5CIyOW0B7/9fKw9Cpvsu8LvyqwZiSaRlbbVrgjVuFKehxBme89gS4PtIipDIPzJjyOtOc0T/9b2+FtEsmk597WTndP73Bl89mn2BSKF27UYB0OSmQ7CfcR0oDRKIDkkT14Ldb1DoAsR5toWB83Pr+TGQuFeHTUbZPvCLquO+cECC7jC5ijonOv77MyDSlkdUnvmG7aAaiTa31cF0DlTjOCTQrv7DKQi2SYVxnqKfPpyReWPq9ZczqMrgmMmw1Vsli8B6clbwMltAKvtWqnR/sAFRm8CeX+UTTx22G59]]></Encrypt><AgentID><![CDATA[1000002]]></AgentID></xml>
2017-11-08 19:12:16.004 [http-apr-8080-exec-69] INFO  com.ray.weixin.qy.service.message.reply.ReplyMessageService - reply_xmlMsg:<xml><ToUserName><![CDATA[ww92f5da92bb24696e]]></ToUserName><FromUserName><![CDATA[ShiRui]]></FromUserName><CreateTime>1510139535</CreateTime><MsgType><![CDATA[event]]></MsgType><AgentID>1000002</AgentID><Event><![CDATA[view]]></Event><EventKey><![CDATA[http://rayner.nat300.top/weixin_qy/showInvoice.jsp]]></EventKey></xml>
2017-11-08 19:12:16.007 [http-apr-8080-exec-69] INFO  com.ray.weixin.qy.service.message.reply.ReplyMessageService - fromUserName:ShiRui
2017-11-08 19:12:16.007 [http-apr-8080-exec-69] INFO  com.ray.weixin.qy.service.message.reply.ReplyMessageService - toUserName:ww92f5da92bb24696e
2017-11-08 19:12:16.008 [http-apr-8080-exec-69] INFO  com.ray.weixin.qy.service.message.reply.ReplyMessageService - msgType:event
2017-11-08 19:12:16.008 [http-apr-8080-exec-69] INFO  com.ray.weixin.qy.service.message.reply.ReplyMessageService - Event:view  eventKey:http://rayner.nat300.top/weixin_qy/showInvoice.jsp
2017-11-08 19:12:16.117 [http-apr-8080-exec-77] INFO  com.ray.weixin.qy.util.AuthHelper - jsonObject:{"errcode":0,"access_token":"ZKrmF55qn7-XEP21Tz8wU891N2DLOgOyBr7gSlyW0EyP92tytr30wnbUR_rDOyYokg9RxFAq7HiHZ433Z82yYJM3pQop6QNPtit8k-9cBNHYN3VkdAD0ndbyGgjqim6lAw9JaGlgkiPWtc-mNdW0tcmf7XmLgxUilWSOc9nsz7PxcgWW65NHaYlWYXOBLEgT3QqzMd9K-669IWyOm26GyA","errmsg":"ok","expires_in":7200}
2017-11-08 19:12:16.506 [http-apr-8080-exec-77] INFO  com.ray.weixin.qy.util.AuthHelper - jsonObject:{"errcode":0,"ticket":"kgt8ON7yVITDhtdwci0qebCLEfC_BfeygIq8cFPLbdY6MM-5fA76IIfoqvBcC2C5ToCaAtocjY1xMBshMnDLbA","errmsg":"ok","expires_in":7200}
2017-11-08 19:12:16.509 [http-apr-8080-exec-77] INFO  com.ray.weixin.qy.util.AuthHelper - url:http://rayner.nat300.top/weixin_qy/showInvoice.jsp
2017-11-08 19:12:16.509 [http-apr-8080-exec-77] INFO  com.ray.weixin.qy.util.AuthHelper - accessToken:ZKrmF55qn7-XEP21Tz8wU891N2DLOgOyBr7gSlyW0EyP92tytr30wnbUR_rDOyYokg9RxFAq7HiHZ433Z82yYJM3pQop6QNPtit8k-9cBNHYN3VkdAD0ndbyGgjqim6lAw9JaGlgkiPWtc-mNdW0tcmf7XmLgxUilWSOc9nsz7PxcgWW65NHaYlWYXOBLEgT3QqzMd9K-669IWyOm26GyA
2017-11-08 19:12:16.510 [http-apr-8080-exec-77] INFO  com.ray.weixin.qy.util.AuthHelper - jsapi_ticket:kgt8ON7yVITDhtdwci0qebCLEfC_BfeygIq8cFPLbdY6MM-5fA76IIfoqvBcC2C5ToCaAtocjY1xMBshMnDLbA
2017-11-08 19:12:16.510 [http-apr-8080-exec-77] INFO  com.ray.weixin.qy.util.AuthHelper - appId:ww92f5da92bb24696e
2017-11-08 19:12:16.510 [http-apr-8080-exec-77] INFO  com.ray.weixin.qy.util.AuthHelper - timestamp:1510139535
2017-11-08 19:12:16.511 [http-apr-8080-exec-77] INFO  com.ray.weixin.qy.util.AuthHelper - nonceStr:2452d2e6-577e-47f0-9887-54ec22501486
2017-11-08 19:12:16.511 [http-apr-8080-exec-77] INFO  com.ray.weixin.qy.util.AuthHelper - signature:442dbffaaa5d77b02f5808936202c181cab5fc92
2017-11-08 19:12:16.512 [http-apr-8080-exec-77] INFO  com.ray.weixin.qy.util.AuthHelper - configValue:{"signature":"442dbffaaa5d77b02f5808936202c181cab5fc92","appId":"ww92f5da92bb24696e","nonceStr":"2452d2e6-577e-47f0-9887-54ec22501486","timestamp":"1510139535"}
