2017-11-09 11:19:01.286 [http-apr-8080-exec-5] INFO  com.ray.weixin.qy.controller.WeiXinServlet - post--------------
2017-11-09 11:19:01.294 [http-apr-8080-exec-5] INFO  com.ray.weixin.qy.service.message.reply.ReplyMessageService - parms:{"msg_signature":["e5c8a71c81f4ed3030963319c9a989e1a2bd7571"],"timestamp":["1510197540"],"nonce":["825857651"]}
2017-11-09 11:19:01.294 [http-apr-8080-exec-5] INFO  com.ray.weixin.qy.service.message.reply.ReplyMessageService - postData:<xml><ToUserName><![CDATA[ww92f5da92bb24696e]]></ToUserName><Encrypt><![CDATA[Z7b1dCtv7mt9pM+jKwmLE+fnU8J35Em0P+tSWGALQXYstD0V58lFnuMOfLXNx+1DPTuNw0pDL1KyHcuryRMqvZecVjtvNsO+7AJ9Dz0f/fLjFSfcAzJ2rg8ehDXRupdDdi7KPxcJTJHB84+4aRGKXWSx8qS7M0QJrqVTBpizQIbpJsWlnJAMRTzOQjD6J+K3mtDlp0NeIw3yMAdc7PnPrP84puhWXe4bm1fJRShQbCN/iRAZO2v9D1GYNLFgNmT0R8W99rrZQ7xmvnBsqZlg82lDhJ1Mw/G2ImJdC07nNU9ndEYvKDrKzJRUUveh+k18DXkLsfStrZBOaM9xnzsGJJv2WeQShMmuxpodvslrxaU/g7o/BsGipcx4Fjpcqq3QIn/xBk7+PN8MXtxmAxK77vkmZYv/AkGD2tx2FBNt/CcXrnsoZk4i7I5PeFh2K9qNS4gaBeM/8r4QmVYGRHLh6vuBORn4EdTyTannEkEI3Dz8RhUSJlxbbqE0dd+0HxCA]]></Encrypt><AgentID><![CDATA[1000002]]></AgentID></xml>
2017-11-09 11:19:01.297 [http-apr-8080-exec-5] INFO  com.ray.weixin.qy.service.message.reply.ReplyMessageService - reply_xmlMsg:<xml><ToUserName><![CDATA[ww92f5da92bb24696e]]></ToUserName><FromUserName><![CDATA[ShiRui]]></FromUserName><CreateTime>1510197540</CreateTime><MsgType><![CDATA[event]]></MsgType><AgentID>1000002</AgentID><Event><![CDATA[LOCATION]]></Event><Latitude>31.1676</Latitude><Longitude>121.156</Longitude><Precision>15</Precision></xml>
2017-11-09 11:19:01.299 [http-apr-8080-exec-5] INFO  com.ray.weixin.qy.service.message.reply.ReplyMessageService - fromUserName:ShiRui
2017-11-09 11:19:01.299 [http-apr-8080-exec-5] INFO  com.ray.weixin.qy.service.message.reply.ReplyMessageService - toUserName:ww92f5da92bb24696e
2017-11-09 11:19:01.300 [http-apr-8080-exec-5] INFO  com.ray.weixin.qy.service.message.reply.ReplyMessageService - msgType:event
2017-11-09 11:19:01.300 [http-apr-8080-exec-5] INFO  com.ray.weixin.qy.service.message.reply.ReplyMessageService - Event:LOCATION  eventKey:null
2017-11-09 11:19:06.428 [http-apr-8080-exec-9] INFO  com.ray.weixin.qy.controller.WeiXinServlet - post--------------
2017-11-09 11:19:06.429 [http-apr-8080-exec-9] INFO  com.ray.weixin.qy.service.message.reply.ReplyMessageService - parms:{"msg_signature":["fbba427a82616f187e7595f1ab365e864c279c6e"],"timestamp":["1510197545"],"nonce":["506691746"]}
2017-11-09 11:19:06.429 [http-apr-8080-exec-9] INFO  com.ray.weixin.qy.service.message.reply.ReplyMessageService - postData:<xml><ToUserName><![CDATA[ww92f5da92bb24696e]]></ToUserName><Encrypt><![CDATA[YQ8+SI/rSXhf+powkiGsgSakHUVSCZBkCgmQhbbHZretUDRH/iYgvMzNjt5faN2M6CLPMWua5k1C2TsuC8adWv0pXYmqQftIViS1iwHMpcaml+0D/6cwwI2eZhz7jrhAWHFrixlgR8dnSznChIT1DzMhhEID7jchZ6+Csd3wUARwA7TghoY4JdY9FpOTIK1zRXxhP4mdrBbcKr3C04r9L0W34iPOaWCOR6utLgcSrHLMR7yD/X6hMbCJ8zNLZrtYD/YjpvRMmnh9GyC65r9KSuPDeZrppIAPw7URFGhriTeTk0GVaCdG0ieBh1YXUww8lxe4DTE591y3qzs2lO7TLVMG7ZVI91ghN8XkU+P444fGRabZfZA9xR5dzR4uwv4ZyDgZgo3vGjx/UoSLpUBUaCC1KUR4QYvgMjpoyc/2FxI26qtyFaAGiDmNg+uASD+F92e2/WgyybIoGO5O2UFWxXydvs8RO9+C2Ue9AEE9UqfxI42OZo8Fz0IVIg49wD2K]]></Encrypt><AgentID><![CDATA[1000002]]></AgentID></xml>
2017-11-09 11:19:06.430 [http-apr-8080-exec-9] INFO  com.ray.weixin.qy.service.message.reply.ReplyMessageService - reply_xmlMsg:<xml><ToUserName><![CDATA[ww92f5da92bb24696e]]></ToUserName><FromUserName><![CDATA[ShiRui]]></FromUserName><CreateTime>1510197545</CreateTime><MsgType><![CDATA[event]]></MsgType><AgentID>1000002</AgentID><Event><![CDATA[LOCATION]]></Event><Latitude>31.1676</Latitude><Longitude>121.156</Longitude><Precision>15</Precision></xml>
2017-11-09 11:19:06.430 [http-apr-8080-exec-9] INFO  com.ray.weixin.qy.service.message.reply.ReplyMessageService - fromUserName:ShiRui
2017-11-09 11:19:06.431 [http-apr-8080-exec-9] INFO  com.ray.weixin.qy.service.message.reply.ReplyMessageService - toUserName:ww92f5da92bb24696e
2017-11-09 11:19:06.431 [http-apr-8080-exec-9] INFO  com.ray.weixin.qy.service.message.reply.ReplyMessageService - msgType:event
2017-11-09 11:19:06.431 [http-apr-8080-exec-9] INFO  com.ray.weixin.qy.service.message.reply.ReplyMessageService - Event:LOCATION  eventKey:null
2017-11-09 11:19:11.434 [http-apr-8080-exec-6] INFO  com.ray.weixin.qy.controller.WeiXinServlet - post--------------
2017-11-09 11:19:11.436 [http-apr-8080-exec-6] INFO  com.ray.weixin.qy.service.message.reply.ReplyMessageService - parms:{"msg_signature":["7fbbc121ebef4656001f63c4ee2a51423e9982c7"],"timestamp":["1510197550"],"nonce":["859717477"]}
2017-11-09 11:19:11.437 [http-apr-8080-exec-6] INFO  com.ray.weixin.qy.service.message.reply.ReplyMessageService - postData:<xml><ToUserName><![CDATA[ww92f5da92bb24696e]]></ToUserName><Encrypt><![CDATA[sTxlTUjNhITAxnYN89G1zAh98DzVNLTeZHa7kLTcVno9VGU3viYLRx5mMNbfuE5qguFnsppPLh50m5FCgVrFZVKxiv+tTCtVhY0ZU8/Tnbc3rvbz5qiAKpzRfKIRE5PtbUh2F+FmYsHqaqCY2kmOitNpBO3vzVlyyZebZyaKAiLqDaYyvQAqAw642JlFeucV9ExeN+FQVvXjK/8w2wwqm43cIl3utW9OlhN7Z6rxFHJmqh8v2bsXr0Rsqcmjc8byq2auSsX8fNQpr5QIotx38YOtb4M9DUjw+ezYCk5FpIRRSE5EfxkCvrPUnX8GftAz0NGmEB3CT0P+c8X1WHq3PEPzoHVXUP2uOdTVnO9LhJUTlE5gaXj3NmE7fdTfWNG+1dEJOESFj/X6PzcPjEp3IdD31Rxq5gPSIEJTdrpA2qCXrWWW/93Vog1V4rzflrJAHzzbcFrOkAeShHb0iljIPqEe+m7/YCZAJtnL1IqD5bwlMnEZFPEg4bLsAd9zsLyv]]></Encrypt><AgentID><![CDATA[1000002]]></AgentID></xml>
2017-11-09 11:19:11.439 [http-apr-8080-exec-6] INFO  com.ray.weixin.qy.service.message.reply.ReplyMessageService - reply_xmlMsg:<xml><ToUserName><![CDATA[ww92f5da92bb24696e]]></ToUserName><FromUserName><![CDATA[ShiRui]]></FromUserName><CreateTime>1510197550</CreateTime><MsgType><![CDATA[event]]></MsgType><AgentID>1000002</AgentID><Event><![CDATA[LOCATION]]></Event><Latitude>31.1676</Latitude><Longitude>121.156</Longitude><Precision>15</Precision></xml>
2017-11-09 11:19:11.441 [http-apr-8080-exec-6] INFO  com.ray.weixin.qy.service.message.reply.ReplyMessageService - fromUserName:ShiRui
2017-11-09 11:19:11.441 [http-apr-8080-exec-6] INFO  com.ray.weixin.qy.service.message.reply.ReplyMessageService - toUserName:ww92f5da92bb24696e
2017-11-09 11:19:11.441 [http-apr-8080-exec-6] INFO  com.ray.weixin.qy.service.message.reply.ReplyMessageService - msgType:event
2017-11-09 11:19:11.441 [http-apr-8080-exec-6] INFO  com.ray.weixin.qy.service.message.reply.ReplyMessageService - Event:LOCATION  eventKey:null
2017-11-09 11:19:16.412 [http-apr-8080-exec-10] INFO  com.ray.weixin.qy.controller.WeiXinServlet - post--------------
2017-11-09 11:19:16.413 [http-apr-8080-exec-10] INFO  com.ray.weixin.qy.service.message.reply.ReplyMessageService - parms:{"msg_signature":["8115af49ab7898978b0f850421b391ceedded5e9"],"timestamp":["1510197555"],"nonce":["815388375"]}
2017-11-09 11:19:16.415 [http-apr-8080-exec-10] INFO  com.ray.weixin.qy.service.message.reply.ReplyMessageService - postData:<xml><ToUserName><![CDATA[ww92f5da92bb24696e]]></ToUserName><Encrypt><![CDATA[SgQto0OjUqjhuGWvJsX5dqiC7XIfenn69vKeOoZM04PKylH+ILeGnd+vTJquHRGTrxqAJ74hUWmWA8J5T/m0qeqqMLSNDmGoEpC2pHHUzUqcS5uaWAvEiK/pY4+ksAhP1Gdyas1tXVpuFzdJFODDDUWKJQ2khQWk3NJlb3euaS7dzbxpFa57mRV3On8eH6fOaK2FmopsVvyEZizK4s3dQyoGmVs3VRvGifvS5wCIgQJ3+t3NzWUgsu50OCX9gj9pJx42rMP0mYZX9qSbPPWN0+EOAWp7ZEZibdrv6jx6b2Gkd806j6E5sNeuD6/6hcAy1AGDp5kpi4S3kvNx/RhNfS+L08I/wQveO4MeccDKBZkvOWfYgO75iaOzfZd7GLlZG5e2/gcWNXPq9960h8u33gL6IjZvrxMdkL75ZMyTEe+hPSHqhVDog2iCgHHXx57EoRpTlGQGm8aDss9UyBU3lBvDpnIO42gDrkzrEcSfeibRg9p7fq4LTNHiqJRyfSGO]]></Encrypt><AgentID><![CDATA[1000002]]></AgentID></xml>
2017-11-09 11:19:16.419 [http-apr-8080-exec-10] INFO  com.ray.weixin.qy.service.message.reply.ReplyMessageService - reply_xmlMsg:<xml><ToUserName><![CDATA[ww92f5da92bb24696e]]></ToUserName><FromUserName><![CDATA[ShiRui]]></FromUserName><CreateTime>1510197555</CreateTime><MsgType><![CDATA[event]]></MsgType><AgentID>1000002</AgentID><Event><![CDATA[LOCATION]]></Event><Latitude>31.1676</Latitude><Longitude>121.156</Longitude><Precision>15</Precision></xml>
2017-11-09 11:19:16.424 [http-apr-8080-exec-10] INFO  com.ray.weixin.qy.service.message.reply.ReplyMessageService - fromUserName:ShiRui
2017-11-09 11:19:16.425 [http-apr-8080-exec-10] INFO  com.ray.weixin.qy.service.message.reply.ReplyMessageService - toUserName:ww92f5da92bb24696e
2017-11-09 11:19:16.426 [http-apr-8080-exec-10] INFO  com.ray.weixin.qy.service.message.reply.ReplyMessageService - msgType:event
2017-11-09 11:19:16.426 [http-apr-8080-exec-10] INFO  com.ray.weixin.qy.service.message.reply.ReplyMessageService - Event:LOCATION  eventKey:null
2017-11-09 11:19:21.391 [http-apr-8080-exec-3] INFO  com.ray.weixin.qy.controller.WeiXinServlet - post--------------
2017-11-09 11:19:21.393 [http-apr-8080-exec-3] INFO  com.ray.weixin.qy.service.message.reply.ReplyMessageService - parms:{"msg_signature":["e2919df15059acb5872b24491bc227131b72e3de"],"timestamp":["1510197560"],"nonce":["1164081664"]}
2017-11-09 11:19:21.394 [http-apr-8080-exec-3] INFO  com.ray.weixin.qy.service.message.reply.ReplyMessageService - postData:<xml><ToUserName><![CDATA[ww92f5da92bb24696e]]></ToUserName><Encrypt><![CDATA[fQJ34ouz2Y3ovSfN73QNXe0JrueaoGWss5SMBXvxGcuuBAFuUPR9i/6jxwJZD3xVgD9UKA+XVJiz/PWK67jD30HMs6yJPDm+dDwp80A3/w5DeNhgxwLyJsPuV9EpSu7LyFwDCFPJtO7BYHEoQVIkGNx+mpdr6A5D9S8KzrHZPaCIVpLdU56j+epapcRbGiQSPQP7TJk2Hg7Ebz15mBrgLq8EV96SOYVeyYC/mDagwpLMvlG95D/A7zxS8W7Lt3TwgRLiVzkYsZXHoUmtOnxUl/7hzmoGdmllrFJm62Sk1c9WzghQzyQcJuqTIyIhZorMZyPdIb8nQEv19koHsBA8rBPhyOvIdbTlC0qer3BN26MlaiVqY/bA0KHMDO0/R8yTEY7O+lWErVYTgnfhVL43SaYkPav4Fb1y44ISmOee3Ayj+scD70OsVrkgoDNGO2GdGni4kbFcCbh0M4EmMLWL5DKa8JnfiTFsdtwX+8LP/3Ct8NrjkJXHgt3LLeRdSA0T]]></Encrypt><AgentID><![CDATA[1000002]]></AgentID></xml>
2017-11-09 11:19:21.399 [http-apr-8080-exec-3] INFO  com.ray.weixin.qy.service.message.reply.ReplyMessageService - reply_xmlMsg:<xml><ToUserName><![CDATA[ww92f5da92bb24696e]]></ToUserName><FromUserName><![CDATA[ShiRui]]></FromUserName><CreateTime>1510197560</CreateTime><MsgType><![CDATA[event]]></MsgType><AgentID>1000002</AgentID><Event><![CDATA[LOCATION]]></Event><Latitude>31.1676</Latitude><Longitude>121.156</Longitude><Precision>15</Precision></xml>
2017-11-09 11:19:21.403 [http-apr-8080-exec-3] INFO  com.ray.weixin.qy.service.message.reply.ReplyMessageService - fromUserName:ShiRui
2017-11-09 11:19:21.403 [http-apr-8080-exec-3] INFO  com.ray.weixin.qy.service.message.reply.ReplyMessageService - toUserName:ww92f5da92bb24696e
2017-11-09 11:19:21.403 [http-apr-8080-exec-3] INFO  com.ray.weixin.qy.service.message.reply.ReplyMessageService - msgType:event
2017-11-09 11:19:21.404 [http-apr-8080-exec-3] INFO  com.ray.weixin.qy.service.message.reply.ReplyMessageService - Event:LOCATION  eventKey:null
2017-11-09 11:19:26.523 [http-apr-8080-exec-5] INFO  com.ray.weixin.qy.controller.WeiXinServlet - post--------------
2017-11-09 11:19:26.524 [http-apr-8080-exec-5] INFO  com.ray.weixin.qy.service.message.reply.ReplyMessageService - parms:{"msg_signature":["ae57305f96f74789fe2aae8f5c37e6671a464690"],"timestamp":["1510197566"],"nonce":["1868412943"]}
2017-11-09 11:19:26.524 [http-apr-8080-exec-5] INFO  com.ray.weixin.qy.service.message.reply.ReplyMessageService - postData:<xml><ToUserName><![CDATA[ww92f5da92bb24696e]]></ToUserName><Encrypt><![CDATA[MI2wVSc8iosXSw4Fvjv6x2l9GZnKJj5KhD4pj3vv6QgAMTSTrcHsULEGln6Odvn7EfWHrfs1yrOaRAmQg+Ev/XtOVztRrAGnx6JzgUFYS7aG6AAGu7AB2GUXBtWOV/uOaAvMDnNv8ka8YvwxZ9gOlV3M+ycYuCUyGE1tQ3S7na69SVPI3gAJnbXgKYTqVKHPSoKVVj51bemm6YMdQVW8qENJgtUKQsrcaWvenY83WARiSfUvSscNtqS1zgXrcFk2rEhETH01/o8ir/fGovoZ6MOj+KICPSBecxWrS/ov+n6gw4yLfaMA2ci9QSN/cvreQitDQkFor+1HMnIEgtvZuZUZYj2+OCj5LeUOKVopnh5mKnVZ14PFQQGbd8d0AZ4fXlFbJn8pGpMf7ZRiA2R4PP5lexqrCgKsEJUISckf0xAx15E6QgnKpI+fAVstiDtAOP2XP4CWzD+ISHCdsZekjtudy/JzvlvNDxWXIt7aUr0ML0FFNlkqq8q1rTkZeO7k]]></Encrypt><AgentID><![CDATA[1000002]]></AgentID></xml>
2017-11-09 11:19:26.526 [http-apr-8080-exec-5] INFO  com.ray.weixin.qy.service.message.reply.ReplyMessageService - reply_xmlMsg:<xml><ToUserName><![CDATA[ww92f5da92bb24696e]]></ToUserName><FromUserName><![CDATA[ShiRui]]></FromUserName><CreateTime>1510197565</CreateTime><MsgType><![CDATA[event]]></MsgType><AgentID>1000002</AgentID><Event><![CDATA[LOCATION]]></Event><Latitude>31.1676</Latitude><Longitude>121.156</Longitude><Precision>15</Precision></xml>
2017-11-09 11:19:26.527 [http-apr-8080-exec-5] INFO  com.ray.weixin.qy.service.message.reply.ReplyMessageService - fromUserName:ShiRui
2017-11-09 11:19:26.527 [http-apr-8080-exec-5] INFO  com.ray.weixin.qy.service.message.reply.ReplyMessageService - toUserName:ww92f5da92bb24696e
2017-11-09 11:19:26.527 [http-apr-8080-exec-5] INFO  com.ray.weixin.qy.service.message.reply.ReplyMessageService - msgType:event
2017-11-09 11:19:26.527 [http-apr-8080-exec-5] INFO  com.ray.weixin.qy.service.message.reply.ReplyMessageService - Event:LOCATION  eventKey:null
2017-11-09 11:19:31.479 [http-apr-8080-exec-9] INFO  com.ray.weixin.qy.controller.WeiXinServlet - post--------------
2017-11-09 11:19:31.479 [http-apr-8080-exec-9] INFO  com.ray.weixin.qy.service.message.reply.ReplyMessageService - parms:{"msg_signature":["6813b9161849ad6e8ea35f213c47bc1e583c5d5f"],"timestamp":["1510197570"],"nonce":["1973315362"]}
2017-11-09 11:19:31.479 [http-apr-8080-exec-9] INFO  com.ray.weixin.qy.service.message.reply.ReplyMessageService - postData:<xml><ToUserName><![CDATA[ww92f5da92bb24696e]]></ToUserName><Encrypt><![CDATA[vc8qFy+tpkCWUklz4CTOqm0FxQIUdT3/HSgVXWMUT6nJrdt2tU3HxiqQo3CZzCQBoPhIVYGvTyWO2q7ARSBwuJwM4/txOguId57ldaYh89bVEwoTb4CsDJZ4baRGRUlVmTQ7SxAxa11qqSFP99jLQyveNJki9GaQ1FaMiudTQT868qS29F8yHXpEvo76ETfqkRGHfPcf6tIT+CWNgqKP5nKhgWkySA3/KggRYeLTAJfHm1dkQlb2Ayy3uCYZOQb3dhYK/grtFL1CRwTSX5kKAXXUbm9EtzCJ0W/hnZZG5peVaYiMpwV2NK1vk0szhA2l7RdRtGylJL/M0SE0XtXJuxr4b84JZlXCoScHjSUeqKmREmt12NAtDzuvB+xxzL+Dkue8nB0yiteIEKtXcNyQffmZ5TYcZz3HPi+jHxiD6YJGoXzru6zglQgeW8shJbG4Z8HXsrjrOnHUoab0xPJZU0I2bPOpcXQbGGdBw0VW/XrH2VwBgaUUH38S00VbOf0o]]></Encrypt><AgentID><![CDATA[1000002]]></AgentID></xml>
2017-11-09 11:19:31.483 [http-apr-8080-exec-9] INFO  com.ray.weixin.qy.service.message.reply.ReplyMessageService - reply_xmlMsg:<xml><ToUserName><![CDATA[ww92f5da92bb24696e]]></ToUserName><FromUserName><![CDATA[ShiRui]]></FromUserName><CreateTime>1510197570</CreateTime><MsgType><![CDATA[event]]></MsgType><AgentID>1000002</AgentID><Event><![CDATA[LOCATION]]></Event><Latitude>31.1676</Latitude><Longitude>121.156</Longitude><Precision>15</Precision></xml>
2017-11-09 11:19:31.485 [http-apr-8080-exec-9] INFO  com.ray.weixin.qy.service.message.reply.ReplyMessageService - fromUserName:ShiRui
2017-11-09 11:19:31.485 [http-apr-8080-exec-9] INFO  com.ray.weixin.qy.service.message.reply.ReplyMessageService - toUserName:ww92f5da92bb24696e
2017-11-09 11:19:31.485 [http-apr-8080-exec-9] INFO  com.ray.weixin.qy.service.message.reply.ReplyMessageService - msgType:event
2017-11-09 11:19:31.485 [http-apr-8080-exec-9] INFO  com.ray.weixin.qy.service.message.reply.ReplyMessageService - Event:LOCATION  eventKey:null
2017-11-09 11:19:36.528 [http-apr-8080-exec-6] INFO  com.ray.weixin.qy.controller.WeiXinServlet - post--------------
2017-11-09 11:19:36.529 [http-apr-8080-exec-6] INFO  com.ray.weixin.qy.service.message.reply.ReplyMessageService - parms:{"msg_signature":["4b268b9cc23673cfa2583b7a17cc2014a4eb5ad2"],"timestamp":["1510197576"],"nonce":["1003269656"]}
2017-11-09 11:19:36.530 [http-apr-8080-exec-6] INFO  com.ray.weixin.qy.service.message.reply.ReplyMessageService - postData:<xml><ToUserName><![CDATA[ww92f5da92bb24696e]]></ToUserName><Encrypt><![CDATA[1da6syzBp9x4L4KhzgK198qAD9wLgOzQUP6YN4qvuYF+oUVIZkVjgsImlX1KYbBj3HDJBkwhKZljQl9gWh3MIw9iqFj1D4clcDDk/3VoDnRi3+XBreED8jGcLZfZ/y/vR55mel+XExrg9sDWMHihOxxUdfzsFa3hyak9Wht1myvW5PPQ+DDEsvgkd6CETNo6VsEkl/nIdAZsvqOHcJdpZBOvfauuFOx48RLCmZaSS4hkCGl9LtyWoJv0oM1o5iB9U3v9/2n2fCtAO6F7mBT6KUqBZRkqYYSthekpUraHU1XbIfJyUZFZx7qlozekQma55Mgmdop2mVh34JllLbCTZ7CcAxRAGYwYEXAUMkKKH9jIlcJN/uHmTMoAx9wvtuRzWKVbQSeR2+qDGz2EM8+YM1D1KCv9zjZj0kD5xkFFvdWBB5Z0nBgZpiGolGnGGn3n5Lm8cdM0ZYWL5xZRlVdYmwMrIs7DI/AyAsguhJ3D4gb34svTiFM7vblh3MRVSYoJ]]></Encrypt><AgentID><![CDATA[1000002]]></AgentID></xml>
2017-11-09 11:19:36.533 [http-apr-8080-exec-6] INFO  com.ray.weixin.qy.service.message.reply.ReplyMessageService - reply_xmlMsg:<xml><ToUserName><![CDATA[ww92f5da92bb24696e]]></ToUserName><FromUserName><![CDATA[ShiRui]]></FromUserName><CreateTime>1510197575</CreateTime><MsgType><![CDATA[event]]></MsgType><AgentID>1000002</AgentID><Event><![CDATA[LOCATION]]></Event><Latitude>31.1676</Latitude><Longitude>121.156</Longitude><Precision>15</Precision></xml>
2017-11-09 11:19:36.538 [http-apr-8080-exec-6] INFO  com.ray.weixin.qy.service.message.reply.ReplyMessageService - fromUserName:ShiRui
2017-11-09 11:19:36.538 [http-apr-8080-exec-6] INFO  com.ray.weixin.qy.service.message.reply.ReplyMessageService - toUserName:ww92f5da92bb24696e
2017-11-09 11:19:36.539 [http-apr-8080-exec-6] INFO  com.ray.weixin.qy.service.message.reply.ReplyMessageService - msgType:event
2017-11-09 11:19:36.540 [http-apr-8080-exec-6] INFO  com.ray.weixin.qy.service.message.reply.ReplyMessageService - Event:LOCATION  eventKey:null
2017-11-09 11:19:41.507 [http-apr-8080-exec-10] INFO  com.ray.weixin.qy.controller.WeiXinServlet - post--------------
2017-11-09 11:19:41.508 [http-apr-8080-exec-10] INFO  com.ray.weixin.qy.service.message.reply.ReplyMessageService - parms:{"msg_signature":["df83800248bf219b8f10c9c4110e597476047fa7"],"timestamp":["1510197581"],"nonce":["1175662802"]}
2017-11-09 11:19:41.508 [http-apr-8080-exec-10] INFO  com.ray.weixin.qy.service.message.reply.ReplyMessageService - postData:<xml><ToUserName><![CDATA[ww92f5da92bb24696e]]></ToUserName><Encrypt><![CDATA[AN/O2HKbDizsxghmNA8nXhgBwbbUafaZjQMTT1GHOw6fPcyehXekr5pObCcGEMi2rwl+L0Ge+Qty9rsuVjKXDWAE0J5wzMOk9uZMGeLnUEA9b+/bxrC8Yq7gYDMcooHhD8/AzHRGn7R6ID0MpZd8ykotCFLgQ7fQx/UXjOXElFpDVoAVd5YC4oxfqAGJZhaf6eWIcPn/U/A+sMbv4yFLHyKQer2IydOjp2cfXiveIaG6DQ/nUhlMusO83yZeJp+wNxAOdrE1dm5m0j44laaV0HQXa1MFSWcf3FY3dJG2tn6BDQt9M40/SXpC9tgLuN/KSFOW5e8uXT2wI3AhXAmZowOBPSoX18ZM1eLonsT5DqHFBbmF20ziyaRaXFosK8GUKeQ6JTo3zz5evKWsqTrcwJZB6SPoGUnMTk8y1BUt0rd6DFRbiLtD0qcUeO6j1U5E0jKcg6wFlUWUi0z+GcmRSC0U5lBF6VvYmbF77573NwRXEoVHXrEfgNEz68EjDfBF]]></Encrypt><AgentID><![CDATA[1000002]]></AgentID></xml>
2017-11-09 11:19:41.509 [http-apr-8080-exec-10] INFO  com.ray.weixin.qy.service.message.reply.ReplyMessageService - reply_xmlMsg:<xml><ToUserName><![CDATA[ww92f5da92bb24696e]]></ToUserName><FromUserName><![CDATA[ShiRui]]></FromUserName><CreateTime>1510197580</CreateTime><MsgType><![CDATA[event]]></MsgType><AgentID>1000002</AgentID><Event><![CDATA[LOCATION]]></Event><Latitude>31.1676</Latitude><Longitude>121.156</Longitude><Precision>15</Precision></xml>
2017-11-09 11:19:41.509 [http-apr-8080-exec-10] INFO  com.ray.weixin.qy.service.message.reply.ReplyMessageService - fromUserName:ShiRui
2017-11-09 11:19:41.509 [http-apr-8080-exec-10] INFO  com.ray.weixin.qy.service.message.reply.ReplyMessageService - toUserName:ww92f5da92bb24696e
2017-11-09 11:19:41.510 [http-apr-8080-exec-10] INFO  com.ray.weixin.qy.service.message.reply.ReplyMessageService - msgType:event
2017-11-09 11:19:41.510 [http-apr-8080-exec-10] INFO  com.ray.weixin.qy.service.message.reply.ReplyMessageService - Event:LOCATION  eventKey:null
2017-11-09 11:19:46.497 [http-apr-8080-exec-3] INFO  com.ray.weixin.qy.controller.WeiXinServlet - post--------------
2017-11-09 11:19:46.498 [http-apr-8080-exec-3] INFO  com.ray.weixin.qy.service.message.reply.ReplyMessageService - parms:{"msg_signature":["c5d2caff371bcdb0c115da95de8a2638759a0aeb"],"timestamp":["1510197586"],"nonce":["691045006"]}
2017-11-09 11:19:46.498 [http-apr-8080-exec-3] INFO  com.ray.weixin.qy.service.message.reply.ReplyMessageService - postData:<xml><ToUserName><![CDATA[ww92f5da92bb24696e]]></ToUserName><Encrypt><![CDATA[hz+VZ+VaTN4LY616XAZ3r9NeMiSsRGjNCU0d6WIqdQ0fxFkapAwSsiXU7tXBywzQ1NW84Ha6wEEIpicvYmqZOz346M9AcTdtxj2pxFZjxiB+4P3SUls0K/i+/2WPJcmcZxuMDxw4GH/2ZWWZwNBh9fg2XpxJsn0BsSwS+uwjH4sg0B03fCfjlY5hCS5yBnUEs/hQIPZs8xQAy3pJgLv/JQ1it645NqS9S016kz10ejbQu8PWWqFF4aV3uSqhqZigmCE1WpMGozNCmhBwVJ7HXfJlrFAFRZQrIIc7VB5CUZKlOCQ3FefUS4oblypvvxZEyp6zZsvC1Nw/6SfaNJdwHk87NsUOIqdTo8DIPyozMKAsH2oCfE94mzCqNAvccsLx5RoOk0+6Y2mba/MjppL3f2EgRez1gPKMt3leTM4PBehSqcahH0D2jK2x7AbzaZpjAdRZb4Wh3nw+7BuOfWtqnUdEMT50gSVodZnUnMbycIjvoQafnkNn65hGsqkcRbzQ]]></Encrypt><AgentID><![CDATA[1000002]]></AgentID></xml>
2017-11-09 11:19:46.499 [http-apr-8080-exec-3] INFO  com.ray.weixin.qy.service.message.reply.ReplyMessageService - reply_xmlMsg:<xml><ToUserName><![CDATA[ww92f5da92bb24696e]]></ToUserName><FromUserName><![CDATA[ShiRui]]></FromUserName><CreateTime>1510197585</CreateTime><MsgType><![CDATA[event]]></MsgType><AgentID>1000002</AgentID><Event><![CDATA[LOCATION]]></Event><Latitude>31.1676</Latitude><Longitude>121.156</Longitude><Precision>15</Precision></xml>
2017-11-09 11:19:46.501 [http-apr-8080-exec-3] INFO  com.ray.weixin.qy.service.message.reply.ReplyMessageService - fromUserName:ShiRui
2017-11-09 11:19:46.501 [http-apr-8080-exec-3] INFO  com.ray.weixin.qy.service.message.reply.ReplyMessageService - toUserName:ww92f5da92bb24696e
2017-11-09 11:19:46.501 [http-apr-8080-exec-3] INFO  com.ray.weixin.qy.service.message.reply.ReplyMessageService - msgType:event
2017-11-09 11:19:46.501 [http-apr-8080-exec-3] INFO  com.ray.weixin.qy.service.message.reply.ReplyMessageService - Event:LOCATION  eventKey:null
2017-11-09 11:19:51.511 [http-apr-8080-exec-5] INFO  com.ray.weixin.qy.controller.WeiXinServlet - post--------------
2017-11-09 11:19:51.512 [http-apr-8080-exec-5] INFO  com.ray.weixin.qy.service.message.reply.ReplyMessageService - parms:{"msg_signature":["7f8c17c35baf513e61cb47f7ef553dd945bd47e4"],"timestamp":["1510197591"],"nonce":["2021338423"]}
2017-11-09 11:19:51.516 [http-apr-8080-exec-5] INFO  com.ray.weixin.qy.service.message.reply.ReplyMessageService - postData:<xml><ToUserName><![CDATA[ww92f5da92bb24696e]]></ToUserName><Encrypt><![CDATA[Kq32443FkVCt2GCVTDPR22tOunBJClHLyIrVZl6f3j54k+4i8AdGrbM/8mdDk68rEqnDHBkpM4lODWcyxAyE9qBhITPY34oVkboWO8/r2MMTDVFtS3mw+VH/sjJdH8WRWY2I0hvYNTk8hBGAHTZbUqNWvBYkpxDuUrZ+gBworec1G9l9cFs0pAYZvvbC4RIi0dDSn7Jw+gg5f2l7QJV85gfYvKur6uJMgcOQ6n6KU30f1B3NPVUb/EnaF3HeWI/GKuktHCN1xdQ8hRus7Ix9jF57r6u/RsjduoN6MfLvqlN4/q66iQDuN/ONqJlHaRFrT/qL91G90jkAZBHrVE9ppl0W1Mbb7Bm7td7zAmtBLU8IlPTisvhM1nSdhyd6OO27KCyPqnf4KAbOx3CwRnK3lAEoVuieoXb4AOnfkmJq1b638sO/BSLfFHgzYhSRQUHykx2WqRMDIJzla49RU2kIqNF/rmGblkPfI0aUpkQuxWpyAv0RROXtvDLXesBwBB3q]]></Encrypt><AgentID><![CDATA[1000002]]></AgentID></xml>
2017-11-09 11:19:51.520 [http-apr-8080-exec-5] INFO  com.ray.weixin.qy.service.message.reply.ReplyMessageService - reply_xmlMsg:<xml><ToUserName><![CDATA[ww92f5da92bb24696e]]></ToUserName><FromUserName><![CDATA[ShiRui]]></FromUserName><CreateTime>1510197590</CreateTime><MsgType><![CDATA[event]]></MsgType><AgentID>1000002</AgentID><Event><![CDATA[LOCATION]]></Event><Latitude>31.1676</Latitude><Longitude>121.156</Longitude><Precision>15</Precision></xml>
2017-11-09 11:19:51.524 [http-apr-8080-exec-5] INFO  com.ray.weixin.qy.service.message.reply.ReplyMessageService - fromUserName:ShiRui
2017-11-09 11:19:51.524 [http-apr-8080-exec-5] INFO  com.ray.weixin.qy.service.message.reply.ReplyMessageService - toUserName:ww92f5da92bb24696e
2017-11-09 11:19:51.525 [http-apr-8080-exec-5] INFO  com.ray.weixin.qy.service.message.reply.ReplyMessageService - msgType:event
2017-11-09 11:19:51.525 [http-apr-8080-exec-5] INFO  com.ray.weixin.qy.service.message.reply.ReplyMessageService - Event:LOCATION  eventKey:null
2017-11-09 11:19:56.503 [http-apr-8080-exec-9] INFO  com.ray.weixin.qy.controller.WeiXinServlet - post--------------
2017-11-09 11:19:56.504 [http-apr-8080-exec-9] INFO  com.ray.weixin.qy.service.message.reply.ReplyMessageService - parms:{"msg_signature":["23d535599fb62c4225e4b0f07fefa5223ea8e9df"],"timestamp":["1510197596"],"nonce":["363562541"]}
2017-11-09 11:19:56.504 [http-apr-8080-exec-9] INFO  com.ray.weixin.qy.service.message.reply.ReplyMessageService - postData:<xml><ToUserName><![CDATA[ww92f5da92bb24696e]]></ToUserName><Encrypt><![CDATA[XNITMk38EumSl0IlWkY2QJwY1E7vRJNFSIIZaOYFMBBIxjUaLpLjhltcZ7QyUyQZH628uTlZJMF6d7LdpMCTVOciDjyJ0UXw6OqQZnW7M1xp/bt3Ul4L2MgiA8LqA1UBT+ByZHUD7hrZQCWyqIlBBl74XBLuRSaZBw2+xkA4WusZ72E/YhuiUIQfB7yg5AGLQWzLAibTS/ypxJ4swUQbzi+iezNk+waMID3r0jIWj5fMKxMNkY1lmDdqaHvirLSozHOUPGLcxAVd0j2YJ0JoZpY0zQvrgL/M6SWyCSJuCpZc0qQYHwIDWUbT1WPqW9Xj+dljaWgegSg73Z3KaLhrcQQf0Trf0GiCrjeeZYTp+Q1xyO5HumKJBpT2fEtlTDi73c5DXtfQ/LP9vnGgSSYh3KDaOm990IKcSvcu7R15xkR7LOzSOlfJLVqkNXw93ZwVX6WoVOKRcVklRIq5rBUIijBOMe9sUuztKxmuGUfOc018cCn4grbyN6h3nplhRkCo]]></Encrypt><AgentID><![CDATA[1000002]]></AgentID></xml>
2017-11-09 11:19:56.505 [http-apr-8080-exec-9] INFO  com.ray.weixin.qy.service.message.reply.ReplyMessageService - reply_xmlMsg:<xml><ToUserName><![CDATA[ww92f5da92bb24696e]]></ToUserName><FromUserName><![CDATA[ShiRui]]></FromUserName><CreateTime>1510197595</CreateTime><MsgType><![CDATA[event]]></MsgType><AgentID>1000002</AgentID><Event><![CDATA[LOCATION]]></Event><Latitude>31.1676</Latitude><Longitude>121.156</Longitude><Precision>15</Precision></xml>
2017-11-09 11:19:56.505 [http-apr-8080-exec-9] INFO  com.ray.weixin.qy.service.message.reply.ReplyMessageService - fromUserName:ShiRui
2017-11-09 11:19:56.505 [http-apr-8080-exec-9] INFO  com.ray.weixin.qy.service.message.reply.ReplyMessageService - toUserName:ww92f5da92bb24696e
2017-11-09 11:19:56.505 [http-apr-8080-exec-9] INFO  com.ray.weixin.qy.service.message.reply.ReplyMessageService - msgType:event
2017-11-09 11:19:56.505 [http-apr-8080-exec-9] INFO  com.ray.weixin.qy.service.message.reply.ReplyMessageService - Event:LOCATION  eventKey:null
