2017-11-08 19:44:01.673 [http-apr-8080-exec-73] INFO  com.ray.weixin.qy.controller.WeiXinServlet - post--------------
2017-11-08 19:44:01.678 [http-apr-8080-exec-73] INFO  com.ray.weixin.qy.service.message.reply.ReplyMessageService - parms:{"msg_signature":["c7a3cf6c13166777187417a3ba55bb6ebc3f7850"],"timestamp":["1510141441"],"nonce":["1393435269"]}
2017-11-08 19:44:01.679 [http-apr-8080-exec-73] INFO  com.ray.weixin.qy.service.message.reply.ReplyMessageService - postData:<xml><ToUserName><![CDATA[ww92f5da92bb24696e]]></ToUserName><Encrypt><![CDATA[5YEtPZ6bckk+Z/S4eAJb1+TXAPDo9n80sPg/9l7oZylwAsP2GfILwk0yNeo3fSK7/x7P7cTAYfWQsBKAPj62iz5Mn6eX1EpfkBRVHAa5C2k38s5phIF113XIPMsimew22ym151/2VWeBnxlf9LE93IbEPrce7v3iEyyaa4/G+ooioai7C6GwlNh6dq1UPH5PkglaNCyVhSDS48U/jFyErnBREckDFNks0YqhCYPo3zN8IqNe7GWi587Mb1L7nDfsxvHWQlcXouPGlD7aZxgU3XAl25vp1xIv+0i2bwfiA8JMTIalq5mpaZVBO2ZOASvvvoc7nwk0D+wdxtcQ8r69saqqdDA9pYU1yOarqzr4x/pGcVE8ZmBoM4Ha2OpuzQ4krDsL3YzzZcMsDF9r9w8cWVQPFTQwG58tK3gtxUQZWE697vEuk/7jnLIGQXwgEz3U2b16wu0A+8COsThknD4lDn04HhIQL/tdYSqG38O7rPbSuZflTScN7o6ytnUuOMa+]]></Encrypt><AgentID><![CDATA[1000002]]></AgentID></xml>
2017-11-08 19:44:01.681 [http-apr-8080-exec-73] INFO  com.ray.weixin.qy.service.message.reply.ReplyMessageService - reply_xmlMsg:<xml><ToUserName><![CDATA[ww92f5da92bb24696e]]></ToUserName><FromUserName><![CDATA[ShiRui]]></FromUserName><CreateTime>1510141441</CreateTime><MsgType><![CDATA[event]]></MsgType><AgentID>1000002</AgentID><Event><![CDATA[LOCATION]]></Event><Latitude>31.1676</Latitude><Longitude>121.156</Longitude><Precision>15</Precision></xml>
2017-11-08 19:44:01.682 [http-apr-8080-exec-73] INFO  com.ray.weixin.qy.service.message.reply.ReplyMessageService - fromUserName:ShiRui
2017-11-08 19:44:01.682 [http-apr-8080-exec-73] INFO  com.ray.weixin.qy.service.message.reply.ReplyMessageService - toUserName:ww92f5da92bb24696e
2017-11-08 19:44:01.682 [http-apr-8080-exec-73] INFO  com.ray.weixin.qy.service.message.reply.ReplyMessageService - msgType:event
2017-11-08 19:44:01.682 [http-apr-8080-exec-73] INFO  com.ray.weixin.qy.service.message.reply.ReplyMessageService - Event:LOCATION  eventKey:null
2017-11-08 19:44:06.703 [http-apr-8080-exec-72] INFO  com.ray.weixin.qy.controller.WeiXinServlet - post--------------
2017-11-08 19:44:06.703 [http-apr-8080-exec-72] INFO  com.ray.weixin.qy.service.message.reply.ReplyMessageService - parms:{"msg_signature":["d423033828ed4be1e543d81a8b84298e70e282d6"],"timestamp":["1510141446"],"nonce":["245403670"]}
2017-11-08 19:44:06.704 [http-apr-8080-exec-72] INFO  com.ray.weixin.qy.service.message.reply.ReplyMessageService - postData:<xml><ToUserName><![CDATA[ww92f5da92bb24696e]]></ToUserName><Encrypt><![CDATA[0Rl1wAgYGqzWF4ZG7zuqaJzeYTvwh/XFrgk2H0ob1O48+BJLsXVdQhOyTSYyFg6XiZkHNuF2zMU1TSQGW09G8fCTkpIejMzJMTU747iU1+gpsIv/vjn4v47fkaLBLMXaduuRN/x7Jxv7Q4egwYPux13t3Zb47xt/IyIEA3T+zf0dO5YYEvr+8d8nc/FgnJm7i6Le/fY12pRmtPgfVHqqnODeORlv3yf9K4j3thp+xce0KIzrkhHS6nNK3IkxMwwSW20LPE6X2RK6EeiH7vrs6rarrEWcoaEy1fItPVtaKgk3uXnXWB9gCoBfOY/Rep1anv+KqgFUv3srHJ9/3hZfdqHbuUQTcjdCZkMNzK0jKHvp1gnpsErfMyvMbLoCFuG8Hd8A6wv9JwQbhPYCV06ch7p8wbiZ7zxVNZfCr6cx2uW27KjCEhC4lD23yry4MqjfY97j5z9TmdY4SovAI9pjHsgs3acQaQleWn2Hf2SV4XFPhrpuRb8bhNY59q/XYWpn]]></Encrypt><AgentID><![CDATA[1000002]]></AgentID></xml>
2017-11-08 19:44:06.705 [http-apr-8080-exec-72] INFO  com.ray.weixin.qy.service.message.reply.ReplyMessageService - reply_xmlMsg:<xml><ToUserName><![CDATA[ww92f5da92bb24696e]]></ToUserName><FromUserName><![CDATA[ShiRui]]></FromUserName><CreateTime>1510141446</CreateTime><MsgType><![CDATA[event]]></MsgType><AgentID>1000002</AgentID><Event><![CDATA[LOCATION]]></Event><Latitude>31.1676</Latitude><Longitude>121.156</Longitude><Precision>15</Precision></xml>
2017-11-08 19:44:06.706 [http-apr-8080-exec-72] INFO  com.ray.weixin.qy.service.message.reply.ReplyMessageService - fromUserName:ShiRui
2017-11-08 19:44:06.706 [http-apr-8080-exec-72] INFO  com.ray.weixin.qy.service.message.reply.ReplyMessageService - toUserName:ww92f5da92bb24696e
2017-11-08 19:44:06.706 [http-apr-8080-exec-72] INFO  com.ray.weixin.qy.service.message.reply.ReplyMessageService - msgType:event
2017-11-08 19:44:06.706 [http-apr-8080-exec-72] INFO  com.ray.weixin.qy.service.message.reply.ReplyMessageService - Event:LOCATION  eventKey:null
2017-11-08 19:44:11.665 [http-apr-8080-exec-76] INFO  com.ray.weixin.qy.controller.WeiXinServlet - post--------------
2017-11-08 19:44:11.665 [http-apr-8080-exec-76] INFO  com.ray.weixin.qy.service.message.reply.ReplyMessageService - parms:{"msg_signature":["a4349752f3a7a8fcd4216208cdfa9e5bfce772ed"],"timestamp":["1510141451"],"nonce":["1845117989"]}
2017-11-08 19:44:11.666 [http-apr-8080-exec-76] INFO  com.ray.weixin.qy.service.message.reply.ReplyMessageService - postData:<xml><ToUserName><![CDATA[ww92f5da92bb24696e]]></ToUserName><Encrypt><![CDATA[Q+nh5XOJI5+xlJG/RLlUTycR5xftap9R/8eIzeKLwI/nofnb9K7jC5XPgKiuppIihoz+oqeY+usrK172Hhsuot07Zel8PRMrqBgitG3a1whyF7rMjKphFZFZD9vXsbyQC8gOfDHQ00oPY8zy/HxHFP905RrEh7nlc3TQzlkcseiCkXiOoSJgwtK0iviMxOumV2DjrQkV/5jGWrXZ8+ZwxT+/21KByneEuRN/6bcSRJgV4w+GT1SYOdQDRnWa3eECIKALMPWnKtK/AgI1ZwzMqfz7Pc+t2nr+B6CStkPFJf0pTA9QJF8L+rm8JoGXoeIW7xQ0b6pDInR4K5t5uFxTtjGabDGBhTpoVyRPOxoc6F1xYoOH//fo9g5TEi7avVaSCRyz3EaxDHkLPc/YNl0oZ0wSBLpIya31ebmohKMM4p/OuI7fAr3UI5/0NG8IIH2ZqGKsVm+VCdaSXarCtzmYbgNFqNXy0u54CcCe360JfUbDT6nobNsOAnd+RPoKm6Jk]]></Encrypt><AgentID><![CDATA[1000002]]></AgentID></xml>
2017-11-08 19:44:11.668 [http-apr-8080-exec-76] INFO  com.ray.weixin.qy.service.message.reply.ReplyMessageService - reply_xmlMsg:<xml><ToUserName><![CDATA[ww92f5da92bb24696e]]></ToUserName><FromUserName><![CDATA[ShiRui]]></FromUserName><CreateTime>1510141451</CreateTime><MsgType><![CDATA[event]]></MsgType><AgentID>1000002</AgentID><Event><![CDATA[LOCATION]]></Event><Latitude>31.1676</Latitude><Longitude>121.156</Longitude><Precision>15</Precision></xml>
2017-11-08 19:44:11.669 [http-apr-8080-exec-76] INFO  com.ray.weixin.qy.service.message.reply.ReplyMessageService - fromUserName:ShiRui
2017-11-08 19:44:11.669 [http-apr-8080-exec-76] INFO  com.ray.weixin.qy.service.message.reply.ReplyMessageService - toUserName:ww92f5da92bb24696e
2017-11-08 19:44:11.670 [http-apr-8080-exec-76] INFO  com.ray.weixin.qy.service.message.reply.ReplyMessageService - msgType:event
2017-11-08 19:44:11.670 [http-apr-8080-exec-76] INFO  com.ray.weixin.qy.service.message.reply.ReplyMessageService - Event:LOCATION  eventKey:null
2017-11-08 19:44:16.720 [http-apr-8080-exec-77] INFO  com.ray.weixin.qy.controller.WeiXinServlet - post--------------
2017-11-08 19:44:16.722 [http-apr-8080-exec-77] INFO  com.ray.weixin.qy.service.message.reply.ReplyMessageService - parms:{"msg_signature":["a5e0ea02b54f937dbe8f9429c70419b1950ede3f"],"timestamp":["1510141456"],"nonce":["176911956"]}
2017-11-08 19:44:16.724 [http-apr-8080-exec-77] INFO  com.ray.weixin.qy.service.message.reply.ReplyMessageService - postData:<xml><ToUserName><![CDATA[ww92f5da92bb24696e]]></ToUserName><Encrypt><![CDATA[y+MTpZ77NmQuWP/SMRxS3DFjxFLeU/6w1w8jM6We1Mh0R49L5c7ysCQE69JbCD+NjWZ5zrsgBjlX06BgidMFsI2F2lyJMh10nF/oUV7jX2mJruuDXQJsLYc1IW0/9QLo4e2/upTCwTuavcZvwaeR2BeSKmKOfFcJ1bgimxmndsHMeqOFURtZZoQeajeXddDPZUThzDuqgZFGaTR5eQHIAI2GFe+yi8rqwqnaG0gj4dDM0U9GATgkLxDGQpNnqJzGbyX3K5B2WEyP2bN5TGFoAfPuOLUzNOIISV0G0NhyELDWy8U0NVYRwpTGdqYbqOQJqkITKkY7XzVQjcxKA60uFMS9kR1PtkGPTEWHjsUb55njsjjP7zFkGR0HM+i0i1gmUmxNRzgHGbOoiZSYgxjQSELEk+GVYFtbQGKoNFrEQKtHGimg/l8mqsHPi2Q43Vmnyuhqz7U8ehgXCY4U+IgrKAmJ4Skgmyu/wtWIC7AlzAzCKOVqXkwB8yp3fu0lj7DP]]></Encrypt><AgentID><![CDATA[1000002]]></AgentID></xml>
2017-11-08 19:44:16.736 [http-apr-8080-exec-77] INFO  com.ray.weixin.qy.service.message.reply.ReplyMessageService - reply_xmlMsg:<xml><ToUserName><![CDATA[ww92f5da92bb24696e]]></ToUserName><FromUserName><![CDATA[ShiRui]]></FromUserName><CreateTime>1510141456</CreateTime><MsgType><![CDATA[event]]></MsgType><AgentID>1000002</AgentID><Event><![CDATA[LOCATION]]></Event><Latitude>31.1676</Latitude><Longitude>121.156</Longitude><Precision>15</Precision></xml>
2017-11-08 19:44:16.739 [http-apr-8080-exec-77] INFO  com.ray.weixin.qy.service.message.reply.ReplyMessageService - fromUserName:ShiRui
2017-11-08 19:44:16.740 [http-apr-8080-exec-77] INFO  com.ray.weixin.qy.service.message.reply.ReplyMessageService - toUserName:ww92f5da92bb24696e
2017-11-08 19:44:16.740 [http-apr-8080-exec-77] INFO  com.ray.weixin.qy.service.message.reply.ReplyMessageService - msgType:event
2017-11-08 19:44:16.740 [http-apr-8080-exec-77] INFO  com.ray.weixin.qy.service.message.reply.ReplyMessageService - Event:LOCATION  eventKey:null
2017-11-08 19:44:21.749 [http-apr-8080-exec-70] INFO  com.ray.weixin.qy.controller.WeiXinServlet - post--------------
2017-11-08 19:44:21.750 [http-apr-8080-exec-70] INFO  com.ray.weixin.qy.service.message.reply.ReplyMessageService - parms:{"msg_signature":["f27afb3f32d3077bb8051cf5a4448d9e0bb3eca8"],"timestamp":["1510141461"],"nonce":["936590086"]}
2017-11-08 19:44:21.750 [http-apr-8080-exec-70] INFO  com.ray.weixin.qy.service.message.reply.ReplyMessageService - postData:<xml><ToUserName><![CDATA[ww92f5da92bb24696e]]></ToUserName><Encrypt><![CDATA[8S5QD+pdGkN3P/gJylEkwn7K7nVUo36Q5ZG+Bw2W7z7aWhNlnAiICjjwcvvgy7afLigDuy4VuvkZo1Wh73j0mK2v1gRDzqIPVsrdRXT0Msa6CBupQ83xu/XrmriWsgM6RctK4cAZFgMRQnLZQgnEGGktp4TqmyE4z3qHJzGVMt7jrOYZrJF1hFaTO6WKp6PwAvoHnPPdIMU1FBUYN6XeNk2TpqXurXYK8QFgvwqhjXaJwifOC8RhvRAVjRgUhhF1URK8+SG7xH3xC8wnXCqRq3kVBQ33I26lm0a79dZ2APULBpKePFJ/23v1unL1+7PVqy9SidkymEMECr54FWahCuFIfw2FAKdfGo4nf9OnaTm4rp+zRWMJMfjCQbZ+mnCPyl85ked0qIIWVjupLWoCugcfN3jzIErKlNKdU95tBozo2423BmuxVsTQdftha7Ybz7+27UcwgF6UzVPECoNFSfMmp9yZatC5RBBCJGUm6ChTz7GQggfKfAlESv4BLGCn]]></Encrypt><AgentID><![CDATA[1000002]]></AgentID></xml>
2017-11-08 19:44:21.754 [http-apr-8080-exec-70] INFO  com.ray.weixin.qy.service.message.reply.ReplyMessageService - reply_xmlMsg:<xml><ToUserName><![CDATA[ww92f5da92bb24696e]]></ToUserName><FromUserName><![CDATA[ShiRui]]></FromUserName><CreateTime>1510141461</CreateTime><MsgType><![CDATA[event]]></MsgType><AgentID>1000002</AgentID><Event><![CDATA[LOCATION]]></Event><Latitude>31.1676</Latitude><Longitude>121.156</Longitude><Precision>15</Precision></xml>
2017-11-08 19:44:21.757 [http-apr-8080-exec-70] INFO  com.ray.weixin.qy.service.message.reply.ReplyMessageService - fromUserName:ShiRui
2017-11-08 19:44:21.757 [http-apr-8080-exec-70] INFO  com.ray.weixin.qy.service.message.reply.ReplyMessageService - toUserName:ww92f5da92bb24696e
2017-11-08 19:44:21.757 [http-apr-8080-exec-70] INFO  com.ray.weixin.qy.service.message.reply.ReplyMessageService - msgType:event
2017-11-08 19:44:21.757 [http-apr-8080-exec-70] INFO  com.ray.weixin.qy.service.message.reply.ReplyMessageService - Event:LOCATION  eventKey:null
2017-11-08 19:44:26.794 [http-apr-8080-exec-73] INFO  com.ray.weixin.qy.controller.WeiXinServlet - post--------------
2017-11-08 19:44:26.795 [http-apr-8080-exec-73] INFO  com.ray.weixin.qy.service.message.reply.ReplyMessageService - parms:{"msg_signature":["4902852998d98ade766442f8d872be8bdfaeebe2"],"timestamp":["1510141466"],"nonce":["175167132"]}
2017-11-08 19:44:26.795 [http-apr-8080-exec-73] INFO  com.ray.weixin.qy.service.message.reply.ReplyMessageService - postData:<xml><ToUserName><![CDATA[ww92f5da92bb24696e]]></ToUserName><Encrypt><![CDATA[WRRYRUfo5Wph0Db3RvGaSAVFaN+3ANLFdNDqULPcsaWFSf0yEreKPUbJ7FVEjgj4ny4ruPB+Rt0/PWlh1Fg8cKck2EJcKmd/sHQ5vFJSoo0b+YJfUo6mgXRvclp5v2WyhsaJFn2s8d8Rwzd9c7SRE77vJdQK9LvLQN6mCtKKDRGfbER3B6B875FkS18WOUix7Vy+PO+15c42jPxiOvMbUXXgfr85S64HjiF+qNjp8vOVafO97TdsHjtSJmN7wzeNPjuP3aWQuUWBBofzX1o07nb80UYlfEoLymB7Z+6dox4oEpZqwspv4AGbkC4ToU3nbp/LXlR2ABV20sqGfDV35y/9UnsG5F05mKUCzHqXgc+MmrgvUZPQUzZqCVdfeR4Fivzqa6muz+RzQMszL3c8Y0Xel1NuS2cOcogK5X8Zzs6SrVHALAZepCMuPSUCl5Z6DYq40r/3HtpTiLmcYvKQZ31hExmrGkzS/q7zFnXQ41JKI4mHCEB+qZy+nITMkiKE]]></Encrypt><AgentID><![CDATA[1000002]]></AgentID></xml>
2017-11-08 19:44:26.798 [http-apr-8080-exec-73] INFO  com.ray.weixin.qy.service.message.reply.ReplyMessageService - reply_xmlMsg:<xml><ToUserName><![CDATA[ww92f5da92bb24696e]]></ToUserName><FromUserName><![CDATA[ShiRui]]></FromUserName><CreateTime>1510141466</CreateTime><MsgType><![CDATA[event]]></MsgType><AgentID>1000002</AgentID><Event><![CDATA[LOCATION]]></Event><Latitude>31.1676</Latitude><Longitude>121.156</Longitude><Precision>15</Precision></xml>
2017-11-08 19:44:26.800 [http-apr-8080-exec-73] INFO  com.ray.weixin.qy.service.message.reply.ReplyMessageService - fromUserName:ShiRui
2017-11-08 19:44:26.800 [http-apr-8080-exec-73] INFO  com.ray.weixin.qy.service.message.reply.ReplyMessageService - toUserName:ww92f5da92bb24696e
2017-11-08 19:44:26.800 [http-apr-8080-exec-73] INFO  com.ray.weixin.qy.service.message.reply.ReplyMessageService - msgType:event
2017-11-08 19:44:26.800 [http-apr-8080-exec-73] INFO  com.ray.weixin.qy.service.message.reply.ReplyMessageService - Event:LOCATION  eventKey:null
2017-11-08 19:44:31.780 [http-apr-8080-exec-72] INFO  com.ray.weixin.qy.controller.WeiXinServlet - post--------------
2017-11-08 19:44:31.780 [http-apr-8080-exec-72] INFO  com.ray.weixin.qy.service.message.reply.ReplyMessageService - parms:{"msg_signature":["89ff52d0aa52e0864d06de1f5bc0e797c8d7f01d"],"timestamp":["1510141471"],"nonce":["1287862667"]}
2017-11-08 19:44:31.781 [http-apr-8080-exec-72] INFO  com.ray.weixin.qy.service.message.reply.ReplyMessageService - postData:<xml><ToUserName><![CDATA[ww92f5da92bb24696e]]></ToUserName><Encrypt><![CDATA[4ho2JxAaLSksZ5AOuNpPA5RI7QEk3b/WgE0ic/gI8hyvwyLw1Em7lsL7vZWNjNZY/GMJxiiSYqxylMECwex4JcTnemQGAARN0hzzElQahFsoZRJYF8lgbOPRsiQvqDueOnky/J/laSDjGUHt+c71lk16fLl/NDymiCzOImxeli2gerg92sgcSZd8KzVYyp/OUWl/LJ6eWE3fJayR8hZghajlWhRxzJ0lEunq5B8c056euMFNMQYHFDzU5QMt3p/4O1Xo0+ctK/FwvYox7wHhIBU9g2DgyGW7zvwVxGHkfNhq/AZir5cvZPbrBva6+CqLP/tKICHwFa8RTBBd/2vqTd0+XSnNbce1i+d3nRhgYN3sC+M+X9UpsHtXKeXxMbPt/JWgrPMqntAWVwVKOGyVcuBgFDIvavQmzJM3EThz43U3mmaA6dVD357vVJq1Ej0wiJ9VQjb7NsX1D8dsW4ru4e37zVATwrRGzKbjQvn5PtBpuoOwsUVaBmxXwK+YCdQs]]></Encrypt><AgentID><![CDATA[1000002]]></AgentID></xml>
2017-11-08 19:44:31.783 [http-apr-8080-exec-72] INFO  com.ray.weixin.qy.service.message.reply.ReplyMessageService - reply_xmlMsg:<xml><ToUserName><![CDATA[ww92f5da92bb24696e]]></ToUserName><FromUserName><![CDATA[ShiRui]]></FromUserName><CreateTime>1510141471</CreateTime><MsgType><![CDATA[event]]></MsgType><AgentID>1000002</AgentID><Event><![CDATA[LOCATION]]></Event><Latitude>31.1676</Latitude><Longitude>121.156</Longitude><Precision>15</Precision></xml>
2017-11-08 19:44:31.786 [http-apr-8080-exec-72] INFO  com.ray.weixin.qy.service.message.reply.ReplyMessageService - fromUserName:ShiRui
2017-11-08 19:44:31.786 [http-apr-8080-exec-72] INFO  com.ray.weixin.qy.service.message.reply.ReplyMessageService - toUserName:ww92f5da92bb24696e
2017-11-08 19:44:31.786 [http-apr-8080-exec-72] INFO  com.ray.weixin.qy.service.message.reply.ReplyMessageService - msgType:event
2017-11-08 19:44:31.787 [http-apr-8080-exec-72] INFO  com.ray.weixin.qy.service.message.reply.ReplyMessageService - Event:LOCATION  eventKey:null
2017-11-08 19:44:36.794 [http-apr-8080-exec-76] INFO  com.ray.weixin.qy.controller.WeiXinServlet - post--------------
2017-11-08 19:44:36.795 [http-apr-8080-exec-76] INFO  com.ray.weixin.qy.service.message.reply.ReplyMessageService - parms:{"msg_signature":["b530cec4fa2b975bc9e57e2f3a23c4928a5e32c1"],"timestamp":["1510141476"],"nonce":["741254134"]}
2017-11-08 19:44:36.795 [http-apr-8080-exec-76] INFO  com.ray.weixin.qy.service.message.reply.ReplyMessageService - postData:<xml><ToUserName><![CDATA[ww92f5da92bb24696e]]></ToUserName><Encrypt><![CDATA[McpOPttYGIYxOuzY+3lp60UVQCt2NSbMEk5Tc3KapLrabNHhLaCFbFPhNNXG2byKctqakzdAa59EcBax/ZGi2UrLrKG8peiSuVVElepbZ2qKAkPUz+63LeNQSMYaco2TeuBZZ3m57QfEWsL/C1VEzaLuj3WQzm/nDVHPOYi+2fvejC4L5FFRurr6Mcw5BYq2xGc2B0uadDBXEBs7kYLONT6X4d53PbaoaQiQasAZbe0UCJMrYnhddhxq6jRj0Kbl8tH/IBSKK7mg9oZuFms8TaInfh3XSYsv+67K2YWPU7GAOC3mcd3rbSTh6d9Z5xpNDTWfe0S5ZdQ9krk2CSJXsEr6tIJKyK4q8WnT/dJzxL2PgXmrzHOSSxahweB1tZnvQc74okanBANsIjS2iSEWGQUVSl/aOftzyw79bbo90FZGAnVyjK5ZYs+rwT/CCc/IIuullfWWbgWSykHYFMdiUzJCvdgY+kjGqaPYdLHdF4po0KZBJeRonzVImnVLL+6s]]></Encrypt><AgentID><![CDATA[1000002]]></AgentID></xml>
2017-11-08 19:44:36.797 [http-apr-8080-exec-76] INFO  com.ray.weixin.qy.service.message.reply.ReplyMessageService - reply_xmlMsg:<xml><ToUserName><![CDATA[ww92f5da92bb24696e]]></ToUserName><FromUserName><![CDATA[ShiRui]]></FromUserName><CreateTime>1510141476</CreateTime><MsgType><![CDATA[event]]></MsgType><AgentID>1000002</AgentID><Event><![CDATA[LOCATION]]></Event><Latitude>31.1676</Latitude><Longitude>121.156</Longitude><Precision>15</Precision></xml>
2017-11-08 19:44:36.799 [http-apr-8080-exec-76] INFO  com.ray.weixin.qy.service.message.reply.ReplyMessageService - fromUserName:ShiRui
2017-11-08 19:44:36.799 [http-apr-8080-exec-76] INFO  com.ray.weixin.qy.service.message.reply.ReplyMessageService - toUserName:ww92f5da92bb24696e
2017-11-08 19:44:36.799 [http-apr-8080-exec-76] INFO  com.ray.weixin.qy.service.message.reply.ReplyMessageService - msgType:event
2017-11-08 19:44:36.800 [http-apr-8080-exec-76] INFO  com.ray.weixin.qy.service.message.reply.ReplyMessageService - Event:LOCATION  eventKey:null
2017-11-08 19:44:41.827 [http-apr-8080-exec-77] INFO  com.ray.weixin.qy.controller.WeiXinServlet - post--------------
2017-11-08 19:44:41.828 [http-apr-8080-exec-77] INFO  com.ray.weixin.qy.service.message.reply.ReplyMessageService - parms:{"msg_signature":["212a095ebb8066f9c838844cfd2e89c0dcdad7c4"],"timestamp":["1510141481"],"nonce":["1377831365"]}
2017-11-08 19:44:41.828 [http-apr-8080-exec-77] INFO  com.ray.weixin.qy.service.message.reply.ReplyMessageService - postData:<xml><ToUserName><![CDATA[ww92f5da92bb24696e]]></ToUserName><Encrypt><![CDATA[0VkPSm4qw+rklJCwDwQTdw8GoI+SO4KfprDKIIGm7oZXpHP9R9hDNXwGN9o000/Xpp6mx9QMn+pPr0na7T7Qm+/FvWiCDkS4ULGWMzRAgXtaK9m0eRZtRo82YXpLNjarZqiFh0mMj+Dqihjrg2g6iz+N/0/TOGsav/TbOYZfB7vwxxuVn9IB9OWnkGzSA9YyJU8xE8mqYXAOC1FBsBGAdTlV7KZ7U0ZhOtUDkv0FBqQd0aBGOaLq53fTHgNJeihgnpWIdPtsEBqymBCTc8bEqOsGCGwlvY3DDq0wyVu360KlzYWX7Qo4wuUlWGn8CAM/MSrn4UjezMlAniOlGiFG4H+b8nlZv77UoA6A+TLvsfRtg+H+QzvcaN2sbQMw+GSjjGxE5LYPJRKfQD4DiykWIVtN8y9ssiVGsvZHZsCg2YgCwQNf6ogmOhVbDZ0kDFQb1kIK33C3pvHcrx29PKi/Y+LQRdFgORBmuS/d8OlaatwGBb+X3hJOWIZPV51zN0lg]]></Encrypt><AgentID><![CDATA[1000002]]></AgentID></xml>
2017-11-08 19:44:41.830 [http-apr-8080-exec-77] INFO  com.ray.weixin.qy.service.message.reply.ReplyMessageService - reply_xmlMsg:<xml><ToUserName><![CDATA[ww92f5da92bb24696e]]></ToUserName><FromUserName><![CDATA[ShiRui]]></FromUserName><CreateTime>1510141481</CreateTime><MsgType><![CDATA[event]]></MsgType><AgentID>1000002</AgentID><Event><![CDATA[LOCATION]]></Event><Latitude>31.1676</Latitude><Longitude>121.156</Longitude><Precision>15</Precision></xml>
2017-11-08 19:44:41.831 [http-apr-8080-exec-77] INFO  com.ray.weixin.qy.service.message.reply.ReplyMessageService - fromUserName:ShiRui
2017-11-08 19:44:41.831 [http-apr-8080-exec-77] INFO  com.ray.weixin.qy.service.message.reply.ReplyMessageService - toUserName:ww92f5da92bb24696e
2017-11-08 19:44:41.831 [http-apr-8080-exec-77] INFO  com.ray.weixin.qy.service.message.reply.ReplyMessageService - msgType:event
2017-11-08 19:44:41.831 [http-apr-8080-exec-77] INFO  com.ray.weixin.qy.service.message.reply.ReplyMessageService - Event:LOCATION  eventKey:null
2017-11-08 19:44:46.769 [http-apr-8080-exec-70] INFO  com.ray.weixin.qy.controller.WeiXinServlet - post--------------
2017-11-08 19:44:46.769 [http-apr-8080-exec-70] INFO  com.ray.weixin.qy.service.message.reply.ReplyMessageService - parms:{"msg_signature":["a7ca17c624b4fa603afdb8a44a8bd919840a51ca"],"timestamp":["1510141486"],"nonce":["695293297"]}
2017-11-08 19:44:46.769 [http-apr-8080-exec-70] INFO  com.ray.weixin.qy.service.message.reply.ReplyMessageService - postData:<xml><ToUserName><![CDATA[ww92f5da92bb24696e]]></ToUserName><Encrypt><![CDATA[J6fk+E6lKK/23jHzxZUk8Mby2FSb7SOTIRNoKMgI8F1TT8qAgxj1RcMVbmEf0VwE5gxe6hAaBFl8jwT1TauGGTR12SwpM7+60R3PZ2ytTTU73N7YcHJV03tadDQEEFyYogOcD0op32Ai/8VUXwJAaz7MF9iSYBKgDLMGxiGl/q/GkdMpbbG7qQDqiPuVz1unCn6LsA0L7rDeZVMFx1Zd04tzbtDiy3w/d57r1/Z5tcsIMtHXnfTEYrKybT5P3LGvuQsPCd3eHKWhI6USp8GUcgM9uOBLP0M9/rLN9ilBYE2gwOFXTPn4aM7y1M0Mtf/wWZVqsRXTY4ok0/cEuQA6NgysybnReuNwESj8ZISDk1rI+EHK7KRUvVCaFUhEUt7pHIaA0uHy+G814FVnJfWZ0VNt4eSxU/LmkJGjyDP+rf3z36rKmUARg4Hj/E6EgEYU+LChIbu6M+idxeQl6aHpYzXhEW6qeHlqd/TlHjo5hZrFE7IHDY8AW8OYOJhm1VAP]]></Encrypt><AgentID><![CDATA[1000002]]></AgentID></xml>
2017-11-08 19:44:46.771 [http-apr-8080-exec-70] INFO  com.ray.weixin.qy.service.message.reply.ReplyMessageService - reply_xmlMsg:<xml><ToUserName><![CDATA[ww92f5da92bb24696e]]></ToUserName><FromUserName><![CDATA[ShiRui]]></FromUserName><CreateTime>1510141486</CreateTime><MsgType><![CDATA[event]]></MsgType><AgentID>1000002</AgentID><Event><![CDATA[LOCATION]]></Event><Latitude>31.1676</Latitude><Longitude>121.156</Longitude><Precision>15</Precision></xml>
2017-11-08 19:44:46.772 [http-apr-8080-exec-70] INFO  com.ray.weixin.qy.service.message.reply.ReplyMessageService - fromUserName:ShiRui
2017-11-08 19:44:46.772 [http-apr-8080-exec-70] INFO  com.ray.weixin.qy.service.message.reply.ReplyMessageService - toUserName:ww92f5da92bb24696e
2017-11-08 19:44:46.772 [http-apr-8080-exec-70] INFO  com.ray.weixin.qy.service.message.reply.ReplyMessageService - msgType:event
2017-11-08 19:44:46.772 [http-apr-8080-exec-70] INFO  com.ray.weixin.qy.service.message.reply.ReplyMessageService - Event:LOCATION  eventKey:null
2017-11-08 19:44:51.870 [http-apr-8080-exec-73] INFO  com.ray.weixin.qy.controller.WeiXinServlet - post--------------
2017-11-08 19:44:51.871 [http-apr-8080-exec-73] INFO  com.ray.weixin.qy.service.message.reply.ReplyMessageService - parms:{"msg_signature":["95a81185019beade2417d72e11568ff7b8069ccd"],"timestamp":["1510141491"],"nonce":["2080798999"]}
2017-11-08 19:44:51.873 [http-apr-8080-exec-73] INFO  com.ray.weixin.qy.service.message.reply.ReplyMessageService - postData:<xml><ToUserName><![CDATA[ww92f5da92bb24696e]]></ToUserName><Encrypt><![CDATA[KjQfw4yb6ZIcuPhUBh0naWpgbzuCh5Vs20tdat/Qa2EamshntFx9htA7Lsyw6UduNKQLcrYObw6n9X+haWl/v3l+Q6oizSpkHRFaWkM8feSI3pXcSAl9M1J8GVZ5ADV7g/QfmccKqduehld8J608jLALk2zrMC3AlMAV2LZvQEUibk/ZzvlcM2Rq9dwG9R3/NMXixZJD7I4G4fFtlpBa3fqVuR1BFu0sC5YyHelMGe2MvUXnCXJA8GUg6+wE1jEY/XBpg8Texd0WXkezc12RW+kcIKofvpxK6sMYiY1GB9YopuMcvmhXPyOPiFnJMT3QPDy0rUBHJRtBJeN8RFRkXlO71qC6r7UQHA4CoFyGR4RjqMeSvvg00IXQBZcbWvImBIS2LNwMzYca51zfqsfdbvjijaE4on5aaPKY/pmBjYwPxxXmA/oAsSWokUJ0Fu99OE17zOZfDPd5Oklt02azv9YtrCzL5ebH2kJgP+qp7czsOxCBm4xnCYFKDDloqio2]]></Encrypt><AgentID><![CDATA[1000002]]></AgentID></xml>
2017-11-08 19:44:51.877 [http-apr-8080-exec-73] INFO  com.ray.weixin.qy.service.message.reply.ReplyMessageService - reply_xmlMsg:<xml><ToUserName><![CDATA[ww92f5da92bb24696e]]></ToUserName><FromUserName><![CDATA[ShiRui]]></FromUserName><CreateTime>1510141491</CreateTime><MsgType><![CDATA[event]]></MsgType><AgentID>1000002</AgentID><Event><![CDATA[LOCATION]]></Event><Latitude>31.1676</Latitude><Longitude>121.156</Longitude><Precision>15</Precision></xml>
2017-11-08 19:44:51.881 [http-apr-8080-exec-73] INFO  com.ray.weixin.qy.service.message.reply.ReplyMessageService - fromUserName:ShiRui
2017-11-08 19:44:51.882 [http-apr-8080-exec-73] INFO  com.ray.weixin.qy.service.message.reply.ReplyMessageService - toUserName:ww92f5da92bb24696e
2017-11-08 19:44:51.882 [http-apr-8080-exec-73] INFO  com.ray.weixin.qy.service.message.reply.ReplyMessageService - msgType:event
2017-11-08 19:44:51.882 [http-apr-8080-exec-73] INFO  com.ray.weixin.qy.service.message.reply.ReplyMessageService - Event:LOCATION  eventKey:null
2017-11-08 19:44:56.828 [http-apr-8080-exec-72] INFO  com.ray.weixin.qy.controller.WeiXinServlet - post--------------
2017-11-08 19:44:56.829 [http-apr-8080-exec-72] INFO  com.ray.weixin.qy.service.message.reply.ReplyMessageService - parms:{"msg_signature":["ec545aa3eb459d1b62529d5c428ed86699e6da76"],"timestamp":["1510141496"],"nonce":["1910712844"]}
2017-11-08 19:44:56.829 [http-apr-8080-exec-72] INFO  com.ray.weixin.qy.service.message.reply.ReplyMessageService - postData:<xml><ToUserName><![CDATA[ww92f5da92bb24696e]]></ToUserName><Encrypt><![CDATA[gNU/y9A3UoJEHnJhXvJzSvJIuo+AjA43l2vtccx+QHI5ZEhpjIw5qh6GEOcyfxUBBSrqZtPlSGceJRjY7e712FVcCaz8YgyY3V4cvhHHymC0Tmq3WHDbWeqonWUFAkFnmUSVGekP4YOjyRfZ60/P3CzZLyY7fMvzGzR8/zgnA4AvsqRGKJmCR7J4PwUopKwT/Zdnl1OLZvrVnhGi/hf1NbpB6mlElxzM54tIKxkRUKu6F5ODSen5WfQknzTczfa2hiCnwW//4xyzke0iGYTne0IyQOZMzAr46rOr1l6AAKn0HvVJKnsoc34sK93FJWkoJeemCp5VFxxtgafRX5Lt0r9WX0Z/NMgfYoOhWC4qep6AFtbWqiJzNkTt4qON1gNF7yIqCl1tcUiFDVtr+sZs6HR9+dWKyxaa6/Q2WmmQRZ63JuZ2njEl94ESt0twZvpUZ0yFki3SBjUD3nVOdTaLq/StB8lKHT3VzclBWmIc1UnL9R0+IG8Fa8tiii1lYEjc]]></Encrypt><AgentID><![CDATA[1000002]]></AgentID></xml>
2017-11-08 19:44:56.833 [http-apr-8080-exec-72] INFO  com.ray.weixin.qy.service.message.reply.ReplyMessageService - reply_xmlMsg:<xml><ToUserName><![CDATA[ww92f5da92bb24696e]]></ToUserName><FromUserName><![CDATA[ShiRui]]></FromUserName><CreateTime>1510141496</CreateTime><MsgType><![CDATA[event]]></MsgType><AgentID>1000002</AgentID><Event><![CDATA[LOCATION]]></Event><Latitude>31.1676</Latitude><Longitude>121.156</Longitude><Precision>15</Precision></xml>
2017-11-08 19:44:56.835 [http-apr-8080-exec-72] INFO  com.ray.weixin.qy.service.message.reply.ReplyMessageService - fromUserName:ShiRui
2017-11-08 19:44:56.835 [http-apr-8080-exec-72] INFO  com.ray.weixin.qy.service.message.reply.ReplyMessageService - toUserName:ww92f5da92bb24696e
2017-11-08 19:44:56.837 [http-apr-8080-exec-72] INFO  com.ray.weixin.qy.service.message.reply.ReplyMessageService - msgType:event
2017-11-08 19:44:56.837 [http-apr-8080-exec-72] INFO  com.ray.weixin.qy.service.message.reply.ReplyMessageService - Event:LOCATION  eventKey:null
