2017-11-09 13:29:57.701 [http-apr-8080-exec-5] INFO  com.ray.weixin.qy.util.AuthHelper - jsonObject:{"errcode":0,"access_token":"HAXViOQY3DGAvBiBKjCsINmIRRUBT5qPdfoC4Z8571X1BUGBGeUR24SM9BJttafP4lMxb8DMjyyKPX0WO1az3mXgERblmFYc8l8o5qRwLhqXSTaQf4H5kiX5_IUQ5aEhzMVrHdHo71xR9DphzuJ-zUFPYWFBoF2UZ1VQVCmVzidT3HCqCocrpbksyJw4Kp2n9j-O6V7UVhewcXu4SXgRIg","errmsg":"","expires_in":7200}
2017-11-09 13:29:58.163 [http-apr-8080-exec-5] INFO  com.ray.weixin.qy.util.AuthHelper - jsonObject:{"errcode":0,"ticket":"kgt8ON7yVITDhtdwci0qebCLEfC_BfeygIq8cFPLbdbdgXAuwqW0TQb7lRnbFXxfHzevQQFSYr2oYlyC7L5k6Q","errmsg":"ok","expires_in":7200}
2017-11-09 13:29:58.164 [http-apr-8080-exec-5] INFO  com.ray.weixin.qy.util.AuthHelper - url:http://localhost:8080/weixin_qy/showInvoice.jsp
2017-11-09 13:29:58.166 [http-apr-8080-exec-5] INFO  com.ray.weixin.qy.util.AuthHelper - accessToken:HAXViOQY3DGAvBiBKjCsINmIRRUBT5qPdfoC4Z8571X1BUGBGeUR24SM9BJttafP4lMxb8DMjyyKPX0WO1az3mXgERblmFYc8l8o5qRwLhqXSTaQf4H5kiX5_IUQ5aEhzMVrHdHo71xR9DphzuJ-zUFPYWFBoF2UZ1VQVCmVzidT3HCqCocrpbksyJw4Kp2n9j-O6V7UVhewcXu4SXgRIg
2017-11-09 13:29:58.166 [http-apr-8080-exec-5] INFO  com.ray.weixin.qy.util.AuthHelper - jsapi_ticket:kgt8ON7yVITDhtdwci0qebCLEfC_BfeygIq8cFPLbdbdgXAuwqW0TQb7lRnbFXxfHzevQQFSYr2oYlyC7L5k6Q
2017-11-09 13:29:58.166 [http-apr-8080-exec-5] INFO  com.ray.weixin.qy.util.AuthHelper - appId:ww92f5da92bb24696e
2017-11-09 13:29:58.166 [http-apr-8080-exec-5] INFO  com.ray.weixin.qy.util.AuthHelper - timestamp:1510205396
2017-11-09 13:29:58.166 [http-apr-8080-exec-5] INFO  com.ray.weixin.qy.util.AuthHelper - nonceStr:d266d418-e357-414e-8330-a8b7d865c6a0
2017-11-09 13:29:58.167 [http-apr-8080-exec-5] INFO  com.ray.weixin.qy.util.AuthHelper - signature:97e37fc53922476a3dcfdeadd65eb553d706dcf7
2017-11-09 13:29:58.167 [http-apr-8080-exec-5] INFO  com.ray.weixin.qy.util.AuthHelper - configValue:{"signature":"97e37fc53922476a3dcfdeadd65eb553d706dcf7","appId":"ww92f5da92bb24696e","nonceStr":"d266d418-e357-414e-8330-a8b7d865c6a0","timestamp":"1510205396"}
2017-11-09 13:29:58.396 [http-apr-8080-exec-5] INFO  com.ray.weixin.qy.util.AuthHelper - jsonObject:{"errcode":0,"access_token":"HAXViOQY3DGAvBiBKjCsINmIRRUBT5qPdfoC4Z8571X1BUGBGeUR24SM9BJttafP4lMxb8DMjyyKPX0WO1az3mXgERblmFYc8l8o5qRwLhqXSTaQf4H5kiX5_IUQ5aEhzMVrHdHo71xR9DphzuJ-zUFPYWFBoF2UZ1VQVCmVzidT3HCqCocrpbksyJw4Kp2n9j-O6V7UVhewcXu4SXgRIg","errmsg":"","expires_in":7200}
2017-11-09 13:29:58.578 [http-apr-8080-exec-5] INFO  com.ray.weixin.qy.util.AuthHelper - jsonObject:{"errcode":0,"ticket":"IpK_1T69hDhZkLQTlwsAXwPIgjZ1z6yuhHmi_IRriCjAaETgX6hy8VSpS699Pn9oOWN_ZH-0gEG9SMnro7cJRg","group_id":"","errmsg":"ok","expires_in":7200}
2017-11-09 13:29:58.580 [http-apr-8080-exec-5] INFO  com.ray.weixin.qy.util.AuthHelper - apiTicket:IpK_1T69hDhZkLQTlwsAXwPIgjZ1z6yuhHmi_IRriCjAaETgX6hy8VSpS699Pn9oOWN_ZH-0gEG9SMnro7cJRg
2017-11-09 13:29:58.580 [http-apr-8080-exec-5] INFO  com.ray.weixin.qy.util.AuthHelper - appId:ww92f5da92bb24696e
2017-11-09 13:29:58.580 [http-apr-8080-exec-5] INFO  com.ray.weixin.qy.util.AuthHelper - timeStamp:1510205398
2017-11-09 13:29:58.580 [http-apr-8080-exec-5] INFO  com.ray.weixin.qy.util.AuthHelper - nonceStr:64cdd0ea-07a8-430c-9183-b46bb99ae3a5
2017-11-09 13:29:58.581 [http-apr-8080-exec-5] INFO  com.ray.weixin.qy.util.AuthHelper - cardType:INVOICE
2017-11-09 13:29:58.581 [http-apr-8080-exec-5] INFO  com.ray.weixin.qy.util.AuthHelper - cardSign:05ebba4f7ea40e74c6ed72049bf2cb4dee7b13f3
2017-11-09 13:29:58.581 [http-apr-8080-exec-5] INFO  com.ray.weixin.qy.util.AuthHelper - signType:SHA1
2017-11-09 13:29:58.582 [http-apr-8080-exec-5] INFO  com.ray.weixin.qy.util.AuthHelper - configValue:{"signType":"SHA1","cardSign":"05ebba4f7ea40e74c6ed72049bf2cb4dee7b13f3","nonceStr":"64cdd0ea-07a8-430c-9183-b46bb99ae3a5","timestamp":"1510205398"}
