2017-11-09 12:17:13.373 [http-apr-8080-exec-6] INFO  com.ray.weixin.qy.util.AuthHelper - jsonObject:{"errcode":0,"access_token":"HAXViOQY3DGAvBiBKjCsINmIRRUBT5qPdfoC4Z8571X1BUGBGeUR24SM9BJttafP4lMxb8DMjyyKPX0WO1az3mXgERblmFYc8l8o5qRwLhqXSTaQf4H5kiX5_IUQ5aEhzMVrHdHo71xR9DphzuJ-zUFPYWFBoF2UZ1VQVCmVzidT3HCqCocrpbksyJw4Kp2n9j-O6V7UVhewcXu4SXgRIg","errmsg":"ok","expires_in":7200}
2017-11-09 12:17:13.769 [http-apr-8080-exec-6] INFO  com.ray.weixin.qy.util.AuthHelper - jsonObject:{"errcode":0,"ticket":"kgt8ON7yVITDhtdwci0qebCLEfC_BfeygIq8cFPLbdbdgXAuwqW0TQb7lRnbFXxfHzevQQFSYr2oYlyC7L5k6Q","errmsg":"ok","expires_in":7200}
2017-11-09 12:17:13.770 [http-apr-8080-exec-6] INFO  com.ray.weixin.qy.util.AuthHelper - url:http://rayner.nat300.top/weixin_qy/showInvoice.jsp
2017-11-09 12:17:13.770 [http-apr-8080-exec-6] INFO  com.ray.weixin.qy.util.AuthHelper - accessToken:HAXViOQY3DGAvBiBKjCsINmIRRUBT5qPdfoC4Z8571X1BUGBGeUR24SM9BJttafP4lMxb8DMjyyKPX0WO1az3mXgERblmFYc8l8o5qRwLhqXSTaQf4H5kiX5_IUQ5aEhzMVrHdHo71xR9DphzuJ-zUFPYWFBoF2UZ1VQVCmVzidT3HCqCocrpbksyJw4Kp2n9j-O6V7UVhewcXu4SXgRIg
2017-11-09 12:17:13.770 [http-apr-8080-exec-6] INFO  com.ray.weixin.qy.util.AuthHelper - jsapi_ticket:kgt8ON7yVITDhtdwci0qebCLEfC_BfeygIq8cFPLbdbdgXAuwqW0TQb7lRnbFXxfHzevQQFSYr2oYlyC7L5k6Q
2017-11-09 12:17:13.770 [http-apr-8080-exec-6] INFO  com.ray.weixin.qy.util.AuthHelper - appId:ww92f5da92bb24696e
2017-11-09 12:17:13.770 [http-apr-8080-exec-6] INFO  com.ray.weixin.qy.util.AuthHelper - timestamp:1510201033
2017-11-09 12:17:13.771 [http-apr-8080-exec-6] INFO  com.ray.weixin.qy.util.AuthHelper - nonceStr:83724944-e9fb-415f-a773-ead64df93dff
2017-11-09 12:17:13.771 [http-apr-8080-exec-6] INFO  com.ray.weixin.qy.util.AuthHelper - signature:324a490e37186ec6b58a29730b394123757656d2
2017-11-09 12:17:13.771 [http-apr-8080-exec-6] INFO  com.ray.weixin.qy.util.AuthHelper - configValue:{"signature":"324a490e37186ec6b58a29730b394123757656d2","appId":"ww92f5da92bb24696e","nonceStr":"83724944-e9fb-415f-a773-ead64df93dff","timestamp":"1510201033"}
2017-11-09 12:17:13.991 [http-apr-8080-exec-6] INFO  com.ray.weixin.qy.util.AuthHelper - jsonObject:{"errcode":0,"access_token":"HAXViOQY3DGAvBiBKjCsINmIRRUBT5qPdfoC4Z8571X1BUGBGeUR24SM9BJttafP4lMxb8DMjyyKPX0WO1az3mXgERblmFYc8l8o5qRwLhqXSTaQf4H5kiX5_IUQ5aEhzMVrHdHo71xR9DphzuJ-zUFPYWFBoF2UZ1VQVCmVzidT3HCqCocrpbksyJw4Kp2n9j-O6V7UVhewcXu4SXgRIg","errmsg":"ok","expires_in":7200}
2017-11-09 12:17:14.177 [http-apr-8080-exec-6] INFO  com.ray.weixin.qy.util.AuthHelper - jsonObject:{"errcode":0,"ticket":"IpK_1T69hDhZkLQTlwsAXwPIgjZ1z6yuhHmi_IRriCjAaETgX6hy8VSpS699Pn9oOWN_ZH-0gEG9SMnro7cJRg","group_id":"","errmsg":"ok","expires_in":7200}
2017-11-09 12:17:14.178 [http-apr-8080-exec-6] INFO  com.ray.weixin.qy.util.AuthHelper - apiTicket:IpK_1T69hDhZkLQTlwsAXwPIgjZ1z6yuhHmi_IRriCjAaETgX6hy8VSpS699Pn9oOWN_ZH-0gEG9SMnro7cJRg
2017-11-09 12:17:14.178 [http-apr-8080-exec-6] INFO  com.ray.weixin.qy.util.AuthHelper - appId:ww92f5da92bb24696e
2017-11-09 12:17:14.178 [http-apr-8080-exec-6] INFO  com.ray.weixin.qy.util.AuthHelper - timeStamp:1510201034
2017-11-09 12:17:14.178 [http-apr-8080-exec-6] INFO  com.ray.weixin.qy.util.AuthHelper - nonceStr:5ae86cb1-0053-4601-bcc9-a53a279c6812
2017-11-09 12:17:14.178 [http-apr-8080-exec-6] INFO  com.ray.weixin.qy.util.AuthHelper - cardType:INVOICE
2017-11-09 12:17:14.178 [http-apr-8080-exec-6] INFO  com.ray.weixin.qy.util.AuthHelper - cardSign:4ae5d3bca6146f7c2f7053cdb66a921d9c44542e
2017-11-09 12:17:14.178 [http-apr-8080-exec-6] INFO  com.ray.weixin.qy.util.AuthHelper - signType:SHA1
2017-11-09 12:17:14.178 [http-apr-8080-exec-6] INFO  com.ray.weixin.qy.util.AuthHelper - configValue:{"signType":"SHA1","cardSign":"4ae5d3bca6146f7c2f7053cdb66a921d9c44542e","nonceStr":"5ae86cb1-0053-4601-bcc9-a53a279c6812","timestamp":"1510201034"}
