2017-11-09 10:16:06.313 [http-apr-8080-exec-2] INFO  com.ray.weixin.qy.controller.WeiXinServlet - post--------------
2017-11-09 10:16:06.326 [http-apr-8080-exec-2] INFO  com.ray.weixin.qy.service.message.reply.ReplyMessageService - parms:{"msg_signature":["3c4beb168bbb284247d8b5226481e514be654040"],"timestamp":["1510193765"],"nonce":["1439413366"]}
2017-11-09 10:16:06.326 [http-apr-8080-exec-2] INFO  com.ray.weixin.qy.service.message.reply.ReplyMessageService - postData:<xml><ToUserName><![CDATA[ww92f5da92bb24696e]]></ToUserName><Encrypt><![CDATA[r6CVSyaFH9+sF0CSUxZ4gp99to9x1MQxUeuZDGvB9BnqASnKcJEoxPKtY081blpR4IwJtNh9aTY9+NkPdIEExhRHxF/e7qTyOjybo/c4yPm4SlSff8Vy2+VSmUwr8tmlHM/96IC5kij3h6FTPqqVp6/2FFQoktTLZ+mczE4EmcPt4nDiJ76bJM9LAtfqloKO/mTAs/xho78txuKcQICgtLw/INvYJKBHYDFUzGKnDbOpqwMLIHC/X62DgyokTQCfbw8e0bgD1D3tvo0KRt7gXOWn1O37W4rzDrjDl9UZkvlOfE8p1kjWEo6ANKIv9gcBaSkZG3FtwPJ5pW165Viv12V1nfbQke64qkZs8MGcT09pJbdonZwLS+yXiA8yUHF7a7i8NKzEZPlc32Y7uNAm5dLC0kFtNYUIVleGKOSEm5rJrG75qrXzpCaVPIMU1Dqa7BZMS8Xn8uitPIDmMbkPAPuPgH3K6e7vLWD/ySfrNVhEUX0eRQKgjfApbO5uUXbF]]></Encrypt><AgentID><![CDATA[1000002]]></AgentID></xml>
2017-11-09 10:16:06.331 [http-apr-8080-exec-2] INFO  com.ray.weixin.qy.service.message.reply.ReplyMessageService - reply_xmlMsg:<xml><ToUserName><![CDATA[ww92f5da92bb24696e]]></ToUserName><FromUserName><![CDATA[ShiRui]]></FromUserName><CreateTime>1510193765</CreateTime><MsgType><![CDATA[event]]></MsgType><AgentID>1000002</AgentID><Event><![CDATA[LOCATION]]></Event><Latitude>31.1676</Latitude><Longitude>121.156</Longitude><Precision>15</Precision></xml>
2017-11-09 10:16:06.333 [http-apr-8080-exec-2] INFO  com.ray.weixin.qy.service.message.reply.ReplyMessageService - fromUserName:ShiRui
2017-11-09 10:16:06.334 [http-apr-8080-exec-2] INFO  com.ray.weixin.qy.service.message.reply.ReplyMessageService - toUserName:ww92f5da92bb24696e
2017-11-09 10:16:06.334 [http-apr-8080-exec-2] INFO  com.ray.weixin.qy.service.message.reply.ReplyMessageService - msgType:event
2017-11-09 10:16:06.334 [http-apr-8080-exec-2] INFO  com.ray.weixin.qy.service.message.reply.ReplyMessageService - Event:LOCATION  eventKey:null
2017-11-09 10:16:20.081 [http-apr-8080-exec-3] INFO  com.ray.weixin.qy.controller.WeiXinServlet - post--------------
2017-11-09 10:16:20.081 [http-apr-8080-exec-3] INFO  com.ray.weixin.qy.service.message.reply.ReplyMessageService - parms:{"msg_signature":["83553b4291411cc71c0d26fbc9a0313b82e358b0"],"timestamp":["1510193779"],"nonce":["166295851"]}
2017-11-09 10:16:20.082 [http-apr-8080-exec-3] INFO  com.ray.weixin.qy.service.message.reply.ReplyMessageService - postData:<xml><ToUserName><![CDATA[ww92f5da92bb24696e]]></ToUserName><Encrypt><![CDATA[feyUcQw3uMSWj4GGGOhSmem+B8mwMzDSfr4Acdcuh5cckahSG4qBZIPDfg+yq3FNN8EPRjuM4jt1LZhS0Kzf6rLG9ov1/+S70rhkQBxe3VO9yBnAQfBcT9X3EE3sExktqo3uyeBuWGBNx068r7ROHXOSXW1gNQgSMii62Pj+X5WBVMfB6sq+aJd8Ba6s8vH3GzWsTAC+kdqPfTd1cTg9+XYzxHwYzPKnzMlz4SWxCifyQwp5h5f6Z57oosQWTpgf8+0ZknOixSspiyW4Qix38+d4dprwngZxyKPmgZcZHoQXt9lXMAa7i/H2PtUgpatUXwfoNWqKPL8pwgLDno4em2N8ALKK7L0OPQGT9HIsb8NEZeYEo+M5ObjqwuAVbLagJqAzXJOFQrBj/riOjCRTAafsvkimJvR3Q14CrvxYxaCqWXQIfy3sWrGt4hV1bJYjRi7Q7n9kiVSqce34YbMk2ZZwhnnbWw1U3JF04dxBmlfoOY/LD6D60C0rfZI03TOV]]></Encrypt><AgentID><![CDATA[1000002]]></AgentID></xml>
2017-11-09 10:16:20.087 [http-apr-8080-exec-3] INFO  com.ray.weixin.qy.service.message.reply.ReplyMessageService - reply_xmlMsg:<xml><ToUserName><![CDATA[ww92f5da92bb24696e]]></ToUserName><FromUserName><![CDATA[ShiRui]]></FromUserName><CreateTime>1510193779</CreateTime><MsgType><![CDATA[event]]></MsgType><AgentID>1000002</AgentID><Event><![CDATA[LOCATION]]></Event><Latitude>31.1676</Latitude><Longitude>121.156</Longitude><Precision>15</Precision></xml>
2017-11-09 10:16:20.090 [http-apr-8080-exec-3] INFO  com.ray.weixin.qy.service.message.reply.ReplyMessageService - fromUserName:ShiRui
2017-11-09 10:16:20.090 [http-apr-8080-exec-3] INFO  com.ray.weixin.qy.service.message.reply.ReplyMessageService - toUserName:ww92f5da92bb24696e
2017-11-09 10:16:20.090 [http-apr-8080-exec-3] INFO  com.ray.weixin.qy.service.message.reply.ReplyMessageService - msgType:event
2017-11-09 10:16:20.092 [http-apr-8080-exec-3] INFO  com.ray.weixin.qy.service.message.reply.ReplyMessageService - Event:LOCATION  eventKey:null
2017-11-09 10:16:24.990 [http-apr-8080-exec-7] INFO  com.ray.weixin.qy.controller.WeiXinServlet - post--------------
2017-11-09 10:16:24.990 [http-apr-8080-exec-7] INFO  com.ray.weixin.qy.service.message.reply.ReplyMessageService - parms:{"msg_signature":["44e452f2ee1ba9a7d9bf2ab39a40df4be6eb5647"],"timestamp":["1510193784"],"nonce":["848070132"]}
2017-11-09 10:16:24.991 [http-apr-8080-exec-7] INFO  com.ray.weixin.qy.service.message.reply.ReplyMessageService - postData:<xml><ToUserName><![CDATA[ww92f5da92bb24696e]]></ToUserName><Encrypt><![CDATA[jQFEb9Fkm1HFBGP5hpiiyznChOGSxR3ehJ6MkTFxUct+HUv3jogGRBtYOe/vnNRqUxipDvTfHxvUg2iDhYfvICxP7jsLtGDTjv7pXPaTN6vn7UTsdRSyBHRfY+I6uDlrLiOCfK5Whx+SpoaoR1r4MU4ft+EzazzZZoN+202wAInmb7z7O6ckQBcBvjOTOJQCcIqodFnK6WGqX77kpDQtwb7Ox1ZJJjp69Ky3g9Ix4KroqfAsQt4clO7mltJFXrsLpiK1nVPiu+PNR425CefrzoQBo+Srkg9rCdHGM6uQZlVMldv5XCy/Xh2Z07JRbpHcjh5EWe6FlWpy9NaR+RGxOv7of6bYVE6aY+EzMm4s63VpYvXcxpdDcfDjwOZruS8IQq7RrX8zyew6RlTIgw49t2fMYGzng5p3h2NeBUQmjCI5LSJvsT2DcmUbmaPHcKNY12Hlr7E3xH5l5BbdRkDBQRBY4eG+M9f3LzCHvBBQd1kdkFlyWcEzPooAwLsjZUWv]]></Encrypt><AgentID><![CDATA[1000002]]></AgentID></xml>
2017-11-09 10:16:24.994 [http-apr-8080-exec-7] INFO  com.ray.weixin.qy.service.message.reply.ReplyMessageService - reply_xmlMsg:<xml><ToUserName><![CDATA[ww92f5da92bb24696e]]></ToUserName><FromUserName><![CDATA[ShiRui]]></FromUserName><CreateTime>1510193784</CreateTime><MsgType><![CDATA[event]]></MsgType><AgentID>1000002</AgentID><Event><![CDATA[LOCATION]]></Event><Latitude>31.1676</Latitude><Longitude>121.156</Longitude><Precision>15</Precision></xml>
2017-11-09 10:16:24.997 [http-apr-8080-exec-7] INFO  com.ray.weixin.qy.service.message.reply.ReplyMessageService - fromUserName:ShiRui
2017-11-09 10:16:24.997 [http-apr-8080-exec-7] INFO  com.ray.weixin.qy.service.message.reply.ReplyMessageService - toUserName:ww92f5da92bb24696e
2017-11-09 10:16:24.997 [http-apr-8080-exec-7] INFO  com.ray.weixin.qy.service.message.reply.ReplyMessageService - msgType:event
2017-11-09 10:16:24.997 [http-apr-8080-exec-7] INFO  com.ray.weixin.qy.service.message.reply.ReplyMessageService - Event:LOCATION  eventKey:null
2017-11-09 10:16:44.745 [http-apr-8080-exec-9] INFO  com.ray.weixin.qy.controller.WeiXinServlet - post--------------
2017-11-09 10:16:44.745 [http-apr-8080-exec-9] INFO  com.ray.weixin.qy.service.message.reply.ReplyMessageService - parms:{"msg_signature":["a18d6114b2f19109b675654b8b331bac0d4ccd79"],"timestamp":["1510193804"],"nonce":["25489899"]}
2017-11-09 10:16:44.746 [http-apr-8080-exec-9] INFO  com.ray.weixin.qy.service.message.reply.ReplyMessageService - postData:<xml><ToUserName><![CDATA[ww92f5da92bb24696e]]></ToUserName><Encrypt><![CDATA[v9Zx/fw7RHvgtjBSGxePLfR/Z4lJtKQixR7sv7MZKzFkYhNQx8kEWJmpO+taW8PPMD+jM3Xx6Jg7Dyb9DX68a24HCNkDPDc79p/EIljHBWUHv+hxh4Mn+0gN7zovXGOBOvjbxjDV3T+sOkrZ47+VSslCyX5bJ0RMxwgkApgBe+6AC9O+xPnDj147er+/ksEGjKKry4MucOx5GNoh+HUCNhF2kEUur/5fCERE7X/pYPK0TKiDGj65/XhbVEEgnhBwF8XY1btddNCl4LamcKjm1wJ78/yJ+eEsnS129NXtIyj6oxa7yn0k9GkXiG2moxzmXX9HB3anlpYPt7/pbW+2I6mnB0kTLUZV3nE+MVQG+DBq+nYpiST3L1ARs8E5qW6yLf43/Ga0lr1qaTcK2Voh6MV8WjhwvEwjgLjBRtLPF72JVAVWs9vg3SwAEQ99phArwTrUHhIVWQzM+w+QCanEikdlE0sLkUUrqyCaZSQcRMdJkUh26sWXde0QIt8pDKpL]]></Encrypt><AgentID><![CDATA[1000002]]></AgentID></xml>
2017-11-09 10:16:44.748 [http-apr-8080-exec-9] INFO  com.ray.weixin.qy.service.message.reply.ReplyMessageService - reply_xmlMsg:<xml><ToUserName><![CDATA[ww92f5da92bb24696e]]></ToUserName><FromUserName><![CDATA[ShiRui]]></FromUserName><CreateTime>1510193804</CreateTime><MsgType><![CDATA[event]]></MsgType><AgentID>1000002</AgentID><Event><![CDATA[LOCATION]]></Event><Latitude>31.1676</Latitude><Longitude>121.156</Longitude><Precision>15</Precision></xml>
2017-11-09 10:16:44.749 [http-apr-8080-exec-9] INFO  com.ray.weixin.qy.service.message.reply.ReplyMessageService - fromUserName:ShiRui
2017-11-09 10:16:44.749 [http-apr-8080-exec-9] INFO  com.ray.weixin.qy.service.message.reply.ReplyMessageService - toUserName:ww92f5da92bb24696e
2017-11-09 10:16:44.749 [http-apr-8080-exec-9] INFO  com.ray.weixin.qy.service.message.reply.ReplyMessageService - msgType:event
2017-11-09 10:16:44.749 [http-apr-8080-exec-9] INFO  com.ray.weixin.qy.service.message.reply.ReplyMessageService - Event:LOCATION  eventKey:null
