2017-11-09 14:28:29.633 [http-apr-8080-exec-18] INFO  com.ray.weixin.qy.controller.WeiXinServlet - post--------------
2017-11-09 14:28:29.767 [http-apr-8080-exec-18] INFO  com.ray.weixin.qy.service.message.reply.ReplyMessageService - parms:{"msg_signature":["75163d01063d131542a525baa0ca6223f6867d7a"],"timestamp":["1510208908"],"nonce":["1937793442"]}
2017-11-09 14:28:29.767 [http-apr-8080-exec-18] INFO  com.ray.weixin.qy.service.message.reply.ReplyMessageService - postData:<xml><ToUserName><![CDATA[ww92f5da92bb24696e]]></ToUserName><Encrypt><![CDATA[eoHlcUzTJkLoy9QzNeqlX5LQrCobXEB3PfUPLwqB3TrqN5T0YmX1SbedgdgF4Sz7z7Xh1bDJ+sHPFTPTXdNv/GEP5KEOAtegKQMJ45XdrAy/ThHSUV9Xi8tgqXIyPNPYyEk3zH2lpzBUOPuWTIzSl8ZL43ccjTtPcwSmuCJEPJygBDvLhazkB0BKfwzqGdrR+iZNURjL9qvz9XiPJ1JRGxMvB14iIaSi/R67HXt+VOwZpDJZQX/xmbplD8Q/qSR8StmpOOmvIqhchVduTGz9cY/2SaxNlD34qgcCJqVjR8Cifg0cPbPrA9Krg9V3eJQUaRibRR/KpW5b14jgyT185aSQuonxkKXV0N2XkcYORhdempqeoch4BooTh5olm5un7mB+/WXGOJaFSWT10Wa3NpQLPFhxbOKoBPIsfz/MSJRixJlNNqBRgCiUHpOIoC+dV1GwYQsES1CxosbC3IGrQ1IgcuY95u8O9T9GpbB2jcwY5kDqUdw8GSo3RzhapPbe]]></Encrypt><AgentID><![CDATA[1000002]]></AgentID></xml>
2017-11-09 14:28:29.781 [http-apr-8080-exec-18] INFO  com.ray.weixin.qy.service.message.reply.ReplyMessageService - reply_xmlMsg:<xml><ToUserName><![CDATA[ww92f5da92bb24696e]]></ToUserName><FromUserName><![CDATA[XuZhao]]></FromUserName><CreateTime>1510208908</CreateTime><MsgType><![CDATA[event]]></MsgType><AgentID>1000002</AgentID><Event><![CDATA[view]]></Event><EventKey><![CDATA[http://rayner.nat300.top/weixin_qy/showInvoice.jsp]]></EventKey></xml>
2017-11-09 14:28:29.957 [http-apr-8080-exec-18] INFO  com.ray.weixin.qy.service.message.reply.ReplyMessageService - fromUserName:XuZhao
2017-11-09 14:28:29.957 [http-apr-8080-exec-18] INFO  com.ray.weixin.qy.service.message.reply.ReplyMessageService - toUserName:ww92f5da92bb24696e
2017-11-09 14:28:29.957 [http-apr-8080-exec-18] INFO  com.ray.weixin.qy.service.message.reply.ReplyMessageService - msgType:event
2017-11-09 14:28:29.957 [http-apr-8080-exec-18] INFO  com.ray.weixin.qy.service.message.reply.ReplyMessageService - Event:view  eventKey:http://rayner.nat300.top/weixin_qy/showInvoice.jsp
2017-11-09 14:28:30.045 [http-apr-8080-exec-14] INFO  com.ray.weixin.qy.util.AuthHelper - jsonObject:{"errcode":0,"access_token":"ZOJ3RCym--7oan0FJRpUghR5FMT3t_PsVCi9MrJ7PkNi0Z_MxYwjR6mKIjkeU2V-fEypmP6L0ja-6dgYSWBBsfToJPJDWpPrmA0CWfhZEbX02WmyrNutPeecHG9NmA4BtMPWbTFHYRwkajzRw0ew6X43h6qpEddkRtri8x-mpNS3wJyBv-AIagdVKtRVaEF0wsTM5K20aHm3C2LW22F77g","errmsg":"ok","expires_in":7200}
2017-11-09 14:28:30.466 [http-apr-8080-exec-14] INFO  com.ray.weixin.qy.util.AuthHelper - jsonObject:{"errcode":0,"ticket":"kgt8ON7yVITDhtdwci0qebCLEfC_BfeygIq8cFPLbdbLUB0ucTHlJV0WpqmPsf-bnohhyeIsTh5Urv920HkAVA","errmsg":"ok","expires_in":7200}
2017-11-09 14:28:30.468 [http-apr-8080-exec-14] INFO  com.ray.weixin.qy.util.AuthHelper - url:http://rayner.nat300.top/weixin_qy/showInvoice.jsp
2017-11-09 14:28:30.468 [http-apr-8080-exec-14] INFO  com.ray.weixin.qy.util.AuthHelper - accessToken:ZOJ3RCym--7oan0FJRpUghR5FMT3t_PsVCi9MrJ7PkNi0Z_MxYwjR6mKIjkeU2V-fEypmP6L0ja-6dgYSWBBsfToJPJDWpPrmA0CWfhZEbX02WmyrNutPeecHG9NmA4BtMPWbTFHYRwkajzRw0ew6X43h6qpEddkRtri8x-mpNS3wJyBv-AIagdVKtRVaEF0wsTM5K20aHm3C2LW22F77g
2017-11-09 14:28:30.469 [http-apr-8080-exec-14] INFO  com.ray.weixin.qy.util.AuthHelper - jsapi_ticket:kgt8ON7yVITDhtdwci0qebCLEfC_BfeygIq8cFPLbdbLUB0ucTHlJV0WpqmPsf-bnohhyeIsTh5Urv920HkAVA
2017-11-09 14:28:30.470 [http-apr-8080-exec-14] INFO  com.ray.weixin.qy.util.AuthHelper - appId:ww92f5da92bb24696e
2017-11-09 14:28:30.470 [http-apr-8080-exec-14] INFO  com.ray.weixin.qy.util.AuthHelper - timestamp:1510208909
2017-11-09 14:28:30.471 [http-apr-8080-exec-14] INFO  com.ray.weixin.qy.util.AuthHelper - nonceStr:699afab7-9166-477e-b51a-56061618345f
2017-11-09 14:28:30.472 [http-apr-8080-exec-14] INFO  com.ray.weixin.qy.util.AuthHelper - signature:eb3d105b1e32c1c684053bb9dbb69605ac6fb99e
2017-11-09 14:28:30.473 [http-apr-8080-exec-14] INFO  com.ray.weixin.qy.util.AuthHelper - configValue:{"signature":"eb3d105b1e32c1c684053bb9dbb69605ac6fb99e","appId":"ww92f5da92bb24696e","nonceStr":"699afab7-9166-477e-b51a-56061618345f","timestamp":"1510208909"}
2017-11-09 14:28:30.745 [http-apr-8080-exec-14] INFO  com.ray.weixin.qy.util.AuthHelper - jsonObject:{"errcode":0,"access_token":"ZOJ3RCym--7oan0FJRpUghR5FMT3t_PsVCi9MrJ7PkNi0Z_MxYwjR6mKIjkeU2V-fEypmP6L0ja-6dgYSWBBsfToJPJDWpPrmA0CWfhZEbX02WmyrNutPeecHG9NmA4BtMPWbTFHYRwkajzRw0ew6X43h6qpEddkRtri8x-mpNS3wJyBv-AIagdVKtRVaEF0wsTM5K20aHm3C2LW22F77g","errmsg":"ok","expires_in":7200}
2017-11-09 14:28:30.950 [http-apr-8080-exec-14] INFO  com.ray.weixin.qy.util.AuthHelper - jsonObject:{"errcode":0,"ticket":"IpK_1T69hDhZkLQTlwsAXwPIgjZ1z6yuhHmi_IRriCiAUXMUlMDNbEIhkpqFO4J1s_HeDMkJ6uMtAqaoeeIwVg","group_id":"","errmsg":"ok","expires_in":7200}
2017-11-09 14:28:30.952 [http-apr-8080-exec-14] INFO  com.ray.weixin.qy.util.AuthHelper - apiTicket:IpK_1T69hDhZkLQTlwsAXwPIgjZ1z6yuhHmi_IRriCiAUXMUlMDNbEIhkpqFO4J1s_HeDMkJ6uMtAqaoeeIwVg
2017-11-09 14:28:30.952 [http-apr-8080-exec-14] INFO  com.ray.weixin.qy.util.AuthHelper - appId:ww92f5da92bb24696e
2017-11-09 14:28:30.952 [http-apr-8080-exec-14] INFO  com.ray.weixin.qy.util.AuthHelper - timeStamp:1510208910
2017-11-09 14:28:30.953 [http-apr-8080-exec-14] INFO  com.ray.weixin.qy.util.AuthHelper - nonceStr:92b57639-0872-4085-9cc4-04f84b52c574
2017-11-09 14:28:30.953 [http-apr-8080-exec-14] INFO  com.ray.weixin.qy.util.AuthHelper - cardType:INVOICE
2017-11-09 14:28:30.953 [http-apr-8080-exec-14] INFO  com.ray.weixin.qy.util.AuthHelper - cardSign:b10172544e0afd987fb43c7a4a43a353811f6eb2
2017-11-09 14:28:30.953 [http-apr-8080-exec-14] INFO  com.ray.weixin.qy.util.AuthHelper - signType:SHA1
2017-11-09 14:28:30.954 [http-apr-8080-exec-14] INFO  com.ray.weixin.qy.util.AuthHelper - configValue:{"signType":"SHA1","cardSign":"b10172544e0afd987fb43c7a4a43a353811f6eb2","nonceStr":"92b57639-0872-4085-9cc4-04f84b52c574","timestamp":"1510208910"}
2017-11-09 14:28:43.143 [http-apr-8080-exec-12] INFO  com.ray.weixin.qy.util.AuthHelper - jsonObject:{"errcode":0,"access_token":"ZOJ3RCym--7oan0FJRpUghR5FMT3t_PsVCi9MrJ7PkNi0Z_MxYwjR6mKIjkeU2V-fEypmP6L0ja-6dgYSWBBsfToJPJDWpPrmA0CWfhZEbX02WmyrNutPeecHG9NmA4BtMPWbTFHYRwkajzRw0ew6X43h6qpEddkRtri8x-mpNS3wJyBv-AIagdVKtRVaEF0wsTM5K20aHm3C2LW22F77g","errmsg":"ok","expires_in":7200}
