2017-11-07 18:20:23.105 [http-apr-8080-exec-19] INFO  com.ray.weixin.gz.controller.WeiXinServlet - post--------------
2017-11-07 18:20:23.128 [http-apr-8080-exec-19] INFO  com.ray.weixin.gz.service.message.ReplyMessageService - parms:{"signature":["f819eb75a3d0a60c0220edb083f1f43b4872fabd"],"timestamp":["1510050022"],"nonce":["105773322"],"openid":["oDLefxDvQajibXhSWIWHrkiO1n2o"]}
2017-11-07 18:20:23.130 [http-apr-8080-exec-19] INFO  com.ray.weixin.gz.service.message.ReplyMessageService - postData:<xml><ToUserName><![CDATA[gh_8c1dd328db4e]]></ToUserName><FromUserName><![CDATA[oDLefxDvQajibXhSWIWHrkiO1n2o]]></FromUserName><CreateTime>1510050022</CreateTime><MsgType><![CDATA[event]]></MsgType><Event><![CDATA[VIEW]]></Event><EventKey><![CDATA[http://rayner.nat300.top/weixin_gz/showInvoice.jsp]]></EventKey><MenuId>591675728</MenuId></xml>
2017-11-07 18:20:23.130 [http-apr-8080-exec-19] INFO  com.ray.weixin.gz.service.message.ReplyMessageService - 明文模式
2017-11-07 18:20:23.130 [http-apr-8080-exec-19] INFO  com.ray.weixin.gz.service.message.ReplyMessageService - <xml><ToUserName><![CDATA[gh_8c1dd328db4e]]></ToUserName><FromUserName><![CDATA[oDLefxDvQajibXhSWIWHrkiO1n2o]]></FromUserName><CreateTime>1510050022</CreateTime><MsgType><![CDATA[event]]></MsgType><Event><![CDATA[VIEW]]></Event><EventKey><![CDATA[http://rayner.nat300.top/weixin_gz/showInvoice.jsp]]></EventKey><MenuId>591675728</MenuId></xml>
2017-11-07 18:20:23.154 [http-apr-8080-exec-19] INFO  com.ray.weixin.gz.service.message.ReplyMessageService - fromUserName:oDLefxDvQajibXhSWIWHrkiO1n2o
2017-11-07 18:20:23.155 [http-apr-8080-exec-19] INFO  com.ray.weixin.gz.service.message.ReplyMessageService - toUserName:gh_8c1dd328db4e
2017-11-07 18:20:23.155 [http-apr-8080-exec-19] INFO  com.ray.weixin.gz.service.message.ReplyMessageService - msgType:event
2017-11-07 18:20:23.155 [http-apr-8080-exec-19] INFO  com.ray.weixin.gz.service.message.ReplyMessageService - Event:VIEW  eventKey:http://rayner.nat300.top/weixin_gz/showInvoice.jsp
2017-11-07 18:20:23.379 [http-apr-8080-exec-11] INFO  com.ray.weixin.gz.util.AuthHelper - jsonObject:{"access_token":"P1bvDHnj0oLwBY3hqF3kfwVqTiURl4kweGB9LQONfOcWHtxGo_xA6Nypq1CWlFDZgpG3FyO_2vrZ1abNqz_g0qC5ovsTcltb51PRHDCWH-wILJcAGADGE","expires_in":7200}
2017-11-07 18:20:23.494 [http-apr-8080-exec-11] INFO  com.ray.weixin.gz.util.AuthHelper - jsonObject:{"errcode":0,"ticket":"kgt8ON7yVITDhtdwci0qed-m2nUygHpV3DXUL-ToMkhPApxtfh2gKdIeor3imcxVFP-2XAPiOcq_JwoPklYpgg","errmsg":"ok","expires_in":7200}
2017-11-07 18:20:23.495 [http-apr-8080-exec-11] INFO  com.ray.weixin.gz.util.AuthHelper - accessToken:P1bvDHnj0oLwBY3hqF3kfwVqTiURl4kweGB9LQONfOcWHtxGo_xA6Nypq1CWlFDZgpG3FyO_2vrZ1abNqz_g0qC5ovsTcltb51PRHDCWH-wILJcAGADGE
2017-11-07 18:20:23.495 [http-apr-8080-exec-11] INFO  com.ray.weixin.gz.util.AuthHelper - ticket:kgt8ON7yVITDhtdwci0qed-m2nUygHpV3DXUL-ToMkhPApxtfh2gKdIeor3imcxVFP-2XAPiOcq_JwoPklYpgg
2017-11-07 18:20:23.495 [http-apr-8080-exec-11] INFO  com.ray.weixin.gz.util.AuthHelper - nonceStr:5fd0bb31-f57e-4c17-8e62-732a5e2343dc
2017-11-07 18:20:23.495 [http-apr-8080-exec-11] INFO  com.ray.weixin.gz.util.AuthHelper - timeStamp:1510050023
2017-11-07 18:20:23.495 [http-apr-8080-exec-11] INFO  com.ray.weixin.gz.util.AuthHelper - signedUrl:http://rayner.nat300.top/weixin_gz/showInvoice.jsp
2017-11-07 18:20:23.496 [http-apr-8080-exec-11] INFO  com.ray.weixin.gz.util.AuthHelper - signature:70114440d03a06838ac87e8ec484ba4306abe951
2017-11-07 18:20:23.496 [http-apr-8080-exec-11] INFO  com.ray.weixin.gz.util.AuthHelper - appId:wxa0064ea657f80062
2017-11-07 18:20:23.496 [http-apr-8080-exec-11] INFO  com.ray.weixin.gz.util.AuthHelper - configValue:{signature:'70114440d03a06838ac87e8ec484ba4306abe951',nonceStr:'5fd0bb31-f57e-4c17-8e62-732a5e2343dc',timeStamp:'1510050023',appId:'wxa0064ea657f80062'}
2017-11-07 18:20:23.609 [http-apr-8080-exec-11] INFO  com.ray.weixin.gz.util.AuthHelper - jsonObject:{"access_token":"P1bvDHnj0oLwBY3hqF3kfwVqTiURl4kweGB9LQONfOdtzs6Ec9IYSCZUazsTvQKTmT_3neAmXBC4Ks4JKEJ8x_f9hIuX6HB2Whc0IlClv0wSTScAGANON","expires_in":7200}
2017-11-07 18:20:23.713 [http-apr-8080-exec-11] INFO  com.ray.weixin.gz.service.invoice.InvoiceService - jsonObject:{"errcode":0,"ticket":"IpK_1T69hDhZkLQTlwsAX5ZwNp_4txyINLb67lXqTZLu1wnHfVUUtHcdEyG5_WoqaHyMZAIs8Y28ypHDa0iuvg","errmsg":"ok","expires_in":7200}
2017-11-07 18:20:23.714 [http-apr-8080-exec-11] INFO  com.ray.weixin.gz.util.AuthHelper - apiTicket:IpK_1T69hDhZkLQTlwsAX5ZwNp_4txyINLb67lXqTZLu1wnHfVUUtHcdEyG5_WoqaHyMZAIs8Y28ypHDa0iuvg
2017-11-07 18:20:23.714 [http-apr-8080-exec-11] INFO  com.ray.weixin.gz.util.AuthHelper - appId:wxa0064ea657f80062
2017-11-07 18:20:23.714 [http-apr-8080-exec-11] INFO  com.ray.weixin.gz.util.AuthHelper - timeStamp:1510050023
2017-11-07 18:20:23.714 [http-apr-8080-exec-11] INFO  com.ray.weixin.gz.util.AuthHelper - nonceStr:2195049d-155d-49ce-858e-1b5e7aab8ae0
2017-11-07 18:20:23.714 [http-apr-8080-exec-11] INFO  com.ray.weixin.gz.util.AuthHelper - cardType:INVOICE
2017-11-07 18:20:23.714 [http-apr-8080-exec-11] INFO  com.ray.weixin.gz.util.AuthHelper - cardSign:de5768a324144282e6c3910df8cb32c6f7b3256c
2017-11-07 18:20:23.714 [http-apr-8080-exec-11] INFO  com.ray.weixin.gz.util.AuthHelper - signType:SHA1
2017-11-07 18:20:23.715 [http-apr-8080-exec-11] INFO  com.ray.weixin.gz.util.AuthHelper - configValue:{"signType":"SHA1","cardSign":"de5768a324144282e6c3910df8cb32c6f7b3256c","nonceStr":"2195049d-155d-49ce-858e-1b5e7aab8ae0","timestamp":1510050023}
