2017-11-08 19:11:41.006 [http-apr-8080-exec-69] INFO  com.ray.weixin.qy.controller.WeiXinServlet - post--------------
2017-11-08 19:11:41.018 [http-apr-8080-exec-69] INFO  com.ray.weixin.qy.service.message.reply.ReplyMessageService - parms:{"msg_signature":["2831b294e048e2de938c5bda773dce3ad15d5cbc"],"timestamp":["1510139500"],"nonce":["1500277473"]}
2017-11-08 19:11:41.018 [http-apr-8080-exec-69] INFO  com.ray.weixin.qy.service.message.reply.ReplyMessageService - postData:<xml><ToUserName><![CDATA[ww92f5da92bb24696e]]></ToUserName><Encrypt><![CDATA[gVJR4glAxnttMDJtT6PxF+H6uDblEfqx1U/C3bHf4bxdOnz/QVgE+5PJax4gTDQ0v4WnTN4GfPukg1B1RAcFExbG/zejsNUtN9/5+woulF3JqHJhn7exPTxK9CSip/tKKjgpK+qWOE86b71Eqa9FXxVLgREvjvuJ8SAfO9tJoSB1FtdVLslwsOQkScQZ5Yd1dJZAwQdaW5I8vs5oN2+93a521AK0feC7OhPil1/JtpIakwblx0wOfp78c1beDBng2dzdrpIVdqn35XeBpsLmobbTC8XTAqBc3j7rvY2WMFxiA15w9vlHBrCTHtBJZHpogzP0P8hXbr7K5kE1+SKy3+X0NjISHwEM1Wfub9yCq9G3Dq0YlnixwFSuZZCz6bWYdIEUjOdQi1AXGXVRzG+DXa73fqU/C3/XJiC/THsTYXigPBdE8jhLjKi8zvzcvjAQtB7aQSPzKPGTDu64w7PLUKUo2hbN/dqqUsuQoFMQ6+1JD09gTe7bmepaRQPxQrXS]]></Encrypt><AgentID><![CDATA[1000002]]></AgentID></xml>
2017-11-08 19:11:41.030 [http-apr-8080-exec-69] INFO  com.ray.weixin.qy.service.message.reply.ReplyMessageService - reply_xmlMsg:<xml><ToUserName><![CDATA[ww92f5da92bb24696e]]></ToUserName><FromUserName><![CDATA[ShiRui]]></FromUserName><CreateTime>1510139500</CreateTime><MsgType><![CDATA[event]]></MsgType><AgentID>1000002</AgentID><Event><![CDATA[LOCATION]]></Event><Latitude>31.1695</Latitude><Longitude>121.152</Longitude><Precision>0</Precision></xml>
2017-11-08 19:11:41.031 [http-apr-8080-exec-69] INFO  com.ray.weixin.qy.service.message.reply.ReplyMessageService - fromUserName:ShiRui
2017-11-08 19:11:41.032 [http-apr-8080-exec-69] INFO  com.ray.weixin.qy.service.message.reply.ReplyMessageService - toUserName:ww92f5da92bb24696e
2017-11-08 19:11:41.032 [http-apr-8080-exec-69] INFO  com.ray.weixin.qy.service.message.reply.ReplyMessageService - msgType:event
2017-11-08 19:11:41.032 [http-apr-8080-exec-69] INFO  com.ray.weixin.qy.service.message.reply.ReplyMessageService - Event:LOCATION  eventKey:null
2017-11-08 19:11:44.715 [http-apr-8080-exec-71] INFO  com.ray.weixin.qy.controller.WeiXinServlet - post--------------
2017-11-08 19:11:44.717 [http-apr-8080-exec-71] INFO  com.ray.weixin.qy.service.message.reply.ReplyMessageService - parms:{"msg_signature":["d6448d145a6a2ac5d420d1cec91cd9389056d63a"],"timestamp":["1510139504"],"nonce":["941643431"]}
2017-11-08 19:11:44.717 [http-apr-8080-exec-71] INFO  com.ray.weixin.qy.service.message.reply.ReplyMessageService - postData:<xml><ToUserName><![CDATA[ww92f5da92bb24696e]]></ToUserName><Encrypt><![CDATA[/Oy9HTuz6XK2ZgkcNyZgp6UZDf/wiCkinJig70p0XV8tGD6Y61+fjn6pAELxRCKUid56jukntvBrZKkDeFXb/bxkjmLbUTb+mjoCZ3OA8nnngemH4LemkWFQL6b0VKCUlZ9IHJoWXpFbsjPWxjGaXk5ydZqn2GP7aB8j3dP/bJBcU/h5cvYm0MzNfkg1V59gw4ct+CMx1rYP7SSp2fU7n1SMAbHGVmPDMfEGH/Vb89kNpDeUjZ9R0wiDUCRl6qCP9Mf6oWl8UBjNcY3Xa+N0jnaqNNUgcd/J8XsUdlijrFWgwy5T5jr6/0KlXMcEojqGXQAraKiVIKFmtkdaqfW0XviiIZ2zNI5CwWOIPvt8T41s1nyDsKenmCkVPZXGylfYl0l3+O0LaAg2LO9cYxszqcy01XNSTRKUc7q42NU9bbilA5ghUNxjr7lIW973I6GU5FanAqlSY6r8JtJQBc2U3R96cu0WY1XIw0inENH19iFXJtGVfgBq6KD1/7tS+Z6R]]></Encrypt><AgentID><![CDATA[1000002]]></AgentID></xml>
2017-11-08 19:11:44.721 [http-apr-8080-exec-71] INFO  com.ray.weixin.qy.service.message.reply.ReplyMessageService - reply_xmlMsg:<xml><ToUserName><![CDATA[ww92f5da92bb24696e]]></ToUserName><FromUserName><![CDATA[ShiRui]]></FromUserName><CreateTime>1510139504</CreateTime><MsgType><![CDATA[event]]></MsgType><AgentID>1000002</AgentID><Event><![CDATA[view]]></Event><EventKey><![CDATA[http://rayner.nat300.top/weixin_qy/showInvoice.jsp]]></EventKey></xml>
2017-11-08 19:11:44.724 [http-apr-8080-exec-71] INFO  com.ray.weixin.qy.service.message.reply.ReplyMessageService - fromUserName:ShiRui
2017-11-08 19:11:44.724 [http-apr-8080-exec-71] INFO  com.ray.weixin.qy.service.message.reply.ReplyMessageService - toUserName:ww92f5da92bb24696e
2017-11-08 19:11:44.724 [http-apr-8080-exec-71] INFO  com.ray.weixin.qy.service.message.reply.ReplyMessageService - msgType:event
2017-11-08 19:11:44.725 [http-apr-8080-exec-71] INFO  com.ray.weixin.qy.service.message.reply.ReplyMessageService - Event:view  eventKey:http://rayner.nat300.top/weixin_qy/showInvoice.jsp
2017-11-08 19:11:45.343 [http-apr-8080-exec-73] INFO  com.ray.weixin.qy.util.AuthHelper - jsonObject:{"errcode":0,"access_token":"ZKrmF55qn7-XEP21Tz8wU891N2DLOgOyBr7gSlyW0EyP92tytr30wnbUR_rDOyYokg9RxFAq7HiHZ433Z82yYJM3pQop6QNPtit8k-9cBNHYN3VkdAD0ndbyGgjqim6lAw9JaGlgkiPWtc-mNdW0tcmf7XmLgxUilWSOc9nsz7PxcgWW65NHaYlWYXOBLEgT3QqzMd9K-669IWyOm26GyA","errmsg":"ok","expires_in":7200}
2017-11-08 19:11:45.750 [http-apr-8080-exec-73] INFO  com.ray.weixin.qy.util.AuthHelper - jsonObject:{"errcode":0,"ticket":"kgt8ON7yVITDhtdwci0qebCLEfC_BfeygIq8cFPLbdY6MM-5fA76IIfoqvBcC2C5ToCaAtocjY1xMBshMnDLbA","errmsg":"ok","expires_in":7200}
2017-11-08 19:11:45.752 [http-apr-8080-exec-73] INFO  com.ray.weixin.qy.util.AuthHelper - url:http://rayner.nat300.top/weixin_qy/showInvoice.jsp
2017-11-08 19:11:45.753 [http-apr-8080-exec-73] INFO  com.ray.weixin.qy.util.AuthHelper - accessToken:ZKrmF55qn7-XEP21Tz8wU891N2DLOgOyBr7gSlyW0EyP92tytr30wnbUR_rDOyYokg9RxFAq7HiHZ433Z82yYJM3pQop6QNPtit8k-9cBNHYN3VkdAD0ndbyGgjqim6lAw9JaGlgkiPWtc-mNdW0tcmf7XmLgxUilWSOc9nsz7PxcgWW65NHaYlWYXOBLEgT3QqzMd9K-669IWyOm26GyA
2017-11-08 19:11:45.753 [http-apr-8080-exec-73] INFO  com.ray.weixin.qy.util.AuthHelper - jsapi_ticket:kgt8ON7yVITDhtdwci0qebCLEfC_BfeygIq8cFPLbdY6MM-5fA76IIfoqvBcC2C5ToCaAtocjY1xMBshMnDLbA
2017-11-08 19:11:45.754 [http-apr-8080-exec-73] INFO  com.ray.weixin.qy.util.AuthHelper - appId:ww92f5da92bb24696e
2017-11-08 19:11:45.754 [http-apr-8080-exec-73] INFO  com.ray.weixin.qy.util.AuthHelper - timestamp:1510139504
2017-11-08 19:11:45.755 [http-apr-8080-exec-73] INFO  com.ray.weixin.qy.util.AuthHelper - nonceStr:b5c13639-1f85-4c81-8f58-2534c1b7fff4
2017-11-08 19:11:45.755 [http-apr-8080-exec-73] INFO  com.ray.weixin.qy.util.AuthHelper - signature:db34efaa4afcf078e7c32bf89c4ba0ab7d78577f
2017-11-08 19:11:45.756 [http-apr-8080-exec-73] INFO  com.ray.weixin.qy.util.AuthHelper - configValue:{"signature":"db34efaa4afcf078e7c32bf89c4ba0ab7d78577f","appId":"ww92f5da92bb24696e","nonceStr":"b5c13639-1f85-4c81-8f58-2534c1b7fff4","timestamp":"1510139504"}
