2017-11-08 23:29:01.115 [http-apr-8080-exec-8] INFO  com.ray.weixin.qy.controller.WeiXinServlet - post--------------
2017-11-08 23:29:01.133 [http-apr-8080-exec-8] INFO  com.ray.weixin.qy.service.message.reply.ReplyMessageService - parms:{"msg_signature":["6d4376a232e56499d0e9e4fa6f3b7b3fc8d0c5a1"],"timestamp":["1510154940"],"nonce":["1542663536"]}
2017-11-08 23:29:01.134 [http-apr-8080-exec-8] INFO  com.ray.weixin.qy.service.message.reply.ReplyMessageService - postData:<xml><ToUserName><![CDATA[ww92f5da92bb24696e]]></ToUserName><Encrypt><![CDATA[BSaHibSbPzpwyo3W7x1kf2nJmx91k+lY4C/L87hIPANg+AaR4HVt05+eB6NUHTJXbTkdvuB6Kq6WHKd4Yr9Cvz2TL9Uw0mzeaf2uHHSar6CdpAuFERS0pH9/2zJMZh4PxvseHe/hT/+JwMN8gO78aKhd0qqKLR9NWgGtz4i9X8WYJyPHfOKXx0krHjTqREpJv3jFZeGb3cAPx+Y6DygsilQVpcdMhb/Kl3ZUt06WBbsOa/NQDkA6io84kmu+zjigtCCeLvn73ZlVZhoI5iOReLXeTg5+obvsFRleOlZPo6ulXXmkoUjBlCNKl3CCEWgg61g3ITDS91aK4FWBcjM8jCI8ddibQ9E4VGQcLu/i7+pStSzYR9cRIjNkvD4qhWeUsYQ4uPu72MelY4SPQpnxSSD7Gan0amezQSmwMGZPhmVaBD1AFJJWmyAkIeS9e2GF49G1nc7fAdZIfJRtPaajWs8zz8ZDoGW+z/ZPFFRBIx0dhThRkeXRZYh4X8ysAcEZ]]></Encrypt><AgentID><![CDATA[1000002]]></AgentID></xml>
2017-11-08 23:29:01.137 [http-apr-8080-exec-8] INFO  com.ray.weixin.qy.service.message.reply.ReplyMessageService - reply_xmlMsg:<xml><ToUserName><![CDATA[ww92f5da92bb24696e]]></ToUserName><FromUserName><![CDATA[ShiRui]]></FromUserName><CreateTime>1510154940</CreateTime><MsgType><![CDATA[event]]></MsgType><AgentID>1000002</AgentID><Event><![CDATA[LOCATION]]></Event><Latitude>31.1615</Latitude><Longitude>121.142</Longitude><Precision>15</Precision></xml>
2017-11-08 23:29:01.139 [http-apr-8080-exec-8] INFO  com.ray.weixin.qy.service.message.reply.ReplyMessageService - fromUserName:ShiRui
2017-11-08 23:29:01.139 [http-apr-8080-exec-8] INFO  com.ray.weixin.qy.service.message.reply.ReplyMessageService - toUserName:ww92f5da92bb24696e
2017-11-08 23:29:01.139 [http-apr-8080-exec-8] INFO  com.ray.weixin.qy.service.message.reply.ReplyMessageService - msgType:event
2017-11-08 23:29:01.140 [http-apr-8080-exec-8] INFO  com.ray.weixin.qy.service.message.reply.ReplyMessageService - Event:LOCATION  eventKey:null
2017-11-08 23:29:05.656 [http-apr-8080-exec-6] INFO  com.ray.weixin.qy.controller.WeiXinServlet - post--------------
2017-11-08 23:29:05.656 [http-apr-8080-exec-6] INFO  com.ray.weixin.qy.service.message.reply.ReplyMessageService - parms:{"msg_signature":["f5b126a1a3ba90bcc72920fd520bf5105d0b62c3"],"timestamp":["1510154945"],"nonce":["2057824505"]}
2017-11-08 23:29:05.657 [http-apr-8080-exec-6] INFO  com.ray.weixin.qy.service.message.reply.ReplyMessageService - postData:<xml><ToUserName><![CDATA[ww92f5da92bb24696e]]></ToUserName><Encrypt><![CDATA[wZmyQJi1xBMVzlR1UO2og+134twx1FOC0lWnD/9uRvriCBPRRd/acwadaFuuGeU6IzqZjz6acyDflOfoJsLG1+XiJzO4qovuN8xgvQWx4yAgMVdTFGZtuV29CZ3DV/cML4ifrt/brA3PZNLL0mI2GKAvptomYrxljsL70hmfy2DUMc5F28dFAhxt64SwjISSzg7BqhEwAhAnCoHCkIxNLfacALBWrfMHH2U3L92M3zmL9wJkzkKAsPi2nvsXnWpGjOXh9410ZjQRANPRyYDvU/NRrfyVEh8ksy7ETh8HKJtcI52vnomPdkRmwgJIkwPY3Ch+Ipe40+BbmrRVgz+ilotKDQuPXWNGQJvowHypX2x1CngYTjBNfQUz0axocVt8WB3kMVjYEiTZbDTgIgzD1sAydl5Kbqp3PpxGwg0/bUAAgLpP3xS3HbKTphFloudbUP62NNLM59nUmihqFYScaVyar2z7OEcRGQ8oUS8po5hdy/jJIN02d/VIUQfUqBnG]]></Encrypt><AgentID><![CDATA[1000002]]></AgentID></xml>
2017-11-08 23:29:05.658 [http-apr-8080-exec-6] INFO  com.ray.weixin.qy.service.message.reply.ReplyMessageService - reply_xmlMsg:<xml><ToUserName><![CDATA[ww92f5da92bb24696e]]></ToUserName><FromUserName><![CDATA[ShiRui]]></FromUserName><CreateTime>1510154945</CreateTime><MsgType><![CDATA[event]]></MsgType><AgentID>1000002</AgentID><Event><![CDATA[LOCATION]]></Event><Latitude>31.1615</Latitude><Longitude>121.142</Longitude><Precision>15</Precision></xml>
2017-11-08 23:29:05.659 [http-apr-8080-exec-6] INFO  com.ray.weixin.qy.service.message.reply.ReplyMessageService - fromUserName:ShiRui
2017-11-08 23:29:05.659 [http-apr-8080-exec-6] INFO  com.ray.weixin.qy.service.message.reply.ReplyMessageService - toUserName:ww92f5da92bb24696e
2017-11-08 23:29:05.659 [http-apr-8080-exec-6] INFO  com.ray.weixin.qy.service.message.reply.ReplyMessageService - msgType:event
2017-11-08 23:29:05.659 [http-apr-8080-exec-6] INFO  com.ray.weixin.qy.service.message.reply.ReplyMessageService - Event:LOCATION  eventKey:null
2017-11-08 23:29:11.070 [http-apr-8080-exec-7] INFO  com.ray.weixin.qy.controller.WeiXinServlet - post--------------
2017-11-08 23:29:11.073 [http-apr-8080-exec-7] INFO  com.ray.weixin.qy.service.message.reply.ReplyMessageService - parms:{"msg_signature":["88e0000ae13a652d7e2239a567071276f9118085"],"timestamp":["1510154950"],"nonce":["492488057"]}
2017-11-08 23:29:11.075 [http-apr-8080-exec-7] INFO  com.ray.weixin.qy.service.message.reply.ReplyMessageService - postData:<xml><ToUserName><![CDATA[ww92f5da92bb24696e]]></ToUserName><Encrypt><![CDATA[/G9ffDntqFGUfkRQ5/qY9ClNodGpy1mJ3AYY697oBXYbTHme+tj5RVUrkhjrmlldHrhm674tsUXerJZN7bFFhTHvYFWUJiC0HEvmkuxoyHzpWgFD3ngz/+iEi2vxluR9h5CZXD+GWYtxPMMCQahiYaJezefY4hVqRTlksOtjGcVWOwriB8iZekU3ng90kfe85if+rQLr+sGKU13AZlqmmHtStmQCaddc/+FBrAFWRF8sLKCyjnfa/Srqm9jM9C/NyMaFexDuqd7z7hia3pWkexT+EWB94I39jEsJ3Y7wNiNEh1mOHxDz4pcZ+gIGXtJQiLQEXP0ZHcitPd+W5k6QkoVAfPoErK17tTsOviBvgaNrLuD+VgT/BcYhc/w+10t2YcCTv55oJDxp5EP025Z2HIvpacnA6oOh9D0+Y7Ad6mxI3/93SweAbwJfVthevHFzey0WkQooGTIAQHUcf1CLrC+770kfPLSP8aTn0EC5XPcjAJy+s6rT/Wxu/LTKdiNB]]></Encrypt><AgentID><![CDATA[1000002]]></AgentID></xml>
2017-11-08 23:29:11.080 [http-apr-8080-exec-7] INFO  com.ray.weixin.qy.service.message.reply.ReplyMessageService - reply_xmlMsg:<xml><ToUserName><![CDATA[ww92f5da92bb24696e]]></ToUserName><FromUserName><![CDATA[ShiRui]]></FromUserName><CreateTime>1510154950</CreateTime><MsgType><![CDATA[event]]></MsgType><AgentID>1000002</AgentID><Event><![CDATA[LOCATION]]></Event><Latitude>31.1615</Latitude><Longitude>121.142</Longitude><Precision>15</Precision></xml>
2017-11-08 23:29:11.084 [http-apr-8080-exec-7] INFO  com.ray.weixin.qy.service.message.reply.ReplyMessageService - fromUserName:ShiRui
2017-11-08 23:29:11.084 [http-apr-8080-exec-7] INFO  com.ray.weixin.qy.service.message.reply.ReplyMessageService - toUserName:ww92f5da92bb24696e
2017-11-08 23:29:11.085 [http-apr-8080-exec-7] INFO  com.ray.weixin.qy.service.message.reply.ReplyMessageService - msgType:event
2017-11-08 23:29:11.085 [http-apr-8080-exec-7] INFO  com.ray.weixin.qy.service.message.reply.ReplyMessageService - Event:LOCATION  eventKey:null
2017-11-08 23:29:15.692 [http-apr-8080-exec-5] INFO  com.ray.weixin.qy.controller.WeiXinServlet - post--------------
2017-11-08 23:29:15.693 [http-apr-8080-exec-5] INFO  com.ray.weixin.qy.service.message.reply.ReplyMessageService - parms:{"msg_signature":["c58926aa98ab43af4c0f2265798c9c115e86c2c7"],"timestamp":["1510154955"],"nonce":["2042614199"]}
2017-11-08 23:29:15.693 [http-apr-8080-exec-5] INFO  com.ray.weixin.qy.service.message.reply.ReplyMessageService - postData:<xml><ToUserName><![CDATA[ww92f5da92bb24696e]]></ToUserName><Encrypt><![CDATA[APaQiGff7A0522y63RNhiKLxdfLkSzcK7R+WaOIII0z/RRYWSeBpljEp+cgiAjzuv6gfBVWJZTx47Ur8DB8yXqkdRLBezCnx1bEjGH3rf+GlYxKsVZuSu/JIsrwoC9p3SG2d3WcZkYdZ+FcfPBO5Pfv7OzXy8fQ93TyGiW1lU/YipR8xUikNYERWJAXaxaK3MK6ly4nLEpwqZHPWximc0IHY9MJ6iGZdfd9FAJZ8UjZQRMoRUyTMUJGi8jNOhEQImIws8/bt4bP4W6wKkBwNRUyIThOC4mQs0kxF35Zkrmda4jlORhoqgT7/z9HslJvzCwbAnJGeyKPaQrSKc9X5Hiyi9I3fOweeH+vNndPume0REd5zvD57HAqNacanJBodRnmBBupcKvOHyhvHF7eDdycpVyd0rJ9DaQN3YhMOMr98TtGK+JNQzguQ1qmsfHkcuRtEv3o2sRwiWWniRRR3EUn5tBAXq/ee4BI3xbn+IAdxzG7ZO+JDQn4fN7pmBkIV]]></Encrypt><AgentID><![CDATA[1000002]]></AgentID></xml>
2017-11-08 23:29:15.695 [http-apr-8080-exec-5] INFO  com.ray.weixin.qy.service.message.reply.ReplyMessageService - reply_xmlMsg:<xml><ToUserName><![CDATA[ww92f5da92bb24696e]]></ToUserName><FromUserName><![CDATA[ShiRui]]></FromUserName><CreateTime>1510154955</CreateTime><MsgType><![CDATA[event]]></MsgType><AgentID>1000002</AgentID><Event><![CDATA[LOCATION]]></Event><Latitude>31.1615</Latitude><Longitude>121.142</Longitude><Precision>15</Precision></xml>
2017-11-08 23:29:15.696 [http-apr-8080-exec-5] INFO  com.ray.weixin.qy.service.message.reply.ReplyMessageService - fromUserName:ShiRui
2017-11-08 23:29:15.697 [http-apr-8080-exec-5] INFO  com.ray.weixin.qy.service.message.reply.ReplyMessageService - toUserName:ww92f5da92bb24696e
2017-11-08 23:29:15.697 [http-apr-8080-exec-5] INFO  com.ray.weixin.qy.service.message.reply.ReplyMessageService - msgType:event
2017-11-08 23:29:15.697 [http-apr-8080-exec-5] INFO  com.ray.weixin.qy.service.message.reply.ReplyMessageService - Event:LOCATION  eventKey:null
2017-11-08 23:29:21.111 [http-apr-8080-exec-9] INFO  com.ray.weixin.qy.controller.WeiXinServlet - post--------------
2017-11-08 23:29:21.112 [http-apr-8080-exec-9] INFO  com.ray.weixin.qy.service.message.reply.ReplyMessageService - parms:{"msg_signature":["0a1dd862fddbe97f919ebf8c49836c080f56bea8"],"timestamp":["1510154960"],"nonce":["1097432913"]}
2017-11-08 23:29:21.112 [http-apr-8080-exec-9] INFO  com.ray.weixin.qy.service.message.reply.ReplyMessageService - postData:<xml><ToUserName><![CDATA[ww92f5da92bb24696e]]></ToUserName><Encrypt><![CDATA[O+NmdEDFR7XU32epi8/EVoQ2tTusRZBvxvf5XOrQEOZ0FmOJ0hDXBN/R74L83csTq28SlSOajtcqhifTfUefFYyrdCmwoUQrmOggVQUa7SAofnOvU4B56qxvg+ViwTd9fTTcmpTuhifzGiKw8mz3W0lzcKeDirrU5CAc2gNsw/ujfADhaZwdqGaESZOGdu+R7NSbLbhXfWTxSWmpqzKsEO/4XoRLb4i41vY53vsPwKJb1gYBNaJQ3ypfWtGhIjX1SuYKihR3ie4vf1w1XGhqd4etyzoxhM01n6QAG+mdJtgcYY2E5IFGvSfCgL4SKY2SlajVkM08ymGAR/cV+rqxAQWd1foV0hWQGn93y9PaqncZrBRv+Q4dRAkcAANNNRwgEMfxFrKnMEbqS3g7Cj8lV5a9SrQAj1GzdUDPR2W7nEYpgN6tRjidg6VkHJmkvIlvDN4hoRqrH+urb+ZHQxZ3KCucb9kutsQNfS0+929eTXGQI9/pl5kT3p3Cq09ecgqT]]></Encrypt><AgentID><![CDATA[1000002]]></AgentID></xml>
2017-11-08 23:29:21.116 [http-apr-8080-exec-9] INFO  com.ray.weixin.qy.service.message.reply.ReplyMessageService - reply_xmlMsg:<xml><ToUserName><![CDATA[ww92f5da92bb24696e]]></ToUserName><FromUserName><![CDATA[ShiRui]]></FromUserName><CreateTime>1510154960</CreateTime><MsgType><![CDATA[event]]></MsgType><AgentID>1000002</AgentID><Event><![CDATA[LOCATION]]></Event><Latitude>31.1615</Latitude><Longitude>121.142</Longitude><Precision>15</Precision></xml>
2017-11-08 23:29:21.119 [http-apr-8080-exec-9] INFO  com.ray.weixin.qy.service.message.reply.ReplyMessageService - fromUserName:ShiRui
2017-11-08 23:29:21.119 [http-apr-8080-exec-9] INFO  com.ray.weixin.qy.service.message.reply.ReplyMessageService - toUserName:ww92f5da92bb24696e
2017-11-08 23:29:21.120 [http-apr-8080-exec-9] INFO  com.ray.weixin.qy.service.message.reply.ReplyMessageService - msgType:event
2017-11-08 23:29:21.121 [http-apr-8080-exec-9] INFO  com.ray.weixin.qy.service.message.reply.ReplyMessageService - Event:LOCATION  eventKey:null
2017-11-08 23:29:25.691 [http-apr-8080-exec-8] INFO  com.ray.weixin.qy.controller.WeiXinServlet - post--------------
2017-11-08 23:29:25.691 [http-apr-8080-exec-8] INFO  com.ray.weixin.qy.service.message.reply.ReplyMessageService - parms:{"msg_signature":["ff196d4f4f05d20d17c14e3eec8059296343e03a"],"timestamp":["1510154965"],"nonce":["2147281659"]}
2017-11-08 23:29:25.692 [http-apr-8080-exec-8] INFO  com.ray.weixin.qy.service.message.reply.ReplyMessageService - postData:<xml><ToUserName><![CDATA[ww92f5da92bb24696e]]></ToUserName><Encrypt><![CDATA[ilf78OPfY1Tfp1ya7Oc+Z3OoXsh+8XmPs5xdJvIRxe7/GqV+droXvaZI96O+zaRvixLwnZfpPDe9ZDxhCcNoOPWY960QHksUY6jVmBvKj/RY91MfgJoo3rLU17hJ0DxDGn6APu2UWhp2bIYN0i+ws0fdMJViIbMaxW/o+cmm5VsfVbM91vSpkrwEvbEK4SBHaf/cAtrWuLorXd/9UEoTv0UDWD13wpQ4vQU8AUYIc9igzZU+erCt+Y8kdCPf+yEtY3f/1GFXd2AxhSLnFJ/BsaTBn4LZsJq3Y2BL6zYL+Ew1FwYsVFesidUZDjhib52JYYBTwz3Nv5LU4BVRmmPDmSUdBGf77cs+Q57sTjef6RG0pvjX52R64GeafnyQPymy5nRF3DBRCJkKFbt60BPJBq21E4bfBo6DJKYN3dgr6xutt8wxNwHW2CbMs6ih04drsDeMNnhyBZrzmRe3E1Tkdv2h5iTKHQQGxpsFQP2Um3tHjoe9UUIhcHI8mxQxueKd]]></Encrypt><AgentID><![CDATA[1000002]]></AgentID></xml>
2017-11-08 23:29:25.695 [http-apr-8080-exec-8] INFO  com.ray.weixin.qy.service.message.reply.ReplyMessageService - reply_xmlMsg:<xml><ToUserName><![CDATA[ww92f5da92bb24696e]]></ToUserName><FromUserName><![CDATA[ShiRui]]></FromUserName><CreateTime>1510154965</CreateTime><MsgType><![CDATA[event]]></MsgType><AgentID>1000002</AgentID><Event><![CDATA[LOCATION]]></Event><Latitude>31.1615</Latitude><Longitude>121.142</Longitude><Precision>15</Precision></xml>
2017-11-08 23:29:25.697 [http-apr-8080-exec-8] INFO  com.ray.weixin.qy.service.message.reply.ReplyMessageService - fromUserName:ShiRui
2017-11-08 23:29:25.697 [http-apr-8080-exec-8] INFO  com.ray.weixin.qy.service.message.reply.ReplyMessageService - toUserName:ww92f5da92bb24696e
2017-11-08 23:29:25.697 [http-apr-8080-exec-8] INFO  com.ray.weixin.qy.service.message.reply.ReplyMessageService - msgType:event
2017-11-08 23:29:25.697 [http-apr-8080-exec-8] INFO  com.ray.weixin.qy.service.message.reply.ReplyMessageService - Event:LOCATION  eventKey:null
2017-11-08 23:29:31.549 [http-apr-8080-exec-6] INFO  com.ray.weixin.qy.controller.WeiXinServlet - post--------------
2017-11-08 23:29:31.550 [http-apr-8080-exec-6] INFO  com.ray.weixin.qy.service.message.reply.ReplyMessageService - parms:{"msg_signature":["b651528e6964411465d04482eba8115e10c935d5"],"timestamp":["1510154970"],"nonce":["174812155"]}
2017-11-08 23:29:31.551 [http-apr-8080-exec-6] INFO  com.ray.weixin.qy.service.message.reply.ReplyMessageService - postData:<xml><ToUserName><![CDATA[ww92f5da92bb24696e]]></ToUserName><Encrypt><![CDATA[x0TV/OELzowXbDkMdJQ+Xt6MCXB/CEOO9+gG0Tzh1gv7XNnV4w/j8psBEJIG97OD4yPsni6pAqYXX/Oc2HcUFzDeQBPg2cd8wabPSkXNbLo5X6NJjcqiYY0q7V9SG/u55avGbhsnxm8//K2WXoGgqSxUE6sTdFkvYR8dkw9JBixDcXn/82ABHvfi+6Fvd/HGki630Gtp6t09AA5Wr9CD1PmxyYLichAetIvUzg50dVykC4l89sw5W0NzAtnFlIZDumVu2dek1beCyCg9uHIx1/g9Fp4QOwPkTzz01AxLf7EXm4hIHa3R3m0KzJ6xSU/atxUTU4RxkSfuyfpNSxMgk5q43kyhWur6puZOdCvQ8Ga5BwJF1G/kxaYmPwMVLvL3MmkORYoAMaIjUaw07fsLmLKEzW7tfTJzO6LQuXlVVOohEFNZND9VBQZZWaxsSKrDMwYrjRv63Xa1D0x8eFAyutbKbWhkihVcNMAr0GJDKEEmnYfW0m5WjSh4CFO0ZEG8]]></Encrypt><AgentID><![CDATA[1000002]]></AgentID></xml>
2017-11-08 23:29:31.557 [http-apr-8080-exec-6] INFO  com.ray.weixin.qy.service.message.reply.ReplyMessageService - reply_xmlMsg:<xml><ToUserName><![CDATA[ww92f5da92bb24696e]]></ToUserName><FromUserName><![CDATA[ShiRui]]></FromUserName><CreateTime>1510154970</CreateTime><MsgType><![CDATA[event]]></MsgType><AgentID>1000002</AgentID><Event><![CDATA[LOCATION]]></Event><Latitude>31.1615</Latitude><Longitude>121.142</Longitude><Precision>15</Precision></xml>
2017-11-08 23:29:31.560 [http-apr-8080-exec-6] INFO  com.ray.weixin.qy.service.message.reply.ReplyMessageService - fromUserName:ShiRui
2017-11-08 23:29:31.560 [http-apr-8080-exec-6] INFO  com.ray.weixin.qy.service.message.reply.ReplyMessageService - toUserName:ww92f5da92bb24696e
2017-11-08 23:29:31.560 [http-apr-8080-exec-6] INFO  com.ray.weixin.qy.service.message.reply.ReplyMessageService - msgType:event
2017-11-08 23:29:31.560 [http-apr-8080-exec-6] INFO  com.ray.weixin.qy.service.message.reply.ReplyMessageService - Event:LOCATION  eventKey:null
