2017-11-09 09:46:00.559 [http-apr-8080-exec-6] INFO  com.ray.weixin.qy.controller.WeiXinServlet - post--------------
2017-11-09 09:46:00.575 [http-apr-8080-exec-6] INFO  com.ray.weixin.qy.service.message.reply.ReplyMessageService - parms:{"msg_signature":["20d17f2d16408109681b9688d93e39faa3964776"],"timestamp":["1510191960"],"nonce":["1632526575"]}
2017-11-09 09:46:00.575 [http-apr-8080-exec-6] INFO  com.ray.weixin.qy.service.message.reply.ReplyMessageService - postData:<xml><ToUserName><![CDATA[ww92f5da92bb24696e]]></ToUserName><Encrypt><![CDATA[ExvwgBSJ1qDgOR9jzNkkm3T/MJddXl8RgK/s0OWiYUx7AfzAdJBstS70sA1kAG3UzkbPJsdyxVyi0V9sC1PPrpoo2UsgV+sepwKnEjOWefdZWne3I3STihUXB9COA5gV3FSbIaSI9jze2Ot/nF42Bygw16XmGP0WduV3tVjMQusX89vkDOf0VssjP3cvshkw/uWDsx8z4fxNlJ2fBVrwX0AkHLSPJ9bb6KDjFVt1TMSKzsiGve9ICdnkMOwPLZvLY8oJHtidHQCZd7C2xskjrqaJL0DFxHVLTxnoEEhYAqg0Cj4QKfSQlaYjz23CYP5qDJiy9+hSCKLSqTTZL4zDfjrEme7rtObIENaHm8SWYNacDcNCShcEl/3ue7OnQRpppNAMnk9/m0qX4euAmWLBLPOQDknnjgyAgUmCr3jj1S4+pdy+qV/D/GF7KmddHIWHYLs2OYBfjUhFxUOCJnZwjHVE0p3vmvwcG0VtKVGFtx27c6DzZovYmZVtAa4KlMWJ]]></Encrypt><AgentID><![CDATA[1000002]]></AgentID></xml>
2017-11-09 09:46:00.579 [http-apr-8080-exec-6] INFO  com.ray.weixin.qy.service.message.reply.ReplyMessageService - reply_xmlMsg:<xml><ToUserName><![CDATA[ww92f5da92bb24696e]]></ToUserName><FromUserName><![CDATA[ShiRui]]></FromUserName><CreateTime>1510191959</CreateTime><MsgType><![CDATA[event]]></MsgType><AgentID>1000002</AgentID><Event><![CDATA[LOCATION]]></Event><Latitude>31.1676</Latitude><Longitude>121.156</Longitude><Precision>15</Precision></xml>
2017-11-09 09:46:00.581 [http-apr-8080-exec-6] INFO  com.ray.weixin.qy.service.message.reply.ReplyMessageService - fromUserName:ShiRui
2017-11-09 09:46:00.581 [http-apr-8080-exec-6] INFO  com.ray.weixin.qy.service.message.reply.ReplyMessageService - toUserName:ww92f5da92bb24696e
2017-11-09 09:46:00.582 [http-apr-8080-exec-6] INFO  com.ray.weixin.qy.service.message.reply.ReplyMessageService - msgType:event
2017-11-09 09:46:00.582 [http-apr-8080-exec-6] INFO  com.ray.weixin.qy.service.message.reply.ReplyMessageService - Event:LOCATION  eventKey:null
2017-11-09 09:46:15.015 [http-apr-8080-exec-7] INFO  com.ray.weixin.qy.controller.WeiXinServlet - post--------------
2017-11-09 09:46:15.015 [http-apr-8080-exec-7] INFO  com.ray.weixin.qy.service.message.reply.ReplyMessageService - parms:{"msg_signature":["6460c03380675d29ae50588339bc46f84ca77d1f"],"timestamp":["1510191974"],"nonce":["46497384"]}
2017-11-09 09:46:15.016 [http-apr-8080-exec-7] INFO  com.ray.weixin.qy.service.message.reply.ReplyMessageService - postData:<xml><ToUserName><![CDATA[ww92f5da92bb24696e]]></ToUserName><Encrypt><![CDATA[sHvXKnUjNXzEGVTqWTdgzM9kbG3edNQR/EkJzEuf/2EW3E4XYkDmPz4O7PFxpw1533K/krFGByCmVdKp6vXVr0kjszZLFFW9Y26gPOow6Y/GzRfiFL97Gg1LugmWLIYO9KSN/FiQWmzkTqBGWIBUfWrhsQrSrxwRbvtDzCnXY6N82iG7fVpp1d8GCXTzipwXCQF83xaQAp6pJ+l+JwHaYE+RZJ3QqMQ8beUrzIgAgayD8p7UU3hLl3VmE2PjylnFXw/dkxwp/w22KpluIr1M06GufQauzRi1xBU9+6rQoTFUTS1TEOBhomoCvvLIvcjQYh+TPFLsZ3VlCHmpaf1zwembuvw0VsHOTHdWjP41F1GpLfyX5VRd2vDWTICYvkYFhoyEBobkYTzx5+IxW37zty7P/6Fp1jUnGJJLiYNwOFzkr+za8Lda3khRvJbAkb1Ds0zYbCAg8gqpywudmIa3K5PIlWNSL5WnAfpT4RXQFZdeeSwWEatHY5GUjKpGt57N]]></Encrypt><AgentID><![CDATA[1000002]]></AgentID></xml>
2017-11-09 09:46:15.017 [http-apr-8080-exec-7] INFO  com.ray.weixin.qy.service.message.reply.ReplyMessageService - reply_xmlMsg:<xml><ToUserName><![CDATA[ww92f5da92bb24696e]]></ToUserName><FromUserName><![CDATA[ShiRui]]></FromUserName><CreateTime>1510191974</CreateTime><MsgType><![CDATA[event]]></MsgType><AgentID>1000002</AgentID><Event><![CDATA[LOCATION]]></Event><Latitude>31.1676</Latitude><Longitude>121.156</Longitude><Precision>15</Precision></xml>
2017-11-09 09:46:15.018 [http-apr-8080-exec-7] INFO  com.ray.weixin.qy.service.message.reply.ReplyMessageService - fromUserName:ShiRui
2017-11-09 09:46:15.019 [http-apr-8080-exec-7] INFO  com.ray.weixin.qy.service.message.reply.ReplyMessageService - toUserName:ww92f5da92bb24696e
2017-11-09 09:46:15.019 [http-apr-8080-exec-7] INFO  com.ray.weixin.qy.service.message.reply.ReplyMessageService - msgType:event
2017-11-09 09:46:15.019 [http-apr-8080-exec-7] INFO  com.ray.weixin.qy.service.message.reply.ReplyMessageService - Event:LOCATION  eventKey:null
2017-11-09 09:46:18.568 [http-apr-8080-exec-10] INFO  com.ray.weixin.qy.controller.WeiXinServlet - post--------------
2017-11-09 09:46:18.569 [http-apr-8080-exec-10] INFO  com.ray.weixin.qy.service.message.reply.ReplyMessageService - parms:{"msg_signature":["321a87823ab7581100d765df005d9b15b48108c8"],"timestamp":["1510191978"],"nonce":["865862375"]}
2017-11-09 09:46:18.569 [http-apr-8080-exec-10] INFO  com.ray.weixin.qy.service.message.reply.ReplyMessageService - postData:<xml><ToUserName><![CDATA[ww92f5da92bb24696e]]></ToUserName><Encrypt><![CDATA[IAxrfh4Gt7yIIYqDFmsWknZYE+gQmsWhvMcKpbREn88RZPuaARs+sz6sbEr6RjVodJBC3QFC/TIwPQyNfOwHfJZUW21p9hu4leWZD8nqr5GubPLxrj19LZglwM35sRO+mioMXRkvrCp2IM1GvuWFFLkluWfjvNpZmvUKil+693zw+M6gqvv9yGUmtwtkS5lycBRZl1dvzKT2zV78KjZV/KTvxfykyAxwQlKMb81oIXvt3AvgD3r6gXcK/ZQNlRpj+pxano5ha2HgZbT6AejC+FBHmSwikSg5I6WGCUNF/u9Zey7gXfhCjcPZJDrV9hdtvainjien1Nd0S1Fq3uAaSvBUbbfb2Jnq/yz48p+LHT8tuah5CmwcvCd/xQkI2RCZqNRuKreDaXLEPnbJMYAFRYcHVV5O3XDcF+AFqBEVVDTW+wiIJu/V+Wf2UW0t+SFGrpgVnr5aoYbxX5h9hcTSUB6O0yDeruBsxOCRSm2IOQs4HmchFuqDYzP5u8NA+FcQ]]></Encrypt><AgentID><![CDATA[1000002]]></AgentID></xml>
2017-11-09 09:46:18.570 [http-apr-8080-exec-10] INFO  com.ray.weixin.qy.service.message.reply.ReplyMessageService - reply_xmlMsg:<xml><ToUserName><![CDATA[ww92f5da92bb24696e]]></ToUserName><FromUserName><![CDATA[ShiRui]]></FromUserName><CreateTime>1510191977</CreateTime><MsgType><![CDATA[event]]></MsgType><AgentID>1000002</AgentID><Event><![CDATA[LOCATION]]></Event><Latitude>31.1676</Latitude><Longitude>121.156</Longitude><Precision>15</Precision></xml>
2017-11-09 09:46:18.571 [http-apr-8080-exec-10] INFO  com.ray.weixin.qy.service.message.reply.ReplyMessageService - fromUserName:ShiRui
2017-11-09 09:46:18.571 [http-apr-8080-exec-10] INFO  com.ray.weixin.qy.service.message.reply.ReplyMessageService - toUserName:ww92f5da92bb24696e
2017-11-09 09:46:18.571 [http-apr-8080-exec-10] INFO  com.ray.weixin.qy.service.message.reply.ReplyMessageService - msgType:event
2017-11-09 09:46:18.571 [http-apr-8080-exec-10] INFO  com.ray.weixin.qy.service.message.reply.ReplyMessageService - Event:LOCATION  eventKey:null
2017-11-09 09:46:22.074 [http-apr-8080-exec-1] INFO  com.ray.weixin.qy.controller.WeiXinServlet - post--------------
2017-11-09 09:46:22.075 [http-apr-8080-exec-1] INFO  com.ray.weixin.qy.service.message.reply.ReplyMessageService - parms:{"msg_signature":["e8ee5949137809bd9f48625feb0965d4cb65c8df"],"timestamp":["1510191981"],"nonce":["1833749343"]}
2017-11-09 09:46:22.076 [http-apr-8080-exec-1] INFO  com.ray.weixin.qy.service.message.reply.ReplyMessageService - postData:<xml><ToUserName><![CDATA[ww92f5da92bb24696e]]></ToUserName><Encrypt><![CDATA[Km5zhQz9jvSM7Lgn5uVW425Ve928kcb7MLW2Drk/rDmW1pw+CM0MY+OQMu8zakXOnpoO7lv0Nl5sgIoay2PVaxYGLpJ9Z7n8u6Av3Hc+9eZIsdTARuk9lxt3DIV4Tyls1UIz51YO5qKCvaQtO1As39gc+3qftEicp95GjLfZIIT3qyMh+lzyYMwOcKcrbgnF6BMTS9y11SAo0irhLQn/jCEhKrnx52cU49ooP2vQGdEVUEexZj1nWT35sZqCMXOXWfew+E/AbiKvATfF0dD5NjjNM94+UzkRpaz/VLYzOYy61qBKBt8lbBpsbqy4F66w2rgowJwso8KK70IUVnNOZJnKewHwDOTXxK6QInW2jCSw3ZyUpUWDemIZeEAWuEL71zR9I+s2fItMwTDaI99O+bv6qu5BjCuXhDGQMLQQTsDBIxmZt7HXzn6vhH1xxtmpjbO3jMD00Cr4lrug0FJaTH4XnOcDo2u3X7usAu3hVXZdsfKCpIWigrgMwRodo6AD]]></Encrypt><AgentID><![CDATA[1000002]]></AgentID></xml>
2017-11-09 09:46:22.080 [http-apr-8080-exec-1] INFO  com.ray.weixin.qy.service.message.reply.ReplyMessageService - reply_xmlMsg:<xml><ToUserName><![CDATA[ww92f5da92bb24696e]]></ToUserName><FromUserName><![CDATA[ShiRui]]></FromUserName><CreateTime>1510191981</CreateTime><MsgType><![CDATA[event]]></MsgType><AgentID>1000002</AgentID><Event><![CDATA[LOCATION]]></Event><Latitude>31.1695</Latitude><Longitude>121.152</Longitude><Precision>0</Precision></xml>
2017-11-09 09:46:22.084 [http-apr-8080-exec-1] INFO  com.ray.weixin.qy.service.message.reply.ReplyMessageService - fromUserName:ShiRui
2017-11-09 09:46:22.084 [http-apr-8080-exec-1] INFO  com.ray.weixin.qy.service.message.reply.ReplyMessageService - toUserName:ww92f5da92bb24696e
2017-11-09 09:46:22.085 [http-apr-8080-exec-1] INFO  com.ray.weixin.qy.service.message.reply.ReplyMessageService - msgType:event
2017-11-09 09:46:22.086 [http-apr-8080-exec-1] INFO  com.ray.weixin.qy.service.message.reply.ReplyMessageService - Event:LOCATION  eventKey:null
2017-11-09 09:46:24.357 [http-apr-8080-exec-4] INFO  com.ray.weixin.qy.controller.WeiXinServlet - post--------------
2017-11-09 09:46:24.357 [http-apr-8080-exec-4] INFO  com.ray.weixin.qy.service.message.reply.ReplyMessageService - parms:{"msg_signature":["b1b61d9576da8ec7f32831c9cd28726c8dd53581"],"timestamp":["1510191983"],"nonce":["241642584"]}
2017-11-09 09:46:24.358 [http-apr-8080-exec-4] INFO  com.ray.weixin.qy.service.message.reply.ReplyMessageService - postData:<xml><ToUserName><![CDATA[ww92f5da92bb24696e]]></ToUserName><Encrypt><![CDATA[V0t1CM//k6xABwcAnsC63yf9jyDYCFJ5nzzEsDPeZx/xQQSbljlIvXKu5qNY9eDvaBKYgYWyZRxEKFZuudc5DR5e0lPbzx/0XRuBAf4+9pP6LNBL1y2HDri71A/vW8eknIn/QwSiAYuxZkL4P8c8iIUwoZAvxna5aOaea/kdGxYM2+nwCGaWK19LC1Xt3SlY5TulLRU22bfLAZCpBOabuiz4F3q93dYB+YfF5uPT/YI8o+lhw5HySj/ry/21TAJ6R3pYYdMaFWvRBV3fpMql9Kw85ZaMGRWIdpNvgqg3njYlQ2GcJ4EP5+YDrF54YuPpISpAUhl8cVKtwcsMxq+PbfRIeH2dJESA50S0BUGqgk61rygWyP88d62A2fd6vzmNJF/FcluEUx2XAh2jybf29BA4JkSTd6ROV3w597o0NrcXwo7JIt+MSXiCvK8yP1BW6P7PcY6MXYJYS1aKH5LOpLnX6e8gKzGBAIw6z/8gWTAW3kCNoMTTubhTc62iDaNH]]></Encrypt><AgentID><![CDATA[1000002]]></AgentID></xml>
2017-11-09 09:46:24.360 [http-apr-8080-exec-4] INFO  com.ray.weixin.qy.service.message.reply.ReplyMessageService - reply_xmlMsg:<xml><ToUserName><![CDATA[ww92f5da92bb24696e]]></ToUserName><FromUserName><![CDATA[ShiRui]]></FromUserName><CreateTime>1510191983</CreateTime><MsgType><![CDATA[event]]></MsgType><AgentID>1000002</AgentID><Event><![CDATA[LOCATION]]></Event><Latitude>31.1676</Latitude><Longitude>121.156</Longitude><Precision>15</Precision></xml>
2017-11-09 09:46:24.362 [http-apr-8080-exec-4] INFO  com.ray.weixin.qy.service.message.reply.ReplyMessageService - fromUserName:ShiRui
2017-11-09 09:46:24.362 [http-apr-8080-exec-4] INFO  com.ray.weixin.qy.service.message.reply.ReplyMessageService - toUserName:ww92f5da92bb24696e
2017-11-09 09:46:24.362 [http-apr-8080-exec-4] INFO  com.ray.weixin.qy.service.message.reply.ReplyMessageService - msgType:event
2017-11-09 09:46:24.362 [http-apr-8080-exec-4] INFO  com.ray.weixin.qy.service.message.reply.ReplyMessageService - Event:LOCATION  eventKey:null
2017-11-09 09:46:25.408 [http-apr-8080-exec-6] INFO  com.ray.weixin.qy.controller.WeiXinServlet - post--------------
2017-11-09 09:46:25.410 [http-apr-8080-exec-6] INFO  com.ray.weixin.qy.service.message.reply.ReplyMessageService - parms:{"msg_signature":["994ecea2534cd8d1ea0ab5a2e119168ff6237706"],"timestamp":["1510191984"],"nonce":["86195167"]}
2017-11-09 09:46:25.411 [http-apr-8080-exec-6] INFO  com.ray.weixin.qy.service.message.reply.ReplyMessageService - postData:<xml><ToUserName><![CDATA[ww92f5da92bb24696e]]></ToUserName><Encrypt><![CDATA[/W47opNIqE5udEGZEFWHJgrir2elfJtK0qr1AqGHUL9oJQ4gYOE0D6w4426N1eeYOHhpQ3eaKElJeBb0Dj2TXuutzDgeNvWjv9JK5yZO3WL0MMiEIQakUVePkFBUxotXSLaa3xbTmxWRBafQhVw1trsA0VL/aDuJOtWLiefTHFrdYZZQO54B5KvDy5V+KQInrEkf69vY5onX/W4/zQdcFA7xDt3OmzwTCGkr1FSjcVJhaNl8K6a5f2t7GfiiAEBbAk9GK0Ur5pOhRWxxXJ6P95FJDWIjvW7m7a8qgg3Fvubxqzc5+MXWSJiQq3pQW/GfhszZszohKoByEDvETBWchk792jiz+5fD6oGG+McPUdvnIRtbdb8MLNHahrdejRzLHNf7AUaJ+FX6kW9AAjYHmqYTg3FID3t+J5Fn2Sz0jXlmH0XxeQ3HJkxsJ36yR+jUZy6l7BVfqMSMfwUIalWqGbj+Oi9QqjcG2D+pJI5yIcsSOjWpwK8BBM7+3DWn2M1R]]></Encrypt><AgentID><![CDATA[1000002]]></AgentID></xml>
2017-11-09 09:46:25.417 [http-apr-8080-exec-6] INFO  com.ray.weixin.qy.service.message.reply.ReplyMessageService - reply_xmlMsg:<xml><ToUserName><![CDATA[ww92f5da92bb24696e]]></ToUserName><FromUserName><![CDATA[ShiRui]]></FromUserName><CreateTime>1510191984</CreateTime><MsgType><![CDATA[event]]></MsgType><AgentID>1000002</AgentID><Event><![CDATA[view]]></Event><EventKey><![CDATA[http://rayner.nat300.top/weixin_qy/showInvoice.jsp]]></EventKey></xml>
2017-11-09 09:46:25.423 [http-apr-8080-exec-6] INFO  com.ray.weixin.qy.service.message.reply.ReplyMessageService - fromUserName:ShiRui
2017-11-09 09:46:25.424 [http-apr-8080-exec-6] INFO  com.ray.weixin.qy.service.message.reply.ReplyMessageService - toUserName:ww92f5da92bb24696e
2017-11-09 09:46:25.425 [http-apr-8080-exec-6] INFO  com.ray.weixin.qy.service.message.reply.ReplyMessageService - msgType:event
2017-11-09 09:46:25.425 [http-apr-8080-exec-6] INFO  com.ray.weixin.qy.service.message.reply.ReplyMessageService - Event:view  eventKey:http://rayner.nat300.top/weixin_qy/showInvoice.jsp
2017-11-09 09:46:25.785 [http-apr-8080-exec-7] INFO  com.ray.weixin.qy.util.AuthHelper - jsonObject:{"errcode":0,"access_token":"RVUMhaz-QcALWPrIef8VlQayDM5w55oYDw5FrLAax9W4TOLAOXTnChxYEP2-74uxxPT2C9i1I9wewB97GuODOPyN3p7to4_wYWQ3cAQMv-owZeVpxS-gopdSUPHtRFsxqx5m0RnpBhh0BI0DFiUS85FISGwMzmvNvPe6ZvlKrM54gETQx1ZRdVGQSMHVYFzqZBb9C7q_gw-eZZ9u8Kqw4A","errmsg":"ok","expires_in":7200}
2017-11-09 09:46:26.217 [http-apr-8080-exec-7] INFO  com.ray.weixin.qy.util.AuthHelper - jsonObject:{"errcode":0,"ticket":"kgt8ON7yVITDhtdwci0qebCLEfC_BfeygIq8cFPLbdbVIB76UKmHNQSOygZvd-Z1ed9TEYoCChiRyMVxpC9-UQ","errmsg":"ok","expires_in":7200}
2017-11-09 09:46:26.219 [http-apr-8080-exec-7] INFO  com.ray.weixin.qy.util.AuthHelper - url:http://rayner.nat300.top/weixin_qy/showInvoice.jsp
2017-11-09 09:46:26.220 [http-apr-8080-exec-7] INFO  com.ray.weixin.qy.util.AuthHelper - accessToken:RVUMhaz-QcALWPrIef8VlQayDM5w55oYDw5FrLAax9W4TOLAOXTnChxYEP2-74uxxPT2C9i1I9wewB97GuODOPyN3p7to4_wYWQ3cAQMv-owZeVpxS-gopdSUPHtRFsxqx5m0RnpBhh0BI0DFiUS85FISGwMzmvNvPe6ZvlKrM54gETQx1ZRdVGQSMHVYFzqZBb9C7q_gw-eZZ9u8Kqw4A
2017-11-09 09:46:26.220 [http-apr-8080-exec-7] INFO  com.ray.weixin.qy.util.AuthHelper - jsapi_ticket:kgt8ON7yVITDhtdwci0qebCLEfC_BfeygIq8cFPLbdbVIB76UKmHNQSOygZvd-Z1ed9TEYoCChiRyMVxpC9-UQ
2017-11-09 09:46:26.220 [http-apr-8080-exec-7] INFO  com.ray.weixin.qy.util.AuthHelper - appId:ww92f5da92bb24696e
2017-11-09 09:46:26.221 [http-apr-8080-exec-7] INFO  com.ray.weixin.qy.util.AuthHelper - timestamp:1510191985
2017-11-09 09:46:26.221 [http-apr-8080-exec-7] INFO  com.ray.weixin.qy.util.AuthHelper - nonceStr:01bae948-314e-49c2-952e-67d9d69dc0ff
2017-11-09 09:46:26.221 [http-apr-8080-exec-7] INFO  com.ray.weixin.qy.util.AuthHelper - signature:c34b41d3d32beaf7d680fa06d8a080c9eb14c457
2017-11-09 09:46:26.222 [http-apr-8080-exec-7] INFO  com.ray.weixin.qy.util.AuthHelper - configValue:{"signature":"c34b41d3d32beaf7d680fa06d8a080c9eb14c457","appId":"ww92f5da92bb24696e","nonceStr":"01bae948-314e-49c2-952e-67d9d69dc0ff","timestamp":"1510191985"}
2017-11-09 09:46:27.096 [http-apr-8080-exec-1] INFO  com.ray.weixin.qy.controller.WeiXinServlet - post--------------
2017-11-09 09:46:27.098 [http-apr-8080-exec-1] INFO  com.ray.weixin.qy.service.message.reply.ReplyMessageService - parms:{"msg_signature":["5a1b86827db79bcda55ed6452ca4f0694977dd6d"],"timestamp":["1510191986"],"nonce":["1561920517"]}
2017-11-09 09:46:27.098 [http-apr-8080-exec-1] INFO  com.ray.weixin.qy.service.message.reply.ReplyMessageService - postData:<xml><ToUserName><![CDATA[ww92f5da92bb24696e]]></ToUserName><Encrypt><![CDATA[xDpDWo2xXeywhrW5tso3PFRTSXT8Sf1TYs5Hq97mvQGlRjDxl54Oc27Js9vY68JH0J1NWctcFfwrx5hHrh6q5rBC+5fuvwXGoR/y9/6hh8hQb7j7PKzvmJOoFbdeqtoRzmytYM74b/xUixP5qCY+9TOmzJjPihK/RiWMFtlIXf5ZGewDqsuLoTCGuudAZ4I3POMKD5xts5qtJA6ZUVd6tXs9DDUrABHXsmXRzUeoUsmheCZ6dBMy8WD51QeTGW8az7HpLatUfrTcjWAkm0SMp/61VDeiCWN6/W26Aymd55PGdeHRqUo5K3E+4uBhRbHYPStwKVqg/sKF1eCzbAbEf3NKhz5Xoz4PbRkDK36EvmR25TZZb+2mtbjMQLlQwaHW0leKicLathDGkppTqA5cYvWFU2qA+ExIiG9UG+9TGKsVpw1aoZsfrjSNoyh5O5QL3JWRA/r6qVv0elc4cscfR2T1HJb9RqAZbUL+B4vWK9sPmHqFO0Rw9ColF5y6l3gU]]></Encrypt><AgentID><![CDATA[1000002]]></AgentID></xml>
2017-11-09 09:46:27.105 [http-apr-8080-exec-1] INFO  com.ray.weixin.qy.service.message.reply.ReplyMessageService - reply_xmlMsg:<xml><ToUserName><![CDATA[ww92f5da92bb24696e]]></ToUserName><FromUserName><![CDATA[ShiRui]]></FromUserName><CreateTime>1510191986</CreateTime><MsgType><![CDATA[event]]></MsgType><AgentID>1000002</AgentID><Event><![CDATA[LOCATION]]></Event><Latitude>31.1676</Latitude><Longitude>121.156</Longitude><Precision>15</Precision></xml>
2017-11-09 09:46:27.110 [http-apr-8080-exec-1] INFO  com.ray.weixin.qy.service.message.reply.ReplyMessageService - fromUserName:ShiRui
2017-11-09 09:46:27.110 [http-apr-8080-exec-1] INFO  com.ray.weixin.qy.service.message.reply.ReplyMessageService - toUserName:ww92f5da92bb24696e
2017-11-09 09:46:27.111 [http-apr-8080-exec-1] INFO  com.ray.weixin.qy.service.message.reply.ReplyMessageService - msgType:event
2017-11-09 09:46:27.111 [http-apr-8080-exec-1] INFO  com.ray.weixin.qy.service.message.reply.ReplyMessageService - Event:LOCATION  eventKey:null
2017-11-09 09:46:32.112 [http-apr-8080-exec-4] INFO  com.ray.weixin.qy.controller.WeiXinServlet - post--------------
2017-11-09 09:46:32.114 [http-apr-8080-exec-4] INFO  com.ray.weixin.qy.service.message.reply.ReplyMessageService - parms:{"msg_signature":["b45abeef9f6d454ac450d0c3af5b92327eaf5955"],"timestamp":["1510191991"],"nonce":["1877707052"]}
2017-11-09 09:46:32.115 [http-apr-8080-exec-4] INFO  com.ray.weixin.qy.service.message.reply.ReplyMessageService - postData:<xml><ToUserName><![CDATA[ww92f5da92bb24696e]]></ToUserName><Encrypt><![CDATA[jZJD2/4wegdwkD0sW5NrRPW9p2jPr5BVn7xR5WRTFRbjzWk7fVJVYX0birXPkIQ1unShQSR9qC63Y3mpfH4hFKgSmCEaeqSf+bXFA/f6Cd8ine3uYLWdHntw3bmrroPtTWhL8L8dChfETA4qHgYQLXHTg8DSh5JosvzWLo4W//o1bdwEg1zUHhXS62ESUfMnueZJC9zgkINGBhHFiCEIQwfYjCnrcDdxKcmhZgtT6PCCncriEl3wiIzH7PaFlQanyLybpZKx1GXlKZusehLNq8fFLF8j1l3OcOz/zPv10eeM/tPSNMt5Iy1DqnI6+KhPHIAFJ1ZW6JbIYumHXlp/RkAe6YOESVlAwUO84QtEenxQLcyn9UzmKOxtXTpDEGGiYK3aHJXQ3UZX4vyKyF9cHU5nvS0/HX1W4g9c0pixi4579NfoHCZc9qej345NV5rk3bF6ZGDBnwAIYecf44dOrbh+iHSYAtZ6EkqRm9PzprOKqNgo7sAnyyJPXm9k8aWF]]></Encrypt><AgentID><![CDATA[1000002]]></AgentID></xml>
2017-11-09 09:46:32.119 [http-apr-8080-exec-4] INFO  com.ray.weixin.qy.service.message.reply.ReplyMessageService - reply_xmlMsg:<xml><ToUserName><![CDATA[ww92f5da92bb24696e]]></ToUserName><FromUserName><![CDATA[ShiRui]]></FromUserName><CreateTime>1510191991</CreateTime><MsgType><![CDATA[event]]></MsgType><AgentID>1000002</AgentID><Event><![CDATA[LOCATION]]></Event><Latitude>31.1676</Latitude><Longitude>121.156</Longitude><Precision>15</Precision></xml>
2017-11-09 09:46:32.124 [http-apr-8080-exec-4] INFO  com.ray.weixin.qy.service.message.reply.ReplyMessageService - fromUserName:ShiRui
2017-11-09 09:46:32.124 [http-apr-8080-exec-4] INFO  com.ray.weixin.qy.service.message.reply.ReplyMessageService - toUserName:ww92f5da92bb24696e
2017-11-09 09:46:32.125 [http-apr-8080-exec-4] INFO  com.ray.weixin.qy.service.message.reply.ReplyMessageService - msgType:event
2017-11-09 09:46:32.125 [http-apr-8080-exec-4] INFO  com.ray.weixin.qy.service.message.reply.ReplyMessageService - Event:LOCATION  eventKey:null
2017-11-09 09:46:37.201 [http-apr-8080-exec-3] INFO  com.ray.weixin.qy.controller.WeiXinServlet - post--------------
2017-11-09 09:46:37.202 [http-apr-8080-exec-3] INFO  com.ray.weixin.qy.service.message.reply.ReplyMessageService - parms:{"msg_signature":["d0a636fda991ac18331619785db312cdde0e791e"],"timestamp":["1510191996"],"nonce":["132260359"]}
2017-11-09 09:46:37.202 [http-apr-8080-exec-3] INFO  com.ray.weixin.qy.service.message.reply.ReplyMessageService - postData:<xml><ToUserName><![CDATA[ww92f5da92bb24696e]]></ToUserName><Encrypt><![CDATA[ZagU3++PrzL0rgs2WyVvDQePGfyMtj4WFgYFVFoR/1gzrJ4SO6kp9eLtsXr3OGMzKaBSVhSO08RM0AlA+6qyhPXn5RNVmBxNhRFLk8X13VN//FUuQl1cQiX+aXSfOrq7yHxb02cHmvlhzii/A0zTvqfhxeIcQOxjItGWDWQuR+iAjTmOOWXVl+Q6w5/uRasu90p1YcNlQO2mJPEIMNQmuyeLjYHLzFcLsr1D5F+6+S9wMsmejpb/c+H/FuN+dSxp15of3hT2aalTO0N+cdAF8oIoPrmpWpMP8vEfMefcl9OZiJmgxtygGy6yGOoeR98U3pAY/MGaGLJ19V/74Lqd4bzLInz4C0Yf3WztM5GlNP+DrRpoudSakALwB0rafht3j4kSD5m1fgwrFTWlJa6xro1b3kWxbAQwUJZGVU2ZcxbQTMuFFx8/Xy2kNF8RnIkwncO0dwM/xOvcxD2nJmMvrJjjlTdc5pUwx3QD1hWXa2m98YlEsDCSKDyQfKJhNIAu]]></Encrypt><AgentID><![CDATA[1000002]]></AgentID></xml>
2017-11-09 09:46:37.204 [http-apr-8080-exec-3] INFO  com.ray.weixin.qy.service.message.reply.ReplyMessageService - reply_xmlMsg:<xml><ToUserName><![CDATA[ww92f5da92bb24696e]]></ToUserName><FromUserName><![CDATA[ShiRui]]></FromUserName><CreateTime>1510191996</CreateTime><MsgType><![CDATA[event]]></MsgType><AgentID>1000002</AgentID><Event><![CDATA[LOCATION]]></Event><Latitude>31.1676</Latitude><Longitude>121.156</Longitude><Precision>15</Precision></xml>
2017-11-09 09:46:37.206 [http-apr-8080-exec-3] INFO  com.ray.weixin.qy.service.message.reply.ReplyMessageService - fromUserName:ShiRui
2017-11-09 09:46:37.207 [http-apr-8080-exec-3] INFO  com.ray.weixin.qy.service.message.reply.ReplyMessageService - toUserName:ww92f5da92bb24696e
2017-11-09 09:46:37.207 [http-apr-8080-exec-3] INFO  com.ray.weixin.qy.service.message.reply.ReplyMessageService - msgType:event
2017-11-09 09:46:37.207 [http-apr-8080-exec-3] INFO  com.ray.weixin.qy.service.message.reply.ReplyMessageService - Event:LOCATION  eventKey:null
2017-11-09 09:46:43.083 [http-apr-8080-exec-7] INFO  com.ray.weixin.qy.controller.WeiXinServlet - post--------------
2017-11-09 09:46:43.084 [http-apr-8080-exec-7] INFO  com.ray.weixin.qy.service.message.reply.ReplyMessageService - parms:{"msg_signature":["47a08a4ea76d443a6c8d406036b5aaf8338bd0c9"],"timestamp":["1510192002"],"nonce":["833598103"]}
2017-11-09 09:46:43.085 [http-apr-8080-exec-7] INFO  com.ray.weixin.qy.service.message.reply.ReplyMessageService - postData:<xml><ToUserName><![CDATA[ww92f5da92bb24696e]]></ToUserName><Encrypt><![CDATA[J1Zd6M7ELrGnVJw9+aD9WYOjU6XbDk5HrIVxCDCNc1V1T6n226es83QetzJLbk6RrvJztzIN6xe6Qo6oq7FwAGVjFXTGsh/FfuhMnG86q/SIWSORNO38WryHOvsUcpkTfKzFYurtZlfF0lN/usKamycjNlDiMnkvf+b2MG7UmgPbyrF9cpkcpLHr8iyZOvnF9MZNbxTPDcrs+H5WSt/z5hEpbdtE4ro5DPOuDbQt47v2JT/EbR0mTlWTso3iO48/xwkOs7UwP/d0yI1CVJrw/WxNU7CtXD3fwOPGfQXzeYfoOVoDqQi0Y0t29ngutAqudXzWDRV9po4IRLGA+sQVCtmchAlKpX7c5KH69BLzub2A4eHqLA1Eo/me6a0HE8S0ylxR7kBzqUGlBX3FG+3H0scQUcjJzUkV5Fk1mkgIFe4j6dI/lCHRwQ8SHLqKeUb8wgBkLoiW+7dVfCzEw+D3WDRf2xDT4uXmZ8YGbVzB5//FjlFrejxhecA4CXdj8HBw]]></Encrypt><AgentID><![CDATA[1000002]]></AgentID></xml>
2017-11-09 09:46:43.090 [http-apr-8080-exec-7] INFO  com.ray.weixin.qy.service.message.reply.ReplyMessageService - reply_xmlMsg:<xml><ToUserName><![CDATA[ww92f5da92bb24696e]]></ToUserName><FromUserName><![CDATA[ShiRui]]></FromUserName><CreateTime>1510192002</CreateTime><MsgType><![CDATA[event]]></MsgType><AgentID>1000002</AgentID><Event><![CDATA[LOCATION]]></Event><Latitude>31.1695</Latitude><Longitude>121.152</Longitude><Precision>0</Precision></xml>
2017-11-09 09:46:43.094 [http-apr-8080-exec-7] INFO  com.ray.weixin.qy.service.message.reply.ReplyMessageService - fromUserName:ShiRui
2017-11-09 09:46:43.095 [http-apr-8080-exec-7] INFO  com.ray.weixin.qy.service.message.reply.ReplyMessageService - toUserName:ww92f5da92bb24696e
2017-11-09 09:46:43.095 [http-apr-8080-exec-7] INFO  com.ray.weixin.qy.service.message.reply.ReplyMessageService - msgType:event
2017-11-09 09:46:43.096 [http-apr-8080-exec-7] INFO  com.ray.weixin.qy.service.message.reply.ReplyMessageService - Event:LOCATION  eventKey:null
