2017-11-15 15:16:55.722 [http-apr-8080-exec-1] INFO  com.ray.weixin.gz.controller.WeiXinServlet - post--------------
2017-11-15 15:16:55.743 [http-apr-8080-exec-1] INFO  com.ray.weixin.gz.service.message.ReplyMessageService - parms:{"signature":["d2a572b9c57515fd9293e111f2f425f403fc750a"],"timestamp":["1510730214"],"nonce":["1087711749"],"openid":["o1M7_1TLByH8H1T7XCIj23Roo5yU"],"encrypt_type":["aes"],"msg_signature":["a9cea2b5e4f5f63d317cc0aca941122f4fa0d4b0"]}
2017-11-15 15:16:55.743 [http-apr-8080-exec-1] INFO  com.ray.weixin.gz.service.message.ReplyMessageService - postData:<xml>    <ToUserName><![CDATA[gh_8903be978f8b]]></ToUserName>    <Encrypt><![CDATA[kNV5KsMqEWxZJa3n7VzEErPzxSULgDK7+hzjKwh6utTo8M2kIRu95cyzZzTmFFZQSeGh5UkuIn4txa3Kob9/JdsYcQcY0teX6b1ChrGFfM9Lg8XEubaYC6K+BDCoQcZT4+/1E201EAlXs+F/l8NgJQcDac1Nwsp8oGDB1kmBxZUGQr5B7/PnDmr9HuSvcRTTD2NNdumTsT/QvujnPcLgDYqiPP1NBNsaD4F3VoEp3o+sHankgT/OofqGbMi2KiHT3CGEv8haEYBH1UXpjapG6nhhVdLsPIUUxCCGG+MIBvdMSCaOq5HIO2v3mNncuW0PKx6iYUubaHH+clZwTvK5e0oM5dsjSfMLUJADFdwvc+940HMOOj+JN+Xqj+r9aeFm+VELf6WlYOwrLIGX4HksD+xdatjhVtlagdvXgpPpuHbx7gdNAfWAbt7XftwHMmu3fgrFYjrOySl8YJ88aNVT3/Ax7xfpr+zeD03yGgrivBfeHyd5Y9DtgmXY3XkNYOCZu8yXRUTL7WtrphF54gEc+jiD8IACwFVGKKudCCfILlw=]]></Encrypt></xml>
2017-11-15 15:16:55.746 [http-apr-8080-exec-1] INFO  com.ray.weixin.gz.service.message.ReplyMessageService - 安全模式：消息被加密
2017-11-15 15:16:55.751 [http-apr-8080-exec-1] INFO  com.ray.weixin.gz.service.message.ReplyMessageService - <xml><ToUserName><![CDATA[gh_8903be978f8b]]></ToUserName>
<FromUserName><![CDATA[o1M7_1TLByH8H1T7XCIj23Roo5yU]]></FromUserName>
<CreateTime>1510730214</CreateTime>
<MsgType><![CDATA[event]]></MsgType>
<Event><![CDATA[VIEW]]></Event>
<EventKey><![CDATA[http://rayner.nat300.top/weixin_gz/showInvoice.jsp]]></EventKey>
<MenuId>450181554</MenuId>
</xml>
2017-11-15 15:16:55.754 [http-apr-8080-exec-1] INFO  com.ray.weixin.gz.service.message.ReplyMessageService - fromUserName:o1M7_1TLByH8H1T7XCIj23Roo5yU
2017-11-15 15:16:55.754 [http-apr-8080-exec-1] INFO  com.ray.weixin.gz.service.message.ReplyMessageService - toUserName:gh_8903be978f8b
2017-11-15 15:16:55.754 [http-apr-8080-exec-1] INFO  com.ray.weixin.gz.service.message.ReplyMessageService - msgType:event
2017-11-15 15:16:55.755 [http-apr-8080-exec-1] INFO  com.ray.weixin.gz.service.message.ReplyMessageService - Event:VIEW  eventKey:http://rayner.nat300.top/weixin_gz/showInvoice.jsp
2017-11-15 15:16:55.970 [http-apr-8080-exec-4] INFO  com.ray.weixin.gz.util.AuthHelper - jsonObject:{"access_token":"mx8EDkBNcgAY91fKmGx90-dOq6YsBApSlsL_qfvb4J7aoV1dQZR4BbZBfcMeXSFc0UhstT4x_QOQAs01yT_mHHUqrxw5x8dHu7lt02DZgkKkwTWYHjCwsJMg5n7RRAXUJCDhADAWPQ","expires_in":7200}
2017-11-15 15:16:56.074 [http-apr-8080-exec-4] INFO  com.ray.weixin.gz.util.AuthHelper - jsonObject:{"errcode":0,"ticket":"HoagFKDcsGMVCIY2vOjf9mrEXbwXSbqpUm0898_LsZhfWowrJV-9wOxwAgoPTOhdqfiAJVBhU9J6pQbGq-WKag","errmsg":"ok","expires_in":7200}
2017-11-15 15:16:56.074 [http-apr-8080-exec-4] INFO  com.ray.weixin.gz.util.AuthHelper - accessToken:mx8EDkBNcgAY91fKmGx90-dOq6YsBApSlsL_qfvb4J7aoV1dQZR4BbZBfcMeXSFc0UhstT4x_QOQAs01yT_mHHUqrxw5x8dHu7lt02DZgkKkwTWYHjCwsJMg5n7RRAXUJCDhADAWPQ
2017-11-15 15:16:56.074 [http-apr-8080-exec-4] INFO  com.ray.weixin.gz.util.AuthHelper - ticket:HoagFKDcsGMVCIY2vOjf9mrEXbwXSbqpUm0898_LsZhfWowrJV-9wOxwAgoPTOhdqfiAJVBhU9J6pQbGq-WKag
2017-11-15 15:16:56.075 [http-apr-8080-exec-4] INFO  com.ray.weixin.gz.util.AuthHelper - nonceStr:06c03bd4-f034-4476-80f8-a4399eb4a244
2017-11-15 15:16:56.075 [http-apr-8080-exec-4] INFO  com.ray.weixin.gz.util.AuthHelper - timeStamp:1510730215
2017-11-15 15:16:56.075 [http-apr-8080-exec-4] INFO  com.ray.weixin.gz.util.AuthHelper - signedUrl:http://rayner.nat300.top/weixin_gz/showInvoice.jsp
2017-11-15 15:16:56.075 [http-apr-8080-exec-4] INFO  com.ray.weixin.gz.util.AuthHelper - signature:7ed8f7aa5084dc085fef5b780a17f9405f5a311d
2017-11-15 15:16:56.075 [http-apr-8080-exec-4] INFO  com.ray.weixin.gz.util.AuthHelper - appId:wx07c4d9d0895fe212
2017-11-15 15:16:56.075 [http-apr-8080-exec-4] INFO  com.ray.weixin.gz.util.AuthHelper - configValue:{signature:'7ed8f7aa5084dc085fef5b780a17f9405f5a311d',nonceStr:'06c03bd4-f034-4476-80f8-a4399eb4a244',timeStamp:'1510730215',appId:'wx07c4d9d0895fe212'}
2017-11-15 15:16:56.183 [http-apr-8080-exec-4] INFO  com.ray.weixin.gz.util.AuthHelper - jsonObject:{"access_token":"mx8EDkBNcgAY91fKmGx90-dOq6YsBApSlsL_qfvb4J4RZeeB9DtkMPFclq0ZlkK_aOae2MVCD6VhflC186ldb-zJekGPBFpTXWRQ7jbhjBW9yiOZgF3G8BrVe-X8BngmGVXhADABQS","expires_in":7199}
2017-11-15 15:16:56.266 [http-apr-8080-exec-4] INFO  com.ray.weixin.gz.service.invoice.InvoiceService - jsonObject:{"errcode":0,"ticket":"9KwiourQPRN3vx3Nn1c_iXCh-5F7rD5UiR6FRkNziS3cx4b8Yjpce58MCsslS5Cu43H8pvgbGMFfDvtxfdImxg","errmsg":"ok","expires_in":7200}
2017-11-15 15:16:56.266 [http-apr-8080-exec-4] INFO  com.ray.weixin.gz.util.AuthHelper - apiTicket:9KwiourQPRN3vx3Nn1c_iXCh-5F7rD5UiR6FRkNziS3cx4b8Yjpce58MCsslS5Cu43H8pvgbGMFfDvtxfdImxg
2017-11-15 15:16:56.266 [http-apr-8080-exec-4] INFO  com.ray.weixin.gz.util.AuthHelper - appId:wx07c4d9d0895fe212
2017-11-15 15:16:56.266 [http-apr-8080-exec-4] INFO  com.ray.weixin.gz.util.AuthHelper - timeStamp:1510730216
2017-11-15 15:16:56.266 [http-apr-8080-exec-4] INFO  com.ray.weixin.gz.util.AuthHelper - nonceStr:b2ae7e06-316e-4013-aa06-730fd66acba0
2017-11-15 15:16:56.267 [http-apr-8080-exec-4] INFO  com.ray.weixin.gz.util.AuthHelper - cardType:INVOICE
2017-11-15 15:16:56.267 [http-apr-8080-exec-4] INFO  com.ray.weixin.gz.util.AuthHelper - cardSign:9b702ec2c87dc098e6912666498fdc4bab18abe3
2017-11-15 15:16:56.267 [http-apr-8080-exec-4] INFO  com.ray.weixin.gz.util.AuthHelper - signType:SHA1
2017-11-15 15:16:56.267 [http-apr-8080-exec-4] INFO  com.ray.weixin.gz.util.AuthHelper - configValue:{"signType":"SHA1","cardSign":"9b702ec2c87dc098e6912666498fdc4bab18abe3","nonceStr":"b2ae7e06-316e-4013-aa06-730fd66acba0","timestamp":"1510730216"}
