2017-11-15 15:31:04.574 [http-apr-8080-exec-2] INFO  com.ray.weixin.gz.controller.WeiXinServlet - post--------------
2017-11-15 15:31:04.606 [http-apr-8080-exec-2] INFO  com.ray.weixin.gz.service.message.ReplyMessageService - parms:{"signature":["825edecb42938e777a5d2d32cc42fcc102d85a82"],"timestamp":["1510731063"],"nonce":["1528661358"],"openid":["o1M7_1TLByH8H1T7XCIj23Roo5yU"],"encrypt_type":["aes"],"msg_signature":["9d7dd206bce591663b13339c1e1f43f71931ef52"]}
2017-11-15 15:31:04.606 [http-apr-8080-exec-2] INFO  com.ray.weixin.gz.service.message.ReplyMessageService - postData:<xml>    <ToUserName><![CDATA[gh_8903be978f8b]]></ToUserName>    <Encrypt><![CDATA[tjK1eecUWm2CKz8RHcA7UYnIGCOE0EZVcwPXJVwGuNMSH1Xz0vWX1NYZCR85zhNILoRCmZw4rP/S5MxbhAodUl28fk+/UPLJ30Shw93HN+dNGugcPOvALyDgnCsVAKQeke5ttrrksOkX2SnJj58E+HAoX886BL3DhUHxRfbYiE8yzCYS6QZK47hApCkmEXTyC5w1H+I5SXXBbUuGDgkaHDeh3PUXr0q6mIiMaFl04SXsSMgafRtiYuyIV8HTKJd8tdbSA0daCM4jHoxUIta+bh4rXPkw+Gkzqj6PSZYoEEcQGH2atXeTevDc6SVjeP2k4Lnb0AvWyVUNiR7mf6AX5k3kRYh4fMFq67tA1a0Q3UosMXJwVtccujPNFYxwL9L9cxesAqkCXU85lwZ5X1NTwY5lCeUEqSLwfBul7UPw5iAMygSazLonwa/1+ASJfpbmmdigXuq/qYcocy2nIuVdVHW9sybsr7rlm168DcwXoXXJTIcYN17aKNvOl+3EFFEsvXWMK09wa6oi0pRoRwuJ1U617IGcl7X3jSWn6KCyqFI=]]></Encrypt></xml>
2017-11-15 15:31:04.606 [http-apr-8080-exec-2] INFO  com.ray.weixin.gz.service.message.ReplyMessageService - 安全模式：消息被加密
2017-11-15 15:31:04.608 [http-apr-8080-exec-2] INFO  com.ray.weixin.gz.service.message.ReplyMessageService - <xml><ToUserName><![CDATA[gh_8903be978f8b]]></ToUserName>
<FromUserName><![CDATA[o1M7_1TLByH8H1T7XCIj23Roo5yU]]></FromUserName>
<CreateTime>1510731063</CreateTime>
<MsgType><![CDATA[event]]></MsgType>
<Event><![CDATA[VIEW]]></Event>
<EventKey><![CDATA[http://rayner.nat300.top/weixin_gz/showInvoice.jsp]]></EventKey>
<MenuId>450181554</MenuId>
</xml>
2017-11-15 15:31:04.609 [http-apr-8080-exec-2] INFO  com.ray.weixin.gz.service.message.ReplyMessageService - fromUserName:o1M7_1TLByH8H1T7XCIj23Roo5yU
2017-11-15 15:31:04.610 [http-apr-8080-exec-2] INFO  com.ray.weixin.gz.service.message.ReplyMessageService - toUserName:gh_8903be978f8b
2017-11-15 15:31:04.610 [http-apr-8080-exec-2] INFO  com.ray.weixin.gz.service.message.ReplyMessageService - msgType:event
2017-11-15 15:31:04.610 [http-apr-8080-exec-2] INFO  com.ray.weixin.gz.service.message.ReplyMessageService - Event:VIEW  eventKey:http://rayner.nat300.top/weixin_gz/showInvoice.jsp
2017-11-15 15:31:04.645 [http-apr-8080-exec-8] INFO  com.ray.weixin.gz.util.AuthHelper - jsonObject:{"access_token":"RtUzzzp8KJw2P1DZ1Cg8_1dJ57LUdaNjp12sLf36sNmgn8z3AYF47NBWMBGZz2pvwAuLdJr8g0W3AUwUCDQ31YdVH7cGzESLk55nxa5yRi1pQfzX-OxAi6ib6mrDuEL8TRZjADALJR","expires_in":7200}
2017-11-15 15:31:04.731 [http-apr-8080-exec-8] INFO  com.ray.weixin.gz.util.AuthHelper - jsonObject:{"errcode":0,"ticket":"HoagFKDcsGMVCIY2vOjf9mrEXbwXSbqpUm0898_LsZhfWowrJV-9wOxwAgoPTOhdqfiAJVBhU9J6pQbGq-WKag","errmsg":"ok","expires_in":7200}
2017-11-15 15:31:04.731 [http-apr-8080-exec-8] INFO  com.ray.weixin.gz.util.AuthHelper - accessToken:RtUzzzp8KJw2P1DZ1Cg8_1dJ57LUdaNjp12sLf36sNmgn8z3AYF47NBWMBGZz2pvwAuLdJr8g0W3AUwUCDQ31YdVH7cGzESLk55nxa5yRi1pQfzX-OxAi6ib6mrDuEL8TRZjADALJR
2017-11-15 15:31:04.731 [http-apr-8080-exec-8] INFO  com.ray.weixin.gz.util.AuthHelper - ticket:HoagFKDcsGMVCIY2vOjf9mrEXbwXSbqpUm0898_LsZhfWowrJV-9wOxwAgoPTOhdqfiAJVBhU9J6pQbGq-WKag
2017-11-15 15:31:04.731 [http-apr-8080-exec-8] INFO  com.ray.weixin.gz.util.AuthHelper - nonceStr:77352971-8c62-42be-982b-4ec570948f69
2017-11-15 15:31:04.731 [http-apr-8080-exec-8] INFO  com.ray.weixin.gz.util.AuthHelper - timeStamp:1510731064
2017-11-15 15:31:04.731 [http-apr-8080-exec-8] INFO  com.ray.weixin.gz.util.AuthHelper - signedUrl:http://rayner.nat300.top/weixin_gz/showInvoice.jsp
2017-11-15 15:31:04.731 [http-apr-8080-exec-8] INFO  com.ray.weixin.gz.util.AuthHelper - signature:ea3c9dc80917f0e82504a94630c4a38ed1da74d2
2017-11-15 15:31:04.731 [http-apr-8080-exec-8] INFO  com.ray.weixin.gz.util.AuthHelper - appId:wx07c4d9d0895fe212
2017-11-15 15:31:04.731 [http-apr-8080-exec-8] INFO  com.ray.weixin.gz.util.AuthHelper - configValue:{signature:'ea3c9dc80917f0e82504a94630c4a38ed1da74d2',nonceStr:'77352971-8c62-42be-982b-4ec570948f69',timeStamp:'1510731064',appId:'wx07c4d9d0895fe212'}
2017-11-15 15:31:04.856 [http-apr-8080-exec-8] INFO  com.ray.weixin.gz.util.AuthHelper - jsonObject:{"access_token":"RtUzzzp8KJw2P1DZ1Cg8_1dJ57LUdaNjp12sLf36sNmEhdfSlcLBDv3iUYin_lYlW4IKlFh8zmXasOw3gZoaGMQT2xVwiFgGRWP6BOQh80qbm_jBC3uY_CgAloCziHIcONIjADAJID","expires_in":7200}
2017-11-15 15:31:04.953 [http-apr-8080-exec-8] INFO  com.ray.weixin.gz.service.invoice.InvoiceService - jsonObject:{"errcode":0,"ticket":"9KwiourQPRN3vx3Nn1c_iXCh-5F7rD5UiR6FRkNziS3cx4b8Yjpce58MCsslS5Cu43H8pvgbGMFfDvtxfdImxg","errmsg":"ok","expires_in":7200}
2017-11-15 15:31:04.953 [http-apr-8080-exec-8] INFO  com.ray.weixin.gz.util.AuthHelper - apiTicket:9KwiourQPRN3vx3Nn1c_iXCh-5F7rD5UiR6FRkNziS3cx4b8Yjpce58MCsslS5Cu43H8pvgbGMFfDvtxfdImxg
2017-11-15 15:31:04.953 [http-apr-8080-exec-8] INFO  com.ray.weixin.gz.util.AuthHelper - appId:wx07c4d9d0895fe212
2017-11-15 15:31:04.953 [http-apr-8080-exec-8] INFO  com.ray.weixin.gz.util.AuthHelper - timeStamp:1510731064
2017-11-15 15:31:04.954 [http-apr-8080-exec-8] INFO  com.ray.weixin.gz.util.AuthHelper - nonceStr:c9d5e030-0794-4ec1-85f7-4458900de1c8
2017-11-15 15:31:04.954 [http-apr-8080-exec-8] INFO  com.ray.weixin.gz.util.AuthHelper - cardType:INVOICE
2017-11-15 15:31:04.954 [http-apr-8080-exec-8] INFO  com.ray.weixin.gz.util.AuthHelper - cardSign:b9f429586ebfe06ac2239c26eb83b0a0a8368bf4
2017-11-15 15:31:04.954 [http-apr-8080-exec-8] INFO  com.ray.weixin.gz.util.AuthHelper - signType:SHA1
2017-11-15 15:31:04.954 [http-apr-8080-exec-8] INFO  com.ray.weixin.gz.util.AuthHelper - configValue:{"signType":"SHA1","cardSign":"b9f429586ebfe06ac2239c26eb83b0a0a8368bf4","nonceStr":"c9d5e030-0794-4ec1-85f7-4458900de1c8","timestamp":"1510731064"}
2017-11-15 15:31:39.507 [http-apr-8080-exec-9] INFO  com.ray.weixin.gz.controller.WeiXinServlet - post--------------
2017-11-15 15:31:39.509 [http-apr-8080-exec-9] INFO  com.ray.weixin.gz.service.message.ReplyMessageService - parms:{"signature":["210abf6e026822c4db01e3250f0947f83b477816"],"timestamp":["1510731098"],"nonce":["1170450979"],"openid":["o1M7_1TLByH8H1T7XCIj23Roo5yU"],"encrypt_type":["aes"],"msg_signature":["1627860d127e771bdc2dd56b4e04075d9e2d1787"]}
2017-11-15 15:31:39.510 [http-apr-8080-exec-9] INFO  com.ray.weixin.gz.service.message.ReplyMessageService - postData:<xml>    <ToUserName><![CDATA[gh_8903be978f8b]]></ToUserName>    <Encrypt><![CDATA[11qEIBE07NQ+w8lgpzDx5O1QK3DKy4J15jqlmy5tys0iTqW36nSzjqLMIcIq1vhhhZ52cXwAafkkMzbwuRB/uNd37ixPc+hKTHcbiDRravVE9HJ6nN7o5I2fsTqNgFep3H4bikQmMA+QZUWC4LUtLltYjI3cH90WP3sBn8gZG+lBt4jbc6VjgEcLlz9eJCLm0v3yTelEDCgYnrZoHjwUI/dmgyNrzhu6OcFb7qZdbKVVy2mS2AF2TZTWBYr3zGv6mUZcqlgHtNE3vqlUTV8Jov5lvfdi9d4KMpWlk5Zxp6pa7Aq+vT15ssx4ykkdxeP2ZVyjRdu7jf0Zar8o8Vc0gily/+O7dXdlF3uTxFh3jNAfXnjETwZFIdJSTOaS/Z25cTmjDWjZxoiYzdIlpNjdKfA4h2yqv3EkrMgbZ2KrxFF6ryNNANI77gOG9CsdiGQwSxmKMv5VLJ4TaxXjg+vrNUlTVpgZKv2pWe9NHtY1UOM+oWnGPh+6FRqQb82EBg7YpKTwaYFJXQNI4zHmi3r+9iInDYDsgkWACECepYJBeNo=]]></Encrypt></xml>
2017-11-15 15:31:39.511 [http-apr-8080-exec-9] INFO  com.ray.weixin.gz.service.message.ReplyMessageService - 安全模式：消息被加密
2017-11-15 15:31:39.518 [http-apr-8080-exec-9] INFO  com.ray.weixin.gz.service.message.ReplyMessageService - <xml><ToUserName><![CDATA[gh_8903be978f8b]]></ToUserName>
<FromUserName><![CDATA[o1M7_1TLByH8H1T7XCIj23Roo5yU]]></FromUserName>
<CreateTime>1510731098</CreateTime>
<MsgType><![CDATA[event]]></MsgType>
<Event><![CDATA[VIEW]]></Event>
<EventKey><![CDATA[http://rayner.nat300.top/weixin_gz/showInvoice.jsp]]></EventKey>
<MenuId>450181554</MenuId>
</xml>
2017-11-15 15:31:39.524 [http-apr-8080-exec-9] INFO  com.ray.weixin.gz.service.message.ReplyMessageService - fromUserName:o1M7_1TLByH8H1T7XCIj23Roo5yU
2017-11-15 15:31:39.525 [http-apr-8080-exec-9] INFO  com.ray.weixin.gz.service.message.ReplyMessageService - toUserName:gh_8903be978f8b
2017-11-15 15:31:39.526 [http-apr-8080-exec-9] INFO  com.ray.weixin.gz.service.message.ReplyMessageService - msgType:event
2017-11-15 15:31:39.526 [http-apr-8080-exec-9] INFO  com.ray.weixin.gz.service.message.ReplyMessageService - Event:VIEW  eventKey:http://rayner.nat300.top/weixin_gz/showInvoice.jsp
2017-11-15 15:31:39.701 [http-apr-8080-exec-5] INFO  com.ray.weixin.gz.util.AuthHelper - jsonObject:{"access_token":"7V1SkJ796hbL5zYQw1X1_xG-PhMh6z7mYBHE11TRXcnDZyEuTlQZw6m6EFWog7TDPGmWKZRG4bZrPYP56Ba6xQS_wMHeuf29_gve0JFuPvVhbFmdvyExtO7FavCfSp7aDOVbAHAGRY","expires_in":7200}
2017-11-15 15:31:39.786 [http-apr-8080-exec-5] INFO  com.ray.weixin.gz.util.AuthHelper - jsonObject:{"errcode":0,"ticket":"HoagFKDcsGMVCIY2vOjf9mrEXbwXSbqpUm0898_LsZhfWowrJV-9wOxwAgoPTOhdqfiAJVBhU9J6pQbGq-WKag","errmsg":"ok","expires_in":7200}
2017-11-15 15:31:39.787 [http-apr-8080-exec-5] INFO  com.ray.weixin.gz.util.AuthHelper - accessToken:7V1SkJ796hbL5zYQw1X1_xG-PhMh6z7mYBHE11TRXcnDZyEuTlQZw6m6EFWog7TDPGmWKZRG4bZrPYP56Ba6xQS_wMHeuf29_gve0JFuPvVhbFmdvyExtO7FavCfSp7aDOVbAHAGRY
2017-11-15 15:31:39.787 [http-apr-8080-exec-5] INFO  com.ray.weixin.gz.util.AuthHelper - ticket:HoagFKDcsGMVCIY2vOjf9mrEXbwXSbqpUm0898_LsZhfWowrJV-9wOxwAgoPTOhdqfiAJVBhU9J6pQbGq-WKag
2017-11-15 15:31:39.787 [http-apr-8080-exec-5] INFO  com.ray.weixin.gz.util.AuthHelper - nonceStr:a748047b-ace2-4765-8824-089a90940038
2017-11-15 15:31:39.787 [http-apr-8080-exec-5] INFO  com.ray.weixin.gz.util.AuthHelper - timeStamp:1510731099
2017-11-15 15:31:39.787 [http-apr-8080-exec-5] INFO  com.ray.weixin.gz.util.AuthHelper - signedUrl:http://rayner.nat300.top/weixin_gz/showInvoice.jsp
2017-11-15 15:31:39.787 [http-apr-8080-exec-5] INFO  com.ray.weixin.gz.util.AuthHelper - signature:ca55748499847ed3b9391c2826ede7bd7feee3a3
2017-11-15 15:31:39.787 [http-apr-8080-exec-5] INFO  com.ray.weixin.gz.util.AuthHelper - appId:wx07c4d9d0895fe212
2017-11-15 15:31:39.787 [http-apr-8080-exec-5] INFO  com.ray.weixin.gz.util.AuthHelper - configValue:{signature:'ca55748499847ed3b9391c2826ede7bd7feee3a3',nonceStr:'a748047b-ace2-4765-8824-089a90940038',timeStamp:'1510731099',appId:'wx07c4d9d0895fe212'}
2017-11-15 15:31:39.889 [http-apr-8080-exec-5] INFO  com.ray.weixin.gz.util.AuthHelper - jsonObject:{"access_token":"7V1SkJ796hbL5zYQw1X1_xG-PhMh6z7mYBHE11TRXcmMHZ-iUAFgXae_0YQaOIjiCXmhTDqsd7KO1UQNyZzg40JMTZtiBle2-Z3u0aTaFp-Ca1yVaAblQB9BqGVb9NRrGLCbAHAZEV","expires_in":7200}
2017-11-15 15:31:39.977 [http-apr-8080-exec-5] INFO  com.ray.weixin.gz.service.invoice.InvoiceService - jsonObject:{"errcode":0,"ticket":"9KwiourQPRN3vx3Nn1c_iXCh-5F7rD5UiR6FRkNziS3cx4b8Yjpce58MCsslS5Cu43H8pvgbGMFfDvtxfdImxg","errmsg":"ok","expires_in":7200}
2017-11-15 15:31:39.978 [http-apr-8080-exec-5] INFO  com.ray.weixin.gz.util.AuthHelper - apiTicket:9KwiourQPRN3vx3Nn1c_iXCh-5F7rD5UiR6FRkNziS3cx4b8Yjpce58MCsslS5Cu43H8pvgbGMFfDvtxfdImxg
2017-11-15 15:31:39.979 [http-apr-8080-exec-5] INFO  com.ray.weixin.gz.util.AuthHelper - appId:wx07c4d9d0895fe212
2017-11-15 15:31:39.979 [http-apr-8080-exec-5] INFO  com.ray.weixin.gz.util.AuthHelper - timeStamp:1510731099
2017-11-15 15:31:39.979 [http-apr-8080-exec-5] INFO  com.ray.weixin.gz.util.AuthHelper - nonceStr:2099eca4-179a-4fdf-94bb-e75eff91d405
2017-11-15 15:31:39.979 [http-apr-8080-exec-5] INFO  com.ray.weixin.gz.util.AuthHelper - cardType:INVOICE
2017-11-15 15:31:39.980 [http-apr-8080-exec-5] INFO  com.ray.weixin.gz.util.AuthHelper - cardSign:aa1f2cd49c514fedf18a93a0d4e8da9e4c3dd0e1
2017-11-15 15:31:39.980 [http-apr-8080-exec-5] INFO  com.ray.weixin.gz.util.AuthHelper - signType:SHA1
2017-11-15 15:31:39.980 [http-apr-8080-exec-5] INFO  com.ray.weixin.gz.util.AuthHelper - configValue:{"signType":"SHA1","cardSign":"aa1f2cd49c514fedf18a93a0d4e8da9e4c3dd0e1","nonceStr":"2099eca4-179a-4fdf-94bb-e75eff91d405","timestamp":"1510731099"}
