2017-11-09 10:17:00.221 [http-apr-8080-exec-8] INFO  com.ray.weixin.qy.controller.WeiXinServlet - post--------------
2017-11-09 10:17:00.233 [http-apr-8080-exec-8] INFO  com.ray.weixin.qy.service.message.reply.ReplyMessageService - parms:{"msg_signature":["ef025aeacbde2efd4d7f5363e84da855d7f15149"],"timestamp":["1510193819"],"nonce":["1817524885"]}
2017-11-09 10:17:00.234 [http-apr-8080-exec-8] INFO  com.ray.weixin.qy.service.message.reply.ReplyMessageService - postData:<xml><ToUserName><![CDATA[ww92f5da92bb24696e]]></ToUserName><Encrypt><![CDATA[dGmidy9OdsF83fq14ExUkYj0PlXn0cdEvYodMGs1zIGc/BJBO6C+L+U5xs36c0p/Hdg1NW6rkByCiWMiP7X94z0JIKVpmWzDGV+wXuIsK3PvhmtNBTkDAzoo+lQA2BVPXXhxw42+rYnEML+H5XAAHzaYbIz2sz6UmCWs704I3T5u73Qi1SqsgRHVKM5pLGhCO/cscoKoFU3RDH8p5OPJ1Q7KpiatvoahziCXhCukNfEulGtMkRYxyhjJifQjeC8YgJiyLFBASzLKNnoYRwkQ79+0z5nlHjn9W+LnSjk5Rruurv2NzWpSUkX2YLSIhCSgHEtNz5tMv1ZI0+y6tDPVPvn/1Ed06VuBWL9kH7yLCOxdBNBCvxoXlzi1kVBH8IOnQzV3/hkmn2jRnz2ZCOsg+NGeoz7llzIAiH0d49dHrpbKqPZAGdD+Bvh8+kVv9n0sYyRo3nEpsW0/RwloxuUymXoSdKzuD2Mgpn0FR3mnx0VPsmn6pzorTyqCxaFgWzMh]]></Encrypt><AgentID><![CDATA[1000002]]></AgentID></xml>
2017-11-09 10:17:00.236 [http-apr-8080-exec-8] INFO  com.ray.weixin.qy.service.message.reply.ReplyMessageService - reply_xmlMsg:<xml><ToUserName><![CDATA[ww92f5da92bb24696e]]></ToUserName><FromUserName><![CDATA[ShiRui]]></FromUserName><CreateTime>1510193819</CreateTime><MsgType><![CDATA[event]]></MsgType><AgentID>1000002</AgentID><Event><![CDATA[LOCATION]]></Event><Latitude>31.1676</Latitude><Longitude>121.156</Longitude><Precision>15</Precision></xml>
2017-11-09 10:17:00.237 [http-apr-8080-exec-8] INFO  com.ray.weixin.qy.service.message.reply.ReplyMessageService - fromUserName:ShiRui
2017-11-09 10:17:00.238 [http-apr-8080-exec-8] INFO  com.ray.weixin.qy.service.message.reply.ReplyMessageService - toUserName:ww92f5da92bb24696e
2017-11-09 10:17:00.238 [http-apr-8080-exec-8] INFO  com.ray.weixin.qy.service.message.reply.ReplyMessageService - msgType:event
2017-11-09 10:17:00.238 [http-apr-8080-exec-8] INFO  com.ray.weixin.qy.service.message.reply.ReplyMessageService - Event:LOCATION  eventKey:null
2017-11-09 10:17:11.139 [http-apr-8080-exec-2] INFO  com.ray.weixin.qy.controller.WeiXinServlet - post--------------
2017-11-09 10:17:11.140 [http-apr-8080-exec-2] INFO  com.ray.weixin.qy.service.message.reply.ReplyMessageService - parms:{"msg_signature":["a51a67cf1ac08f2654320e987530783fedc1e41d"],"timestamp":["1510193830"],"nonce":["1689810023"]}
2017-11-09 10:17:11.140 [http-apr-8080-exec-2] INFO  com.ray.weixin.qy.service.message.reply.ReplyMessageService - postData:<xml><ToUserName><![CDATA[ww92f5da92bb24696e]]></ToUserName><Encrypt><![CDATA[7Q4icfnfJp9BbMbvW6BEs5tNgmFv4V37TL9IbrxoPxLAp/J7zl+iVVNIZur8+d+dLhGVhFpJ8p0foEVM1CtziLTEzLn/Sg6L3rvdNRH0Ge1xkw0XxyQEs/RLsLIvPrnqHVoAurew0igQjtfIqeaJVqzhStvKjbJvAqL8Z5zBOggpArmCYMeZjHPXr6XF6lDAWm2qDE9RCWyQx2UemObcFk7ID+wjG04K9u0PJ6GZtdY57qXsAZ0wskOp5IDATl142V4tcpWIi5UQdIfEwZcXb5aKJSvKhdGpYwD/dVFV5JP9QzeitK+CWixolem/X/Nw7zQsWsrbkVjXQw/A4Gp3D0nGYz+qrYuN3Nwu3cwGTtLVA9yli6fyFopqxMmaJIT2HRj8cD+fD+Ru37+dlcDu8CoPs4hutv4KdFMYWaidFgU3zKuS+ZW+/BVo9sw660XvSJONMqSSm6e5hxMM8+emeSNDZnJrkf4niWm91hy1v7Bl/oGl6sxvf0YCHEjl8lGV]]></Encrypt><AgentID><![CDATA[1000002]]></AgentID></xml>
2017-11-09 10:17:11.143 [http-apr-8080-exec-2] INFO  com.ray.weixin.qy.service.message.reply.ReplyMessageService - reply_xmlMsg:<xml><ToUserName><![CDATA[ww92f5da92bb24696e]]></ToUserName><FromUserName><![CDATA[ShiRui]]></FromUserName><CreateTime>1510193830</CreateTime><MsgType><![CDATA[event]]></MsgType><AgentID>1000002</AgentID><Event><![CDATA[LOCATION]]></Event><Latitude>31.1676</Latitude><Longitude>121.156</Longitude><Precision>15</Precision></xml>
2017-11-09 10:17:11.146 [http-apr-8080-exec-2] INFO  com.ray.weixin.qy.service.message.reply.ReplyMessageService - fromUserName:ShiRui
2017-11-09 10:17:11.147 [http-apr-8080-exec-2] INFO  com.ray.weixin.qy.service.message.reply.ReplyMessageService - toUserName:ww92f5da92bb24696e
2017-11-09 10:17:11.147 [http-apr-8080-exec-2] INFO  com.ray.weixin.qy.service.message.reply.ReplyMessageService - msgType:event
2017-11-09 10:17:11.147 [http-apr-8080-exec-2] INFO  com.ray.weixin.qy.service.message.reply.ReplyMessageService - Event:LOCATION  eventKey:null
2017-11-09 10:17:31.109 [http-apr-8080-exec-3] INFO  com.ray.weixin.qy.controller.WeiXinServlet - post--------------
2017-11-09 10:17:31.109 [http-apr-8080-exec-3] INFO  com.ray.weixin.qy.service.message.reply.ReplyMessageService - parms:{"msg_signature":["e6d069932b177ecefa88ee5d4d8c4b26aec4c0b5"],"timestamp":["1510193850"],"nonce":["1709764293"]}
2017-11-09 10:17:31.109 [http-apr-8080-exec-3] INFO  com.ray.weixin.qy.service.message.reply.ReplyMessageService - postData:<xml><ToUserName><![CDATA[ww92f5da92bb24696e]]></ToUserName><Encrypt><![CDATA[rRVEr3e0I6NZWHJV4JCaoOuWlESFEq6F1RyhYqLJChkMwul37Pn8we8zMMtuIVEMZyi8uWD4OQXZ0Ah844MpYk1ZkKTLODaXzHZli+LUEcsyMZzh/kRuXz/+sd5iv9k21no9Pqw9J3o0LGyxBW2YjbBceFblBeoJesW8v4xvsmVyBcZf9Q0Z9lRrHJrGxQzz3XFMgj4z6NWUnXgvajuCK6+h8gakNjXs4t5IBHG4fK01xyfnrw41cA4xgZ4h+NMNWYQ4++oYrA55zFHS+meacAO90l9IJhf++dk8mygeN1jOR61+4YQ75ZOBtQs8qB0LCo1C1jXyLHgC3ESCicngfRwdVRfn9qOWR6BGYraMEunJ3wVIBRHd40ORl+0DNEEG5hVyY3jOyHRYTiWk3xsfbXJyc1ISdcrNfp1fikBZLdybpmigi2lLahj0SLx8LXAK17RDgaz6ftJd+6Z0AuidWpnpNe1QwwpkXCbWvmURs6U/Awsx8GDMeiuXkrAT7ByD]]></Encrypt><AgentID><![CDATA[1000002]]></AgentID></xml>
2017-11-09 10:17:31.110 [http-apr-8080-exec-3] INFO  com.ray.weixin.qy.service.message.reply.ReplyMessageService - reply_xmlMsg:<xml><ToUserName><![CDATA[ww92f5da92bb24696e]]></ToUserName><FromUserName><![CDATA[ShiRui]]></FromUserName><CreateTime>1510193850</CreateTime><MsgType><![CDATA[event]]></MsgType><AgentID>1000002</AgentID><Event><![CDATA[LOCATION]]></Event><Latitude>31.1676</Latitude><Longitude>121.156</Longitude><Precision>15</Precision></xml>
2017-11-09 10:17:31.111 [http-apr-8080-exec-3] INFO  com.ray.weixin.qy.service.message.reply.ReplyMessageService - fromUserName:ShiRui
2017-11-09 10:17:31.111 [http-apr-8080-exec-3] INFO  com.ray.weixin.qy.service.message.reply.ReplyMessageService - toUserName:ww92f5da92bb24696e
2017-11-09 10:17:31.111 [http-apr-8080-exec-3] INFO  com.ray.weixin.qy.service.message.reply.ReplyMessageService - msgType:event
2017-11-09 10:17:31.111 [http-apr-8080-exec-3] INFO  com.ray.weixin.qy.service.message.reply.ReplyMessageService - Event:LOCATION  eventKey:null
2017-11-09 10:17:50.330 [http-apr-8080-exec-7] INFO  com.ray.weixin.qy.controller.WeiXinServlet - post--------------
2017-11-09 10:17:50.331 [http-apr-8080-exec-7] INFO  com.ray.weixin.qy.service.message.reply.ReplyMessageService - parms:{"msg_signature":["00abfad5e7039bf22f0ab50c7b51f5c98920ec20"],"timestamp":["1510193869"],"nonce":["1810971074"]}
2017-11-09 10:17:50.331 [http-apr-8080-exec-7] INFO  com.ray.weixin.qy.service.message.reply.ReplyMessageService - postData:<xml><ToUserName><![CDATA[ww92f5da92bb24696e]]></ToUserName><Encrypt><![CDATA[oDXSQWEl1roj8paSsNRJVTqOOz0mJ8QU5i4nfXfr5FYYobXHjp4OYvEl7fXv28EGMH7F6WtwPxJw4KvVU/EA7FZlH8fN+uoEkM3tz6WEop8aHibUW5wJKAXSq06FK8cGOBmNvMqS/zyqC5W0vh511mQ5RFRfRwoD8yxZbEzb5QpHWH6KNWgJZcPVqSZjNk5G/9ldlFuwZmClsB/nFh2d69HgmIlwB/cxaf8DqwXhDRB9Y/XTdTerWrzicJkUMNQyLpNGC3gB+enjtvDLgTzMuKXfCDzwS0iA3H1+Rp7kGWsziXdS2f91rin31jW8eXRyhCMsGEAgzIO17E+WMYvGek1+U5WmSSBNHuIE41lZgIx+c4hj7234UQMa8IT8LsmVOfyu4TiS3GnGsugmDOiODRDCNLdljsQz3exMXXPY+zf/bzM4H0hs/jlSVsqJP0K4sxsSX9WSiIbNWqUEcqjaOwOQFT6DHlH6OkXqcCpsA6w0GCuLkAO9OXLhRn37/pG/]]></Encrypt><AgentID><![CDATA[1000002]]></AgentID></xml>
2017-11-09 10:17:50.335 [http-apr-8080-exec-7] INFO  com.ray.weixin.qy.service.message.reply.ReplyMessageService - reply_xmlMsg:<xml><ToUserName><![CDATA[ww92f5da92bb24696e]]></ToUserName><FromUserName><![CDATA[ShiRui]]></FromUserName><CreateTime>1510193869</CreateTime><MsgType><![CDATA[event]]></MsgType><AgentID>1000002</AgentID><Event><![CDATA[LOCATION]]></Event><Latitude>31.1676</Latitude><Longitude>121.156</Longitude><Precision>15</Precision></xml>
2017-11-09 10:17:50.338 [http-apr-8080-exec-7] INFO  com.ray.weixin.qy.service.message.reply.ReplyMessageService - fromUserName:ShiRui
2017-11-09 10:17:50.338 [http-apr-8080-exec-7] INFO  com.ray.weixin.qy.service.message.reply.ReplyMessageService - toUserName:ww92f5da92bb24696e
2017-11-09 10:17:50.339 [http-apr-8080-exec-7] INFO  com.ray.weixin.qy.service.message.reply.ReplyMessageService - msgType:event
2017-11-09 10:17:50.339 [http-apr-8080-exec-7] INFO  com.ray.weixin.qy.service.message.reply.ReplyMessageService - Event:LOCATION  eventKey:null
