2017-11-09 10:12:03.602 [http-apr-8080-exec-7] INFO  com.ray.weixin.qy.controller.WeiXinServlet - post--------------
2017-11-09 10:12:03.606 [http-apr-8080-exec-7] INFO  com.ray.weixin.qy.service.message.reply.ReplyMessageService - parms:{"msg_signature":["26a48d4d3c529dcf0c394aeead8fa8590b581d5d"],"timestamp":["1510193523"],"nonce":["2053749166"]}
2017-11-09 10:12:03.606 [http-apr-8080-exec-7] INFO  com.ray.weixin.qy.service.message.reply.ReplyMessageService - postData:<xml><ToUserName><![CDATA[ww92f5da92bb24696e]]></ToUserName><Encrypt><![CDATA[6mk+wKmS0SpRKxLPx2FKsX8/oGj7VkorLGNthcoBiqc3/HgCKqLyg5GJ/A3XEOsjLc1sF2CwRb0Bin1WrIBn1Rg+yIqXBAI+5rGT4YLAYRCso+sCmVyr08iee9yCYMN0fJg3pM46xX+LcW5dhsKioYY9ZYDacp9SJecsdynnLAcVU9gQJS5MhQqNev9IRrRR5biwBrNfv3ZyK7sNs8Ju/JAKouMNMLY5OU+U471GaLnMKkmqZ6iprE9sWdL2Ken00j/6/6xAU1p+9eIatgXAFuOp6n1gWe4pvQqomstMU9t6oSa+Nr8M1oP0ASoMBgd6Zr0pGAFtBJ7PlVo+zMVhlMu2+9qOVsTrmuVRC4PTTblMzBDDQhdVXn1MKZK9BJvErMR6Czw3pdORmSWbdxYpRoH5CFoGAnNpfafjsZu1x7AGUI3tNH0acbz8QVjzTCp02rgWB6dd3r20ERb3ema0RunXdotjv2UOsyLCSGFpSmCTxJINtGF2JIbQll5QoDsh]]></Encrypt><AgentID><![CDATA[1000002]]></AgentID></xml>
2017-11-09 10:12:03.607 [http-apr-8080-exec-7] INFO  com.ray.weixin.qy.service.message.reply.ReplyMessageService - reply_xmlMsg:<xml><ToUserName><![CDATA[ww92f5da92bb24696e]]></ToUserName><FromUserName><![CDATA[ShiRui]]></FromUserName><CreateTime>1510193523</CreateTime><MsgType><![CDATA[event]]></MsgType><AgentID>1000002</AgentID><Event><![CDATA[LOCATION]]></Event><Latitude>31.1676</Latitude><Longitude>121.156</Longitude><Precision>15</Precision></xml>
2017-11-09 10:12:03.608 [http-apr-8080-exec-7] INFO  com.ray.weixin.qy.service.message.reply.ReplyMessageService - fromUserName:ShiRui
2017-11-09 10:12:03.608 [http-apr-8080-exec-7] INFO  com.ray.weixin.qy.service.message.reply.ReplyMessageService - toUserName:ww92f5da92bb24696e
2017-11-09 10:12:03.608 [http-apr-8080-exec-7] INFO  com.ray.weixin.qy.service.message.reply.ReplyMessageService - msgType:event
2017-11-09 10:12:03.608 [http-apr-8080-exec-7] INFO  com.ray.weixin.qy.service.message.reply.ReplyMessageService - Event:LOCATION  eventKey:null
2017-11-09 10:12:17.648 [http-apr-8080-exec-8] INFO  com.ray.weixin.qy.controller.WeiXinServlet - post--------------
2017-11-09 10:12:17.648 [http-apr-8080-exec-8] INFO  com.ray.weixin.qy.service.message.reply.ReplyMessageService - parms:{"msg_signature":["a17505404d34f5cdc453e745cd7d8c6069da5290"],"timestamp":["1510193537"],"nonce":["1537339897"]}
2017-11-09 10:12:17.648 [http-apr-8080-exec-8] INFO  com.ray.weixin.qy.service.message.reply.ReplyMessageService - postData:<xml><ToUserName><![CDATA[ww92f5da92bb24696e]]></ToUserName><Encrypt><![CDATA[zb/j6j3GUIIaHG4xc64bhq9JOSRltpSe/Gqqs1LeN77oA1BIA4rxDHKPNRcorBQi6wSx4czJBa+Ho80FKe+pbg02FT/rk4AOvkow6VzHsb5wvsa8bfXluNR68RQbkH74yKfaz+cm9jnz+yziJW7FW7eNY1+FCC5jGGbAD6nj2mlR7jlZzy1Fyq+pJh3SXxh11EYxjZjmvDOdatmd5lTThr1NRl9qZ+6O2Ejqkm1UUsB44iquapce32Hc497yOHMb4g1/lxkIK9bpbOQTpSPmh7yD0b65yTmphLzSz/Uugx23LebhmJXu0TemwHJjAG6tkp4ZpDkcTZ3YjF3tYkWmW54vDHuB+apoueHVEt4NXqnkBFKBrPtY4+1JKfZ86p65q40dlIIK415JqZQ5lPOTDnTgL5Ox8IcXoMDWhBuwIHut6YXZWHJAK5avsjoNRFS2ul4df0+EbeQTGxF2ke9zTC5SNUchBZTjjLH/qwBUVs4PIkZxNyErzszNSJhTDKtD]]></Encrypt><AgentID><![CDATA[1000002]]></AgentID></xml>
2017-11-09 10:12:17.651 [http-apr-8080-exec-8] INFO  com.ray.weixin.qy.service.message.reply.ReplyMessageService - reply_xmlMsg:<xml><ToUserName><![CDATA[ww92f5da92bb24696e]]></ToUserName><FromUserName><![CDATA[ShiRui]]></FromUserName><CreateTime>1510193537</CreateTime><MsgType><![CDATA[event]]></MsgType><AgentID>1000002</AgentID><Event><![CDATA[LOCATION]]></Event><Latitude>31.1676</Latitude><Longitude>121.156</Longitude><Precision>15</Precision></xml>
2017-11-09 10:12:17.653 [http-apr-8080-exec-8] INFO  com.ray.weixin.qy.service.message.reply.ReplyMessageService - fromUserName:ShiRui
2017-11-09 10:12:17.653 [http-apr-8080-exec-8] INFO  com.ray.weixin.qy.service.message.reply.ReplyMessageService - toUserName:ww92f5da92bb24696e
2017-11-09 10:12:17.653 [http-apr-8080-exec-8] INFO  com.ray.weixin.qy.service.message.reply.ReplyMessageService - msgType:event
2017-11-09 10:12:17.653 [http-apr-8080-exec-8] INFO  com.ray.weixin.qy.service.message.reply.ReplyMessageService - Event:LOCATION  eventKey:null
2017-11-09 10:12:30.565 [http-apr-8080-exec-1] INFO  com.ray.weixin.qy.controller.WeiXinServlet - post--------------
2017-11-09 10:12:30.565 [http-apr-8080-exec-1] INFO  com.ray.weixin.qy.service.message.reply.ReplyMessageService - parms:{"msg_signature":["190c358cf79d034ffb060b345ec57c4606453baf"],"timestamp":["1510193550"],"nonce":["985594739"]}
2017-11-09 10:12:30.565 [http-apr-8080-exec-1] INFO  com.ray.weixin.qy.service.message.reply.ReplyMessageService - postData:<xml><ToUserName><![CDATA[ww92f5da92bb24696e]]></ToUserName><Encrypt><![CDATA[CtyI3O8Ypv3e6hLFe25D675jqpddyo7zxypt7vcWJwkCM5cDfK9zy5JScHolhPJE8JBbpw+wk9Gdr3mPdAfs7LDM4ubK4TgdZ/c5mZnHBbEpCFz2mjUMYfw0GcH/0wkSkR6Z+8ZzpbX0Cz2lx7yQJqr8uSgfze9U6AHNs24ZccwiP3wpOuaC4ij1UKB2xHx1AtjcicFMEEcYh0ebe8Q1wFoan5dZ4FsGtNJxrdyguP/ganyPAwnDMwQiN0xvOsZ2hHoMYqgF37fpvl2aFLZBEucBxkpyVUrdDbFp/+wcrSyRGcyr0cmpblZY7KxNoU1l8x8K0O750wsVsEgga5NnkSIL2Lpl1Ko5n9k0SPxyLlI70mXHc+wUu6L2sQ4pmyQ9r9fm96b1zNvZCtBMnlR1KEI4j6E+Cl0ZZw+3Ao80zvXkppiq+3KPuSM5wOgpd8OAI4ZpQF16KtPS+3ocXi3CbL/T0+ZsXVk4K44ldjlq3WuqeTkS2Cs26fI86qdC/oHZ]]></Encrypt><AgentID><![CDATA[1000002]]></AgentID></xml>
2017-11-09 10:12:30.566 [http-apr-8080-exec-1] INFO  com.ray.weixin.qy.service.message.reply.ReplyMessageService - reply_xmlMsg:<xml><ToUserName><![CDATA[ww92f5da92bb24696e]]></ToUserName><FromUserName><![CDATA[ShiRui]]></FromUserName><CreateTime>1510193550</CreateTime><MsgType><![CDATA[event]]></MsgType><AgentID>1000002</AgentID><Event><![CDATA[LOCATION]]></Event><Latitude>31.1676</Latitude><Longitude>121.156</Longitude><Precision>15</Precision></xml>
2017-11-09 10:12:30.567 [http-apr-8080-exec-1] INFO  com.ray.weixin.qy.service.message.reply.ReplyMessageService - fromUserName:ShiRui
2017-11-09 10:12:30.567 [http-apr-8080-exec-1] INFO  com.ray.weixin.qy.service.message.reply.ReplyMessageService - toUserName:ww92f5da92bb24696e
2017-11-09 10:12:30.567 [http-apr-8080-exec-1] INFO  com.ray.weixin.qy.service.message.reply.ReplyMessageService - msgType:event
2017-11-09 10:12:30.567 [http-apr-8080-exec-1] INFO  com.ray.weixin.qy.service.message.reply.ReplyMessageService - Event:LOCATION  eventKey:null
2017-11-09 10:12:44.791 [http-apr-8080-exec-2] INFO  com.ray.weixin.qy.controller.WeiXinServlet - post--------------
2017-11-09 10:12:44.791 [http-apr-8080-exec-2] INFO  com.ray.weixin.qy.service.message.reply.ReplyMessageService - parms:{"msg_signature":["3808b21c81184184b9981b703fe386213d8e9300"],"timestamp":["1510193564"],"nonce":["170381842"]}
2017-11-09 10:12:44.792 [http-apr-8080-exec-2] INFO  com.ray.weixin.qy.service.message.reply.ReplyMessageService - postData:<xml><ToUserName><![CDATA[ww92f5da92bb24696e]]></ToUserName><Encrypt><![CDATA[nS2dbibpMppcNtdW/IBwrByZuBeaaDm2ZBU7GoCrWUSV/dwzUbviH5elIo2QI83YABMSjTUR3pAWUhN8dBH5vIpRtza03nGEcW6PKS7N5V0/LA65RHw519zvJZ5lvrOJ+qr7QDYMdZNxWIKmCkMhU6NujVAFMNC2fPY712UZ2R/C7uAE6O83cJDah2OFK0FDd+GdCxu1mEbyk3QHjcs7JqtUcvGtd4IgVaxHveOFPyfeca5bsOgk11hgC3QEnQJlyOv70a/tLTrM/F+moMDkweTlxq2Gwi1EPAV6zSp4GoZiS1rpT836OnWVd4kmOi89TH9n3Or4MCJvaBMTpEtBTlZZMExN4DUE3VBQjC0eEEp1nPfdlQ+uF7OJqrzPweIYA+16Ky6xHh4n3GvdDwkDadx2glg9es8u2yZpdHXbE48qYH7+TdQulBrvxxp9YaN04q2EmYTfJsID8CdiGeH9gJ+Y1Q9JlfHCu4lcr/YqoUO93yi9Csnsxu5NC+wTI7oo]]></Encrypt><AgentID><![CDATA[1000002]]></AgentID></xml>
2017-11-09 10:12:44.793 [http-apr-8080-exec-2] INFO  com.ray.weixin.qy.service.message.reply.ReplyMessageService - reply_xmlMsg:<xml><ToUserName><![CDATA[ww92f5da92bb24696e]]></ToUserName><FromUserName><![CDATA[ShiRui]]></FromUserName><CreateTime>1510193564</CreateTime><MsgType><![CDATA[event]]></MsgType><AgentID>1000002</AgentID><Event><![CDATA[LOCATION]]></Event><Latitude>31.1676</Latitude><Longitude>121.156</Longitude><Precision>15</Precision></xml>
2017-11-09 10:12:44.793 [http-apr-8080-exec-2] INFO  com.ray.weixin.qy.service.message.reply.ReplyMessageService - fromUserName:ShiRui
2017-11-09 10:12:44.794 [http-apr-8080-exec-2] INFO  com.ray.weixin.qy.service.message.reply.ReplyMessageService - toUserName:ww92f5da92bb24696e
2017-11-09 10:12:44.794 [http-apr-8080-exec-2] INFO  com.ray.weixin.qy.service.message.reply.ReplyMessageService - msgType:event
2017-11-09 10:12:44.794 [http-apr-8080-exec-2] INFO  com.ray.weixin.qy.service.message.reply.ReplyMessageService - Event:LOCATION  eventKey:null
2017-11-09 10:12:52.548 [http-apr-8080-exec-3] INFO  com.ray.weixin.qy.controller.WeiXinServlet - post--------------
2017-11-09 10:12:52.548 [http-apr-8080-exec-3] INFO  com.ray.weixin.qy.service.message.reply.ReplyMessageService - parms:{"msg_signature":["a52a1f1a9e75ad95d46ee207e60883ab63ee3776"],"timestamp":["1510193572"],"nonce":["1944920814"]}
2017-11-09 10:12:52.548 [http-apr-8080-exec-3] INFO  com.ray.weixin.qy.service.message.reply.ReplyMessageService - postData:<xml><ToUserName><![CDATA[ww92f5da92bb24696e]]></ToUserName><Encrypt><![CDATA[YVZYaKkohLMgj5EzEIOPk+gl1RqoYFgPeIQkxPwy1TvtAeUszn/ax8Avh3IsXTSVl5wflJPwJHDn71xrt/rkoSCCoPdXuAgiMJ+XEi7gSEU23uYSO7ZfevUDyBaEpwswye9ZSMi120JO1BRJWwi1l8V7YTY7vu0XVpsM7FePv5EnV2txLmQk5s0rSnAxwCTtvyub3WGCR0MEdZ/uYPIGSdgOxZz06JDzqtvvqaTliOujzWrnU7IA34nEJVuNpTkcqGCG2UZTWQzEcFwJ+yZlYp3FMS3lD9bOCvVa2n8C64FCRzntjaRHf/BC7RgwFPSls+M4GQ41U3Cqdml7a86FuYevXlf0FVF+qCzqP2joqzNVxrACXk7602pKS+ZMdp6aZvhxZt7iauaaProfHzK1fIHF7uYpeV9bNSe5nOWiz3A/LxHh9T5FXUNJKO3nEuO/izBuOgD1e01MdPMOjnN8seCnxHTaBV+qPPfcRnlF09M0qZ4SG2LCMzgbUjf5v7Hd]]></Encrypt><AgentID><![CDATA[1000002]]></AgentID></xml>
2017-11-09 10:12:52.549 [http-apr-8080-exec-3] INFO  com.ray.weixin.qy.service.message.reply.ReplyMessageService - reply_xmlMsg:<xml><ToUserName><![CDATA[ww92f5da92bb24696e]]></ToUserName><FromUserName><![CDATA[ShiRui]]></FromUserName><CreateTime>1510193571</CreateTime><MsgType><![CDATA[event]]></MsgType><AgentID>1000002</AgentID><Event><![CDATA[LOCATION]]></Event><Latitude>31.1676</Latitude><Longitude>121.156</Longitude><Precision>15</Precision></xml>
2017-11-09 10:12:52.550 [http-apr-8080-exec-3] INFO  com.ray.weixin.qy.service.message.reply.ReplyMessageService - fromUserName:ShiRui
2017-11-09 10:12:52.550 [http-apr-8080-exec-3] INFO  com.ray.weixin.qy.service.message.reply.ReplyMessageService - toUserName:ww92f5da92bb24696e
2017-11-09 10:12:52.550 [http-apr-8080-exec-3] INFO  com.ray.weixin.qy.service.message.reply.ReplyMessageService - msgType:event
2017-11-09 10:12:52.550 [http-apr-8080-exec-3] INFO  com.ray.weixin.qy.service.message.reply.ReplyMessageService - Event:LOCATION  eventKey:null
