2017-11-15 17:24:02.478 [http-apr-8080-exec-1] INFO  com.ray.weixin.gz.util.AuthHelper - jsonObject:{"access_token":"S6OQ6Pmx1jPGuL52JdEJnyl2jXw4yhPGf6ggxUMz24Xs1r1yeLcMgSIlibb6hSLXV-g5VgNjNClOdb3Vlxfc4gYGirB_PwGeMDSESHUhPTKS722FrmZQpt9x_oMWYcWHRFYfAFAZNG","expires_in":7200}
2017-11-15 17:24:02.574 [http-apr-8080-exec-1] INFO  com.ray.weixin.gz.util.AuthHelper - jsonObject:{"errcode":0,"ticket":"HoagFKDcsGMVCIY2vOjf9mrEXbwXSbqpUm0898_LsZjrgUvXUmjZj1WFa7xD7-y9AQW9Hpa1_IwgC-BK5w_kpw","errmsg":"ok","expires_in":7200}
2017-11-15 17:24:02.575 [http-apr-8080-exec-1] INFO  com.ray.weixin.gz.util.AuthHelper - accessToken:S6OQ6Pmx1jPGuL52JdEJnyl2jXw4yhPGf6ggxUMz24Xs1r1yeLcMgSIlibb6hSLXV-g5VgNjNClOdb3Vlxfc4gYGirB_PwGeMDSESHUhPTKS722FrmZQpt9x_oMWYcWHRFYfAFAZNG
2017-11-15 17:24:02.577 [http-apr-8080-exec-1] INFO  com.ray.weixin.gz.util.AuthHelper - ticket:HoagFKDcsGMVCIY2vOjf9mrEXbwXSbqpUm0898_LsZjrgUvXUmjZj1WFa7xD7-y9AQW9Hpa1_IwgC-BK5w_kpw
2017-11-15 17:24:02.578 [http-apr-8080-exec-1] INFO  com.ray.weixin.gz.util.AuthHelper - nonceStr:dbacf106-95e7-4312-a26c-ae21edb0c604
2017-11-15 17:24:02.578 [http-apr-8080-exec-1] INFO  com.ray.weixin.gz.util.AuthHelper - timeStamp:1510737842
2017-11-15 17:24:02.578 [http-apr-8080-exec-1] INFO  com.ray.weixin.gz.util.AuthHelper - signedUrl:http://rayner.nat300.top/weixin_gz/showInvoice.jsp
2017-11-15 17:24:02.578 [http-apr-8080-exec-1] INFO  com.ray.weixin.gz.util.AuthHelper - signature:580a990c02686fe7403b151c1e4e8ac2ab43fabb
2017-11-15 17:24:02.578 [http-apr-8080-exec-1] INFO  com.ray.weixin.gz.util.AuthHelper - appId:wx07c4d9d0895fe212
2017-11-15 17:24:02.579 [http-apr-8080-exec-1] INFO  com.ray.weixin.gz.util.AuthHelper - configValue:{signature:'580a990c02686fe7403b151c1e4e8ac2ab43fabb',nonceStr:'dbacf106-95e7-4312-a26c-ae21edb0c604',timeStamp:'1510737842',appId:'wx07c4d9d0895fe212'}
2017-11-15 17:24:03.086 [http-apr-8080-exec-1] INFO  com.ray.weixin.gz.util.AuthHelper - jsonObject:{"access_token":"S6OQ6Pmx1jPGuL52JdEJnyl2jXw4yhPGf6ggxUMz24XD4-CUTeFwtEhkYZt-Ljob6-ZeBtuqv4D65dFCYP4PsbCzf5pJ2fEx1BwgTdcwgvasauko5DxQVld_LBOC2yiBXBPfAFAGKY","expires_in":7199}
2017-11-15 17:24:03.212 [http-apr-8080-exec-1] INFO  com.ray.weixin.gz.service.invoice.InvoiceService - jsonObject:{"errcode":0,"ticket":"9KwiourQPRN3vx3Nn1c_iXCh-5F7rD5UiR6FRkNziS1qBd3gAGN5S8BmdmsudJYYtP_uKP4Q2TgqHEb_CnvT9w","errmsg":"ok","expires_in":7200}
2017-11-15 17:24:03.213 [http-apr-8080-exec-1] INFO  com.ray.weixin.gz.util.AuthHelper - apiTicket:9KwiourQPRN3vx3Nn1c_iXCh-5F7rD5UiR6FRkNziS1qBd3gAGN5S8BmdmsudJYYtP_uKP4Q2TgqHEb_CnvT9w
2017-11-15 17:24:03.214 [http-apr-8080-exec-1] INFO  com.ray.weixin.gz.util.AuthHelper - appId:wx07c4d9d0895fe212
2017-11-15 17:24:03.214 [http-apr-8080-exec-1] INFO  com.ray.weixin.gz.util.AuthHelper - timeStamp:1510737843
2017-11-15 17:24:03.214 [http-apr-8080-exec-1] INFO  com.ray.weixin.gz.util.AuthHelper - nonceStr:437b8554-012d-4486-88db-79300c9d3de2
2017-11-15 17:24:03.214 [http-apr-8080-exec-1] INFO  com.ray.weixin.gz.util.AuthHelper - cardType:INVOICE
2017-11-15 17:24:03.214 [http-apr-8080-exec-1] INFO  com.ray.weixin.gz.util.AuthHelper - cardSign:93823a9e713089a0d87a8298844c7a30ff597f0a
2017-11-15 17:24:03.215 [http-apr-8080-exec-1] INFO  com.ray.weixin.gz.util.AuthHelper - signType:SHA1
2017-11-15 17:24:03.215 [http-apr-8080-exec-1] INFO  com.ray.weixin.gz.util.AuthHelper - configValue:{"signType":"SHA1","cardSign":"93823a9e713089a0d87a8298844c7a30ff597f0a","nonceStr":"437b8554-012d-4486-88db-79300c9d3de2","timestamp":"1510737843"}
