2017-11-15 17:30:36.108 [http-apr-8080-exec-5] INFO  com.ray.weixin.gz.util.AuthHelper - jsonObject:{"access_token":"1oSWHVafZfgyunxCQHjPihvtG4fqNDHLH5zb1vL_ZBonRyXuKnu3253PQyOSO1-baaQ6A2vUSK1iNlU4KFn62eYEMG3Y38BcAxXeryCirWyXMOykn7x9jvbL-S25uk8VWKHdAFAPDA","expires_in":7200}
2017-11-15 17:30:36.218 [http-apr-8080-exec-5] INFO  com.ray.weixin.gz.util.AuthHelper - jsonObject:{"errcode":0,"ticket":"HoagFKDcsGMVCIY2vOjf9mrEXbwXSbqpUm0898_LsZjrgUvXUmjZj1WFa7xD7-y9AQW9Hpa1_IwgC-BK5w_kpw","errmsg":"ok","expires_in":7200}
2017-11-15 17:30:36.220 [http-apr-8080-exec-5] INFO  com.ray.weixin.gz.util.AuthHelper - accessToken:1oSWHVafZfgyunxCQHjPihvtG4fqNDHLH5zb1vL_ZBonRyXuKnu3253PQyOSO1-baaQ6A2vUSK1iNlU4KFn62eYEMG3Y38BcAxXeryCirWyXMOykn7x9jvbL-S25uk8VWKHdAFAPDA
2017-11-15 17:30:36.222 [http-apr-8080-exec-5] INFO  com.ray.weixin.gz.util.AuthHelper - ticket:HoagFKDcsGMVCIY2vOjf9mrEXbwXSbqpUm0898_LsZjrgUvXUmjZj1WFa7xD7-y9AQW9Hpa1_IwgC-BK5w_kpw
2017-11-15 17:30:36.223 [http-apr-8080-exec-5] INFO  com.ray.weixin.gz.util.AuthHelper - nonceStr:97e8ec33-011f-4931-b51d-6b81f1daf475
2017-11-15 17:30:36.223 [http-apr-8080-exec-5] INFO  com.ray.weixin.gz.util.AuthHelper - timeStamp:1510738235
2017-11-15 17:30:36.223 [http-apr-8080-exec-5] INFO  com.ray.weixin.gz.util.AuthHelper - signedUrl:http://localhost:8080/weixin_gz/showInvoice.jsp
2017-11-15 17:30:36.223 [http-apr-8080-exec-5] INFO  com.ray.weixin.gz.util.AuthHelper - signature:684ded91da7c9d247477d882884b33630aa8dbb9
2017-11-15 17:30:36.224 [http-apr-8080-exec-5] INFO  com.ray.weixin.gz.util.AuthHelper - appId:wx07c4d9d0895fe212
2017-11-15 17:30:36.224 [http-apr-8080-exec-5] INFO  com.ray.weixin.gz.util.AuthHelper - configValue:{signature:'684ded91da7c9d247477d882884b33630aa8dbb9',nonceStr:'97e8ec33-011f-4931-b51d-6b81f1daf475',timeStamp:'1510738235',appId:'wx07c4d9d0895fe212'}
2017-11-15 17:30:36.325 [http-apr-8080-exec-5] INFO  com.ray.weixin.gz.util.AuthHelper - jsonObject:{"access_token":"1oSWHVafZfgyunxCQHjPihvtG4fqNDHLH5zb1vL_ZBq22NUR2rFzk6H5MLxpezdduKpz7G3Lix19i1qjScigenoetK05Rdf7kX-LH8AxXxR5k7wma2TlQYdZDjlB8WdBEOGdAFAKUM","expires_in":7199}
2017-11-15 17:30:36.442 [http-apr-8080-exec-5] INFO  com.ray.weixin.gz.service.invoice.InvoiceService - jsonObject:{"errcode":0,"ticket":"9KwiourQPRN3vx3Nn1c_iXCh-5F7rD5UiR6FRkNziS1qBd3gAGN5S8BmdmsudJYYtP_uKP4Q2TgqHEb_CnvT9w","errmsg":"ok","expires_in":7200}
2017-11-15 17:30:36.443 [http-apr-8080-exec-5] INFO  com.ray.weixin.gz.util.AuthHelper - apiTicket:9KwiourQPRN3vx3Nn1c_iXCh-5F7rD5UiR6FRkNziS1qBd3gAGN5S8BmdmsudJYYtP_uKP4Q2TgqHEb_CnvT9w
2017-11-15 17:30:36.443 [http-apr-8080-exec-5] INFO  com.ray.weixin.gz.util.AuthHelper - appId:wx07c4d9d0895fe212
2017-11-15 17:30:36.443 [http-apr-8080-exec-5] INFO  com.ray.weixin.gz.util.AuthHelper - timeStamp:1510738236
2017-11-15 17:30:36.443 [http-apr-8080-exec-5] INFO  com.ray.weixin.gz.util.AuthHelper - nonceStr:891ac931-3237-40cf-a54b-3e1e7c84f1d5
2017-11-15 17:30:36.443 [http-apr-8080-exec-5] INFO  com.ray.weixin.gz.util.AuthHelper - cardType:INVOICE
2017-11-15 17:30:36.444 [http-apr-8080-exec-5] INFO  com.ray.weixin.gz.util.AuthHelper - cardSign:3a9b0e25e5b4dc53d2e86435d35388b55845d2d3
2017-11-15 17:30:36.444 [http-apr-8080-exec-5] INFO  com.ray.weixin.gz.util.AuthHelper - signType:SHA1
2017-11-15 17:30:36.444 [http-apr-8080-exec-5] INFO  com.ray.weixin.gz.util.AuthHelper - configValue:{"signType":"SHA1","cardSign":"3a9b0e25e5b4dc53d2e86435d35388b55845d2d3","nonceStr":"891ac931-3237-40cf-a54b-3e1e7c84f1d5","timestamp":"1510738236"}
2017-11-15 17:30:58.280 [http-apr-8080-exec-10] INFO  com.ray.weixin.gz.util.AuthHelper - jsonObject:{"access_token":"Q104OPD0eQ7-g6lWp3hf8ilQUVks1cmaDa1R6jYKSuicT_dLgAR5mwPP9RyDX8omA6LHscsIA0vkqkTwTxsY4AknRjApmmbqPg4RYEgxZJNeRv_rCQvC9WLziXUG-EdMEZQgAAASNE","expires_in":7200}
2017-11-15 17:30:58.368 [http-apr-8080-exec-10] INFO  com.ray.weixin.gz.util.AuthHelper - jsonObject:{"errcode":0,"ticket":"HoagFKDcsGMVCIY2vOjf9mrEXbwXSbqpUm0898_LsZjrgUvXUmjZj1WFa7xD7-y9AQW9Hpa1_IwgC-BK5w_kpw","errmsg":"ok","expires_in":7200}
2017-11-15 17:30:58.369 [http-apr-8080-exec-10] INFO  com.ray.weixin.gz.util.AuthHelper - accessToken:Q104OPD0eQ7-g6lWp3hf8ilQUVks1cmaDa1R6jYKSuicT_dLgAR5mwPP9RyDX8omA6LHscsIA0vkqkTwTxsY4AknRjApmmbqPg4RYEgxZJNeRv_rCQvC9WLziXUG-EdMEZQgAAASNE
2017-11-15 17:30:58.369 [http-apr-8080-exec-10] INFO  com.ray.weixin.gz.util.AuthHelper - ticket:HoagFKDcsGMVCIY2vOjf9mrEXbwXSbqpUm0898_LsZjrgUvXUmjZj1WFa7xD7-y9AQW9Hpa1_IwgC-BK5w_kpw
2017-11-15 17:30:58.369 [http-apr-8080-exec-10] INFO  com.ray.weixin.gz.util.AuthHelper - nonceStr:47085058-8c12-4b0f-9339-51099d9ef9bf
2017-11-15 17:30:58.369 [http-apr-8080-exec-10] INFO  com.ray.weixin.gz.util.AuthHelper - timeStamp:1510738258
2017-11-15 17:30:58.369 [http-apr-8080-exec-10] INFO  com.ray.weixin.gz.util.AuthHelper - signedUrl:http://localhost:8080/weixin_gz/showInvoice.jsp
2017-11-15 17:30:58.370 [http-apr-8080-exec-10] INFO  com.ray.weixin.gz.util.AuthHelper - signature:28778069694ab0136c402cef2c8e6e1616ae137d
2017-11-15 17:30:58.370 [http-apr-8080-exec-10] INFO  com.ray.weixin.gz.util.AuthHelper - appId:wx07c4d9d0895fe212
2017-11-15 17:30:58.370 [http-apr-8080-exec-10] INFO  com.ray.weixin.gz.util.AuthHelper - configValue:{signature:'28778069694ab0136c402cef2c8e6e1616ae137d',nonceStr:'47085058-8c12-4b0f-9339-51099d9ef9bf',timeStamp:'1510738258',appId:'wx07c4d9d0895fe212'}
2017-11-15 17:30:58.479 [http-apr-8080-exec-10] INFO  com.ray.weixin.gz.util.AuthHelper - jsonObject:{"access_token":"Q104OPD0eQ7-g6lWp3hf8ilQUVks1cmaDa1R6jYKSuhWzPiJZDjdsPAGbeeVkiR1e_cn6XrK__KHlvLhSyWRYYielYQyAWXqpIsBCut_0xZycK1jJIAjn0qzwR07_3BgSFQgAAAZMX","expires_in":7200}
2017-11-15 17:30:58.577 [http-apr-8080-exec-10] INFO  com.ray.weixin.gz.service.invoice.InvoiceService - jsonObject:{"errcode":0,"ticket":"9KwiourQPRN3vx3Nn1c_iXCh-5F7rD5UiR6FRkNziS1qBd3gAGN5S8BmdmsudJYYtP_uKP4Q2TgqHEb_CnvT9w","errmsg":"ok","expires_in":7200}
2017-11-15 17:30:58.579 [http-apr-8080-exec-10] INFO  com.ray.weixin.gz.util.AuthHelper - apiTicket:9KwiourQPRN3vx3Nn1c_iXCh-5F7rD5UiR6FRkNziS1qBd3gAGN5S8BmdmsudJYYtP_uKP4Q2TgqHEb_CnvT9w
2017-11-15 17:30:58.580 [http-apr-8080-exec-10] INFO  com.ray.weixin.gz.util.AuthHelper - appId:wx07c4d9d0895fe212
2017-11-15 17:30:58.581 [http-apr-8080-exec-10] INFO  com.ray.weixin.gz.util.AuthHelper - timeStamp:1510738258
2017-11-15 17:30:58.581 [http-apr-8080-exec-10] INFO  com.ray.weixin.gz.util.AuthHelper - nonceStr:7449eb4c-e40f-4e11-8078-7b79c4344219
2017-11-15 17:30:58.582 [http-apr-8080-exec-10] INFO  com.ray.weixin.gz.util.AuthHelper - cardType:INVOICE
2017-11-15 17:30:58.582 [http-apr-8080-exec-10] INFO  com.ray.weixin.gz.util.AuthHelper - cardSign:dadd8de85ad8ab0da1658ae0715fe43f80978551
2017-11-15 17:30:58.583 [http-apr-8080-exec-10] INFO  com.ray.weixin.gz.util.AuthHelper - signType:SHA1
2017-11-15 17:30:58.584 [http-apr-8080-exec-10] INFO  com.ray.weixin.gz.util.AuthHelper - configValue:{"signType":"SHA1","cardSign":"dadd8de85ad8ab0da1658ae0715fe43f80978551","nonceStr":"7449eb4c-e40f-4e11-8078-7b79c4344219","timestamp":"1510738258"}
