2017-11-09 12:03:18.456 [http-apr-8080-exec-6] INFO  com.ray.weixin.qy.util.AuthHelper - jsonObject:{"errcode":0,"access_token":"HAXViOQY3DGAvBiBKjCsINmIRRUBT5qPdfoC4Z8571X1BUGBGeUR24SM9BJttafP4lMxb8DMjyyKPX0WO1az3mXgERblmFYc8l8o5qRwLhqXSTaQf4H5kiX5_IUQ5aEhzMVrHdHo71xR9DphzuJ-zUFPYWFBoF2UZ1VQVCmVzidT3HCqCocrpbksyJw4Kp2n9j-O6V7UVhewcXu4SXgRIg","errmsg":"ok","expires_in":7200}
2017-11-09 12:03:19.110 [http-apr-8080-exec-6] INFO  com.ray.weixin.qy.util.AuthHelper - jsonObject:{"errcode":0,"ticket":"kgt8ON7yVITDhtdwci0qebCLEfC_BfeygIq8cFPLbdbdgXAuwqW0TQb7lRnbFXxfHzevQQFSYr2oYlyC7L5k6Q","errmsg":"ok","expires_in":7200}
2017-11-09 12:03:19.110 [http-apr-8080-exec-6] INFO  com.ray.weixin.qy.util.AuthHelper - url:http://localhost:8080/weixin_qy/showInvoice.jsp
2017-11-09 12:03:19.111 [http-apr-8080-exec-6] INFO  com.ray.weixin.qy.util.AuthHelper - accessToken:HAXViOQY3DGAvBiBKjCsINmIRRUBT5qPdfoC4Z8571X1BUGBGeUR24SM9BJttafP4lMxb8DMjyyKPX0WO1az3mXgERblmFYc8l8o5qRwLhqXSTaQf4H5kiX5_IUQ5aEhzMVrHdHo71xR9DphzuJ-zUFPYWFBoF2UZ1VQVCmVzidT3HCqCocrpbksyJw4Kp2n9j-O6V7UVhewcXu4SXgRIg
2017-11-09 12:03:19.111 [http-apr-8080-exec-6] INFO  com.ray.weixin.qy.util.AuthHelper - jsapi_ticket:kgt8ON7yVITDhtdwci0qebCLEfC_BfeygIq8cFPLbdbdgXAuwqW0TQb7lRnbFXxfHzevQQFSYr2oYlyC7L5k6Q
2017-11-09 12:03:19.111 [http-apr-8080-exec-6] INFO  com.ray.weixin.qy.util.AuthHelper - appId:ww92f5da92bb24696e
2017-11-09 12:03:19.111 [http-apr-8080-exec-6] INFO  com.ray.weixin.qy.util.AuthHelper - timestamp:1510200197
2017-11-09 12:03:19.111 [http-apr-8080-exec-6] INFO  com.ray.weixin.qy.util.AuthHelper - nonceStr:97b20121-fbe3-44c2-909b-46b01ed6946d
2017-11-09 12:03:19.111 [http-apr-8080-exec-6] INFO  com.ray.weixin.qy.util.AuthHelper - signature:888a256b7ff866a5597ac69c04f889b95e5e6b77
2017-11-09 12:03:19.112 [http-apr-8080-exec-6] INFO  com.ray.weixin.qy.util.AuthHelper - configValue:{"signature":"888a256b7ff866a5597ac69c04f889b95e5e6b77","appId":"ww92f5da92bb24696e","nonceStr":"97b20121-fbe3-44c2-909b-46b01ed6946d","timestamp":"1510200197"}
2017-11-09 12:03:19.335 [http-apr-8080-exec-6] INFO  com.ray.weixin.qy.util.AuthHelper - jsonObject:{"errcode":0,"access_token":"HAXViOQY3DGAvBiBKjCsINmIRRUBT5qPdfoC4Z8571X1BUGBGeUR24SM9BJttafP4lMxb8DMjyyKPX0WO1az3mXgERblmFYc8l8o5qRwLhqXSTaQf4H5kiX5_IUQ5aEhzMVrHdHo71xR9DphzuJ-zUFPYWFBoF2UZ1VQVCmVzidT3HCqCocrpbksyJw4Kp2n9j-O6V7UVhewcXu4SXgRIg","errmsg":"ok","expires_in":7200}
2017-11-09 12:03:19.522 [http-apr-8080-exec-6] INFO  com.ray.weixin.qy.util.AuthHelper - jsonObject:{"errcode":0,"ticket":"IpK_1T69hDhZkLQTlwsAXwPIgjZ1z6yuhHmi_IRriCjAaETgX6hy8VSpS699Pn9oOWN_ZH-0gEG9SMnro7cJRg","group_id":"","errmsg":"ok","expires_in":7200}
2017-11-09 12:03:19.523 [http-apr-8080-exec-6] INFO  com.ray.weixin.qy.util.AuthHelper - apiTicket:IpK_1T69hDhZkLQTlwsAXwPIgjZ1z6yuhHmi_IRriCjAaETgX6hy8VSpS699Pn9oOWN_ZH-0gEG9SMnro7cJRg
2017-11-09 12:03:19.523 [http-apr-8080-exec-6] INFO  com.ray.weixin.qy.util.AuthHelper - appId:ww92f5da92bb24696e
2017-11-09 12:03:19.524 [http-apr-8080-exec-6] INFO  com.ray.weixin.qy.util.AuthHelper - timeStamp:1510200199
2017-11-09 12:03:19.524 [http-apr-8080-exec-6] INFO  com.ray.weixin.qy.util.AuthHelper - nonceStr:cc01ec06-12fc-41d9-9376-fccbe58fd316
2017-11-09 12:03:19.524 [http-apr-8080-exec-6] INFO  com.ray.weixin.qy.util.AuthHelper - cardType:INVOICE
2017-11-09 12:03:19.525 [http-apr-8080-exec-6] INFO  com.ray.weixin.qy.util.AuthHelper - cardSign:0308ea624da31ef350bf4e51f070a42edd6785ec
2017-11-09 12:03:19.525 [http-apr-8080-exec-6] INFO  com.ray.weixin.qy.util.AuthHelper - signType:SHA1
2017-11-09 12:03:19.525 [http-apr-8080-exec-6] INFO  com.ray.weixin.qy.util.AuthHelper - configValue:{"signType":"SHA1","cardSign":"0308ea624da31ef350bf4e51f070a42edd6785ec","nonceStr":"cc01ec06-12fc-41d9-9376-fccbe58fd316","timestamp":"1510200199"}
2017-11-09 12:03:28.716 [http-apr-8080-exec-9] INFO  com.ray.weixin.qy.controller.WeiXinServlet - post--------------
2017-11-09 12:03:28.742 [http-apr-8080-exec-9] INFO  com.ray.weixin.qy.service.message.reply.ReplyMessageService - parms:{"msg_signature":["42cbf52c3471fa38b591c5f9196e8d533d0d4204"],"timestamp":["1510200207"],"nonce":["1040124637"]}
2017-11-09 12:03:28.744 [http-apr-8080-exec-9] INFO  com.ray.weixin.qy.service.message.reply.ReplyMessageService - postData:<xml><ToUserName><![CDATA[ww92f5da92bb24696e]]></ToUserName><Encrypt><![CDATA[eiA7dELzjMQV1cWUzn7981bf22m5Rm1zPvg+5OV+qCBtXjnafF44B0tDVjV7GDwB3z6cRtXDgmw7D8m6UMSSy+D8IfxxtRpn9+Xm1ukJpYaylY2CyezGHLKE35Hi/KLv4h6uqSQW5MLD3v5XmptbaWQ7iRxfeQNzxIIDk59IhZYxp84J89mW89LJ/Ue9BM1GoWvrrF7h60RY/7cNlfVCzO7DUp0yEilXqaI6NBIBR90lQ3q65sQWl+2DjLpidbaBv1oPwZCE/tfl5f1GKf7tag1j4l23l/d5R42jAyuUz6PMYzYnkNdsp0fQ69+V0uhI59aRO5cqXkOURzCd6BRxDlgD+ynp4ASl8h+5Rj7qvdwgTaWOJbId5RYhQKY7pgXREcpc+UjSK4c1xuAJ7FR8zNsInbFhtBtO/qJxrlpxs8dyyam7iuFgabc0J+E+7IQdl1CNWTZwqP2KzFHRn3akiSPgcZVSUDTlTtkdsTLTcZ/+aOxjtflBe/CLlUZWp7sd]]></Encrypt><AgentID><![CDATA[1000002]]></AgentID></xml>
2017-11-09 12:03:28.779 [http-apr-8080-exec-9] INFO  com.ray.weixin.qy.service.message.reply.ReplyMessageService - reply_xmlMsg:<xml><ToUserName><![CDATA[ww92f5da92bb24696e]]></ToUserName><FromUserName><![CDATA[ShiRui]]></FromUserName><CreateTime>1510200207</CreateTime><MsgType><![CDATA[event]]></MsgType><AgentID>1000002</AgentID><Event><![CDATA[LOCATION]]></Event><Latitude>31.1676</Latitude><Longitude>121.156</Longitude><Precision>15</Precision></xml>
2017-11-09 12:03:29.005 [http-apr-8080-exec-9] INFO  com.ray.weixin.qy.service.message.reply.ReplyMessageService - fromUserName:ShiRui
2017-11-09 12:03:29.005 [http-apr-8080-exec-9] INFO  com.ray.weixin.qy.service.message.reply.ReplyMessageService - toUserName:ww92f5da92bb24696e
2017-11-09 12:03:29.006 [http-apr-8080-exec-9] INFO  com.ray.weixin.qy.service.message.reply.ReplyMessageService - msgType:event
2017-11-09 12:03:29.006 [http-apr-8080-exec-9] INFO  com.ray.weixin.qy.service.message.reply.ReplyMessageService - Event:LOCATION  eventKey:null
2017-11-09 12:03:29.460 [http-apr-8080-exec-3] INFO  com.ray.weixin.qy.controller.WeiXinServlet - post--------------
2017-11-09 12:03:29.461 [http-apr-8080-exec-3] INFO  com.ray.weixin.qy.service.message.reply.ReplyMessageService - parms:{"msg_signature":["4dc03f5c6ba429687dc03546431967a0fc374450"],"timestamp":["1510200208"],"nonce":["1237166847"]}
2017-11-09 12:03:29.461 [http-apr-8080-exec-3] INFO  com.ray.weixin.qy.service.message.reply.ReplyMessageService - postData:<xml><ToUserName><![CDATA[ww92f5da92bb24696e]]></ToUserName><Encrypt><![CDATA[NixvsYQDpuqA5ORlnB3VvRZELjhYTQocjaYh9rGUzW+uehz9IiNTpJzE0kxhA0IlARYrRwjgpO1YNJTXdfaK32NhezsWYErN0QpmhrI7ctahOWvWai3FZdp36Q+RVKy8sQqGoHV1sQy2zrwtDqUYu4yD2o6mdwvMf1ai9Dt1zySZRxDWM+uGUMv9YZ5KL07nxjiHLaU+lG/E+LR3kkRadgLD15Eq/F7hRFspT0nsN+UKG8JmBb0XPHETjq0XUYvEDd3E98CAj9c14+6aPvyTCByQTchkg1Wir7A6Ng/hEnRMQ8qZoTT+h6Zhr3l8/LyrD5Ztv7sRL3p2BdWebPTd2+6l6UNomQBSwXP7EJNxEajqGB/sYw+M/6iwoy1eOHO17RsRFqkgIcxotwcdF3qe7EJIqj56AuNFwGQsJJlm2wwADibF4Xkzn65GcNQxyzqjJ4/dTNgGoRlsCu6I02yoFYN0OOmmUWMlQDtSsIkqFQgtHNbuff/z4GGwu4dWCi+E]]></Encrypt><AgentID><![CDATA[1000002]]></AgentID></xml>
2017-11-09 12:03:29.463 [http-apr-8080-exec-3] INFO  com.ray.weixin.qy.service.message.reply.ReplyMessageService - reply_xmlMsg:<xml><ToUserName><![CDATA[ww92f5da92bb24696e]]></ToUserName><FromUserName><![CDATA[ShiRui]]></FromUserName><CreateTime>1510200208</CreateTime><MsgType><![CDATA[event]]></MsgType><AgentID>1000002</AgentID><Event><![CDATA[view]]></Event><EventKey><![CDATA[http://rayner.nat300.top/weixin_qy/showInvoice.jsp]]></EventKey></xml>
2017-11-09 12:03:29.464 [http-apr-8080-exec-3] INFO  com.ray.weixin.qy.service.message.reply.ReplyMessageService - fromUserName:ShiRui
2017-11-09 12:03:29.465 [http-apr-8080-exec-3] INFO  com.ray.weixin.qy.service.message.reply.ReplyMessageService - toUserName:ww92f5da92bb24696e
2017-11-09 12:03:29.465 [http-apr-8080-exec-3] INFO  com.ray.weixin.qy.service.message.reply.ReplyMessageService - msgType:event
2017-11-09 12:03:29.465 [http-apr-8080-exec-3] INFO  com.ray.weixin.qy.service.message.reply.ReplyMessageService - Event:view  eventKey:http://rayner.nat300.top/weixin_qy/showInvoice.jsp
2017-11-09 12:03:29.626 [http-apr-8080-exec-1] INFO  com.ray.weixin.qy.util.AuthHelper - jsonObject:{"errcode":0,"access_token":"HAXViOQY3DGAvBiBKjCsINmIRRUBT5qPdfoC4Z8571X1BUGBGeUR24SM9BJttafP4lMxb8DMjyyKPX0WO1az3mXgERblmFYc8l8o5qRwLhqXSTaQf4H5kiX5_IUQ5aEhzMVrHdHo71xR9DphzuJ-zUFPYWFBoF2UZ1VQVCmVzidT3HCqCocrpbksyJw4Kp2n9j-O6V7UVhewcXu4SXgRIg","errmsg":"ok","expires_in":7200}
2017-11-09 12:03:29.988 [http-apr-8080-exec-1] INFO  com.ray.weixin.qy.util.AuthHelper - jsonObject:{"errcode":0,"ticket":"kgt8ON7yVITDhtdwci0qebCLEfC_BfeygIq8cFPLbdbdgXAuwqW0TQb7lRnbFXxfHzevQQFSYr2oYlyC7L5k6Q","errmsg":"ok","expires_in":7200}
2017-11-09 12:03:29.989 [http-apr-8080-exec-1] INFO  com.ray.weixin.qy.util.AuthHelper - url:http://rayner.nat300.top/weixin_qy/showInvoice.jsp
2017-11-09 12:03:29.989 [http-apr-8080-exec-1] INFO  com.ray.weixin.qy.util.AuthHelper - accessToken:HAXViOQY3DGAvBiBKjCsINmIRRUBT5qPdfoC4Z8571X1BUGBGeUR24SM9BJttafP4lMxb8DMjyyKPX0WO1az3mXgERblmFYc8l8o5qRwLhqXSTaQf4H5kiX5_IUQ5aEhzMVrHdHo71xR9DphzuJ-zUFPYWFBoF2UZ1VQVCmVzidT3HCqCocrpbksyJw4Kp2n9j-O6V7UVhewcXu4SXgRIg
2017-11-09 12:03:29.989 [http-apr-8080-exec-1] INFO  com.ray.weixin.qy.util.AuthHelper - jsapi_ticket:kgt8ON7yVITDhtdwci0qebCLEfC_BfeygIq8cFPLbdbdgXAuwqW0TQb7lRnbFXxfHzevQQFSYr2oYlyC7L5k6Q
2017-11-09 12:03:29.989 [http-apr-8080-exec-1] INFO  com.ray.weixin.qy.util.AuthHelper - appId:ww92f5da92bb24696e
2017-11-09 12:03:29.989 [http-apr-8080-exec-1] INFO  com.ray.weixin.qy.util.AuthHelper - timestamp:1510200209
2017-11-09 12:03:29.990 [http-apr-8080-exec-1] INFO  com.ray.weixin.qy.util.AuthHelper - nonceStr:80d5c7f0-babf-45ca-9360-4c6688605a82
2017-11-09 12:03:29.990 [http-apr-8080-exec-1] INFO  com.ray.weixin.qy.util.AuthHelper - signature:734b4aa847492f8a644f50cc6589d4ab44cb6967
2017-11-09 12:03:29.990 [http-apr-8080-exec-1] INFO  com.ray.weixin.qy.util.AuthHelper - configValue:{"signature":"734b4aa847492f8a644f50cc6589d4ab44cb6967","appId":"ww92f5da92bb24696e","nonceStr":"80d5c7f0-babf-45ca-9360-4c6688605a82","timestamp":"1510200209"}
2017-11-09 12:03:30.213 [http-apr-8080-exec-1] INFO  com.ray.weixin.qy.util.AuthHelper - jsonObject:{"errcode":0,"access_token":"HAXViOQY3DGAvBiBKjCsINmIRRUBT5qPdfoC4Z8571X1BUGBGeUR24SM9BJttafP4lMxb8DMjyyKPX0WO1az3mXgERblmFYc8l8o5qRwLhqXSTaQf4H5kiX5_IUQ5aEhzMVrHdHo71xR9DphzuJ-zUFPYWFBoF2UZ1VQVCmVzidT3HCqCocrpbksyJw4Kp2n9j-O6V7UVhewcXu4SXgRIg","errmsg":"ok","expires_in":7200}
2017-11-09 12:03:30.425 [http-apr-8080-exec-1] INFO  com.ray.weixin.qy.util.AuthHelper - jsonObject:{"errcode":0,"ticket":"IpK_1T69hDhZkLQTlwsAXwPIgjZ1z6yuhHmi_IRriCjAaETgX6hy8VSpS699Pn9oOWN_ZH-0gEG9SMnro7cJRg","group_id":"","errmsg":"ok","expires_in":7200}
2017-11-09 12:03:30.426 [http-apr-8080-exec-1] INFO  com.ray.weixin.qy.util.AuthHelper - apiTicket:IpK_1T69hDhZkLQTlwsAXwPIgjZ1z6yuhHmi_IRriCjAaETgX6hy8VSpS699Pn9oOWN_ZH-0gEG9SMnro7cJRg
2017-11-09 12:03:30.426 [http-apr-8080-exec-1] INFO  com.ray.weixin.qy.util.AuthHelper - appId:ww92f5da92bb24696e
2017-11-09 12:03:30.426 [http-apr-8080-exec-1] INFO  com.ray.weixin.qy.util.AuthHelper - timeStamp:1510200210
2017-11-09 12:03:30.426 [http-apr-8080-exec-1] INFO  com.ray.weixin.qy.util.AuthHelper - nonceStr:57ef8736-31be-4785-85f5-9f687e0ddb89
2017-11-09 12:03:30.426 [http-apr-8080-exec-1] INFO  com.ray.weixin.qy.util.AuthHelper - cardType:INVOICE
2017-11-09 12:03:30.426 [http-apr-8080-exec-1] INFO  com.ray.weixin.qy.util.AuthHelper - cardSign:c72518c6d85b7e4c328fc9b1944185293f189936
2017-11-09 12:03:30.426 [http-apr-8080-exec-1] INFO  com.ray.weixin.qy.util.AuthHelper - signType:SHA1
2017-11-09 12:03:30.426 [http-apr-8080-exec-1] INFO  com.ray.weixin.qy.util.AuthHelper - configValue:{"signType":"SHA1","cardSign":"c72518c6d85b7e4c328fc9b1944185293f189936","nonceStr":"57ef8736-31be-4785-85f5-9f687e0ddb89","timestamp":"1510200210"}
2017-11-09 12:03:33.292 [http-apr-8080-exec-8] INFO  com.ray.weixin.qy.controller.WeiXinServlet - post--------------
2017-11-09 12:03:33.293 [http-apr-8080-exec-8] INFO  com.ray.weixin.qy.service.message.reply.ReplyMessageService - parms:{"msg_signature":["cb7b69dcce17676111d3a2832bd3357610cf2842"],"timestamp":["1510200212"],"nonce":["1671363905"]}
2017-11-09 12:03:33.293 [http-apr-8080-exec-8] INFO  com.ray.weixin.qy.service.message.reply.ReplyMessageService - postData:<xml><ToUserName><![CDATA[ww92f5da92bb24696e]]></ToUserName><Encrypt><![CDATA[69BZ8/tWZ9p5qdbZ5I+78FypzURY899AtUIISpoR1EMRil1VrVOwihTM/UA5g8eLNwXZWVvzY8Dmdvuvxm7wDOZqz7fv1qyjKa9CKsst+9StWS/yqpO+6jXggPrBXghUand8cLg769TELjcMIoJM3QD5YhuyHESnXVNb/rxyLGFAQroHbMznacNXqrX03OGnUili2rs+yFU4+uq4EU/Lrx0kqljEfqmOiVV0XLhChD+mr8EmxpqKy6oni1aEBLqlH0WC6BLzw/jSTYJXAKikkoTt+lJA/iTyTJZNU0RtacnQHPIMyHYfQ2sFCjFE+OSX1z8V1ZBjT5P9WWtEyTOdNSMtwyqQSeajoXncUvyUtdU0CymrbHcr2mAdDf/pC4yNzjyF/ina0QHPsUtT4OwmI51rdA+nmYrElMXKMh0AA/qw5zNOX7+tocO6N3vrJGmqawSNlWPRxJn1b/SCD4n7Ae6NorBj++dJ7eKUxM2QCQQLIgxqkEyyVRIKWGeZ+5YH]]></Encrypt><AgentID><![CDATA[1000002]]></AgentID></xml>
2017-11-09 12:03:33.296 [http-apr-8080-exec-8] INFO  com.ray.weixin.qy.service.message.reply.ReplyMessageService - reply_xmlMsg:<xml><ToUserName><![CDATA[ww92f5da92bb24696e]]></ToUserName><FromUserName><![CDATA[ShiRui]]></FromUserName><CreateTime>1510200212</CreateTime><MsgType><![CDATA[event]]></MsgType><AgentID>1000002</AgentID><Event><![CDATA[LOCATION]]></Event><Latitude>31.1676</Latitude><Longitude>121.156</Longitude><Precision>15</Precision></xml>
2017-11-09 12:03:33.298 [http-apr-8080-exec-8] INFO  com.ray.weixin.qy.service.message.reply.ReplyMessageService - fromUserName:ShiRui
2017-11-09 12:03:33.299 [http-apr-8080-exec-8] INFO  com.ray.weixin.qy.service.message.reply.ReplyMessageService - toUserName:ww92f5da92bb24696e
2017-11-09 12:03:33.299 [http-apr-8080-exec-8] INFO  com.ray.weixin.qy.service.message.reply.ReplyMessageService - msgType:event
2017-11-09 12:03:33.299 [http-apr-8080-exec-8] INFO  com.ray.weixin.qy.service.message.reply.ReplyMessageService - Event:LOCATION  eventKey:null
2017-11-09 12:03:38.430 [http-apr-8080-exec-10] INFO  com.ray.weixin.qy.controller.WeiXinServlet - post--------------
2017-11-09 12:03:38.431 [http-apr-8080-exec-10] INFO  com.ray.weixin.qy.service.message.reply.ReplyMessageService - parms:{"msg_signature":["4d126853a2df3ebef27a1a32daa90784f565d62d"],"timestamp":["1510200217"],"nonce":["398065104"]}
2017-11-09 12:03:38.431 [http-apr-8080-exec-10] INFO  com.ray.weixin.qy.service.message.reply.ReplyMessageService - postData:<xml><ToUserName><![CDATA[ww92f5da92bb24696e]]></ToUserName><Encrypt><![CDATA[QUlUA0wjtCVLMCqErFgQdnMjGd1Y8unOMw9aZADjEWfNfrYuTRT500LoW61iJCPHYvPiIfaKqlNQOn4eKnYbMNcDGWwfTwudviDthG/SA3Dz0742LcMbM29/7ludr09QoVACu253Eqw30RfPiifZ9fXAzFaM89PQCCkrPLoHZl3bSfBp1aUl9B1fPqcQvjefQIGVfgO9ZqTVil0/NWYXpv6JUa+VgDeonH6vB5WZiqPLO1to2QIg0ZhohJ6kjy/aBuXDtvCCgTkqZk9TTSsoS53dGs+mwZPlqTCSJXKHpLmviN9OTKFdDG7oYfUA7IhikuWg7YnzQMC4LDxCMhUS6/33jRTblZeBuYCc1BzchgHrIQRe7KcZbmaGWcgOvCbEugTJ4lXHMbtK/XCYOgyXrMHkoHyNMwTUdcQlYR0td0wIyd9E9AHhRa47VjX2Ync0Y4BDpRXYB+J7eDmHLPn4/4TCI5igHRWZHSlBTdhN144oYXubFyYZ9MctcWrpxDfW]]></Encrypt><AgentID><![CDATA[1000002]]></AgentID></xml>
2017-11-09 12:03:38.433 [http-apr-8080-exec-10] INFO  com.ray.weixin.qy.service.message.reply.ReplyMessageService - reply_xmlMsg:<xml><ToUserName><![CDATA[ww92f5da92bb24696e]]></ToUserName><FromUserName><![CDATA[ShiRui]]></FromUserName><CreateTime>1510200217</CreateTime><MsgType><![CDATA[event]]></MsgType><AgentID>1000002</AgentID><Event><![CDATA[LOCATION]]></Event><Latitude>31.1676</Latitude><Longitude>121.156</Longitude><Precision>15</Precision></xml>
2017-11-09 12:03:38.434 [http-apr-8080-exec-10] INFO  com.ray.weixin.qy.service.message.reply.ReplyMessageService - fromUserName:ShiRui
2017-11-09 12:03:38.434 [http-apr-8080-exec-10] INFO  com.ray.weixin.qy.service.message.reply.ReplyMessageService - toUserName:ww92f5da92bb24696e
2017-11-09 12:03:38.435 [http-apr-8080-exec-10] INFO  com.ray.weixin.qy.service.message.reply.ReplyMessageService - msgType:event
2017-11-09 12:03:38.435 [http-apr-8080-exec-10] INFO  com.ray.weixin.qy.service.message.reply.ReplyMessageService - Event:LOCATION  eventKey:null
2017-11-09 12:03:43.385 [http-apr-8080-exec-3] INFO  com.ray.weixin.qy.controller.WeiXinServlet - post--------------
2017-11-09 12:03:43.387 [http-apr-8080-exec-3] INFO  com.ray.weixin.qy.service.message.reply.ReplyMessageService - parms:{"msg_signature":["641ff300cf3c25e362d505fe002a931c4691796a"],"timestamp":["1510200222"],"nonce":["2088408093"]}
2017-11-09 12:03:43.388 [http-apr-8080-exec-3] INFO  com.ray.weixin.qy.service.message.reply.ReplyMessageService - postData:<xml><ToUserName><![CDATA[ww92f5da92bb24696e]]></ToUserName><Encrypt><![CDATA[6bB3xGWkSt5XZkeqCPu5lmsXKLSf3lvsITiLQ2YBFb+MSlB7KJZjm01LEggNd4m45bi0X4s7wepJqRm/6SGsZhnCXh6BHN6oir8EmAO3ydELiGYUfMs3fpnigVJlHGaqQm6AEAKtmHaTB9/6heXeRjSIsMQA2Z47274XF7MnzaY25SpqMldYmdq0/xfQAGcXxvdA9V5FHnnXV71xBHFZqv+sSpofjpqxdYAgY3HZn9kV/n7ay4nRnyuVbJtB4RpSOif5kc0LWLoXIt8kWjlnD3MpJAiIfPW2LhLQkNlyIGZioxSagLTcvVvFDrSQ3FLQltfD8HStnI5wWwYo7xFuz4IW4286o/fWt0/Jq3IJLbKrOeMnbUU9ipcdxG7v/rBiY993tCrmTwWfZ1NSmmUB8m5pFLjMO9VrJKL08qBcznqEdWi52K8k87I6XVBDSVS9wei5Iy1ZExr2CwCKNOY2r9HWRq54WkKqJ2tU8JD6PdC6I6v/JckqhdTXdifSq5CY]]></Encrypt><AgentID><![CDATA[1000002]]></AgentID></xml>
2017-11-09 12:03:43.395 [http-apr-8080-exec-3] INFO  com.ray.weixin.qy.service.message.reply.ReplyMessageService - reply_xmlMsg:<xml><ToUserName><![CDATA[ww92f5da92bb24696e]]></ToUserName><FromUserName><![CDATA[ShiRui]]></FromUserName><CreateTime>1510200222</CreateTime><MsgType><![CDATA[event]]></MsgType><AgentID>1000002</AgentID><Event><![CDATA[LOCATION]]></Event><Latitude>31.1676</Latitude><Longitude>121.156</Longitude><Precision>15</Precision></xml>
2017-11-09 12:03:43.409 [http-apr-8080-exec-3] INFO  com.ray.weixin.qy.service.message.reply.ReplyMessageService - fromUserName:ShiRui
2017-11-09 12:03:43.409 [http-apr-8080-exec-3] INFO  com.ray.weixin.qy.service.message.reply.ReplyMessageService - toUserName:ww92f5da92bb24696e
2017-11-09 12:03:43.409 [http-apr-8080-exec-3] INFO  com.ray.weixin.qy.service.message.reply.ReplyMessageService - msgType:event
2017-11-09 12:03:43.410 [http-apr-8080-exec-3] INFO  com.ray.weixin.qy.service.message.reply.ReplyMessageService - Event:LOCATION  eventKey:null
2017-11-09 12:03:48.528 [http-apr-8080-exec-4] INFO  com.ray.weixin.qy.controller.WeiXinServlet - post--------------
2017-11-09 12:03:48.529 [http-apr-8080-exec-4] INFO  com.ray.weixin.qy.service.message.reply.ReplyMessageService - parms:{"msg_signature":["f9cdd7fcbfb0def931bc10a4244b7ff6cd4eeb6f"],"timestamp":["1510200228"],"nonce":["1948691002"]}
2017-11-09 12:03:48.530 [http-apr-8080-exec-4] INFO  com.ray.weixin.qy.service.message.reply.ReplyMessageService - postData:<xml><ToUserName><![CDATA[ww92f5da92bb24696e]]></ToUserName><Encrypt><![CDATA[Oskim1CKzJ2wOzYdyjTtiuyesyatS2ynWPe0mGsH3CSbuzQ1nb5cV6LaSemwg7zqYzf1tg5v18l7XTcdQ3UUalmWluL/c7XIeISxc7ygIN5MrN/KhGdAmZ+KHT3Ve3ft5Mnl8lc6Xrw4LoM6Rd3Zwz4kmtO5FwC7gS5MNQFt5lSGcAtEQYiLorzx7JDfQUumCy29kk5U46veh0VZ+UqxaNOXDGYkk1oOXwL1LmKU/ZQTHANuTwOVtXINECeT7AnoRzAqzmcYl/i8ejB2nWHGgBnMWtgSL28RmxpIcBV/opRiI+72Y0J+Mzmyi4jbfUHIPB0N0In2QEeGDCoDvAoMiLwhbXDoWK7sgCgQIbdWXpvuPYRjbeEJNy8sbrT6LsERitSqwhxn+hopaeDvSMFOmCR3mywtpby6TJIYUP42Gpg13JaDNu7jnGKFq/fdkXjq8s7bXgBodwCZub0Jzf6u6zStbfniuAeguY5poVMR7yOdyrDfSfauv9WOxe7hn1PG]]></Encrypt><AgentID><![CDATA[1000002]]></AgentID></xml>
2017-11-09 12:03:48.534 [http-apr-8080-exec-4] INFO  com.ray.weixin.qy.service.message.reply.ReplyMessageService - reply_xmlMsg:<xml><ToUserName><![CDATA[ww92f5da92bb24696e]]></ToUserName><FromUserName><![CDATA[ShiRui]]></FromUserName><CreateTime>1510200227</CreateTime><MsgType><![CDATA[event]]></MsgType><AgentID>1000002</AgentID><Event><![CDATA[LOCATION]]></Event><Latitude>31.1676</Latitude><Longitude>121.156</Longitude><Precision>15</Precision></xml>
2017-11-09 12:03:48.537 [http-apr-8080-exec-4] INFO  com.ray.weixin.qy.service.message.reply.ReplyMessageService - fromUserName:ShiRui
2017-11-09 12:03:48.541 [http-apr-8080-exec-4] INFO  com.ray.weixin.qy.service.message.reply.ReplyMessageService - toUserName:ww92f5da92bb24696e
2017-11-09 12:03:48.541 [http-apr-8080-exec-4] INFO  com.ray.weixin.qy.service.message.reply.ReplyMessageService - msgType:event
2017-11-09 12:03:48.541 [http-apr-8080-exec-4] INFO  com.ray.weixin.qy.service.message.reply.ReplyMessageService - Event:LOCATION  eventKey:null
2017-11-09 12:03:55.648 [http-apr-8080-exec-6] INFO  com.ray.weixin.qy.controller.WeiXinServlet - post--------------
2017-11-09 12:03:55.650 [http-apr-8080-exec-6] INFO  com.ray.weixin.qy.service.message.reply.ReplyMessageService - parms:{"msg_signature":["9e039e3bc79d8615cfbe5297f26306bec513acc4"],"timestamp":["1510200235"],"nonce":["978616262"]}
2017-11-09 12:03:55.651 [http-apr-8080-exec-6] INFO  com.ray.weixin.qy.service.message.reply.ReplyMessageService - postData:<xml><ToUserName><![CDATA[ww92f5da92bb24696e]]></ToUserName><Encrypt><![CDATA[yGha0ne/5dNTr+rHzsnvtxzrE0LB2F9DD8Ra9Gc0wo3YGAnERPTKFtOXyXHDadCqaujNkI88ZZm0hnMCojApoVpNcXDrs29gy39jngXeNMR1dI5DKqMQ7jAhd+ySm10yNFb9uqMuu1G6oKbuufTEqZXzZ5KD0QXW0TcFwFI1dxj4GHI3mF4iN1AxgCeP4kCL7nW+Prxw98yUeHtLLaWREklQI1k4EfyFECNG9W6ErI5AptR1H7kQguQdUHp0rEhH5/JZWmCvYms50fuoQaTnUOGrGu1/tbkQT0iF8qKSPXyDn7zf0Nr0Wpd4RiDZmDK7Fak3Ycf5CLc+yRaTNeWU7eWhueXSsiz7PV+YhxN2b9saATQDb3f2n5M7ylqDCoW5B+Es5euqzNv+FxlX3erZTh4KI/AS/gyAONkGhbG28UVl1EsN86/ebbWBSapmrYl0XjWoZj0jNwV6Uu5r1Cs+SG6E4X7oa8lCLei2DrrC+7DuLFLZUuqeRjZ9QrErf57Q]]></Encrypt><AgentID><![CDATA[1000002]]></AgentID></xml>
2017-11-09 12:03:55.656 [http-apr-8080-exec-6] INFO  com.ray.weixin.qy.service.message.reply.ReplyMessageService - reply_xmlMsg:<xml><ToUserName><![CDATA[ww92f5da92bb24696e]]></ToUserName><FromUserName><![CDATA[ShiRui]]></FromUserName><CreateTime>1510200235</CreateTime><MsgType><![CDATA[event]]></MsgType><AgentID>1000002</AgentID><Event><![CDATA[LOCATION]]></Event><Latitude>31.1641</Latitude><Longitude>121.152</Longitude><Precision>15</Precision></xml>
2017-11-09 12:03:55.659 [http-apr-8080-exec-6] INFO  com.ray.weixin.qy.service.message.reply.ReplyMessageService - fromUserName:ShiRui
2017-11-09 12:03:55.660 [http-apr-8080-exec-6] INFO  com.ray.weixin.qy.service.message.reply.ReplyMessageService - toUserName:ww92f5da92bb24696e
2017-11-09 12:03:55.661 [http-apr-8080-exec-6] INFO  com.ray.weixin.qy.service.message.reply.ReplyMessageService - msgType:event
2017-11-09 12:03:55.661 [http-apr-8080-exec-6] INFO  com.ray.weixin.qy.service.message.reply.ReplyMessageService - Event:LOCATION  eventKey:null
