2017-11-08 23:22:03.504 [http-apr-8080-exec-4] INFO  com.ray.weixin.qy.controller.WeiXinServlet - post--------------
2017-11-08 23:22:03.530 [http-apr-8080-exec-4] INFO  com.ray.weixin.qy.service.message.reply.ReplyMessageService - parms:{"msg_signature":["e6096325519dc6b14cd90b2019c994255b9419d7"],"timestamp":["1510154522"],"nonce":["1330781190"]}
2017-11-08 23:22:03.531 [http-apr-8080-exec-4] INFO  com.ray.weixin.qy.service.message.reply.ReplyMessageService - postData:<xml><ToUserName><![CDATA[ww92f5da92bb24696e]]></ToUserName><Encrypt><![CDATA[xtUNJRDzcoWuw3UzFgne7zxHQUZ9YJQcLK+QyI+zwwX5Zn3oA06TyHniOgzkUpmLQh7VEqwdmosqddDjLU91eayaKSxMLdCpI0u/LOx6X5A4/kEgyigra/FfmpDT7AfXYH7eNZaLU5vm+L9r2qkj6DvywpHUmeXtvGxSZz4JjgkHXJo+DDVsO+ch+WacuRB29yjbJX44uicIPAUKq88ex1H0kK4LPvHi2YP4zQa+Ra2e0MVkCcvxQJ2+lyd245496c9wmlQjaG8aFdINhXxnKkhSb7yQVeUsCFxZ2Nk4yoMQ+0tdRjEjmOGboqYiwMDkNQlmOU9jWYv+r8+zxa2Wd+DJ2nFrXQCQq/4Wan27eMe1CeJpw93MOwsY3Nqz/QiTrU/azE8R09EeUfe4gO0QbNGn2eNIstLp90TIVC+VPvN0fIimqvrhwHqtJcXnqKbH2sHZlZZgKLfaumHtA8b6yjWAOWTrQxSb+3/spNZ7rPMupxRIhPsM8g1J5Q2zeaG4]]></Encrypt><AgentID><![CDATA[1000002]]></AgentID></xml>
2017-11-08 23:22:03.541 [http-apr-8080-exec-4] INFO  com.ray.weixin.qy.service.message.reply.ReplyMessageService - reply_xmlMsg:<xml><ToUserName><![CDATA[ww92f5da92bb24696e]]></ToUserName><FromUserName><![CDATA[ShiRui]]></FromUserName><CreateTime>1510154522</CreateTime><MsgType><![CDATA[event]]></MsgType><AgentID>1000002</AgentID><Event><![CDATA[LOCATION]]></Event><Latitude>31.1615</Latitude><Longitude>121.142</Longitude><Precision>15</Precision></xml>
2017-11-08 23:22:03.548 [http-apr-8080-exec-4] INFO  com.ray.weixin.qy.service.message.reply.ReplyMessageService - fromUserName:ShiRui
2017-11-08 23:22:03.549 [http-apr-8080-exec-4] INFO  com.ray.weixin.qy.service.message.reply.ReplyMessageService - toUserName:ww92f5da92bb24696e
2017-11-08 23:22:03.549 [http-apr-8080-exec-4] INFO  com.ray.weixin.qy.service.message.reply.ReplyMessageService - msgType:event
2017-11-08 23:22:03.550 [http-apr-8080-exec-4] INFO  com.ray.weixin.qy.service.message.reply.ReplyMessageService - Event:LOCATION  eventKey:null
2017-11-08 23:22:08.442 [http-apr-8080-exec-9] INFO  com.ray.weixin.qy.controller.WeiXinServlet - post--------------
2017-11-08 23:22:08.445 [http-apr-8080-exec-9] INFO  com.ray.weixin.qy.service.message.reply.ReplyMessageService - parms:{"msg_signature":["3e44b6157f283d1b69160400e8846aa5f627e0cc"],"timestamp":["1510154527"],"nonce":["711324468"]}
2017-11-08 23:22:08.448 [http-apr-8080-exec-9] INFO  com.ray.weixin.qy.service.message.reply.ReplyMessageService - postData:<xml><ToUserName><![CDATA[ww92f5da92bb24696e]]></ToUserName><Encrypt><![CDATA[PVAojD7fvRW388x8RCSFG4FBTKOdfVW5vheyf4Rm1hllUJRRB15cbCvMPehcLyGfYwRCjF4Ycy9FYN+1pSG8tKQzDMEutDinEG8Lqi1UPUEP0SAgEx7aNW1ecCU0jSmg4gDUmufSkFBX9vXeAjElaGlvPqcZaSwPUv0eAos2hdVxoUYDbQN8a+XUPXIeajTjOHhGfmZD7NegBbeyfJGleYog+T4vbakJ8FMLBzoRapYRheWMHSvHKRur6bYMJIdQOJIpLRV/P9eFK47Vi/fiZRCIliSItzcygF9Y4RNc/ssrDXsfI2GzMVgOizCc40oA9AAOWfeiyhtpxWNv5Qf3Q7HnMs7vl7nJ3QS3PsC4fJhMH4Byv5SIhIDL+cg5qV5Cxr84j4YsHOHrspYCzjiDqC5nkPKwPJaXV33fyhFmhnPGFKzI0knKNPl+b068nGDYHKmts7t0KRpaLs33dbXLa1JO7C+yCoy4hdj6mM1SIPCyOqzjdh8iN3JHohTyEm4p]]></Encrypt><AgentID><![CDATA[1000002]]></AgentID></xml>
2017-11-08 23:22:08.457 [http-apr-8080-exec-9] INFO  com.ray.weixin.qy.service.message.reply.ReplyMessageService - reply_xmlMsg:<xml><ToUserName><![CDATA[ww92f5da92bb24696e]]></ToUserName><FromUserName><![CDATA[ShiRui]]></FromUserName><CreateTime>1510154527</CreateTime><MsgType><![CDATA[event]]></MsgType><AgentID>1000002</AgentID><Event><![CDATA[LOCATION]]></Event><Latitude>31.1615</Latitude><Longitude>121.142</Longitude><Precision>15</Precision></xml>
2017-11-08 23:22:08.461 [http-apr-8080-exec-9] INFO  com.ray.weixin.qy.service.message.reply.ReplyMessageService - fromUserName:ShiRui
2017-11-08 23:22:08.461 [http-apr-8080-exec-9] INFO  com.ray.weixin.qy.service.message.reply.ReplyMessageService - toUserName:ww92f5da92bb24696e
2017-11-08 23:22:08.462 [http-apr-8080-exec-9] INFO  com.ray.weixin.qy.service.message.reply.ReplyMessageService - msgType:event
2017-11-08 23:22:08.463 [http-apr-8080-exec-9] INFO  com.ray.weixin.qy.service.message.reply.ReplyMessageService - Event:LOCATION  eventKey:null
2017-11-08 23:22:13.532 [http-apr-8080-exec-2] INFO  com.ray.weixin.qy.controller.WeiXinServlet - post--------------
2017-11-08 23:22:13.533 [http-apr-8080-exec-2] INFO  com.ray.weixin.qy.service.message.reply.ReplyMessageService - parms:{"msg_signature":["b3a36f7846fbdc2acc73880a50d58d56daf82643"],"timestamp":["1510154532"],"nonce":["1732904938"]}
2017-11-08 23:22:13.534 [http-apr-8080-exec-2] INFO  com.ray.weixin.qy.service.message.reply.ReplyMessageService - postData:<xml><ToUserName><![CDATA[ww92f5da92bb24696e]]></ToUserName><Encrypt><![CDATA[/b9TvCRYRMGCLM9mvgt/EXYY1+0BzSLnitdCBOVlF3mF9qPERcWBT+eydxoSQ1G7h4O0rfgAsnMQNZAskDTf1MrWQbdn/S3stuBHIDiTCiHszSK6I+/BZv/w43iS/XqOtilk48lUk/+zhdMQQJhmdPlJ4+yc2fgjWozyOgTpgElvJufiDytxfMBzTc7dTFNAhSBELX98w5+k1j7wbDVVBMv6xJtXQ8eYDVnXV1AVa0KmJZZ118OYRfIXpeL5HhiK96Mz2WlcDEuZqJzZNn1+K+s8aKY/eQZObX2s5AruyOsCwuFwgiONVCG2kt1humm2+sMCOk9w6kSMMpKod+dLeY1NN6aoayeVMXcOV4cwP4sJJc8F8jtFflZ6oq/ZgzgSJMvXgoL7A6ZeD8sDpMx4gfz4CukmHiYsIk3fffCGlmZw6idjn1XjC/ySQKflzBQphwnCnncIQS2b07wRSx4XELmZwazTkcVZdNAmHNq1Y7/oFKJl4YXL5pdsfeBcImnm]]></Encrypt><AgentID><![CDATA[1000002]]></AgentID></xml>
2017-11-08 23:22:13.548 [http-apr-8080-exec-2] INFO  com.ray.weixin.qy.service.message.reply.ReplyMessageService - reply_xmlMsg:<xml><ToUserName><![CDATA[ww92f5da92bb24696e]]></ToUserName><FromUserName><![CDATA[ShiRui]]></FromUserName><CreateTime>1510154532</CreateTime><MsgType><![CDATA[event]]></MsgType><AgentID>1000002</AgentID><Event><![CDATA[LOCATION]]></Event><Latitude>31.1615</Latitude><Longitude>121.142</Longitude><Precision>15</Precision></xml>
2017-11-08 23:22:13.564 [http-apr-8080-exec-2] INFO  com.ray.weixin.qy.service.message.reply.ReplyMessageService - fromUserName:ShiRui
2017-11-08 23:22:13.565 [http-apr-8080-exec-2] INFO  com.ray.weixin.qy.service.message.reply.ReplyMessageService - toUserName:ww92f5da92bb24696e
2017-11-08 23:22:13.566 [http-apr-8080-exec-2] INFO  com.ray.weixin.qy.service.message.reply.ReplyMessageService - msgType:event
2017-11-08 23:22:13.566 [http-apr-8080-exec-2] INFO  com.ray.weixin.qy.service.message.reply.ReplyMessageService - Event:LOCATION  eventKey:null
2017-11-08 23:22:18.440 [http-apr-8080-exec-6] INFO  com.ray.weixin.qy.controller.WeiXinServlet - post--------------
2017-11-08 23:22:18.442 [http-apr-8080-exec-6] INFO  com.ray.weixin.qy.service.message.reply.ReplyMessageService - parms:{"msg_signature":["847d8e3f3dbd115c14f4fb389694689feffa944b"],"timestamp":["1510154537"],"nonce":["1766781"]}
2017-11-08 23:22:18.444 [http-apr-8080-exec-6] INFO  com.ray.weixin.qy.service.message.reply.ReplyMessageService - postData:<xml><ToUserName><![CDATA[ww92f5da92bb24696e]]></ToUserName><Encrypt><![CDATA[2UQf9nHgmsCIcG2KiYq7jwJ2WUWVzXW5Ar9KxYfyc6RmWHvEil4E6D6thPRd/DXL6LC/O1Pqno8DbtUKeiKlFPQD+h7YcVctOCw7g0yFDLfmGOa7CrtbXwJ+v663oRl1hOofqvi+LK3c64Iry4NwPPpP/G4nEMhLQH9tCsWdhM7axVFprbJjMcwXD6Ir+7tJw9MfZ1lZuWE22n9wJfHJ98INOBLfRHlhzMwFxI9zCUHXuFyxVRD8hcxXceAEfBHjZulBFvXPI/pBSWFtnpkOUcyWeEQn0FYiDipH5g4zrSazGpF+9NPj16daWCztdv51vpbGL0UjZf/plc6plE93kN2yHVGJbI4iTA9XLa6Mv6UityaCArU+QWygBuFisJDRB4mkvv2Sm4VS78s3vwJ2XrjyYrEOBYzMtiWj+/tLi75fUSI5s13Pf+qY8duCjX6+1Ut39b87aKaz1GwoePT06r6p9tCZjSLmdmA/us6P/04P9kQ9Xu0jSPfBKPJEQzaG]]></Encrypt><AgentID><![CDATA[1000002]]></AgentID></xml>
2017-11-08 23:22:18.448 [http-apr-8080-exec-6] INFO  com.ray.weixin.qy.service.message.reply.ReplyMessageService - reply_xmlMsg:<xml><ToUserName><![CDATA[ww92f5da92bb24696e]]></ToUserName><FromUserName><![CDATA[ShiRui]]></FromUserName><CreateTime>1510154537</CreateTime><MsgType><![CDATA[event]]></MsgType><AgentID>1000002</AgentID><Event><![CDATA[LOCATION]]></Event><Latitude>31.1615</Latitude><Longitude>121.142</Longitude><Precision>15</Precision></xml>
2017-11-08 23:22:18.456 [http-apr-8080-exec-6] INFO  com.ray.weixin.qy.service.message.reply.ReplyMessageService - fromUserName:ShiRui
2017-11-08 23:22:18.457 [http-apr-8080-exec-6] INFO  com.ray.weixin.qy.service.message.reply.ReplyMessageService - toUserName:ww92f5da92bb24696e
2017-11-08 23:22:18.457 [http-apr-8080-exec-6] INFO  com.ray.weixin.qy.service.message.reply.ReplyMessageService - msgType:event
2017-11-08 23:22:18.458 [http-apr-8080-exec-6] INFO  com.ray.weixin.qy.service.message.reply.ReplyMessageService - Event:LOCATION  eventKey:null
2017-11-08 23:22:23.549 [http-apr-8080-exec-10] INFO  com.ray.weixin.qy.controller.WeiXinServlet - post--------------
2017-11-08 23:22:23.551 [http-apr-8080-exec-10] INFO  com.ray.weixin.qy.service.message.reply.ReplyMessageService - parms:{"msg_signature":["2aae876a152aeae1f384127c2657854e502f0070"],"timestamp":["1510154542"],"nonce":["833724140"]}
2017-11-08 23:22:23.553 [http-apr-8080-exec-10] INFO  com.ray.weixin.qy.service.message.reply.ReplyMessageService - postData:<xml><ToUserName><![CDATA[ww92f5da92bb24696e]]></ToUserName><Encrypt><![CDATA[qwhCXL4YnP2r5z76oR3YJWXQDUGTV4fdMWcVO4TCq/OFxXNf1+HC0dNUPMlLEgGE42yuu669vnSbMYmkKNkXngSFw0z60uQ/YFk2vDKYTjLXWQeIdsNw387PbAoE8kg4M/sLthJVo8oVOOnIGBxzfIyZ2ikJkn56VGqJnSiYoIbHFHhsssUsDjELeL2eNmphRT0+iw93FuTWk1/m+juD91ESvfgxTrWvoPSFw3Q5+4ZQMK+VKu2m94DaFlgM0WwL+pyGPqp2L5v6ADkCVML0ucqb6Dnk8daqT9Gtxv7gV8oYOmjR3sIqvfmYbU5IYHQgReb07kwuxpdsMEiE4Us1t1Qvk+KaZTmgzavb236niwbOS2Kh0RWZYovpvjfh7dOIkDsH40qG0n7BDPtk90RY5rUU27Np7mzYLK7/jqvefNEuEdon+JDHJSak/1YQTrtn2gLaVkFg6caod+WARz7Z8qBVyTW0A7kV1ahib+Z1Kq+6mx3NUj1Hcod202hhSYV9]]></Encrypt><AgentID><![CDATA[1000002]]></AgentID></xml>
2017-11-08 23:22:23.558 [http-apr-8080-exec-10] INFO  com.ray.weixin.qy.service.message.reply.ReplyMessageService - reply_xmlMsg:<xml><ToUserName><![CDATA[ww92f5da92bb24696e]]></ToUserName><FromUserName><![CDATA[ShiRui]]></FromUserName><CreateTime>1510154542</CreateTime><MsgType><![CDATA[event]]></MsgType><AgentID>1000002</AgentID><Event><![CDATA[view]]></Event><EventKey><![CDATA[http://rayner.nat300.top/weixin_qy/showInvoice.jsp]]></EventKey></xml>
2017-11-08 23:22:23.562 [http-apr-8080-exec-9] INFO  com.ray.weixin.qy.controller.WeiXinServlet - post--------------
2017-11-08 23:22:23.563 [http-apr-8080-exec-9] INFO  com.ray.weixin.qy.service.message.reply.ReplyMessageService - parms:{"msg_signature":["5913e1b309525af2c3415dba1f472f3cdf8f037f"],"timestamp":["1510154543"],"nonce":["1717342503"]}
2017-11-08 23:22:23.563 [http-apr-8080-exec-10] INFO  com.ray.weixin.qy.service.message.reply.ReplyMessageService - fromUserName:ShiRui
2017-11-08 23:22:23.564 [http-apr-8080-exec-10] INFO  com.ray.weixin.qy.service.message.reply.ReplyMessageService - toUserName:ww92f5da92bb24696e
2017-11-08 23:22:23.564 [http-apr-8080-exec-9] INFO  com.ray.weixin.qy.service.message.reply.ReplyMessageService - postData:<xml><ToUserName><![CDATA[ww92f5da92bb24696e]]></ToUserName><Encrypt><![CDATA[/tAzRRkS9y0BOr5479CyK4FTw+1nq0pmKPCfketkUE9QyMmHl4k06v3YG5zYTfcfS/bBC7i14ZbqZRNZ/3lRY0pL2BVi0dVcQGfzgZa+rBE76dEVVr06+dN0QO+mGMvZGtWoACZ4Xul9uQEQxMFP5Kq2yWMhOzbKFkv86Y2pYQGEm8qwTLsNlk+TGc0DrNcfN0vmrKQoFkdi0O/vkwbaHmwHpSnvZ0UDguytYsp4Gd3PcWx0ZcxzZCWIjzaA6VAZrWTFkcU98v3hKK5QtxEojgyX4uCgIZohHi1MA3izldgceH7+TVbnEpN2M2HrcpMXFeOASUxrdoiSduVr96Bv/u5bZVFwIAmkgBMJZW4SbR/Jzmk+E923mBaHfUNBmuTpuzolWQlLcOQzzjuRtFskqH+n2h6nXMYeDxPuRiU7+oUODwli0901vgIVctobpgBfxWtnK0h7vsJS9YPnOtB8ti7LmgypnM65669JZE13V8eMMIlnGKgd5WS0+wLAHF9i]]></Encrypt><AgentID><![CDATA[1000002]]></AgentID></xml>
2017-11-08 23:22:23.565 [http-apr-8080-exec-10] INFO  com.ray.weixin.qy.service.message.reply.ReplyMessageService - msgType:event
2017-11-08 23:22:23.565 [http-apr-8080-exec-10] INFO  com.ray.weixin.qy.service.message.reply.ReplyMessageService - Event:view  eventKey:http://rayner.nat300.top/weixin_qy/showInvoice.jsp
2017-11-08 23:22:23.570 [http-apr-8080-exec-9] INFO  com.ray.weixin.qy.service.message.reply.ReplyMessageService - reply_xmlMsg:<xml><ToUserName><![CDATA[ww92f5da92bb24696e]]></ToUserName><FromUserName><![CDATA[ShiRui]]></FromUserName><CreateTime>1510154542</CreateTime><MsgType><![CDATA[event]]></MsgType><AgentID>1000002</AgentID><Event><![CDATA[LOCATION]]></Event><Latitude>31.1615</Latitude><Longitude>121.142</Longitude><Precision>15</Precision></xml>
2017-11-08 23:22:23.573 [http-apr-8080-exec-9] INFO  com.ray.weixin.qy.service.message.reply.ReplyMessageService - fromUserName:ShiRui
2017-11-08 23:22:23.573 [http-apr-8080-exec-9] INFO  com.ray.weixin.qy.service.message.reply.ReplyMessageService - toUserName:ww92f5da92bb24696e
2017-11-08 23:22:23.573 [http-apr-8080-exec-9] INFO  com.ray.weixin.qy.service.message.reply.ReplyMessageService - msgType:event
2017-11-08 23:22:23.574 [http-apr-8080-exec-9] INFO  com.ray.weixin.qy.service.message.reply.ReplyMessageService - Event:LOCATION  eventKey:null
2017-11-08 23:22:23.593 [http-apr-8080-exec-1] INFO  com.ray.weixin.qy.util.AuthHelper - jsonObject:{"errcode":0,"access_token":"jORltodFeBunX9qqOO3onXWetm4IxpVxpNJavkw2Rp8nfwtnxZJtpDnPsV-YAgupxOQ52Borm867Vad7SzidjldD7pJyNtj_H0AFB_I_Ny3JcQ2Xxjimj3ynq8LsRhO6jQcKTmsEKhvkjB8FEYrxc76uNhmElBN7FqQzU_2K2-qLp3gO6IFyj0XAZWN5DbN79D1FX77DDJRIc4yhJ4fhZw","errmsg":"","expires_in":7200}
2017-11-08 23:22:24.035 [http-apr-8080-exec-1] INFO  com.ray.weixin.qy.util.AuthHelper - jsonObject:{"errcode":0,"ticket":"kgt8ON7yVITDhtdwci0qebCLEfC_BfeygIq8cFPLbdYRC-Gx-GGzO1qGlOtHzGsquk0FMt_T3dkjox8FKLfdsg","errmsg":"ok","expires_in":7200}
2017-11-08 23:22:24.036 [http-apr-8080-exec-1] INFO  com.ray.weixin.qy.util.AuthHelper - url:http://rayner.nat300.top/weixin_qy/showInvoice.jsp
2017-11-08 23:22:24.036 [http-apr-8080-exec-1] INFO  com.ray.weixin.qy.util.AuthHelper - accessToken:jORltodFeBunX9qqOO3onXWetm4IxpVxpNJavkw2Rp8nfwtnxZJtpDnPsV-YAgupxOQ52Borm867Vad7SzidjldD7pJyNtj_H0AFB_I_Ny3JcQ2Xxjimj3ynq8LsRhO6jQcKTmsEKhvkjB8FEYrxc76uNhmElBN7FqQzU_2K2-qLp3gO6IFyj0XAZWN5DbN79D1FX77DDJRIc4yhJ4fhZw
2017-11-08 23:22:24.036 [http-apr-8080-exec-1] INFO  com.ray.weixin.qy.util.AuthHelper - jsapi_ticket:kgt8ON7yVITDhtdwci0qebCLEfC_BfeygIq8cFPLbdYRC-Gx-GGzO1qGlOtHzGsquk0FMt_T3dkjox8FKLfdsg
2017-11-08 23:22:24.037 [http-apr-8080-exec-1] INFO  com.ray.weixin.qy.util.AuthHelper - appId:ww92f5da92bb24696e
2017-11-08 23:22:24.037 [http-apr-8080-exec-1] INFO  com.ray.weixin.qy.util.AuthHelper - timestamp:1510154543
2017-11-08 23:22:24.037 [http-apr-8080-exec-1] INFO  com.ray.weixin.qy.util.AuthHelper - nonceStr:7c58dfd2-1ecc-4282-874c-187a15156e49
2017-11-08 23:22:24.037 [http-apr-8080-exec-1] INFO  com.ray.weixin.qy.util.AuthHelper - signature:aac77ad8f58003eb89d80ce643944a604fe03dac
2017-11-08 23:22:24.038 [http-apr-8080-exec-1] INFO  com.ray.weixin.qy.util.AuthHelper - configValue:{"signature":"aac77ad8f58003eb89d80ce643944a604fe03dac","appId":"ww92f5da92bb24696e","nonceStr":"7c58dfd2-1ecc-4282-874c-187a15156e49","timestamp":"1510154543"}
2017-11-08 23:22:28.546 [http-apr-8080-exec-5] INFO  com.ray.weixin.qy.controller.WeiXinServlet - post--------------
2017-11-08 23:22:28.547 [http-apr-8080-exec-5] INFO  com.ray.weixin.qy.service.message.reply.ReplyMessageService - parms:{"msg_signature":["cd2ce6d2b318314dde265d05fc0cabad1bea19a2"],"timestamp":["1510154547"],"nonce":["241730083"]}
2017-11-08 23:22:28.549 [http-apr-8080-exec-5] INFO  com.ray.weixin.qy.service.message.reply.ReplyMessageService - postData:<xml><ToUserName><![CDATA[ww92f5da92bb24696e]]></ToUserName><Encrypt><![CDATA[QnJ8jUffzlG70SBSM4CJ0TC6gCsFT81Pd79GM/s+OAw4SEua18bctE+zBcJvS8O5V05/vkBI/MVfzggFUKO89NKrafjGjLCrW6aCyZ0sPKZ2Qjem3RIUra/p6WtSjbxdI3ftTwDhdCJOsUct9KS5X0cBo2iQ6TpPhlf1er4f3L6MIFKq0BCz5CeGUVQt++9VPmIekt1MCcPD4GuFTrbWjnNy/bguAlcCAkamThcKX2+GEyUb0doVM9TakCC7adbi3EH8Ca+3JbY7lchIkAMgRJ0Ig1kIafSxdCeVOq9Hi2POukL5rdqsADCbmMiVn1sRoK+amdcmNzngMctbv17LdnO2Pxxf+LRq9slqwx3NQamJKHZPKPBscJeKgiFvmo0St+AcA3yQw1j5kgX0xgfSla7M4WTffb+XRfdtZRKwGAd5CqTe1G3Hzht9nTTOnqinFTRueph/xDm4UJgDLuiVvkTN+IATn4FlVS98YFxjzdPLLytjI+DfBITVzGPwahFf]]></Encrypt><AgentID><![CDATA[1000002]]></AgentID></xml>
2017-11-08 23:22:28.554 [http-apr-8080-exec-5] INFO  com.ray.weixin.qy.service.message.reply.ReplyMessageService - reply_xmlMsg:<xml><ToUserName><![CDATA[ww92f5da92bb24696e]]></ToUserName><FromUserName><![CDATA[ShiRui]]></FromUserName><CreateTime>1510154547</CreateTime><MsgType><![CDATA[event]]></MsgType><AgentID>1000002</AgentID><Event><![CDATA[LOCATION]]></Event><Latitude>31.1615</Latitude><Longitude>121.142</Longitude><Precision>15</Precision></xml>
2017-11-08 23:22:28.561 [http-apr-8080-exec-5] INFO  com.ray.weixin.qy.service.message.reply.ReplyMessageService - fromUserName:ShiRui
2017-11-08 23:22:28.562 [http-apr-8080-exec-5] INFO  com.ray.weixin.qy.service.message.reply.ReplyMessageService - toUserName:ww92f5da92bb24696e
2017-11-08 23:22:28.562 [http-apr-8080-exec-5] INFO  com.ray.weixin.qy.service.message.reply.ReplyMessageService - msgType:event
2017-11-08 23:22:28.563 [http-apr-8080-exec-5] INFO  com.ray.weixin.qy.service.message.reply.ReplyMessageService - Event:LOCATION  eventKey:null
2017-11-08 23:22:33.608 [http-apr-8080-exec-4] INFO  com.ray.weixin.qy.controller.WeiXinServlet - post--------------
2017-11-08 23:22:33.610 [http-apr-8080-exec-4] INFO  com.ray.weixin.qy.service.message.reply.ReplyMessageService - parms:{"msg_signature":["9b917093274c5e058954f8065c8a453358fe9e2b"],"timestamp":["1510154553"],"nonce":["632214042"]}
2017-11-08 23:22:33.612 [http-apr-8080-exec-4] INFO  com.ray.weixin.qy.service.message.reply.ReplyMessageService - postData:<xml><ToUserName><![CDATA[ww92f5da92bb24696e]]></ToUserName><Encrypt><![CDATA[kyJhJQCfVlRvwcU3lHDLByrzFC4nPF0XljDsrv9wqGXK+45qUc4dupRLDtRmhV5jZyvGB4LP7HnKA/ld6q5t887TBqpkwIcXKVOpVYTHDWJnFllSmylO4e4paCN+o64YgMdc5RGDdGopUagdq9h5a5BxSdO7AqBvIFmJ882wUG9xBWCYOdeaxgl/iySk8nZ6+QIamawh+MdbBGr5yKj6LQyDzzZn4xfJEF6HhlhnwAKTp8eb8RSH0okuN9r2+7ajuaj7nFo6rpAgxuKIGdvdS55tmpnu4PXbG0U8bvaoVT1ovIbAILohUOMKpIKNR1MjgkzeA/TyCS5SwJSwZxtyoNM05ZLFPB+qbxLY5QEelernT9dLX7tcSrmtw3zc+yL5kvt+4xd0Aad6nA6VPqx83YsOWkU74nAGsmYDpNBrkE9aPrSsgZCOcH6OtP9bXEmMAyVvxpt1tZf/4EXbs14OL6nOxRJ6yHM+Oo7tj/uDzj1/bm+HyewKydanwhNEwsGy]]></Encrypt><AgentID><![CDATA[1000002]]></AgentID></xml>
2017-11-08 23:22:33.619 [http-apr-8080-exec-4] INFO  com.ray.weixin.qy.service.message.reply.ReplyMessageService - reply_xmlMsg:<xml><ToUserName><![CDATA[ww92f5da92bb24696e]]></ToUserName><FromUserName><![CDATA[ShiRui]]></FromUserName><CreateTime>1510154552</CreateTime><MsgType><![CDATA[event]]></MsgType><AgentID>1000002</AgentID><Event><![CDATA[LOCATION]]></Event><Latitude>31.1615</Latitude><Longitude>121.142</Longitude><Precision>15</Precision></xml>
2017-11-08 23:22:33.622 [http-apr-8080-exec-4] INFO  com.ray.weixin.qy.service.message.reply.ReplyMessageService - fromUserName:ShiRui
2017-11-08 23:22:33.623 [http-apr-8080-exec-4] INFO  com.ray.weixin.qy.service.message.reply.ReplyMessageService - toUserName:ww92f5da92bb24696e
2017-11-08 23:22:33.623 [http-apr-8080-exec-4] INFO  com.ray.weixin.qy.service.message.reply.ReplyMessageService - msgType:event
2017-11-08 23:22:33.624 [http-apr-8080-exec-4] INFO  com.ray.weixin.qy.service.message.reply.ReplyMessageService - Event:LOCATION  eventKey:null
2017-11-08 23:22:38.685 [http-apr-8080-exec-9] INFO  com.ray.weixin.qy.controller.WeiXinServlet - post--------------
2017-11-08 23:22:38.689 [http-apr-8080-exec-9] INFO  com.ray.weixin.qy.service.message.reply.ReplyMessageService - parms:{"msg_signature":["a0e296101ab36a4ca7aece126aeedd365c9164df"],"timestamp":["1510154558"],"nonce":["1765763679"]}
2017-11-08 23:22:38.691 [http-apr-8080-exec-9] INFO  com.ray.weixin.qy.service.message.reply.ReplyMessageService - postData:<xml><ToUserName><![CDATA[ww92f5da92bb24696e]]></ToUserName><Encrypt><![CDATA[iG0AGLe7IP5dUccbY432x/jyU/iLRiZ/+jrW6PeOdUzvlaNx710IsZQa5c0VgjvpHZP6qpKq+u9JWC6kdEvEnP2Y0BIwSg75ZN2j62PWg/zRUkhInMRTVcujxvMDray/b03u3pU24GLTWyVkNLRfmfWWdbeqgAYtNIXNvE8MBc1WhFZm54HoqEzQZWSW5dJYjpPs3j7Bg9A7Ri9GeIDoRccdaYDyk38tH3ykUQsCUpzDf12NujJAq/LP3N0zOLm3HNO7C8b0uRrgG85RUpSrOgbj7HySiBnSPLGMXkthTq8eoLyxyme+uM28zg7DleZVirVpDosgZ/+jy02uJa+V/SuYwzsYGNDZV4U3UjYoHMAHPmq686XuW4yG+uTCXU77UcfokbJrSjaTUX0iuPPLWEPmjBr5ST8rC4bDOjJiyphkVVrbV1Jdqn1Vce4UyBWKdmTPWi3LWt7pKuJW8hxm7CyfJaDCpeluElPwYNRO1ekZDyiDQAq/0/2pslLRT8TO]]></Encrypt><AgentID><![CDATA[1000002]]></AgentID></xml>
2017-11-08 23:22:38.697 [http-apr-8080-exec-9] INFO  com.ray.weixin.qy.service.message.reply.ReplyMessageService - reply_xmlMsg:<xml><ToUserName><![CDATA[ww92f5da92bb24696e]]></ToUserName><FromUserName><![CDATA[ShiRui]]></FromUserName><CreateTime>1510154558</CreateTime><MsgType><![CDATA[event]]></MsgType><AgentID>1000002</AgentID><Event><![CDATA[LOCATION]]></Event><Latitude>31.1615</Latitude><Longitude>121.142</Longitude><Precision>15</Precision></xml>
2017-11-08 23:22:38.706 [http-apr-8080-exec-9] INFO  com.ray.weixin.qy.service.message.reply.ReplyMessageService - fromUserName:ShiRui
2017-11-08 23:22:38.707 [http-apr-8080-exec-9] INFO  com.ray.weixin.qy.service.message.reply.ReplyMessageService - toUserName:ww92f5da92bb24696e
2017-11-08 23:22:38.707 [http-apr-8080-exec-9] INFO  com.ray.weixin.qy.service.message.reply.ReplyMessageService - msgType:event
2017-11-08 23:22:38.708 [http-apr-8080-exec-9] INFO  com.ray.weixin.qy.service.message.reply.ReplyMessageService - Event:LOCATION  eventKey:null
2017-11-08 23:22:43.651 [http-apr-8080-exec-8] INFO  com.ray.weixin.qy.controller.WeiXinServlet - post--------------
2017-11-08 23:22:43.652 [http-apr-8080-exec-8] INFO  com.ray.weixin.qy.service.message.reply.ReplyMessageService - parms:{"msg_signature":["ba23baa3dacf52d51f37cde98b42605bef864b12"],"timestamp":["1510154563"],"nonce":["904372434"]}
2017-11-08 23:22:43.652 [http-apr-8080-exec-8] INFO  com.ray.weixin.qy.service.message.reply.ReplyMessageService - postData:<xml><ToUserName><![CDATA[ww92f5da92bb24696e]]></ToUserName><Encrypt><![CDATA[IaVU4h5c+JmbZu0PQHSQJ16cW74VIdBbeoQD5TNOLWrNgbAydhif7yp28j254Fc+3MORxi/lQJGpNmMMWMVbkLmFa0rDbZZKyHPfl2Uhhw+Ci2fTXAi14RNleDNCHP+9WSQRHZ22fSTALOSWnXWtEd7LWXSL8oMkjO/nTzSabRgJDlLQtpr9kEc8hXZY3aLBVs0NY8KAEGbDuNmXGEQprC5NWl0U1ks6585Q1DpVfxRA9kyQw7e8rukw7x/cWlhD+UtGkH5qJBWfBBZNSpBzZfUpyEcy7y2MFrWxUArmrUM/Rcn1Fu+zOY+Wgdcah829NyXfVjSRnmqXv2R+Jwj8upsCODc+YWV0PAzl3tqLkgB0y4NCb2bVL+GflBFYIuVguQ5CWYvz9yqhAgE1AHxonu1Kyg8OhV4vv3ibG0bAE7vbNGjzYqJtLoQWn7OdxThRCRLws3aGroM6xUKgmwFSyyQz3NQwRrfaEUQhJ30Y6R9qE9nVXWXSJ59hQ/QxESYA]]></Encrypt><AgentID><![CDATA[1000002]]></AgentID></xml>
2017-11-08 23:22:43.655 [http-apr-8080-exec-8] INFO  com.ray.weixin.qy.service.message.reply.ReplyMessageService - reply_xmlMsg:<xml><ToUserName><![CDATA[ww92f5da92bb24696e]]></ToUserName><FromUserName><![CDATA[ShiRui]]></FromUserName><CreateTime>1510154563</CreateTime><MsgType><![CDATA[event]]></MsgType><AgentID>1000002</AgentID><Event><![CDATA[LOCATION]]></Event><Latitude>31.1615</Latitude><Longitude>121.142</Longitude><Precision>15</Precision></xml>
2017-11-08 23:22:43.659 [http-apr-8080-exec-8] INFO  com.ray.weixin.qy.service.message.reply.ReplyMessageService - fromUserName:ShiRui
2017-11-08 23:22:43.659 [http-apr-8080-exec-8] INFO  com.ray.weixin.qy.service.message.reply.ReplyMessageService - toUserName:ww92f5da92bb24696e
2017-11-08 23:22:43.659 [http-apr-8080-exec-8] INFO  com.ray.weixin.qy.service.message.reply.ReplyMessageService - msgType:event
2017-11-08 23:22:43.659 [http-apr-8080-exec-8] INFO  com.ray.weixin.qy.service.message.reply.ReplyMessageService - Event:LOCATION  eventKey:null
2017-11-08 23:22:48.584 [http-apr-8080-exec-3] INFO  com.ray.weixin.qy.controller.WeiXinServlet - post--------------
2017-11-08 23:22:48.590 [http-apr-8080-exec-3] INFO  com.ray.weixin.qy.service.message.reply.ReplyMessageService - parms:{"msg_signature":["fad34e0bdb5a9179cc6ef939b5cf5e7ee9f0a7e1"],"timestamp":["1510154568"],"nonce":["518901271"]}
2017-11-08 23:22:48.591 [http-apr-8080-exec-3] INFO  com.ray.weixin.qy.service.message.reply.ReplyMessageService - postData:<xml><ToUserName><![CDATA[ww92f5da92bb24696e]]></ToUserName><Encrypt><![CDATA[WjGqKG5jns5gTaBv5yTjQKE/tELBMzPc+Tzz/y06KmZZkggu3CEbBt/Lw3MrM5WHgybOn6YUBnJCfQelTqa6paXquXrxiDqlepDzAF69Mk4+MFZO6W3Z+c/msk2eeixAcbHdFXxbuhZc40BK6cxRXsTwoTNYikgIHkIMLoL7Dy2CBv38VaWYYK7TffF8X6xEUwIamHDlLP0UUrPTZmu2IKtkhdRnYw7RTuPmA+b+h2DQuFXnKFmnj/B1i+jE2N6NzUW2PX+3WB+LlIquo5LN+ad87Ebm+S7ofASLoPbYypvNZXXoP2QunpEUlQG8EdG97YIFdPiAQ94UhDDRNo6aao7TZ0radEaPMwYMO4FROHU//sHeFZI8F5VTQA1tE6qiTwq1akCiqUOl9qHDuvTkhHidAuDbsAbk7WoFHG9ZuB5DHvQxfzSSf8q7qBorHVH2OU7G6qG4yg+VoDyuAhfH7x9wq0g42mNEy8y1H1Xx2N6JSsMJpDybXzaLPBjC2hOq]]></Encrypt><AgentID><![CDATA[1000002]]></AgentID></xml>
2017-11-08 23:22:48.597 [http-apr-8080-exec-3] INFO  com.ray.weixin.qy.service.message.reply.ReplyMessageService - reply_xmlMsg:<xml><ToUserName><![CDATA[ww92f5da92bb24696e]]></ToUserName><FromUserName><![CDATA[ShiRui]]></FromUserName><CreateTime>1510154567</CreateTime><MsgType><![CDATA[event]]></MsgType><AgentID>1000002</AgentID><Event><![CDATA[LOCATION]]></Event><Latitude>31.1615</Latitude><Longitude>121.142</Longitude><Precision>15</Precision></xml>
2017-11-08 23:22:48.602 [http-apr-8080-exec-3] INFO  com.ray.weixin.qy.service.message.reply.ReplyMessageService - fromUserName:ShiRui
2017-11-08 23:22:48.603 [http-apr-8080-exec-3] INFO  com.ray.weixin.qy.service.message.reply.ReplyMessageService - toUserName:ww92f5da92bb24696e
2017-11-08 23:22:48.603 [http-apr-8080-exec-3] INFO  com.ray.weixin.qy.service.message.reply.ReplyMessageService - msgType:event
2017-11-08 23:22:48.604 [http-apr-8080-exec-3] INFO  com.ray.weixin.qy.service.message.reply.ReplyMessageService - Event:LOCATION  eventKey:null
2017-11-08 23:22:53.608 [http-apr-8080-exec-5] INFO  com.ray.weixin.qy.controller.WeiXinServlet - post--------------
2017-11-08 23:22:53.610 [http-apr-8080-exec-5] INFO  com.ray.weixin.qy.service.message.reply.ReplyMessageService - parms:{"msg_signature":["71fd07a16f8dd8e88ecee821593bfead0e3ab5b5"],"timestamp":["1510154573"],"nonce":["1734560674"]}
2017-11-08 23:22:53.611 [http-apr-8080-exec-5] INFO  com.ray.weixin.qy.service.message.reply.ReplyMessageService - postData:<xml><ToUserName><![CDATA[ww92f5da92bb24696e]]></ToUserName><Encrypt><![CDATA[5o5ILYhkrxt7YEIKOzr1kv9lqcD6geZiwEZX8FLGlWYv0EVNRE5IehSoOWfCi8kXblRaG26KfrgURoubrLEhgHLNtPfo9lSLbqojUIwQNlIXzWo1jl4gOzTwAPBaHED+6Qk6pRTXHH6rmsm2AjEV77XLRjehLu55xxtgK91a/eSfW+rVQj+YpmpCy8orr2fC3tgiUAGhcIcn+1YVnjXwOBD6bdx5LHwY0PJswwxTFBS0OnNY46TcgYt0SsgDXdQpRWRxoxMXfQ9YC+l39ONqEAImna9A4WgZRGnMc6wufDZ6FCiE3rdhPnLV0zr8QLrRg67Pq4EvkDpGt8Kb+1y97n/VzD0srcMNs0wO3W2B2RXGOWCS0DHJgIjq+gES6rpGPjK+gnNeM4bahxddAa5Nnwc3R5OBZg4eY8tw4dcfWlDSqWLkOZIIoVrRy4Guuy5JdfIYcqd/wdU9WRX8Mt62MWLteMG4KYhofBlDP2xONXkQD5sKgQ7ou1r+d+9kQ3Mk]]></Encrypt><AgentID><![CDATA[1000002]]></AgentID></xml>
2017-11-08 23:22:53.624 [http-apr-8080-exec-5] INFO  com.ray.weixin.qy.service.message.reply.ReplyMessageService - reply_xmlMsg:<xml><ToUserName><![CDATA[ww92f5da92bb24696e]]></ToUserName><FromUserName><![CDATA[ShiRui]]></FromUserName><CreateTime>1510154572</CreateTime><MsgType><![CDATA[event]]></MsgType><AgentID>1000002</AgentID><Event><![CDATA[LOCATION]]></Event><Latitude>31.1615</Latitude><Longitude>121.142</Longitude><Precision>15</Precision></xml>
2017-11-08 23:22:53.629 [http-apr-8080-exec-5] INFO  com.ray.weixin.qy.service.message.reply.ReplyMessageService - fromUserName:ShiRui
2017-11-08 23:22:53.629 [http-apr-8080-exec-5] INFO  com.ray.weixin.qy.service.message.reply.ReplyMessageService - toUserName:ww92f5da92bb24696e
2017-11-08 23:22:53.630 [http-apr-8080-exec-5] INFO  com.ray.weixin.qy.service.message.reply.ReplyMessageService - msgType:event
2017-11-08 23:22:53.630 [http-apr-8080-exec-5] INFO  com.ray.weixin.qy.service.message.reply.ReplyMessageService - Event:LOCATION  eventKey:null
2017-11-08 23:22:58.798 [http-apr-8080-exec-4] INFO  com.ray.weixin.qy.controller.WeiXinServlet - post--------------
2017-11-08 23:22:58.800 [http-apr-8080-exec-4] INFO  com.ray.weixin.qy.service.message.reply.ReplyMessageService - parms:{"msg_signature":["a01a846ebb2ac45626d985e44d4613888c8746a5"],"timestamp":["1510154578"],"nonce":["1995421260"]}
2017-11-08 23:22:58.801 [http-apr-8080-exec-4] INFO  com.ray.weixin.qy.service.message.reply.ReplyMessageService - postData:<xml><ToUserName><![CDATA[ww92f5da92bb24696e]]></ToUserName><Encrypt><![CDATA[3iVOd2jHgO5wKHM9xn5YX9yyId6HUiVNsoN4DzjKz7dR/jMnFUGqW2Zj7PhxOKSEOfcbDwlAT/fUyp4JqDRkrLhZ0xwD3Qbom9gr+EHEXzMpOl/y0keevdMECas10ajbFOwGuVoMRDDRqcDv7rEP2sOs5SXynPQZncA25BmWsl4316Z8fFxaqUjCsQRByjh+G9I+pCn+2fE0fBI1OXLpbhsMbupLP9vy1DknWQl6vrO7xYe2yl1ANj7emIDnO1esw1cbfKSVvjm6U8oLgTh2onMXgFuHlaD/1yeFHTK2JonMhP7cfWgbYj3u+kHf4WU9hbR9TEyW3cceJedJv0WgOukPxkBmu0j9yEF3UIvxYbgu6AGL1rDC7uR9OEMB6bLpqOtVpjwf3EbGfUqQG9JQOr03kDUU1OJ4SP6VNz7nV3KwA087rMe7ZNYHx0PZGIQPnvCHd2v7uLiD+tC4tzKAyop4wgGyrBrVwZsZz7iQEdQkhJdhFIEHlVaaHmYMOIdv]]></Encrypt><AgentID><![CDATA[1000002]]></AgentID></xml>
2017-11-08 23:22:58.805 [http-apr-8080-exec-4] INFO  com.ray.weixin.qy.service.message.reply.ReplyMessageService - reply_xmlMsg:<xml><ToUserName><![CDATA[ww92f5da92bb24696e]]></ToUserName><FromUserName><![CDATA[ShiRui]]></FromUserName><CreateTime>1510154578</CreateTime><MsgType><![CDATA[event]]></MsgType><AgentID>1000002</AgentID><Event><![CDATA[LOCATION]]></Event><Latitude>31.1615</Latitude><Longitude>121.142</Longitude><Precision>15</Precision></xml>
2017-11-08 23:22:58.812 [http-apr-8080-exec-4] INFO  com.ray.weixin.qy.service.message.reply.ReplyMessageService - fromUserName:ShiRui
2017-11-08 23:22:58.813 [http-apr-8080-exec-4] INFO  com.ray.weixin.qy.service.message.reply.ReplyMessageService - toUserName:ww92f5da92bb24696e
2017-11-08 23:22:58.813 [http-apr-8080-exec-4] INFO  com.ray.weixin.qy.service.message.reply.ReplyMessageService - msgType:event
2017-11-08 23:22:58.814 [http-apr-8080-exec-4] INFO  com.ray.weixin.qy.service.message.reply.ReplyMessageService - Event:LOCATION  eventKey:null
