2017-11-08 18:31:15.093 [http-apr-8080-exec-38] INFO  com.ray.weixin.qy.controller.WeiXinServlet - post--------------
2017-11-08 18:31:15.182 [http-apr-8080-exec-38] INFO  com.ray.weixin.qy.service.message.ReplyMessageService - parms:{"msg_signature":["aabe02cc9ed45c30c56821f64ad299ad0ed3824f"],"timestamp":["1510137074"],"nonce":["116264005"]}
2017-11-08 18:31:15.183 [http-apr-8080-exec-38] INFO  com.ray.weixin.qy.service.message.ReplyMessageService - decryptMsg_encrypt:false
2017-11-08 18:31:15.183 [http-apr-8080-exec-38] INFO  com.ray.weixin.qy.service.message.ReplyMessageService - postData:<xml><ToUserName><![CDATA[ww92f5da92bb24696e]]></ToUserName><Encrypt><![CDATA[/IQIRHFvr54eRVjJE9CTWlGoNi+cV9EPyPg5fyimErNjE96H3lYu+XW0q0/sh5JFT+FSZdtgcLNFVHacAG5okIY1BwwztN5Q/kGBaCZnM6LDU1wisY3Fry33SKjW6EPMGFJcp4dpTOyGwC+zXZ9nYcRxss+Ol0CgmTZ3nwHzDEX2/AWExcPqMBI69VeLdDvbKjMERsbUwP/DR+fq8gzsw3sAXkJrB02E61G1F/4snzik8u9EF5iMykAIgY7VHw2M5A5mHbMYXTETvZLh5+zQO7zFk2Vd4wngI/ENUw+P4zMYzurnj3i+CaZUqgV9edDwua3vshw3N5g5m0zNsp320aKqmySUwhAvJP+PaJIKPYqzyWXgVquzN28nVQl7SiWGp7C0h+GSt8F7Beu0qkPCsFQf6CF+zdUYWeRXTfreq35hhe90KJmBRqEOt/RjKci6nO6qXuzhLdn3hlqISI6CsTziAQOJd1u3BmBjCySHpAu8p5o7ilAVGIG0e+2GdP0R]]></Encrypt><AgentID><![CDATA[1000002]]></AgentID></xml>
2017-11-08 18:31:15.183 [http-apr-8080-exec-38] INFO  com.ray.weixin.qy.service.message.ReplyMessageService - 安全模式：消息被加密,encrypt=true
2017-11-08 18:31:15.216 [http-apr-8080-exec-38] INFO  com.ray.weixin.qy.service.message.ReplyMessageService - reply_xmlMsg:<xml><ToUserName><![CDATA[ww92f5da92bb24696e]]></ToUserName><FromUserName><![CDATA[ShiRui]]></FromUserName><CreateTime>1510137074</CreateTime><MsgType><![CDATA[event]]></MsgType><AgentID>1000002</AgentID><Event><![CDATA[LOCATION]]></Event><Latitude>31.1695</Latitude><Longitude>121.152</Longitude><Precision>0</Precision></xml>
2017-11-08 18:31:15.217 [http-apr-8080-exec-38] INFO  com.ray.weixin.qy.service.message.ReplyMessageService - encrypt:false
2017-11-08 18:31:15.408 [http-apr-8080-exec-38] INFO  com.ray.weixin.qy.service.message.ReplyMessageService - fromUserName:ShiRui
2017-11-08 18:31:15.408 [http-apr-8080-exec-38] INFO  com.ray.weixin.qy.service.message.ReplyMessageService - toUserName:ww92f5da92bb24696e
2017-11-08 18:31:15.408 [http-apr-8080-exec-38] INFO  com.ray.weixin.qy.service.message.ReplyMessageService - msgType:event
2017-11-08 18:31:15.408 [http-apr-8080-exec-38] INFO  com.ray.weixin.qy.service.message.ReplyMessageService - Event:LOCATION  eventKey:null
2017-11-08 18:31:17.097 [http-apr-8080-exec-26] INFO  com.ray.weixin.qy.controller.WeiXinServlet - post--------------
2017-11-08 18:31:17.098 [http-apr-8080-exec-26] INFO  com.ray.weixin.qy.service.message.ReplyMessageService - parms:{"msg_signature":["3110c8e3f6a2803ddeee8267b87762dafe32d200"],"timestamp":["1510137076"],"nonce":["354091182"]}
2017-11-08 18:31:17.099 [http-apr-8080-exec-26] INFO  com.ray.weixin.qy.service.message.ReplyMessageService - decryptMsg_encrypt:false
2017-11-08 18:31:17.100 [http-apr-8080-exec-26] INFO  com.ray.weixin.qy.service.message.ReplyMessageService - postData:<xml><ToUserName><![CDATA[ww92f5da92bb24696e]]></ToUserName><Encrypt><![CDATA[uAUs2WUxzKBFrV/0OZ5MlrFE0zut+3x+lQ3MF+aGkz82vuXvzI9BdBJQCp3QgQ7NJrD550oVP6cNBztt2eWOjah70BO3vQODfBlp1q9rkKgl6B6027S5GDt8KVgpfSW6b+K7VmC2IxxG+z+edeE5YGJhpejkIqhE++JCCbuJjOCAKCNQ4NnTrjjODiK0dPaT84rtXT99S77SS2zjH14x6XLpfxVRYcCzSLRnVfSpfTuE6itQkPm4sIVG5Q3+PdupcMFqYflIJHyrfs85z6/px2UmhdYBnyToqX1aPK7vC1EofdzJJsEfnu5zuv8dp4VDgH9rq5QiQ/ynn/2iEbV5YhVPbIn28aWF5XWM2+T2Ot4q+pm1iIkX4YRScJQaWNkAvJJCBSUXm5lpRa9d/l1BAgL0kcWUuFskJS4Xfd/ABM4=]]></Encrypt><AgentID><![CDATA[1000002]]></AgentID></xml>
2017-11-08 18:31:17.100 [http-apr-8080-exec-26] INFO  com.ray.weixin.qy.service.message.ReplyMessageService - 安全模式：消息被加密,encrypt=true
2017-11-08 18:31:17.111 [http-apr-8080-exec-26] INFO  com.ray.weixin.qy.service.message.ReplyMessageService - reply_xmlMsg:<xml><ToUserName><![CDATA[ww92f5da92bb24696e]]></ToUserName><FromUserName><![CDATA[ShiRui]]></FromUserName><CreateTime>1510137076</CreateTime><MsgType><![CDATA[text]]></MsgType><Content><![CDATA[……]]></Content><MsgId>577596596</MsgId><AgentID>1000002</AgentID></xml>
2017-11-08 18:31:17.112 [http-apr-8080-exec-26] INFO  com.ray.weixin.qy.service.message.ReplyMessageService - encrypt:false
2017-11-08 18:31:17.116 [http-apr-8080-exec-26] INFO  com.ray.weixin.qy.service.message.ReplyMessageService - fromUserName:ShiRui
2017-11-08 18:31:17.117 [http-apr-8080-exec-26] INFO  com.ray.weixin.qy.service.message.ReplyMessageService - toUserName:ww92f5da92bb24696e
2017-11-08 18:31:17.117 [http-apr-8080-exec-26] INFO  com.ray.weixin.qy.service.message.ReplyMessageService - msgType:text
2017-11-08 18:31:17.118 [http-apr-8080-exec-26] INFO  com.ray.weixin.qy.service.message.ReplyMessageService - Event:null  eventKey:null
