2017-11-15 14:41:49.176 [http-apr-8080-exec-7] INFO  com.ray.weixin.gz.controller.WeiXinServlet - post--------------
2017-11-15 14:41:49.325 [http-apr-8080-exec-7] INFO  com.ray.weixin.gz.service.message.ReplyMessageService - parms:{"signature":["084dd9bbc4e139db7ef7e3996ce8b9c4b5df4563"],"timestamp":["1510728106"],"nonce":["770879782"],"openid":["o1M7_1YPJI9YMaHiP54wN8nzuoDE"],"encrypt_type":["aes"],"msg_signature":["becb6cd8e5efccbbd9eae59427e9f63d22aac4db"]}
2017-11-15 14:41:49.326 [http-apr-8080-exec-7] INFO  com.ray.weixin.gz.service.message.ReplyMessageService - postData:<xml>    <ToUserName><![CDATA[gh_8903be978f8b]]></ToUserName>    <Encrypt><![CDATA[LytWQgcQhzPkczPkGjgPTnacj7bX1Sdr3eJtC7BpRGz8bLxDNDiUibYsBBI5BrQ/BFdQENnPpWW5xMDRlwnvDen2RhjUK1XB/dqUVN7987Xds16raN4orRyyQ/TDk6udPoJbAfh83WCGJXnZ+DhEilUa7OejW8c8feuKOb83GB5M/Tn4GwTPyORkzi1c4UhUCDeQNaeH197QrcvSS4PkTYoyxpQXyfVx4EPVYY8ti7gFwmjFyksW8kz2dCL/yNVYJMG/0BC2+cp45EJOd3e78XXKZvky5OPJ+is8TwwKUBxWsHtKjbemwg9HEjkPwetW+tTHVnJQ4JuUT0cd2chcAnPUkjxOOhVEN7iVaG+rLkFugjxjlZW9Cn0oxAq1TRwCGttkbqf+nm6jiteMhvkdB7UvrlRIGBgcI+AHSv3VEHrWmiwn2A813PrcQg+J5izlpD8EBxc3rgtiFfO78b+KSbmpAIGRyzJM89lM3dPDfpQP2ZwYv5ocNxNN89Di7ig291iAmpgp9cN9aqaREBe/8IJkP+9lNXgEYJmo0jbGdug=]]></Encrypt></xml>
2017-11-15 14:41:49.329 [http-apr-8080-exec-7] INFO  com.ray.weixin.gz.service.message.ReplyMessageService - 安全模式：消息被加密
2017-11-15 14:41:49.482 [http-apr-8080-exec-7] INFO  com.ray.weixin.gz.service.message.ReplyMessageService - <xml><ToUserName><![CDATA[gh_8903be978f8b]]></ToUserName>
<FromUserName><![CDATA[o1M7_1YPJI9YMaHiP54wN8nzuoDE]]></FromUserName>
<CreateTime>1510728106</CreateTime>
<MsgType><![CDATA[event]]></MsgType>
<Event><![CDATA[VIEW]]></Event>
<EventKey><![CDATA[http://rayner.nat300.top/weixin_gz/showInvoice.jsp]]></EventKey>
<MenuId>450181233</MenuId>
</xml>
2017-11-15 14:41:49.983 [http-apr-8080-exec-7] INFO  com.ray.weixin.gz.service.message.ReplyMessageService - fromUserName:o1M7_1YPJI9YMaHiP54wN8nzuoDE
2017-11-15 14:41:49.983 [http-apr-8080-exec-7] INFO  com.ray.weixin.gz.service.message.ReplyMessageService - toUserName:gh_8903be978f8b
2017-11-15 14:41:49.988 [http-apr-8080-exec-7] INFO  com.ray.weixin.gz.service.message.ReplyMessageService - msgType:event
2017-11-15 14:41:49.989 [http-apr-8080-exec-7] INFO  com.ray.weixin.gz.service.message.ReplyMessageService - Event:VIEW  eventKey:http://rayner.nat300.top/weixin_gz/showInvoice.jsp
2017-11-15 14:41:50.544 [http-apr-8080-exec-9] INFO  com.ray.weixin.gz.util.AuthHelper - jsonObject:{"access_token":"pGYmBdH4BqtT3pgPgNvUw-rb8TJLHMWNEzxhc95zVUkD3-QFus1FC0Cf18sEau7XIVkkTvfSD87iKEQBUkR2n1wrH46XLsVtTaqE2VWzbvazQKxElofC04konzjc7KfLUUSdAIANNL","expires_in":7200}
2017-11-15 14:41:50.649 [http-apr-8080-exec-9] INFO  com.ray.weixin.gz.util.AuthHelper - jsonObject:{"errcode":0,"ticket":"HoagFKDcsGMVCIY2vOjf9mrEXbwXSbqpUm0898_LsZhfWowrJV-9wOxwAgoPTOhdqfiAJVBhU9J6pQbGq-WKag","errmsg":"ok","expires_in":7200}
2017-11-15 14:41:50.651 [http-apr-8080-exec-9] INFO  com.ray.weixin.gz.util.AuthHelper - accessToken:pGYmBdH4BqtT3pgPgNvUw-rb8TJLHMWNEzxhc95zVUkD3-QFus1FC0Cf18sEau7XIVkkTvfSD87iKEQBUkR2n1wrH46XLsVtTaqE2VWzbvazQKxElofC04konzjc7KfLUUSdAIANNL
2017-11-15 14:41:50.651 [http-apr-8080-exec-9] INFO  com.ray.weixin.gz.util.AuthHelper - ticket:HoagFKDcsGMVCIY2vOjf9mrEXbwXSbqpUm0898_LsZhfWowrJV-9wOxwAgoPTOhdqfiAJVBhU9J6pQbGq-WKag
2017-11-15 14:41:50.651 [http-apr-8080-exec-9] INFO  com.ray.weixin.gz.util.AuthHelper - nonceStr:beb230e0-d573-4ff5-aca5-324d72f0d277
2017-11-15 14:41:50.652 [http-apr-8080-exec-9] INFO  com.ray.weixin.gz.util.AuthHelper - timeStamp:1510728109
2017-11-15 14:41:50.652 [http-apr-8080-exec-9] INFO  com.ray.weixin.gz.util.AuthHelper - signedUrl:http://rayner.nat300.top/weixin_gz/showInvoice.jsp
2017-11-15 14:41:50.652 [http-apr-8080-exec-9] INFO  com.ray.weixin.gz.util.AuthHelper - signature:76cc274aec92b5045f49e97f9992603836635d23
2017-11-15 14:41:50.653 [http-apr-8080-exec-9] INFO  com.ray.weixin.gz.util.AuthHelper - appId:wx07c4d9d0895fe212
2017-11-15 14:41:50.653 [http-apr-8080-exec-9] INFO  com.ray.weixin.gz.util.AuthHelper - configValue:{signature:'76cc274aec92b5045f49e97f9992603836635d23',nonceStr:'beb230e0-d573-4ff5-aca5-324d72f0d277',timeStamp:'1510728109',appId:'wx07c4d9d0895fe212'}
2017-11-15 14:41:50.754 [http-apr-8080-exec-9] INFO  com.ray.weixin.gz.util.AuthHelper - jsonObject:{"access_token":"pGYmBdH4BqtT3pgPgNvUw-rb8TJLHMWNEzxhc95zVUnHgvcYeW2ecD0zcRdOTUs07zxok8n8pVN42z9abKovay2I0G7Bqb_74iaoGatcWKww4XV5hxonuNaZsWEkCbvJNHUdAIASMZ","expires_in":7200}
2017-11-15 14:41:50.872 [http-apr-8080-exec-9] INFO  com.ray.weixin.gz.service.invoice.InvoiceService - jsonObject:{"errcode":0,"ticket":"9KwiourQPRN3vx3Nn1c_iXCh-5F7rD5UiR6FRkNziS3cx4b8Yjpce58MCsslS5Cu43H8pvgbGMFfDvtxfdImxg","errmsg":"ok","expires_in":7200}
2017-11-15 14:41:50.872 [http-apr-8080-exec-9] INFO  com.ray.weixin.gz.util.AuthHelper - apiTicket:9KwiourQPRN3vx3Nn1c_iXCh-5F7rD5UiR6FRkNziS3cx4b8Yjpce58MCsslS5Cu43H8pvgbGMFfDvtxfdImxg
2017-11-15 14:41:50.872 [http-apr-8080-exec-9] INFO  com.ray.weixin.gz.util.AuthHelper - appId:wx07c4d9d0895fe212
2017-11-15 14:41:50.873 [http-apr-8080-exec-9] INFO  com.ray.weixin.gz.util.AuthHelper - timeStamp:1510728110
2017-11-15 14:41:50.873 [http-apr-8080-exec-9] INFO  com.ray.weixin.gz.util.AuthHelper - nonceStr:c9f41352-6fc6-46f2-a77b-00737918023a
2017-11-15 14:41:50.873 [http-apr-8080-exec-9] INFO  com.ray.weixin.gz.util.AuthHelper - cardType:INVOICE
2017-11-15 14:41:50.873 [http-apr-8080-exec-9] INFO  com.ray.weixin.gz.util.AuthHelper - cardSign:a1d88c211c5cbd3663c647a560cc34c321692911
2017-11-15 14:41:50.873 [http-apr-8080-exec-9] INFO  com.ray.weixin.gz.util.AuthHelper - signType:SHA1
2017-11-15 14:41:50.873 [http-apr-8080-exec-9] INFO  com.ray.weixin.gz.util.AuthHelper - configValue:{"signType":"SHA1","cardSign":"a1d88c211c5cbd3663c647a560cc34c321692911","nonceStr":"c9f41352-6fc6-46f2-a77b-00737918023a","timestamp":"1510728110"}
