2017-11-09 10:19:17.156 [http-apr-8080-exec-8] INFO  com.ray.weixin.qy.controller.WeiXinServlet - post--------------
2017-11-09 10:19:17.161 [http-apr-8080-exec-8] INFO  com.ray.weixin.qy.service.message.reply.ReplyMessageService - parms:{"msg_signature":["dc3439e3ebb56289a908aa043b70de03419aefa9"],"timestamp":["1510193956"],"nonce":["1238100620"]}
2017-11-09 10:19:17.162 [http-apr-8080-exec-8] INFO  com.ray.weixin.qy.service.message.reply.ReplyMessageService - postData:<xml><ToUserName><![CDATA[ww92f5da92bb24696e]]></ToUserName><Encrypt><![CDATA[oPnuJKa3xMNcJKJjNBGmcoE46iLwVXN4RK7nyvJbsNwlxYkya3TnP10U23v8K2F/VAxDKRsE+IXIK+QSiSPGtEowhPAWTM5dKqJapLyqAwDnOoOsWigoHfRwMOwdSQi2yzA78R7GjLtkedVgDcM2bUACyeZ+R1WaDIbVw1L3bHknUO3PzOjBfIsh48gcCdtrbI8aBg+nosvfyMYXVB488JLfVjsQ5VhCzueuApor2TPRt7MmCzTObBzKCoLysG2Cx0VPWVzhNYtlckqkoLUgLPUMWUJXcPJbaKAIuxCR8NB9ob489erCflyy+lnHQwvZchHc1HpT90TbaZMjJvNdZylBolkWkpgBqlC4KrxYNp6cw+43YoPriPi2UKbvWlrO0vVnu30j0CrbJQKMOHZtTfjJnZCM2WnhY7X72EbzrlQ6jCYra4L1bE2RuQMRiqWMgEaLYWzDZCwLLdjCBjpq6quf/pBVuQutsjzOobBUB9U4TZwNNdXQXpvrBH5JUcWY]]></Encrypt><AgentID><![CDATA[1000002]]></AgentID></xml>
2017-11-09 10:19:17.163 [http-apr-8080-exec-8] INFO  com.ray.weixin.qy.service.message.reply.ReplyMessageService - reply_xmlMsg:<xml><ToUserName><![CDATA[ww92f5da92bb24696e]]></ToUserName><FromUserName><![CDATA[ShiRui]]></FromUserName><CreateTime>1510193956</CreateTime><MsgType><![CDATA[event]]></MsgType><AgentID>1000002</AgentID><Event><![CDATA[LOCATION]]></Event><Latitude>31.1676</Latitude><Longitude>121.156</Longitude><Precision>15</Precision></xml>
2017-11-09 10:19:17.164 [http-apr-8080-exec-8] INFO  com.ray.weixin.qy.service.message.reply.ReplyMessageService - fromUserName:ShiRui
2017-11-09 10:19:17.164 [http-apr-8080-exec-8] INFO  com.ray.weixin.qy.service.message.reply.ReplyMessageService - toUserName:ww92f5da92bb24696e
2017-11-09 10:19:17.164 [http-apr-8080-exec-8] INFO  com.ray.weixin.qy.service.message.reply.ReplyMessageService - msgType:event
2017-11-09 10:19:17.164 [http-apr-8080-exec-8] INFO  com.ray.weixin.qy.service.message.reply.ReplyMessageService - Event:LOCATION  eventKey:null
2017-11-09 10:19:30.993 [http-apr-8080-exec-2] INFO  com.ray.weixin.qy.controller.WeiXinServlet - post--------------
2017-11-09 10:19:30.994 [http-apr-8080-exec-2] INFO  com.ray.weixin.qy.service.message.reply.ReplyMessageService - parms:{"msg_signature":["50b5d30dbf858bbd874c80ece5c461266f09c184"],"timestamp":["1510193970"],"nonce":["897615015"]}
2017-11-09 10:19:30.995 [http-apr-8080-exec-2] INFO  com.ray.weixin.qy.service.message.reply.ReplyMessageService - postData:<xml><ToUserName><![CDATA[ww92f5da92bb24696e]]></ToUserName><Encrypt><![CDATA[KXSHzYosi5HIXQl77HdIQeK70UvAqC23SfwAftVbt97Y+UJre2qwvmuPq9FDoZSQP1WzERznayYnHNleQo69Avw9Vg8f52fBap0QYIbIQN3BEtqLPMrYcsWUoci3PFuR9cVHgS6pBH/vWlDIf7BNdcFkutM4fQbgCH+ppD6twb8JaDDqstWI9JNZIlBR+xWmJGR+SWLTIDj5oT5n4vsnuFY19dI0sM6JO3LZ2B0RrLbhH7tGVJLQPg2XmgybPFuJ+YwR6ECkkNutQKDxjNPxgtQFoh9isFo5l0rROZPti6lVN3f2jnH7ovTP264vnQybKZk6xzqhxl2h+usAioLG9gh6LfKYv0QT2b2fDZ8U7VBEGIdZBu2uz48RUBnFlLk4/mIQ5H++FzlHjzNJxO+2hN1dCa7C/fX3gOAMOl57Zb6rwMx+nvYShOTTV2Z2WpZjWigeBvjYGDO1vrKcGQ2LsuUDfLRftKhDvdopdwSuI/jM+Y6kfpzfi/p59uxdA314]]></Encrypt><AgentID><![CDATA[1000002]]></AgentID></xml>
2017-11-09 10:19:31.000 [http-apr-8080-exec-2] INFO  com.ray.weixin.qy.service.message.reply.ReplyMessageService - reply_xmlMsg:<xml><ToUserName><![CDATA[ww92f5da92bb24696e]]></ToUserName><FromUserName><![CDATA[ShiRui]]></FromUserName><CreateTime>1510193970</CreateTime><MsgType><![CDATA[event]]></MsgType><AgentID>1000002</AgentID><Event><![CDATA[LOCATION]]></Event><Latitude>31.1676</Latitude><Longitude>121.156</Longitude><Precision>15</Precision></xml>
2017-11-09 10:19:31.003 [http-apr-8080-exec-2] INFO  com.ray.weixin.qy.service.message.reply.ReplyMessageService - fromUserName:ShiRui
2017-11-09 10:19:31.003 [http-apr-8080-exec-2] INFO  com.ray.weixin.qy.service.message.reply.ReplyMessageService - toUserName:ww92f5da92bb24696e
2017-11-09 10:19:31.003 [http-apr-8080-exec-2] INFO  com.ray.weixin.qy.service.message.reply.ReplyMessageService - msgType:event
2017-11-09 10:19:31.004 [http-apr-8080-exec-2] INFO  com.ray.weixin.qy.service.message.reply.ReplyMessageService - Event:LOCATION  eventKey:null
2017-11-09 10:19:46.442 [http-apr-8080-exec-3] INFO  com.ray.weixin.qy.controller.WeiXinServlet - post--------------
2017-11-09 10:19:46.443 [http-apr-8080-exec-3] INFO  com.ray.weixin.qy.service.message.reply.ReplyMessageService - parms:{"msg_signature":["b0152240f860be7d493c4107ac81e30eb74abe8a"],"timestamp":["1510193985"],"nonce":["155217938"]}
2017-11-09 10:19:46.443 [http-apr-8080-exec-3] INFO  com.ray.weixin.qy.service.message.reply.ReplyMessageService - postData:<xml><ToUserName><![CDATA[ww92f5da92bb24696e]]></ToUserName><Encrypt><![CDATA[1RvLuAyJ8WhhuVQ3OaA5uE/YQHmjwpRAXseREaebLX3aaImntbzIAMlZTXLlPtJpyM0dclSypeWlsHZpZMn3TfCWbaUb+VimslpxoecOT1Iqri77NzIATmHtRBJAXN7v28jtXRNL1V2XKnTe13aPEm9NqNwcg0TAYSokqRltT/5xCXVvd0XXKH2ilY2jjnG3gFhmD/CwpaSgIH6CdPBoJK+UUJ0OyGyQtuBqU3SJzBAMPeKg3PRYoR48kDwRaGTavoIhqJU79WUiSdLwYE2AKQFyqCac+ZEOlfNtZTJATlULKNNeiBUIvAH9h9BuxL3BGZsade9+/L9zNjziZ4Bx66iER6o6g/8T0Trr/yWBlp0mmyK6SdSIXq9MSCZ+joAoK0hRRJPbZ1r6OQVniKVUgHFsh+tgiXpliPeSrVa+0G8/3IG2mMZQHsHn9ryyzvlFqXLjd3rRUatxJh/JtAc52grRVqZNXXE9ESWVhjFiSXapZsbQQAjfTZBry4liVrkO]]></Encrypt><AgentID><![CDATA[1000002]]></AgentID></xml>
2017-11-09 10:19:46.449 [http-apr-8080-exec-3] INFO  com.ray.weixin.qy.service.message.reply.ReplyMessageService - reply_xmlMsg:<xml><ToUserName><![CDATA[ww92f5da92bb24696e]]></ToUserName><FromUserName><![CDATA[ShiRui]]></FromUserName><CreateTime>1510193985</CreateTime><MsgType><![CDATA[event]]></MsgType><AgentID>1000002</AgentID><Event><![CDATA[LOCATION]]></Event><Latitude>31.1676</Latitude><Longitude>121.156</Longitude><Precision>15</Precision></xml>
2017-11-09 10:19:46.452 [http-apr-8080-exec-3] INFO  com.ray.weixin.qy.service.message.reply.ReplyMessageService - fromUserName:ShiRui
2017-11-09 10:19:46.452 [http-apr-8080-exec-3] INFO  com.ray.weixin.qy.service.message.reply.ReplyMessageService - toUserName:ww92f5da92bb24696e
2017-11-09 10:19:46.452 [http-apr-8080-exec-3] INFO  com.ray.weixin.qy.service.message.reply.ReplyMessageService - msgType:event
2017-11-09 10:19:46.452 [http-apr-8080-exec-3] INFO  com.ray.weixin.qy.service.message.reply.ReplyMessageService - Event:LOCATION  eventKey:null
2017-11-09 10:19:58.662 [http-apr-8080-exec-7] INFO  com.ray.weixin.qy.controller.WeiXinServlet - post--------------
2017-11-09 10:19:58.662 [http-apr-8080-exec-7] INFO  com.ray.weixin.qy.service.message.reply.ReplyMessageService - parms:{"msg_signature":["d853c4e1e93032d8b31725737259ecb1db40809c"],"timestamp":["1510193998"],"nonce":["227229532"]}
2017-11-09 10:19:58.662 [http-apr-8080-exec-7] INFO  com.ray.weixin.qy.service.message.reply.ReplyMessageService - postData:<xml><ToUserName><![CDATA[ww92f5da92bb24696e]]></ToUserName><Encrypt><![CDATA[FrYfDyNzOhR9V3/uU0sI1TBIK7DpovhPoSI/gn1aosdYR3sb8W+23Rw9rTh4pYqVhN8SL86rJZdqdO2MNzEwhpsLPnmFB/CiopdLQXEZPAL2xrMc+qc7+CWbISNEmYiodNv+XhITspI5zLrqrD/skpHp4fMdM9vBg5sW3hpwSNH0N9AZtDLH73CgjNJ4AJIR69ZAzOtKuP2IKd+uM6HanP0dE0jghdlu7I4jOrtfn/UsPfbwl0+vnnYHohDZlj2kOKSP3RMFS6KII+04mON6/M4GU+QlsS73Ywmc8hdl6QmBHZcqefOXUtrUC2a7sFOuAY+BppNeQp7slCoEMIETx8ecAIpCmD9hh/Rht8msX8uRC4yiIxC3iqXR7zjnZMal2qiRMHM32HoAGqrLJ441wrbEM8s8TfD3BltRqgB8amrGSnl0udv2kurrlq2zP2JOthEhPxd3HNaEbiM2JEWKVuULCF1lrETs2x4JAWOxD4AOVyey1PeJBAacX24bm8Iw]]></Encrypt><AgentID><![CDATA[1000002]]></AgentID></xml>
2017-11-09 10:19:58.664 [http-apr-8080-exec-7] INFO  com.ray.weixin.qy.service.message.reply.ReplyMessageService - reply_xmlMsg:<xml><ToUserName><![CDATA[ww92f5da92bb24696e]]></ToUserName><FromUserName><![CDATA[ShiRui]]></FromUserName><CreateTime>1510193998</CreateTime><MsgType><![CDATA[event]]></MsgType><AgentID>1000002</AgentID><Event><![CDATA[LOCATION]]></Event><Latitude>31.1676</Latitude><Longitude>121.156</Longitude><Precision>15</Precision></xml>
2017-11-09 10:19:58.665 [http-apr-8080-exec-7] INFO  com.ray.weixin.qy.service.message.reply.ReplyMessageService - fromUserName:ShiRui
2017-11-09 10:19:58.665 [http-apr-8080-exec-7] INFO  com.ray.weixin.qy.service.message.reply.ReplyMessageService - toUserName:ww92f5da92bb24696e
2017-11-09 10:19:58.665 [http-apr-8080-exec-7] INFO  com.ray.weixin.qy.service.message.reply.ReplyMessageService - msgType:event
2017-11-09 10:19:58.665 [http-apr-8080-exec-7] INFO  com.ray.weixin.qy.service.message.reply.ReplyMessageService - Event:LOCATION  eventKey:null
