2017-11-08 18:57:05.928 [http-apr-8080-exec-61] INFO  com.ray.weixin.qy.controller.WeiXinServlet - post--------------
2017-11-08 18:57:05.952 [http-apr-8080-exec-61] INFO  com.ray.weixin.qy.service.message.reply.ReplyMessageService - parms:{"msg_signature":["47a6eb8eb716fea5b99a22cd3a8b545298a92b6c"],"timestamp":["1510138625"],"nonce":["532359557"]}
2017-11-08 18:57:05.953 [http-apr-8080-exec-61] INFO  com.ray.weixin.qy.service.message.reply.ReplyMessageService - postData:<xml><ToUserName><![CDATA[ww92f5da92bb24696e]]></ToUserName><Encrypt><![CDATA[wQshTU6l8Ql2h0hXVtp+Gb48VtD3pCZPUCtOtoNHP6mARbLJg/hiiA6kCAkuSNj/P2ghnvogcNMo0+psy5qDf5vWYuhP6solgumpv78Ckjtj2wwzq++br59pOF0VhEa5NZ6YxoarbsHzNxaDCiMMuUjSW2YKXNNSBL8AaAaRaR4ZSIbhiIBh+Lb3+tZ2bSd7EMjDVDJP/nvsMB5slfSv+ABbGFXPGcFSmXhAkTKXPdrcsJROPIpILRr0ij216AS5Eo/TPztqOmOa3dPg3dOoOh1vM92qDyFlxN/EfUgFMWA0McYAaTlcjfQ+wLEju/tvS5Nhloc5utBGGmAnBkFyqg3wG2D2tdSC/2rH0hZJuvP8EsT0JD71T+ptEslPfME2qOIHr0qyPjR8laiAo5qBauBPiM13ekZWBCnjfNdAfhRS4B8f/mv6n8v3bBiA1l3tui8i0uml8PPnL/Ev6ToKiVYzZxMUEtL1oGmNHAqsOsiVl6AvXSrFPZvZhYxY+DA3]]></Encrypt><AgentID><![CDATA[1000002]]></AgentID></xml>
2017-11-08 18:57:05.959 [http-apr-8080-exec-61] INFO  com.ray.weixin.qy.service.message.reply.ReplyMessageService - reply_xmlMsg:<xml><ToUserName><![CDATA[ww92f5da92bb24696e]]></ToUserName><FromUserName><![CDATA[ShiRui]]></FromUserName><CreateTime>1510138625</CreateTime><MsgType><![CDATA[event]]></MsgType><AgentID>1000002</AgentID><Event><![CDATA[view]]></Event><EventKey><![CDATA[http://rayner.nat300.top/weixin_qy/showInvoice.jsp]]></EventKey></xml>
2017-11-08 18:57:05.964 [http-apr-8080-exec-61] INFO  com.ray.weixin.qy.service.message.reply.ReplyMessageService - fromUserName:ShiRui
2017-11-08 18:57:05.965 [http-apr-8080-exec-61] INFO  com.ray.weixin.qy.service.message.reply.ReplyMessageService - toUserName:ww92f5da92bb24696e
2017-11-08 18:57:05.967 [http-apr-8080-exec-61] INFO  com.ray.weixin.qy.service.message.reply.ReplyMessageService - msgType:event
2017-11-08 18:57:05.967 [http-apr-8080-exec-61] INFO  com.ray.weixin.qy.service.message.reply.ReplyMessageService - Event:view  eventKey:http://rayner.nat300.top/weixin_qy/showInvoice.jsp
2017-11-08 18:57:07.781 [http-apr-8080-exec-53] INFO  com.ray.weixin.qy.util.AuthHelper - jsonObject:{"errcode":0,"access_token":"Qu78kVfDic7yhLpAb4-xCjHc0YFrdSs1qwwdr7uP8dUY0s1NdsdpOgA3EUk_1qVygcAVNCLWoJ8cSPmYNykWCwqjPhVorhs4gWiWxZPJObvC94f5UjHsZBHtyn-vMFls1tgu7zd0dQ_BRd53gWIDU_xJ7HnZZL3SP3vpDY8seem6Zlt1bSThHUy-YOdF5V38V9sQEVj54oDuxqL4Rffe7Q","errmsg":"ok","expires_in":7200}
2017-11-08 18:57:07.836 [http-apr-8080-exec-53] INFO  com.ray.weixin.qy.util.AuthHelper - url:http://rayner.nat300.top/weixin_qy/showInvoice.jsp
2017-11-08 18:57:07.836 [http-apr-8080-exec-53] INFO  com.ray.weixin.qy.util.AuthHelper - accessToken:Qu78kVfDic7yhLpAb4-xCjHc0YFrdSs1qwwdr7uP8dUY0s1NdsdpOgA3EUk_1qVygcAVNCLWoJ8cSPmYNykWCwqjPhVorhs4gWiWxZPJObvC94f5UjHsZBHtyn-vMFls1tgu7zd0dQ_BRd53gWIDU_xJ7HnZZL3SP3vpDY8seem6Zlt1bSThHUy-YOdF5V38V9sQEVj54oDuxqL4Rffe7Q
2017-11-08 18:57:07.836 [http-apr-8080-exec-53] INFO  com.ray.weixin.qy.util.AuthHelper - jsapi_ticket:null
2017-11-08 18:57:07.836 [http-apr-8080-exec-53] INFO  com.ray.weixin.qy.util.AuthHelper - appId:ww92f5da92bb24696e
2017-11-08 18:57:07.836 [http-apr-8080-exec-53] INFO  com.ray.weixin.qy.util.AuthHelper - timestamp:1510138627
2017-11-08 18:57:07.836 [http-apr-8080-exec-53] INFO  com.ray.weixin.qy.util.AuthHelper - nonceStr:26fa9091-fde3-486d-808b-6e5282a2bcbd
2017-11-08 18:57:07.836 [http-apr-8080-exec-53] INFO  com.ray.weixin.qy.util.AuthHelper - signature:null
2017-11-08 18:57:07.837 [http-apr-8080-exec-53] INFO  com.ray.weixin.qy.util.AuthHelper - configValue:{"appId":"ww92f5da92bb24696e","nonceStr":"26fa9091-fde3-486d-808b-6e5282a2bcbd","timestamp":"1510138627"}
2017-11-08 18:57:08.069 [http-apr-8080-exec-53] INFO  com.ray.weixin.qy.util.AuthHelper - jsonObject:{"errcode":0,"access_token":"Qu78kVfDic7yhLpAb4-xCjHc0YFrdSs1qwwdr7uP8dUY0s1NdsdpOgA3EUk_1qVygcAVNCLWoJ8cSPmYNykWCwqjPhVorhs4gWiWxZPJObvC94f5UjHsZBHtyn-vMFls1tgu7zd0dQ_BRd53gWIDU_xJ7HnZZL3SP3vpDY8seem6Zlt1bSThHUy-YOdF5V38V9sQEVj54oDuxqL4Rffe7Q","errmsg":"ok","expires_in":7200}
2017-11-08 18:57:08.368 [http-apr-8080-exec-53] INFO  com.ray.weixin.qy.util.AuthHelper - 获取授权页ticket失败
2017-11-08 18:57:08.369 [http-apr-8080-exec-53] INFO  com.ray.weixin.qy.util.AuthHelper - 获取发票签名失败
2017-11-08 18:57:08.370 [http-apr-8080-exec-53] INFO  com.ray.weixin.qy.util.AuthHelper - apiTicket:null
2017-11-08 18:57:08.371 [http-apr-8080-exec-53] INFO  com.ray.weixin.qy.util.AuthHelper - appId:ww92f5da92bb24696e
2017-11-08 18:57:08.373 [http-apr-8080-exec-53] INFO  com.ray.weixin.qy.util.AuthHelper - timeStamp:1510138628
2017-11-08 18:57:08.374 [http-apr-8080-exec-53] INFO  com.ray.weixin.qy.util.AuthHelper - nonceStr:a163d338-b286-4c1b-9d6e-521b6f27ba77
2017-11-08 18:57:08.374 [http-apr-8080-exec-53] INFO  com.ray.weixin.qy.util.AuthHelper - cardType:INVOICE
2017-11-08 18:57:08.374 [http-apr-8080-exec-53] INFO  com.ray.weixin.qy.util.AuthHelper - cardSign:null
2017-11-08 18:57:08.374 [http-apr-8080-exec-53] INFO  com.ray.weixin.qy.util.AuthHelper - signType:SHA1
2017-11-08 18:57:08.375 [http-apr-8080-exec-53] INFO  com.ray.weixin.qy.util.AuthHelper - configValue:{"signType":"SHA1","nonceStr":"a163d338-b286-4c1b-9d6e-521b6f27ba77","timestamp":"1510138628"}
