2017-11-09 11:20:01.634 [http-apr-8080-exec-6] INFO  com.ray.weixin.qy.controller.WeiXinServlet - post--------------
2017-11-09 11:20:01.644 [http-apr-8080-exec-6] INFO  com.ray.weixin.qy.service.message.reply.ReplyMessageService - parms:{"msg_signature":["43509f457d22ab0e71cd78d5f1375a2386acc9b7"],"timestamp":["1510197601"],"nonce":["166497782"]}
2017-11-09 11:20:01.645 [http-apr-8080-exec-6] INFO  com.ray.weixin.qy.service.message.reply.ReplyMessageService - postData:<xml><ToUserName><![CDATA[ww92f5da92bb24696e]]></ToUserName><Encrypt><![CDATA[xV85ywqfGlV7NjxmK4DAx7KLblBLu2JbSSjeBE3ZBc0cK+6PGg59OxPF3IjA0L2a5OmCD1+T7P6mT5M2G5kNg0rLPhOXee2H+JeW21D2cZiEK7IIT+5PHudcGfTpxzsQtC55OBfektXwxSFs4vnSkAY/8kPdBQArSQxDzPD336yRpa2V/484YDl6WUmA/uu+HJ+qTpnI2XhBeuQgcGVwLgMpkjPpfwQWtb0F4T2n0jrI0FiHXJEuL12Ju22cHMVhLdAlJd1a3HO1CTS6FZrumkYvke1AY4WQg+l6KYbat04n3sOSwVXetOpZs9UhsgMwbjxcRH5rkvwrovxWNjS/R1n2s6sTNxA1lBBo9fQEWNIjKBEJf8APLFMvrdSejuK7o2dz+fQfeYHtDXZG1AG22OADJKd0u0Hvtbh3XNqJQgpiWHgD4NCZSNXdWfbOmeuOSpwKIXe02RVQuJYFhWo3lZNulzJD/dSLB6jSWF6/F+OCKegaCbY0BtzmBRw9q8jy]]></Encrypt><AgentID><![CDATA[1000002]]></AgentID></xml>
2017-11-09 11:20:01.648 [http-apr-8080-exec-6] INFO  com.ray.weixin.qy.service.message.reply.ReplyMessageService - reply_xmlMsg:<xml><ToUserName><![CDATA[ww92f5da92bb24696e]]></ToUserName><FromUserName><![CDATA[ShiRui]]></FromUserName><CreateTime>1510197601</CreateTime><MsgType><![CDATA[event]]></MsgType><AgentID>1000002</AgentID><Event><![CDATA[LOCATION]]></Event><Latitude>31.1676</Latitude><Longitude>121.156</Longitude><Precision>15</Precision></xml>
2017-11-09 11:20:01.650 [http-apr-8080-exec-6] INFO  com.ray.weixin.qy.service.message.reply.ReplyMessageService - fromUserName:ShiRui
2017-11-09 11:20:01.650 [http-apr-8080-exec-6] INFO  com.ray.weixin.qy.service.message.reply.ReplyMessageService - toUserName:ww92f5da92bb24696e
2017-11-09 11:20:01.650 [http-apr-8080-exec-6] INFO  com.ray.weixin.qy.service.message.reply.ReplyMessageService - msgType:event
2017-11-09 11:20:01.651 [http-apr-8080-exec-6] INFO  com.ray.weixin.qy.service.message.reply.ReplyMessageService - Event:LOCATION  eventKey:null
2017-11-09 11:20:06.623 [http-apr-8080-exec-10] INFO  com.ray.weixin.qy.controller.WeiXinServlet - post--------------
2017-11-09 11:20:06.623 [http-apr-8080-exec-10] INFO  com.ray.weixin.qy.service.message.reply.ReplyMessageService - parms:{"msg_signature":["60e46312b2b1c655001c2c691bfa90e5821a7126"],"timestamp":["1510197606"],"nonce":["1928296264"]}
2017-11-09 11:20:06.624 [http-apr-8080-exec-10] INFO  com.ray.weixin.qy.service.message.reply.ReplyMessageService - postData:<xml><ToUserName><![CDATA[ww92f5da92bb24696e]]></ToUserName><Encrypt><![CDATA[I/O7+UM1TU0g41dslIq3atXOIn+VFmsk9ei8cKmaW63gCA4M14E9DXpiRPMGe5PTjTOQnGGUCSAO8tj/SXS3tXlDnV/SesQRxrG738WGrpdJyKepJ83woSJ2OLrDUqJnwxMePQCCEt9TrC+Wp4dIK2C+4NLRGWJitnQYb2VnwpZxFguMruhYQFucs1kKIKPMKt0wsgChAIdgJO5R/W1wI0SoYBsA72/zs6TTFM3NmOeprkBaCvptr/pg5VPoXIy7ffOwvLZXpN0rWJQH6SeOIXe3aVe/nB8CBu5MeCywR2nMQpP4oi5Mfs3VoJ+QfsYFGSqhrvMn+/AvVeBkLr2cClJgSzLd2LIWCENGTzbZEr+ypNrseKPnsFdhE+YbN3KiWoZbidFJcKQ7UhnYNdl2Nha3yDGUHCsPO5I7s0huM+Nmr1MFYuyoyLA8B4a1N1VUv3pKaO0NcV6N+YVptMHImsqJhS4e0N03XJQvEvr4wreqeevBWtD4+IFVTfu9bfIU]]></Encrypt><AgentID><![CDATA[1000002]]></AgentID></xml>
2017-11-09 11:20:06.624 [http-apr-8080-exec-10] INFO  com.ray.weixin.qy.service.message.reply.ReplyMessageService - reply_xmlMsg:<xml><ToUserName><![CDATA[ww92f5da92bb24696e]]></ToUserName><FromUserName><![CDATA[ShiRui]]></FromUserName><CreateTime>1510197606</CreateTime><MsgType><![CDATA[event]]></MsgType><AgentID>1000002</AgentID><Event><![CDATA[LOCATION]]></Event><Latitude>31.1676</Latitude><Longitude>121.156</Longitude><Precision>15</Precision></xml>
2017-11-09 11:20:06.625 [http-apr-8080-exec-10] INFO  com.ray.weixin.qy.service.message.reply.ReplyMessageService - fromUserName:ShiRui
2017-11-09 11:20:06.625 [http-apr-8080-exec-10] INFO  com.ray.weixin.qy.service.message.reply.ReplyMessageService - toUserName:ww92f5da92bb24696e
2017-11-09 11:20:06.625 [http-apr-8080-exec-10] INFO  com.ray.weixin.qy.service.message.reply.ReplyMessageService - msgType:event
2017-11-09 11:20:06.626 [http-apr-8080-exec-10] INFO  com.ray.weixin.qy.service.message.reply.ReplyMessageService - Event:LOCATION  eventKey:null
2017-11-09 11:20:10.164 [http-apr-8080-exec-5] INFO  com.ray.weixin.qy.controller.WeiXinServlet - post--------------
2017-11-09 11:20:10.164 [http-apr-8080-exec-5] INFO  com.ray.weixin.qy.service.message.reply.ReplyMessageService - parms:{"msg_signature":["5294dcc116d12d1149908aa6d0d124c6e2e099a8"],"timestamp":["1510197609"],"nonce":["1030623716"]}
2017-11-09 11:20:10.165 [http-apr-8080-exec-5] INFO  com.ray.weixin.qy.service.message.reply.ReplyMessageService - postData:<xml><ToUserName><![CDATA[ww92f5da92bb24696e]]></ToUserName><Encrypt><![CDATA[8ZsZZrsQfGsGlZUy7o9qbEeftqvQjFQ9gJH1j2hlzk0GxFPdsNH186ERr0ik4ovdU6pyJ3u7P6o2hLQyv822bCB0mFtN8wZRf7JkC5bTkWBxDDxEusdGsujq+3vSXA0nzS5Xz+ma5gngGXPq1XM1TwswErQQNoyt6FSFeO1jDuSGUoQBcQBhv5v+JtdzT9DH/w1qDliP2NboIABtXCdPXzfhmFH7zaroO5xd9Tny+UgLe078QuIgKeSmSfJ5uI2DFIoTl7d30IqNU8wMtCq7ia4SItTBGI3TpkgvgXx/26eoESNJpd/Odv+nsV2MP7M5fjMhnnbTiE2IDhX+L0qwlkvsk9gfbXTeufLARy2exisABPX2XyXjhlXXPtqEcIP0HyBIo1JqD0AouV3RtsaWvB59JIe7akN4I5PtS+VD4kGXKF4PbtnL7SeRNPQt8B5n35MUX62JpM2yD2o+krwVSjK/wUfjKhxQYCU68jEliPI0zY3mC1paWLULaBYNBDPU]]></Encrypt><AgentID><![CDATA[1000002]]></AgentID></xml>
2017-11-09 11:20:10.166 [http-apr-8080-exec-5] INFO  com.ray.weixin.qy.service.message.reply.ReplyMessageService - reply_xmlMsg:<xml><ToUserName><![CDATA[ww92f5da92bb24696e]]></ToUserName><FromUserName><![CDATA[ShiRui]]></FromUserName><CreateTime>1510197609</CreateTime><MsgType><![CDATA[event]]></MsgType><AgentID>1000002</AgentID><Event><![CDATA[view]]></Event><EventKey><![CDATA[http://rayner.nat300.top/weixin_qy/showInvoice.jsp]]></EventKey></xml>
2017-11-09 11:20:10.169 [http-apr-8080-exec-5] INFO  com.ray.weixin.qy.service.message.reply.ReplyMessageService - fromUserName:ShiRui
2017-11-09 11:20:10.169 [http-apr-8080-exec-5] INFO  com.ray.weixin.qy.service.message.reply.ReplyMessageService - toUserName:ww92f5da92bb24696e
2017-11-09 11:20:10.169 [http-apr-8080-exec-5] INFO  com.ray.weixin.qy.service.message.reply.ReplyMessageService - msgType:event
2017-11-09 11:20:10.169 [http-apr-8080-exec-5] INFO  com.ray.weixin.qy.service.message.reply.ReplyMessageService - Event:view  eventKey:http://rayner.nat300.top/weixin_qy/showInvoice.jsp
2017-11-09 11:20:10.914 [http-apr-8080-exec-3] INFO  com.ray.weixin.qy.util.AuthHelper - jsonObject:{"errcode":0,"access_token":"RVUMhaz-QcALWPrIef8VlQayDM5w55oYDw5FrLAax9W4TOLAOXTnChxYEP2-74uxxPT2C9i1I9wewB97GuODOPyN3p7to4_wYWQ3cAQMv-owZeVpxS-gopdSUPHtRFsxqx5m0RnpBhh0BI0DFiUS85FISGwMzmvNvPe6ZvlKrM54gETQx1ZRdVGQSMHVYFzqZBb9C7q_gw-eZZ9u8Kqw4A","errmsg":"ok","expires_in":7200}
2017-11-09 11:20:11.341 [http-apr-8080-exec-3] INFO  com.ray.weixin.qy.util.AuthHelper - jsonObject:{"errcode":0,"ticket":"kgt8ON7yVITDhtdwci0qebCLEfC_BfeygIq8cFPLbdav_wS6aHw3IOuPFhwb5b37fHfTFdS6e23Vb_dbDCjTOg","errmsg":"ok","expires_in":7200}
2017-11-09 11:20:11.342 [http-apr-8080-exec-3] INFO  com.ray.weixin.qy.util.AuthHelper - url:http://rayner.nat300.top/weixin_qy/showInvoice.jsp
2017-11-09 11:20:11.342 [http-apr-8080-exec-3] INFO  com.ray.weixin.qy.util.AuthHelper - accessToken:RVUMhaz-QcALWPrIef8VlQayDM5w55oYDw5FrLAax9W4TOLAOXTnChxYEP2-74uxxPT2C9i1I9wewB97GuODOPyN3p7to4_wYWQ3cAQMv-owZeVpxS-gopdSUPHtRFsxqx5m0RnpBhh0BI0DFiUS85FISGwMzmvNvPe6ZvlKrM54gETQx1ZRdVGQSMHVYFzqZBb9C7q_gw-eZZ9u8Kqw4A
2017-11-09 11:20:11.342 [http-apr-8080-exec-3] INFO  com.ray.weixin.qy.util.AuthHelper - jsapi_ticket:kgt8ON7yVITDhtdwci0qebCLEfC_BfeygIq8cFPLbdav_wS6aHw3IOuPFhwb5b37fHfTFdS6e23Vb_dbDCjTOg
2017-11-09 11:20:11.342 [http-apr-8080-exec-3] INFO  com.ray.weixin.qy.util.AuthHelper - appId:ww92f5da92bb24696e
2017-11-09 11:20:11.342 [http-apr-8080-exec-3] INFO  com.ray.weixin.qy.util.AuthHelper - timestamp:1510197610
2017-11-09 11:20:11.342 [http-apr-8080-exec-3] INFO  com.ray.weixin.qy.util.AuthHelper - nonceStr:0430190b-1159-4fa7-a535-8b423a72bd9b
2017-11-09 11:20:11.342 [http-apr-8080-exec-3] INFO  com.ray.weixin.qy.util.AuthHelper - signature:5456e1acb1bde41f61895ce5cc6cdc6f94ebad65
2017-11-09 11:20:11.342 [http-apr-8080-exec-3] INFO  com.ray.weixin.qy.util.AuthHelper - configValue:{"signature":"5456e1acb1bde41f61895ce5cc6cdc6f94ebad65","appId":"ww92f5da92bb24696e","nonceStr":"0430190b-1159-4fa7-a535-8b423a72bd9b","timestamp":"1510197610"}
2017-11-09 11:20:11.568 [http-apr-8080-exec-9] INFO  com.ray.weixin.qy.controller.WeiXinServlet - post--------------
2017-11-09 11:20:11.569 [http-apr-8080-exec-9] INFO  com.ray.weixin.qy.service.message.reply.ReplyMessageService - parms:{"msg_signature":["e5c6367c3a58616bc3b7d2e34b8c554612b94316"],"timestamp":["1510197611"],"nonce":["1956615993"]}
2017-11-09 11:20:11.569 [http-apr-8080-exec-9] INFO  com.ray.weixin.qy.service.message.reply.ReplyMessageService - postData:<xml><ToUserName><![CDATA[ww92f5da92bb24696e]]></ToUserName><Encrypt><![CDATA[+DPUQqr0lg9CxAQuIVT7Bq5x2J6ZsjJ4dz4pQtCVuN48Pe55gmfN/VX7ICZZiofgSarRElnVrfrcM8tPxuOHsD4rLHcH5GuA8J7CSlfDhes+ZjjuL3QIU2sKqG5R5AyB7VAuZsbfi4gdooTzAGo2z+ezD323KALXNOKqWJdBwyfAy9R7JcdUUD75iY52rkd3llwtG0oUXc1T/jyihiAIAfgkg+aFsIhWFVf8oaAQneE8MpfnRtXhGnJ1HZY/J5fd98k4/nJ5uquj6Lox4RumU8tQRxqfr+rWtpFI1ostqzl8N7DSkV2VVkX1VOwaJnhpB+IiVCK1ki5Lcfc+5ZWWpMpLaRFZZpOXOKVV5iMQmPTTOsBeJ9FObF4nthkkrZA+J4uFlSYOunWVYlr6LrQcHbzk70O+AxXTqOWClRGoVyPh8J5j3MEAvLC8AqBHAz0TG9aPy3ofCiqQNsdhWgyypiBDajyWpxDUcTgWe3a//ggOcP/8cc3keGTNiUYx5PMu]]></Encrypt><AgentID><![CDATA[1000002]]></AgentID></xml>
2017-11-09 11:20:11.572 [http-apr-8080-exec-9] INFO  com.ray.weixin.qy.service.message.reply.ReplyMessageService - reply_xmlMsg:<xml><ToUserName><![CDATA[ww92f5da92bb24696e]]></ToUserName><FromUserName><![CDATA[ShiRui]]></FromUserName><CreateTime>1510197611</CreateTime><MsgType><![CDATA[event]]></MsgType><AgentID>1000002</AgentID><Event><![CDATA[LOCATION]]></Event><Latitude>31.1676</Latitude><Longitude>121.156</Longitude><Precision>15</Precision></xml>
2017-11-09 11:20:11.574 [http-apr-8080-exec-9] INFO  com.ray.weixin.qy.service.message.reply.ReplyMessageService - fromUserName:ShiRui
2017-11-09 11:20:11.574 [http-apr-8080-exec-9] INFO  com.ray.weixin.qy.service.message.reply.ReplyMessageService - toUserName:ww92f5da92bb24696e
2017-11-09 11:20:11.574 [http-apr-8080-exec-9] INFO  com.ray.weixin.qy.service.message.reply.ReplyMessageService - msgType:event
2017-11-09 11:20:11.574 [http-apr-8080-exec-9] INFO  com.ray.weixin.qy.service.message.reply.ReplyMessageService - Event:LOCATION  eventKey:null
2017-11-09 11:20:23.608 [http-apr-8080-exec-2] INFO  com.ray.weixin.qy.controller.WeiXinServlet - post--------------
2017-11-09 11:20:23.609 [http-apr-8080-exec-2] INFO  com.ray.weixin.qy.service.message.reply.ReplyMessageService - parms:{"msg_signature":["293816ca77f5e59443f8fa407bab857b8221bea5"],"timestamp":["1510197623"],"nonce":["433018788"]}
2017-11-09 11:20:23.609 [http-apr-8080-exec-2] INFO  com.ray.weixin.qy.service.message.reply.ReplyMessageService - postData:<xml><ToUserName><![CDATA[ww92f5da92bb24696e]]></ToUserName><Encrypt><![CDATA[hbm26dkDQbjn255qy0CRrhlX65kOaKY8sZEOpvQgGWowS62gb/hieHV3jrZ+Q4VjehsdHEEYslVb6d8s+SJn1D48SVqIL6RvdqthL4KSg9lSEc6PEgZBTQTAPcANvEEWBOmnV5HKOH5pcquyfkMEPEiZ6Z44Ozg084oG/f8iSriZ9PDNFsVSlMSSX8mPkJZzGXzqRpjttRYmirDHLpJNjVUY40JJ5X1d0QplwYo2UiB1YhA5U217Cb+LXPxW3P00YolsnIc6P0TTCNbwXiRdmAPRzXCPrQKX+FrS9GJeDpegZ+zVkzUSHr9duWzIsSryyqmz3SVPrxjzcs3m5/yqH8SyIlSuYvken+hjgbt8n2c9qU+AROHAcHzLf+9Ge0VC42C32EHqWpVsskWsv1GFaDbQpsYOnCE9Vqry51ABghIctthRPJaLFMRYgP1Ab9FESLYusgD2YR5Y3DGuqEHCBVMhth/nMJWsrar03icykJg+N6aEFFPOTYau+uRklvqz]]></Encrypt><AgentID><![CDATA[1000002]]></AgentID></xml>
2017-11-09 11:20:23.612 [http-apr-8080-exec-2] INFO  com.ray.weixin.qy.service.message.reply.ReplyMessageService - reply_xmlMsg:<xml><ToUserName><![CDATA[ww92f5da92bb24696e]]></ToUserName><FromUserName><![CDATA[ShiRui]]></FromUserName><CreateTime>1510197623</CreateTime><MsgType><![CDATA[event]]></MsgType><AgentID>1000002</AgentID><Event><![CDATA[LOCATION]]></Event><Latitude>31.1676</Latitude><Longitude>121.156</Longitude><Precision>15</Precision></xml>
2017-11-09 11:20:23.615 [http-apr-8080-exec-2] INFO  com.ray.weixin.qy.service.message.reply.ReplyMessageService - fromUserName:ShiRui
2017-11-09 11:20:23.615 [http-apr-8080-exec-2] INFO  com.ray.weixin.qy.service.message.reply.ReplyMessageService - toUserName:ww92f5da92bb24696e
2017-11-09 11:20:23.616 [http-apr-8080-exec-2] INFO  com.ray.weixin.qy.service.message.reply.ReplyMessageService - msgType:event
2017-11-09 11:20:23.616 [http-apr-8080-exec-2] INFO  com.ray.weixin.qy.service.message.reply.ReplyMessageService - Event:LOCATION  eventKey:null
2017-11-09 11:20:26.662 [http-apr-8080-exec-5] INFO  com.ray.weixin.qy.controller.WeiXinServlet - post--------------
2017-11-09 11:20:26.662 [http-apr-8080-exec-5] INFO  com.ray.weixin.qy.service.message.reply.ReplyMessageService - parms:{"msg_signature":["3c936b87a2817a4b87f0d4152f21d228d67b875d"],"timestamp":["1510197626"],"nonce":["1721754706"]}
2017-11-09 11:20:26.663 [http-apr-8080-exec-5] INFO  com.ray.weixin.qy.service.message.reply.ReplyMessageService - postData:<xml><ToUserName><![CDATA[ww92f5da92bb24696e]]></ToUserName><Encrypt><![CDATA[+fk9M1JRyl/7ZppwcAfvxR7mMcRDbV0eSN9RXPji1hVj+uNj4peBmfEI3jB/MdXuyI3GDcKa215cBgGfqY2/Yzmg7u9eyjMKeC6SH1oZYxAQpRO5XcFl2cb4QYHtheZAl3bFhmnz0id+gMht/xr7nPXBX4VBxj2eJpCLr+6fHoN0ex8EjnuC3i7rwFloyb/FF37vuPj0bKoXXpxUaBsxQVT14iMPhDDjzbP1maycve1cOECadPMTr8IiVfjPKCNhWxb+FtORy4uphx/OV4OziA5x2KohU5u0slgEDpDKCtLymCZCmcsFuoe5VSyXqzIzUiXx5WtQhPOZtR7iQMqgaPShjXARkLOWIhX0RidNgJ6Bj95xkBvrmXm8HnbaDHdbCMLeQWarbzVEUxehCf7eXEImnn3/MFG4aSrM07xWkF4wI7ALWOBRYpXialArJ0NTfky9oQLKzvvuDeTOxytOjglKXytErKWL9kyezF9vCkBHjKZK71EsCqAEy/1A5Rpq]]></Encrypt><AgentID><![CDATA[1000002]]></AgentID></xml>
2017-11-09 11:20:26.664 [http-apr-8080-exec-5] INFO  com.ray.weixin.qy.service.message.reply.ReplyMessageService - reply_xmlMsg:<xml><ToUserName><![CDATA[ww92f5da92bb24696e]]></ToUserName><FromUserName><![CDATA[ShiRui]]></FromUserName><CreateTime>1510197626</CreateTime><MsgType><![CDATA[event]]></MsgType><AgentID>1000002</AgentID><Event><![CDATA[LOCATION]]></Event><Latitude>31.1676</Latitude><Longitude>121.156</Longitude><Precision>15</Precision></xml>
2017-11-09 11:20:26.664 [http-apr-8080-exec-5] INFO  com.ray.weixin.qy.service.message.reply.ReplyMessageService - fromUserName:ShiRui
2017-11-09 11:20:26.665 [http-apr-8080-exec-5] INFO  com.ray.weixin.qy.service.message.reply.ReplyMessageService - toUserName:ww92f5da92bb24696e
2017-11-09 11:20:26.665 [http-apr-8080-exec-5] INFO  com.ray.weixin.qy.service.message.reply.ReplyMessageService - msgType:event
2017-11-09 11:20:26.665 [http-apr-8080-exec-5] INFO  com.ray.weixin.qy.service.message.reply.ReplyMessageService - Event:LOCATION  eventKey:null
2017-11-09 11:20:30.514 [http-apr-8080-exec-4] INFO  com.ray.weixin.qy.controller.WeiXinServlet - post--------------
2017-11-09 11:20:30.515 [http-apr-8080-exec-4] INFO  com.ray.weixin.qy.service.message.reply.ReplyMessageService - parms:{"msg_signature":["c72e56fd7827f7103e86538dcddb60a5bdeb978d"],"timestamp":["1510197630"],"nonce":["593259918"]}
2017-11-09 11:20:30.515 [http-apr-8080-exec-4] INFO  com.ray.weixin.qy.service.message.reply.ReplyMessageService - postData:<xml><ToUserName><![CDATA[ww92f5da92bb24696e]]></ToUserName><Encrypt><![CDATA[/vIksU+g1ujUwM0o3Yrh1gxd8wXzGMwXWObLgBRNFRGMq5nbFGUE+/CimX+LpHlQHuWT8Pwxai2uC+dL2ZHf4ugeHpg0TXGx1JHFeuJCd+AQY5+OvMj0k5kCSGhhf29yuHNnr4zPkKinn83KOstwwvj0pWFCM1Yv3g8N4VUqg95OGaeHsJwDCIrlv04BG12Ebx+r1ZH7GDn/A7A8hKWwriZ43mCNt2+inA88Y5ZQgx4uzEYsoL5VqoXHmGb/uG8EGGzrZ+dZwachdUDlX38UeHegQrUb0AVKXBKgbuXQzgjNKdfG5lPmwYBpybYbNiwEWQ5xZUXzndA2SrdVUtWBAB69J7inQ9g0NXin1n8t8PaIzSx9OC+bHBoz5gLT/IQIeZ7L15JDWfMEYteVUiSBOqOqB1hy0EZIuHq6F4M3dIUB+Ft3Qa5EPPPsfAb9KvbNZLW9ZPGsmYhTJpa57m/xIsgJS6OeaGh/HdtKU4O1cbXb0wdJ8vTyHXi/bZ36fhUl]]></Encrypt><AgentID><![CDATA[1000002]]></AgentID></xml>
2017-11-09 11:20:30.516 [http-apr-8080-exec-4] INFO  com.ray.weixin.qy.service.message.reply.ReplyMessageService - reply_xmlMsg:<xml><ToUserName><![CDATA[ww92f5da92bb24696e]]></ToUserName><FromUserName><![CDATA[ShiRui]]></FromUserName><CreateTime>1510197616</CreateTime><MsgType><![CDATA[event]]></MsgType><AgentID>1000002</AgentID><Event><![CDATA[LOCATION]]></Event><Latitude>31.1676</Latitude><Longitude>121.156</Longitude><Precision>15</Precision></xml>
2017-11-09 11:20:30.517 [http-apr-8080-exec-4] INFO  com.ray.weixin.qy.service.message.reply.ReplyMessageService - fromUserName:ShiRui
2017-11-09 11:20:30.517 [http-apr-8080-exec-4] INFO  com.ray.weixin.qy.service.message.reply.ReplyMessageService - toUserName:ww92f5da92bb24696e
2017-11-09 11:20:30.517 [http-apr-8080-exec-4] INFO  com.ray.weixin.qy.service.message.reply.ReplyMessageService - msgType:event
2017-11-09 11:20:30.517 [http-apr-8080-exec-4] INFO  com.ray.weixin.qy.service.message.reply.ReplyMessageService - Event:LOCATION  eventKey:null
2017-11-09 11:20:31.722 [http-apr-8080-exec-8] INFO  com.ray.weixin.qy.controller.WeiXinServlet - post--------------
2017-11-09 11:20:31.723 [http-apr-8080-exec-8] INFO  com.ray.weixin.qy.service.message.reply.ReplyMessageService - parms:{"msg_signature":["fca89534d719735de932b4d3b7e823a09b2fcbc1"],"timestamp":["1510197631"],"nonce":["565488580"]}
2017-11-09 11:20:31.723 [http-apr-8080-exec-8] INFO  com.ray.weixin.qy.service.message.reply.ReplyMessageService - postData:<xml><ToUserName><![CDATA[ww92f5da92bb24696e]]></ToUserName><Encrypt><![CDATA[pC/PaBK/AgQsBXHU2DJ7hnQPIlSZIAHgNXMGTY8kV7kqq1Y+9/qgJD+i3orRPp+yxoK57mte2OT9XHJ3HPfEIGmAWg3nvefloTG6MhJKryX13knH95A+kG8f4oJ2RgnDvWY2ad43o4gZag0XsxsfU5f5v9hAtVdCLRZvovIGh8mJGuxA3e5CgBPK74ZtAwlKRMsx/1ZEXnQIIWAhJKiDl+MjYGR9aY8tq9LZldKhMGHvLuiP8elWjQBvLthQKK5ZyeRRhTEZGLCkNFRMgFK0TrxTcEdtNuFpJ83jy60n5t14fVkuQcknjMBs8dqA//rI3BFFg6oB/gqQbtRyhamQkYX/pGuleCkXcpIRNxDnQP2uIRjfquH5fzq4t+0p1r/YU1GGY2qpkiwlhm5zoj3K/HNDUUYtGN30JV6owPw96ud8fQb41xf58rp6m4lLHlOApgGG+2RMe63mpAqoHZulyT9OhVXU7PZpFMwWtlDPnVY7ngHZ8tJjiCDUKowSOBSB]]></Encrypt><AgentID><![CDATA[1000002]]></AgentID></xml>
2017-11-09 11:20:31.724 [http-apr-8080-exec-8] INFO  com.ray.weixin.qy.service.message.reply.ReplyMessageService - reply_xmlMsg:<xml><ToUserName><![CDATA[ww92f5da92bb24696e]]></ToUserName><FromUserName><![CDATA[ShiRui]]></FromUserName><CreateTime>1510197631</CreateTime><MsgType><![CDATA[event]]></MsgType><AgentID>1000002</AgentID><Event><![CDATA[LOCATION]]></Event><Latitude>31.1676</Latitude><Longitude>121.156</Longitude><Precision>15</Precision></xml>
2017-11-09 11:20:31.725 [http-apr-8080-exec-8] INFO  com.ray.weixin.qy.service.message.reply.ReplyMessageService - fromUserName:ShiRui
2017-11-09 11:20:31.725 [http-apr-8080-exec-8] INFO  com.ray.weixin.qy.service.message.reply.ReplyMessageService - toUserName:ww92f5da92bb24696e
2017-11-09 11:20:31.725 [http-apr-8080-exec-8] INFO  com.ray.weixin.qy.service.message.reply.ReplyMessageService - msgType:event
2017-11-09 11:20:31.725 [http-apr-8080-exec-8] INFO  com.ray.weixin.qy.service.message.reply.ReplyMessageService - Event:LOCATION  eventKey:null
2017-11-09 11:20:32.912 [http-apr-8080-exec-7] INFO  com.ray.weixin.qy.util.AuthHelper - jsonObject:{"errcode":0,"access_token":"RVUMhaz-QcALWPrIef8VlQayDM5w55oYDw5FrLAax9W4TOLAOXTnChxYEP2-74uxxPT2C9i1I9wewB97GuODOPyN3p7to4_wYWQ3cAQMv-owZeVpxS-gopdSUPHtRFsxqx5m0RnpBhh0BI0DFiUS85FISGwMzmvNvPe6ZvlKrM54gETQx1ZRdVGQSMHVYFzqZBb9C7q_gw-eZZ9u8Kqw4A","errmsg":"ok","expires_in":7200}
2017-11-09 11:20:33.269 [http-apr-8080-exec-7] INFO  com.ray.weixin.qy.util.AuthHelper - jsonObject:{"errcode":0,"ticket":"kgt8ON7yVITDhtdwci0qebCLEfC_BfeygIq8cFPLbdav_wS6aHw3IOuPFhwb5b37fHfTFdS6e23Vb_dbDCjTOg","errmsg":"ok","expires_in":7200}
2017-11-09 11:20:33.270 [http-apr-8080-exec-7] INFO  com.ray.weixin.qy.util.AuthHelper - url:http://rayner.nat300.top/weixin_qy/showInvoice.jsp
2017-11-09 11:20:33.270 [http-apr-8080-exec-7] INFO  com.ray.weixin.qy.util.AuthHelper - accessToken:RVUMhaz-QcALWPrIef8VlQayDM5w55oYDw5FrLAax9W4TOLAOXTnChxYEP2-74uxxPT2C9i1I9wewB97GuODOPyN3p7to4_wYWQ3cAQMv-owZeVpxS-gopdSUPHtRFsxqx5m0RnpBhh0BI0DFiUS85FISGwMzmvNvPe6ZvlKrM54gETQx1ZRdVGQSMHVYFzqZBb9C7q_gw-eZZ9u8Kqw4A
2017-11-09 11:20:33.270 [http-apr-8080-exec-7] INFO  com.ray.weixin.qy.util.AuthHelper - jsapi_ticket:kgt8ON7yVITDhtdwci0qebCLEfC_BfeygIq8cFPLbdav_wS6aHw3IOuPFhwb5b37fHfTFdS6e23Vb_dbDCjTOg
2017-11-09 11:20:33.270 [http-apr-8080-exec-7] INFO  com.ray.weixin.qy.util.AuthHelper - appId:ww92f5da92bb24696e
2017-11-09 11:20:33.270 [http-apr-8080-exec-7] INFO  com.ray.weixin.qy.util.AuthHelper - timestamp:1510197632
2017-11-09 11:20:33.270 [http-apr-8080-exec-7] INFO  com.ray.weixin.qy.util.AuthHelper - nonceStr:3f9772be-1f4a-4b08-b4bf-7157d971683a
2017-11-09 11:20:33.270 [http-apr-8080-exec-7] INFO  com.ray.weixin.qy.util.AuthHelper - signature:d43622f6a8c19e83aedd7095422f05c9f52eeba1
2017-11-09 11:20:33.270 [http-apr-8080-exec-7] INFO  com.ray.weixin.qy.util.AuthHelper - configValue:{"signature":"d43622f6a8c19e83aedd7095422f05c9f52eeba1","appId":"ww92f5da92bb24696e","nonceStr":"3f9772be-1f4a-4b08-b4bf-7157d971683a","timestamp":"1510197632"}
2017-11-09 11:20:36.782 [http-apr-8080-exec-1] INFO  com.ray.weixin.qy.controller.WeiXinServlet - post--------------
2017-11-09 11:20:36.783 [http-apr-8080-exec-1] INFO  com.ray.weixin.qy.service.message.reply.ReplyMessageService - parms:{"msg_signature":["791207af9bd1a52b922aba28cd1ae24c2460d964"],"timestamp":["1510197636"],"nonce":["40457154"]}
2017-11-09 11:20:36.783 [http-apr-8080-exec-1] INFO  com.ray.weixin.qy.service.message.reply.ReplyMessageService - postData:<xml><ToUserName><![CDATA[ww92f5da92bb24696e]]></ToUserName><Encrypt><![CDATA[DYCXJvvL/4FKUGOdjClKvvXOgPKzuKmOJFbtTwjnKMsX+7ZHm7IaKpZLsqHcUkJuguRy5AZD6vz7IbZItqTMkSihuM9YH2Wpqwme16faWCz3ubAXpJ18Fz7Nn73ciyUNETp7EYxyut5PC886cQzXlx1HL3ME523PkmJ7fVtOS0ptP+61Rk+e2XruEhGkVlxfv0DMh5fxcv42hdCjOHBcwOqcADLie62Nh4sxQrzIj9amHnyPtF5SeXLPXmxqIDzWI4ELD3gQ8s5lAKw3J+2btZnzMICHY4BQJpj0FXBu3E6qV0hf8IsCfR7qm4KIglmYxHw7LLbbbjHAvVqwSMZHftDbQBrVWYdWyZKGUtHxrQXUlEP8h/xCFhJBIrDgx8p/xGvWVUYgpdDLLpqB6VxX69GgrxSMDGFs2IZ1gzcZo+cOA2v/9r4Ot4+CUNmW0RUOe8Ua2ZvHP6qN7/eRxSZGAT3qR55Irm2/HZx3McW20KxWfvEPv5Qq/Rwp/wYC5ghd]]></Encrypt><AgentID><![CDATA[1000002]]></AgentID></xml>
2017-11-09 11:20:36.786 [http-apr-8080-exec-1] INFO  com.ray.weixin.qy.service.message.reply.ReplyMessageService - reply_xmlMsg:<xml><ToUserName><![CDATA[ww92f5da92bb24696e]]></ToUserName><FromUserName><![CDATA[ShiRui]]></FromUserName><CreateTime>1510197636</CreateTime><MsgType><![CDATA[event]]></MsgType><AgentID>1000002</AgentID><Event><![CDATA[LOCATION]]></Event><Latitude>31.1676</Latitude><Longitude>121.156</Longitude><Precision>15</Precision></xml>
2017-11-09 11:20:36.793 [http-apr-8080-exec-1] INFO  com.ray.weixin.qy.service.message.reply.ReplyMessageService - fromUserName:ShiRui
2017-11-09 11:20:36.793 [http-apr-8080-exec-1] INFO  com.ray.weixin.qy.service.message.reply.ReplyMessageService - toUserName:ww92f5da92bb24696e
2017-11-09 11:20:36.793 [http-apr-8080-exec-1] INFO  com.ray.weixin.qy.service.message.reply.ReplyMessageService - msgType:event
2017-11-09 11:20:36.793 [http-apr-8080-exec-1] INFO  com.ray.weixin.qy.service.message.reply.ReplyMessageService - Event:LOCATION  eventKey:null
2017-11-09 11:20:41.738 [http-apr-8080-exec-3] INFO  com.ray.weixin.qy.controller.WeiXinServlet - post--------------
2017-11-09 11:20:41.739 [http-apr-8080-exec-3] INFO  com.ray.weixin.qy.service.message.reply.ReplyMessageService - parms:{"msg_signature":["fae464e1265c29014648c45014d7e75c7866164a"],"timestamp":["1510197641"],"nonce":["1619955120"]}
2017-11-09 11:20:41.739 [http-apr-8080-exec-3] INFO  com.ray.weixin.qy.service.message.reply.ReplyMessageService - postData:<xml><ToUserName><![CDATA[ww92f5da92bb24696e]]></ToUserName><Encrypt><![CDATA[REgpDBpw4ZPL4PwU/aQoy6kbGJ4QebSYOA5Fd5196XI+Di3Bxi4kms2Ye5RTYVMdABXLnkhGG6Ot6c6E3qu5LQCugA8gcuEJEc+VWzyRI03F6txw31EXUXz2onfppHQ07/Yy4CkLSfXopogQKo6Dmj3wrcqy+7BbbbPl9SkgvX3ZNNKHSw5mkhUC6OtpA05U7HhQeytbBplbuc7Zur0HigPLb699QO7Vw0p+BLgnnsqHxbPgV/V/cTtjA1ELlpLC5sleA4CjFgmnR/i9hTg4ldFd2FGdYGH0ppi5zJwc8XXLDI14yV2WkoWHwU1HKMm/j1S60Ud7LUCZ/EUzPN4wWLKJ8IlM1LUz06G729EQrv47OgnaaPkin5SnHg2fS2SyFho8q0cJP4yiFdUtFZwsml24XNjO1+TQqnkI5eASqRVtPTsDayjdLQOn43PDA2F9hmWdVfA9wRwdbnJozm/4nWiTQeNQZATIMSwxLXdqMtm999J24Tq3nu3NA4ANcaNL]]></Encrypt><AgentID><![CDATA[1000002]]></AgentID></xml>
2017-11-09 11:20:41.741 [http-apr-8080-exec-3] INFO  com.ray.weixin.qy.service.message.reply.ReplyMessageService - reply_xmlMsg:<xml><ToUserName><![CDATA[ww92f5da92bb24696e]]></ToUserName><FromUserName><![CDATA[ShiRui]]></FromUserName><CreateTime>1510197641</CreateTime><MsgType><![CDATA[event]]></MsgType><AgentID>1000002</AgentID><Event><![CDATA[LOCATION]]></Event><Latitude>31.1676</Latitude><Longitude>121.156</Longitude><Precision>15</Precision></xml>
2017-11-09 11:20:41.745 [http-apr-8080-exec-3] INFO  com.ray.weixin.qy.service.message.reply.ReplyMessageService - fromUserName:ShiRui
2017-11-09 11:20:41.745 [http-apr-8080-exec-3] INFO  com.ray.weixin.qy.service.message.reply.ReplyMessageService - toUserName:ww92f5da92bb24696e
2017-11-09 11:20:41.745 [http-apr-8080-exec-3] INFO  com.ray.weixin.qy.service.message.reply.ReplyMessageService - msgType:event
2017-11-09 11:20:41.745 [http-apr-8080-exec-3] INFO  com.ray.weixin.qy.service.message.reply.ReplyMessageService - Event:LOCATION  eventKey:null
2017-11-09 11:20:46.890 [http-apr-8080-exec-9] INFO  com.ray.weixin.qy.controller.WeiXinServlet - post--------------
2017-11-09 11:20:46.890 [http-apr-8080-exec-9] INFO  com.ray.weixin.qy.service.message.reply.ReplyMessageService - parms:{"msg_signature":["1685ae8c9674a94dd813ee66524fce8e36e76d76"],"timestamp":["1510197646"],"nonce":["1473945245"]}
2017-11-09 11:20:46.891 [http-apr-8080-exec-9] INFO  com.ray.weixin.qy.service.message.reply.ReplyMessageService - postData:<xml><ToUserName><![CDATA[ww92f5da92bb24696e]]></ToUserName><Encrypt><![CDATA[4yUgOtb33HKGFpJ4SAYKBBLhKbcPUfYL+kXWqPr9nr5Qdq/HjIng4zMGz9w1E+E66S0q4raukLl6AjtzqhBOgibbhECS8YirqmWQ8+Cg4eIBvPxCgT5yNlJyGvBcnyXrjHEBlg6O8hkbSu+4IdgXiAB1e2ZZUmshX4l3EZ2R+ZMCx6wcA/ZF0T21O+hiLy7LUp9csWZ/BlYnORsEe2vRolWDGafU5DEQ3P5zMcoRcA4BBRpHk07IFmDMnk6ylDiNoQbfrcJPpM8gsfodEFB66f4h2nLZ45c7qTQM0ESq8WMKRO9dKdmfGlc3WowkROjq/7ROsHC55qqPnqnYnE5xdX2bsJNe5QhEGxz841pNHE75khxGGprZVfEWYCLmGkbWRbY5UV7mGJ3Vk/iGVY4HWVkSc+TWPwiXo3QK3OQNTvH8aWk6Hx6NYxxrJ0xyQPDgAKJUoKKDcXUoN04vHhzGPslvQb3ICmyQwEFxi5yPfARNpBrULrFWGm05xxGKe63p]]></Encrypt><AgentID><![CDATA[1000002]]></AgentID></xml>
2017-11-09 11:20:46.893 [http-apr-8080-exec-9] INFO  com.ray.weixin.qy.service.message.reply.ReplyMessageService - reply_xmlMsg:<xml><ToUserName><![CDATA[ww92f5da92bb24696e]]></ToUserName><FromUserName><![CDATA[ShiRui]]></FromUserName><CreateTime>1510197646</CreateTime><MsgType><![CDATA[event]]></MsgType><AgentID>1000002</AgentID><Event><![CDATA[LOCATION]]></Event><Latitude>31.1676</Latitude><Longitude>121.156</Longitude><Precision>15</Precision></xml>
2017-11-09 11:20:46.895 [http-apr-8080-exec-9] INFO  com.ray.weixin.qy.service.message.reply.ReplyMessageService - fromUserName:ShiRui
2017-11-09 11:20:46.895 [http-apr-8080-exec-9] INFO  com.ray.weixin.qy.service.message.reply.ReplyMessageService - toUserName:ww92f5da92bb24696e
2017-11-09 11:20:46.895 [http-apr-8080-exec-9] INFO  com.ray.weixin.qy.service.message.reply.ReplyMessageService - msgType:event
2017-11-09 11:20:46.895 [http-apr-8080-exec-9] INFO  com.ray.weixin.qy.service.message.reply.ReplyMessageService - Event:LOCATION  eventKey:null
2017-11-09 11:20:51.804 [http-apr-8080-exec-6] INFO  com.ray.weixin.qy.controller.WeiXinServlet - post--------------
2017-11-09 11:20:51.805 [http-apr-8080-exec-6] INFO  com.ray.weixin.qy.service.message.reply.ReplyMessageService - parms:{"msg_signature":["0b6dbfd9fdd63fe485d96c7066f4226b20a15374"],"timestamp":["1510197651"],"nonce":["176667934"]}
2017-11-09 11:20:51.805 [http-apr-8080-exec-6] INFO  com.ray.weixin.qy.service.message.reply.ReplyMessageService - postData:<xml><ToUserName><![CDATA[ww92f5da92bb24696e]]></ToUserName><Encrypt><![CDATA[QniAgsnSqx+fwKL3Z7JdfAoOP+8ZnrPvTwV4ntGHunIWXMoYdiZxtXDmnyi+q2b9FXma/nd9faHlOZ/rK6cjzJGZfLkWFIbqTzZLk2KJBsVSZRCyyKNf2QybxjTjzSZFr262rvXcj6wKgyzzdO3MhVbs9Sqh42Z3qywRSUcQN9eXbM/gRjiH9VNSyyPF14mUyGReKK+QaMmQwF+olg+mVuNWU0FtFXW+9Euf8GM6r8jj63dfRMzj9WH1vMrwmgWhWPRzCEJ+N5e1Yo6b0mmCv4M28UZjAdtdjmJUWr/vL6DVWLFeJ8EQ6By9bH/Gjnd/CozOUel4pQMiPfGEo3zBfVPGUvrgiLPYTO9DGZwyGh6LtJeR0At8/f/3e0DOmht95sCEn6sN1PEnh+Zbr+ersZ10xr3wOOMYaEi0agL7n2HPzaX+DXP13YLJ3eRS669R4RU/wc5gM9pJAT52g7hjxyEEva33u7/G0eCmn5d3liVivjIgmMrcAhRv0c4vwOqI]]></Encrypt><AgentID><![CDATA[1000002]]></AgentID></xml>
2017-11-09 11:20:51.806 [http-apr-8080-exec-6] INFO  com.ray.weixin.qy.service.message.reply.ReplyMessageService - reply_xmlMsg:<xml><ToUserName><![CDATA[ww92f5da92bb24696e]]></ToUserName><FromUserName><![CDATA[ShiRui]]></FromUserName><CreateTime>1510197651</CreateTime><MsgType><![CDATA[event]]></MsgType><AgentID>1000002</AgentID><Event><![CDATA[LOCATION]]></Event><Latitude>31.1676</Latitude><Longitude>121.156</Longitude><Precision>15</Precision></xml>
2017-11-09 11:20:51.807 [http-apr-8080-exec-6] INFO  com.ray.weixin.qy.service.message.reply.ReplyMessageService - fromUserName:ShiRui
2017-11-09 11:20:51.808 [http-apr-8080-exec-6] INFO  com.ray.weixin.qy.service.message.reply.ReplyMessageService - toUserName:ww92f5da92bb24696e
2017-11-09 11:20:51.808 [http-apr-8080-exec-6] INFO  com.ray.weixin.qy.service.message.reply.ReplyMessageService - msgType:event
2017-11-09 11:20:51.808 [http-apr-8080-exec-6] INFO  com.ray.weixin.qy.service.message.reply.ReplyMessageService - Event:LOCATION  eventKey:null
2017-11-09 11:20:56.948 [http-apr-8080-exec-10] INFO  com.ray.weixin.qy.controller.WeiXinServlet - post--------------
2017-11-09 11:20:56.949 [http-apr-8080-exec-10] INFO  com.ray.weixin.qy.service.message.reply.ReplyMessageService - parms:{"msg_signature":["1132586080daf9512cef3458286c5714961e0f4e"],"timestamp":["1510197656"],"nonce":["366742101"]}
2017-11-09 11:20:56.949 [http-apr-8080-exec-10] INFO  com.ray.weixin.qy.service.message.reply.ReplyMessageService - postData:<xml><ToUserName><![CDATA[ww92f5da92bb24696e]]></ToUserName><Encrypt><![CDATA[li7TT3UItB5/KaT36WvAzREbzqjKRUNIJoeu08dMzC92egzDs3+mYBszT4cqgm/5JbWuRE5y1u/MKU8fiyDGwu4/k3nAq5TOELymREvbp0vF+8Mx4FTd2vvLuKBoJ4BY7AxXT8y4jI4zrcI+Xdbq+doTWJUt5L66+TYox5a3uUvTdlIrclwtLH1VBCE8itWTjwDa72ELcU+qGo6iAwNZFygFb5lYQQ1TSMRpVTiPeLEIJxBCTzELXHa0iI4jIv+U/QQB/vVokVTFrXhkpH9INAAK1gFHsgHHwXpnGEnhADy5FU+7bmuNk1c32+VwdWoUqKoyCqlh3o8oLUifF0uP2aHOgE7yP5ey9Q0K7Qh7Od5JkvfERkKlWI7Hmwg9lZeo3xA8YaTNpRIesCjAS2nfde4l5c29qQ6CE4cz5MYRCmhroxOOGC2xiRjluveCxf8iMovco/9xIREJWcg00XXaqYd1NqrN4zNmB7Dr2UpUdVr7mezqjwr8iSIbPjdhSgXG]]></Encrypt><AgentID><![CDATA[1000002]]></AgentID></xml>
2017-11-09 11:20:56.953 [http-apr-8080-exec-10] INFO  com.ray.weixin.qy.service.message.reply.ReplyMessageService - reply_xmlMsg:<xml><ToUserName><![CDATA[ww92f5da92bb24696e]]></ToUserName><FromUserName><![CDATA[ShiRui]]></FromUserName><CreateTime>1510197656</CreateTime><MsgType><![CDATA[event]]></MsgType><AgentID>1000002</AgentID><Event><![CDATA[LOCATION]]></Event><Latitude>31.1676</Latitude><Longitude>121.156</Longitude><Precision>15</Precision></xml>
2017-11-09 11:20:56.956 [http-apr-8080-exec-10] INFO  com.ray.weixin.qy.service.message.reply.ReplyMessageService - fromUserName:ShiRui
2017-11-09 11:20:56.956 [http-apr-8080-exec-10] INFO  com.ray.weixin.qy.service.message.reply.ReplyMessageService - toUserName:ww92f5da92bb24696e
2017-11-09 11:20:56.956 [http-apr-8080-exec-10] INFO  com.ray.weixin.qy.service.message.reply.ReplyMessageService - msgType:event
2017-11-09 11:20:56.956 [http-apr-8080-exec-10] INFO  com.ray.weixin.qy.service.message.reply.ReplyMessageService - Event:LOCATION  eventKey:null
