2017-11-06 15:31:14.300 [http-apr-8080-exec-4] INFO  com.ray.weixin.gz.controller.WeiXinServlet - post--------------
2017-11-06 15:31:14.313 [http-apr-8080-exec-4] INFO  com.ray.weixin.gz.service.message.ReplyMessageService - parms:{"signature":["8d4f9c1364e5ce9bd7011a9e7f83401df87d02b2"],"timestamp":["1509953472"],"nonce":["780081802"],"openid":["oDLefxDvQajibXhSWIWHrkiO1n2o"]}
2017-11-06 15:31:14.314 [http-apr-8080-exec-4] INFO  com.ray.weixin.gz.service.message.ReplyMessageService - postData:<xml><ToUserName><![CDATA[gh_8c1dd328db4e]]></ToUserName><FromUserName><![CDATA[oDLefxDvQajibXhSWIWHrkiO1n2o]]></FromUserName><CreateTime>1509953472</CreateTime><MsgType><![CDATA[event]]></MsgType><Event><![CDATA[VIEW]]></Event><EventKey><![CDATA[https://mp.weixin.qq.com/bizmall/authinvoice?action=list&s_pappid=d3hhMDA2NGVhNjU3ZjgwMDYyX0s22HY1myAuWWro7q-FsX8KWzrWiEgI8Ngqa3-W6dQ4&appid=wxa0064ea657f80062&num=1&o1=1234&m1=11&t1=1509942717&source=web&type=1&redirect_url=https%3A%2F%2Fmp.weixin.qq.com&signature=3940aae89b04a0fd05f8f231b74821939f0d18df#wechat_redirect]]></EventKey><MenuId>591656130</MenuId></xml>
2017-11-06 15:31:14.330 [http-apr-8080-exec-4] INFO  com.ray.weixin.gz.service.message.ReplyMessageService - 明文模式
2017-11-06 15:31:14.330 [http-apr-8080-exec-4] INFO  com.ray.weixin.gz.service.message.ReplyMessageService - <xml><ToUserName><![CDATA[gh_8c1dd328db4e]]></ToUserName><FromUserName><![CDATA[oDLefxDvQajibXhSWIWHrkiO1n2o]]></FromUserName><CreateTime>1509953472</CreateTime><MsgType><![CDATA[event]]></MsgType><Event><![CDATA[VIEW]]></Event><EventKey><![CDATA[https://mp.weixin.qq.com/bizmall/authinvoice?action=list&s_pappid=d3hhMDA2NGVhNjU3ZjgwMDYyX0s22HY1myAuWWro7q-FsX8KWzrWiEgI8Ngqa3-W6dQ4&appid=wxa0064ea657f80062&num=1&o1=1234&m1=11&t1=1509942717&source=web&type=1&redirect_url=https%3A%2F%2Fmp.weixin.qq.com&signature=3940aae89b04a0fd05f8f231b74821939f0d18df#wechat_redirect]]></EventKey><MenuId>591656130</MenuId></xml>
2017-11-06 15:31:14.334 [http-apr-8080-exec-4] INFO  com.ray.weixin.gz.service.message.ReplyMessageService - fromUserName:oDLefxDvQajibXhSWIWHrkiO1n2o
2017-11-06 15:31:14.335 [http-apr-8080-exec-4] INFO  com.ray.weixin.gz.service.message.ReplyMessageService - toUserName:gh_8c1dd328db4e
2017-11-06 15:31:14.336 [http-apr-8080-exec-4] INFO  com.ray.weixin.gz.service.message.ReplyMessageService - msgType:event
2017-11-06 15:31:14.337 [http-apr-8080-exec-4] INFO  com.ray.weixin.gz.service.message.ReplyMessageService - Event:VIEW  eventKey:https://mp.weixin.qq.com/bizmall/authinvoice?action=list&s_pappid=d3hhMDA2NGVhNjU3ZjgwMDYyX0s22HY1myAuWWro7q-FsX8KWzrWiEgI8Ngqa3-W6dQ4&appid=wxa0064ea657f80062&num=1&o1=1234&m1=11&t1=1509942717&source=web&type=1&redirect_url=https%3A%2F%2Fmp.weixin.qq.com&signature=3940aae89b04a0fd05f8f231b74821939f0d18df#wechat_redirect
2017-11-06 15:31:20.080 [http-apr-8080-exec-7] INFO  com.ray.weixin.gz.controller.WeiXinServlet - post--------------
2017-11-06 15:31:20.081 [http-apr-8080-exec-7] INFO  com.ray.weixin.gz.service.message.ReplyMessageService - parms:{"signature":["d6ab77e018e216e81d7853ddb1f13d7f5e357f75"],"timestamp":["1509953478"],"nonce":["1982690290"],"openid":["oDLefxDvQajibXhSWIWHrkiO1n2o"]}
2017-11-06 15:31:20.081 [http-apr-8080-exec-7] INFO  com.ray.weixin.gz.service.message.ReplyMessageService - postData:<xml><ToUserName><![CDATA[gh_8c1dd328db4e]]></ToUserName><FromUserName><![CDATA[oDLefxDvQajibXhSWIWHrkiO1n2o]]></FromUserName><CreateTime>1509953478</CreateTime><MsgType><![CDATA[event]]></MsgType><Event><![CDATA[VIEW]]></Event><EventKey><![CDATA[http://rayner.nat300.top/weixin_gz/showInvoice.jsp]]></EventKey><MenuId>591656130</MenuId></xml>
2017-11-06 15:31:20.081 [http-apr-8080-exec-7] INFO  com.ray.weixin.gz.service.message.ReplyMessageService - 明文模式
2017-11-06 15:31:20.082 [http-apr-8080-exec-7] INFO  com.ray.weixin.gz.service.message.ReplyMessageService - <xml><ToUserName><![CDATA[gh_8c1dd328db4e]]></ToUserName><FromUserName><![CDATA[oDLefxDvQajibXhSWIWHrkiO1n2o]]></FromUserName><CreateTime>1509953478</CreateTime><MsgType><![CDATA[event]]></MsgType><Event><![CDATA[VIEW]]></Event><EventKey><![CDATA[http://rayner.nat300.top/weixin_gz/showInvoice.jsp]]></EventKey><MenuId>591656130</MenuId></xml>
2017-11-06 15:31:20.085 [http-apr-8080-exec-7] INFO  com.ray.weixin.gz.service.message.ReplyMessageService - fromUserName:oDLefxDvQajibXhSWIWHrkiO1n2o
2017-11-06 15:31:20.085 [http-apr-8080-exec-7] INFO  com.ray.weixin.gz.service.message.ReplyMessageService - toUserName:gh_8c1dd328db4e
2017-11-06 15:31:20.085 [http-apr-8080-exec-7] INFO  com.ray.weixin.gz.service.message.ReplyMessageService - msgType:event
2017-11-06 15:31:20.086 [http-apr-8080-exec-7] INFO  com.ray.weixin.gz.service.message.ReplyMessageService - Event:VIEW  eventKey:http://rayner.nat300.top/weixin_gz/showInvoice.jsp
2017-11-06 15:31:20.490 [http-apr-8080-exec-8] INFO  com.ray.weixin.gz.util.AuthHelper - jsonObject:{"access_token":"8yeB5D_V42OursJmV1DdCJsWLuIPCFuq7YXZL1Id3dzz2bLsfyguANs946z9DfWCxnP8Me9yQnragb69cVrztMQJgNOQ_UwJo1xUH-NSozgBGAjAEAGLF","expires_in":7200}
2017-11-06 15:31:20.594 [http-apr-8080-exec-8] INFO  com.ray.weixin.gz.util.AuthHelper - jsonObject:{"errcode":0,"ticket":"kgt8ON7yVITDhtdwci0qed-m2nUygHpV3DXUL-ToMki419zagN1aHmm6zri76PigOOxHOAL7l9jxPoGq84BzFg","errmsg":"ok","expires_in":7200}
2017-11-06 15:31:20.594 [http-apr-8080-exec-8] INFO  com.ray.weixin.gz.util.AuthHelper - accessToken:8yeB5D_V42OursJmV1DdCJsWLuIPCFuq7YXZL1Id3dzz2bLsfyguANs946z9DfWCxnP8Me9yQnragb69cVrztMQJgNOQ_UwJo1xUH-NSozgBGAjAEAGLF
2017-11-06 15:31:20.595 [http-apr-8080-exec-8] INFO  com.ray.weixin.gz.util.AuthHelper - ticket:kgt8ON7yVITDhtdwci0qed-m2nUygHpV3DXUL-ToMki419zagN1aHmm6zri76PigOOxHOAL7l9jxPoGq84BzFg
2017-11-06 15:31:20.595 [http-apr-8080-exec-8] INFO  com.ray.weixin.gz.util.AuthHelper - nonceStr:adae8c21-992e-4802-9d31-bf960155fb00
2017-11-06 15:31:20.595 [http-apr-8080-exec-8] INFO  com.ray.weixin.gz.util.AuthHelper - timeStamp:1509953480
2017-11-06 15:31:20.595 [http-apr-8080-exec-8] INFO  com.ray.weixin.gz.util.AuthHelper - signedUrl:http://rayner.nat300.top/weixin_gz/showInvoice.jsp
2017-11-06 15:31:20.595 [http-apr-8080-exec-8] INFO  com.ray.weixin.gz.util.AuthHelper - signature:a4f9043b067e4e2c35fd7b15dccfbf55b98e40eb
2017-11-06 15:31:20.595 [http-apr-8080-exec-8] INFO  com.ray.weixin.gz.util.AuthHelper - appId:wxa0064ea657f80062
2017-11-06 15:31:20.595 [http-apr-8080-exec-8] INFO  com.ray.weixin.gz.util.AuthHelper - configValue:{signature:'a4f9043b067e4e2c35fd7b15dccfbf55b98e40eb',nonceStr:'adae8c21-992e-4802-9d31-bf960155fb00',timeStamp:'1509953480',appId:'wxa0064ea657f80062'}
