2017-11-09 10:13:05.107 [http-apr-8080-exec-7] INFO  com.ray.weixin.qy.controller.WeiXinServlet - post--------------
2017-11-09 10:13:05.111 [http-apr-8080-exec-7] INFO  com.ray.weixin.qy.service.message.reply.ReplyMessageService - parms:{"msg_signature":["41f8e8cf47e4125d1b3c33d621ecd3b3e1b1d4c5"],"timestamp":["1510193584"],"nonce":["2122829387"]}
2017-11-09 10:13:05.111 [http-apr-8080-exec-7] INFO  com.ray.weixin.qy.service.message.reply.ReplyMessageService - postData:<xml><ToUserName><![CDATA[ww92f5da92bb24696e]]></ToUserName><Encrypt><![CDATA[kFwa9yExhfmrnZ8DcqJaBDhf6igshbhB5NDdz9KQpNmDWhDuJI67HUjbVwTrxc9c2tEvvcUxvyS7xeCkQNvQDma50QDaoeOyvBpYHdO+UDjZOtHtgaBgM1A47w//5XV0ieGUOXtEiphBHES5w8UPcM/JXbN95T63mZy5QyRIdwzVIVNOm734IgXAhukvRrowGVRst4pgKKKvKUwjX2HOJ3fkzb0BBeuubB1iOK8SIHrZyRid5orYVPYJJwoJ9A0ZbHB8jmnrEwPGhAjPNAqyRmdo4yrlUyJbqDfNdKgJEhGVvZZDD2tl/wXXVuZ8aAxHTQhyeyh6s5dVhxD2as6xX+ttE3drl0OJ0daHfwhyk2axTiSHd/1738ivQ8SJJ7Zt7EOJlq1ZZ0PZCPowJfBXQn6v+8IsQQ/eDFX7xUPfhW3W4ooXfUFbc+4nzkvuaNqwzuVCeQQImbhLDIe5nIQVifYf2PAwS4/dMgQHpJCemEZV6pJMuKNoUg7YqO7ayNZH]]></Encrypt><AgentID><![CDATA[1000002]]></AgentID></xml>
2017-11-09 10:13:05.114 [http-apr-8080-exec-7] INFO  com.ray.weixin.qy.service.message.reply.ReplyMessageService - reply_xmlMsg:<xml><ToUserName><![CDATA[ww92f5da92bb24696e]]></ToUserName><FromUserName><![CDATA[ShiRui]]></FromUserName><CreateTime>1510193584</CreateTime><MsgType><![CDATA[event]]></MsgType><AgentID>1000002</AgentID><Event><![CDATA[LOCATION]]></Event><Latitude>31.1676</Latitude><Longitude>121.156</Longitude><Precision>15</Precision></xml>
2017-11-09 10:13:05.115 [http-apr-8080-exec-7] INFO  com.ray.weixin.qy.service.message.reply.ReplyMessageService - fromUserName:ShiRui
2017-11-09 10:13:05.115 [http-apr-8080-exec-7] INFO  com.ray.weixin.qy.service.message.reply.ReplyMessageService - toUserName:ww92f5da92bb24696e
2017-11-09 10:13:05.115 [http-apr-8080-exec-7] INFO  com.ray.weixin.qy.service.message.reply.ReplyMessageService - msgType:event
2017-11-09 10:13:05.115 [http-apr-8080-exec-7] INFO  com.ray.weixin.qy.service.message.reply.ReplyMessageService - Event:LOCATION  eventKey:null
2017-11-09 10:13:19.851 [http-apr-8080-exec-8] INFO  com.ray.weixin.qy.controller.WeiXinServlet - post--------------
2017-11-09 10:13:19.851 [http-apr-8080-exec-8] INFO  com.ray.weixin.qy.service.message.reply.ReplyMessageService - parms:{"msg_signature":["18888ecbc0be86931d70402dcbad0ea542dac92a"],"timestamp":["1510193599"],"nonce":["2105505586"]}
2017-11-09 10:13:19.851 [http-apr-8080-exec-8] INFO  com.ray.weixin.qy.service.message.reply.ReplyMessageService - postData:<xml><ToUserName><![CDATA[ww92f5da92bb24696e]]></ToUserName><Encrypt><![CDATA[xgA9meQFEV9D8+/s1Fj7ni9kOVXMjtQtN35HCd1UoFs8zh/wcv/3zFyrnKhmtSgoxQc37teoFMNS6lBZF7fTKQJxoddmR1LkKLutUnt7NsU/OAjYkIEAH+R8bbcGgdTrhwXbzhbhOlW6AT9U9kDEVWTqMwbuyPet6PKvWq4diIMGxlHLb6lM7PJ9G4vtkQ2C6ecWmKI7MAHf4nDkgQWsg/JBA3ntYpyY4JQyAFA1QUxnQDwzZvaJTqWWE3NB9sZs2twXVOya3F0Pehsm3hKDvqcYj26Nc8CVsq/fulaDR7YL+QZKJ8YvZh2DlBTI+8f1uul45r70y1bsKQUHwVPNE9cEepW/BrEqSeeZvOrItlVHzBtP0lYKyor8BI2KquC/0y+Dd0zLsMDL53pNkqcnxHi5NaJ/3Ot/woCAC/enV8DbX9H6Vag6RgxzkkWLZET5zDAXoFiaHFCwcn7YbMNSDKHQpksrDhwLSQbHdD00IdBIPRE7OIEFHQBaWRTH2X1m]]></Encrypt><AgentID><![CDATA[1000002]]></AgentID></xml>
2017-11-09 10:13:19.852 [http-apr-8080-exec-8] INFO  com.ray.weixin.qy.service.message.reply.ReplyMessageService - reply_xmlMsg:<xml><ToUserName><![CDATA[ww92f5da92bb24696e]]></ToUserName><FromUserName><![CDATA[ShiRui]]></FromUserName><CreateTime>1510193599</CreateTime><MsgType><![CDATA[event]]></MsgType><AgentID>1000002</AgentID><Event><![CDATA[LOCATION]]></Event><Latitude>31.1676</Latitude><Longitude>121.156</Longitude><Precision>15</Precision></xml>
2017-11-09 10:13:19.853 [http-apr-8080-exec-8] INFO  com.ray.weixin.qy.service.message.reply.ReplyMessageService - fromUserName:ShiRui
2017-11-09 10:13:19.853 [http-apr-8080-exec-8] INFO  com.ray.weixin.qy.service.message.reply.ReplyMessageService - toUserName:ww92f5da92bb24696e
2017-11-09 10:13:19.853 [http-apr-8080-exec-8] INFO  com.ray.weixin.qy.service.message.reply.ReplyMessageService - msgType:event
2017-11-09 10:13:19.853 [http-apr-8080-exec-8] INFO  com.ray.weixin.qy.service.message.reply.ReplyMessageService - Event:LOCATION  eventKey:null
2017-11-09 10:13:33.379 [http-apr-8080-exec-1] INFO  com.ray.weixin.qy.controller.WeiXinServlet - post--------------
2017-11-09 10:13:33.380 [http-apr-8080-exec-1] INFO  com.ray.weixin.qy.service.message.reply.ReplyMessageService - parms:{"msg_signature":["fb8b79f90074783845c2ae74e00d746d343a32bf"],"timestamp":["1510193612"],"nonce":["353922789"]}
2017-11-09 10:13:33.380 [http-apr-8080-exec-1] INFO  com.ray.weixin.qy.service.message.reply.ReplyMessageService - postData:<xml><ToUserName><![CDATA[ww92f5da92bb24696e]]></ToUserName><Encrypt><![CDATA[vlIKetCHFfmjt2FfEKpGqpjafDM5dVavY9hjK83pL3x348kiq4dbTeuw2g+z7aS718QBtUnCseTR+BxvLgXjuQU+faJkaqjjILumwlp8gm6SaKrDX4dDtA6luuYMLslsaAttYrCX4gYj0hUlHtg+UVdW/SKBbtZ1GLIv097FC5f0y2/HxACDhQyGRahWjtnE9mIfuvU4xJHEp+zZv8wSGsfrgG/adpGwkfkP858oSna3bZV/hdKyki3oTg1QfBjaJlq/rHO692/6JprRdUiCmPmJlvrYq1AE7OjFvHtSQIFUqKqAebOw30eoQ3tfc1Gat22bPuNVzJRHEKOVyz0Y/xDv6bodu/y4Sr5UET2Jsr6c+y5wY1Voz5+OBjAUrlzdl4ZMocTV1AaF8CT7hPLwDvGcG6r7Urqyag/ao7oqOg10wm9K5+c8gZagl62WiR8vTN3VTZ5ePQyULviE9AHmZwNfi0lcS15Vf9bIaYEQHVQr45bz1+v/5ThD354YF3hP]]></Encrypt><AgentID><![CDATA[1000002]]></AgentID></xml>
2017-11-09 10:13:33.384 [http-apr-8080-exec-1] INFO  com.ray.weixin.qy.service.message.reply.ReplyMessageService - reply_xmlMsg:<xml><ToUserName><![CDATA[ww92f5da92bb24696e]]></ToUserName><FromUserName><![CDATA[ShiRui]]></FromUserName><CreateTime>1510193612</CreateTime><MsgType><![CDATA[event]]></MsgType><AgentID>1000002</AgentID><Event><![CDATA[LOCATION]]></Event><Latitude>31.1676</Latitude><Longitude>121.156</Longitude><Precision>15</Precision></xml>
2017-11-09 10:13:33.387 [http-apr-8080-exec-1] INFO  com.ray.weixin.qy.service.message.reply.ReplyMessageService - fromUserName:ShiRui
2017-11-09 10:13:33.387 [http-apr-8080-exec-1] INFO  com.ray.weixin.qy.service.message.reply.ReplyMessageService - toUserName:ww92f5da92bb24696e
2017-11-09 10:13:33.388 [http-apr-8080-exec-1] INFO  com.ray.weixin.qy.service.message.reply.ReplyMessageService - msgType:event
2017-11-09 10:13:33.388 [http-apr-8080-exec-1] INFO  com.ray.weixin.qy.service.message.reply.ReplyMessageService - Event:LOCATION  eventKey:null
2017-11-09 10:13:47.488 [http-apr-8080-exec-2] INFO  com.ray.weixin.qy.controller.WeiXinServlet - post--------------
2017-11-09 10:13:47.488 [http-apr-8080-exec-2] INFO  com.ray.weixin.qy.service.message.reply.ReplyMessageService - parms:{"msg_signature":["c3ce565ebcc1f68ec4ea3de99745776b1f8dfd71"],"timestamp":["1510193627"],"nonce":["1309081365"]}
2017-11-09 10:13:47.489 [http-apr-8080-exec-2] INFO  com.ray.weixin.qy.service.message.reply.ReplyMessageService - postData:<xml><ToUserName><![CDATA[ww92f5da92bb24696e]]></ToUserName><Encrypt><![CDATA[XwWY5k3UftFOPDX8BCJNAerPpdlFLh1nmdivB+2gdrvo9FciNcBWKqylKBL2tv/KVyPKze1DIFn2BU32fq1zsO7uFb9qI+3Xk+v95U9VPn48QZjbKJiJr+IYKm0PyOVYVQ7rUxHLHbKPYS4dTp6oV6emCSzPLNOUS+Uw3PJIvqBW9su+VHw6pmBGy3ZFEFC5VriMzIzh2Gdhd14fIjjTfclB4rDQrTZD8/hu9/U6QD/6/huV/Wc7XmSMeMXwV3caL51SY2N6aWWtZB5VOYQpYfetLG3+WiW8h2UlSOdwna8eYm+lZsXWG1thwH3nbYaoPQTQdqV+ZjgHfwYzQnHtrYkio1zVhDIABIFCttGteH1jLymOBr6un6QTZCvV/660WaJx0oBmQlLw6g0txQQ/J5D5ho+6fMecTGpmqlg7olYCO1+D/YZYOwc6SyVNmJs09TQGG0Ot57D9d5wA86YgZ9hqeJazEG4DDBRHtJtFVah44tC2EHfFIQvxuEi2qf65]]></Encrypt><AgentID><![CDATA[1000002]]></AgentID></xml>
2017-11-09 10:13:47.490 [http-apr-8080-exec-2] INFO  com.ray.weixin.qy.service.message.reply.ReplyMessageService - reply_xmlMsg:<xml><ToUserName><![CDATA[ww92f5da92bb24696e]]></ToUserName><FromUserName><![CDATA[ShiRui]]></FromUserName><CreateTime>1510193626</CreateTime><MsgType><![CDATA[event]]></MsgType><AgentID>1000002</AgentID><Event><![CDATA[LOCATION]]></Event><Latitude>31.1676</Latitude><Longitude>121.156</Longitude><Precision>15</Precision></xml>
2017-11-09 10:13:47.492 [http-apr-8080-exec-2] INFO  com.ray.weixin.qy.service.message.reply.ReplyMessageService - fromUserName:ShiRui
2017-11-09 10:13:47.492 [http-apr-8080-exec-2] INFO  com.ray.weixin.qy.service.message.reply.ReplyMessageService - toUserName:ww92f5da92bb24696e
2017-11-09 10:13:47.492 [http-apr-8080-exec-2] INFO  com.ray.weixin.qy.service.message.reply.ReplyMessageService - msgType:event
2017-11-09 10:13:47.492 [http-apr-8080-exec-2] INFO  com.ray.weixin.qy.service.message.reply.ReplyMessageService - Event:LOCATION  eventKey:null
