2017-11-15 17:18:46.285 [http-apr-8080-exec-7] INFO  com.ray.weixin.gz.util.AuthHelper - jsonObject:{"access_token":"XzFmzcJlEJNRQDZzH59E9y2Jed1YtftyOno2Ta66WiofHHK90k4Cw4aefp8neiG7w_PvSCRurawdwfCQTa3ur_DX3RElbUHRifj9SfCgMNnhgRuOHCZ0o9FWSq4VM-BXJAYcAGATKI","expires_in":7200}
2017-11-15 17:18:46.396 [http-apr-8080-exec-7] INFO  com.ray.weixin.gz.util.AuthHelper - jsonObject:{"errcode":0,"ticket":"HoagFKDcsGMVCIY2vOjf9mrEXbwXSbqpUm0898_LsZjrgUvXUmjZj1WFa7xD7-y9AQW9Hpa1_IwgC-BK5w_kpw","errmsg":"ok","expires_in":7200}
2017-11-15 17:18:46.397 [http-apr-8080-exec-7] INFO  com.ray.weixin.gz.util.AuthHelper - accessToken:XzFmzcJlEJNRQDZzH59E9y2Jed1YtftyOno2Ta66WiofHHK90k4Cw4aefp8neiG7w_PvSCRurawdwfCQTa3ur_DX3RElbUHRifj9SfCgMNnhgRuOHCZ0o9FWSq4VM-BXJAYcAGATKI
2017-11-15 17:18:46.409 [http-apr-8080-exec-7] INFO  com.ray.weixin.gz.util.AuthHelper - ticket:HoagFKDcsGMVCIY2vOjf9mrEXbwXSbqpUm0898_LsZjrgUvXUmjZj1WFa7xD7-y9AQW9Hpa1_IwgC-BK5w_kpw
2017-11-15 17:18:46.409 [http-apr-8080-exec-7] INFO  com.ray.weixin.gz.util.AuthHelper - nonceStr:709a2960-16a4-43e8-985e-c86934958616
2017-11-15 17:18:46.409 [http-apr-8080-exec-7] INFO  com.ray.weixin.gz.util.AuthHelper - timeStamp:1510737525
2017-11-15 17:18:46.410 [http-apr-8080-exec-7] INFO  com.ray.weixin.gz.util.AuthHelper - signedUrl:http://localhost:8080/weixin_gz/showInvoice.jsp
2017-11-15 17:18:46.410 [http-apr-8080-exec-7] INFO  com.ray.weixin.gz.util.AuthHelper - signature:51a853960be6bb4b6ba8427ca7ed20e445951ea2
2017-11-15 17:18:46.410 [http-apr-8080-exec-7] INFO  com.ray.weixin.gz.util.AuthHelper - appId:wx07c4d9d0895fe212
2017-11-15 17:18:46.410 [http-apr-8080-exec-7] INFO  com.ray.weixin.gz.util.AuthHelper - configValue:{signature:'51a853960be6bb4b6ba8427ca7ed20e445951ea2',nonceStr:'709a2960-16a4-43e8-985e-c86934958616',timeStamp:'1510737525',appId:'wx07c4d9d0895fe212'}
2017-11-15 17:18:48.850 [http-apr-8080-exec-7] INFO  com.ray.weixin.gz.util.AuthHelper - jsonObject:{"access_token":"XzFmzcJlEJNRQDZzH59E9y2Jed1YtftyOno2Ta66WirtWPEtKTaPKQ6RH6Lf1J3p6f8QJtUuUmtSVOxTGVQBrdB4-PgAn4THFewodBFYqlirFex3VPtue0B897HmXTovDRDcAGASGS","expires_in":7197}
2017-11-15 17:18:48.963 [http-apr-8080-exec-7] INFO  com.ray.weixin.gz.service.invoice.InvoiceService - jsonObject:{"errcode":0,"ticket":"9KwiourQPRN3vx3Nn1c_iXCh-5F7rD5UiR6FRkNziS1qBd3gAGN5S8BmdmsudJYYtP_uKP4Q2TgqHEb_CnvT9w","errmsg":"ok","expires_in":7200}
2017-11-15 17:18:48.967 [http-apr-8080-exec-7] INFO  com.ray.weixin.gz.util.AuthHelper - apiTicket:9KwiourQPRN3vx3Nn1c_iXCh-5F7rD5UiR6FRkNziS1qBd3gAGN5S8BmdmsudJYYtP_uKP4Q2TgqHEb_CnvT9w
2017-11-15 17:18:48.968 [http-apr-8080-exec-7] INFO  com.ray.weixin.gz.util.AuthHelper - appId:wx07c4d9d0895fe212
2017-11-15 17:18:48.969 [http-apr-8080-exec-7] INFO  com.ray.weixin.gz.util.AuthHelper - timeStamp:1510737528
2017-11-15 17:18:48.969 [http-apr-8080-exec-7] INFO  com.ray.weixin.gz.util.AuthHelper - nonceStr:96adca88-272e-4c62-ae89-ae3dd0c23dc6
2017-11-15 17:18:48.970 [http-apr-8080-exec-7] INFO  com.ray.weixin.gz.util.AuthHelper - cardType:INVOICE
2017-11-15 17:18:48.970 [http-apr-8080-exec-7] INFO  com.ray.weixin.gz.util.AuthHelper - cardSign:8c9525fe3267d54ea64833ef4c9df870c1b40197
2017-11-15 17:18:48.971 [http-apr-8080-exec-7] INFO  com.ray.weixin.gz.util.AuthHelper - signType:SHA1
2017-11-15 17:18:48.972 [http-apr-8080-exec-7] INFO  com.ray.weixin.gz.util.AuthHelper - configValue:{"signType":"SHA1","cardSign":"8c9525fe3267d54ea64833ef4c9df870c1b40197","nonceStr":"96adca88-272e-4c62-ae89-ae3dd0c23dc6","timestamp":"1510737528"}
2017-11-15 17:18:54.703 [http-apr-8080-exec-2] INFO  com.ray.weixin.gz.util.AuthHelper - jsonObject:{"access_token":"XzFmzcJlEJNRQDZzH59E9y2Jed1YtftyOno2Ta66WiqG3B3wH7CCcet9XtOGBEbmdSW6ivPHxIGD92W8OnFPtiAclDAkqzwsBjDNxSzxOArpfODaf7WNChHHE0rgui3ALHTcAGAEAM","expires_in":7200}
2017-11-15 17:18:54.939 [http-apr-8080-exec-2] INFO  com.ray.weixin.gz.service.invoice.InvoiceService - jsonObject:{"errcode":0,"payee":"上海肯德基有限公司","user_info":{"reimburse_status":"INVOICE_REIMBURSE_INIT","fee":4600,"billing_time":1491580800,"pdf_url":"http://wdfp.5ifapiao.com/wx-card/getPdf/51/d2e398b3-e6bd-4ba1-950d-715d95e87e4c?card_id=pEVWfuPFrMuU3fkx5iWQeSBSefTg&wx_invoice_token=ildMmRT0NZlW7cCwylh6mjJthMTuWIFCILHLU1fhI_8j4EQnNGFw3E_jN7B6PhkwvPZvM0hx7-lvkw8WUHde1Q-aTRnUeJlxk66_bQqXYc4.","title":"上海汉得信息技术股份有限公司","billing_no":"031001600211","billing_code":"46487263","info":[]},"openid":"o1M7_1TLByH8H1T7XCIj23Roo5yU","errmsg":"ok","detail":"可在公司企业号内报销使用","type":"增值税电子普通发票","card_id":"pEVWfuPFrMuU3fkx5iWQeSBSefTg"}
2017-11-15 17:18:55.068 [http-apr-8080-exec-2] INFO  com.ray.weixin.gz.service.invoice.InvoiceService - jsonObject:{"errcode":0,"payee":"上海肯德基有限公司","user_info":{"reimburse_status":"INVOICE_REIMBURSE_INIT","fee":7300,"billing_time":1491148800,"pdf_url":"http://wdfp.5ifapiao.com/wx-card/getPdf/51/d8b3e382-5838-4324-ad91-7df8b9f4581c?card_id=pEVWfuPFrMuU3fkx5iWQeSBSefTg&wx_invoice_token=ildMmRT0NZlW7cCwylh6mjJthMTuWIFCILHLU1fhI_8j4EQnNGFw3E_jN7B6PhkwblBa_xrpP9LSmu0UGiBsoK5KdxiL0CBqRmZJBbGomvo.","title":"上海汉得信息技术股份有限公司","billing_no":"031001600211","billing_code":"46606278","info":[]},"openid":"o1M7_1TLByH8H1T7XCIj23Roo5yU","errmsg":"ok","detail":"可在公司企业号内报销使用","type":"增值税电子普通发票","card_id":"pEVWfuPFrMuU3fkx5iWQeSBSefTg"}
2017-11-15 17:18:55.070 [http-apr-8080-exec-2] INFO  com.ray.weixin.gz.controller.invoice.InvoiceServlet - [{"errcode":0,"payee":"上海肯德基有限公司","user_info":{"reimburse_status":"INVOICE_REIMBURSE_INIT","fee":4600,"billing_time":1491580800,"pdf_url":"http://wdfp.5ifapiao.com/wx-card/getPdf/51/d2e398b3-e6bd-4ba1-950d-715d95e87e4c?card_id=pEVWfuPFrMuU3fkx5iWQeSBSefTg&wx_invoice_token=ildMmRT0NZlW7cCwylh6mjJthMTuWIFCILHLU1fhI_8j4EQnNGFw3E_jN7B6PhkwvPZvM0hx7-lvkw8WUHde1Q-aTRnUeJlxk66_bQqXYc4.","title":"上海汉得信息技术股份有限公司","billing_no":"031001600211","billing_code":"46487263","info":[]},"openid":"o1M7_1TLByH8H1T7XCIj23Roo5yU","errmsg":"ok","detail":"可在公司企业号内报销使用","type":"增值税电子普通发票","card_id":"pEVWfuPFrMuU3fkx5iWQeSBSefTg"},{"errcode":0,"payee":"上海肯德基有限公司","user_info":{"reimburse_status":"INVOICE_REIMBURSE_INIT","fee":7300,"billing_time":1491148800,"pdf_url":"http://wdfp.5ifapiao.com/wx-card/getPdf/51/d8b3e382-5838-4324-ad91-7df8b9f4581c?card_id=pEVWfuPFrMuU3fkx5iWQeSBSefTg&wx_invoice_token=ildMmRT0NZlW7cCwylh6mjJthMTuWIFCILHLU1fhI_8j4EQnNGFw3E_jN7B6PhkwblBa_xrpP9LSmu0UGiBsoK5KdxiL0CBqRmZJBbGomvo.","title":"上海汉得信息技术股份有限公司","billing_no":"031001600211","billing_code":"46606278","info":[]},"openid":"o1M7_1TLByH8H1T7XCIj23Roo5yU","errmsg":"ok","detail":"可在公司企业号内报销使用","type":"增值税电子普通发票","card_id":"pEVWfuPFrMuU3fkx5iWQeSBSefTg"}]
