2017-11-15 17:20:30.676 [http-apr-8080-exec-5] INFO  com.ray.weixin.gz.util.AuthHelper - jsonObject:{"access_token":"yQNp2cfcwV1AjPOEO6Fo-rAJSMslDY4X9Edn-hodLpd1fAH5ojXgwlB1Jevy1-o8Tm6Ul_6joD1juxXIL31ApxE5RVfShRzgQJ4k1eFcSWRLGV_IQ7nFNvaupArjtFn2JNFdAJAEIA","expires_in":7200}
2017-11-15 17:20:30.829 [http-apr-8080-exec-5] INFO  com.ray.weixin.gz.util.AuthHelper - jsonObject:{"errcode":0,"ticket":"HoagFKDcsGMVCIY2vOjf9mrEXbwXSbqpUm0898_LsZjrgUvXUmjZj1WFa7xD7-y9AQW9Hpa1_IwgC-BK5w_kpw","errmsg":"ok","expires_in":7200}
2017-11-15 17:20:30.830 [http-apr-8080-exec-5] INFO  com.ray.weixin.gz.util.AuthHelper - accessToken:yQNp2cfcwV1AjPOEO6Fo-rAJSMslDY4X9Edn-hodLpd1fAH5ojXgwlB1Jevy1-o8Tm6Ul_6joD1juxXIL31ApxE5RVfShRzgQJ4k1eFcSWRLGV_IQ7nFNvaupArjtFn2JNFdAJAEIA
2017-11-15 17:20:30.832 [http-apr-8080-exec-5] INFO  com.ray.weixin.gz.util.AuthHelper - ticket:HoagFKDcsGMVCIY2vOjf9mrEXbwXSbqpUm0898_LsZjrgUvXUmjZj1WFa7xD7-y9AQW9Hpa1_IwgC-BK5w_kpw
2017-11-15 17:20:30.833 [http-apr-8080-exec-5] INFO  com.ray.weixin.gz.util.AuthHelper - nonceStr:0f28d924-3fc1-40ab-b279-eef43b2e512e
2017-11-15 17:20:30.833 [http-apr-8080-exec-5] INFO  com.ray.weixin.gz.util.AuthHelper - timeStamp:1510737629
2017-11-15 17:20:30.833 [http-apr-8080-exec-5] INFO  com.ray.weixin.gz.util.AuthHelper - signedUrl:http://localhost:8080/weixin_gz/showInvoice.jsp
2017-11-15 17:20:30.833 [http-apr-8080-exec-5] INFO  com.ray.weixin.gz.util.AuthHelper - signature:a936cf09d144dfff929f1e7fe3f1e16ce9bce7d2
2017-11-15 17:20:30.834 [http-apr-8080-exec-5] INFO  com.ray.weixin.gz.util.AuthHelper - appId:wx07c4d9d0895fe212
2017-11-15 17:20:30.834 [http-apr-8080-exec-5] INFO  com.ray.weixin.gz.util.AuthHelper - configValue:{signature:'a936cf09d144dfff929f1e7fe3f1e16ce9bce7d2',nonceStr:'0f28d924-3fc1-40ab-b279-eef43b2e512e',timeStamp:'1510737629',appId:'wx07c4d9d0895fe212'}
2017-11-15 17:20:30.927 [http-apr-8080-exec-5] INFO  com.ray.weixin.gz.util.AuthHelper - jsonObject:{"access_token":"yQNp2cfcwV1AjPOEO6Fo-rAJSMslDY4X9Edn-hodLpdruDs7PjMblKo0UIe46eaGVPI8Po66HmWpXAnWoCIl7n0RNcS_O4ravPwpZCaG-uqS-DgSdLbhxLlHbKUKAkcPOYIdAJAWGQ","expires_in":7200}
2017-11-15 17:20:31.033 [http-apr-8080-exec-5] INFO  com.ray.weixin.gz.service.invoice.InvoiceService - jsonObject:{"errcode":0,"ticket":"9KwiourQPRN3vx3Nn1c_iXCh-5F7rD5UiR6FRkNziS1qBd3gAGN5S8BmdmsudJYYtP_uKP4Q2TgqHEb_CnvT9w","errmsg":"ok","expires_in":7200}
2017-11-15 17:20:31.034 [http-apr-8080-exec-5] INFO  com.ray.weixin.gz.util.AuthHelper - apiTicket:9KwiourQPRN3vx3Nn1c_iXCh-5F7rD5UiR6FRkNziS1qBd3gAGN5S8BmdmsudJYYtP_uKP4Q2TgqHEb_CnvT9w
2017-11-15 17:20:31.035 [http-apr-8080-exec-5] INFO  com.ray.weixin.gz.util.AuthHelper - appId:wx07c4d9d0895fe212
2017-11-15 17:20:31.035 [http-apr-8080-exec-5] INFO  com.ray.weixin.gz.util.AuthHelper - timeStamp:1510737631
2017-11-15 17:20:31.035 [http-apr-8080-exec-5] INFO  com.ray.weixin.gz.util.AuthHelper - nonceStr:20ff953c-86b1-479e-9951-72283ad62d47
2017-11-15 17:20:31.035 [http-apr-8080-exec-5] INFO  com.ray.weixin.gz.util.AuthHelper - cardType:INVOICE
2017-11-15 17:20:31.035 [http-apr-8080-exec-5] INFO  com.ray.weixin.gz.util.AuthHelper - cardSign:6595f73c76585ea7a588406065527d63ab05b51a
2017-11-15 17:20:31.036 [http-apr-8080-exec-5] INFO  com.ray.weixin.gz.util.AuthHelper - signType:SHA1
2017-11-15 17:20:31.037 [http-apr-8080-exec-5] INFO  com.ray.weixin.gz.util.AuthHelper - configValue:{"signType":"SHA1","cardSign":"6595f73c76585ea7a588406065527d63ab05b51a","nonceStr":"20ff953c-86b1-479e-9951-72283ad62d47","timestamp":"1510737631"}
2017-11-15 17:20:54.016 [http-apr-8080-exec-8] INFO  com.ray.weixin.gz.util.AuthHelper - jsonObject:{"access_token":"lRChjlizy55Wyu7EejXeb52WrTz1WlP6u3AI57Mg42BDnknpa058ev0C6Vw6cM9gi2knDF22vvAvsJtmJtMf-rN2ys0J7UNqVzEdFfbXwucsxYeeJrMrZfPXz-Kux-CjETLeAEAODV","expires_in":7200}
