2017-11-09 11:27:02.764 [http-apr-8080-exec-14] INFO  com.ray.weixin.qy.controller.WeiXinServlet - post--------------
2017-11-09 11:27:02.789 [http-apr-8080-exec-14] INFO  com.ray.weixin.qy.service.message.reply.ReplyMessageService - parms:{"msg_signature":["d9cef4c6b42ccfd59b54d7275de3b99d11e16ce8"],"timestamp":["1510198022"],"nonce":["2110263790"]}
2017-11-09 11:27:02.789 [http-apr-8080-exec-14] INFO  com.ray.weixin.qy.service.message.reply.ReplyMessageService - postData:<xml><ToUserName><![CDATA[ww92f5da92bb24696e]]></ToUserName><Encrypt><![CDATA[UlP2Fp6y35zf4vm8OXj9Rc7mdhNKH2FFJkbeYOboT+PKlgQltMdRxNAwb8g3kBj/Lu0NGaA6gNv89vaHqe2loZG1ao3rioOC1jnfckVHSrMKsOMreHoUs34Cs/oPr268VGJBk/fFozqsIYZ3+b/fxXxawXaUHANs7SI1q8TrgQp0wxbm6BEy1776kWWSatkJmuElj25CuoCLSBXidF3nUr+7MZRKGa/c0xRABs03sN2hWG8W1NdXYmC6MOUmXxv3ABVfxzVscpm41ypovatIt5VyjmVHGRHi8OMdh/VcwdxMOumJVrtpSc3r03TgEPBUsRb9tGOVTfqmjCWGUnKenPdUhhCgjMvh+twkKRLNha4bWKsjez1xcKPm3i0+hO7KdFXUcBJIbYV11WaA4oDXkbLPBL2TPJnf2il9u2zICAf58bO7ry8QsA++pkBfn4G32JzFI3sC9vGThl/KSEz/WvuPfJL39HBzQTXQHLfS/cjYrSTIrmgR2mCzCk+/qfWU]]></Encrypt><AgentID><![CDATA[1000002]]></AgentID></xml>
2017-11-09 11:27:02.791 [http-apr-8080-exec-14] INFO  com.ray.weixin.qy.service.message.reply.ReplyMessageService - reply_xmlMsg:<xml><ToUserName><![CDATA[ww92f5da92bb24696e]]></ToUserName><FromUserName><![CDATA[ShiRui]]></FromUserName><CreateTime>1510198022</CreateTime><MsgType><![CDATA[event]]></MsgType><AgentID>1000002</AgentID><Event><![CDATA[LOCATION]]></Event><Latitude>31.1676</Latitude><Longitude>121.156</Longitude><Precision>15</Precision></xml>
2017-11-09 11:27:02.793 [http-apr-8080-exec-14] INFO  com.ray.weixin.qy.service.message.reply.ReplyMessageService - fromUserName:ShiRui
2017-11-09 11:27:02.793 [http-apr-8080-exec-14] INFO  com.ray.weixin.qy.service.message.reply.ReplyMessageService - toUserName:ww92f5da92bb24696e
2017-11-09 11:27:02.793 [http-apr-8080-exec-14] INFO  com.ray.weixin.qy.service.message.reply.ReplyMessageService - msgType:event
2017-11-09 11:27:02.793 [http-apr-8080-exec-14] INFO  com.ray.weixin.qy.service.message.reply.ReplyMessageService - Event:LOCATION  eventKey:null
2017-11-09 11:27:07.751 [http-apr-8080-exec-3] INFO  com.ray.weixin.qy.controller.WeiXinServlet - post--------------
2017-11-09 11:27:07.751 [http-apr-8080-exec-3] INFO  com.ray.weixin.qy.service.message.reply.ReplyMessageService - parms:{"msg_signature":["afabb1240bda14f78a8192e4be2fe0e78bc1b3a4"],"timestamp":["1510198027"],"nonce":["1838038806"]}
2017-11-09 11:27:07.751 [http-apr-8080-exec-3] INFO  com.ray.weixin.qy.service.message.reply.ReplyMessageService - postData:<xml><ToUserName><![CDATA[ww92f5da92bb24696e]]></ToUserName><Encrypt><![CDATA[cS7HuF/aSbjrIZcRSVonwoG0sLTDG5raa7/AkG2GQqCN8x9BL48WwaklpdcNoF3M86Xen9s2J5lmiXNbhvBy/LNJe2+wD7MkqbUjNcOaR4NmrxgNIelaOOlsXspIyyX3kif4TKYv+FvIOC4XRN0obqLAl70nxa60+CRM+tUTPoQ5Sf+XNsJ1+If8BqYw4oyNI7DVtSLLYTRZLqoGIsR9jLC/eev98Da6iUD3ZY3l7S/9fyOKhoznIcxic4UalSpgBmPnTNTqFBxleqOYfgsMmzlZkLeojaX3SvZv2H9cKaHwMXrU4RNMNDnnjIL4vo5Xt+Xq6zcFKoWWojAYAI8p1933tsKPLT5xzjZke8hCSSMK1E0aHZAVMiAnsSXyTuUbbnnTpgCijgVisqW/Yp1qK9QEl3tdslNpumtU3eY2dZXcdEXKw3VQBwlGRWFqdjQoD3Jlbm0kV43IO4hr7Txyae0IOonIjxpp/xQEIiR02Rer6vHjDMuH9BcmgluNTKR8]]></Encrypt><AgentID><![CDATA[1000002]]></AgentID></xml>
2017-11-09 11:27:07.752 [http-apr-8080-exec-3] INFO  com.ray.weixin.qy.service.message.reply.ReplyMessageService - reply_xmlMsg:<xml><ToUserName><![CDATA[ww92f5da92bb24696e]]></ToUserName><FromUserName><![CDATA[ShiRui]]></FromUserName><CreateTime>1510198027</CreateTime><MsgType><![CDATA[event]]></MsgType><AgentID>1000002</AgentID><Event><![CDATA[LOCATION]]></Event><Latitude>31.1676</Latitude><Longitude>121.156</Longitude><Precision>15</Precision></xml>
2017-11-09 11:27:07.754 [http-apr-8080-exec-3] INFO  com.ray.weixin.qy.service.message.reply.ReplyMessageService - fromUserName:ShiRui
2017-11-09 11:27:07.754 [http-apr-8080-exec-3] INFO  com.ray.weixin.qy.service.message.reply.ReplyMessageService - toUserName:ww92f5da92bb24696e
2017-11-09 11:27:07.754 [http-apr-8080-exec-3] INFO  com.ray.weixin.qy.service.message.reply.ReplyMessageService - msgType:event
2017-11-09 11:27:07.754 [http-apr-8080-exec-3] INFO  com.ray.weixin.qy.service.message.reply.ReplyMessageService - Event:LOCATION  eventKey:null
2017-11-09 11:27:12.772 [http-apr-8080-exec-15] INFO  com.ray.weixin.qy.controller.WeiXinServlet - post--------------
2017-11-09 11:27:12.774 [http-apr-8080-exec-15] INFO  com.ray.weixin.qy.service.message.reply.ReplyMessageService - parms:{"msg_signature":["ba486389a1475fa4d0818fa6b351556a97c595a8"],"timestamp":["1510198032"],"nonce":["1723707732"]}
2017-11-09 11:27:12.774 [http-apr-8080-exec-15] INFO  com.ray.weixin.qy.service.message.reply.ReplyMessageService - postData:<xml><ToUserName><![CDATA[ww92f5da92bb24696e]]></ToUserName><Encrypt><![CDATA[7lgLqPkAEueYxmZya1YG3Pma06RYv4N961COOv736dzVwG++wlu8W/bP0lTBjbdMQdDYj18qmwADs72mZzUDHNx41NVzd59kjYwX7I1/XrcNLU8m1KVQgWZ89T4/MlsX4OFeCwMvGvu4f+nZ6lnchdfGNueBGcm32Bp03zKA3YvNL8bSSu4WO4zfIL39xH0i+njjM5ETvTpC7MWjtw3jsM9TAlcMyBo8gpytFbdaIjaOXSjeyWeJHLekaoRcL8m1NxEgXaYsM80gH2nU+/xBEE4GMYGJxd9DrWYGK8P12InuZtScj5RDQy+nQ21//e74TKI1N7ozmMkhdeER/mkQz3qqPXow893SyDnql7ig1SzXkfL1+p95v+0hSrJktAUAAkK2Nv3ugOaMg17OxTJ0QbPmVh5CZXmKv+FfW9o5xvsh0SWH/+BrKxsQa1glx6A24cR4hjtcacSKU8JZxFCINq8ELLNAT6aHQouspzpUS9ujgdD1pG1MmHKI50uH+Cl2]]></Encrypt><AgentID><![CDATA[1000002]]></AgentID></xml>
2017-11-09 11:27:12.776 [http-apr-8080-exec-15] INFO  com.ray.weixin.qy.service.message.reply.ReplyMessageService - reply_xmlMsg:<xml><ToUserName><![CDATA[ww92f5da92bb24696e]]></ToUserName><FromUserName><![CDATA[ShiRui]]></FromUserName><CreateTime>1510198032</CreateTime><MsgType><![CDATA[event]]></MsgType><AgentID>1000002</AgentID><Event><![CDATA[LOCATION]]></Event><Latitude>31.1676</Latitude><Longitude>121.156</Longitude><Precision>15</Precision></xml>
2017-11-09 11:27:12.779 [http-apr-8080-exec-15] INFO  com.ray.weixin.qy.service.message.reply.ReplyMessageService - fromUserName:ShiRui
2017-11-09 11:27:12.779 [http-apr-8080-exec-15] INFO  com.ray.weixin.qy.service.message.reply.ReplyMessageService - toUserName:ww92f5da92bb24696e
2017-11-09 11:27:12.779 [http-apr-8080-exec-15] INFO  com.ray.weixin.qy.service.message.reply.ReplyMessageService - msgType:event
2017-11-09 11:27:12.779 [http-apr-8080-exec-15] INFO  com.ray.weixin.qy.service.message.reply.ReplyMessageService - Event:LOCATION  eventKey:null
2017-11-09 11:27:17.771 [http-apr-8080-exec-8] INFO  com.ray.weixin.qy.controller.WeiXinServlet - post--------------
2017-11-09 11:27:17.772 [http-apr-8080-exec-8] INFO  com.ray.weixin.qy.service.message.reply.ReplyMessageService - parms:{"msg_signature":["b5baff98c232f6a2d7710be49386cc670e219b30"],"timestamp":["1510198037"],"nonce":["520417153"]}
2017-11-09 11:27:17.772 [http-apr-8080-exec-8] INFO  com.ray.weixin.qy.service.message.reply.ReplyMessageService - postData:<xml><ToUserName><![CDATA[ww92f5da92bb24696e]]></ToUserName><Encrypt><![CDATA[VR++Q3ixQ4fqjVQVFiN+4LstdfTu5+s6sxQIew3LFqZ+RQXGeLIh9b2oF1wY7bLE4oYnGbpghyoGTwpsTfH9iiJZaIraxvP9ma5VkQAJTIejK7IpU47Q3EBXGrHbXjWEmYBnr08IDrOrWxAoSPS3LK//dEYVlEyCE3VzlkhNpP8maaRgoKRw9OoJN2rSsh5ibdkHM8hnddCnNUYGj6MCttI5Amh+AgnuvO5EkkmSTg94vGLliSUy1PNEcHoWV+qmi5iXnZQLL8MNWOFUMOJ/OhRdcfDM00vpTXXYb3igmAa7T92tc93b9PxxVBlh3UxQWtwmM+Zn29WiXzZuUBkMndYBsHnrxl2yP/Xd5HH6i1S/dbNzSeh4In9+N5dydw2CyRlaRLDv8wB+S+m38/wzzYMNTfUkRJ/g+88WU2MFLdPZLyk77tbOxJTgWypnibfGQTtBkiODAI80fLJuMZtTcXQMMHIiQl8wKHUqdQklwtDhyfuHvalRncJBs8Vs217h]]></Encrypt><AgentID><![CDATA[1000002]]></AgentID></xml>
2017-11-09 11:27:17.774 [http-apr-8080-exec-8] INFO  com.ray.weixin.qy.service.message.reply.ReplyMessageService - reply_xmlMsg:<xml><ToUserName><![CDATA[ww92f5da92bb24696e]]></ToUserName><FromUserName><![CDATA[ShiRui]]></FromUserName><CreateTime>1510198037</CreateTime><MsgType><![CDATA[event]]></MsgType><AgentID>1000002</AgentID><Event><![CDATA[LOCATION]]></Event><Latitude>31.1676</Latitude><Longitude>121.156</Longitude><Precision>15</Precision></xml>
2017-11-09 11:27:17.776 [http-apr-8080-exec-8] INFO  com.ray.weixin.qy.service.message.reply.ReplyMessageService - fromUserName:ShiRui
2017-11-09 11:27:17.776 [http-apr-8080-exec-8] INFO  com.ray.weixin.qy.service.message.reply.ReplyMessageService - toUserName:ww92f5da92bb24696e
2017-11-09 11:27:17.776 [http-apr-8080-exec-8] INFO  com.ray.weixin.qy.service.message.reply.ReplyMessageService - msgType:event
2017-11-09 11:27:17.776 [http-apr-8080-exec-8] INFO  com.ray.weixin.qy.service.message.reply.ReplyMessageService - Event:LOCATION  eventKey:null
2017-11-09 11:27:22.760 [http-apr-8080-exec-17] INFO  com.ray.weixin.qy.controller.WeiXinServlet - post--------------
2017-11-09 11:27:22.760 [http-apr-8080-exec-17] INFO  com.ray.weixin.qy.service.message.reply.ReplyMessageService - parms:{"msg_signature":["8485c1716e32f9c37ac6fe439d6ff04a6cb9d63f"],"timestamp":["1510198042"],"nonce":["2037087268"]}
2017-11-09 11:27:22.761 [http-apr-8080-exec-17] INFO  com.ray.weixin.qy.service.message.reply.ReplyMessageService - postData:<xml><ToUserName><![CDATA[ww92f5da92bb24696e]]></ToUserName><Encrypt><![CDATA[Bmy66thCBxhrAdXCNgxMo9JyABSP07beHThiH0dik4JGtEDeA/5ehvQAkWD6XDj77sfS0NWlmE8nopCXOzrmgB9N8Rpw3K2vbx4IERuO/kETSmPBg5Ph3uo3ZKWaw9eaaIV8iL3AJ+FUucUkqlxMW2zgr0vYmf8Si7DCQxgeunEplZGkIkoAK/mB0cVSrTBuxuH/+y0v6p5KflEuQ3AZXuB9o/0b6TWUNBVDDQIRG8NTFAF9VFxAh/Fq3Xg1WJD75JJ7J9MmVloXFMcJTJoXtorWMtwuswyK8vuIu/f+q+GzhlTqGQTM39lwIcFyYdxAEu0gAgRKQ1BFJ+7Q38cyR1sOYievK5/w8vOLCXwd5EqS7OhF040uMjoTtUahYGIfU9No7t8MluWkZydQVcqqnU1/DMTKI9I7APaBWSPPqIMy3YDRvlEuEcKKQTNer7sAlPPtgpqN+bP+mMLE9YIXA/55evRRonAf2iMexYpbr1phVcDnjpV3YoIgK7NZKyn6]]></Encrypt><AgentID><![CDATA[1000002]]></AgentID></xml>
2017-11-09 11:27:22.764 [http-apr-8080-exec-17] INFO  com.ray.weixin.qy.service.message.reply.ReplyMessageService - reply_xmlMsg:<xml><ToUserName><![CDATA[ww92f5da92bb24696e]]></ToUserName><FromUserName><![CDATA[ShiRui]]></FromUserName><CreateTime>1510198042</CreateTime><MsgType><![CDATA[event]]></MsgType><AgentID>1000002</AgentID><Event><![CDATA[LOCATION]]></Event><Latitude>31.1676</Latitude><Longitude>121.156</Longitude><Precision>15</Precision></xml>
2017-11-09 11:27:22.766 [http-apr-8080-exec-17] INFO  com.ray.weixin.qy.service.message.reply.ReplyMessageService - fromUserName:ShiRui
2017-11-09 11:27:22.766 [http-apr-8080-exec-17] INFO  com.ray.weixin.qy.service.message.reply.ReplyMessageService - toUserName:ww92f5da92bb24696e
2017-11-09 11:27:22.766 [http-apr-8080-exec-17] INFO  com.ray.weixin.qy.service.message.reply.ReplyMessageService - msgType:event
2017-11-09 11:27:22.767 [http-apr-8080-exec-17] INFO  com.ray.weixin.qy.service.message.reply.ReplyMessageService - Event:LOCATION  eventKey:null
2017-11-09 11:27:27.887 [http-apr-8080-exec-14] INFO  com.ray.weixin.qy.controller.WeiXinServlet - post--------------
2017-11-09 11:27:27.890 [http-apr-8080-exec-14] INFO  com.ray.weixin.qy.service.message.reply.ReplyMessageService - parms:{"msg_signature":["44b34bf78ed82c1ec0e1b8e39fd7f1c0c30c2af4"],"timestamp":["1510198047"],"nonce":["1449019820"]}
2017-11-09 11:27:27.890 [http-apr-8080-exec-14] INFO  com.ray.weixin.qy.service.message.reply.ReplyMessageService - postData:<xml><ToUserName><![CDATA[ww92f5da92bb24696e]]></ToUserName><Encrypt><![CDATA[kdUkihl2mXPn3qzGuw9yjRvAMYq0n6e0P5RfkZvW9VG+HQEL9vb6VS0tJiyDEG3wcLaHufTxCs1YGccyqpCcHkRJffEYAazCTGQG0tumKDdqeFvkqsXDCroUilM6FKyU0W3W/u8AuhD9eF4zy46y92OCW56PDL4UMKWWRiAMrIUHKhoenj0TQV18c8ECYW/uVUsZVR3+PNMGJOJ63plh59Hko7DJZ3H5qICeGV/ChAJ6xo2Se8XFooVvWvtRekTewZ54USrsgWuDkY4437mnt7fS6lo8gqXpih4dE87v5HxoErV5zN4gtGEytJBHQOX7Mk6doAiVyOyKRVe2NKe8BHtptMcqFfeYwT9yKxjXHPxFBfmTVS87r30hle76yfP+q4ICYlEfsimGx92v80rzq7vAAh7IK9+1oKE0U9nmLE2h4WrlFECEVSg1R83CNRJFmw0fuqoiJnI5D9TfaCS7kJyVl/nKGjSkNScc9/HsGUU1/q8BHearQun6GcgF2pzA]]></Encrypt><AgentID><![CDATA[1000002]]></AgentID></xml>
2017-11-09 11:27:27.893 [http-apr-8080-exec-14] INFO  com.ray.weixin.qy.service.message.reply.ReplyMessageService - reply_xmlMsg:<xml><ToUserName><![CDATA[ww92f5da92bb24696e]]></ToUserName><FromUserName><![CDATA[ShiRui]]></FromUserName><CreateTime>1510198047</CreateTime><MsgType><![CDATA[event]]></MsgType><AgentID>1000002</AgentID><Event><![CDATA[LOCATION]]></Event><Latitude>31.1676</Latitude><Longitude>121.156</Longitude><Precision>15</Precision></xml>
2017-11-09 11:27:27.896 [http-apr-8080-exec-14] INFO  com.ray.weixin.qy.service.message.reply.ReplyMessageService - fromUserName:ShiRui
2017-11-09 11:27:27.896 [http-apr-8080-exec-14] INFO  com.ray.weixin.qy.service.message.reply.ReplyMessageService - toUserName:ww92f5da92bb24696e
2017-11-09 11:27:27.897 [http-apr-8080-exec-14] INFO  com.ray.weixin.qy.service.message.reply.ReplyMessageService - msgType:event
2017-11-09 11:27:27.901 [http-apr-8080-exec-14] INFO  com.ray.weixin.qy.service.message.reply.ReplyMessageService - Event:LOCATION  eventKey:null
2017-11-09 11:27:32.808 [http-apr-8080-exec-19] INFO  com.ray.weixin.qy.controller.WeiXinServlet - post--------------
2017-11-09 11:27:32.808 [http-apr-8080-exec-19] INFO  com.ray.weixin.qy.service.message.reply.ReplyMessageService - parms:{"msg_signature":["ace48af731adb43eed8e85e3951b325e3e587a51"],"timestamp":["1510198052"],"nonce":["1301197865"]}
2017-11-09 11:27:32.809 [http-apr-8080-exec-19] INFO  com.ray.weixin.qy.service.message.reply.ReplyMessageService - postData:<xml><ToUserName><![CDATA[ww92f5da92bb24696e]]></ToUserName><Encrypt><![CDATA[dOxTfp0iXcZ6zQPpuzHNLqn18oTolmY69+o2p/7qomVhBoYMhiqHgD3dPZ8xNcwj+XHWSpYyFovdV1am4ffsP9w/KmyYRjBph41ikZVnpo+KT1rn181BY5sGIBCu06kNLRWHa4HdhjdQGeY73YzpYVUX1dgMWpf67R1U0Q/GtWHVgQ8PWyQENU7tqGTMfzL9XbcdSZGMnr9qfpnDRplizugC7KXcKKlV4rPm/KmAvz/UjRjVYjB+hz6P9CD33h7c6oVouuTxTduia0qR2wAAgbhvopkiymdFQrybSTc2q2KwOBrYBopjbI0HphED1FRABuzdSl4w5eGA148izXPDk9kCen0zbq8GW+6gdTndr4ihOqjYzpdHF9LdzKIXRDhe6Jke0OIp4udrF9Spiw6H5pFyvEo7574X9CAf/SnGfYIvoaNGpXbFaT5NlN/tQmoYMy2mQmv7hWtJ3j+zpspKxBcmRk5+EkTo7ETMJvsn8LH0QYE2KcdCL/08L6JNIIj5]]></Encrypt><AgentID><![CDATA[1000002]]></AgentID></xml>
2017-11-09 11:27:32.811 [http-apr-8080-exec-19] INFO  com.ray.weixin.qy.service.message.reply.ReplyMessageService - reply_xmlMsg:<xml><ToUserName><![CDATA[ww92f5da92bb24696e]]></ToUserName><FromUserName><![CDATA[ShiRui]]></FromUserName><CreateTime>1510198052</CreateTime><MsgType><![CDATA[event]]></MsgType><AgentID>1000002</AgentID><Event><![CDATA[LOCATION]]></Event><Latitude>31.1676</Latitude><Longitude>121.156</Longitude><Precision>15</Precision></xml>
2017-11-09 11:27:32.812 [http-apr-8080-exec-19] INFO  com.ray.weixin.qy.service.message.reply.ReplyMessageService - fromUserName:ShiRui
2017-11-09 11:27:32.812 [http-apr-8080-exec-19] INFO  com.ray.weixin.qy.service.message.reply.ReplyMessageService - toUserName:ww92f5da92bb24696e
2017-11-09 11:27:32.812 [http-apr-8080-exec-19] INFO  com.ray.weixin.qy.service.message.reply.ReplyMessageService - msgType:event
2017-11-09 11:27:32.812 [http-apr-8080-exec-19] INFO  com.ray.weixin.qy.service.message.reply.ReplyMessageService - Event:LOCATION  eventKey:null
2017-11-09 11:27:37.848 [http-apr-8080-exec-15] INFO  com.ray.weixin.qy.controller.WeiXinServlet - post--------------
2017-11-09 11:27:37.848 [http-apr-8080-exec-15] INFO  com.ray.weixin.qy.service.message.reply.ReplyMessageService - parms:{"msg_signature":["c05ac1ee79e4ff51130a83ec356b2bab56a2c97e"],"timestamp":["1510198057"],"nonce":["1415725288"]}
2017-11-09 11:27:37.849 [http-apr-8080-exec-15] INFO  com.ray.weixin.qy.service.message.reply.ReplyMessageService - postData:<xml><ToUserName><![CDATA[ww92f5da92bb24696e]]></ToUserName><Encrypt><![CDATA[NvBLhlv6iJg8zyYebTr8DLWGM8z7n1NdX4RTF+q9/ajRClHnoMYuVdO7OSDtT7iYrR9yBjpR+zoRkwoNQHU0KWHpKM/cw2z93v3Q2Ny0/t+m3by6N+VqNHOEtrXPfYH0T59+6HroOLY8ryd/fsRwVkkKoECrPyE//PO8JEAv9yfg7XbIjq+npaRcwcgry1YtUPxwnC/BcsqwGv+p2GftVKdBbOMjehprdwm2TB+Yc5yaF4R/7h+BqqIS7urFR1aISjX/Kggdqyw266AfudUsU603MePAK5x8bEqFc5RBjAxaU+rt7qxJtAmRNAQmAtMFjQBMbixMgDezkQ+f/iFSia0r0ky5o3SjuT4lLQPiNOHbk3cXhIA6Fw9xrka9Bn4BgaE4roFCfAcj10/25PVEc2H6eHILf2hhlCtbtSzNWLsVRz7npgwPxprLYbPv9aG1GOeOsmZMePT/xdxZg5BqfVtPrxkchH/aTR83wSbNX476XNDmfSra2DDaOIyswWqa]]></Encrypt><AgentID><![CDATA[1000002]]></AgentID></xml>
2017-11-09 11:27:37.858 [http-apr-8080-exec-15] INFO  com.ray.weixin.qy.service.message.reply.ReplyMessageService - reply_xmlMsg:<xml><ToUserName><![CDATA[ww92f5da92bb24696e]]></ToUserName><FromUserName><![CDATA[ShiRui]]></FromUserName><CreateTime>1510198057</CreateTime><MsgType><![CDATA[event]]></MsgType><AgentID>1000002</AgentID><Event><![CDATA[LOCATION]]></Event><Latitude>31.1676</Latitude><Longitude>121.156</Longitude><Precision>15</Precision></xml>
2017-11-09 11:27:37.859 [http-apr-8080-exec-15] INFO  com.ray.weixin.qy.service.message.reply.ReplyMessageService - fromUserName:ShiRui
2017-11-09 11:27:37.859 [http-apr-8080-exec-15] INFO  com.ray.weixin.qy.service.message.reply.ReplyMessageService - toUserName:ww92f5da92bb24696e
2017-11-09 11:27:37.859 [http-apr-8080-exec-15] INFO  com.ray.weixin.qy.service.message.reply.ReplyMessageService - msgType:event
2017-11-09 11:27:37.859 [http-apr-8080-exec-15] INFO  com.ray.weixin.qy.service.message.reply.ReplyMessageService - Event:LOCATION  eventKey:null
