2017-11-15 16:41:18.945 [http-apr-8080-exec-7] INFO  com.ray.weixin.gz.util.AuthHelper - jsonObject:{"access_token":"Eb9xvZ466IMoWkWutYAwrHXGnqwsdk3LtSm3ucxFudcFr3GkLybZ6EtM8E6ZxVNJZSEVr6PC9-e_8iPiEa2Rn6exAWN8P_jWtrO7-DJLubiqRLlBGvQbh3yZNcp1gJysTWCgABAORX","expires_in":7200}
2017-11-15 16:41:20.274 [http-apr-8080-exec-10] INFO  com.ray.weixin.gz.controller.WeiXinServlet - post--------------
2017-11-15 16:41:20.276 [http-apr-8080-exec-10] INFO  com.ray.weixin.gz.service.message.ReplyMessageService - parms:{"signature":["a6a86ff304b16f9296543c87ace46843ae9c1a09"],"timestamp":["1510735279"],"nonce":["1929439058"],"openid":["o1M7_1TLByH8H1T7XCIj23Roo5yU"],"encrypt_type":["aes"],"msg_signature":["c7d021acd820770fbe279c05edd8f41f65af7f30"]}
2017-11-15 16:41:20.279 [http-apr-8080-exec-10] INFO  com.ray.weixin.gz.service.message.ReplyMessageService - postData:<xml>    <ToUserName><![CDATA[gh_8903be978f8b]]></ToUserName>    <Encrypt><![CDATA[HTQVG/6nUdD1ye/OwvCGUi829vfqa0e+8J0KLWkb1ttfoQTN4YmG3EqPNXQPkXk6KsfPb0g/6tMb/vCqbMeCqbwTG0eBIz+/Oa51RT0lDQ4OiXtsQvkd+27vO53KjDm0yVD39N5laXv3rp6ISyrUOz/x/hDnqTGR2mRjE7+loUi9E6eX9e5schi+ViC+13o8+nIneR2yiOgX2tFzw2ORVB8s1O6cB6cHEnnZm8/hC1I4Pqxi/2TsWd7rNbFRNYVjdTft1gcEQoNzwujdzv8dXaaoPxR7ttmH6fgSZIgCT43NvDyK2qCgGkxD+l82IVtW9n+c2Peyiw7ZiPBwuslA1bk6TjgXWH8oteZBrblM7CvlPBd8qVrcMd64WxJUCus5qaFizgMPW9CHwAUY5bkyexOxE7AHpgZCubzngyrHg6wniX3JyYuOnBh0zu/NodPtRPn8lReCDUfEU94Bd3YUABkaxyFQ1pM1yH8xgeFaqz4R2C0pdNTaRkWc+7YiE1Ok2dGtk9oobXJ/JNukcaueRuhowonhwIYm1BckkiOlcik=]]></Encrypt></xml>
2017-11-15 16:41:20.280 [http-apr-8080-exec-10] INFO  com.ray.weixin.gz.service.message.ReplyMessageService - 安全模式：消息被加密
2017-11-15 16:41:20.289 [http-apr-8080-exec-10] INFO  com.ray.weixin.gz.service.message.ReplyMessageService - <xml><ToUserName><![CDATA[gh_8903be978f8b]]></ToUserName>
<FromUserName><![CDATA[o1M7_1TLByH8H1T7XCIj23Roo5yU]]></FromUserName>
<CreateTime>1510735279</CreateTime>
<MsgType><![CDATA[event]]></MsgType>
<Event><![CDATA[VIEW]]></Event>
<EventKey><![CDATA[http://rayner.nat300.top/weixin_gz/showInvoice.jsp]]></EventKey>
<MenuId>450181554</MenuId>
</xml>
2017-11-15 16:41:20.298 [http-apr-8080-exec-10] INFO  com.ray.weixin.gz.service.message.ReplyMessageService - fromUserName:o1M7_1TLByH8H1T7XCIj23Roo5yU
2017-11-15 16:41:20.299 [http-apr-8080-exec-10] INFO  com.ray.weixin.gz.service.message.ReplyMessageService - toUserName:gh_8903be978f8b
2017-11-15 16:41:20.300 [http-apr-8080-exec-10] INFO  com.ray.weixin.gz.service.message.ReplyMessageService - msgType:event
2017-11-15 16:41:20.300 [http-apr-8080-exec-10] INFO  com.ray.weixin.gz.service.message.ReplyMessageService - Event:VIEW  eventKey:http://rayner.nat300.top/weixin_gz/showInvoice.jsp
2017-11-15 16:41:20.410 [http-apr-8080-exec-3] INFO  com.ray.weixin.gz.util.AuthHelper - jsonObject:{"access_token":"Eb9xvZ466IMoWkWutYAwrHXGnqwsdk3LtSm3ucxFuddNdAjZt96oEJ3sT4EclR2arQgv8p6uNnsjkxj_l8_sg1kWJ8NYYzfJ-iZ0m4eZuuLJjEt3GVsFMYtLmntxRtkjKUCgABAPZH","expires_in":7198}
2017-11-15 16:41:20.489 [http-apr-8080-exec-3] INFO  com.ray.weixin.gz.util.AuthHelper - jsonObject:{"errcode":0,"ticket":"HoagFKDcsGMVCIY2vOjf9mrEXbwXSbqpUm0898_LsZjrgUvXUmjZj1WFa7xD7-y9AQW9Hpa1_IwgC-BK5w_kpw","errmsg":"ok","expires_in":7200}
2017-11-15 16:41:20.489 [http-apr-8080-exec-3] INFO  com.ray.weixin.gz.util.AuthHelper - accessToken:Eb9xvZ466IMoWkWutYAwrHXGnqwsdk3LtSm3ucxFuddNdAjZt96oEJ3sT4EclR2arQgv8p6uNnsjkxj_l8_sg1kWJ8NYYzfJ-iZ0m4eZuuLJjEt3GVsFMYtLmntxRtkjKUCgABAPZH
2017-11-15 16:41:20.490 [http-apr-8080-exec-3] INFO  com.ray.weixin.gz.util.AuthHelper - ticket:HoagFKDcsGMVCIY2vOjf9mrEXbwXSbqpUm0898_LsZjrgUvXUmjZj1WFa7xD7-y9AQW9Hpa1_IwgC-BK5w_kpw
2017-11-15 16:41:20.490 [http-apr-8080-exec-3] INFO  com.ray.weixin.gz.util.AuthHelper - nonceStr:a6923c0a-61d0-4788-8e3a-23affff72cab
2017-11-15 16:41:20.490 [http-apr-8080-exec-3] INFO  com.ray.weixin.gz.util.AuthHelper - timeStamp:1510735280
2017-11-15 16:41:20.490 [http-apr-8080-exec-3] INFO  com.ray.weixin.gz.util.AuthHelper - signedUrl:http://rayner.nat300.top/weixin_gz/showInvoice.jsp
2017-11-15 16:41:20.490 [http-apr-8080-exec-3] INFO  com.ray.weixin.gz.util.AuthHelper - signature:4182b2283e8cfacf6e98c6d2b7a178c6aeeaf97e
2017-11-15 16:41:20.490 [http-apr-8080-exec-3] INFO  com.ray.weixin.gz.util.AuthHelper - appId:wx07c4d9d0895fe212
2017-11-15 16:41:20.490 [http-apr-8080-exec-3] INFO  com.ray.weixin.gz.util.AuthHelper - configValue:{signature:'4182b2283e8cfacf6e98c6d2b7a178c6aeeaf97e',nonceStr:'a6923c0a-61d0-4788-8e3a-23affff72cab',timeStamp:'1510735280',appId:'wx07c4d9d0895fe212'}
2017-11-15 16:41:20.641 [http-apr-8080-exec-3] INFO  com.ray.weixin.gz.util.AuthHelper - jsonObject:{"access_token":"Eb9xvZ466IMoWkWutYAwrHXGnqwsdk3LtSm3ucxFudfgFF_YQHAC_uMIXQA6kt0KIUzTEZ2ZP8u2Y1-rb8HUTAznfdE2lw36zAaxSndCcGqovd-K4oNNyzrH0qo8kRT9KSCgABAAIS","expires_in":7198}
2017-11-15 16:41:20.756 [http-apr-8080-exec-3] INFO  com.ray.weixin.gz.service.invoice.InvoiceService - jsonObject:{"errcode":0,"ticket":"9KwiourQPRN3vx3Nn1c_iXCh-5F7rD5UiR6FRkNziS1qBd3gAGN5S8BmdmsudJYYtP_uKP4Q2TgqHEb_CnvT9w","errmsg":"ok","expires_in":7200}
2017-11-15 16:41:20.757 [http-apr-8080-exec-3] INFO  com.ray.weixin.gz.util.AuthHelper - apiTicket:9KwiourQPRN3vx3Nn1c_iXCh-5F7rD5UiR6FRkNziS1qBd3gAGN5S8BmdmsudJYYtP_uKP4Q2TgqHEb_CnvT9w
2017-11-15 16:41:20.757 [http-apr-8080-exec-3] INFO  com.ray.weixin.gz.util.AuthHelper - appId:wx07c4d9d0895fe212
2017-11-15 16:41:20.757 [http-apr-8080-exec-3] INFO  com.ray.weixin.gz.util.AuthHelper - timeStamp:1510735280
2017-11-15 16:41:20.757 [http-apr-8080-exec-3] INFO  com.ray.weixin.gz.util.AuthHelper - nonceStr:5fbf85f7-bb65-4b00-9192-47bb20872fc3
2017-11-15 16:41:20.757 [http-apr-8080-exec-3] INFO  com.ray.weixin.gz.util.AuthHelper - cardType:INVOICE
2017-11-15 16:41:20.757 [http-apr-8080-exec-3] INFO  com.ray.weixin.gz.util.AuthHelper - cardSign:67580ca20864f0fc9ce3ec977e596b8b472fff61
2017-11-15 16:41:20.757 [http-apr-8080-exec-3] INFO  com.ray.weixin.gz.util.AuthHelper - signType:SHA1
2017-11-15 16:41:20.758 [http-apr-8080-exec-3] INFO  com.ray.weixin.gz.util.AuthHelper - configValue:{"signType":"SHA1","cardSign":"67580ca20864f0fc9ce3ec977e596b8b472fff61","nonceStr":"5fbf85f7-bb65-4b00-9192-47bb20872fc3","timestamp":"1510735280"}
2017-11-15 16:41:25.915 [http-apr-8080-exec-4] INFO  com.ray.weixin.gz.util.AuthHelper - jsonObject:{"access_token":"Eb9xvZ466IMoWkWutYAwrHXGnqwsdk3LtSm3ucxFudd8lV6KOYSlQO_BFT7xMV6yVyMN8uxOQUqakcHPIFbb_EnIuTDBESLS8wi4VzN1gbxnEpvjQHfa7lQCTUDVA8mqKEPgABAEYJ","expires_in":7200}
2017-11-15 16:41:26.070 [http-apr-8080-exec-4] INFO  com.ray.weixin.gz.service.invoice.InvoiceService - jsonObject:{"errcode":0,"payee":"上海圆迈贸易有限公司","user_info":{"reimburse_status":"INVOICE_REIMBURSE_INIT","fee":19265,"tax":2799,"pdf_url":"http://wdfp.5ifapiao.com/wx-card/getPdf/wdfp/031001700311/10130772/59869458371280709832?card_id=pN0bYv8ll7_8REjYNPNLzfSpVi54&wx_invoice_token=vHE5kaaLFelvyosk6hyN9qfmT4mz22-3-DtItACfp08jA-W3T1CC2S11Axvpd1aCyW2bbz8TyCPwvJEtcO6bOvR1jdTYfHg-WySvQMY5aR0.","title":"个人","billing_code":"10130772","billing_time":1510662340,"check_code":"59869458371280709832","fee_without_tax":16466,"detail":" ","billing_no":"031001700311","order_id":"64532618652","info":[{"unit":" ","price":16466,"num":1,"name":"七匹狼 男士纯棉内裤平角裤 舒适透气柔软棉质裤头 4条混色礼盒装 XXXL（95159-4）"}]},"openid":"o1M7_1TLByH8H1T7XCIj23Roo5yU","errmsg":"ok","detail":"可在公司企业号内报销使用","type":"增值税电子普通发票","card_id":"pN0bYv8ll7_8REjYNPNLzfSpVi54"}
2017-11-15 16:41:26.070 [http-apr-8080-exec-4] INFO  com.ray.weixin.gz.controller.invoice.InvoiceServlet - [{"errcode":0,"payee":"上海圆迈贸易有限公司","user_info":{"reimburse_status":"INVOICE_REIMBURSE_INIT","fee":19265,"tax":2799,"pdf_url":"http://wdfp.5ifapiao.com/wx-card/getPdf/wdfp/031001700311/10130772/59869458371280709832?card_id=pN0bYv8ll7_8REjYNPNLzfSpVi54&wx_invoice_token=vHE5kaaLFelvyosk6hyN9qfmT4mz22-3-DtItACfp08jA-W3T1CC2S11Axvpd1aCyW2bbz8TyCPwvJEtcO6bOvR1jdTYfHg-WySvQMY5aR0.","title":"个人","billing_code":"10130772","billing_time":1510662340,"check_code":"59869458371280709832","fee_without_tax":16466,"detail":" ","billing_no":"031001700311","order_id":"64532618652","info":[{"unit":" ","price":16466,"num":1,"name":"七匹狼 男士纯棉内裤平角裤 舒适透气柔软棉质裤头 4条混色礼盒装 XXXL（95159-4）"}]},"openid":"o1M7_1TLByH8H1T7XCIj23Roo5yU","errmsg":"ok","detail":"可在公司企业号内报销使用","type":"增值税电子普通发票","card_id":"pN0bYv8ll7_8REjYNPNLzfSpVi54"}]
