2017-11-08 11:01:14.185 [http-apr-8080-exec-7] INFO  com.ray.weixin.gz.controller.WeiXinServlet - post--------------
2017-11-08 11:01:14.205 [http-apr-8080-exec-7] INFO  com.ray.weixin.gz.service.message.ReplyMessageService - parms:{"signature":["66d2a29e992f503a8cb345f4a903647ab5c4540e"],"timestamp":["1510110072"],"nonce":["30653528"],"openid":["oDLefxDvQajibXhSWIWHrkiO1n2o"]}
2017-11-08 11:01:14.207 [http-apr-8080-exec-7] INFO  com.ray.weixin.gz.service.message.ReplyMessageService - postData:<xml><ToUserName><![CDATA[gh_8c1dd328db4e]]></ToUserName><FromUserName><![CDATA[oDLefxDvQajibXhSWIWHrkiO1n2o]]></FromUserName><CreateTime>1510110072</CreateTime><MsgType><![CDATA[event]]></MsgType><Event><![CDATA[VIEW]]></Event><EventKey><![CDATA[http://rayner.nat300.top/weixin_gz/showInvoice.jsp]]></EventKey><MenuId>591675728</MenuId></xml>
2017-11-08 11:01:14.210 [http-apr-8080-exec-7] INFO  com.ray.weixin.gz.service.message.ReplyMessageService - 明文模式
2017-11-08 11:01:14.212 [http-apr-8080-exec-7] INFO  com.ray.weixin.gz.service.message.ReplyMessageService - <xml><ToUserName><![CDATA[gh_8c1dd328db4e]]></ToUserName><FromUserName><![CDATA[oDLefxDvQajibXhSWIWHrkiO1n2o]]></FromUserName><CreateTime>1510110072</CreateTime><MsgType><![CDATA[event]]></MsgType><Event><![CDATA[VIEW]]></Event><EventKey><![CDATA[http://rayner.nat300.top/weixin_gz/showInvoice.jsp]]></EventKey><MenuId>591675728</MenuId></xml>
2017-11-08 11:01:14.233 [http-apr-8080-exec-7] INFO  com.ray.weixin.gz.service.message.ReplyMessageService - fromUserName:oDLefxDvQajibXhSWIWHrkiO1n2o
2017-11-08 11:01:14.234 [http-apr-8080-exec-7] INFO  com.ray.weixin.gz.service.message.ReplyMessageService - toUserName:gh_8c1dd328db4e
2017-11-08 11:01:14.235 [http-apr-8080-exec-7] INFO  com.ray.weixin.gz.service.message.ReplyMessageService - msgType:event
2017-11-08 11:01:14.235 [http-apr-8080-exec-7] INFO  com.ray.weixin.gz.service.message.ReplyMessageService - Event:VIEW  eventKey:http://rayner.nat300.top/weixin_gz/showInvoice.jsp
2017-11-08 11:01:19.312 [http-apr-8080-exec-10] INFO  com.ray.weixin.gz.util.AuthHelper - jsonObject:{"access_token":"H5umOvTL-9aa8I0kQiEBMClm3uzBIBZrJ6lRH3BVXOLrJgzHqquULTLuwyUggvq4L9UQsNjBncc_xk8nYlmYqkOR5vTSvRqxIU2NgQwSEBpmiHH6tpcPvqjmV_-q3QTYQSNaAHAFHC","expires_in":7200}
2017-11-08 11:01:21.360 [http-apr-8080-exec-10] INFO  com.ray.weixin.gz.util.AuthHelper - jsonObject:{"errcode":0,"ticket":"kgt8ON7yVITDhtdwci0qed-m2nUygHpV3DXUL-ToMkjDESEjFhMIhqGmoVyAg0W5DEybpYkgu5m7NXBoBBpwGQ","errmsg":"ok","expires_in":7200}
2017-11-08 11:01:21.361 [http-apr-8080-exec-10] INFO  com.ray.weixin.gz.util.AuthHelper - accessToken:H5umOvTL-9aa8I0kQiEBMClm3uzBIBZrJ6lRH3BVXOLrJgzHqquULTLuwyUggvq4L9UQsNjBncc_xk8nYlmYqkOR5vTSvRqxIU2NgQwSEBpmiHH6tpcPvqjmV_-q3QTYQSNaAHAFHC
2017-11-08 11:01:21.361 [http-apr-8080-exec-10] INFO  com.ray.weixin.gz.util.AuthHelper - ticket:kgt8ON7yVITDhtdwci0qed-m2nUygHpV3DXUL-ToMkjDESEjFhMIhqGmoVyAg0W5DEybpYkgu5m7NXBoBBpwGQ
2017-11-08 11:01:21.361 [http-apr-8080-exec-10] INFO  com.ray.weixin.gz.util.AuthHelper - nonceStr:21c23ef6-1dcf-4ddf-becf-4d743388a293
2017-11-08 11:01:21.361 [http-apr-8080-exec-10] INFO  com.ray.weixin.gz.util.AuthHelper - timeStamp:1510110074
2017-11-08 11:01:21.362 [http-apr-8080-exec-10] INFO  com.ray.weixin.gz.util.AuthHelper - signedUrl:http://rayner.nat300.top/weixin_gz/showInvoice.jsp
2017-11-08 11:01:21.362 [http-apr-8080-exec-10] INFO  com.ray.weixin.gz.util.AuthHelper - signature:b203ccaba337976869bc410311bcf992e5d039c4
2017-11-08 11:01:21.362 [http-apr-8080-exec-10] INFO  com.ray.weixin.gz.util.AuthHelper - appId:wxa0064ea657f80062
2017-11-08 11:01:21.362 [http-apr-8080-exec-10] INFO  com.ray.weixin.gz.util.AuthHelper - configValue:{signature:'b203ccaba337976869bc410311bcf992e5d039c4',nonceStr:'21c23ef6-1dcf-4ddf-becf-4d743388a293',timeStamp:'1510110074',appId:'wxa0064ea657f80062'}
2017-11-08 11:01:21.483 [http-apr-8080-exec-10] INFO  com.ray.weixin.gz.util.AuthHelper - jsonObject:{"access_token":"H5umOvTL-9aa8I0kQiEBMClm3uzBIBZrJ6lRH3BVXOKtX3TRnPCN9hOthFlWTTX_-uameoBu9pOpqrkaKBWqabMNw8jSKDbZ5nbZcLu5a7Zglk3xSbg5Wnpy62LcGCZjRIGaAHANEC","expires_in":7198}
2017-11-08 11:01:24.692 [http-apr-8080-exec-2] INFO  com.ray.weixin.gz.util.AuthHelper - jsonObject:{"access_token":"H5umOvTL-9aa8I0kQiEBMClm3uzBIBZrJ6lRH3BVXOKSt1YGk_2oDRdFpdzKXBK57tvN10RvWkDGIPcYSm_UEQu41zHUVeEaZXRZi0xprULMzJoXLBTSKKvgnLeHmvN3YERaAHAKQD","expires_in":7200}
2017-11-08 11:01:25.084 [http-apr-8080-exec-2] INFO  com.ray.weixin.gz.util.AuthHelper - jsonObject:{"errcode":0,"ticket":"kgt8ON7yVITDhtdwci0qed-m2nUygHpV3DXUL-ToMkjDESEjFhMIhqGmoVyAg0W5DEybpYkgu5m7NXBoBBpwGQ","errmsg":"ok","expires_in":7200}
2017-11-08 11:01:25.085 [http-apr-8080-exec-2] INFO  com.ray.weixin.gz.util.AuthHelper - accessToken:H5umOvTL-9aa8I0kQiEBMClm3uzBIBZrJ6lRH3BVXOKSt1YGk_2oDRdFpdzKXBK57tvN10RvWkDGIPcYSm_UEQu41zHUVeEaZXRZi0xprULMzJoXLBTSKKvgnLeHmvN3YERaAHAKQD
2017-11-08 11:01:25.085 [http-apr-8080-exec-2] INFO  com.ray.weixin.gz.util.AuthHelper - ticket:kgt8ON7yVITDhtdwci0qed-m2nUygHpV3DXUL-ToMkjDESEjFhMIhqGmoVyAg0W5DEybpYkgu5m7NXBoBBpwGQ
2017-11-08 11:01:25.085 [http-apr-8080-exec-2] INFO  com.ray.weixin.gz.util.AuthHelper - nonceStr:b9c34dcf-dd7c-4bb4-927e-7b5b9c071ad1
2017-11-08 11:01:25.085 [http-apr-8080-exec-2] INFO  com.ray.weixin.gz.util.AuthHelper - timeStamp:1510110083
2017-11-08 11:01:25.086 [http-apr-8080-exec-2] INFO  com.ray.weixin.gz.util.AuthHelper - signedUrl:http://rayner.nat300.top/weixin_gz/showInvoice.jsp
2017-11-08 11:01:25.086 [http-apr-8080-exec-2] INFO  com.ray.weixin.gz.util.AuthHelper - signature:b49051d5566738050569dff0fb45f65eb6218942
2017-11-08 11:01:25.086 [http-apr-8080-exec-2] INFO  com.ray.weixin.gz.util.AuthHelper - appId:wxa0064ea657f80062
2017-11-08 11:01:25.086 [http-apr-8080-exec-2] INFO  com.ray.weixin.gz.util.AuthHelper - configValue:{signature:'b49051d5566738050569dff0fb45f65eb6218942',nonceStr:'b9c34dcf-dd7c-4bb4-927e-7b5b9c071ad1',timeStamp:'1510110083',appId:'wxa0064ea657f80062'}
2017-11-08 11:01:28.106 [http-apr-8080-exec-10] INFO  com.ray.weixin.gz.service.invoice.InvoiceService - jsonObject:{"errcode":0,"ticket":"IpK_1T69hDhZkLQTlwsAX5ZwNp_4txyINLb67lXqTZIDrVIdFF4vhQVfWHLn9-pu4YnpKsy2qQjLzoyN50m0EQ","errmsg":"ok","expires_in":7200}
2017-11-08 11:01:28.108 [http-apr-8080-exec-10] INFO  com.ray.weixin.gz.util.AuthHelper - apiTicket:IpK_1T69hDhZkLQTlwsAX5ZwNp_4txyINLb67lXqTZIDrVIdFF4vhQVfWHLn9-pu4YnpKsy2qQjLzoyN50m0EQ
2017-11-08 11:01:28.109 [http-apr-8080-exec-10] INFO  com.ray.weixin.gz.util.AuthHelper - appId:wxa0064ea657f80062
2017-11-08 11:01:28.110 [http-apr-8080-exec-10] INFO  com.ray.weixin.gz.util.AuthHelper - timeStamp:1510110088
2017-11-08 11:01:28.110 [http-apr-8080-exec-10] INFO  com.ray.weixin.gz.util.AuthHelper - nonceStr:658ae5e6-ac28-4869-8718-5f457eba14d7
2017-11-08 11:01:28.111 [http-apr-8080-exec-10] INFO  com.ray.weixin.gz.util.AuthHelper - cardType:INVOICE
2017-11-08 11:01:28.112 [http-apr-8080-exec-10] INFO  com.ray.weixin.gz.util.AuthHelper - cardSign:e77d6aae3c6b0163ae631719146a7908f98548c8
2017-11-08 11:01:28.112 [http-apr-8080-exec-10] INFO  com.ray.weixin.gz.util.AuthHelper - signType:SHA1
2017-11-08 11:01:28.113 [http-apr-8080-exec-10] INFO  com.ray.weixin.gz.util.AuthHelper - configValue:{"signType":"SHA1","cardSign":"e77d6aae3c6b0163ae631719146a7908f98548c8","nonceStr":"658ae5e6-ac28-4869-8718-5f457eba14d7","timestamp":"1510110088"}
2017-11-08 11:01:30.031 [http-apr-8080-exec-2] INFO  com.ray.weixin.gz.util.AuthHelper - jsonObject:{"access_token":"H5umOvTL-9aa8I0kQiEBMClm3uzBIBZrJ6lRH3BVXOJ7R7KOk3EmXh0yM7zBXfi5Sfv0lg5YECqIIOcMQmkX7pwUR4yCpsmOVhVDEghgrirxyQSrYMPO3Bm93slmNxG5TXUaAHADHE","expires_in":7200}
2017-11-08 11:01:30.153 [http-apr-8080-exec-2] INFO  com.ray.weixin.gz.service.invoice.InvoiceService - jsonObject:{"errcode":0,"ticket":"IpK_1T69hDhZkLQTlwsAX5ZwNp_4txyINLb67lXqTZIDrVIdFF4vhQVfWHLn9-pu4YnpKsy2qQjLzoyN50m0EQ","errmsg":"ok","expires_in":7200}
2017-11-08 11:01:30.153 [http-apr-8080-exec-2] INFO  com.ray.weixin.gz.util.AuthHelper - apiTicket:IpK_1T69hDhZkLQTlwsAX5ZwNp_4txyINLb67lXqTZIDrVIdFF4vhQVfWHLn9-pu4YnpKsy2qQjLzoyN50m0EQ
2017-11-08 11:01:30.153 [http-apr-8080-exec-2] INFO  com.ray.weixin.gz.util.AuthHelper - appId:wxa0064ea657f80062
2017-11-08 11:01:30.153 [http-apr-8080-exec-2] INFO  com.ray.weixin.gz.util.AuthHelper - timeStamp:1510110090
2017-11-08 11:01:30.154 [http-apr-8080-exec-2] INFO  com.ray.weixin.gz.util.AuthHelper - nonceStr:21894d67-35c5-40e2-a3ac-bc236984b12d
2017-11-08 11:01:30.154 [http-apr-8080-exec-2] INFO  com.ray.weixin.gz.util.AuthHelper - cardType:INVOICE
2017-11-08 11:01:30.154 [http-apr-8080-exec-2] INFO  com.ray.weixin.gz.util.AuthHelper - cardSign:17b9a5a62e1b0b45eee306972fe0b3c13be297c1
2017-11-08 11:01:30.154 [http-apr-8080-exec-2] INFO  com.ray.weixin.gz.util.AuthHelper - signType:SHA1
2017-11-08 11:01:30.154 [http-apr-8080-exec-2] INFO  com.ray.weixin.gz.util.AuthHelper - configValue:{"signType":"SHA1","cardSign":"17b9a5a62e1b0b45eee306972fe0b3c13be297c1","nonceStr":"21894d67-35c5-40e2-a3ac-bc236984b12d","timestamp":"1510110090"}
