2017-11-08 19:40:01.762 [http-apr-8080-exec-70] INFO  com.ray.weixin.qy.controller.WeiXinServlet - post--------------
2017-11-08 19:40:01.773 [http-apr-8080-exec-70] INFO  com.ray.weixin.qy.service.message.reply.ReplyMessageService - parms:{"msg_signature":["82d639072d846d8891afea0b2cd5f9080854057e"],"timestamp":["1510141201"],"nonce":["751329823"]}
2017-11-08 19:40:01.774 [http-apr-8080-exec-70] INFO  com.ray.weixin.qy.service.message.reply.ReplyMessageService - postData:<xml><ToUserName><![CDATA[ww92f5da92bb24696e]]></ToUserName><Encrypt><![CDATA[4FcVYHjvZKLMmebgB/c9JUIadkfmRqcHKHonXuSuDg9Z7GeXz0dVqqAX+koy7kgnvIXQVV4s6mDQGKThbfEINg0dMNsvODNmVEiIP6GfGdgLFyJ6qg72BcjT90ffLPR+oECOr0nwLP/y6el8J2op5I6V5BQB6WLUSnC6BwnruPmKeC6omKV2rkWcqKbFTsMhGR9V6gfCecUkInYont+v3tjdDOuDdhqAnCOnnTGZ495/IApSSK7RrL/HF35iwM6lZZ2POUgS/JorFXD3Hs8nxfLFdsyOExdkKhCgyNNTQeRO6RXHZJe4of18H0o03YLlpE55E+PqJhkUJ5InLq7HS/a6id93CluXphDmTq5++FrXMgy1OTzUw7I87Rsf5/SydYglHyXaQGq97Sr5LKmbderyoe3wqc9IwXCyFQ+B6epwHH2NDcVAYzgOtpEzQ7/xRdctShOXY+YeIK/4IAUAeJDnKEufSxgophctF056ooXoUtqAF+PY+Mfo4yHt0Y+m]]></Encrypt><AgentID><![CDATA[1000002]]></AgentID></xml>
2017-11-08 19:40:01.776 [http-apr-8080-exec-70] INFO  com.ray.weixin.qy.service.message.reply.ReplyMessageService - reply_xmlMsg:<xml><ToUserName><![CDATA[ww92f5da92bb24696e]]></ToUserName><FromUserName><![CDATA[ShiRui]]></FromUserName><CreateTime>1510141201</CreateTime><MsgType><![CDATA[event]]></MsgType><AgentID>1000002</AgentID><Event><![CDATA[LOCATION]]></Event><Latitude>31.1676</Latitude><Longitude>121.156</Longitude><Precision>15</Precision></xml>
2017-11-08 19:40:01.778 [http-apr-8080-exec-70] INFO  com.ray.weixin.qy.service.message.reply.ReplyMessageService - fromUserName:ShiRui
2017-11-08 19:40:01.778 [http-apr-8080-exec-70] INFO  com.ray.weixin.qy.service.message.reply.ReplyMessageService - toUserName:ww92f5da92bb24696e
2017-11-08 19:40:01.778 [http-apr-8080-exec-70] INFO  com.ray.weixin.qy.service.message.reply.ReplyMessageService - msgType:event
2017-11-08 19:40:01.778 [http-apr-8080-exec-70] INFO  com.ray.weixin.qy.service.message.reply.ReplyMessageService - Event:LOCATION  eventKey:null
2017-11-08 19:40:04.347 [http-apr-8080-exec-72] INFO  com.ray.weixin.qy.controller.WeiXinServlet - post--------------
2017-11-08 19:40:04.347 [http-apr-8080-exec-72] INFO  com.ray.weixin.qy.service.message.reply.ReplyMessageService - parms:{"msg_signature":["94d35ecc5a6c0a189a56ada5080fc326dd71c0fc"],"timestamp":["1510141204"],"nonce":["150238095"]}
2017-11-08 19:40:04.348 [http-apr-8080-exec-72] INFO  com.ray.weixin.qy.service.message.reply.ReplyMessageService - postData:<xml><ToUserName><![CDATA[ww92f5da92bb24696e]]></ToUserName><Encrypt><![CDATA[WACAezmT05ky+vTPXeUMGw8hygze5NPsaciYJVnUgBsKrxgjnXc2OZ2BUYoCu8mO3KQGWf3w0pB2XNvOgFlbWkj9jcTHM5Hr1Qr4xExZCSm4Abc/MjxjxYPLArprXFpIIY4R1itbV6LICwBdS0PcMqcMKCQ0OwkrFT8Forom1Eb8AbBO8n2oKsjCG3Hhvdbnyh9si0OBpZUjnYMDYLmGOTHrRTSJd6oJ5L7XgEi8cJfCkO8O+B7yUeiXYZHxq7eIg8nFmenw9QSL9tuvfZamZBhoDbPx6QCKg6MBBbd6gl7HJBsRwrLCwTs3XTNYtLpDS85mgdJx9kSpIKDbRS6u7MWhCwdaTn6IFkdvxL01yg73q1MCPjaFaVyR8lBA3y5fyd/o+l/RGYA4ziJxpCnZq+/2HUB+9f216vv2KV4Qxxz4/t7CsXKkIhqh/XrC0lCvIyTTp0FOQ9RtUpvOFD0NJSN2tk08QqNKtzgUwhL/UAx4EU3PIVRDNI9DHXNc1wjg]]></Encrypt><AgentID><![CDATA[1000002]]></AgentID></xml>
2017-11-08 19:40:04.350 [http-apr-8080-exec-72] INFO  com.ray.weixin.qy.service.message.reply.ReplyMessageService - reply_xmlMsg:<xml><ToUserName><![CDATA[ww92f5da92bb24696e]]></ToUserName><FromUserName><![CDATA[ShiRui]]></FromUserName><CreateTime>1510141203</CreateTime><MsgType><![CDATA[event]]></MsgType><AgentID>1000002</AgentID><Event><![CDATA[LOCATION]]></Event><Latitude>31.1695</Latitude><Longitude>121.152</Longitude><Precision>0</Precision></xml>
2017-11-08 19:40:04.353 [http-apr-8080-exec-72] INFO  com.ray.weixin.qy.service.message.reply.ReplyMessageService - fromUserName:ShiRui
2017-11-08 19:40:04.353 [http-apr-8080-exec-72] INFO  com.ray.weixin.qy.service.message.reply.ReplyMessageService - toUserName:ww92f5da92bb24696e
2017-11-08 19:40:04.353 [http-apr-8080-exec-72] INFO  com.ray.weixin.qy.service.message.reply.ReplyMessageService - msgType:event
2017-11-08 19:40:04.353 [http-apr-8080-exec-72] INFO  com.ray.weixin.qy.service.message.reply.ReplyMessageService - Event:LOCATION  eventKey:null
2017-11-08 19:40:07.040 [http-apr-8080-exec-74] INFO  com.ray.weixin.qy.controller.WeiXinServlet - post--------------
2017-11-08 19:40:07.042 [http-apr-8080-exec-74] INFO  com.ray.weixin.qy.service.message.reply.ReplyMessageService - parms:{"msg_signature":["1d7a10ce419f15f35d7dac7114017467e3239a7c"],"timestamp":["1510141206"],"nonce":["889822409"]}
2017-11-08 19:40:07.042 [http-apr-8080-exec-74] INFO  com.ray.weixin.qy.service.message.reply.ReplyMessageService - postData:<xml><ToUserName><![CDATA[ww92f5da92bb24696e]]></ToUserName><Encrypt><![CDATA[yqyddr9obwHnQKqtvp8jf4EgMFE99mHoZSFAwPTTdn+qLkMPKQT97XpN6HJ35BkawuiddMeZeN2OZHBtTakU4P1Pq0JwB07Ip+do4OvBX6YtmHILs46iBCDiIjHsFEONIp8JwM+wSVVvQBvalO+3WevfPu933LFAh04P9DFKLT5uBHGaucOEYMBNBN/Usk5WaaWsZwxWDP92Jbxo2mHiIGXo9n48IqLyQEtvu+sjZUaCVqTUBQW4m+uORD23dY8he+99RCnCTpQlzbvKZYXzeqgMt6L5XzMW367Ql7otx45XWnoMK2rNmxm4PlwoHIOGp7UZDUOfA9w9n8rjAMX/jA75Xl9CG4CfM8ETna2mWJP4VQeVGAZt8+4PWMOFupnkVkfDUgUUFjS0YwJzRfTfXJIhYhYtFa/0PDZ1PhHgPokx7BIO+r4Cf+hHu3CXFCnbVyEwfgrotsO1IbaJ/aeb4pHHsjibHUSapkxXGxj8+Bh6XtrP7pVH+C1FWy5/e9GI]]></Encrypt><AgentID><![CDATA[1000002]]></AgentID></xml>
2017-11-08 19:40:07.043 [http-apr-8080-exec-74] INFO  com.ray.weixin.qy.service.message.reply.ReplyMessageService - reply_xmlMsg:<xml><ToUserName><![CDATA[ww92f5da92bb24696e]]></ToUserName><FromUserName><![CDATA[ShiRui]]></FromUserName><CreateTime>1510141206</CreateTime><MsgType><![CDATA[event]]></MsgType><AgentID>1000002</AgentID><Event><![CDATA[LOCATION]]></Event><Latitude>31.1676</Latitude><Longitude>121.156</Longitude><Precision>15</Precision></xml>
2017-11-08 19:40:07.045 [http-apr-8080-exec-74] INFO  com.ray.weixin.qy.service.message.reply.ReplyMessageService - fromUserName:ShiRui
2017-11-08 19:40:07.045 [http-apr-8080-exec-74] INFO  com.ray.weixin.qy.service.message.reply.ReplyMessageService - toUserName:ww92f5da92bb24696e
2017-11-08 19:40:07.045 [http-apr-8080-exec-74] INFO  com.ray.weixin.qy.service.message.reply.ReplyMessageService - msgType:event
2017-11-08 19:40:07.045 [http-apr-8080-exec-74] INFO  com.ray.weixin.qy.service.message.reply.ReplyMessageService - Event:LOCATION  eventKey:null
2017-11-08 19:40:11.885 [http-apr-8080-exec-76] INFO  com.ray.weixin.qy.controller.WeiXinServlet - post--------------
2017-11-08 19:40:11.885 [http-apr-8080-exec-76] INFO  com.ray.weixin.qy.service.message.reply.ReplyMessageService - parms:{"msg_signature":["4c1921b1050f990ef59a0bd725fe66e3f2dd0439"],"timestamp":["1510141211"],"nonce":["1332164654"]}
2017-11-08 19:40:11.885 [http-apr-8080-exec-76] INFO  com.ray.weixin.qy.service.message.reply.ReplyMessageService - postData:<xml><ToUserName><![CDATA[ww92f5da92bb24696e]]></ToUserName><Encrypt><![CDATA[hoWpAssFDPie7PWy+wm7L0C8Omis+wEuvE/oMQNiaQZWLp6EhfM77vumXJ+MPPHdridq+wHEN0bS5QbBAJnFYEIV2BOh2bnIBijjd46NjjCJzgtwc7YfKzK6SLvDcgR6vIR4cf2Y7nBuJBSgzgr5RzWPC7A8RkSIS9ZD5Veuzx5IbMJr78k8nOsCFQ9s74sAk3/F3pFe97jwbyNEz31h44NgMkEglLK5cHYm3lT0m4ftgTitWXOSX5/5IAwd2aJ/m7k1AgkYLv4ZQHas2XhJBlCzaj1Q/YCkrquNSpNT7YVJP2MSgQvs1qax59+oZVsoq9WwvZ2o/SmfpFZ6RO+ST4ShIusxLb3UyaYAZiDtyvpUy9k/TFv+LBBGkvpuU1Pq/5rrob/hHJdzxg6vDPYFVc7CgV3j0hUCDo0YFmEIFRRCzRehaCU2eyLKtuHqwUQyWoWyEoM7fmroXrMd42/BUC2ztdT6MD48GECfahMWExfIq23occdEvDDxdGs/2njr]]></Encrypt><AgentID><![CDATA[1000002]]></AgentID></xml>
2017-11-08 19:40:11.887 [http-apr-8080-exec-76] INFO  com.ray.weixin.qy.service.message.reply.ReplyMessageService - reply_xmlMsg:<xml><ToUserName><![CDATA[ww92f5da92bb24696e]]></ToUserName><FromUserName><![CDATA[ShiRui]]></FromUserName><CreateTime>1510141211</CreateTime><MsgType><![CDATA[event]]></MsgType><AgentID>1000002</AgentID><Event><![CDATA[LOCATION]]></Event><Latitude>31.1676</Latitude><Longitude>121.156</Longitude><Precision>15</Precision></xml>
2017-11-08 19:40:11.888 [http-apr-8080-exec-76] INFO  com.ray.weixin.qy.service.message.reply.ReplyMessageService - fromUserName:ShiRui
2017-11-08 19:40:11.888 [http-apr-8080-exec-76] INFO  com.ray.weixin.qy.service.message.reply.ReplyMessageService - toUserName:ww92f5da92bb24696e
2017-11-08 19:40:11.888 [http-apr-8080-exec-76] INFO  com.ray.weixin.qy.service.message.reply.ReplyMessageService - msgType:event
2017-11-08 19:40:11.888 [http-apr-8080-exec-76] INFO  com.ray.weixin.qy.service.message.reply.ReplyMessageService - Event:LOCATION  eventKey:null
2017-11-08 19:40:16.909 [http-apr-8080-exec-77] INFO  com.ray.weixin.qy.controller.WeiXinServlet - post--------------
2017-11-08 19:40:16.910 [http-apr-8080-exec-77] INFO  com.ray.weixin.qy.service.message.reply.ReplyMessageService - parms:{"msg_signature":["a995ad79109e9256b923404bfaaa7a83d3ce98dc"],"timestamp":["1510141216"],"nonce":["136833094"]}
2017-11-08 19:40:16.910 [http-apr-8080-exec-77] INFO  com.ray.weixin.qy.service.message.reply.ReplyMessageService - postData:<xml><ToUserName><![CDATA[ww92f5da92bb24696e]]></ToUserName><Encrypt><![CDATA[zjTumWQ5uug6NgwoXWaoIreqnvFsRPN4wqYEIrAG6+tzl2gi2xG89+EGkMtMZuMGh8sNOcmAJA3qpSsZZOKGFp14wMJDc1jk+tUKwGkyIcPC4ptSNK27EGrenSfphYvDYvGlakiT52gDhpuSLph9CcUIU/isx668IHV2QSe/U95+7ml/Gr5LROYRlJThf31Rj4gu/YXyghyvpw4tbcT89cnhLR9hnIeuJL3Z38qWIaS+9cwOVS4neZlSY2myVJuj/2DGqG2QymMpW0P7Cc9Xlh5An1NE3O90+gKZvHTJv7nfsAdNexTNbjmUZlQ1gCdy7xNY5NXhcMHcjk6MvI8Q2ufuBg8fU/RSXfwowY9jyX8DO8JjX27Fbd5lHc37fBK2pCUvkdb/kG4v5iFJLiDvesTnH/l3rt6Mk7OtobtdeRgPKUPqDOI5iJKoRGSFn09AUoKd7V67skbX83A6iNwsYTMtG8WkE4wtmhTs4j4LHGJ/uYbjROWrzDTIRiVqzMqf]]></Encrypt><AgentID><![CDATA[1000002]]></AgentID></xml>
2017-11-08 19:40:16.913 [http-apr-8080-exec-77] INFO  com.ray.weixin.qy.service.message.reply.ReplyMessageService - reply_xmlMsg:<xml><ToUserName><![CDATA[ww92f5da92bb24696e]]></ToUserName><FromUserName><![CDATA[ShiRui]]></FromUserName><CreateTime>1510141216</CreateTime><MsgType><![CDATA[event]]></MsgType><AgentID>1000002</AgentID><Event><![CDATA[LOCATION]]></Event><Latitude>31.1676</Latitude><Longitude>121.156</Longitude><Precision>15</Precision></xml>
2017-11-08 19:40:16.915 [http-apr-8080-exec-77] INFO  com.ray.weixin.qy.service.message.reply.ReplyMessageService - fromUserName:ShiRui
2017-11-08 19:40:16.916 [http-apr-8080-exec-77] INFO  com.ray.weixin.qy.service.message.reply.ReplyMessageService - toUserName:ww92f5da92bb24696e
2017-11-08 19:40:16.916 [http-apr-8080-exec-77] INFO  com.ray.weixin.qy.service.message.reply.ReplyMessageService - msgType:event
2017-11-08 19:40:16.916 [http-apr-8080-exec-77] INFO  com.ray.weixin.qy.service.message.reply.ReplyMessageService - Event:LOCATION  eventKey:null
2017-11-08 19:40:21.836 [http-apr-8080-exec-70] INFO  com.ray.weixin.qy.controller.WeiXinServlet - post--------------
2017-11-08 19:40:21.837 [http-apr-8080-exec-70] INFO  com.ray.weixin.qy.service.message.reply.ReplyMessageService - parms:{"msg_signature":["6b77255a30b863fa50e9a5d593e785ff71da9088"],"timestamp":["1510141221"],"nonce":["1300357401"]}
2017-11-08 19:40:21.837 [http-apr-8080-exec-70] INFO  com.ray.weixin.qy.service.message.reply.ReplyMessageService - postData:<xml><ToUserName><![CDATA[ww92f5da92bb24696e]]></ToUserName><Encrypt><![CDATA[s7RcFfnF3TOLmejVy18lYfuorP+f3Zx1Hi7EehxSUkIX3UeY3dqrqBYsBS7GEkxsF3OGUdvdMC7MC7TW+XmyT2tnhcZvpgPG1HHGINQr/c/2/Acg1S+esN4HfgwqneAFOPhctUDFA3sNSgV8Fhy22g3AfKz4fkdYLxvfdNml+QPM9a2KPk8YosQ5CsMwcyU2Zuo1fpjyYo1n3bgTEu1SXgrlFPiNXrXmX2Qv2FuLzRcBZzXaTxVinv9MXmR/5FNc+8O0/bd8o1ivPkzkQDPJuj77BletEg7hoFwMVhmxH8GiHlhDCNtHD+idMXD5F8dCIBWuhTwmJ8EFi/LN3AgaranBF5UX8bwEUpXn3gbt+Xvh2BEzhL/SrWEm73Dy74FPMaat6UShqKfz7tu8l/fMYXC1aiXze5b3N9h1KPDVBCZ+eSD9wS3xLEOn8cz3pjAWoFNx7fVXUmLsQQltveEA6gTg+Kt8vPxTEGB6eJL/OqgbP4KqQIajIdC8pjT7qrgW]]></Encrypt><AgentID><![CDATA[1000002]]></AgentID></xml>
2017-11-08 19:40:21.840 [http-apr-8080-exec-70] INFO  com.ray.weixin.qy.service.message.reply.ReplyMessageService - reply_xmlMsg:<xml><ToUserName><![CDATA[ww92f5da92bb24696e]]></ToUserName><FromUserName><![CDATA[ShiRui]]></FromUserName><CreateTime>1510141221</CreateTime><MsgType><![CDATA[event]]></MsgType><AgentID>1000002</AgentID><Event><![CDATA[LOCATION]]></Event><Latitude>31.1676</Latitude><Longitude>121.156</Longitude><Precision>15</Precision></xml>
2017-11-08 19:40:21.841 [http-apr-8080-exec-70] INFO  com.ray.weixin.qy.service.message.reply.ReplyMessageService - fromUserName:ShiRui
2017-11-08 19:40:21.841 [http-apr-8080-exec-70] INFO  com.ray.weixin.qy.service.message.reply.ReplyMessageService - toUserName:ww92f5da92bb24696e
2017-11-08 19:40:21.842 [http-apr-8080-exec-70] INFO  com.ray.weixin.qy.service.message.reply.ReplyMessageService - msgType:event
2017-11-08 19:40:21.842 [http-apr-8080-exec-70] INFO  com.ray.weixin.qy.service.message.reply.ReplyMessageService - Event:LOCATION  eventKey:null
2017-11-08 19:40:26.879 [http-apr-8080-exec-72] INFO  com.ray.weixin.qy.controller.WeiXinServlet - post--------------
2017-11-08 19:40:26.880 [http-apr-8080-exec-72] INFO  com.ray.weixin.qy.service.message.reply.ReplyMessageService - parms:{"msg_signature":["0bbe55e5417dc14f605a856f28a6ab3a0e5a0706"],"timestamp":["1510141226"],"nonce":["1698099573"]}
2017-11-08 19:40:26.880 [http-apr-8080-exec-72] INFO  com.ray.weixin.qy.service.message.reply.ReplyMessageService - postData:<xml><ToUserName><![CDATA[ww92f5da92bb24696e]]></ToUserName><Encrypt><![CDATA[lw7YwOOuVvQIRGn/mv7CLN6K9N5TkT2QuybYNALBSseessMOmCmlgUIrl8a8Bzi++i+ZOyq0pyKZW19yx5ZlN5b1lPbycMzHX8GdZkk1RUNYcpDpaChegg9ugRrjEQF4Kw1mxFWVfoE3Ezkl92Dq6+yGh1ZoJbBSkv9sPMQuYHC027krgreGBo33F0fQwpIu+iNvf42sznikRA6fyviyycTIVVPRTONeRI+c+f5j/b3T6Uv2Lyvvsu7uDwfORCe37oWP1SKNEAtqAU8bOD7EcTwADrkdLtFf7Js70LypOlhVVqFpxfYF80blGGtVvYV3aYnXWnVKLfs/XyvXcxmeeiwSPyyuGSWPpjIyKW0iFbg67sEYQgHgJvi/g9rcEcybl15xnvS8fG2FIBI+hujV9GNZlWHHcspJA05RV9cOqvapHjZF0OclaMFedwj4R0AC8TvbkY16q0GtlnH56mZ68GaXI/Uc6YAHYxP6+wJspLJlWbDu4ACVSdNsirnvjlRn]]></Encrypt><AgentID><![CDATA[1000002]]></AgentID></xml>
2017-11-08 19:40:26.882 [http-apr-8080-exec-72] INFO  com.ray.weixin.qy.service.message.reply.ReplyMessageService - reply_xmlMsg:<xml><ToUserName><![CDATA[ww92f5da92bb24696e]]></ToUserName><FromUserName><![CDATA[ShiRui]]></FromUserName><CreateTime>1510141226</CreateTime><MsgType><![CDATA[event]]></MsgType><AgentID>1000002</AgentID><Event><![CDATA[LOCATION]]></Event><Latitude>31.1676</Latitude><Longitude>121.156</Longitude><Precision>15</Precision></xml>
2017-11-08 19:40:26.883 [http-apr-8080-exec-72] INFO  com.ray.weixin.qy.service.message.reply.ReplyMessageService - fromUserName:ShiRui
2017-11-08 19:40:26.883 [http-apr-8080-exec-72] INFO  com.ray.weixin.qy.service.message.reply.ReplyMessageService - toUserName:ww92f5da92bb24696e
2017-11-08 19:40:26.883 [http-apr-8080-exec-72] INFO  com.ray.weixin.qy.service.message.reply.ReplyMessageService - msgType:event
2017-11-08 19:40:26.883 [http-apr-8080-exec-72] INFO  com.ray.weixin.qy.service.message.reply.ReplyMessageService - Event:LOCATION  eventKey:null
2017-11-08 19:40:31.864 [http-apr-8080-exec-74] INFO  com.ray.weixin.qy.controller.WeiXinServlet - post--------------
2017-11-08 19:40:31.864 [http-apr-8080-exec-74] INFO  com.ray.weixin.qy.service.message.reply.ReplyMessageService - parms:{"msg_signature":["391135f83b4eec0359d4754575952d8c75df7be1"],"timestamp":["1510141231"],"nonce":["881283829"]}
2017-11-08 19:40:31.865 [http-apr-8080-exec-74] INFO  com.ray.weixin.qy.service.message.reply.ReplyMessageService - postData:<xml><ToUserName><![CDATA[ww92f5da92bb24696e]]></ToUserName><Encrypt><![CDATA[kIg8vVGWF8dHfQy2QQwJTMA9hyiP6/vOUJt2YXfwGFSElUdzxFXEp3mxxQ5tNVCf54sfGsmnSfyTTCdZINiGTCf8ZR7uDxp0p3lsf+8jArv9QrTuLsP48hcHYcFHnQIejiHZ8C9ZUUthM0rmq69QIhgBOyM8IMRw4I4D8ME5G0jCC0HL+WCgN8I6yv8oprGDisL3GhOl5SV2VF72oN4rIc8DXaYrllnwC1IiyDaBMKA/pmYtnS3WQYSydC4K35+7DedrW32IKgT5qSCkgdX2OZr92ixTBcBvU5YIV2dR5R351JOiB4hhGj//XWiLqYBwBWpD5FUCoyCBm224enVeikwWihrkr9CPNwtRn1sPard41Hqs72r+W7xKxGiXyG97zFB1+NsP29BIxpk5dKUxKSRWtZy+WiWmxEiAAfRcxIXH9f/hLm6jaBVvuonig6t6pxaLjQqwA4gjFlCWI2aAlO1j6Widw/wSKcSyE6QOVpYjz3DIdtPx8A7HKGIwLXs7]]></Encrypt><AgentID><![CDATA[1000002]]></AgentID></xml>
2017-11-08 19:40:31.866 [http-apr-8080-exec-74] INFO  com.ray.weixin.qy.service.message.reply.ReplyMessageService - reply_xmlMsg:<xml><ToUserName><![CDATA[ww92f5da92bb24696e]]></ToUserName><FromUserName><![CDATA[ShiRui]]></FromUserName><CreateTime>1510141231</CreateTime><MsgType><![CDATA[event]]></MsgType><AgentID>1000002</AgentID><Event><![CDATA[LOCATION]]></Event><Latitude>31.1676</Latitude><Longitude>121.156</Longitude><Precision>15</Precision></xml>
2017-11-08 19:40:31.866 [http-apr-8080-exec-74] INFO  com.ray.weixin.qy.service.message.reply.ReplyMessageService - fromUserName:ShiRui
2017-11-08 19:40:31.867 [http-apr-8080-exec-74] INFO  com.ray.weixin.qy.service.message.reply.ReplyMessageService - toUserName:ww92f5da92bb24696e
2017-11-08 19:40:31.868 [http-apr-8080-exec-74] INFO  com.ray.weixin.qy.service.message.reply.ReplyMessageService - msgType:event
2017-11-08 19:40:31.868 [http-apr-8080-exec-74] INFO  com.ray.weixin.qy.service.message.reply.ReplyMessageService - Event:LOCATION  eventKey:null
2017-11-08 19:40:36.934 [http-apr-8080-exec-76] INFO  com.ray.weixin.qy.controller.WeiXinServlet - post--------------
2017-11-08 19:40:36.935 [http-apr-8080-exec-76] INFO  com.ray.weixin.qy.service.message.reply.ReplyMessageService - parms:{"msg_signature":["7cb344c1897c243bf76a75222b610d000d17ea7a"],"timestamp":["1510141236"],"nonce":["2058776182"]}
2017-11-08 19:40:36.935 [http-apr-8080-exec-76] INFO  com.ray.weixin.qy.service.message.reply.ReplyMessageService - postData:<xml><ToUserName><![CDATA[ww92f5da92bb24696e]]></ToUserName><Encrypt><![CDATA[1jFkFxvGad8xTzchJdcL5o4JRIJcbln76cLaSHIIN/lti2CpTbOScdc/Jc/JopnbPGVmFJ6stYaOaSCaeDVCQf1Y+oVsc9C1nafZmpaY9foCbUsf2lWdIBDmD34FqoMYZ3peVv6Js22JWVjT24ctEqYIFbzxahWNTQSzY/DKwRjYLukotavvsZAzUPQ4IGElbNcKkSSmw1DBxVXaZyBNvdOi5BLZ+FJd1pUGZZh3Evvtrtqsfnr/XV+iCTD3wKq+qbB7EcIxSokX0ie/hXG0roydTnL+cWhCCFDjW+dO7XUhfMToFdPByOtEcfrl77VnhH0Z3ySIcDaPkCTeCNcW2EMyqNt19tmOQLOGstGQK38ZK7dLunNVldRkbEMdfRvZuhoGBSO0GJZnNqYg4BVENXlc5xsTfsw8iy7p0duzc71J6M8qQvqLNClA5WUTEaHC7u3Pp0dT0p9938/inEWcZJ1Sl79XBbbipeKv4FNMwVyu86fc380hsCLdeyZosx81]]></Encrypt><AgentID><![CDATA[1000002]]></AgentID></xml>
2017-11-08 19:40:36.937 [http-apr-8080-exec-76] INFO  com.ray.weixin.qy.service.message.reply.ReplyMessageService - reply_xmlMsg:<xml><ToUserName><![CDATA[ww92f5da92bb24696e]]></ToUserName><FromUserName><![CDATA[ShiRui]]></FromUserName><CreateTime>1510141236</CreateTime><MsgType><![CDATA[event]]></MsgType><AgentID>1000002</AgentID><Event><![CDATA[LOCATION]]></Event><Latitude>31.1676</Latitude><Longitude>121.156</Longitude><Precision>15</Precision></xml>
2017-11-08 19:40:36.938 [http-apr-8080-exec-76] INFO  com.ray.weixin.qy.service.message.reply.ReplyMessageService - fromUserName:ShiRui
2017-11-08 19:40:36.938 [http-apr-8080-exec-76] INFO  com.ray.weixin.qy.service.message.reply.ReplyMessageService - toUserName:ww92f5da92bb24696e
2017-11-08 19:40:36.938 [http-apr-8080-exec-76] INFO  com.ray.weixin.qy.service.message.reply.ReplyMessageService - msgType:event
2017-11-08 19:40:36.938 [http-apr-8080-exec-76] INFO  com.ray.weixin.qy.service.message.reply.ReplyMessageService - Event:LOCATION  eventKey:null
2017-11-08 19:40:41.918 [http-apr-8080-exec-77] INFO  com.ray.weixin.qy.controller.WeiXinServlet - post--------------
2017-11-08 19:40:41.919 [http-apr-8080-exec-77] INFO  com.ray.weixin.qy.service.message.reply.ReplyMessageService - parms:{"msg_signature":["ba530f3b6a6d6f0f76f4efa61f1e241d14282692"],"timestamp":["1510141241"],"nonce":["1873389611"]}
2017-11-08 19:40:41.919 [http-apr-8080-exec-77] INFO  com.ray.weixin.qy.service.message.reply.ReplyMessageService - postData:<xml><ToUserName><![CDATA[ww92f5da92bb24696e]]></ToUserName><Encrypt><![CDATA[Q78UkFNmGF4LrPOz9nWC+4T1jEgUuUb1zMvWbF9upSjHjHa+azc+LbFiA4PqrnHsW9NAZPWv60eznJ45oVSsgdq9eNCTYhsoNzskVLRHfRa1TzTO1h1tfSV8l4V3SZT6WBNPrweiZqzYFw6QGyozMHLZRyYB1cfRwoHeKIBTzzNu3tCUdkj3WC/foVHvpwDpga336vDYuu0unIbDQHHh8qiqKjbIYvFLDOCjhxeaGUHIAIkhKPJZSmGO5+F5t6myAvagG+3YHoIpoKRCJ5lbf8mP+j9AejBdHzHXoH2E1AWFAg668Jq3Jwp7Al9B4HCYIAi8RqRNUMPOKpqwQEgjKnO9ChcYYpLmOMZFDZyxAXrVJPjZQoSTDOGOgXz0xboPPKI/toa2oeV51fNSkiIkiaS7qVMQxH28rLxxO0p56hI4wvNya2uvENoT9LZSoOe+pvhruC8L8Ro0YAjM+mYCcIReVSbT3FkCABjo6jb5ebRxM8UBklz9bB6HSsxanYKf]]></Encrypt><AgentID><![CDATA[1000002]]></AgentID></xml>
2017-11-08 19:40:41.921 [http-apr-8080-exec-77] INFO  com.ray.weixin.qy.service.message.reply.ReplyMessageService - reply_xmlMsg:<xml><ToUserName><![CDATA[ww92f5da92bb24696e]]></ToUserName><FromUserName><![CDATA[ShiRui]]></FromUserName><CreateTime>1510141241</CreateTime><MsgType><![CDATA[event]]></MsgType><AgentID>1000002</AgentID><Event><![CDATA[LOCATION]]></Event><Latitude>31.1676</Latitude><Longitude>121.156</Longitude><Precision>15</Precision></xml>
2017-11-08 19:40:41.922 [http-apr-8080-exec-77] INFO  com.ray.weixin.qy.service.message.reply.ReplyMessageService - fromUserName:ShiRui
2017-11-08 19:40:41.922 [http-apr-8080-exec-77] INFO  com.ray.weixin.qy.service.message.reply.ReplyMessageService - toUserName:ww92f5da92bb24696e
2017-11-08 19:40:41.922 [http-apr-8080-exec-77] INFO  com.ray.weixin.qy.service.message.reply.ReplyMessageService - msgType:event
2017-11-08 19:40:41.922 [http-apr-8080-exec-77] INFO  com.ray.weixin.qy.service.message.reply.ReplyMessageService - Event:LOCATION  eventKey:null
2017-11-08 19:40:46.967 [http-apr-8080-exec-70] INFO  com.ray.weixin.qy.controller.WeiXinServlet - post--------------
2017-11-08 19:40:46.967 [http-apr-8080-exec-70] INFO  com.ray.weixin.qy.service.message.reply.ReplyMessageService - parms:{"msg_signature":["029db0ae4c04632388ac110e365c8b7a1e260175"],"timestamp":["1510141246"],"nonce":["684062362"]}
2017-11-08 19:40:46.967 [http-apr-8080-exec-70] INFO  com.ray.weixin.qy.service.message.reply.ReplyMessageService - postData:<xml><ToUserName><![CDATA[ww92f5da92bb24696e]]></ToUserName><Encrypt><![CDATA[sY/bgVhwkHBoq4yzfAX3j6n04y8uMBJnn/+iK6GO7ux+F/frhpiRfxZXIchpwAonuAabdSVkpKVMm/3x7s2I+vwkgobizrCxK0WkOoYzmb/pqUW8wzTNFrGLzE/hyypRjMpM+Tu0mkdIPsLemaek4doVZHerbdFz9pN6J5uIf5TxnMMVH9t7Y5rKaWYvA2vqGtVvmGVhJFQS7clLN5+weZfUQeomqdfbeNHNQBPJEvahWq5nQPmqYI1X4P195m0/pt3aCp5HH5Z/e9ctVQhTHDk3zuFFDy+EXb4i8BZ4EB64QY5kwRqIozaw9zkzPc1F8MSC5sBqYueuaKMglip/CPxevKXRznI7Sr43R72JYHGuOQNWODeS6JSDJDw5T77RR9j6nxtfpTLI79LB8FR5KJ0V64BMww1Mb1g9qodCDzst2PKfzybWbcMCAOPkLfKa1wrVUPjRRMssM8xfAwffYR15Qb6dUbF+WCpqn1QnuqtH2gIigT05T5swyDUgFYda]]></Encrypt><AgentID><![CDATA[1000002]]></AgentID></xml>
2017-11-08 19:40:46.970 [http-apr-8080-exec-70] INFO  com.ray.weixin.qy.service.message.reply.ReplyMessageService - reply_xmlMsg:<xml><ToUserName><![CDATA[ww92f5da92bb24696e]]></ToUserName><FromUserName><![CDATA[ShiRui]]></FromUserName><CreateTime>1510141246</CreateTime><MsgType><![CDATA[event]]></MsgType><AgentID>1000002</AgentID><Event><![CDATA[LOCATION]]></Event><Latitude>31.1676</Latitude><Longitude>121.156</Longitude><Precision>15</Precision></xml>
2017-11-08 19:40:46.971 [http-apr-8080-exec-70] INFO  com.ray.weixin.qy.service.message.reply.ReplyMessageService - fromUserName:ShiRui
2017-11-08 19:40:46.971 [http-apr-8080-exec-70] INFO  com.ray.weixin.qy.service.message.reply.ReplyMessageService - toUserName:ww92f5da92bb24696e
2017-11-08 19:40:46.971 [http-apr-8080-exec-70] INFO  com.ray.weixin.qy.service.message.reply.ReplyMessageService - msgType:event
2017-11-08 19:40:46.972 [http-apr-8080-exec-70] INFO  com.ray.weixin.qy.service.message.reply.ReplyMessageService - Event:LOCATION  eventKey:null
2017-11-08 19:40:51.945 [http-apr-8080-exec-72] INFO  com.ray.weixin.qy.controller.WeiXinServlet - post--------------
2017-11-08 19:40:51.947 [http-apr-8080-exec-72] INFO  com.ray.weixin.qy.service.message.reply.ReplyMessageService - parms:{"msg_signature":["348f1f0edc881e9d78f0db08eb86b8890bfadfef"],"timestamp":["1510141251"],"nonce":["1555362257"]}
2017-11-08 19:40:51.948 [http-apr-8080-exec-72] INFO  com.ray.weixin.qy.service.message.reply.ReplyMessageService - postData:<xml><ToUserName><![CDATA[ww92f5da92bb24696e]]></ToUserName><Encrypt><![CDATA[RCoz7sFmniPbQlU97hvZEr/bog+cPpA+APkZ/mK4RgoGUR0AH17xMUtaHM/M8GRifF0quUZwGT7voV/Gr7c28OoJNkG6oBVtUixbvvV6LDr9mGueuu/UXuh0NmNHDa6q0a7XNVnYXn20YOn90zcfEUQ1+b7/ku2mKaKWnGhYwSH5UPt31qU+GiKrqVgbJf+mPoxd62pUf9AZGgMYfOdvyQdCGYVwwnvAPvhCbOpTTHcdXLPjDTnn8+9QKwvtrclPWpyF6zZih7cJBd6qJhCNQLjvqarouCGvFT1V4pReL9Q191XtLrpufC/zTRe7O17YR0ZD/d9owBh3hzyUjQITv7Cgi0a1wH95egwoS9j1SupWSWOv1GOp49vSid7O3+qrtucprEttq3njwJQuG9H1WD5a8MC2vN6+e9Q8E+PyB4BKngEEYHeOjGdOu7L7ocbuJk0IC+/NE5VBFIq175v76YZr3uviHsKZJnhYx4xWTVXw6vKxgQR0ITHw4gjacg3L]]></Encrypt><AgentID><![CDATA[1000002]]></AgentID></xml>
2017-11-08 19:40:51.952 [http-apr-8080-exec-72] INFO  com.ray.weixin.qy.service.message.reply.ReplyMessageService - reply_xmlMsg:<xml><ToUserName><![CDATA[ww92f5da92bb24696e]]></ToUserName><FromUserName><![CDATA[ShiRui]]></FromUserName><CreateTime>1510141251</CreateTime><MsgType><![CDATA[event]]></MsgType><AgentID>1000002</AgentID><Event><![CDATA[LOCATION]]></Event><Latitude>31.1676</Latitude><Longitude>121.156</Longitude><Precision>15</Precision></xml>
2017-11-08 19:40:51.956 [http-apr-8080-exec-72] INFO  com.ray.weixin.qy.service.message.reply.ReplyMessageService - fromUserName:ShiRui
2017-11-08 19:40:51.956 [http-apr-8080-exec-72] INFO  com.ray.weixin.qy.service.message.reply.ReplyMessageService - toUserName:ww92f5da92bb24696e
2017-11-08 19:40:51.957 [http-apr-8080-exec-72] INFO  com.ray.weixin.qy.service.message.reply.ReplyMessageService - msgType:event
2017-11-08 19:40:51.957 [http-apr-8080-exec-72] INFO  com.ray.weixin.qy.service.message.reply.ReplyMessageService - Event:LOCATION  eventKey:null
2017-11-08 19:40:56.990 [http-apr-8080-exec-74] INFO  com.ray.weixin.qy.controller.WeiXinServlet - post--------------
2017-11-08 19:40:56.990 [http-apr-8080-exec-74] INFO  com.ray.weixin.qy.service.message.reply.ReplyMessageService - parms:{"msg_signature":["e013237de963030d77ec68ca72a924509e824dfd"],"timestamp":["1510141256"],"nonce":["2065990630"]}
2017-11-08 19:40:56.991 [http-apr-8080-exec-74] INFO  com.ray.weixin.qy.service.message.reply.ReplyMessageService - postData:<xml><ToUserName><![CDATA[ww92f5da92bb24696e]]></ToUserName><Encrypt><![CDATA[LiT+j/VV322Y74uXYtreoqOfPwS3p1pL8h6PdEOEDtIGM/wpqVVtKNVnyshPwNVCUli83Om8bUUMj+vBwXEe2rfGwaA5BIqDSNbxrjfUlvbvl/NrdYJqkKT6nBJ5KZpTj13o9kIdssnD3szn+6RkUtvYPVkzipqeedT9kr2Fu00FUmg+dshxBpZ9MtU22QQfry0KfN36eUR4DUabel8PylZ/4w/EsxTtaHsWPRsRj6cKIzDMNfVhkMJb0k4JjEPkV0kXvsWXuASwatJdeW0RaUUlgiZK+Sb8jSv/wBCap+K85K25fiFLDkjaB6TgJrwUVGvLYAPw3CymiR1G+NrAisOtSh/jFKw+CZGxWjaWdpY2tnW/oYE/kj0QxkBz7WF57SaKOPFVnNw8QiyuCwc166v7eK2BdeuE1Zqzwpp47dvRSIwo7eGuN35Ww3dZepoVjvtlh+MtC6bxiWowy8OFZhUtE8kZCK15APltFVIK8gU6x8bC6COF0UbPEjMcboRG]]></Encrypt><AgentID><![CDATA[1000002]]></AgentID></xml>
2017-11-08 19:40:56.992 [http-apr-8080-exec-74] INFO  com.ray.weixin.qy.service.message.reply.ReplyMessageService - reply_xmlMsg:<xml><ToUserName><![CDATA[ww92f5da92bb24696e]]></ToUserName><FromUserName><![CDATA[ShiRui]]></FromUserName><CreateTime>1510141256</CreateTime><MsgType><![CDATA[event]]></MsgType><AgentID>1000002</AgentID><Event><![CDATA[LOCATION]]></Event><Latitude>31.1676</Latitude><Longitude>121.156</Longitude><Precision>15</Precision></xml>
2017-11-08 19:40:56.993 [http-apr-8080-exec-74] INFO  com.ray.weixin.qy.service.message.reply.ReplyMessageService - fromUserName:ShiRui
2017-11-08 19:40:56.993 [http-apr-8080-exec-74] INFO  com.ray.weixin.qy.service.message.reply.ReplyMessageService - toUserName:ww92f5da92bb24696e
2017-11-08 19:40:56.993 [http-apr-8080-exec-74] INFO  com.ray.weixin.qy.service.message.reply.ReplyMessageService - msgType:event
2017-11-08 19:40:56.993 [http-apr-8080-exec-74] INFO  com.ray.weixin.qy.service.message.reply.ReplyMessageService - Event:LOCATION  eventKey:null
