2017-11-08 10:55:30.327 [http-apr-8080-exec-7] INFO  com.ray.weixin.gz.controller.WeiXinServlet - post--------------
2017-11-08 10:55:30.415 [http-apr-8080-exec-7] INFO  com.ray.weixin.gz.service.message.ReplyMessageService - parms:{"signature":["85057d4ffbaf8231b1acba1398d2a7cf9ec27b3c"],"timestamp":["1510109728"],"nonce":["474282011"],"openid":["oDLefxDvQajibXhSWIWHrkiO1n2o"]}
2017-11-08 10:55:30.416 [http-apr-8080-exec-7] INFO  com.ray.weixin.gz.service.message.ReplyMessageService - postData:<xml><ToUserName><![CDATA[gh_8c1dd328db4e]]></ToUserName><FromUserName><![CDATA[oDLefxDvQajibXhSWIWHrkiO1n2o]]></FromUserName><CreateTime>1510109728</CreateTime><MsgType><![CDATA[event]]></MsgType><Event><![CDATA[VIEW]]></Event><EventKey><![CDATA[http://rayner.nat300.top/weixin_gz/showInvoice.jsp]]></EventKey><MenuId>591675728</MenuId></xml>
2017-11-08 10:55:30.417 [http-apr-8080-exec-7] INFO  com.ray.weixin.gz.service.message.ReplyMessageService - 明文模式
2017-11-08 10:55:30.418 [http-apr-8080-exec-7] INFO  com.ray.weixin.gz.service.message.ReplyMessageService - <xml><ToUserName><![CDATA[gh_8c1dd328db4e]]></ToUserName><FromUserName><![CDATA[oDLefxDvQajibXhSWIWHrkiO1n2o]]></FromUserName><CreateTime>1510109728</CreateTime><MsgType><![CDATA[event]]></MsgType><Event><![CDATA[VIEW]]></Event><EventKey><![CDATA[http://rayner.nat300.top/weixin_gz/showInvoice.jsp]]></EventKey><MenuId>591675728</MenuId></xml>
2017-11-08 10:55:30.696 [http-apr-8080-exec-7] INFO  com.ray.weixin.gz.service.message.ReplyMessageService - fromUserName:oDLefxDvQajibXhSWIWHrkiO1n2o
2017-11-08 10:55:30.696 [http-apr-8080-exec-7] INFO  com.ray.weixin.gz.service.message.ReplyMessageService - toUserName:gh_8c1dd328db4e
2017-11-08 10:55:30.696 [http-apr-8080-exec-7] INFO  com.ray.weixin.gz.service.message.ReplyMessageService - msgType:event
2017-11-08 10:55:30.697 [http-apr-8080-exec-7] INFO  com.ray.weixin.gz.service.message.ReplyMessageService - Event:VIEW  eventKey:http://rayner.nat300.top/weixin_gz/showInvoice.jsp
2017-11-08 10:55:36.164 [http-apr-8080-exec-9] INFO  com.ray.weixin.gz.util.AuthHelper - jsonObject:{"access_token":"ozg8h87cFQTvJs_CpcG0UDM8ouQ5t6NrQhfzM3reZWI2MXGPq-QDWi61syzOLBIxmQ6AlHlzGu1mTd9CcybcnkZq_z-DtBMcyu89iSqJn6DIy86dS7lBkTu2qPJTLoWTNMSbAFASRX","expires_in":7200}
2017-11-08 10:55:37.004 [http-apr-8080-exec-9] INFO  com.ray.weixin.gz.util.AuthHelper - jsonObject:{"errcode":0,"ticket":"kgt8ON7yVITDhtdwci0qed-m2nUygHpV3DXUL-ToMkjDESEjFhMIhqGmoVyAg0W5DEybpYkgu5m7NXBoBBpwGQ","errmsg":"ok","expires_in":7200}
2017-11-08 10:55:37.006 [http-apr-8080-exec-9] INFO  com.ray.weixin.gz.util.AuthHelper - accessToken:ozg8h87cFQTvJs_CpcG0UDM8ouQ5t6NrQhfzM3reZWI2MXGPq-QDWi61syzOLBIxmQ6AlHlzGu1mTd9CcybcnkZq_z-DtBMcyu89iSqJn6DIy86dS7lBkTu2qPJTLoWTNMSbAFASRX
2017-11-08 10:55:37.007 [http-apr-8080-exec-9] INFO  com.ray.weixin.gz.util.AuthHelper - ticket:kgt8ON7yVITDhtdwci0qed-m2nUygHpV3DXUL-ToMkjDESEjFhMIhqGmoVyAg0W5DEybpYkgu5m7NXBoBBpwGQ
2017-11-08 10:55:37.007 [http-apr-8080-exec-9] INFO  com.ray.weixin.gz.util.AuthHelper - nonceStr:6139c015-e1f0-44e4-829b-3e53114f83d3
2017-11-08 10:55:37.008 [http-apr-8080-exec-9] INFO  com.ray.weixin.gz.util.AuthHelper - timeStamp:1510109731
2017-11-08 10:55:37.008 [http-apr-8080-exec-9] INFO  com.ray.weixin.gz.util.AuthHelper - signedUrl:http://rayner.nat300.top/weixin_gz/showInvoice.jsp
2017-11-08 10:55:37.009 [http-apr-8080-exec-9] INFO  com.ray.weixin.gz.util.AuthHelper - signature:c7fa85fc043670621b2561d0df70614dd59fba2d
2017-11-08 10:55:37.009 [http-apr-8080-exec-9] INFO  com.ray.weixin.gz.util.AuthHelper - appId:wxa0064ea657f80062
2017-11-08 10:55:37.010 [http-apr-8080-exec-9] INFO  com.ray.weixin.gz.util.AuthHelper - configValue:{signature:'c7fa85fc043670621b2561d0df70614dd59fba2d',nonceStr:'6139c015-e1f0-44e4-829b-3e53114f83d3',timeStamp:'1510109731',appId:'wxa0064ea657f80062'}
2017-11-08 10:55:37.377 [http-apr-8080-exec-9] INFO  com.ray.weixin.gz.util.AuthHelper - jsonObject:{"access_token":"ozg8h87cFQTvJs_CpcG0UDM8ouQ5t6NrQhfzM3reZWIVNvaflNhc2HiaCFuOHUrl6G6voJ2Iy5pvOInqyP1EiO4LoRH-hsWc6AYWn2_U2FEfuQLDc6WQCveiTdGK5vQSZOGbAFAKZR","expires_in":7199}
2017-11-08 10:55:37.743 [http-apr-8080-exec-9] INFO  com.ray.weixin.gz.service.invoice.InvoiceService - jsonObject:{"errcode":0,"ticket":"IpK_1T69hDhZkLQTlwsAX5ZwNp_4txyINLb67lXqTZIDrVIdFF4vhQVfWHLn9-pu4YnpKsy2qQjLzoyN50m0EQ","errmsg":"ok","expires_in":7200}
2017-11-08 10:55:37.746 [http-apr-8080-exec-9] INFO  com.ray.weixin.gz.util.AuthHelper - apiTicket:IpK_1T69hDhZkLQTlwsAX5ZwNp_4txyINLb67lXqTZIDrVIdFF4vhQVfWHLn9-pu4YnpKsy2qQjLzoyN50m0EQ
2017-11-08 10:55:37.747 [http-apr-8080-exec-9] INFO  com.ray.weixin.gz.util.AuthHelper - appId:wxa0064ea657f80062
2017-11-08 10:55:37.748 [http-apr-8080-exec-9] INFO  com.ray.weixin.gz.util.AuthHelper - timeStamp:1510109737
2017-11-08 10:55:37.748 [http-apr-8080-exec-9] INFO  com.ray.weixin.gz.util.AuthHelper - nonceStr:85f57809-af12-4d35-b08b-6f035cc7ba7a
2017-11-08 10:55:37.749 [http-apr-8080-exec-9] INFO  com.ray.weixin.gz.util.AuthHelper - cardType:INVOICE
2017-11-08 10:55:37.750 [http-apr-8080-exec-9] INFO  com.ray.weixin.gz.util.AuthHelper - cardSign:3437669587b9825e1a175a2f90364ed0afd6c854
2017-11-08 10:55:37.750 [http-apr-8080-exec-9] INFO  com.ray.weixin.gz.util.AuthHelper - signType:SHA1
2017-11-08 10:55:37.751 [http-apr-8080-exec-9] INFO  com.ray.weixin.gz.util.AuthHelper - configValue:{"signType":"SHA1","cardSign":"3437669587b9825e1a175a2f90364ed0afd6c854","nonceStr":"85f57809-af12-4d35-b08b-6f035cc7ba7a","timestamp":"1510109737"}
