2017-11-09 10:01:32.050 [http-apr-8080-exec-2] INFO  com.ray.weixin.qy.controller.WeiXinServlet - post--------------
2017-11-09 10:01:32.064 [http-apr-8080-exec-2] INFO  com.ray.weixin.qy.service.message.reply.ReplyMessageService - parms:{"msg_signature":["1f05ced1c3efbbc4bf0c60fb91a4ab6ecee40a83"],"timestamp":["1510192891"],"nonce":["130872489"]}
2017-11-09 10:01:32.064 [http-apr-8080-exec-2] INFO  com.ray.weixin.qy.service.message.reply.ReplyMessageService - postData:<xml><ToUserName><![CDATA[ww92f5da92bb24696e]]></ToUserName><Encrypt><![CDATA[7vmOuKgqOiHuvFy+G3AuLuWjCOlMNG99lhUaGFUOA+/jDMkB+2xokn6371rtt6CApEyrhg/5SdkVRxkHEy5JqEfkwItC2RzCbxPmuGE4aPRa/WqCpETIcEMoi6Eztuy/EOv9w+dIvhEXxKv2sy5nh49EWh3ZOircQ/EvYJtuFksBqZArDGrZJqJSnkpx2AVkd2gw1kFLmlQE8Xy/l8i18Gg95bQo2oYsR/mEiVXOzfstnSG8CfisQNS4N/9KCn4woZ/hsXcX/Rg5p0BeBMGtzioxS1je8IOgtMNxMPkcriS8PZaUgNNKUG0x5QnntCyNj1I/ogjSghWs7/uiqNCcRu4J+cR99Tq5yZudQLDjsFH/ffSE83pecbZWxUufttIZhNgJXUPEMRI7SvgUde9rgVuwvbOgxSkufsAIrBcgSeSzThol1CMJvS7T1czyb/XKDaBBhxCmeJaFGExMc+XkEGQAJZ/QMBlxykZwmBy6k9ZYXIfW7mXK6uNu650qo+qd]]></Encrypt><AgentID><![CDATA[1000002]]></AgentID></xml>
2017-11-09 10:01:32.106 [http-apr-8080-exec-2] INFO  com.ray.weixin.qy.service.message.reply.ReplyMessageService - reply_xmlMsg:<xml><ToUserName><![CDATA[ww92f5da92bb24696e]]></ToUserName><FromUserName><![CDATA[ShiRui]]></FromUserName><CreateTime>1510192891</CreateTime><MsgType><![CDATA[event]]></MsgType><AgentID>1000002</AgentID><Event><![CDATA[LOCATION]]></Event><Latitude>31.1676</Latitude><Longitude>121.156</Longitude><Precision>15</Precision></xml>
2017-11-09 10:01:32.111 [http-apr-8080-exec-2] INFO  com.ray.weixin.qy.service.message.reply.ReplyMessageService - fromUserName:ShiRui
2017-11-09 10:01:32.112 [http-apr-8080-exec-2] INFO  com.ray.weixin.qy.service.message.reply.ReplyMessageService - toUserName:ww92f5da92bb24696e
2017-11-09 10:01:32.112 [http-apr-8080-exec-2] INFO  com.ray.weixin.qy.service.message.reply.ReplyMessageService - msgType:event
2017-11-09 10:01:32.112 [http-apr-8080-exec-2] INFO  com.ray.weixin.qy.service.message.reply.ReplyMessageService - Event:LOCATION  eventKey:null
2017-11-09 10:01:32.551 [http-apr-8080-exec-6] INFO  com.ray.weixin.qy.controller.WeiXinServlet - post--------------
2017-11-09 10:01:32.552 [http-apr-8080-exec-6] INFO  com.ray.weixin.qy.service.message.reply.ReplyMessageService - parms:{"msg_signature":["c99493f677d1474291dc85e968ac2299317f3c35"],"timestamp":["1510192891"],"nonce":["2005263003"]}
2017-11-09 10:01:32.553 [http-apr-8080-exec-6] INFO  com.ray.weixin.qy.service.message.reply.ReplyMessageService - postData:<xml><ToUserName><![CDATA[ww92f5da92bb24696e]]></ToUserName><Encrypt><![CDATA[wyaEaj0b9iElf+cT9P8pPH1bXNzYTmrQRY/7ZATCbfNt+Q1TdvlE94335DP8o6oRku23BlndI/vvXITWrjrZb0q6SCTpMI4NUcETrGh4AhuHaRG7M9NX6JdUF8Tqiy/V2atp1/4v+Ny/SoHAMflAZ+TQcg+Uk+QymqjIiRFD+7RJSoiI+fHNnYPU5zNwl8U0VMepjF8+4apnrY1C8iuLjeJpTGDTrEpIvFO7gsa6kM4Fp6im1Wr9RmLTkPaCKe98sC38oOrF8MMrst/jvQRIa2Xobmc/u1Wzi/DbgnhoG+K1bf530FGRqWLh2f1SAeRSv7QNM/EsqtWfSxsVNYqBqWeiUGCR+jRl5t16uW4CXgI46HiyondBdbEuiFo36eVyV3XMHPvNBVmPbmUtSO6hMBanj2Yzbr6Rc7ogzHdpaySZ9VmLxWqLVcDvjrJSYQ2LY8rONErBgMh2DlkNXI6z+6pHyed0P8cXxdVAfu2+eaaJCCfBtXMRmbZrC7PI4sa4]]></Encrypt><AgentID><![CDATA[1000002]]></AgentID></xml>
2017-11-09 10:01:32.567 [http-apr-8080-exec-6] INFO  com.ray.weixin.qy.service.message.reply.ReplyMessageService - reply_xmlMsg:<xml><ToUserName><![CDATA[ww92f5da92bb24696e]]></ToUserName><FromUserName><![CDATA[ShiRui]]></FromUserName><CreateTime>1510192891</CreateTime><MsgType><![CDATA[event]]></MsgType><AgentID>1000002</AgentID><Event><![CDATA[view]]></Event><EventKey><![CDATA[http://rayner.nat300.top/weixin_qy/showInvoice.jsp]]></EventKey></xml>
2017-11-09 10:01:32.572 [http-apr-8080-exec-6] INFO  com.ray.weixin.qy.service.message.reply.ReplyMessageService - fromUserName:ShiRui
2017-11-09 10:01:32.573 [http-apr-8080-exec-6] INFO  com.ray.weixin.qy.service.message.reply.ReplyMessageService - toUserName:ww92f5da92bb24696e
2017-11-09 10:01:32.573 [http-apr-8080-exec-6] INFO  com.ray.weixin.qy.service.message.reply.ReplyMessageService - msgType:event
2017-11-09 10:01:32.574 [http-apr-8080-exec-6] INFO  com.ray.weixin.qy.service.message.reply.ReplyMessageService - Event:view  eventKey:http://rayner.nat300.top/weixin_qy/showInvoice.jsp
2017-11-09 10:01:32.813 [http-apr-8080-exec-5] INFO  com.ray.weixin.qy.util.AuthHelper - jsonObject:{"errcode":0,"access_token":"RVUMhaz-QcALWPrIef8VlQayDM5w55oYDw5FrLAax9W4TOLAOXTnChxYEP2-74uxxPT2C9i1I9wewB97GuODOPyN3p7to4_wYWQ3cAQMv-owZeVpxS-gopdSUPHtRFsxqx5m0RnpBhh0BI0DFiUS85FISGwMzmvNvPe6ZvlKrM54gETQx1ZRdVGQSMHVYFzqZBb9C7q_gw-eZZ9u8Kqw4A","errmsg":"ok","expires_in":7200}
2017-11-09 10:01:33.189 [http-apr-8080-exec-5] INFO  com.ray.weixin.qy.util.AuthHelper - jsonObject:{"errcode":0,"ticket":"kgt8ON7yVITDhtdwci0qebCLEfC_BfeygIq8cFPLbdav_wS6aHw3IOuPFhwb5b37fHfTFdS6e23Vb_dbDCjTOg","errmsg":"ok","expires_in":7200}
2017-11-09 10:01:33.190 [http-apr-8080-exec-5] INFO  com.ray.weixin.qy.util.AuthHelper - url:http://rayner.nat300.top/weixin_qy/showInvoice.jsp
2017-11-09 10:01:33.190 [http-apr-8080-exec-5] INFO  com.ray.weixin.qy.util.AuthHelper - accessToken:RVUMhaz-QcALWPrIef8VlQayDM5w55oYDw5FrLAax9W4TOLAOXTnChxYEP2-74uxxPT2C9i1I9wewB97GuODOPyN3p7to4_wYWQ3cAQMv-owZeVpxS-gopdSUPHtRFsxqx5m0RnpBhh0BI0DFiUS85FISGwMzmvNvPe6ZvlKrM54gETQx1ZRdVGQSMHVYFzqZBb9C7q_gw-eZZ9u8Kqw4A
2017-11-09 10:01:33.190 [http-apr-8080-exec-5] INFO  com.ray.weixin.qy.util.AuthHelper - jsapi_ticket:kgt8ON7yVITDhtdwci0qebCLEfC_BfeygIq8cFPLbdav_wS6aHw3IOuPFhwb5b37fHfTFdS6e23Vb_dbDCjTOg
2017-11-09 10:01:33.190 [http-apr-8080-exec-5] INFO  com.ray.weixin.qy.util.AuthHelper - appId:ww92f5da92bb24696e
2017-11-09 10:01:33.190 [http-apr-8080-exec-5] INFO  com.ray.weixin.qy.util.AuthHelper - timestamp:1510192892
2017-11-09 10:01:33.190 [http-apr-8080-exec-5] INFO  com.ray.weixin.qy.util.AuthHelper - nonceStr:8f7a79e7-1717-4bef-853c-0cbac95a098f
2017-11-09 10:01:33.190 [http-apr-8080-exec-5] INFO  com.ray.weixin.qy.util.AuthHelper - signature:2d2a824d022201186abe2585e06a68dab2e39b4f
2017-11-09 10:01:33.191 [http-apr-8080-exec-5] INFO  com.ray.weixin.qy.util.AuthHelper - configValue:{"signature":"2d2a824d022201186abe2585e06a68dab2e39b4f","appId":"ww92f5da92bb24696e","nonceStr":"8f7a79e7-1717-4bef-853c-0cbac95a098f","timestamp":"1510192892"}
2017-11-09 10:01:36.653 [http-apr-8080-exec-1] INFO  com.ray.weixin.qy.controller.WeiXinServlet - post--------------
2017-11-09 10:01:36.654 [http-apr-8080-exec-1] INFO  com.ray.weixin.qy.service.message.reply.ReplyMessageService - parms:{"msg_signature":["1bf0bffbd41bd5dc013668328277ecf58f28512a"],"timestamp":["1510192896"],"nonce":["1783323324"]}
2017-11-09 10:01:36.654 [http-apr-8080-exec-1] INFO  com.ray.weixin.qy.service.message.reply.ReplyMessageService - postData:<xml><ToUserName><![CDATA[ww92f5da92bb24696e]]></ToUserName><Encrypt><![CDATA[YTMbrTWNKd4EV7yu6i25MV8H7SMn+zj/lCghr9dGaO3bhza0koHm6MpdWczMnj3J17JE5equozDdiDRd3izDh7oGBMo/ppJg07Ro1KzeGdIjHeN0xu2bfRamcWJ2kKFM8D4IPqnYVeoFJjYBZ8b31WqilPd4IRvWsK+tOqWtvpbqg8VAoS6rakKYrxwsfaht7PQuYTc+wsjkOjjulu+CUzah2HCpMcRjJywXVV871x9ibH4mRKO3Pa/UvD11yvJWUkCRj3qsNy9Zez4WMjw7kYbipYMLRNJ5xUdr6uxBV5Wpd56/HDWGUq9iAIavzsuTmd9MAnpoXmjd5ScycnwRZokCFRGLQk+LNoc7ZdRKoSBnaWexv9W+itQQkhEbH1b46V3L/tcCtzapVrTqTHcIAPUCTT6/CI/UtcXL130kofJgm4LK462z+lDOAcwb3zMaonSut8MTR/3VGeRwF2TevsthUaEJzO3X27lLF0QNoYrrvoBhLvoRXlQ1P4Alb8Ps]]></Encrypt><AgentID><![CDATA[1000002]]></AgentID></xml>
2017-11-09 10:01:36.656 [http-apr-8080-exec-1] INFO  com.ray.weixin.qy.service.message.reply.ReplyMessageService - reply_xmlMsg:<xml><ToUserName><![CDATA[ww92f5da92bb24696e]]></ToUserName><FromUserName><![CDATA[ShiRui]]></FromUserName><CreateTime>1510192896</CreateTime><MsgType><![CDATA[event]]></MsgType><AgentID>1000002</AgentID><Event><![CDATA[LOCATION]]></Event><Latitude>31.1676</Latitude><Longitude>121.156</Longitude><Precision>15</Precision></xml>
2017-11-09 10:01:36.657 [http-apr-8080-exec-1] INFO  com.ray.weixin.qy.service.message.reply.ReplyMessageService - fromUserName:ShiRui
2017-11-09 10:01:36.657 [http-apr-8080-exec-1] INFO  com.ray.weixin.qy.service.message.reply.ReplyMessageService - toUserName:ww92f5da92bb24696e
2017-11-09 10:01:36.657 [http-apr-8080-exec-1] INFO  com.ray.weixin.qy.service.message.reply.ReplyMessageService - msgType:event
2017-11-09 10:01:36.657 [http-apr-8080-exec-1] INFO  com.ray.weixin.qy.service.message.reply.ReplyMessageService - Event:LOCATION  eventKey:null
2017-11-09 10:01:40.995 [http-apr-8080-exec-2] INFO  com.ray.weixin.qy.controller.WeiXinServlet - post--------------
2017-11-09 10:01:40.998 [http-apr-8080-exec-2] INFO  com.ray.weixin.qy.service.message.reply.ReplyMessageService - parms:{"msg_signature":["94b5768f4ef28d5ac8eb269009046d99122933ff"],"timestamp":["1510192900"],"nonce":["841102497"]}
2017-11-09 10:01:40.999 [http-apr-8080-exec-2] INFO  com.ray.weixin.qy.service.message.reply.ReplyMessageService - postData:<xml><ToUserName><![CDATA[ww92f5da92bb24696e]]></ToUserName><Encrypt><![CDATA[r6v/hbb3oFKh45QS61GSnj9rRjM0AAkuiyYi6KKamF8IsBGyGZmtPCTbtORnM5hYtji3STaRjPzEWvWQipUXwcye0GT3ejmy2dmYngsioPH8c2DZHJGFyqAcXRNLGG4tF2G6y229WktS5Ip7XhjcVLSaO+irAfDF+SZx7phrsQwwdPz83y4jX7CwNNjkhJtm7m1725udYbediD0tYB23SHg6eq1EFa7kdq2xGjkHJegkfIq1Uk1dPiuthF5LL/0KI4hsYKleBmBHC1rH9bSRbA26k+AKHgRdPkHyusmSxydWl6JQMosSzNZhzYW5bekbMaRZaJyfcEyRraM0SeEOSugC/qTxzeyG/ZzrzAGSRM+3vTY+4Ig2tfm7twnlJys+4ws0ZhralFPsfOvy4Nb+v+OmdQ1eTkEUxPgTlr2y/dsql59XvqKJaMB+RTQEamkZM1yKtVcD9hAl5oz8VGz+ZuFYN8b/xEJeiL3RLmXmXfTMBNnr8M6dW+wrC7jI0bLi]]></Encrypt><AgentID><![CDATA[1000002]]></AgentID></xml>
2017-11-09 10:01:41.005 [http-apr-8080-exec-2] INFO  com.ray.weixin.qy.service.message.reply.ReplyMessageService - reply_xmlMsg:<xml><ToUserName><![CDATA[ww92f5da92bb24696e]]></ToUserName><FromUserName><![CDATA[ShiRui]]></FromUserName><CreateTime>1510192900</CreateTime><MsgType><![CDATA[event]]></MsgType><AgentID>1000002</AgentID><Event><![CDATA[LOCATION]]></Event><Latitude>31.1676</Latitude><Longitude>121.156</Longitude><Precision>15</Precision></xml>
2017-11-09 10:01:41.010 [http-apr-8080-exec-2] INFO  com.ray.weixin.qy.service.message.reply.ReplyMessageService - fromUserName:ShiRui
2017-11-09 10:01:41.010 [http-apr-8080-exec-2] INFO  com.ray.weixin.qy.service.message.reply.ReplyMessageService - toUserName:ww92f5da92bb24696e
2017-11-09 10:01:41.010 [http-apr-8080-exec-2] INFO  com.ray.weixin.qy.service.message.reply.ReplyMessageService - msgType:event
2017-11-09 10:01:41.011 [http-apr-8080-exec-2] INFO  com.ray.weixin.qy.service.message.reply.ReplyMessageService - Event:LOCATION  eventKey:null
