2017-11-08 19:03:14.296 [http-apr-8080-exec-59] INFO  com.ray.weixin.qy.controller.WeiXinServlet - post--------------
2017-11-08 19:03:14.375 [http-apr-8080-exec-59] INFO  com.ray.weixin.qy.service.message.reply.ReplyMessageService - parms:{"msg_signature":["46b00ca8b516dcf282826065c7ca2e6fc3715440"],"timestamp":["1510138993"],"nonce":["1671798847"]}
2017-11-08 19:03:14.375 [http-apr-8080-exec-59] INFO  com.ray.weixin.qy.service.message.reply.ReplyMessageService - postData:<xml><ToUserName><![CDATA[ww92f5da92bb24696e]]></ToUserName><Encrypt><![CDATA[b78odtVvFAkj7RrZaxGwK54K+h43yxNfXouRkdmqiJuAk6xU2aBjLUDgPT012D1j1Ki/iF3QGCn+8hn4CSB8KdiDJ1PZ6ASnaGqOR5koQBplropBNtlmefboy9m7y/MWZ3Lgb1euTEOkiPbUhvfShY7xfiJWbnlljAyMCdZWZ9gx+CD18RKA7IK/q+s1ZsXHUGuhVQt7oh8iXpN3QZ4Xege2F1aMN/H62u8D33wHxoGxoeKEC5Ai1gipd7sJf6MxtnZIDFi8jxCBmNaykwGDBUW/kr/P90CdeO7ab+MlgVa1hRPi+Ehl9Droc3JShAee4WeUthLB4ie3fh2C7wa4LkfxFzrKwNqFahNrRJNUmfjB2uye6uVdrDJSgRt2JLs9wC69uct/BtIvUmZlXXVR/dmaa14cAEdO6CFxlI6P7n+EssN2eHhzWxXcarsqI+l0VvGCILvWC9eZgMDBnYsFL/9iIJeCanaCUeKIRgOD6LZDiZckaKqCcf1ztHeh3Bwp]]></Encrypt><AgentID><![CDATA[1000002]]></AgentID></xml>
2017-11-08 19:03:14.404 [http-apr-8080-exec-59] INFO  com.ray.weixin.qy.service.message.reply.ReplyMessageService - reply_xmlMsg:<xml><ToUserName><![CDATA[ww92f5da92bb24696e]]></ToUserName><FromUserName><![CDATA[ShiRui]]></FromUserName><CreateTime>1510138993</CreateTime><MsgType><![CDATA[event]]></MsgType><AgentID>1000002</AgentID><Event><![CDATA[LOCATION]]></Event><Latitude>31.1695</Latitude><Longitude>121.152</Longitude><Precision>0</Precision></xml>
2017-11-08 19:03:14.567 [http-apr-8080-exec-59] INFO  com.ray.weixin.qy.service.message.reply.ReplyMessageService - fromUserName:ShiRui
2017-11-08 19:03:14.567 [http-apr-8080-exec-59] INFO  com.ray.weixin.qy.service.message.reply.ReplyMessageService - toUserName:ww92f5da92bb24696e
2017-11-08 19:03:14.567 [http-apr-8080-exec-59] INFO  com.ray.weixin.qy.service.message.reply.ReplyMessageService - msgType:event
2017-11-08 19:03:14.567 [http-apr-8080-exec-59] INFO  com.ray.weixin.qy.service.message.reply.ReplyMessageService - Event:LOCATION  eventKey:null
2017-11-08 19:03:14.688 [http-apr-8080-exec-52] INFO  com.ray.weixin.qy.controller.WeiXinServlet - post--------------
2017-11-08 19:03:14.690 [http-apr-8080-exec-52] INFO  com.ray.weixin.qy.service.message.reply.ReplyMessageService - parms:{"msg_signature":["f776d5250aba2c8fd9af521fa5ba678e3ad9af2e"],"timestamp":["1510138994"],"nonce":["1466798887"]}
2017-11-08 19:03:14.691 [http-apr-8080-exec-52] INFO  com.ray.weixin.qy.service.message.reply.ReplyMessageService - postData:<xml><ToUserName><![CDATA[ww92f5da92bb24696e]]></ToUserName><Encrypt><![CDATA[setKG7T1CigNRId2gp44HpEP8ANIXjoustv1dKhVUxIvjodFWxvvy6tIpxX4MhMJlMqKmVQGac5sqLtzcw8vYTqxX9QuGWXS8QmoSxphbLONy8WEYWmJPSYlGZbwGzIMVIZBZSlDxDOPkgsuz5/vpPXUvOKRuOov3SVsWYD2+o0XhyYRDpwx3Y1WY8Q4337DL05cM+jYjixLioMjV9wbEsU6P9tRGlJS7GPXI7mKaXKvvQnJiAtwBp/4gYGuDXL+BfPdBC1MPRT6GT+moxbh/1fSxCBlvW5aoUB0Pv+J9+1808ew4RPxcqSxdSOZWFlXrhm84LRIM52E7sY8/lNLj3rX5RMgZVccZIW+fpurPAnCrQ8G0dcR8sR813l1/DQLJecz7aZsxlWuHR2CbEOKGCKz6xeIHcRxVxtW9LwKYUSnVjMYYp5cyy30/M1PX0GUaJfkbbYHQDOCATtdCYFaNplaqJhER/jOhgNogUJJCbE1Mt93WIX1r76yyYy/85s4]]></Encrypt><AgentID><![CDATA[1000002]]></AgentID></xml>
2017-11-08 19:03:14.694 [http-apr-8080-exec-52] INFO  com.ray.weixin.qy.service.message.reply.ReplyMessageService - reply_xmlMsg:<xml><ToUserName><![CDATA[ww92f5da92bb24696e]]></ToUserName><FromUserName><![CDATA[ShiRui]]></FromUserName><CreateTime>1510138994</CreateTime><MsgType><![CDATA[event]]></MsgType><AgentID>1000002</AgentID><Event><![CDATA[view]]></Event><EventKey><![CDATA[http://rayner.nat300.top/weixin_qy/showInvoice.jsp]]></EventKey></xml>
2017-11-08 19:03:14.698 [http-apr-8080-exec-52] INFO  com.ray.weixin.qy.service.message.reply.ReplyMessageService - fromUserName:ShiRui
2017-11-08 19:03:14.698 [http-apr-8080-exec-52] INFO  com.ray.weixin.qy.service.message.reply.ReplyMessageService - toUserName:ww92f5da92bb24696e
2017-11-08 19:03:14.698 [http-apr-8080-exec-52] INFO  com.ray.weixin.qy.service.message.reply.ReplyMessageService - msgType:event
2017-11-08 19:03:14.699 [http-apr-8080-exec-52] INFO  com.ray.weixin.qy.service.message.reply.ReplyMessageService - Event:view  eventKey:http://rayner.nat300.top/weixin_qy/showInvoice.jsp
2017-11-08 19:03:16.454 [http-apr-8080-exec-64] INFO  com.ray.weixin.qy.util.AuthHelper - jsonObject:{"errcode":0,"access_token":"ZKrmF55qn7-XEP21Tz8wU891N2DLOgOyBr7gSlyW0EyP92tytr30wnbUR_rDOyYokg9RxFAq7HiHZ433Z82yYJM3pQop6QNPtit8k-9cBNHYN3VkdAD0ndbyGgjqim6lAw9JaGlgkiPWtc-mNdW0tcmf7XmLgxUilWSOc9nsz7PxcgWW65NHaYlWYXOBLEgT3QqzMd9K-669IWyOm26GyA","errmsg":"ok","expires_in":7200}
2017-11-08 19:03:16.964 [http-apr-8080-exec-64] INFO  com.ray.weixin.qy.util.AuthHelper - jsonObject:{"errcode":0,"ticket":"kgt8ON7yVITDhtdwci0qebCLEfC_BfeygIq8cFPLbdY6MM-5fA76IIfoqvBcC2C5ToCaAtocjY1xMBshMnDLbA","errmsg":"ok","expires_in":7200}
2017-11-08 19:03:16.967 [http-apr-8080-exec-64] INFO  com.ray.weixin.qy.util.AuthHelper - url:http://rayner.nat300.top/weixin_qy/showInvoice.jsp
2017-11-08 19:03:16.968 [http-apr-8080-exec-64] INFO  com.ray.weixin.qy.util.AuthHelper - accessToken:ZKrmF55qn7-XEP21Tz8wU891N2DLOgOyBr7gSlyW0EyP92tytr30wnbUR_rDOyYokg9RxFAq7HiHZ433Z82yYJM3pQop6QNPtit8k-9cBNHYN3VkdAD0ndbyGgjqim6lAw9JaGlgkiPWtc-mNdW0tcmf7XmLgxUilWSOc9nsz7PxcgWW65NHaYlWYXOBLEgT3QqzMd9K-669IWyOm26GyA
2017-11-08 19:03:16.968 [http-apr-8080-exec-64] INFO  com.ray.weixin.qy.util.AuthHelper - jsapi_ticket:kgt8ON7yVITDhtdwci0qebCLEfC_BfeygIq8cFPLbdY6MM-5fA76IIfoqvBcC2C5ToCaAtocjY1xMBshMnDLbA
2017-11-08 19:03:16.969 [http-apr-8080-exec-64] INFO  com.ray.weixin.qy.util.AuthHelper - appId:ww92f5da92bb24696e
2017-11-08 19:03:16.969 [http-apr-8080-exec-64] INFO  com.ray.weixin.qy.util.AuthHelper - timestamp:1510138995
2017-11-08 19:03:16.970 [http-apr-8080-exec-64] INFO  com.ray.weixin.qy.util.AuthHelper - nonceStr:1f033754-d06d-41ea-8814-17df9804c74e
2017-11-08 19:03:16.970 [http-apr-8080-exec-64] INFO  com.ray.weixin.qy.util.AuthHelper - signature:6af47214edc403a29f693cbcf731aeab288a2860
2017-11-08 19:03:16.971 [http-apr-8080-exec-64] INFO  com.ray.weixin.qy.util.AuthHelper - configValue:{"signature":"6af47214edc403a29f693cbcf731aeab288a2860","appId":"ww92f5da92bb24696e","nonceStr":"1f033754-d06d-41ea-8814-17df9804c74e","timestamp":"1510138995"}
