2017-11-09 11:22:02.072 [http-apr-8080-exec-9] INFO  com.ray.weixin.qy.controller.WeiXinServlet - post--------------
2017-11-09 11:22:02.081 [http-apr-8080-exec-9] INFO  com.ray.weixin.qy.service.message.reply.ReplyMessageService - parms:{"msg_signature":["e281e98b13d091e0b9e8751c78984ea0727d258e"],"timestamp":["1510197721"],"nonce":["1173929512"]}
2017-11-09 11:22:02.081 [http-apr-8080-exec-9] INFO  com.ray.weixin.qy.service.message.reply.ReplyMessageService - postData:<xml><ToUserName><![CDATA[ww92f5da92bb24696e]]></ToUserName><Encrypt><![CDATA[KnwgQncwvSkCDCnXguqQKP8JF8x+lGI0THfdJ0cGkI3LPdYV9LiWC+WhXoDZQx6fMYnTmcIkKyktNjb5bJOLpfat6xuww5487qh+pbwgSt532D5dkMxbJ5kFRrMS/AxpaBS/EkdjeG+QMFY4HpocGBxlddB8MdzhHdwV5RF8RFUWBI2ce0/S6d/v0thae+WmOHZOO49157Fr+xXw6zeREVYoVRPG0cP6Ii9r7Ajf/n/TgL/tV9ITgjt9aKja0APp8ugoRE6BC3TRo5XMvun81wrRojf+R6UAtOfVkVjVIValqC+BTwNR9is4trL3cKzpAkhN/IPCgdeIcMA9Tj/cELjVlK9FVdpA5RwyIaMwpbn2lYm1sX2+XMwZ3iUcUq0u8ZjHyI9YxvYQrUvRA0OwVjir/Xx2Wg4DLWFuLYIehBTzAbQthJqtcR8slHl711zeeBgX0dPquRYOZbWQgKn8Z1YfyyAI+iVeZl34lg/5s7NeS1M7RkcMdHia7rsbQIGc]]></Encrypt><AgentID><![CDATA[1000002]]></AgentID></xml>
2017-11-09 11:22:02.084 [http-apr-8080-exec-9] INFO  com.ray.weixin.qy.service.message.reply.ReplyMessageService - reply_xmlMsg:<xml><ToUserName><![CDATA[ww92f5da92bb24696e]]></ToUserName><FromUserName><![CDATA[ShiRui]]></FromUserName><CreateTime>1510197721</CreateTime><MsgType><![CDATA[event]]></MsgType><AgentID>1000002</AgentID><Event><![CDATA[LOCATION]]></Event><Latitude>31.1676</Latitude><Longitude>121.156</Longitude><Precision>15</Precision></xml>
2017-11-09 11:22:02.087 [http-apr-8080-exec-9] INFO  com.ray.weixin.qy.service.message.reply.ReplyMessageService - fromUserName:ShiRui
2017-11-09 11:22:02.088 [http-apr-8080-exec-9] INFO  com.ray.weixin.qy.service.message.reply.ReplyMessageService - toUserName:ww92f5da92bb24696e
2017-11-09 11:22:02.088 [http-apr-8080-exec-9] INFO  com.ray.weixin.qy.service.message.reply.ReplyMessageService - msgType:event
2017-11-09 11:22:02.088 [http-apr-8080-exec-9] INFO  com.ray.weixin.qy.service.message.reply.ReplyMessageService - Event:LOCATION  eventKey:null
2017-11-09 11:22:07.182 [http-apr-8080-exec-6] INFO  com.ray.weixin.qy.controller.WeiXinServlet - post--------------
2017-11-09 11:22:07.182 [http-apr-8080-exec-6] INFO  com.ray.weixin.qy.service.message.reply.ReplyMessageService - parms:{"msg_signature":["29c167ed21cfb8d5732491db57468b65d597797f"],"timestamp":["1510197726"],"nonce":["355555682"]}
2017-11-09 11:22:07.183 [http-apr-8080-exec-6] INFO  com.ray.weixin.qy.service.message.reply.ReplyMessageService - postData:<xml><ToUserName><![CDATA[ww92f5da92bb24696e]]></ToUserName><Encrypt><![CDATA[33PUkIMcq530tEseLgZHUvqdObGhKTwBESkg8pUWnV0Xd9K5DeDQ87faq02rAr4CEUYcsnpRWkTejlQNiI4PghZAoAuHDnvRtiieH8Fexs3mJNxItsZ8qdVcCEpRyAShp02PaWMzKHacv/7hVNXtXaS6JaV9zw9rxhv0nNiNAbIbftdP82Y72luUtMmeOZw4kmH5UCSU8/3zX/dRtQBYtjVz25tVn4XE/DJp+gPlOUkGeM7R5F5dlMfbZFhSInhhpHY0TeUYiRbRnLS96C/zHFr+S0GhArBsTXJttYDf6/kp5ilHyL1boX5zHBXp/L7QZ29vNaJQByyT13S5HEPAhgtHa3IhE1hvDXUfQJCIlEwyroWvE33ZsME1jgsRQLVG37UOkdHa2epwc1inO+6dgX/kcYjfA0sD5Yo/oOtXwfG/xuZKVhNuo31VfDfYeJffOpLX3hQ0lUfoIDdMyu1csp3H4ipVtraq/OUBc50TRu8O8LE5BPe90wid/VBfrAOS]]></Encrypt><AgentID><![CDATA[1000002]]></AgentID></xml>
2017-11-09 11:22:07.186 [http-apr-8080-exec-6] INFO  com.ray.weixin.qy.service.message.reply.ReplyMessageService - reply_xmlMsg:<xml><ToUserName><![CDATA[ww92f5da92bb24696e]]></ToUserName><FromUserName><![CDATA[ShiRui]]></FromUserName><CreateTime>1510197726</CreateTime><MsgType><![CDATA[event]]></MsgType><AgentID>1000002</AgentID><Event><![CDATA[LOCATION]]></Event><Latitude>31.1676</Latitude><Longitude>121.156</Longitude><Precision>15</Precision></xml>
2017-11-09 11:22:07.188 [http-apr-8080-exec-6] INFO  com.ray.weixin.qy.service.message.reply.ReplyMessageService - fromUserName:ShiRui
2017-11-09 11:22:07.188 [http-apr-8080-exec-6] INFO  com.ray.weixin.qy.service.message.reply.ReplyMessageService - toUserName:ww92f5da92bb24696e
2017-11-09 11:22:07.188 [http-apr-8080-exec-6] INFO  com.ray.weixin.qy.service.message.reply.ReplyMessageService - msgType:event
2017-11-09 11:22:07.188 [http-apr-8080-exec-6] INFO  com.ray.weixin.qy.service.message.reply.ReplyMessageService - Event:LOCATION  eventKey:null
2017-11-09 11:22:08.899 [http-apr-8080-exec-1] INFO  com.ray.weixin.qy.controller.WeiXinServlet - post--------------
2017-11-09 11:22:08.899 [http-apr-8080-exec-1] INFO  com.ray.weixin.qy.service.message.reply.ReplyMessageService - parms:{"msg_signature":["1412bfd032eb3389755a7ebda3087d84fda85c19"],"timestamp":["1510197728"],"nonce":["91307588"]}
2017-11-09 11:22:08.900 [http-apr-8080-exec-1] INFO  com.ray.weixin.qy.service.message.reply.ReplyMessageService - postData:<xml><ToUserName><![CDATA[ww92f5da92bb24696e]]></ToUserName><Encrypt><![CDATA[OzvlcesmsY42KfLqlTLdJb/YFFsmY27PRHF9J9D6x8YF+YKNjdpQt7BKF/p8AfAFUbBNA1QmxPonxq6LLRjYywfJl77A6osyf2mz6VYeAWdLvr/t2u+x3tQ0nO2mhazHxlNf+7YieXsz4zFA6RT9sQfCrxDwnEr+fR1+7/GQg48zdJFmHQ6LGuPe6pZ74NyEeRoyw3Uvz1vIHSBtSpgI1hk8AcMistKJs+jqy4sohFDnsANh3GGFMdZ9m9lOzC9Tl2lLgG0jXUyO4vbeS4Dj8HAkKqaHm/5iOSRuYOkyDB1hiXN1Z5AD/ZAQrJQENjtZ67kabjaphmt64SaOSuaVshce8+2+VOF/mWdqZEJDlHkFqBm9kw9NFoJUhXuz2eGIIWDmuNSSvSBxoZw/c3C+C4COqlqvKdW8/CcsdjAMHz5Cj91bnD6LGm4t3VWjxi7BUe/yMn59gRsSWlnlNca9EbeIXDVcag07i6k38jzL0VcFFvsVFj6ZIJpSLIItqyEF]]></Encrypt><AgentID><![CDATA[1000002]]></AgentID></xml>
2017-11-09 11:22:08.901 [http-apr-8080-exec-1] INFO  com.ray.weixin.qy.service.message.reply.ReplyMessageService - reply_xmlMsg:<xml><ToUserName><![CDATA[ww92f5da92bb24696e]]></ToUserName><FromUserName><![CDATA[ShiRui]]></FromUserName><CreateTime>1510197728</CreateTime><MsgType><![CDATA[event]]></MsgType><AgentID>1000002</AgentID><Event><![CDATA[view]]></Event><EventKey><![CDATA[http://rayner.nat300.top/weixin_qy/showInvoice.jsp]]></EventKey></xml>
2017-11-09 11:22:08.902 [http-apr-8080-exec-1] INFO  com.ray.weixin.qy.service.message.reply.ReplyMessageService - fromUserName:ShiRui
2017-11-09 11:22:08.902 [http-apr-8080-exec-1] INFO  com.ray.weixin.qy.service.message.reply.ReplyMessageService - toUserName:ww92f5da92bb24696e
2017-11-09 11:22:08.902 [http-apr-8080-exec-1] INFO  com.ray.weixin.qy.service.message.reply.ReplyMessageService - msgType:event
2017-11-09 11:22:08.902 [http-apr-8080-exec-1] INFO  com.ray.weixin.qy.service.message.reply.ReplyMessageService - Event:view  eventKey:http://rayner.nat300.top/weixin_qy/showInvoice.jsp
2017-11-09 11:22:09.173 [http-apr-8080-exec-10] INFO  com.ray.weixin.qy.util.AuthHelper - jsonObject:{"errcode":0,"access_token":"RVUMhaz-QcALWPrIef8VlQayDM5w55oYDw5FrLAax9W4TOLAOXTnChxYEP2-74uxxPT2C9i1I9wewB97GuODOPyN3p7to4_wYWQ3cAQMv-owZeVpxS-gopdSUPHtRFsxqx5m0RnpBhh0BI0DFiUS85FISGwMzmvNvPe6ZvlKrM54gETQx1ZRdVGQSMHVYFzqZBb9C7q_gw-eZZ9u8Kqw4A","errmsg":"ok","expires_in":7200}
2017-11-09 11:22:09.639 [http-apr-8080-exec-10] INFO  com.ray.weixin.qy.util.AuthHelper - jsonObject:{"errcode":0,"ticket":"kgt8ON7yVITDhtdwci0qebCLEfC_BfeygIq8cFPLbdav_wS6aHw3IOuPFhwb5b37fHfTFdS6e23Vb_dbDCjTOg","errmsg":"ok","expires_in":7200}
2017-11-09 11:22:09.640 [http-apr-8080-exec-10] INFO  com.ray.weixin.qy.util.AuthHelper - url:http://rayner.nat300.top/weixin_qy/showInvoice.jsp
2017-11-09 11:22:09.640 [http-apr-8080-exec-10] INFO  com.ray.weixin.qy.util.AuthHelper - accessToken:RVUMhaz-QcALWPrIef8VlQayDM5w55oYDw5FrLAax9W4TOLAOXTnChxYEP2-74uxxPT2C9i1I9wewB97GuODOPyN3p7to4_wYWQ3cAQMv-owZeVpxS-gopdSUPHtRFsxqx5m0RnpBhh0BI0DFiUS85FISGwMzmvNvPe6ZvlKrM54gETQx1ZRdVGQSMHVYFzqZBb9C7q_gw-eZZ9u8Kqw4A
2017-11-09 11:22:09.640 [http-apr-8080-exec-10] INFO  com.ray.weixin.qy.util.AuthHelper - jsapi_ticket:kgt8ON7yVITDhtdwci0qebCLEfC_BfeygIq8cFPLbdav_wS6aHw3IOuPFhwb5b37fHfTFdS6e23Vb_dbDCjTOg
2017-11-09 11:22:09.640 [http-apr-8080-exec-10] INFO  com.ray.weixin.qy.util.AuthHelper - appId:ww92f5da92bb24696e
2017-11-09 11:22:09.640 [http-apr-8080-exec-10] INFO  com.ray.weixin.qy.util.AuthHelper - timestamp:1510197728
2017-11-09 11:22:09.640 [http-apr-8080-exec-10] INFO  com.ray.weixin.qy.util.AuthHelper - nonceStr:7e046492-1c1b-4617-a07b-d1a46bb0e680
2017-11-09 11:22:09.640 [http-apr-8080-exec-10] INFO  com.ray.weixin.qy.util.AuthHelper - signature:e46b88451d38d63036a198a274643f5dfca4bb65
2017-11-09 11:22:09.640 [http-apr-8080-exec-10] INFO  com.ray.weixin.qy.util.AuthHelper - configValue:{"signature":"e46b88451d38d63036a198a274643f5dfca4bb65","appId":"ww92f5da92bb24696e","nonceStr":"7e046492-1c1b-4617-a07b-d1a46bb0e680","timestamp":"1510197728"}
2017-11-09 11:22:09.874 [http-apr-8080-exec-10] INFO  com.ray.weixin.qy.util.AuthHelper - jsonObject:{"errcode":0,"access_token":"RVUMhaz-QcALWPrIef8VlQayDM5w55oYDw5FrLAax9W4TOLAOXTnChxYEP2-74uxxPT2C9i1I9wewB97GuODOPyN3p7to4_wYWQ3cAQMv-owZeVpxS-gopdSUPHtRFsxqx5m0RnpBhh0BI0DFiUS85FISGwMzmvNvPe6ZvlKrM54gETQx1ZRdVGQSMHVYFzqZBb9C7q_gw-eZZ9u8Kqw4A","errmsg":"ok","expires_in":7200}
2017-11-09 11:22:10.073 [http-apr-8080-exec-10] INFO  com.ray.weixin.qy.util.AuthHelper - 获取授权页ticket失败
2017-11-09 11:22:10.074 [http-apr-8080-exec-10] INFO  com.ray.weixin.qy.util.AuthHelper - 获取发票签名失败
2017-11-09 11:22:10.075 [http-apr-8080-exec-10] INFO  com.ray.weixin.qy.util.AuthHelper - apiTicket:null
2017-11-09 11:22:10.075 [http-apr-8080-exec-10] INFO  com.ray.weixin.qy.util.AuthHelper - appId:ww92f5da92bb24696e
2017-11-09 11:22:10.075 [http-apr-8080-exec-10] INFO  com.ray.weixin.qy.util.AuthHelper - timeStamp:1510197730
2017-11-09 11:22:10.075 [http-apr-8080-exec-10] INFO  com.ray.weixin.qy.util.AuthHelper - nonceStr:ba23d0f2-f9a6-42a1-99c4-4ee9bb8931ff
2017-11-09 11:22:10.075 [http-apr-8080-exec-10] INFO  com.ray.weixin.qy.util.AuthHelper - cardType:INVOICE
2017-11-09 11:22:10.075 [http-apr-8080-exec-10] INFO  com.ray.weixin.qy.util.AuthHelper - cardSign:null
2017-11-09 11:22:10.075 [http-apr-8080-exec-10] INFO  com.ray.weixin.qy.util.AuthHelper - signType:SHA1
2017-11-09 11:22:10.075 [http-apr-8080-exec-10] INFO  com.ray.weixin.qy.util.AuthHelper - configValue:{"signType":"SHA1","nonceStr":"ba23d0f2-f9a6-42a1-99c4-4ee9bb8931ff","timestamp":"1510197730"}
2017-11-09 11:22:12.157 [http-apr-8080-exec-8] INFO  com.ray.weixin.qy.controller.WeiXinServlet - post--------------
2017-11-09 11:22:12.158 [http-apr-8080-exec-8] INFO  com.ray.weixin.qy.service.message.reply.ReplyMessageService - parms:{"msg_signature":["186d693a3bc9d0a8f6fa6b087ba85209fc75019b"],"timestamp":["1510197731"],"nonce":["2022546656"]}
2017-11-09 11:22:12.158 [http-apr-8080-exec-8] INFO  com.ray.weixin.qy.service.message.reply.ReplyMessageService - postData:<xml><ToUserName><![CDATA[ww92f5da92bb24696e]]></ToUserName><Encrypt><![CDATA[RmNqT54AyTO7tmcht0n3sLAkDngpezmcWMST8/tApArA2DfbwjwyOJ7cSfYQEiB5ZSjLqPgaM0xgi9XmAzWtUPku4D+BFLwN5jW860LotGN/ApptOVgATDubWNUUBsmVNAdhcb659hbcSsoW/dUOVYqwM2KbQDVW1Si96lkgg32V75rSjszNpOOqCIg9vANSBm9ZCnMFjNGxnAhpAB+PraNu1jnmzUf4vi+zM+vZ31Y5ccNOzdW3eep3GVROcF2dVh9gCGLXYYhYh47mo7h6BEjuIM79LthU4t2bjgc5wCPUOEM/YQPLbq+740a1D6QMuQzp2MnLyozteCVa/MFz2LQCvnl27/EuwJzbmaIa3EdE+6ACqPN0OcCP2ZcraCyRFVslpKf5V1RbknbJaj3TV9sS5qV5z+WKjspoAQFmX60li46VM47R9RX8Qrio60ralqB0N69SxW++rrC4ImQeFR7+hpHRKR7pxbxwmuoTywbtCeKvSQ7rMDfgMwlIBnPv]]></Encrypt><AgentID><![CDATA[1000002]]></AgentID></xml>
2017-11-09 11:22:12.160 [http-apr-8080-exec-8] INFO  com.ray.weixin.qy.service.message.reply.ReplyMessageService - reply_xmlMsg:<xml><ToUserName><![CDATA[ww92f5da92bb24696e]]></ToUserName><FromUserName><![CDATA[ShiRui]]></FromUserName><CreateTime>1510197731</CreateTime><MsgType><![CDATA[event]]></MsgType><AgentID>1000002</AgentID><Event><![CDATA[LOCATION]]></Event><Latitude>31.1676</Latitude><Longitude>121.156</Longitude><Precision>15</Precision></xml>
2017-11-09 11:22:12.163 [http-apr-8080-exec-8] INFO  com.ray.weixin.qy.service.message.reply.ReplyMessageService - fromUserName:ShiRui
2017-11-09 11:22:12.163 [http-apr-8080-exec-8] INFO  com.ray.weixin.qy.service.message.reply.ReplyMessageService - toUserName:ww92f5da92bb24696e
2017-11-09 11:22:12.163 [http-apr-8080-exec-8] INFO  com.ray.weixin.qy.service.message.reply.ReplyMessageService - msgType:event
2017-11-09 11:22:12.163 [http-apr-8080-exec-8] INFO  com.ray.weixin.qy.service.message.reply.ReplyMessageService - Event:LOCATION  eventKey:null
2017-11-09 11:22:17.283 [http-apr-8080-exec-7] INFO  com.ray.weixin.qy.controller.WeiXinServlet - post--------------
2017-11-09 11:22:17.284 [http-apr-8080-exec-7] INFO  com.ray.weixin.qy.service.message.reply.ReplyMessageService - parms:{"msg_signature":["bbc93a7766c56b67a62c93f046469d5d57022f02"],"timestamp":["1510197736"],"nonce":["1813065413"]}
2017-11-09 11:22:17.284 [http-apr-8080-exec-7] INFO  com.ray.weixin.qy.service.message.reply.ReplyMessageService - postData:<xml><ToUserName><![CDATA[ww92f5da92bb24696e]]></ToUserName><Encrypt><![CDATA[xjVN3PD/6O9p5OVMxnPQaNBrW/Ovu+ErT4WBqdaFOQAjqUknwyXapttKFLFuryI6a0C0S7XFFMk27znOzfGMaVyiNyRqhanjt928bXV6POzpEywhDMG+MOc/dPcdoTmtI959NNwE5YCs3t9zTZtl7yMU3bTMEA0OMTNW/O5LOvIxlEeo2kW8bcG7kIe3zoarr9XPjbOVnq8lPMmqGYKOckTEfOJf0TdigycrcEFSMIRY9fjhpqWPveZnq2b68E9gpVq69xCRWyi9WvUH7N7u3Qs3HI3+oougyg++H19tCtUy6jKCJTobmBEkidCMoMwfy7vs6Nz7z7xIDNK2ajK1K0JEXmgPxvXSsoRhp7EeYQ0tjegytidRFSLJseowkQ46mtYmJxiT1O0htG92IrtISXrXyqvMktdPsuOjBLhoec8JzvK+j/mRzRfnKy//vtZbnj9zifSP2OVQQ0+c+5r6oo01u2A1mV3mirf+Q3tZp5mu55oFXAVg/QHqkoARM8zk]]></Encrypt><AgentID><![CDATA[1000002]]></AgentID></xml>
2017-11-09 11:22:17.287 [http-apr-8080-exec-7] INFO  com.ray.weixin.qy.service.message.reply.ReplyMessageService - reply_xmlMsg:<xml><ToUserName><![CDATA[ww92f5da92bb24696e]]></ToUserName><FromUserName><![CDATA[ShiRui]]></FromUserName><CreateTime>1510197736</CreateTime><MsgType><![CDATA[event]]></MsgType><AgentID>1000002</AgentID><Event><![CDATA[LOCATION]]></Event><Latitude>31.1676</Latitude><Longitude>121.156</Longitude><Precision>15</Precision></xml>
2017-11-09 11:22:17.289 [http-apr-8080-exec-7] INFO  com.ray.weixin.qy.service.message.reply.ReplyMessageService - fromUserName:ShiRui
2017-11-09 11:22:17.289 [http-apr-8080-exec-7] INFO  com.ray.weixin.qy.service.message.reply.ReplyMessageService - toUserName:ww92f5da92bb24696e
2017-11-09 11:22:17.289 [http-apr-8080-exec-7] INFO  com.ray.weixin.qy.service.message.reply.ReplyMessageService - msgType:event
2017-11-09 11:22:17.290 [http-apr-8080-exec-7] INFO  com.ray.weixin.qy.service.message.reply.ReplyMessageService - Event:LOCATION  eventKey:null
2017-11-09 11:22:22.278 [http-apr-8080-exec-1] INFO  com.ray.weixin.qy.controller.WeiXinServlet - post--------------
2017-11-09 11:22:22.279 [http-apr-8080-exec-1] INFO  com.ray.weixin.qy.service.message.reply.ReplyMessageService - parms:{"msg_signature":["271c9ed83bb91ae3d07b93b2772c94fd5e5b4479"],"timestamp":["1510197741"],"nonce":["614064013"]}
2017-11-09 11:22:22.279 [http-apr-8080-exec-1] INFO  com.ray.weixin.qy.service.message.reply.ReplyMessageService - postData:<xml><ToUserName><![CDATA[ww92f5da92bb24696e]]></ToUserName><Encrypt><![CDATA[6anY6Ti07icJmO/5VPNHVBHXrvCzsquL4rdtDxGsIBdYXhXOIvLAcuUAoKoO9FJa+n9ELX6GMV2KyFG/U9J1bZz8/G4mSUFxoZM7YFDGXs1v3od/eFM0tyN1lOVqa/jltTe0DHG+Hhoai//BdNLeW7EmEPll4Xie7mm8lctWqTWRJynQMVxwqlHDSn6emPmBs9zAz02+Y0v7U562pNhYBE57mYnfAJtFhllag29OmNHo9CRedONkuJzbFNn1R/o+7Gbtkpqsf5ukeTEkI1CL7TR4DX6Mfar6KP64EVm8hs2Xis7Svm8oKUBGGd+MNOPKp3RGM/99zse5QjWV/9SfYUSUlbbPumkdydosdU7xjM0hALexpddQVe7c3mSXByJR9U6fA4Lzw+Wl3IgAAA/bvRtx5ha2MtWXUmjwbaOEiMd7nujBTkJyv61ZCSyzd/tmfL5hnpFYRPRlVM1DjnorNtqZ9GDU0UShV+VjfKMgAd6dVzDSLSh6FJyB68Y56v/O]]></Encrypt><AgentID><![CDATA[1000002]]></AgentID></xml>
2017-11-09 11:22:22.281 [http-apr-8080-exec-1] INFO  com.ray.weixin.qy.service.message.reply.ReplyMessageService - reply_xmlMsg:<xml><ToUserName><![CDATA[ww92f5da92bb24696e]]></ToUserName><FromUserName><![CDATA[ShiRui]]></FromUserName><CreateTime>1510197741</CreateTime><MsgType><![CDATA[event]]></MsgType><AgentID>1000002</AgentID><Event><![CDATA[LOCATION]]></Event><Latitude>31.1676</Latitude><Longitude>121.156</Longitude><Precision>15</Precision></xml>
2017-11-09 11:22:22.282 [http-apr-8080-exec-1] INFO  com.ray.weixin.qy.service.message.reply.ReplyMessageService - fromUserName:ShiRui
2017-11-09 11:22:22.283 [http-apr-8080-exec-1] INFO  com.ray.weixin.qy.service.message.reply.ReplyMessageService - toUserName:ww92f5da92bb24696e
2017-11-09 11:22:22.283 [http-apr-8080-exec-1] INFO  com.ray.weixin.qy.service.message.reply.ReplyMessageService - msgType:event
2017-11-09 11:22:22.283 [http-apr-8080-exec-1] INFO  com.ray.weixin.qy.service.message.reply.ReplyMessageService - Event:LOCATION  eventKey:null
2017-11-09 11:22:27.296 [http-apr-8080-exec-5] INFO  com.ray.weixin.qy.controller.WeiXinServlet - post--------------
2017-11-09 11:22:27.297 [http-apr-8080-exec-5] INFO  com.ray.weixin.qy.service.message.reply.ReplyMessageService - parms:{"msg_signature":["833ad4b15c8f612268195693c927cd9f6528a2c6"],"timestamp":["1510197746"],"nonce":["585057237"]}
2017-11-09 11:22:27.297 [http-apr-8080-exec-5] INFO  com.ray.weixin.qy.service.message.reply.ReplyMessageService - postData:<xml><ToUserName><![CDATA[ww92f5da92bb24696e]]></ToUserName><Encrypt><![CDATA[WOA0GtFo+qLxi1GmalwR0hHDJw5UPiWjI5fMzpeFjIw1AYSRaIqaVfXcQ4Yxq+ll5okvqoAIj/Y9FsMo/mjebpizgVBUcKiYJBcMhuB8DDDMQyZfqDcrBDKWH2k+uz3Utzx/AGeJOh59Hl1SPYgaXvzhqs+197apU1KTqgy/UQiI4q4FFs8l+VJzlSh0bZZ5F1oZDY2QDnxCz/LgvEMyqa0jwha8MhkkJTtCqHq+hSY5raLH7Ffjj4QiSN4d6Y5Zl5AVQv+pL1+isPyRPyiw33YFwBBAbDyy2Cm1JQbIIEeqcG+2avOHir68wZb65pBjehcymLw/S1RnNEp5t6bjYyCXNCJOTNDX4LMkXHaW0RFR2i2SXFeUPJERwRxEJPqpJy4bBAmTPSLzoBmGo9G2z1aBoiSENM/llsPE5SOJwMqB9y43Rh7aXfaT5mS7WoKw/IW5CxPZTqHCdHaJpdfQg+KPk/gN4RJKcLSQ+LX4WQe6PtV7sU9QJqfH1k/CQZK5]]></Encrypt><AgentID><![CDATA[1000002]]></AgentID></xml>
2017-11-09 11:22:27.297 [http-apr-8080-exec-5] INFO  com.ray.weixin.qy.service.message.reply.ReplyMessageService - reply_xmlMsg:<xml><ToUserName><![CDATA[ww92f5da92bb24696e]]></ToUserName><FromUserName><![CDATA[ShiRui]]></FromUserName><CreateTime>1510197746</CreateTime><MsgType><![CDATA[event]]></MsgType><AgentID>1000002</AgentID><Event><![CDATA[LOCATION]]></Event><Latitude>31.1676</Latitude><Longitude>121.156</Longitude><Precision>15</Precision></xml>
2017-11-09 11:22:27.298 [http-apr-8080-exec-5] INFO  com.ray.weixin.qy.service.message.reply.ReplyMessageService - fromUserName:ShiRui
2017-11-09 11:22:27.298 [http-apr-8080-exec-5] INFO  com.ray.weixin.qy.service.message.reply.ReplyMessageService - toUserName:ww92f5da92bb24696e
2017-11-09 11:22:27.298 [http-apr-8080-exec-5] INFO  com.ray.weixin.qy.service.message.reply.ReplyMessageService - msgType:event
2017-11-09 11:22:27.298 [http-apr-8080-exec-5] INFO  com.ray.weixin.qy.service.message.reply.ReplyMessageService - Event:LOCATION  eventKey:null
2017-11-09 11:22:32.310 [http-apr-8080-exec-4] INFO  com.ray.weixin.qy.controller.WeiXinServlet - post--------------
2017-11-09 11:22:32.310 [http-apr-8080-exec-4] INFO  com.ray.weixin.qy.service.message.reply.ReplyMessageService - parms:{"msg_signature":["f7e83cc12c5069784934328bae8866d9b79df3b0"],"timestamp":["1510197751"],"nonce":["26130369"]}
2017-11-09 11:22:32.310 [http-apr-8080-exec-4] INFO  com.ray.weixin.qy.service.message.reply.ReplyMessageService - postData:<xml><ToUserName><![CDATA[ww92f5da92bb24696e]]></ToUserName><Encrypt><![CDATA[rREJVVG8b84/yQwmEwmth6lmrG6q9mEKdryZsocOSN7bpBiXmn0KnS4/uu0YdWjZy5wUACpa0niT8Cn06gI2bEWtx0e/JjkMBI1Tv/6x7sj5HbDhAskG3MX6BNZ/iel6Yc9Jaq36hvKRLLH/c1D78nxaUrXbYZFKCKHGWIM4Qlopq9qBgfh7HHespmAH624+UdPCBRYZa2nv+7zlrO+JMmLU0i7TEFpGFMuVmNFhVKqDcie5lfeiAw8qCMCaVkMmJpTXY4jyBN3OZnm6NfoPeFtfYfdpTNwR/f43vGDFuhig5Y3FpjyN9B8AJz3HMa4V8Fxa9dfX5O2AEI/AwtuhewmN5yOobLu16EzkP/eQJRsUEgba2YF4JfcmsyKcoaju6qE1S1o/+8cn1GE81qRTsySi4lD3T2U7kQ94gm97+S23nqymC5Tcav9mf6dqlf/h3oq2oXn6cJK03hsBft8XrPurXv3UbGuVlRaLRh2ErvBTIUFY8B4XTNBBH8yOnalh]]></Encrypt><AgentID><![CDATA[1000002]]></AgentID></xml>
2017-11-09 11:22:32.312 [http-apr-8080-exec-4] INFO  com.ray.weixin.qy.service.message.reply.ReplyMessageService - reply_xmlMsg:<xml><ToUserName><![CDATA[ww92f5da92bb24696e]]></ToUserName><FromUserName><![CDATA[ShiRui]]></FromUserName><CreateTime>1510197751</CreateTime><MsgType><![CDATA[event]]></MsgType><AgentID>1000002</AgentID><Event><![CDATA[LOCATION]]></Event><Latitude>31.1676</Latitude><Longitude>121.156</Longitude><Precision>15</Precision></xml>
2017-11-09 11:22:32.313 [http-apr-8080-exec-4] INFO  com.ray.weixin.qy.service.message.reply.ReplyMessageService - fromUserName:ShiRui
2017-11-09 11:22:32.313 [http-apr-8080-exec-4] INFO  com.ray.weixin.qy.service.message.reply.ReplyMessageService - toUserName:ww92f5da92bb24696e
2017-11-09 11:22:32.313 [http-apr-8080-exec-4] INFO  com.ray.weixin.qy.service.message.reply.ReplyMessageService - msgType:event
2017-11-09 11:22:32.313 [http-apr-8080-exec-4] INFO  com.ray.weixin.qy.service.message.reply.ReplyMessageService - Event:LOCATION  eventKey:null
2017-11-09 11:22:37.297 [http-apr-8080-exec-8] INFO  com.ray.weixin.qy.controller.WeiXinServlet - post--------------
2017-11-09 11:22:37.298 [http-apr-8080-exec-8] INFO  com.ray.weixin.qy.service.message.reply.ReplyMessageService - parms:{"msg_signature":["f42a1051f1277baa6dbdd4552b0344a4a0de5b97"],"timestamp":["1510197756"],"nonce":["1377446999"]}
2017-11-09 11:22:37.298 [http-apr-8080-exec-8] INFO  com.ray.weixin.qy.service.message.reply.ReplyMessageService - postData:<xml><ToUserName><![CDATA[ww92f5da92bb24696e]]></ToUserName><Encrypt><![CDATA[P/cYOr42HKk4CzVIfWooA8NA+dFc7PGjx2FXdJTnDyl0xlj+MIjADuuVLlC2Tt+ZhWzYf8wZtF3hjP998+c918qN1J4Qowy1uoTjjQbD8t0VwaYCddz29ylJpLIsQeSFZdko+7Ng95NRDL7SjbEx0kxD3BFSoScZuwJgi+9TURxftPoRNtMv829ckPOrl/TX2PwX65NKGGwP0KKeiF7W8Qln25YGFaLAMVyejc/ic2Qa4gnvC/H57Gsfqg4LmRiZtFYAxRluA+KkKS0yg6ILvshO4+cSX8SQA75dDM8RwrA8UN42aBcmKJjDEuEjxmTfvuvjSoY0sNvp9yLRqh/8shbi7C5JBgqCAk+FynbabK9fhD+1fAO1DT76lexS22/ZE7ZXjhhWqnqyft859nV1FBVSmSA5b6UILIgNiv6mDFLBtQdxE4+Wa3+cTwxXRb76IyCo9ym8QjouZ7C8fVFwCclNPOOY/IDx0/YejDQrDm0JmhNezW+49rlkrrh1AoRz]]></Encrypt><AgentID><![CDATA[1000002]]></AgentID></xml>
2017-11-09 11:22:37.298 [http-apr-8080-exec-8] INFO  com.ray.weixin.qy.service.message.reply.ReplyMessageService - reply_xmlMsg:<xml><ToUserName><![CDATA[ww92f5da92bb24696e]]></ToUserName><FromUserName><![CDATA[ShiRui]]></FromUserName><CreateTime>1510197756</CreateTime><MsgType><![CDATA[event]]></MsgType><AgentID>1000002</AgentID><Event><![CDATA[LOCATION]]></Event><Latitude>31.1676</Latitude><Longitude>121.156</Longitude><Precision>15</Precision></xml>
2017-11-09 11:22:37.299 [http-apr-8080-exec-8] INFO  com.ray.weixin.qy.service.message.reply.ReplyMessageService - fromUserName:ShiRui
2017-11-09 11:22:37.299 [http-apr-8080-exec-8] INFO  com.ray.weixin.qy.service.message.reply.ReplyMessageService - toUserName:ww92f5da92bb24696e
2017-11-09 11:22:37.299 [http-apr-8080-exec-8] INFO  com.ray.weixin.qy.service.message.reply.ReplyMessageService - msgType:event
2017-11-09 11:22:37.299 [http-apr-8080-exec-8] INFO  com.ray.weixin.qy.service.message.reply.ReplyMessageService - Event:LOCATION  eventKey:null
2017-11-09 11:22:42.262 [http-apr-8080-exec-7] INFO  com.ray.weixin.qy.controller.WeiXinServlet - post--------------
2017-11-09 11:22:42.262 [http-apr-8080-exec-7] INFO  com.ray.weixin.qy.service.message.reply.ReplyMessageService - parms:{"msg_signature":["07a5bddb2258282e1d8b3ff2b2a28d3f8c63a56a"],"timestamp":["1510197761"],"nonce":["1656015404"]}
2017-11-09 11:22:42.262 [http-apr-8080-exec-7] INFO  com.ray.weixin.qy.service.message.reply.ReplyMessageService - postData:<xml><ToUserName><![CDATA[ww92f5da92bb24696e]]></ToUserName><Encrypt><![CDATA[FJdNHCtApa0oUFmgV8UsX3NZ5+LfIm7hR5np9GV+aJPVBKBAaA/RN3AVyT9N3APdECcf2H4FHCg8o801ewNn1r9VSPPS7PUG/KamAoC8Zu1lOfBqxW+ufjIYvFwrUw+rBcE/n4XS8MiVDq9/F4hFqUB1uxlW+FOfvfO9XrmuEbYR9h9kgRIWLkxxYLU3KcOE5S9/q+MWs6A2yxt1vseYtefWi3yJKhFwc5Pk+wfoVKCxf92y/4mRuY/SQsaHrPmqhRcgPzPIZbvG+UBxq1fDYM03L3Aa//BuIrHy3ALX5wU5oTbZW4vxQF4iLvt0THpioA4TL05D3KOaLhG1NsjOq+mVdSlW6FkUu/ADX82IS5Cf2n//m+qoNrC8851bJFaQOkdfAzUqIKDIECk8+K2YQ5y3Zdknd1oAs+X9LGOXj3L4HD9Vu6Y3qIihQJkaZtNQtO6B9a0zZPsV2+H234ZhhQrnIPCGBFYdZCapA4OiD35Q3FbIf65QanHXobpZBASj]]></Encrypt><AgentID><![CDATA[1000002]]></AgentID></xml>
2017-11-09 11:22:42.264 [http-apr-8080-exec-7] INFO  com.ray.weixin.qy.service.message.reply.ReplyMessageService - reply_xmlMsg:<xml><ToUserName><![CDATA[ww92f5da92bb24696e]]></ToUserName><FromUserName><![CDATA[ShiRui]]></FromUserName><CreateTime>1510197761</CreateTime><MsgType><![CDATA[event]]></MsgType><AgentID>1000002</AgentID><Event><![CDATA[LOCATION]]></Event><Latitude>31.1676</Latitude><Longitude>121.156</Longitude><Precision>15</Precision></xml>
2017-11-09 11:22:42.264 [http-apr-8080-exec-7] INFO  com.ray.weixin.qy.service.message.reply.ReplyMessageService - fromUserName:ShiRui
2017-11-09 11:22:42.264 [http-apr-8080-exec-7] INFO  com.ray.weixin.qy.service.message.reply.ReplyMessageService - toUserName:ww92f5da92bb24696e
2017-11-09 11:22:42.264 [http-apr-8080-exec-7] INFO  com.ray.weixin.qy.service.message.reply.ReplyMessageService - msgType:event
2017-11-09 11:22:42.264 [http-apr-8080-exec-7] INFO  com.ray.weixin.qy.service.message.reply.ReplyMessageService - Event:LOCATION  eventKey:null
2017-11-09 11:22:47.317 [http-apr-8080-exec-1] INFO  com.ray.weixin.qy.controller.WeiXinServlet - post--------------
2017-11-09 11:22:47.317 [http-apr-8080-exec-1] INFO  com.ray.weixin.qy.service.message.reply.ReplyMessageService - parms:{"msg_signature":["0ba5103c10a1a84438109295db728333982789f3"],"timestamp":["1510197766"],"nonce":["70805592"]}
2017-11-09 11:22:47.318 [http-apr-8080-exec-1] INFO  com.ray.weixin.qy.service.message.reply.ReplyMessageService - postData:<xml><ToUserName><![CDATA[ww92f5da92bb24696e]]></ToUserName><Encrypt><![CDATA[hqF2NEA8wgYX84OPvcl6lpKSlkPWwq1viRrYhQ5CrI4kJW/ga7XFqLI+MX3WZNx7vGdiYU+VMZsTk4gFnn/qEG3N9Ph9RyCPOi99L3occhGtl58dL75k8/rla7VkVAqXoc0jB6uOnbbca3X0An8oncw/Ebn4XH3GtIKiIKKBEk0yYkZLigrSKrd8vxs5wU67Rh39IVjz3USziM+bm+FQSdyGrViCGLlwwHjW1HlyeEHFcMQ38XO4GFyeE/HVYtrFmhw2SVWnODl2fJc+20BiYarjvQ0K3Mbdr7FZsB7IGEcNV+BMHNKDr89jtJo3jrMl9yAdYIwSvsNKYRJby5TWTrcticyJUbSDtEi3JYCXvMG2nAdEtCpqKHLinYU4YcuGSHw8KZo4wsznMz7sJQmO2R7EyrY3Uv4Y66UjYEpM8zAz0e21KS/JLFh2MlQkRLPH3jwC4mRXSm3cjqk3lRk0YoWY6p1NpIJmfvD5gxbWPdQin8VZvS768oR39BClT3I0]]></Encrypt><AgentID><![CDATA[1000002]]></AgentID></xml>
2017-11-09 11:22:47.321 [http-apr-8080-exec-1] INFO  com.ray.weixin.qy.service.message.reply.ReplyMessageService - reply_xmlMsg:<xml><ToUserName><![CDATA[ww92f5da92bb24696e]]></ToUserName><FromUserName><![CDATA[ShiRui]]></FromUserName><CreateTime>1510197766</CreateTime><MsgType><![CDATA[event]]></MsgType><AgentID>1000002</AgentID><Event><![CDATA[LOCATION]]></Event><Latitude>31.1676</Latitude><Longitude>121.156</Longitude><Precision>15</Precision></xml>
2017-11-09 11:22:47.323 [http-apr-8080-exec-1] INFO  com.ray.weixin.qy.service.message.reply.ReplyMessageService - fromUserName:ShiRui
2017-11-09 11:22:47.324 [http-apr-8080-exec-1] INFO  com.ray.weixin.qy.service.message.reply.ReplyMessageService - toUserName:ww92f5da92bb24696e
2017-11-09 11:22:47.324 [http-apr-8080-exec-1] INFO  com.ray.weixin.qy.service.message.reply.ReplyMessageService - msgType:event
2017-11-09 11:22:47.324 [http-apr-8080-exec-1] INFO  com.ray.weixin.qy.service.message.reply.ReplyMessageService - Event:LOCATION  eventKey:null
2017-11-09 11:22:52.399 [http-apr-8080-exec-5] INFO  com.ray.weixin.qy.controller.WeiXinServlet - post--------------
2017-11-09 11:22:52.399 [http-apr-8080-exec-5] INFO  com.ray.weixin.qy.service.message.reply.ReplyMessageService - parms:{"msg_signature":["e2b5dd5c3d755d625d818f2ac92c7b56b9df0c43"],"timestamp":["1510197771"],"nonce":["1892184777"]}
2017-11-09 11:22:52.399 [http-apr-8080-exec-5] INFO  com.ray.weixin.qy.service.message.reply.ReplyMessageService - postData:<xml><ToUserName><![CDATA[ww92f5da92bb24696e]]></ToUserName><Encrypt><![CDATA[OHy+awJ/GsZrclU4X6wZFbEAm4nCMoN/YvFr1R1UdWPIXJMZmVXgHQ6oBS22jSVkF221nznzH86D3kzv2eQySsk+KJ/v9Cvzgtn2O3TzGJIEMx5fda+4vAtoYAQzUFC2g5U/0wnfcuUdfKGVJENVv5GwRNKHY6P51G2/buDfJNk4FS1UEjFdcxpqFCVb+HkKm7MsjLpTVxJ4Pry+5goO1GHsTq3Tc13u5dT1dP+9RCG+JLDAZmK30x3Ky8rWvzWhUYOv42Seum8mhkmhlo4SzIo2cx08zqHlsWP7SzcFdvIDrqqVuhieH5B9L39fZBgxMiTrofUfzgg8KSw5q8yoXlaO1/ViWTnBayacGQ4y/CxKhZEB0/S1haAQI+IdJLvMmwebIYQx9RwmN4dAqaSG94vaIxXFi2acGJAiHdNFr64du7G+QJClX99zNRJuJmjaw+TSPZ46nIjnH10vbhKFXZP+RYN1Jw4a0fh3sosj1SetlDiumR/J9fjmV/Scqxl4]]></Encrypt><AgentID><![CDATA[1000002]]></AgentID></xml>
2017-11-09 11:22:52.400 [http-apr-8080-exec-5] INFO  com.ray.weixin.qy.service.message.reply.ReplyMessageService - reply_xmlMsg:<xml><ToUserName><![CDATA[ww92f5da92bb24696e]]></ToUserName><FromUserName><![CDATA[ShiRui]]></FromUserName><CreateTime>1510197771</CreateTime><MsgType><![CDATA[event]]></MsgType><AgentID>1000002</AgentID><Event><![CDATA[LOCATION]]></Event><Latitude>31.1676</Latitude><Longitude>121.156</Longitude><Precision>15</Precision></xml>
2017-11-09 11:22:52.401 [http-apr-8080-exec-5] INFO  com.ray.weixin.qy.service.message.reply.ReplyMessageService - fromUserName:ShiRui
2017-11-09 11:22:52.401 [http-apr-8080-exec-5] INFO  com.ray.weixin.qy.service.message.reply.ReplyMessageService - toUserName:ww92f5da92bb24696e
2017-11-09 11:22:52.401 [http-apr-8080-exec-5] INFO  com.ray.weixin.qy.service.message.reply.ReplyMessageService - msgType:event
2017-11-09 11:22:52.401 [http-apr-8080-exec-5] INFO  com.ray.weixin.qy.service.message.reply.ReplyMessageService - Event:LOCATION  eventKey:null
2017-11-09 11:22:57.458 [http-apr-8080-exec-4] INFO  com.ray.weixin.qy.controller.WeiXinServlet - post--------------
2017-11-09 11:22:57.458 [http-apr-8080-exec-4] INFO  com.ray.weixin.qy.service.message.reply.ReplyMessageService - parms:{"msg_signature":["296af82e382326af752ebfa62955da266a953e7d"],"timestamp":["1510197777"],"nonce":["992433917"]}
2017-11-09 11:22:57.458 [http-apr-8080-exec-4] INFO  com.ray.weixin.qy.service.message.reply.ReplyMessageService - postData:<xml><ToUserName><![CDATA[ww92f5da92bb24696e]]></ToUserName><Encrypt><![CDATA[7OslT1F5RR9hwqBoIWSajRBl9Fa7GjsM3kcwbqBLvSVhxJpjCdaIXNSLdS8SMyXGQFUrUnmkami+9p+qRWcDtmvA7L4Dj9Q+4dR9PEthy7M0IKaV4GjBnqQ1IGZw2RAgaFyNhZhbazfQ7QYV/jB9qOg99a0zJvajo7Y7cXyDJXUxEHzqJAAj6iPj775wC3jVvn4gJpvOOXy+R79b5i+i7K4QoAnO7T4lDLBh1jjF9bovVICINULbtTpvVJxmVi2Qg6nW5Ql71DyeZ5S/cd8KmJY8x6X+z2JTIwfFDgEsFl5J9pxKseem5YeICwbVnyT028EO9g2KBLspuBWBZXHYwp2fcKVhkIgKSTUUdb5ijgv7R3Ij7MVjwUVa87UYww8u5BB3vubgTvFDa8cF8pHWrjTQuLvAswm8R3iJUs1QxNZFS8r/0d6hfWhMT9KV2kT1c0Cs4PHVeP0ltsPD5mhsemTrkFJhpBc4deuwORIflwSO2MSkXf63J50T4ZRRlHRw]]></Encrypt><AgentID><![CDATA[1000002]]></AgentID></xml>
2017-11-09 11:22:57.460 [http-apr-8080-exec-4] INFO  com.ray.weixin.qy.service.message.reply.ReplyMessageService - reply_xmlMsg:<xml><ToUserName><![CDATA[ww92f5da92bb24696e]]></ToUserName><FromUserName><![CDATA[ShiRui]]></FromUserName><CreateTime>1510197776</CreateTime><MsgType><![CDATA[event]]></MsgType><AgentID>1000002</AgentID><Event><![CDATA[LOCATION]]></Event><Latitude>31.1676</Latitude><Longitude>121.156</Longitude><Precision>15</Precision></xml>
2017-11-09 11:22:57.461 [http-apr-8080-exec-4] INFO  com.ray.weixin.qy.service.message.reply.ReplyMessageService - fromUserName:ShiRui
2017-11-09 11:22:57.461 [http-apr-8080-exec-4] INFO  com.ray.weixin.qy.service.message.reply.ReplyMessageService - toUserName:ww92f5da92bb24696e
2017-11-09 11:22:57.461 [http-apr-8080-exec-4] INFO  com.ray.weixin.qy.service.message.reply.ReplyMessageService - msgType:event
2017-11-09 11:22:57.461 [http-apr-8080-exec-4] INFO  com.ray.weixin.qy.service.message.reply.ReplyMessageService - Event:LOCATION  eventKey:null
