2017-11-09 12:08:33.208 [http-apr-8080-exec-7] INFO  com.ray.weixin.qy.controller.WeiXinServlet - post--------------
2017-11-09 12:08:33.217 [http-apr-8080-exec-7] INFO  com.ray.weixin.qy.service.message.reply.ReplyMessageService - parms:{"msg_signature":["42e98d4f60dd5123fcd04819da9a1057493dd83f"],"timestamp":["1510200512"],"nonce":["1437886038"]}
2017-11-09 12:08:33.218 [http-apr-8080-exec-7] INFO  com.ray.weixin.qy.service.message.reply.ReplyMessageService - postData:<xml><ToUserName><![CDATA[ww92f5da92bb24696e]]></ToUserName><Encrypt><![CDATA[9tdQXtKMojidkr2zlzKKibiTw//H7N4rol5PudwAtPq2jxSVigSKZ4t+5iQKNCVWbL0iVeWoGl15cu2NXagExHjR4+LjqjhRjuYqFvldk2013eL3AfM2UgAzemg/6ntL6NAMHazqLzQ1gkL+r4QOrYnMDCYvCFrHqpFHLZyn6sOl3Ik8x0Rf2x7hNmSpyLS/5QHOCGWi267AYnlZSvaI0jzn9gYBgYehIsxF+HSDBxpPpH00oNNgC0PPOUCVVMXEcFj4O7jmnxqJ9Ps42k7OFTFmpE8ffx57G/QfgEbVaP6NwUAx1U3rmZ2/AF2PKp1tjj0j+XwSQV6OXn4JjxFMMeD5YjhmzOsOCBkf/+RPxvtElyQ8dX7W7fVIwSVqhBPS4Bcwj96x00FZ/XvWl39bjGYLltStOlk5xhpmvSpas5Gsbu0+9Gh4bmGgQ40lW33Yj+/4WEIG73F8aIpKdlyqpX+twEx3SoV4xuzguFc/Uja05WpvS2ccJ4c1Mqrwtgm1]]></Encrypt><AgentID><![CDATA[1000002]]></AgentID></xml>
2017-11-09 12:08:33.237 [http-apr-8080-exec-7] INFO  com.ray.weixin.qy.service.message.reply.ReplyMessageService - reply_xmlMsg:<xml><ToUserName><![CDATA[ww92f5da92bb24696e]]></ToUserName><FromUserName><![CDATA[XuZhao]]></FromUserName><CreateTime>1510200512</CreateTime><MsgType><![CDATA[event]]></MsgType><AgentID>1000002</AgentID><Event><![CDATA[view]]></Event><EventKey><![CDATA[http://rayner.nat300.top/weixin_qy/showInvoice.jsp]]></EventKey></xml>
2017-11-09 12:08:33.239 [http-apr-8080-exec-7] INFO  com.ray.weixin.qy.service.message.reply.ReplyMessageService - fromUserName:XuZhao
2017-11-09 12:08:33.239 [http-apr-8080-exec-7] INFO  com.ray.weixin.qy.service.message.reply.ReplyMessageService - toUserName:ww92f5da92bb24696e
2017-11-09 12:08:33.239 [http-apr-8080-exec-7] INFO  com.ray.weixin.qy.service.message.reply.ReplyMessageService - msgType:event
2017-11-09 12:08:33.239 [http-apr-8080-exec-7] INFO  com.ray.weixin.qy.service.message.reply.ReplyMessageService - Event:view  eventKey:http://rayner.nat300.top/weixin_qy/showInvoice.jsp
2017-11-09 12:08:33.441 [http-apr-8080-exec-9] INFO  com.ray.weixin.qy.util.AuthHelper - jsonObject:{"errcode":0,"access_token":"HAXViOQY3DGAvBiBKjCsINmIRRUBT5qPdfoC4Z8571X1BUGBGeUR24SM9BJttafP4lMxb8DMjyyKPX0WO1az3mXgERblmFYc8l8o5qRwLhqXSTaQf4H5kiX5_IUQ5aEhzMVrHdHo71xR9DphzuJ-zUFPYWFBoF2UZ1VQVCmVzidT3HCqCocrpbksyJw4Kp2n9j-O6V7UVhewcXu4SXgRIg","errmsg":"ok","expires_in":7200}
2017-11-09 12:08:33.799 [http-apr-8080-exec-9] INFO  com.ray.weixin.qy.util.AuthHelper - jsonObject:{"errcode":0,"ticket":"kgt8ON7yVITDhtdwci0qebCLEfC_BfeygIq8cFPLbdbdgXAuwqW0TQb7lRnbFXxfHzevQQFSYr2oYlyC7L5k6Q","errmsg":"ok","expires_in":7200}
2017-11-09 12:08:33.800 [http-apr-8080-exec-9] INFO  com.ray.weixin.qy.util.AuthHelper - url:http://rayner.nat300.top/weixin_qy/showInvoice.jsp
2017-11-09 12:08:33.800 [http-apr-8080-exec-9] INFO  com.ray.weixin.qy.util.AuthHelper - accessToken:HAXViOQY3DGAvBiBKjCsINmIRRUBT5qPdfoC4Z8571X1BUGBGeUR24SM9BJttafP4lMxb8DMjyyKPX0WO1az3mXgERblmFYc8l8o5qRwLhqXSTaQf4H5kiX5_IUQ5aEhzMVrHdHo71xR9DphzuJ-zUFPYWFBoF2UZ1VQVCmVzidT3HCqCocrpbksyJw4Kp2n9j-O6V7UVhewcXu4SXgRIg
2017-11-09 12:08:33.800 [http-apr-8080-exec-9] INFO  com.ray.weixin.qy.util.AuthHelper - jsapi_ticket:kgt8ON7yVITDhtdwci0qebCLEfC_BfeygIq8cFPLbdbdgXAuwqW0TQb7lRnbFXxfHzevQQFSYr2oYlyC7L5k6Q
2017-11-09 12:08:33.800 [http-apr-8080-exec-9] INFO  com.ray.weixin.qy.util.AuthHelper - appId:ww92f5da92bb24696e
2017-11-09 12:08:33.800 [http-apr-8080-exec-9] INFO  com.ray.weixin.qy.util.AuthHelper - timestamp:1510200513
2017-11-09 12:08:33.801 [http-apr-8080-exec-9] INFO  com.ray.weixin.qy.util.AuthHelper - nonceStr:5cd412a1-a7a8-4ef2-9d5a-b18a79fadcea
2017-11-09 12:08:33.801 [http-apr-8080-exec-9] INFO  com.ray.weixin.qy.util.AuthHelper - signature:b79304afb8bc244dd36a61ea70421b246bed61e3
2017-11-09 12:08:33.801 [http-apr-8080-exec-9] INFO  com.ray.weixin.qy.util.AuthHelper - configValue:{"signature":"b79304afb8bc244dd36a61ea70421b246bed61e3","appId":"ww92f5da92bb24696e","nonceStr":"5cd412a1-a7a8-4ef2-9d5a-b18a79fadcea","timestamp":"1510200513"}
2017-11-09 12:08:34.037 [http-apr-8080-exec-9] INFO  com.ray.weixin.qy.util.AuthHelper - jsonObject:{"errcode":0,"access_token":"HAXViOQY3DGAvBiBKjCsINmIRRUBT5qPdfoC4Z8571X1BUGBGeUR24SM9BJttafP4lMxb8DMjyyKPX0WO1az3mXgERblmFYc8l8o5qRwLhqXSTaQf4H5kiX5_IUQ5aEhzMVrHdHo71xR9DphzuJ-zUFPYWFBoF2UZ1VQVCmVzidT3HCqCocrpbksyJw4Kp2n9j-O6V7UVhewcXu4SXgRIg","errmsg":"ok","expires_in":7200}
2017-11-09 12:08:34.251 [http-apr-8080-exec-9] INFO  com.ray.weixin.qy.util.AuthHelper - jsonObject:{"errcode":0,"ticket":"IpK_1T69hDhZkLQTlwsAXwPIgjZ1z6yuhHmi_IRriCjAaETgX6hy8VSpS699Pn9oOWN_ZH-0gEG9SMnro7cJRg","group_id":"","errmsg":"ok","expires_in":7200}
2017-11-09 12:08:34.254 [http-apr-8080-exec-9] INFO  com.ray.weixin.qy.util.AuthHelper - apiTicket:IpK_1T69hDhZkLQTlwsAXwPIgjZ1z6yuhHmi_IRriCjAaETgX6hy8VSpS699Pn9oOWN_ZH-0gEG9SMnro7cJRg
2017-11-09 12:08:34.254 [http-apr-8080-exec-9] INFO  com.ray.weixin.qy.util.AuthHelper - appId:ww92f5da92bb24696e
2017-11-09 12:08:34.255 [http-apr-8080-exec-9] INFO  com.ray.weixin.qy.util.AuthHelper - timeStamp:1510200514
2017-11-09 12:08:34.255 [http-apr-8080-exec-9] INFO  com.ray.weixin.qy.util.AuthHelper - nonceStr:959f479d-4b65-4eb3-8b72-cf5f40d86621
2017-11-09 12:08:34.255 [http-apr-8080-exec-9] INFO  com.ray.weixin.qy.util.AuthHelper - cardType:INVOICE
2017-11-09 12:08:34.256 [http-apr-8080-exec-9] INFO  com.ray.weixin.qy.util.AuthHelper - cardSign:94f8ded9f6b02f8aa46db03a326f50e62dc0772d
2017-11-09 12:08:34.256 [http-apr-8080-exec-9] INFO  com.ray.weixin.qy.util.AuthHelper - signType:SHA1
2017-11-09 12:08:34.257 [http-apr-8080-exec-9] INFO  com.ray.weixin.qy.util.AuthHelper - configValue:{"signType":"SHA1","cardSign":"94f8ded9f6b02f8aa46db03a326f50e62dc0772d","nonceStr":"959f479d-4b65-4eb3-8b72-cf5f40d86621","timestamp":"1510200514"}
