2017-11-08 23:30:01.472 [http-apr-8080-exec-7] INFO  com.ray.weixin.qy.controller.WeiXinServlet - post--------------
2017-11-08 23:30:01.476 [http-apr-8080-exec-7] INFO  com.ray.weixin.qy.service.message.reply.ReplyMessageService - parms:{"msg_signature":["dacd60da35396ef9683f9c559b481c2efa5768b7"],"timestamp":["1510155000"],"nonce":["1442033677"]}
2017-11-08 23:30:01.477 [http-apr-8080-exec-7] INFO  com.ray.weixin.qy.service.message.reply.ReplyMessageService - postData:<xml><ToUserName><![CDATA[ww92f5da92bb24696e]]></ToUserName><Encrypt><![CDATA[FeYofGfIn+fh+q6w1b3CD+QRfpV0lT2Ap7WohrbEZlbsUZrqG+qDVmfHMxz/u9dTfvvwl46DiVGOPmVfBGexxEBLcNNbMO82JJCyok5xEYP6S4CRnJmsQj3RxSHnlEZfsigiUnIrpV9Hsi+kbCdf9gfBH1ZfKplXcM8k/N7YLTQ80p5OhAlQhOQJ7AEq/K9Vl2Qb7llo1Az2f0lQ/3hz5QybFiEajhI2F2paCNyMIFUkGy1E4Mm3y7ekFDeE0oBqS1jHyjv/cq5/CbX9KHBz5UDuDUbS82SmaA3OUyaLZbZZkoiYoPNKFgrrTO+xmEusNMq+gq29R/iYowDF9OBdFeLHltPlStO7UKAXgckhaQE7GWNl6Vm84YZlzlVL30dZ2SM7uMZ6cPDVmxMSleSwc6x2LiiHD4lyNicTpXPbU9iyWGPLlyel1Rn5M66rjM6Aquv7l4ivWxTUwVg8wFm2MafkeZRKZ0ZySAGiCmxTY9C5j7ycQlS7DlzlhjDePnz5]]></Encrypt><AgentID><![CDATA[1000002]]></AgentID></xml>
2017-11-08 23:30:01.487 [http-apr-8080-exec-7] INFO  com.ray.weixin.qy.service.message.reply.ReplyMessageService - reply_xmlMsg:<xml><ToUserName><![CDATA[ww92f5da92bb24696e]]></ToUserName><FromUserName><![CDATA[ShiRui]]></FromUserName><CreateTime>1510155000</CreateTime><MsgType><![CDATA[event]]></MsgType><AgentID>1000002</AgentID><Event><![CDATA[LOCATION]]></Event><Latitude>31.1615</Latitude><Longitude>121.142</Longitude><Precision>15</Precision></xml>
2017-11-08 23:30:01.489 [http-apr-8080-exec-7] INFO  com.ray.weixin.qy.service.message.reply.ReplyMessageService - fromUserName:ShiRui
2017-11-08 23:30:01.490 [http-apr-8080-exec-7] INFO  com.ray.weixin.qy.service.message.reply.ReplyMessageService - toUserName:ww92f5da92bb24696e
2017-11-08 23:30:01.490 [http-apr-8080-exec-7] INFO  com.ray.weixin.qy.service.message.reply.ReplyMessageService - msgType:event
2017-11-08 23:30:01.490 [http-apr-8080-exec-7] INFO  com.ray.weixin.qy.service.message.reply.ReplyMessageService - Event:LOCATION  eventKey:null
2017-11-08 23:30:09.985 [http-apr-8080-exec-5] INFO  com.ray.weixin.qy.controller.WeiXinServlet - post--------------
2017-11-08 23:30:09.986 [http-apr-8080-exec-5] INFO  com.ray.weixin.qy.service.message.reply.ReplyMessageService - parms:{"msg_signature":["4814eef96f6248d44298fe1a36ef8c7a66d89727"],"timestamp":["1510155009"],"nonce":["679981168"]}
2017-11-08 23:30:09.986 [http-apr-8080-exec-5] INFO  com.ray.weixin.qy.service.message.reply.ReplyMessageService - postData:<xml><ToUserName><![CDATA[ww92f5da92bb24696e]]></ToUserName><Encrypt><![CDATA[KQ5Bz0nSJhozu6BaGbxtRuvnR1pc93c7VAYr5BPd0VAY/+2hyJlIe/IDYSx6i96vd5/Guo6qx/13VaDfAOkGwpjSYWfrk1qIm14IpAieIaRwLrrdfNH2y/yP2/CW5ngqhpQ2BsVVytPwQQMELdhgcy6N9sfdRBoQxmgBdz9fG7GTXx3Yzg6ngbKcPS9TeweMMRl1ydhQDK27Pczk0pIIKQr/bx3o1NOVObBoN/GevfCvClXoqwuE4OZMH+5YDMAajuRtKgh8qm55HAAdv5PCnTUYhUsq9H0xUbZedsDkgvu921r9W+addP/8LT2bVLFYRx5DLPDuvW5QT+OHZFxfes1by6qd3iH5KN24AWiI079BBw1iCBJ/jp3mTT3l0HIP+JKVV+sFVAfO94Lijd2DYD0LEbE7iEwNRk7VM2FDLK/v4UpBaI8U314OfQglrH4Gpeht7bMX1PXo8Md2QvHT7pJNXDkz053DER1UAZYAZzKAB0pxi1G2Fb29E7rukBJ6]]></Encrypt><AgentID><![CDATA[1000002]]></AgentID></xml>
2017-11-08 23:30:09.989 [http-apr-8080-exec-5] INFO  com.ray.weixin.qy.service.message.reply.ReplyMessageService - reply_xmlMsg:<xml><ToUserName><![CDATA[ww92f5da92bb24696e]]></ToUserName><FromUserName><![CDATA[ShiRui]]></FromUserName><CreateTime>1510155009</CreateTime><MsgType><![CDATA[event]]></MsgType><AgentID>1000002</AgentID><Event><![CDATA[LOCATION]]></Event><Latitude>31.1615</Latitude><Longitude>121.142</Longitude><Precision>15</Precision></xml>
2017-11-08 23:30:09.993 [http-apr-8080-exec-5] INFO  com.ray.weixin.qy.service.message.reply.ReplyMessageService - fromUserName:ShiRui
2017-11-08 23:30:09.994 [http-apr-8080-exec-5] INFO  com.ray.weixin.qy.service.message.reply.ReplyMessageService - toUserName:ww92f5da92bb24696e
2017-11-08 23:30:09.994 [http-apr-8080-exec-5] INFO  com.ray.weixin.qy.service.message.reply.ReplyMessageService - msgType:event
2017-11-08 23:30:09.994 [http-apr-8080-exec-5] INFO  com.ray.weixin.qy.service.message.reply.ReplyMessageService - Event:LOCATION  eventKey:null
2017-11-08 23:30:31.008 [http-apr-8080-exec-9] INFO  com.ray.weixin.qy.controller.WeiXinServlet - post--------------
2017-11-08 23:30:31.008 [http-apr-8080-exec-9] INFO  com.ray.weixin.qy.service.message.reply.ReplyMessageService - parms:{"msg_signature":["62796559397e334908a9327eae47ec863e91c492"],"timestamp":["1510155030"],"nonce":["336269671"]}
2017-11-08 23:30:31.008 [http-apr-8080-exec-9] INFO  com.ray.weixin.qy.service.message.reply.ReplyMessageService - postData:<xml><ToUserName><![CDATA[ww92f5da92bb24696e]]></ToUserName><Encrypt><![CDATA[JJw/XagS0VTDmLT7evUqAS4GNRNJEpEELsqqSwfYVXAcFcVX5c5/onrkbaxSof5+z7I3oEk8swSkTYSzvHT56NG0ZHvfsIfEV/M2fhgFsb8XzZR9K8xQgMFgTjzCc5eTi/KEwhRCOWF5NSNzWEFIAW2iX8z4k5ungevYmbQQ+7/ds6JjtIghMyUHelUdp8LYfqP6BQhIw+xCK+n45MYhqtgN0QOQ1LgcjTTGBRZRaAT6+GoHbCjms2YEhR28iVLY+2cAiccvYLh9H7wz6PooO/WC+WPS25bQ4MxaoXxkh6/kMk71eKUhqkQrdxpfEB3ulofrvxQD9Olo5/OC5vlJ0jEloRcMwx9NCAWQPVMONNYBrzYnSAqc1irL5RloTqAgkHcjWjaXyEG2Ia4gxWC82vTQO9LMpvpwmca9cstB2D5A5TrlkKZ98W93S5k7EsT1ZSL+gF5MbGg2rnR79CpCvElu+84Lfr7kUeACAgELm7FV8RjvOc5u4XLDMVF9W6wL]]></Encrypt><AgentID><![CDATA[1000002]]></AgentID></xml>
2017-11-08 23:30:31.011 [http-apr-8080-exec-9] INFO  com.ray.weixin.qy.service.message.reply.ReplyMessageService - reply_xmlMsg:<xml><ToUserName><![CDATA[ww92f5da92bb24696e]]></ToUserName><FromUserName><![CDATA[ShiRui]]></FromUserName><CreateTime>1510155030</CreateTime><MsgType><![CDATA[event]]></MsgType><AgentID>1000002</AgentID><Event><![CDATA[LOCATION]]></Event><Latitude>31.1615</Latitude><Longitude>121.142</Longitude><Precision>15</Precision></xml>
2017-11-08 23:30:31.012 [http-apr-8080-exec-9] INFO  com.ray.weixin.qy.service.message.reply.ReplyMessageService - fromUserName:ShiRui
2017-11-08 23:30:31.012 [http-apr-8080-exec-9] INFO  com.ray.weixin.qy.service.message.reply.ReplyMessageService - toUserName:ww92f5da92bb24696e
2017-11-08 23:30:31.012 [http-apr-8080-exec-9] INFO  com.ray.weixin.qy.service.message.reply.ReplyMessageService - msgType:event
2017-11-08 23:30:31.012 [http-apr-8080-exec-9] INFO  com.ray.weixin.qy.service.message.reply.ReplyMessageService - Event:LOCATION  eventKey:null
