2017-11-08 19:01:44.820 [http-apr-8080-exec-63] INFO  com.ray.weixin.qy.controller.WeiXinServlet - post--------------
2017-11-08 19:01:44.896 [http-apr-8080-exec-63] INFO  com.ray.weixin.qy.service.message.reply.ReplyMessageService - parms:{"msg_signature":["81c1bd84f0986b60794ffa1e3e139128f1f57453"],"timestamp":["1510138903"],"nonce":["872348560"]}
2017-11-08 19:01:44.897 [http-apr-8080-exec-63] INFO  com.ray.weixin.qy.service.message.reply.ReplyMessageService - postData:<xml><ToUserName><![CDATA[ww92f5da92bb24696e]]></ToUserName><Encrypt><![CDATA[d5P1QXISTGbBsdWnOMTPfSi2A0h5pnAss5/3JNou3RbFKkCS/l8314cHStOe/lA/uRukkvbC5OMAa6iqHsBfvoPkzwcTS7B66ePZYEMZrnCtTMqTHsuMdVzW5xAWivE+QdS81CQ7Oh5LDg2/VY77JqUDeosHomq7hCzdc/c8fk6s9gdnvpdBKshAZiwtZCrHNgUpIOVrjhDgbcL0Odw0wmcElr/jssGmaAsmi9rcD8g+1JJgMhg3TUMa4BFkQ0HjqF84D7HNIJ495GGeFg6XeIHMbzAh3qV5/yenPiBs1czJTErGNJxNQJLDnQGoGRnx3lrDYL+OhzGxXlfupPs8canueUFfB4CBXl0Gvi6er27sBpl+1rV+bk6Rb/rPvqbbVokNCRR85zyBAy49sGGN4sk9FodOQdFBSEsY+1ilCTVsRFFKE7KyPjciLSiuOUnzT4IN1p7EUA3A1avGPbIBu30CJoKgjSUToxZn9OODT27puL9nV7Z9GFPS3k52PPJQ]]></Encrypt><AgentID><![CDATA[1000002]]></AgentID></xml>
2017-11-08 19:01:44.923 [http-apr-8080-exec-63] INFO  com.ray.weixin.qy.service.message.reply.ReplyMessageService - reply_xmlMsg:<xml><ToUserName><![CDATA[ww92f5da92bb24696e]]></ToUserName><FromUserName><![CDATA[ShiRui]]></FromUserName><CreateTime>1510138903</CreateTime><MsgType><![CDATA[event]]></MsgType><AgentID>1000002</AgentID><Event><![CDATA[LOCATION]]></Event><Latitude>31.1695</Latitude><Longitude>121.152</Longitude><Precision>0</Precision></xml>
2017-11-08 19:01:45.090 [http-apr-8080-exec-63] INFO  com.ray.weixin.qy.service.message.reply.ReplyMessageService - fromUserName:ShiRui
2017-11-08 19:01:45.090 [http-apr-8080-exec-63] INFO  com.ray.weixin.qy.service.message.reply.ReplyMessageService - toUserName:ww92f5da92bb24696e
2017-11-08 19:01:45.090 [http-apr-8080-exec-63] INFO  com.ray.weixin.qy.service.message.reply.ReplyMessageService - msgType:event
2017-11-08 19:01:45.090 [http-apr-8080-exec-63] INFO  com.ray.weixin.qy.service.message.reply.ReplyMessageService - Event:LOCATION  eventKey:null
2017-11-08 19:01:46.494 [http-apr-8080-exec-60] INFO  com.ray.weixin.qy.controller.WeiXinServlet - post--------------
2017-11-08 19:01:46.498 [http-apr-8080-exec-60] INFO  com.ray.weixin.qy.service.message.reply.ReplyMessageService - parms:{"msg_signature":["e0512d5bd6ae4ca1a5b7c2751fc3a296cee46ed2"],"timestamp":["1510138906"],"nonce":["700756263"]}
2017-11-08 19:01:46.499 [http-apr-8080-exec-60] INFO  com.ray.weixin.qy.service.message.reply.ReplyMessageService - postData:<xml><ToUserName><![CDATA[ww92f5da92bb24696e]]></ToUserName><Encrypt><![CDATA[uqZNQsBCBa23XZpVpoFFJpN+jPOoGrzYOoVyZtHyUNmoGIUmXNasfj2mIZhgZnNFe0Qcavm1kGYEy9xRaOaEQQ9dM88x5EbyTUH98X2vWVtsbWkwuIwtqQgDsOc9JItQZet26510+cr25Gx2Wk/ElHPj8A+/cBCb7fNZtfbIDc6C4XaiHoJImaSn7/Cqohb6E+9b6MXNJ8cMNKppBwg2WkRE4c3TaAHlvyk7KIYye3J11F/JD0siZmwrgUbsP2/ZStyM5FYJFNePLG7JXlika8BDXD9dRTLT3PY+ynNvYdTJqGEHU+mcaj3gzGF2v2yj0TDlBG9tg6kNPZMaXx+webpmOwPS2/csj8ksYW3EEa5joGtxr/IvQcw5OmNNJM2XdSuXMEezFFP5Go7dSe/xfosFwivT9JaoeTnCR/5UVK5GthmvSY8a4oVUNuSZrCdxezJMir+pA2LPguqnXPLPAwoOs0BvWWbZCa3YZSlCA6YNxOUm4EhlkqiZ7yXELqIn]]></Encrypt><AgentID><![CDATA[1000002]]></AgentID></xml>
2017-11-08 19:01:46.505 [http-apr-8080-exec-60] INFO  com.ray.weixin.qy.service.message.reply.ReplyMessageService - reply_xmlMsg:<xml><ToUserName><![CDATA[ww92f5da92bb24696e]]></ToUserName><FromUserName><![CDATA[ShiRui]]></FromUserName><CreateTime>1510138906</CreateTime><MsgType><![CDATA[event]]></MsgType><AgentID>1000002</AgentID><Event><![CDATA[view]]></Event><EventKey><![CDATA[http://rayner.nat300.top/weixin_qy/showInvoice.jsp]]></EventKey></xml>
2017-11-08 19:01:46.514 [http-apr-8080-exec-60] INFO  com.ray.weixin.qy.service.message.reply.ReplyMessageService - fromUserName:ShiRui
2017-11-08 19:01:46.515 [http-apr-8080-exec-60] INFO  com.ray.weixin.qy.service.message.reply.ReplyMessageService - toUserName:ww92f5da92bb24696e
2017-11-08 19:01:46.515 [http-apr-8080-exec-60] INFO  com.ray.weixin.qy.service.message.reply.ReplyMessageService - msgType:event
2017-11-08 19:01:46.516 [http-apr-8080-exec-60] INFO  com.ray.weixin.qy.service.message.reply.ReplyMessageService - Event:view  eventKey:http://rayner.nat300.top/weixin_qy/showInvoice.jsp
2017-11-08 19:01:47.280 [http-apr-8080-exec-59] INFO  com.ray.weixin.qy.util.AuthHelper - jsonObject:{"errcode":0,"access_token":"ZKrmF55qn7-XEP21Tz8wU891N2DLOgOyBr7gSlyW0EyP92tytr30wnbUR_rDOyYokg9RxFAq7HiHZ433Z82yYJM3pQop6QNPtit8k-9cBNHYN3VkdAD0ndbyGgjqim6lAw9JaGlgkiPWtc-mNdW0tcmf7XmLgxUilWSOc9nsz7PxcgWW65NHaYlWYXOBLEgT3QqzMd9K-669IWyOm26GyA","errmsg":"ok","expires_in":7200}
2017-11-08 19:01:47.326 [http-apr-8080-exec-59] INFO  com.ray.weixin.qy.util.AuthHelper - url:http://rayner.nat300.top/weixin_qy/showInvoice.jsp
2017-11-08 19:01:47.326 [http-apr-8080-exec-59] INFO  com.ray.weixin.qy.util.AuthHelper - accessToken:ZKrmF55qn7-XEP21Tz8wU891N2DLOgOyBr7gSlyW0EyP92tytr30wnbUR_rDOyYokg9RxFAq7HiHZ433Z82yYJM3pQop6QNPtit8k-9cBNHYN3VkdAD0ndbyGgjqim6lAw9JaGlgkiPWtc-mNdW0tcmf7XmLgxUilWSOc9nsz7PxcgWW65NHaYlWYXOBLEgT3QqzMd9K-669IWyOm26GyA
2017-11-08 19:01:47.326 [http-apr-8080-exec-59] INFO  com.ray.weixin.qy.util.AuthHelper - jsapi_ticket:null
2017-11-08 19:01:47.327 [http-apr-8080-exec-59] INFO  com.ray.weixin.qy.util.AuthHelper - appId:ww92f5da92bb24696e
2017-11-08 19:01:47.327 [http-apr-8080-exec-59] INFO  com.ray.weixin.qy.util.AuthHelper - timestamp:1510138906
2017-11-08 19:01:47.327 [http-apr-8080-exec-59] INFO  com.ray.weixin.qy.util.AuthHelper - nonceStr:7b88de60-8dfd-4379-8e78-c5ef019cdaf2
2017-11-08 19:01:47.327 [http-apr-8080-exec-59] INFO  com.ray.weixin.qy.util.AuthHelper - signature:null
2017-11-08 19:01:47.327 [http-apr-8080-exec-59] INFO  com.ray.weixin.qy.util.AuthHelper - configValue:{"appId":"ww92f5da92bb24696e","nonceStr":"7b88de60-8dfd-4379-8e78-c5ef019cdaf2","timestamp":"1510138906"}
