2017-11-15 14:58:53.223 [http-apr-8080-exec-4] INFO  com.ray.weixin.gz.controller.WeiXinServlet - post--------------
2017-11-15 14:58:53.229 [http-apr-8080-exec-4] INFO  com.ray.weixin.gz.service.message.ReplyMessageService - parms:{"signature":["26c24bae4285b164a6472f315fa44a2ea8f35bc5"],"timestamp":["1510729131"],"nonce":["385369021"],"openid":["o1M7_1YPJI9YMaHiP54wN8nzuoDE"],"encrypt_type":["aes"],"msg_signature":["67ff9caae2ec3c90b9b2564defb11e7fad32673e"]}
2017-11-15 14:58:53.230 [http-apr-8080-exec-4] INFO  com.ray.weixin.gz.service.message.ReplyMessageService - postData:<xml>    <ToUserName><![CDATA[gh_8903be978f8b]]></ToUserName>    <Encrypt><![CDATA[IS0eDp74Tto/mA2eIEgbfdW/lTkMleEu39o5QXmtxmGH7YZUb46YV/uUgMIV3Veh018uVOzgjYRhxHX0OwWMKcPIwiOCLqrODnD6k53cPdHHhqCR0gQEYhdF5I6dRS1D4bemfk9EH3K91RbP9FZJvqpII217oxxPoOyTJS0q1ELLn+0RabKwWIBv3qQIAuGt+f7ngCDmFrhSStqVIUSFQdtUC/qOyE7NLg9MSpVHwrgTjbjJSRrKAkbUXepvdlYYRhCrX/+J4v5j0YmUbXFrvt4Ie3orzUy2y8ap0O9IVKnK9ksrvujgTYt6Li6hZDnL+mS0VdOKuoWXVVGcYWj2IbRA5Mnm6tui2hiCLKROLA4Cc26NUUhQcAeXssCWwO+n6Hs3/xgIWxnO8lBS4BqnlNbotaP3JpU/JrX4Qngybv4VBRDZHVb0QEK7DVj+Su5f0/1DvpbnJpIm/WhSCQlxsXEMwQGAFuGaGNaY6JdJ3W58Jg4N9HvdltOSvIp9xqVVDN8NodxA07c/soGnUTSe4nVKViYAoxsSJ5vH8ArP6tc=]]></Encrypt></xml>
2017-11-15 14:58:53.232 [http-apr-8080-exec-4] INFO  com.ray.weixin.gz.service.message.ReplyMessageService - 安全模式：消息被加密
2017-11-15 14:58:53.249 [http-apr-8080-exec-4] INFO  com.ray.weixin.gz.service.message.ReplyMessageService - <xml><ToUserName><![CDATA[gh_8903be978f8b]]></ToUserName>
<FromUserName><![CDATA[o1M7_1YPJI9YMaHiP54wN8nzuoDE]]></FromUserName>
<CreateTime>1510729131</CreateTime>
<MsgType><![CDATA[event]]></MsgType>
<Event><![CDATA[VIEW]]></Event>
<EventKey><![CDATA[http://rayner.nat300.top/weixin_gz/showInvoice.jsp]]></EventKey>
<MenuId>450181233</MenuId>
</xml>
2017-11-15 14:58:53.252 [http-apr-8080-exec-4] INFO  com.ray.weixin.gz.service.message.ReplyMessageService - fromUserName:o1M7_1YPJI9YMaHiP54wN8nzuoDE
2017-11-15 14:58:53.253 [http-apr-8080-exec-4] INFO  com.ray.weixin.gz.service.message.ReplyMessageService - toUserName:gh_8903be978f8b
2017-11-15 14:58:53.253 [http-apr-8080-exec-4] INFO  com.ray.weixin.gz.service.message.ReplyMessageService - msgType:event
2017-11-15 14:58:53.253 [http-apr-8080-exec-4] INFO  com.ray.weixin.gz.service.message.ReplyMessageService - Event:VIEW  eventKey:http://rayner.nat300.top/weixin_gz/showInvoice.jsp
2017-11-15 14:58:53.646 [http-apr-8080-exec-5] INFO  com.ray.weixin.gz.util.AuthHelper - jsonObject:{"access_token":"cgpELARCkXbcYTzHrM9q3RrHpt3oycg140lUbRGUWikY1AvoM3Vr5Jw3iTh9q48KAZrV4MK7aHMVYGU3XIF8qHJHyO_0Pu0xkRjFb25UbMMZvhhdGsie-m8CzaDcv6BeOOLbAIASSP","expires_in":7200}
2017-11-15 14:58:53.743 [http-apr-8080-exec-5] INFO  com.ray.weixin.gz.util.AuthHelper - jsonObject:{"errcode":0,"ticket":"HoagFKDcsGMVCIY2vOjf9mrEXbwXSbqpUm0898_LsZhfWowrJV-9wOxwAgoPTOhdqfiAJVBhU9J6pQbGq-WKag","errmsg":"ok","expires_in":7200}
2017-11-15 14:58:53.744 [http-apr-8080-exec-5] INFO  com.ray.weixin.gz.util.AuthHelper - accessToken:cgpELARCkXbcYTzHrM9q3RrHpt3oycg140lUbRGUWikY1AvoM3Vr5Jw3iTh9q48KAZrV4MK7aHMVYGU3XIF8qHJHyO_0Pu0xkRjFb25UbMMZvhhdGsie-m8CzaDcv6BeOOLbAIASSP
2017-11-15 14:58:53.744 [http-apr-8080-exec-5] INFO  com.ray.weixin.gz.util.AuthHelper - ticket:HoagFKDcsGMVCIY2vOjf9mrEXbwXSbqpUm0898_LsZhfWowrJV-9wOxwAgoPTOhdqfiAJVBhU9J6pQbGq-WKag
2017-11-15 14:58:53.744 [http-apr-8080-exec-5] INFO  com.ray.weixin.gz.util.AuthHelper - nonceStr:21e2e755-d35d-447d-b588-f02eb5d44b09
2017-11-15 14:58:53.744 [http-apr-8080-exec-5] INFO  com.ray.weixin.gz.util.AuthHelper - timeStamp:1510729133
2017-11-15 14:58:53.744 [http-apr-8080-exec-5] INFO  com.ray.weixin.gz.util.AuthHelper - signedUrl:http://rayner.nat300.top/weixin_gz/showInvoice.jsp
2017-11-15 14:58:53.744 [http-apr-8080-exec-5] INFO  com.ray.weixin.gz.util.AuthHelper - signature:34167406ca8cf37f26da66378aa06619a7caaf90
2017-11-15 14:58:53.744 [http-apr-8080-exec-5] INFO  com.ray.weixin.gz.util.AuthHelper - appId:wx07c4d9d0895fe212
2017-11-15 14:58:53.744 [http-apr-8080-exec-5] INFO  com.ray.weixin.gz.util.AuthHelper - configValue:{signature:'34167406ca8cf37f26da66378aa06619a7caaf90',nonceStr:'21e2e755-d35d-447d-b588-f02eb5d44b09',timeStamp:'1510729133',appId:'wx07c4d9d0895fe212'}
2017-11-15 14:58:53.847 [http-apr-8080-exec-5] INFO  com.ray.weixin.gz.util.AuthHelper - jsonObject:{"access_token":"cgpELARCkXbcYTzHrM9q3RrHpt3oycg140lUbRGUWik4f2mHCj-2cTA8cauvD_RQ7-OMwmDLOjot-8CIbt94gXRRbm6naTzbuygC-M-FJbatQid82es18KS2zlfoN9VpJUBbAIAFQX","expires_in":7200}
2017-11-15 14:58:53.947 [http-apr-8080-exec-5] INFO  com.ray.weixin.gz.service.invoice.InvoiceService - jsonObject:{"errcode":0,"ticket":"9KwiourQPRN3vx3Nn1c_iXCh-5F7rD5UiR6FRkNziS3cx4b8Yjpce58MCsslS5Cu43H8pvgbGMFfDvtxfdImxg","errmsg":"ok","expires_in":7200}
2017-11-15 14:58:53.947 [http-apr-8080-exec-5] INFO  com.ray.weixin.gz.util.AuthHelper - apiTicket:9KwiourQPRN3vx3Nn1c_iXCh-5F7rD5UiR6FRkNziS3cx4b8Yjpce58MCsslS5Cu43H8pvgbGMFfDvtxfdImxg
2017-11-15 14:58:53.948 [http-apr-8080-exec-5] INFO  com.ray.weixin.gz.util.AuthHelper - appId:wx07c4d9d0895fe212
2017-11-15 14:58:53.948 [http-apr-8080-exec-5] INFO  com.ray.weixin.gz.util.AuthHelper - timeStamp:1510729133
2017-11-15 14:58:53.948 [http-apr-8080-exec-5] INFO  com.ray.weixin.gz.util.AuthHelper - nonceStr:65abcd68-b149-4888-b6f7-dd150a0c9fc3
2017-11-15 14:58:53.948 [http-apr-8080-exec-5] INFO  com.ray.weixin.gz.util.AuthHelper - cardType:INVOICE
2017-11-15 14:58:53.948 [http-apr-8080-exec-5] INFO  com.ray.weixin.gz.util.AuthHelper - cardSign:cc280333dd3fd0006d769447cbfe99df81eb67ed
2017-11-15 14:58:53.948 [http-apr-8080-exec-5] INFO  com.ray.weixin.gz.util.AuthHelper - signType:SHA1
2017-11-15 14:58:53.948 [http-apr-8080-exec-5] INFO  com.ray.weixin.gz.util.AuthHelper - configValue:{"signType":"SHA1","cardSign":"cc280333dd3fd0006d769447cbfe99df81eb67ed","nonceStr":"65abcd68-b149-4888-b6f7-dd150a0c9fc3","timestamp":"1510729133"}
