2017-11-15 18:53:14.262 [http-apr-8080-exec-8] INFO  com.ray.weixin.gz.controller.WeiXinServlet - post--------------
2017-11-15 18:53:14.277 [http-apr-8080-exec-8] INFO  com.ray.weixin.gz.service.message.ReplyMessageService - parms:{"signature":["628abd71b07edb49186bb1ba2b5d2964959f0a8f"],"timestamp":["1510743192"],"nonce":["1550720493"],"openid":["o1M7_1TLByH8H1T7XCIj23Roo5yU"],"encrypt_type":["aes"],"msg_signature":["b1bc62a96f1e515a9b03ca1fec485cc484feef95"]}
2017-11-15 18:53:14.278 [http-apr-8080-exec-8] INFO  com.ray.weixin.gz.service.message.ReplyMessageService - postData:<xml>    <ToUserName><![CDATA[gh_8903be978f8b]]></ToUserName>    <Encrypt><![CDATA[PFbA/QTV/EITBTUGIL033sUMLSdUOPRC8ob31mRH3mhOSFPr9M26jCvAJEH0mQeaTla7t/O/UKC4twLQC1SQJlOQpqpvktkOSpoenII7GZRLlW8tXINA9XJ0JorHhVfrUgenrP1YXqKxk+xgPckLwJxG1Ou3Uzx0lYCs/e3HNWIgYr1oYdN4uL9NeKQlJNaEbIAa2rmSqcvaGIZic+fI80fvkSwWnYPVG/bjdxsUlt6oE91Nud840Ij/lxXZw8bwdNHj/LtxElJ7G8mQhPXAe7Gkw/sMrB+fOhUE11uhoOFr0E9UOPTZJ5YnELKWH6XU+U32DaPEDbmaTeo+cvXMwLHfvo9KutrlTMUPVXkrRF1egsCZbOCL+ck2m8O4g1ofdfHDN6Qi08k3QPSyLiW2fzslepskxPxhnS9BH0IyCkE25ig9Z9CoxcCa9fufOqjvUoJ26/dyxde263YmZPJWpJF2xPEcLFjNMinrdF27tSRNSFtxk4Yfms3ua/9Ac/024FT55yxa8UZvedjKBshH612gbUAqUpHbQJSvrfVPEG0=]]></Encrypt></xml>
2017-11-15 18:53:14.280 [http-apr-8080-exec-8] INFO  com.ray.weixin.gz.service.message.ReplyMessageService - 安全模式：消息被加密
2017-11-15 18:53:14.283 [http-apr-8080-exec-8] INFO  com.ray.weixin.gz.service.message.ReplyMessageService - <xml><ToUserName><![CDATA[gh_8903be978f8b]]></ToUserName>
<FromUserName><![CDATA[o1M7_1TLByH8H1T7XCIj23Roo5yU]]></FromUserName>
<CreateTime>1510743192</CreateTime>
<MsgType><![CDATA[event]]></MsgType>
<Event><![CDATA[VIEW]]></Event>
<EventKey><![CDATA[http://rayner.nat300.top/weixin_gz/showInvoice.jsp]]></EventKey>
<MenuId>450181554</MenuId>
</xml>
2017-11-15 18:53:14.287 [http-apr-8080-exec-8] INFO  com.ray.weixin.gz.service.message.ReplyMessageService - fromUserName:o1M7_1TLByH8H1T7XCIj23Roo5yU
2017-11-15 18:53:14.288 [http-apr-8080-exec-8] INFO  com.ray.weixin.gz.service.message.ReplyMessageService - toUserName:gh_8903be978f8b
2017-11-15 18:53:14.288 [http-apr-8080-exec-8] INFO  com.ray.weixin.gz.service.message.ReplyMessageService - msgType:event
2017-11-15 18:53:14.288 [http-apr-8080-exec-8] INFO  com.ray.weixin.gz.service.message.ReplyMessageService - Event:VIEW  eventKey:http://rayner.nat300.top/weixin_gz/showInvoice.jsp
2017-11-15 18:53:14.580 [http-apr-8080-exec-1] INFO  com.ray.weixin.gz.util.AuthHelper - jsonObject:{"access_token":"pp6Lr2wBiFdqU4Bk3Y4DqC8kS8J68YljOeBaFa-yfCk8rom1ttdJXrP_IwU1HuJvjgK0nimQjNf0wflTbRSo0FVpH7jArrpFQ1AU7F4LLtUOhr4xoCnUWtArVttxYaVnESBcAHAXLU","expires_in":7200}
2017-11-15 18:53:14.686 [http-apr-8080-exec-1] INFO  com.ray.weixin.gz.util.AuthHelper - jsonObject:{"errcode":0,"ticket":"HoagFKDcsGMVCIY2vOjf9mrEXbwXSbqpUm0898_LsZgBi9Ja3Cb-iRCpfbms7MNv3e_heT1Q91ygjzjqxFaRVw","errmsg":"ok","expires_in":7200}
2017-11-15 18:53:14.687 [http-apr-8080-exec-1] INFO  com.ray.weixin.gz.util.AuthHelper - accessToken:pp6Lr2wBiFdqU4Bk3Y4DqC8kS8J68YljOeBaFa-yfCk8rom1ttdJXrP_IwU1HuJvjgK0nimQjNf0wflTbRSo0FVpH7jArrpFQ1AU7F4LLtUOhr4xoCnUWtArVttxYaVnESBcAHAXLU
2017-11-15 18:53:14.687 [http-apr-8080-exec-1] INFO  com.ray.weixin.gz.util.AuthHelper - ticket:HoagFKDcsGMVCIY2vOjf9mrEXbwXSbqpUm0898_LsZgBi9Ja3Cb-iRCpfbms7MNv3e_heT1Q91ygjzjqxFaRVw
2017-11-15 18:53:14.688 [http-apr-8080-exec-1] INFO  com.ray.weixin.gz.util.AuthHelper - nonceStr:3fd72eb3-dfae-4e4e-8bc3-bf784504c1a5
2017-11-15 18:53:14.688 [http-apr-8080-exec-1] INFO  com.ray.weixin.gz.util.AuthHelper - timeStamp:1510743194
2017-11-15 18:53:14.688 [http-apr-8080-exec-1] INFO  com.ray.weixin.gz.util.AuthHelper - signedUrl:http://rayner.nat300.top/weixin_gz/showInvoice.jsp
2017-11-15 18:53:14.688 [http-apr-8080-exec-1] INFO  com.ray.weixin.gz.util.AuthHelper - signature:4bc3bc1c5a4c43c20212af4614e053ccd2c2ac5b
2017-11-15 18:53:14.688 [http-apr-8080-exec-1] INFO  com.ray.weixin.gz.util.AuthHelper - appId:wx07c4d9d0895fe212
2017-11-15 18:53:14.688 [http-apr-8080-exec-1] INFO  com.ray.weixin.gz.util.AuthHelper - configValue:{signature:'4bc3bc1c5a4c43c20212af4614e053ccd2c2ac5b',nonceStr:'3fd72eb3-dfae-4e4e-8bc3-bf784504c1a5',timeStamp:'1510743194',appId:'wx07c4d9d0895fe212'}
2017-11-15 18:53:14.897 [http-apr-8080-exec-1] INFO  com.ray.weixin.gz.util.AuthHelper - jsonObject:{"access_token":"pp6Lr2wBiFdqU4Bk3Y4DqC8kS8J68YljOeBaFa-yfCna1mHbm-bjhpuq2rpQNoqaWHKUjfHfSK7CDRmLQf8tRDOQ1mHVtE2JR5A-JWSG3ANyKM64D16pPsH8gOOBq3bOEJWcAHAXCP","expires_in":7200}
2017-11-15 18:53:14.997 [http-apr-8080-exec-1] INFO  com.ray.weixin.gz.service.invoice.InvoiceService - jsonObject:{"errcode":0,"ticket":"9KwiourQPRN3vx3Nn1c_iXCh-5F7rD5UiR6FRkNziS3ioM7lrWDvEODqM6XQdQbgraF_oLOqdFSXbGH0lwPjuA","errmsg":"ok","expires_in":7200}
2017-11-15 18:53:14.997 [http-apr-8080-exec-1] INFO  com.ray.weixin.gz.util.AuthHelper - apiTicket:9KwiourQPRN3vx3Nn1c_iXCh-5F7rD5UiR6FRkNziS3ioM7lrWDvEODqM6XQdQbgraF_oLOqdFSXbGH0lwPjuA
2017-11-15 18:53:14.998 [http-apr-8080-exec-1] INFO  com.ray.weixin.gz.util.AuthHelper - appId:wx07c4d9d0895fe212
2017-11-15 18:53:14.998 [http-apr-8080-exec-1] INFO  com.ray.weixin.gz.util.AuthHelper - timeStamp:1510743194
2017-11-15 18:53:14.998 [http-apr-8080-exec-1] INFO  com.ray.weixin.gz.util.AuthHelper - nonceStr:ab793d85-754b-449d-9c8b-a4cc5014fe1c
2017-11-15 18:53:14.998 [http-apr-8080-exec-1] INFO  com.ray.weixin.gz.util.AuthHelper - cardType:INVOICE
2017-11-15 18:53:14.998 [http-apr-8080-exec-1] INFO  com.ray.weixin.gz.util.AuthHelper - cardSign:3ab37ff93f037d8ade8a0dcae51ee07b72fbde13
2017-11-15 18:53:14.998 [http-apr-8080-exec-1] INFO  com.ray.weixin.gz.util.AuthHelper - signType:SHA1
2017-11-15 18:53:14.998 [http-apr-8080-exec-1] INFO  com.ray.weixin.gz.util.AuthHelper - configValue:{"signType":"SHA1","cardSign":"3ab37ff93f037d8ade8a0dcae51ee07b72fbde13","nonceStr":"ab793d85-754b-449d-9c8b-a4cc5014fe1c","timestamp":"1510743194"}
2017-11-15 18:53:22.573 [http-apr-8080-exec-10] INFO  com.ray.weixin.gz.util.AuthHelper - jsonObject:{"access_token":"pp6Lr2wBiFdqU4Bk3Y4DqC8kS8J68YljOeBaFa-yfCknEpxbVyQxsGQ2uAgc3TYSHtc1oJ9LGJ69ZgoPNRD5j062Nm6ycUXwxgpSCiyx6qS8b_6WjM0iePmAfyvhO33uJUPcAHAMXS","expires_in":7200}
2017-11-15 18:53:22.743 [http-apr-8080-exec-10] INFO  com.ray.weixin.gz.service.invoice.InvoiceService - jsonObject:{"errcode":0,"payee":"上海圆迈贸易有限公司","user_info":{"reimburse_status":"INVOICE_REIMBURSE_INIT","fee":19265,"tax":2799,"pdf_url":"http://wdfp.5ifapiao.com/wx-card/getPdf/wdfp/031001700311/10130772/59869458371280709832?card_id=pN0bYv8ll7_8REjYNPNLzfSpVi54&wx_invoice_token=vHE5kaaLFelvyosk6hyN9qfmT4mz22-3-DtItACfp08jA-W3T1CC2S11Axvpd1aCWfN6WkqNwHnxEJWY6eBwsg3hCfwM6mHf0az6cigRP9s.","title":"个人","billing_code":"10130772","billing_time":1510662340,"check_code":"59869458371280709832","fee_without_tax":16466,"detail":" ","billing_no":"031001700311","order_id":"64532618652","info":[{"unit":" ","price":16466,"num":1,"name":"七匹狼 男士纯棉内裤平角裤 舒适透气柔软棉质裤头 4条混色礼盒装 XXXL（95159-4）"}]},"openid":"o1M7_1TLByH8H1T7XCIj23Roo5yU","errmsg":"ok","detail":"可在公司企业号内报销使用","type":"增值税电子普通发票","card_id":"pN0bYv8ll7_8REjYNPNLzfSpVi54"}
2017-11-15 18:53:22.744 [http-apr-8080-exec-10] INFO  com.ray.weixin.gz.controller.invoice.InvoiceServlet - [{"errcode":0,"payee":"上海圆迈贸易有限公司","user_info":{"reimburse_status":"INVOICE_REIMBURSE_INIT","fee":19265,"tax":2799,"pdf_url":"http://wdfp.5ifapiao.com/wx-card/getPdf/wdfp/031001700311/10130772/59869458371280709832?card_id=pN0bYv8ll7_8REjYNPNLzfSpVi54&wx_invoice_token=vHE5kaaLFelvyosk6hyN9qfmT4mz22-3-DtItACfp08jA-W3T1CC2S11Axvpd1aCWfN6WkqNwHnxEJWY6eBwsg3hCfwM6mHf0az6cigRP9s.","title":"个人","billing_code":"10130772","billing_time":1510662340,"check_code":"59869458371280709832","fee_without_tax":16466,"detail":" ","billing_no":"031001700311","order_id":"64532618652","info":[{"unit":" ","price":16466,"num":1,"name":"七匹狼 男士纯棉内裤平角裤 舒适透气柔软棉质裤头 4条混色礼盒装 XXXL（95159-4）"}]},"openid":"o1M7_1TLByH8H1T7XCIj23Roo5yU","errmsg":"ok","detail":"可在公司企业号内报销使用","type":"增值税电子普通发票","card_id":"pN0bYv8ll7_8REjYNPNLzfSpVi54"}]
2017-11-15 18:53:22.745 [http-apr-8080-exec-10] INFO  com.ray.weixin.gz.controller.invoice.InvoiceServlet - null
