2017-11-08 23:32:03.657 [http-apr-8080-exec-6] INFO  com.ray.weixin.qy.controller.WeiXinServlet - post--------------
2017-11-08 23:32:03.667 [http-apr-8080-exec-6] INFO  com.ray.weixin.qy.service.message.reply.ReplyMessageService - parms:{"msg_signature":["f5a3363e789c17e6b61bbaf56e9bb0d6781bed03"],"timestamp":["1510155123"],"nonce":["1132148863"]}
2017-11-08 23:32:03.669 [http-apr-8080-exec-6] INFO  com.ray.weixin.qy.service.message.reply.ReplyMessageService - postData:<xml><ToUserName><![CDATA[ww92f5da92bb24696e]]></ToUserName><Encrypt><![CDATA[ofCO5n7U6giLwXIdzlZh0+Ju2tH0owHGFwlsYfYVdgN/0yF4fejQ9tUI6DZYJSZ0v13v6/fztXJJ5hcia5NgbF52FNWMZZ6G4uAg9g5mMY5lU30JUWowMKNiKRIWUC0akAnmPJMDlynF40Z4wNRlKFL26RpKZjkJYOroLJJiU5BdjOVrBNFlqDPYZ1kQ6rs3ig5iRr6IzFkpx97chVVAPp5zmGY9toMEUkGeZz0qs2HqjlQnatciF8nTmpcjnw1Zal8/LbP93yvJhUpS/YnolAVtCqSJn2PxQjm9PSVE1fLjlF2l2BCmVl8maHkzmC6+fRzNM83lay70VAuSO57CvOfKvxABAJDiyL8oqkVsm8WX8rgeyJItSDWxdJp7kiStikBhCH9LkrUOjn+l00a9f5Wgi9Myz4GdMZS0qS9czN/c1xikyDWcueR8jWTkQKJXnFuC0KLy/6/ccn4C9xYUxBiiAVmHNV4VtgRZvr8OByjR1Z013pmXyXfAQoeqqyl4]]></Encrypt><AgentID><![CDATA[1000002]]></AgentID></xml>
2017-11-08 23:32:03.692 [http-apr-8080-exec-6] INFO  com.ray.weixin.qy.service.message.reply.ReplyMessageService - reply_xmlMsg:<xml><ToUserName><![CDATA[ww92f5da92bb24696e]]></ToUserName><FromUserName><![CDATA[ShiRui]]></FromUserName><CreateTime>1510155123</CreateTime><MsgType><![CDATA[event]]></MsgType><AgentID>1000002</AgentID><Event><![CDATA[LOCATION]]></Event><Latitude>31.1615</Latitude><Longitude>121.142</Longitude><Precision>15</Precision></xml>
2017-11-08 23:32:03.695 [http-apr-8080-exec-6] INFO  com.ray.weixin.qy.service.message.reply.ReplyMessageService - fromUserName:ShiRui
2017-11-08 23:32:03.695 [http-apr-8080-exec-6] INFO  com.ray.weixin.qy.service.message.reply.ReplyMessageService - toUserName:ww92f5da92bb24696e
2017-11-08 23:32:03.695 [http-apr-8080-exec-6] INFO  com.ray.weixin.qy.service.message.reply.ReplyMessageService - msgType:event
2017-11-08 23:32:03.695 [http-apr-8080-exec-6] INFO  com.ray.weixin.qy.service.message.reply.ReplyMessageService - Event:LOCATION  eventKey:null
2017-11-08 23:32:05.466 [http-apr-8080-exec-7] INFO  com.ray.weixin.qy.controller.WeiXinServlet - post--------------
2017-11-08 23:32:05.467 [http-apr-8080-exec-7] INFO  com.ray.weixin.qy.service.message.reply.ReplyMessageService - parms:{"msg_signature":["76da7b18107cf9f932b83091b74bc90542e1bdde"],"timestamp":["1510155124"],"nonce":["1833869662"]}
2017-11-08 23:32:05.467 [http-apr-8080-exec-7] INFO  com.ray.weixin.qy.service.message.reply.ReplyMessageService - postData:<xml><ToUserName><![CDATA[ww92f5da92bb24696e]]></ToUserName><Encrypt><![CDATA[S7OSnDgTxbEoEg4+W8uVx2snK2N7rCoWjNuYPZCm+2Qqaez4LIQLJJzu0NaBwEBrLet9SfiST3nPbM/iJdp/3nxI2faN1/ORFZALqf5/qVMsfRmw6i5A9FWOSwS8U2nIamYyeprffv9HtWDBaFO7PvsgPK1a2xXCNtVzTBirRDFLO0bsB1IrR3JOlpQiLNZhzW19PAzmSQkHge1CeomLyOnJcgA+9cizuaWtPQVCOEPtFHf0um0tmNZjXIx2pkr9I+iY63KOqM9XU6UiHJsQ7E+MbC/OGo8dI6+6ve9e/6ZmnqVVon0eSpRziV5KUYwd+pWsN1YClsqRs99F+Uuznf2+6WZOMc2aNF0WdX5zZTkGR33XNSA5UsREft9rteQRIIQlqSoAvkUTBHQA77Ddi2rraPwF4kTnVP5hrLVK0zCijKuvG7rcPptTScdNvaPTRiS+e8LzJvOPI+uYA30ufWwNuFKeB6tnq9lzjTWT5vfvzKth66+i0iCD6FDwji2g]]></Encrypt><AgentID><![CDATA[1000002]]></AgentID></xml>
2017-11-08 23:32:05.471 [http-apr-8080-exec-7] INFO  com.ray.weixin.qy.service.message.reply.ReplyMessageService - reply_xmlMsg:<xml><ToUserName><![CDATA[ww92f5da92bb24696e]]></ToUserName><FromUserName><![CDATA[ShiRui]]></FromUserName><CreateTime>1510155124</CreateTime><MsgType><![CDATA[event]]></MsgType><AgentID>1000002</AgentID><Event><![CDATA[view]]></Event><EventKey><![CDATA[http://33bcyn.natappfree.cc/dingtalk_hec/ray_weixin_test.screen]]></EventKey></xml>
2017-11-08 23:32:05.475 [http-apr-8080-exec-7] INFO  com.ray.weixin.qy.service.message.reply.ReplyMessageService - fromUserName:ShiRui
2017-11-08 23:32:05.476 [http-apr-8080-exec-7] INFO  com.ray.weixin.qy.service.message.reply.ReplyMessageService - toUserName:ww92f5da92bb24696e
2017-11-08 23:32:05.476 [http-apr-8080-exec-7] INFO  com.ray.weixin.qy.service.message.reply.ReplyMessageService - msgType:event
2017-11-08 23:32:05.476 [http-apr-8080-exec-7] INFO  com.ray.weixin.qy.service.message.reply.ReplyMessageService - Event:view  eventKey:http://33bcyn.natappfree.cc/dingtalk_hec/ray_weixin_test.screen
2017-11-08 23:32:08.488 [http-apr-8080-exec-9] INFO  com.ray.weixin.qy.controller.WeiXinServlet - post--------------
2017-11-08 23:32:08.489 [http-apr-8080-exec-9] INFO  com.ray.weixin.qy.service.message.reply.ReplyMessageService - parms:{"msg_signature":["ee7e889b14df5a4412d4f1ed4d0b9dfedff5e191"],"timestamp":["1510155127"],"nonce":["386531616"]}
2017-11-08 23:32:08.490 [http-apr-8080-exec-9] INFO  com.ray.weixin.qy.service.message.reply.ReplyMessageService - postData:<xml><ToUserName><![CDATA[ww92f5da92bb24696e]]></ToUserName><Encrypt><![CDATA[zH9nJCm+kbdatFTSg3ugadCg9paHFGAWQkQHWBjUDHKBe99NdAHngswH4oOecaPeKQgv+vzWqE0RNMfpBkyZ0RwtjYJaZDWTvU3JvmsTWn2bWEz2rKX2HU8P3ATzwwSRgN5DVmTILE4QmtU4C+uCryTZTPCT/9KMTxqMrD/xNwPBqpbAZyIY5h78dxNvBdNFXG9mLeN8JKaIz+P7tNSlBnjLkRs1+I8H7lPOMTk1VLYthKUGKHPjhFoEiNT8S/qbpDSd1JvaYPdk5UiSIaFsSLIpp6D3uN7kyCoHEO1h8Gfu7ecLJvnPDQn7Jx8vU3aKFkBKZsva7rdchtvSnMR/0GDs6nZ18j6Cj3c1EYp9I7PjKBG1YjOPnJMOFTcypzn94s/IoiSp4XVphwMJ6qsQGd8uKm/JYzZ4X3Tp0KOgMNGIiYJZ33hSxZjhzxXAQy/WQzLrPVuwX2/TiPH1SH4te94PlOG0/BWL7licjhiq5/v9iLAbdXuW9CYd+MeTAGW6]]></Encrypt><AgentID><![CDATA[1000002]]></AgentID></xml>
2017-11-08 23:32:08.495 [http-apr-8080-exec-9] INFO  com.ray.weixin.qy.service.message.reply.ReplyMessageService - reply_xmlMsg:<xml><ToUserName><![CDATA[ww92f5da92bb24696e]]></ToUserName><FromUserName><![CDATA[ShiRui]]></FromUserName><CreateTime>1510155127</CreateTime><MsgType><![CDATA[event]]></MsgType><AgentID>1000002</AgentID><Event><![CDATA[view]]></Event><EventKey><![CDATA[http://rayner.nat300.top/weixin_qy/showInvoice.jsp]]></EventKey></xml>
2017-11-08 23:32:08.498 [http-apr-8080-exec-9] INFO  com.ray.weixin.qy.service.message.reply.ReplyMessageService - fromUserName:ShiRui
2017-11-08 23:32:08.499 [http-apr-8080-exec-9] INFO  com.ray.weixin.qy.service.message.reply.ReplyMessageService - toUserName:ww92f5da92bb24696e
2017-11-08 23:32:08.499 [http-apr-8080-exec-9] INFO  com.ray.weixin.qy.service.message.reply.ReplyMessageService - msgType:event
2017-11-08 23:32:08.499 [http-apr-8080-exec-9] INFO  com.ray.weixin.qy.service.message.reply.ReplyMessageService - Event:view  eventKey:http://rayner.nat300.top/weixin_qy/showInvoice.jsp
2017-11-08 23:32:08.690 [http-apr-8080-exec-8] INFO  com.ray.weixin.qy.controller.WeiXinServlet - post--------------
2017-11-08 23:32:08.691 [http-apr-8080-exec-8] INFO  com.ray.weixin.qy.service.message.reply.ReplyMessageService - parms:{"msg_signature":["9bbdd4dea9e476ce657ff422225905d4dde25685"],"timestamp":["1510155128"],"nonce":["1148271091"]}
2017-11-08 23:32:08.692 [http-apr-8080-exec-8] INFO  com.ray.weixin.qy.service.message.reply.ReplyMessageService - postData:<xml><ToUserName><![CDATA[ww92f5da92bb24696e]]></ToUserName><Encrypt><![CDATA[cyz2t9CdDtYwAs4KX9dUQAo26g1HKlPZwaMDn3fSFRftl9VnizpEQMvA0B9ZYYdAM95FUo4wW7XIUkbgvOXkz/w6dXCxtJJId7H6AMzDX6M5TDlWbfFaYfpZPpjXFbEntw1O82iq2SZG2tkyvUKZY1iSqHlPS+w8uT6VT7DHaOrgvZVO8uHp7znBFIO2XPFg8gio2zW/FC+fllmq1jzKjoh7TOjPsY6CHRN1dZUgvNoA8W0PF/m8Hg60HLlZFgb+jxZuNav/1myKR8HoH/ZGuaXZWlnnibqblJIVmgTrSj/vWSZaxTbCoqERgxW1Zrk0jIxO7CFC2dgQUN91vXsN8jTTjkz1/doPrKjxL6r7134xiWesJ8eJz7yDr/WqDiIwwJrmYymYSldKb5DeaRRR3GHNduPz9Y948v19x+7+GFEr2R9cXzPVuabrrNr0xB+f0Y3teeP75adTf2XGlF0PvP+5mTyWeTcKj46/sz/Z22+RPP3roUnGt0CEt3QkKtqi]]></Encrypt><AgentID><![CDATA[1000002]]></AgentID></xml>
2017-11-08 23:32:08.695 [http-apr-8080-exec-8] INFO  com.ray.weixin.qy.service.message.reply.ReplyMessageService - reply_xmlMsg:<xml><ToUserName><![CDATA[ww92f5da92bb24696e]]></ToUserName><FromUserName><![CDATA[ShiRui]]></FromUserName><CreateTime>1510155128</CreateTime><MsgType><![CDATA[event]]></MsgType><AgentID>1000002</AgentID><Event><![CDATA[LOCATION]]></Event><Latitude>31.1615</Latitude><Longitude>121.142</Longitude><Precision>15</Precision></xml>
2017-11-08 23:32:08.698 [http-apr-8080-exec-8] INFO  com.ray.weixin.qy.service.message.reply.ReplyMessageService - fromUserName:ShiRui
2017-11-08 23:32:08.699 [http-apr-8080-exec-8] INFO  com.ray.weixin.qy.service.message.reply.ReplyMessageService - toUserName:ww92f5da92bb24696e
2017-11-08 23:32:08.700 [http-apr-8080-exec-8] INFO  com.ray.weixin.qy.service.message.reply.ReplyMessageService - msgType:event
2017-11-08 23:32:08.700 [http-apr-8080-exec-8] INFO  com.ray.weixin.qy.service.message.reply.ReplyMessageService - Event:LOCATION  eventKey:null
2017-11-08 23:32:08.803 [http-apr-8080-exec-5] INFO  com.ray.weixin.qy.util.AuthHelper - jsonObject:{"errcode":0,"access_token":"jORltodFeBunX9qqOO3onXWetm4IxpVxpNJavkw2Rp8nfwtnxZJtpDnPsV-YAgupxOQ52Borm867Vad7SzidjldD7pJyNtj_H0AFB_I_Ny3JcQ2Xxjimj3ynq8LsRhO6jQcKTmsEKhvkjB8FEYrxc76uNhmElBN7FqQzU_2K2-qLp3gO6IFyj0XAZWN5DbN79D1FX77DDJRIc4yhJ4fhZw","errmsg":"ok","expires_in":7200}
2017-11-08 23:32:09.165 [http-apr-8080-exec-5] INFO  com.ray.weixin.qy.util.AuthHelper - jsonObject:{"errcode":0,"ticket":"kgt8ON7yVITDhtdwci0qebCLEfC_BfeygIq8cFPLbdYRC-Gx-GGzO1qGlOtHzGsquk0FMt_T3dkjox8FKLfdsg","errmsg":"","expires_in":7200}
2017-11-08 23:32:09.166 [http-apr-8080-exec-5] INFO  com.ray.weixin.qy.util.AuthHelper - url:http://rayner.nat300.top/weixin_qy/showInvoice.jsp
2017-11-08 23:32:09.166 [http-apr-8080-exec-5] INFO  com.ray.weixin.qy.util.AuthHelper - accessToken:jORltodFeBunX9qqOO3onXWetm4IxpVxpNJavkw2Rp8nfwtnxZJtpDnPsV-YAgupxOQ52Borm867Vad7SzidjldD7pJyNtj_H0AFB_I_Ny3JcQ2Xxjimj3ynq8LsRhO6jQcKTmsEKhvkjB8FEYrxc76uNhmElBN7FqQzU_2K2-qLp3gO6IFyj0XAZWN5DbN79D1FX77DDJRIc4yhJ4fhZw
2017-11-08 23:32:09.166 [http-apr-8080-exec-5] INFO  com.ray.weixin.qy.util.AuthHelper - jsapi_ticket:kgt8ON7yVITDhtdwci0qebCLEfC_BfeygIq8cFPLbdYRC-Gx-GGzO1qGlOtHzGsquk0FMt_T3dkjox8FKLfdsg
2017-11-08 23:32:09.167 [http-apr-8080-exec-5] INFO  com.ray.weixin.qy.util.AuthHelper - appId:ww92f5da92bb24696e
2017-11-08 23:32:09.167 [http-apr-8080-exec-5] INFO  com.ray.weixin.qy.util.AuthHelper - timestamp:1510155128
2017-11-08 23:32:09.167 [http-apr-8080-exec-5] INFO  com.ray.weixin.qy.util.AuthHelper - nonceStr:160b1bbc-bd46-4f50-abc2-884e2070658e
2017-11-08 23:32:09.167 [http-apr-8080-exec-5] INFO  com.ray.weixin.qy.util.AuthHelper - signature:f91d52d8f1bb77232fbc35167cd563f336dfe593
2017-11-08 23:32:09.167 [http-apr-8080-exec-5] INFO  com.ray.weixin.qy.util.AuthHelper - configValue:{"signature":"f91d52d8f1bb77232fbc35167cd563f336dfe593","appId":"ww92f5da92bb24696e","nonceStr":"160b1bbc-bd46-4f50-abc2-884e2070658e","timestamp":"1510155128"}
2017-11-08 23:32:14.132 [http-apr-8080-exec-4] INFO  com.ray.weixin.qy.controller.WeiXinServlet - post--------------
2017-11-08 23:32:14.133 [http-apr-8080-exec-4] INFO  com.ray.weixin.qy.service.message.reply.ReplyMessageService - parms:{"msg_signature":["47aac23736bacb7599d7cb5c74506ed0b4b5915d"],"timestamp":["1510155133"],"nonce":["658612221"]}
2017-11-08 23:32:14.134 [http-apr-8080-exec-4] INFO  com.ray.weixin.qy.service.message.reply.ReplyMessageService - postData:<xml><ToUserName><![CDATA[ww92f5da92bb24696e]]></ToUserName><Encrypt><![CDATA[7CnXpO+Lg/MCQBsGMWpuDEpfcOdMbzkD1fCfI3tVLccMcR2QpsuXpETIbFiXGdtpNwMWR819l8WQ2j0F4/RJriJCy0oI3qK+WdJ7V/yPLClSJahVB/2AUzmMaJ/vKnWXCjnQpFvHYRuA3kieQVLmnchJYnHQ8RTQ/Smk1/ppEHPgJEp1v6ErMeSVyVM9eI+w8bx2SGvms7G/b31ytNid7e008Zl95+bntke4q/HytxWgQvjqIGlXF6+PY34xUvC7tmaqyFbbMnpNguluMsHge8I9w5Hhym9z8f+S9MMcku+9eesyZZcFVcwYfmzl/WQLekzwoycu4QJ/PUujk1MelPWg2TflGyoROQRbIhoXEdHfeCKTorP7THwAEsmEIvzBKvPXap70zEv0wsUGrYx9H0TaNhtiQbyVdUuIUuAz6wm3omBavPzZ0CM4Erb7wWp6E70NUhysBvV2sM24De3IqfdlH7JmXmOBZTGWJ2n+iOWtF3hhu37+2nfTcwRGKwTH]]></Encrypt><AgentID><![CDATA[1000002]]></AgentID></xml>
2017-11-08 23:32:14.136 [http-apr-8080-exec-4] INFO  com.ray.weixin.qy.service.message.reply.ReplyMessageService - reply_xmlMsg:<xml><ToUserName><![CDATA[ww92f5da92bb24696e]]></ToUserName><FromUserName><![CDATA[ShiRui]]></FromUserName><CreateTime>1510155133</CreateTime><MsgType><![CDATA[event]]></MsgType><AgentID>1000002</AgentID><Event><![CDATA[LOCATION]]></Event><Latitude>31.1615</Latitude><Longitude>121.142</Longitude><Precision>15</Precision></xml>
2017-11-08 23:32:14.137 [http-apr-8080-exec-4] INFO  com.ray.weixin.qy.service.message.reply.ReplyMessageService - fromUserName:ShiRui
2017-11-08 23:32:14.137 [http-apr-8080-exec-4] INFO  com.ray.weixin.qy.service.message.reply.ReplyMessageService - toUserName:ww92f5da92bb24696e
2017-11-08 23:32:14.137 [http-apr-8080-exec-4] INFO  com.ray.weixin.qy.service.message.reply.ReplyMessageService - msgType:event
2017-11-08 23:32:14.137 [http-apr-8080-exec-4] INFO  com.ray.weixin.qy.service.message.reply.ReplyMessageService - Event:LOCATION  eventKey:null
2017-11-08 23:32:18.739 [http-apr-8080-exec-9] INFO  com.ray.weixin.qy.controller.WeiXinServlet - post--------------
2017-11-08 23:32:18.744 [http-apr-8080-exec-9] INFO  com.ray.weixin.qy.service.message.reply.ReplyMessageService - parms:{"msg_signature":["b4f8a1af31a423103dbe32dc0e01fe864bdae4cf"],"timestamp":["1510155138"],"nonce":["1426709472"]}
2017-11-08 23:32:18.748 [http-apr-8080-exec-9] INFO  com.ray.weixin.qy.service.message.reply.ReplyMessageService - postData:<xml><ToUserName><![CDATA[ww92f5da92bb24696e]]></ToUserName><Encrypt><![CDATA[BuoKtOqRGEWubB+hVN9mrj0vJ/YG5i2Vdp0SUpJuwdXb8MmQTgSTyNuFlk7P2ducK67F8CGwfnR0HPm4PsvVoRbIOoPv/uZUf00Dm4Z8fC/ihnbYB5pICsQ57cOrU92naPDE3zZ6RsAvJL64+HlEbM90Fx9WsfvBix+asvqPrQfTeBJAZUcfHMwKUnwa5szhQBO+slfVxr4Vx+UxIT5wBvaJizLpXX5EWr+uaQNtSDUm+7yCJoYUaKgnAkvlGx7GvE158sXxYVv8MbwvKpF2BQfy27SK3HncVmg6sKOLFY7DECBMZyn+m79f7x9yI5/ygkS+y8Kpa9J9o6Hn4G6q8zelfrC1UG8ZCcOvnKoFwJ5hEQV2zVhq46HKCCq4qkuo/3pMIm3IessqHbzIPL0l4k400CU8Wrdk1dpWM4o50xVXaZdtqr9Czuwbx0w8dZSGFAF2ktKaMedHATh/VJbj7c+D9H7A3WuhoJDRIyydbv77UxF4fZDv9fkuQksYdioB]]></Encrypt><AgentID><![CDATA[1000002]]></AgentID></xml>
2017-11-08 23:32:18.752 [http-apr-8080-exec-9] INFO  com.ray.weixin.qy.service.message.reply.ReplyMessageService - reply_xmlMsg:<xml><ToUserName><![CDATA[ww92f5da92bb24696e]]></ToUserName><FromUserName><![CDATA[ShiRui]]></FromUserName><CreateTime>1510155138</CreateTime><MsgType><![CDATA[event]]></MsgType><AgentID>1000002</AgentID><Event><![CDATA[LOCATION]]></Event><Latitude>31.1615</Latitude><Longitude>121.142</Longitude><Precision>15</Precision></xml>
2017-11-08 23:32:18.756 [http-apr-8080-exec-9] INFO  com.ray.weixin.qy.service.message.reply.ReplyMessageService - fromUserName:ShiRui
2017-11-08 23:32:18.756 [http-apr-8080-exec-9] INFO  com.ray.weixin.qy.service.message.reply.ReplyMessageService - toUserName:ww92f5da92bb24696e
2017-11-08 23:32:18.757 [http-apr-8080-exec-9] INFO  com.ray.weixin.qy.service.message.reply.ReplyMessageService - msgType:event
2017-11-08 23:32:18.757 [http-apr-8080-exec-9] INFO  com.ray.weixin.qy.service.message.reply.ReplyMessageService - Event:LOCATION  eventKey:null
2017-11-08 23:32:23.677 [http-apr-8080-exec-8] INFO  com.ray.weixin.qy.controller.WeiXinServlet - post--------------
2017-11-08 23:32:23.678 [http-apr-8080-exec-8] INFO  com.ray.weixin.qy.service.message.reply.ReplyMessageService - parms:{"msg_signature":["7d630afcdf0569e5e883e736494c6f76ec29ac67"],"timestamp":["1510155143"],"nonce":["575547606"]}
2017-11-08 23:32:23.679 [http-apr-8080-exec-8] INFO  com.ray.weixin.qy.service.message.reply.ReplyMessageService - postData:<xml><ToUserName><![CDATA[ww92f5da92bb24696e]]></ToUserName><Encrypt><![CDATA[RjCZ5vSu+r4+B2c6U8bOOusuLxCanZd57pCRX/UrMhPB7P1alCxv/Rw3rGJ20r8ZiqrLbZ827zHzODgcbVP8UfhCNktVDcvOB/+mTg3628m36wgJhAYqW+61TN7iwGFVTjFmOXIOpkFvvFtVKRSCNKYErM9sSoICzgO62a5Irwz4bG7pOylJl5lZJxW0HcMMhK4y06gLtD5E19uum3kKkh2wjvZpCxqpoJ89s8MYQwKc27dt8urbeMzowe6sxcktocceOcKj0QCcmZz13AWbkTjiyPAV5/dSkdUn1E6WQ/ZW/N8jMSySqT6k4nBnYRNKVTFdOZdsiVEO5dvyMs6s7KuhamQbU7cOhk2/QRvi/8MNn+P2mwzA7zayrFEY2HmnlZ1dThcY4mHOLj/g9T2LBuBPZaxeR61ovDjS/2L/15WyMaR+jicw9/Ug+Vw6kugdLQTWbeY49mEPb+t1F012vLDkxzq+l08qF7VQPmBSFXwbuwZwsYX49hknYA6iqu3u]]></Encrypt><AgentID><![CDATA[1000002]]></AgentID></xml>
2017-11-08 23:32:23.692 [http-apr-8080-exec-8] INFO  com.ray.weixin.qy.service.message.reply.ReplyMessageService - reply_xmlMsg:<xml><ToUserName><![CDATA[ww92f5da92bb24696e]]></ToUserName><FromUserName><![CDATA[ShiRui]]></FromUserName><CreateTime>1510155143</CreateTime><MsgType><![CDATA[event]]></MsgType><AgentID>1000002</AgentID><Event><![CDATA[LOCATION]]></Event><Latitude>31.1614</Latitude><Longitude>121.142</Longitude><Precision>15</Precision></xml>
2017-11-08 23:32:23.699 [http-apr-8080-exec-8] INFO  com.ray.weixin.qy.service.message.reply.ReplyMessageService - fromUserName:ShiRui
2017-11-08 23:32:23.700 [http-apr-8080-exec-8] INFO  com.ray.weixin.qy.service.message.reply.ReplyMessageService - toUserName:ww92f5da92bb24696e
2017-11-08 23:32:23.700 [http-apr-8080-exec-8] INFO  com.ray.weixin.qy.service.message.reply.ReplyMessageService - msgType:event
2017-11-08 23:32:23.700 [http-apr-8080-exec-8] INFO  com.ray.weixin.qy.service.message.reply.ReplyMessageService - Event:LOCATION  eventKey:null
2017-11-08 23:32:29.216 [http-apr-8080-exec-3] INFO  com.ray.weixin.qy.controller.WeiXinServlet - post--------------
2017-11-08 23:32:29.217 [http-apr-8080-exec-3] INFO  com.ray.weixin.qy.service.message.reply.ReplyMessageService - parms:{"msg_signature":["49762a23debe2ce3520b8abb458824131d81dd47"],"timestamp":["1510155148"],"nonce":["1186088466"]}
2017-11-08 23:32:29.217 [http-apr-8080-exec-3] INFO  com.ray.weixin.qy.service.message.reply.ReplyMessageService - postData:<xml><ToUserName><![CDATA[ww92f5da92bb24696e]]></ToUserName><Encrypt><![CDATA[YPyNRsf9EWOCSF8+aaTvKjosAmAoqMnkmqnnmMXMHFJbaok3vMHhlW5afGK5lZAwMgyjIRpv7P0OT4TRxn6j9o6OAeD2iXQijsM382OmJRMSG78YvHnQAnDsSXHa6MIyT3BB7E7Yi44lgUt+moxgTffPNffLsQgA4MPThC0IbT/OW7OtNxaBnenyPn48obl01cczpQVqQsTENO+Oy2sJ/q/MSFlZEiWV07SFhFa/xLANuyNWZx5vlSsOv6OFVDq2XS39a/0rItHvlc/+uKnIH3hBStYd4/DjLTKqHtpduo7go/BOfW8gJUE2xz8PUjiisNHsJ3i1PrM//DDGCOZ+dKUAHm9Y/ch+lLZj33eEGITB1ubi5Q3u7TYKYLpZ3XmjWscUss4ox7eOIC4lDObQyxLR5k8Hs+4yVyzMwT82Z3CtbM+kpNv1q1hh7Teba8QIRf+XJAa5jYEl3f0GhqjGYWK75pSZ0txzXDnDZA2xzfP80LosmbLFViB9nuppMUic]]></Encrypt><AgentID><![CDATA[1000002]]></AgentID></xml>
2017-11-08 23:32:29.221 [http-apr-8080-exec-3] INFO  com.ray.weixin.qy.service.message.reply.ReplyMessageService - reply_xmlMsg:<xml><ToUserName><![CDATA[ww92f5da92bb24696e]]></ToUserName><FromUserName><![CDATA[ShiRui]]></FromUserName><CreateTime>1510155148</CreateTime><MsgType><![CDATA[event]]></MsgType><AgentID>1000002</AgentID><Event><![CDATA[LOCATION]]></Event><Latitude>31.1615</Latitude><Longitude>121.142</Longitude><Precision>15</Precision></xml>
2017-11-08 23:32:29.223 [http-apr-8080-exec-3] INFO  com.ray.weixin.qy.service.message.reply.ReplyMessageService - fromUserName:ShiRui
2017-11-08 23:32:29.224 [http-apr-8080-exec-3] INFO  com.ray.weixin.qy.service.message.reply.ReplyMessageService - toUserName:ww92f5da92bb24696e
2017-11-08 23:32:29.224 [http-apr-8080-exec-3] INFO  com.ray.weixin.qy.service.message.reply.ReplyMessageService - msgType:event
2017-11-08 23:32:29.224 [http-apr-8080-exec-3] INFO  com.ray.weixin.qy.service.message.reply.ReplyMessageService - Event:LOCATION  eventKey:null
2017-11-08 23:32:34.121 [http-apr-8080-exec-2] INFO  com.ray.weixin.qy.controller.WeiXinServlet - post--------------
2017-11-08 23:32:34.122 [http-apr-8080-exec-2] INFO  com.ray.weixin.qy.service.message.reply.ReplyMessageService - parms:{"msg_signature":["5f4d2b2eb482789d1cf3e33b86babc18114d64a8"],"timestamp":["1510155153"],"nonce":["730137639"]}
2017-11-08 23:32:34.123 [http-apr-8080-exec-2] INFO  com.ray.weixin.qy.service.message.reply.ReplyMessageService - postData:<xml><ToUserName><![CDATA[ww92f5da92bb24696e]]></ToUserName><Encrypt><![CDATA[t15elerqybLA4lxDJ+bSkRCwUGsEXBTz92TMI8XNJs14ann/pqLbWtdozmkpeOK8aJfuwAjY0BbufgCajDuNG/kYIqaKPqY7WWl3GIhaHSFRwhGWJ8JlSKrBGNei6nkiQ+Pwh0H6gzv55HHGTxpF2JgjIGR79AVdWSb3JrFIHfUYu89gzOqNBYIuNogKrm5qu3N6z5Xn2uvs13Ax0nOxdXSboI5iIDqMC4UqpisQzAArf++ZoU47pF200Jucn7BbeimVKHPndUexAHk5S3yG9gPdlk7KGndkENzlitkZDh49tn6zXSyA53CLDyfP4v0A6XgQjXjpVDRQXhyAx62SgkusUqzBEt+Ylv6Uwusfy+fsWrbII4wt2IlDxd2nVGhumQ7n8GcI1UBwz8PTgTWuJ3YLmWokRXuMjndH4gS4PSRO8GQz+YWowV9kZpkmdE+Es/9aMTRIpqAYE7+3mik2CAzV31a+opxBexoKs+al+S+SRGCCpNUBBPWLH1sVKXGt]]></Encrypt><AgentID><![CDATA[1000002]]></AgentID></xml>
2017-11-08 23:32:34.126 [http-apr-8080-exec-2] INFO  com.ray.weixin.qy.service.message.reply.ReplyMessageService - reply_xmlMsg:<xml><ToUserName><![CDATA[ww92f5da92bb24696e]]></ToUserName><FromUserName><![CDATA[ShiRui]]></FromUserName><CreateTime>1510155153</CreateTime><MsgType><![CDATA[event]]></MsgType><AgentID>1000002</AgentID><Event><![CDATA[LOCATION]]></Event><Latitude>31.1615</Latitude><Longitude>121.142</Longitude><Precision>15</Precision></xml>
2017-11-08 23:32:34.128 [http-apr-8080-exec-2] INFO  com.ray.weixin.qy.service.message.reply.ReplyMessageService - fromUserName:ShiRui
2017-11-08 23:32:34.129 [http-apr-8080-exec-2] INFO  com.ray.weixin.qy.service.message.reply.ReplyMessageService - toUserName:ww92f5da92bb24696e
2017-11-08 23:32:34.129 [http-apr-8080-exec-2] INFO  com.ray.weixin.qy.service.message.reply.ReplyMessageService - msgType:event
2017-11-08 23:32:34.129 [http-apr-8080-exec-2] INFO  com.ray.weixin.qy.service.message.reply.ReplyMessageService - Event:LOCATION  eventKey:null
2017-11-08 23:32:38.707 [http-apr-8080-exec-4] INFO  com.ray.weixin.qy.controller.WeiXinServlet - post--------------
2017-11-08 23:32:38.707 [http-apr-8080-exec-4] INFO  com.ray.weixin.qy.service.message.reply.ReplyMessageService - parms:{"msg_signature":["fae2086d85d7c9457ebcae32c14322b61624e99e"],"timestamp":["1510155158"],"nonce":["2134814071"]}
2017-11-08 23:32:38.707 [http-apr-8080-exec-4] INFO  com.ray.weixin.qy.service.message.reply.ReplyMessageService - postData:<xml><ToUserName><![CDATA[ww92f5da92bb24696e]]></ToUserName><Encrypt><![CDATA[QR89vmBk1s2t6YkxxEozKUv4A5sWTOb7tXFqdXrdsgnjCaPbYIRfGe0YssX81yOftuYLdCiPniTCNDpwpWr1tQyldY0JK3F/Q0R+RIGJgDYZtWnd4rjhf/aad+bfUzlcBtbj6nCOkJXlGCYrc+T2D+tpRUcSipuT3MKZlTPQSg+s801YsZE8t6sW+xBzqtTB6sXXPGIsvLGDvbz9dA6GR8aSlcknMPZbcvYYrVqjteI+G17XnbRiyJsbynRAIktuguSNyUA5cXj3sgBSYEq9a1atV0RHb5YkSaxPQxyPAB4BikuznUql+7ZLVAtN947S8wsJ9t2XtJ8RjikuYAlr5P0bd4zvSPBJvRL4GfwuCefsgY5fy+0fKLcrK4Cw7U+B/7w2D4H73c6xP5tdg9TPrCtqKDTdwQ55F3Gcn3FRrocIYa0QPcgetEc0EFjfUQEo9mvSa9Bm2yVXIQjg28gd6FEgzZCGzU9IcMn0nPklTUNW2cBQQEmORKuUErlKHzWe]]></Encrypt><AgentID><![CDATA[1000002]]></AgentID></xml>
2017-11-08 23:32:38.708 [http-apr-8080-exec-4] INFO  com.ray.weixin.qy.service.message.reply.ReplyMessageService - reply_xmlMsg:<xml><ToUserName><![CDATA[ww92f5da92bb24696e]]></ToUserName><FromUserName><![CDATA[ShiRui]]></FromUserName><CreateTime>1510155158</CreateTime><MsgType><![CDATA[event]]></MsgType><AgentID>1000002</AgentID><Event><![CDATA[LOCATION]]></Event><Latitude>31.1615</Latitude><Longitude>121.142</Longitude><Precision>15</Precision></xml>
2017-11-08 23:32:38.709 [http-apr-8080-exec-4] INFO  com.ray.weixin.qy.service.message.reply.ReplyMessageService - fromUserName:ShiRui
2017-11-08 23:32:38.709 [http-apr-8080-exec-4] INFO  com.ray.weixin.qy.service.message.reply.ReplyMessageService - toUserName:ww92f5da92bb24696e
2017-11-08 23:32:38.710 [http-apr-8080-exec-4] INFO  com.ray.weixin.qy.service.message.reply.ReplyMessageService - msgType:event
2017-11-08 23:32:38.710 [http-apr-8080-exec-4] INFO  com.ray.weixin.qy.service.message.reply.ReplyMessageService - Event:LOCATION  eventKey:null
2017-11-08 23:32:43.930 [http-apr-8080-exec-9] INFO  com.ray.weixin.qy.controller.WeiXinServlet - post--------------
2017-11-08 23:32:43.931 [http-apr-8080-exec-9] INFO  com.ray.weixin.qy.service.message.reply.ReplyMessageService - parms:{"msg_signature":["f91fc0d183ed1ee3186d4d05be2d9b33365d3718"],"timestamp":["1510155163"],"nonce":["678447165"]}
2017-11-08 23:32:43.932 [http-apr-8080-exec-9] INFO  com.ray.weixin.qy.service.message.reply.ReplyMessageService - postData:<xml><ToUserName><![CDATA[ww92f5da92bb24696e]]></ToUserName><Encrypt><![CDATA[+PbNeRDykBSTm/mqi8xzNFFk6sjzyRxX0czAvhcvE6ldbo1y4rkCDYcKnWcBPUhzXWzgnDWyeEa87PZ/WKD223g++bXLQaR3fC6N0yW5mYkfKwjOZDG1ci/f1+VPxcb9kf96TtqnCRXn85K5mzahKvkiYJJmTmBFsSfQ2B1HQbqVzHJ3KhK3R0UfT+Wb8uVzZa8W5CYQTxccyqfY+lLtOaVRQSx+lHTdF5nG1npv93HsG9Ifjz+RdeEMPzSl/l6VtOIWjmG8pCszeK45HjPBpTZsg/xPRocHoZzfz9u30GllTelLYBIpwDy6vMfNGKY++S5HyJ3mI3Q2b6TfbEvu0mmCOKeaPamtNi8QJpj4OS2xuHANktamTGFVJZTneDM4lM6eyEox5HplEMtbBM5U1PwKxutf5LTEzwLWlRUt/MwthAu2dCsAYjiLEFjAPm/5IhN9BB7DtC9pgNFO7PQlNLGQeQSfuZPpbeJstUehB3r67WhlVPUinCtIpatYO7mH]]></Encrypt><AgentID><![CDATA[1000002]]></AgentID></xml>
2017-11-08 23:32:43.936 [http-apr-8080-exec-9] INFO  com.ray.weixin.qy.service.message.reply.ReplyMessageService - reply_xmlMsg:<xml><ToUserName><![CDATA[ww92f5da92bb24696e]]></ToUserName><FromUserName><![CDATA[ShiRui]]></FromUserName><CreateTime>1510155163</CreateTime><MsgType><![CDATA[event]]></MsgType><AgentID>1000002</AgentID><Event><![CDATA[LOCATION]]></Event><Latitude>31.1615</Latitude><Longitude>121.142</Longitude><Precision>15</Precision></xml>
2017-11-08 23:32:43.938 [http-apr-8080-exec-9] INFO  com.ray.weixin.qy.service.message.reply.ReplyMessageService - fromUserName:ShiRui
2017-11-08 23:32:43.939 [http-apr-8080-exec-9] INFO  com.ray.weixin.qy.service.message.reply.ReplyMessageService - toUserName:ww92f5da92bb24696e
2017-11-08 23:32:43.939 [http-apr-8080-exec-9] INFO  com.ray.weixin.qy.service.message.reply.ReplyMessageService - msgType:event
2017-11-08 23:32:43.939 [http-apr-8080-exec-9] INFO  com.ray.weixin.qy.service.message.reply.ReplyMessageService - Event:LOCATION  eventKey:null
2017-11-08 23:32:48.750 [http-apr-8080-exec-8] INFO  com.ray.weixin.qy.controller.WeiXinServlet - post--------------
2017-11-08 23:32:48.751 [http-apr-8080-exec-8] INFO  com.ray.weixin.qy.service.message.reply.ReplyMessageService - parms:{"msg_signature":["cee7c237d505606f3178d3a9a1f8e572b6413c7f"],"timestamp":["1510155168"],"nonce":["1451678685"]}
2017-11-08 23:32:48.753 [http-apr-8080-exec-8] INFO  com.ray.weixin.qy.service.message.reply.ReplyMessageService - postData:<xml><ToUserName><![CDATA[ww92f5da92bb24696e]]></ToUserName><Encrypt><![CDATA[86lrE9LPIbL0760TW7spe+VyjVcsG5ww4PG+msIrfSAl8eJ/PcSHp1QbsWdwLVgbMCFoatcwNJOxuiAM9KDzHb/ovDrFPKj18O984JGSNQqSBpYJu2ySQ/gwITqCFmSy+FdqsBoJiJ7H+9AsroZvBFj+jIUkMfoHhEslpHcScl8CQrx4phpVZg0wr/NvsR/9FviPeQAV2S3qi4R3Po++OeH8bQQyb7IxCspBNMLKSUDzZw8dqk9KJ4sEpYRld+B+fskmwWO69Y2n+ew/IWa0SZOk+GrPxgjx7rH3v8HYhHWYIkvm/3ZzJXFiVnq5qgk4J9NBRn6HK3grUU5IiOOSeg2WYrVCJb8229sjOoIE8EwT61CEpp2ngkPqDnDfAax0e8XfTGo12d/QGEe1X4v2WDcOlf/83YWPEtP1U7LIBKOSi0yvLvuGLgpB+xxEwwzRsIAWerLDChY85rJ9pNpoajfP6y7EgYdTAObDytu15+vr9GeyJTt4/qpX9utgx952]]></Encrypt><AgentID><![CDATA[1000002]]></AgentID></xml>
2017-11-08 23:32:48.756 [http-apr-8080-exec-8] INFO  com.ray.weixin.qy.service.message.reply.ReplyMessageService - reply_xmlMsg:<xml><ToUserName><![CDATA[ww92f5da92bb24696e]]></ToUserName><FromUserName><![CDATA[ShiRui]]></FromUserName><CreateTime>1510155168</CreateTime><MsgType><![CDATA[event]]></MsgType><AgentID>1000002</AgentID><Event><![CDATA[LOCATION]]></Event><Latitude>31.1615</Latitude><Longitude>121.142</Longitude><Precision>15</Precision></xml>
2017-11-08 23:32:48.760 [http-apr-8080-exec-8] INFO  com.ray.weixin.qy.service.message.reply.ReplyMessageService - fromUserName:ShiRui
2017-11-08 23:32:48.760 [http-apr-8080-exec-8] INFO  com.ray.weixin.qy.service.message.reply.ReplyMessageService - toUserName:ww92f5da92bb24696e
2017-11-08 23:32:48.761 [http-apr-8080-exec-8] INFO  com.ray.weixin.qy.service.message.reply.ReplyMessageService - msgType:event
2017-11-08 23:32:48.761 [http-apr-8080-exec-8] INFO  com.ray.weixin.qy.service.message.reply.ReplyMessageService - Event:LOCATION  eventKey:null
