2017-11-09 11:23:02.503 [http-apr-8080-exec-8] INFO  com.ray.weixin.qy.controller.WeiXinServlet - post--------------
2017-11-09 11:23:02.507 [http-apr-8080-exec-8] INFO  com.ray.weixin.qy.service.message.reply.ReplyMessageService - parms:{"msg_signature":["845c83635c357189587a2e404efd365a4af682ba"],"timestamp":["1510197781"],"nonce":["2072487608"]}
2017-11-09 11:23:02.507 [http-apr-8080-exec-8] INFO  com.ray.weixin.qy.service.message.reply.ReplyMessageService - postData:<xml><ToUserName><![CDATA[ww92f5da92bb24696e]]></ToUserName><Encrypt><![CDATA[qjgrWtJQ+WZGYztSLEq9AkXc0kquJ6aX9bYz6iD91+uSw1u5LACMF/zIhuf6h0hKXNZrzgrc474bjUOW6JOaUw9djixWFzg8S1MG/MpTwdTG37HREPKazaKj3hapB/2YsxOTliqDgROHlh6t8kFGaI4H9Fht15e1+PYffQHG7W1Ox0nbO4PqbdE0qrqeRljq3M3fMZv5nk1mGCHjHmF8yNP66GEKBq8bzjNPnuO0piIfEbMN1C7CkJjhoj6xsxa59gxNlhbiT9LgEDuDZ/kefzJ2kw+J9v+Ge0PbYFjq5b043Vl/Jex/NDrzvtDKbaS4vZsYwWJR9e0Jm2Ej8HsiafgyICHIzqHYCoEqixtLCZY+cpiXWGaDeVseXODRLtYCvSJ0XHJHHUuPH/WbcF9E+ns4HSKpqiajOUaySImP8ThvOpRaLbWZmfJzDUD8uicLp6XFMJso1jbpOUIohCHbV6YeQeOqZ93u855UCXf4ykJW7b1mwQW+vpEWywUqXoQB]]></Encrypt><AgentID><![CDATA[1000002]]></AgentID></xml>
2017-11-09 11:23:02.513 [http-apr-8080-exec-8] INFO  com.ray.weixin.qy.service.message.reply.ReplyMessageService - reply_xmlMsg:<xml><ToUserName><![CDATA[ww92f5da92bb24696e]]></ToUserName><FromUserName><![CDATA[ShiRui]]></FromUserName><CreateTime>1510197781</CreateTime><MsgType><![CDATA[event]]></MsgType><AgentID>1000002</AgentID><Event><![CDATA[LOCATION]]></Event><Latitude>31.1676</Latitude><Longitude>121.156</Longitude><Precision>15</Precision></xml>
2017-11-09 11:23:02.514 [http-apr-8080-exec-8] INFO  com.ray.weixin.qy.service.message.reply.ReplyMessageService - fromUserName:ShiRui
2017-11-09 11:23:02.515 [http-apr-8080-exec-8] INFO  com.ray.weixin.qy.service.message.reply.ReplyMessageService - toUserName:ww92f5da92bb24696e
2017-11-09 11:23:02.515 [http-apr-8080-exec-8] INFO  com.ray.weixin.qy.service.message.reply.ReplyMessageService - msgType:event
2017-11-09 11:23:02.515 [http-apr-8080-exec-8] INFO  com.ray.weixin.qy.service.message.reply.ReplyMessageService - Event:LOCATION  eventKey:null
2017-11-09 11:23:07.453 [http-apr-8080-exec-7] INFO  com.ray.weixin.qy.controller.WeiXinServlet - post--------------
2017-11-09 11:23:07.453 [http-apr-8080-exec-7] INFO  com.ray.weixin.qy.service.message.reply.ReplyMessageService - parms:{"msg_signature":["540901aa01ffde71c560adf89e1044d5e5151b2f"],"timestamp":["1510197786"],"nonce":["1808406110"]}
2017-11-09 11:23:07.453 [http-apr-8080-exec-7] INFO  com.ray.weixin.qy.service.message.reply.ReplyMessageService - postData:<xml><ToUserName><![CDATA[ww92f5da92bb24696e]]></ToUserName><Encrypt><![CDATA[GUkPFK4MZ6c1CPKVHHRRozx19KSUq3g06JnWyNYZuDrPYNZ79HA/UjTjFqhBoWBgeGwtXahRfSATW1ybK7wMEN8jTmJ+vcpLfbVT8Xdghfg5pDj0Ifcwsjmd/xdQ0Ak3p/cNE/OEXd/SwdgqoYKvuMmwkFI9ixTffvCuL0WgY6xVwx+ttHxMN69HiVTXVbbA9guvCjSKS3yRIkpeD5S+9kwqBYxd8Y1tClx41GMXMOmDDPKL9djCen7PVj2IzRAb99USjj/gaceYYGSSiDlZHfuAj/aZNNdB4jnJeQbmU7CVH02dWNRgBI8XLvl8wVjjgm7n/CrSYYKMzgWC4gONdnEdtVXK0xbEGDQDZiEvjRXc/3qQQ/n+3jrRUf6IxIpS5ma07UHENDEHgKtVHcFhmRtfo89APRQmnxJsLq9WuX1/Iwpggj09Nw9rCXWnSTyjpfMovqAELh6Y1JATDDeeY77UMc0x+dD6Q6WGTy9/arGe+Pky+jC8xhc9dk4lXkeH]]></Encrypt><AgentID><![CDATA[1000002]]></AgentID></xml>
2017-11-09 11:23:07.455 [http-apr-8080-exec-7] INFO  com.ray.weixin.qy.service.message.reply.ReplyMessageService - reply_xmlMsg:<xml><ToUserName><![CDATA[ww92f5da92bb24696e]]></ToUserName><FromUserName><![CDATA[ShiRui]]></FromUserName><CreateTime>1510197786</CreateTime><MsgType><![CDATA[event]]></MsgType><AgentID>1000002</AgentID><Event><![CDATA[LOCATION]]></Event><Latitude>31.1676</Latitude><Longitude>121.156</Longitude><Precision>15</Precision></xml>
2017-11-09 11:23:07.456 [http-apr-8080-exec-7] INFO  com.ray.weixin.qy.service.message.reply.ReplyMessageService - fromUserName:ShiRui
2017-11-09 11:23:07.456 [http-apr-8080-exec-7] INFO  com.ray.weixin.qy.service.message.reply.ReplyMessageService - toUserName:ww92f5da92bb24696e
2017-11-09 11:23:07.456 [http-apr-8080-exec-7] INFO  com.ray.weixin.qy.service.message.reply.ReplyMessageService - msgType:event
2017-11-09 11:23:07.456 [http-apr-8080-exec-7] INFO  com.ray.weixin.qy.service.message.reply.ReplyMessageService - Event:LOCATION  eventKey:null
2017-11-09 11:23:12.493 [http-apr-8080-exec-1] INFO  com.ray.weixin.qy.controller.WeiXinServlet - post--------------
2017-11-09 11:23:12.493 [http-apr-8080-exec-1] INFO  com.ray.weixin.qy.service.message.reply.ReplyMessageService - parms:{"msg_signature":["3a1bb64c816161c872cb72157ffc783c55a6a289"],"timestamp":["1510197791"],"nonce":["299516963"]}
2017-11-09 11:23:12.493 [http-apr-8080-exec-1] INFO  com.ray.weixin.qy.service.message.reply.ReplyMessageService - postData:<xml><ToUserName><![CDATA[ww92f5da92bb24696e]]></ToUserName><Encrypt><![CDATA[ek4ypyiQP/67EKY8rO0fVaWhHO6YJ8zqf3geU8S/DVkS18SOZG8D1g5CGt06g2Peki1NQg0N1U9d0q5Vl87j+N/NV+Vsa3xO66EA2ks7RQE3OpaKFDO2dV54gLAcFKHsk/AjBPp5qIDnZjxMVWYLJOARgS/+Csh3ahzAW4svKLdyyaMW8NSTDK98cyTIQKKv8hW3u8XscMgtMaYpYyWXRSV16sSKUOAPEyD2PYzvJ8zmEN5QpJ7m7GW1CAJRkFyJvP90AjFrsLJ9Dfuw9Vctr9DMkTn+zKW1X/aaQp6hwNbb2XOFZcqb2+AXOHVt3PfB0MYdy06hiPxU0eVz6pHT+x40OnKQOlv3VqoKTtb5n2uM/utxTE7W+fMMXLx2sUjpfMaLAvll9E7D3J9cpNHZf31wPfWzV/z4at3bzU0aFJaS7jUr2AVfEwdd+snmVVGO13ZQFJubUN1AKC+5hK4sgH5ph7+4e0pH/Yima5ti+byrZ6MvOEgV5O4KX05QV4LV]]></Encrypt><AgentID><![CDATA[1000002]]></AgentID></xml>
2017-11-09 11:23:12.494 [http-apr-8080-exec-1] INFO  com.ray.weixin.qy.service.message.reply.ReplyMessageService - reply_xmlMsg:<xml><ToUserName><![CDATA[ww92f5da92bb24696e]]></ToUserName><FromUserName><![CDATA[ShiRui]]></FromUserName><CreateTime>1510197791</CreateTime><MsgType><![CDATA[event]]></MsgType><AgentID>1000002</AgentID><Event><![CDATA[LOCATION]]></Event><Latitude>31.1676</Latitude><Longitude>121.156</Longitude><Precision>15</Precision></xml>
2017-11-09 11:23:12.496 [http-apr-8080-exec-1] INFO  com.ray.weixin.qy.service.message.reply.ReplyMessageService - fromUserName:ShiRui
2017-11-09 11:23:12.496 [http-apr-8080-exec-1] INFO  com.ray.weixin.qy.service.message.reply.ReplyMessageService - toUserName:ww92f5da92bb24696e
2017-11-09 11:23:12.496 [http-apr-8080-exec-1] INFO  com.ray.weixin.qy.service.message.reply.ReplyMessageService - msgType:event
2017-11-09 11:23:12.496 [http-apr-8080-exec-1] INFO  com.ray.weixin.qy.service.message.reply.ReplyMessageService - Event:LOCATION  eventKey:null
2017-11-09 11:23:17.477 [http-apr-8080-exec-5] INFO  com.ray.weixin.qy.controller.WeiXinServlet - post--------------
2017-11-09 11:23:17.478 [http-apr-8080-exec-5] INFO  com.ray.weixin.qy.service.message.reply.ReplyMessageService - parms:{"msg_signature":["95e70496227ae4574cad2369f033b8ef70097604"],"timestamp":["1510197796"],"nonce":["836079805"]}
2017-11-09 11:23:17.478 [http-apr-8080-exec-5] INFO  com.ray.weixin.qy.service.message.reply.ReplyMessageService - postData:<xml><ToUserName><![CDATA[ww92f5da92bb24696e]]></ToUserName><Encrypt><![CDATA[bA3HSU3p2lf33gKB7cUYcJgrfHN0pHbwP1R6VSupmlkw/AIjSDGs2qgpFd5oLHj4D9rcee81xsWmAws2qm/oH7CLnONbHgQdYC+taFrWnsB1wi+H2shw45NTdXTPYfkn/oQYIS52TV8KenZirzQyGCLtLYol36gBGUtsJL7NI8drk3lobUX2CAAD9kib0uP28LZvVbt9zHrR5rosh7NUxsibdOBA5zpOo9B7FRy5J9zqre269i0YwbYCrOG16jQtzAZW+PHmH29ZUuJ+IoS8CTCc/8D2Khc1Zgwnzi5XfPdo3fCJ60rNbcdudyFO8pRWSaYeIsnIr4vQDNbio9ThCzQtT0HeBFWAnmkuV/boMyw8QEHrQjHjLfWssuYdDCHEDhaG/gJketbdjwEA6hlng4xYq0lryuTuF8afcgHOAnFh8D+HuYXukbzzEfo2sPwpHImOFxVuWhJTMrIJibR1t8xAPZqBFMrGevd9H4QyP5zfcDIiUhxZHBPY+XZ8wwZZ]]></Encrypt><AgentID><![CDATA[1000002]]></AgentID></xml>
2017-11-09 11:23:17.481 [http-apr-8080-exec-5] INFO  com.ray.weixin.qy.service.message.reply.ReplyMessageService - reply_xmlMsg:<xml><ToUserName><![CDATA[ww92f5da92bb24696e]]></ToUserName><FromUserName><![CDATA[ShiRui]]></FromUserName><CreateTime>1510197796</CreateTime><MsgType><![CDATA[event]]></MsgType><AgentID>1000002</AgentID><Event><![CDATA[LOCATION]]></Event><Latitude>31.1676</Latitude><Longitude>121.156</Longitude><Precision>15</Precision></xml>
2017-11-09 11:23:17.482 [http-apr-8080-exec-5] INFO  com.ray.weixin.qy.service.message.reply.ReplyMessageService - fromUserName:ShiRui
2017-11-09 11:23:17.482 [http-apr-8080-exec-5] INFO  com.ray.weixin.qy.service.message.reply.ReplyMessageService - toUserName:ww92f5da92bb24696e
2017-11-09 11:23:17.482 [http-apr-8080-exec-5] INFO  com.ray.weixin.qy.service.message.reply.ReplyMessageService - msgType:event
2017-11-09 11:23:17.483 [http-apr-8080-exec-5] INFO  com.ray.weixin.qy.service.message.reply.ReplyMessageService - Event:LOCATION  eventKey:null
2017-11-09 11:23:22.567 [http-apr-8080-exec-4] INFO  com.ray.weixin.qy.controller.WeiXinServlet - post--------------
2017-11-09 11:23:22.567 [http-apr-8080-exec-4] INFO  com.ray.weixin.qy.service.message.reply.ReplyMessageService - parms:{"msg_signature":["fd8981aad2e9bb2c050778eac2fd66bdf35d70c4"],"timestamp":["1510197802"],"nonce":["1184114363"]}
2017-11-09 11:23:22.568 [http-apr-8080-exec-4] INFO  com.ray.weixin.qy.service.message.reply.ReplyMessageService - postData:<xml><ToUserName><![CDATA[ww92f5da92bb24696e]]></ToUserName><Encrypt><![CDATA[WCZWlJDM9ObiQxpXLxIn+m8N2I3L22k6jv5oJTiK0XPmQ0SV7Z9W4H6xIXqGrckNSvnhBl6Kkn4e7dhJcOPQeh371ANW+xUbuZuXhw9wcp3aXC9GhT8vh/09vsibapBjAnPWysaswgkIyw0RdmNupXWTN/bHQ+ta9RyLxJZk+ILrlLNRgzL+F4f1WvBYOtbmPsyF8yNntebY5Q5YVyCv+HYWgV3R0fAtyWkTrYeQIRFQboK50OpZ+CkJeLyp7CUbaqlhWqmTaqAkAo6L2SdCe5kl0Bm0qvK69l8oV7WO//0PLG8gcK1n2Wf8U1HoEpuOET1/reTQEDpOM/HRCod+Qym6fmiZR0Cc6/AYE/AGavGAaqavS6jeVLFw5KsMGQ43v6rBzgc/BsqrqS0TEuA+sU7CKp/lES4OzBT3XL5VDTAM3anVebulikt+M1Uokvm7akandy3DGS+xwBE5wt5kEOQPYIa3F08AyyCf7GbD5fFOfMEMkZ0Ml7EPfUWOgA73]]></Encrypt><AgentID><![CDATA[1000002]]></AgentID></xml>
2017-11-09 11:23:22.569 [http-apr-8080-exec-4] INFO  com.ray.weixin.qy.service.message.reply.ReplyMessageService - reply_xmlMsg:<xml><ToUserName><![CDATA[ww92f5da92bb24696e]]></ToUserName><FromUserName><![CDATA[ShiRui]]></FromUserName><CreateTime>1510197801</CreateTime><MsgType><![CDATA[event]]></MsgType><AgentID>1000002</AgentID><Event><![CDATA[LOCATION]]></Event><Latitude>31.1676</Latitude><Longitude>121.156</Longitude><Precision>15</Precision></xml>
2017-11-09 11:23:22.570 [http-apr-8080-exec-4] INFO  com.ray.weixin.qy.service.message.reply.ReplyMessageService - fromUserName:ShiRui
2017-11-09 11:23:22.570 [http-apr-8080-exec-4] INFO  com.ray.weixin.qy.service.message.reply.ReplyMessageService - toUserName:ww92f5da92bb24696e
2017-11-09 11:23:22.571 [http-apr-8080-exec-4] INFO  com.ray.weixin.qy.service.message.reply.ReplyMessageService - msgType:event
2017-11-09 11:23:22.571 [http-apr-8080-exec-4] INFO  com.ray.weixin.qy.service.message.reply.ReplyMessageService - Event:LOCATION  eventKey:null
2017-11-09 11:23:27.657 [http-apr-8080-exec-8] INFO  com.ray.weixin.qy.controller.WeiXinServlet - post--------------
2017-11-09 11:23:27.657 [http-apr-8080-exec-8] INFO  com.ray.weixin.qy.service.message.reply.ReplyMessageService - parms:{"msg_signature":["c2e6e07e11a51155d99c3f475185a17a5c5f5eb7"],"timestamp":["1510197807"],"nonce":["58872801"]}
2017-11-09 11:23:27.658 [http-apr-8080-exec-8] INFO  com.ray.weixin.qy.service.message.reply.ReplyMessageService - postData:<xml><ToUserName><![CDATA[ww92f5da92bb24696e]]></ToUserName><Encrypt><![CDATA[0M9POcL2Ntq5nAWg38pf0cNDXss3nDnWyTnG4xrhxykSAzNJG47R7V3l6eOrjGJicLp7SKpPdZy3w4lIkAyMslgfHN8G6Og3xUUd8k8d+BV94v28AjHrRmiuJe5IOdajep+8viy1eLfTpTdvWSBRKgcGqjiOF4gN/L85/FTi+QVSSEx2by5rc0Cq19pYz+ahRHjYhjNPLzzHn2goFrQMYLAS6vkq2RnT7OAIO5Vd5nr5bPaCBmSe0gdZP4mCft3KtvVYsTNvAGiDZvIZSLKH2XnpJI1NSPqy0UBJkyWdSZm+PkN0T4G13/buUHCIYe/3tqiS0tr99++Xkfy+f0eoU+d/RgeumON66UgjXnvyqt9R+avg0WcHtYc79hJbDTa+jybb0aGetVo4JYavy+aGMtRAzp5xBo0nXmz4ZmaQWHAqUjmezZp8/jTV4OEswcMaOrpJfxo6hf0sVw+n2u6Z1LoIl+JF0OIj7sWN2lNnqbsDg3VbhCVDhxF7li+s6Td4]]></Encrypt><AgentID><![CDATA[1000002]]></AgentID></xml>
2017-11-09 11:23:27.658 [http-apr-8080-exec-8] INFO  com.ray.weixin.qy.service.message.reply.ReplyMessageService - reply_xmlMsg:<xml><ToUserName><![CDATA[ww92f5da92bb24696e]]></ToUserName><FromUserName><![CDATA[ShiRui]]></FromUserName><CreateTime>1510197807</CreateTime><MsgType><![CDATA[event]]></MsgType><AgentID>1000002</AgentID><Event><![CDATA[LOCATION]]></Event><Latitude>31.1676</Latitude><Longitude>121.156</Longitude><Precision>15</Precision></xml>
2017-11-09 11:23:27.659 [http-apr-8080-exec-8] INFO  com.ray.weixin.qy.service.message.reply.ReplyMessageService - fromUserName:ShiRui
2017-11-09 11:23:27.659 [http-apr-8080-exec-8] INFO  com.ray.weixin.qy.service.message.reply.ReplyMessageService - toUserName:ww92f5da92bb24696e
2017-11-09 11:23:27.659 [http-apr-8080-exec-8] INFO  com.ray.weixin.qy.service.message.reply.ReplyMessageService - msgType:event
2017-11-09 11:23:27.659 [http-apr-8080-exec-8] INFO  com.ray.weixin.qy.service.message.reply.ReplyMessageService - Event:LOCATION  eventKey:null
2017-11-09 11:23:30.596 [http-apr-8080-exec-7] INFO  com.ray.weixin.qy.controller.WeiXinServlet - post--------------
2017-11-09 11:23:30.596 [http-apr-8080-exec-7] INFO  com.ray.weixin.qy.service.message.reply.ReplyMessageService - parms:{"msg_signature":["808ff64106638e7ee8000107858d0de204d7f078"],"timestamp":["1510197810"],"nonce":["688205338"]}
2017-11-09 11:23:30.596 [http-apr-8080-exec-7] INFO  com.ray.weixin.qy.service.message.reply.ReplyMessageService - postData:<xml><ToUserName><![CDATA[ww92f5da92bb24696e]]></ToUserName><Encrypt><![CDATA[4XrAowXqvAv57nB7CACqJEMAMEmn1BvW2YO4JxmIe/mFxEJ4I/At8yjBhE5FppV8zsFyrp4Ke7Lcgl+AssTNSqxfQqkfZ+9USM3iF0NkZzyyr0D0/2ggMs2ARgKqXIUErGGc42YISPNBFvvm/dfJwO4+0fOGk7x/lPePX8EaPQX8nKjl82xDrFCCTh5T8123fWpOIyTCZmiOW7UQUWyt2gkQ3jUkZ98xCIel1K8Qs9Mqpq7ldQRSxwIQSh5uaoJPp7z4Q/NdWXdjZZ2eNZskQZVUAZ7bc1wYwXEdOMGLDamDV9mecen51hrSECpVkIrCiJTBJCcGZwbFfCRSUl/2sR0xs2utkbxrD+xEKG2h2995Q/VRdx3xJR9ZVAICWjeadGr+oXkMXchCsYHTCbyAhQ6BUYq6ThzYFKkldw0DlTwxhufQ5UDG1USiE/qlI8lD1ptwNn9as/olUc7JR7Q6b8B08UR5zEOGc7a80PuWES3SLgUIP4YqylPvkbdKOj4P]]></Encrypt><AgentID><![CDATA[1000002]]></AgentID></xml>
2017-11-09 11:23:30.597 [http-apr-8080-exec-7] INFO  com.ray.weixin.qy.service.message.reply.ReplyMessageService - reply_xmlMsg:<xml><ToUserName><![CDATA[ww92f5da92bb24696e]]></ToUserName><FromUserName><![CDATA[ShiRui]]></FromUserName><CreateTime>1510197810</CreateTime><MsgType><![CDATA[event]]></MsgType><AgentID>1000002</AgentID><Event><![CDATA[LOCATION]]></Event><Latitude>31.1676</Latitude><Longitude>121.156</Longitude><Precision>15</Precision></xml>
2017-11-09 11:23:30.600 [http-apr-8080-exec-7] INFO  com.ray.weixin.qy.service.message.reply.ReplyMessageService - fromUserName:ShiRui
2017-11-09 11:23:30.600 [http-apr-8080-exec-7] INFO  com.ray.weixin.qy.service.message.reply.ReplyMessageService - toUserName:ww92f5da92bb24696e
2017-11-09 11:23:30.600 [http-apr-8080-exec-7] INFO  com.ray.weixin.qy.service.message.reply.ReplyMessageService - msgType:event
2017-11-09 11:23:30.600 [http-apr-8080-exec-7] INFO  com.ray.weixin.qy.service.message.reply.ReplyMessageService - Event:LOCATION  eventKey:null
2017-11-09 11:23:31.600 [http-apr-8080-exec-5] INFO  com.ray.weixin.qy.controller.WeiXinServlet - post--------------
2017-11-09 11:23:31.601 [http-apr-8080-exec-5] INFO  com.ray.weixin.qy.service.message.reply.ReplyMessageService - parms:{"msg_signature":["61edbb2dfcd2cd036964fc5211f36d5e6b8ffff6"],"timestamp":["1510197811"],"nonce":["519293034"]}
2017-11-09 11:23:31.601 [http-apr-8080-exec-5] INFO  com.ray.weixin.qy.service.message.reply.ReplyMessageService - postData:<xml><ToUserName><![CDATA[ww92f5da92bb24696e]]></ToUserName><Encrypt><![CDATA[5FkeFM1/IK+ZVLjfbZU8KnP0WDJyGOBjVfxkA4yEUlSK8X0y1/sVM3ooV2PvEEJipr1/GJlUkGR9RllzcMpfKBnqz3vxm+XB+Z7zEN24UFRmuN2eXZcfjtOErSW4MX/WsXg7B05a4kRsaTbwilc99rHUL5B+fqVI60+hwiMM26VVLwG+N17COKhM5DDMc1ZxuEM/L+7b48UXGhxUxhm48mGX0EOW4SG0LMLj1Vm1sPjgS5oCJTHgRZ7CVn1kSTwhbNGqcMxXsS1IDWa8xcrHB0zWEXsQsgINR7H2QJuWkjSWwRSrHWu3UAU7RlXuzD4v25fB7MnfZ8wbMkDTDSq8UeDVNKDO4CWDe08Ri3BPtDeooTofwMHxOKlFa1N+65FclgtEzW5OklwFF79KsJ0sYONkIeQ+6jGp8lNhhO6K7CqNnUb0PTr74xyn8SNVc2zN7DCzNRJqgarQOTXvA0RXj2G3JB7E/38k9SBRgnEiY+uB5NxpdE/zgH9HALcXmV/U]]></Encrypt><AgentID><![CDATA[1000002]]></AgentID></xml>
2017-11-09 11:23:31.603 [http-apr-8080-exec-5] INFO  com.ray.weixin.qy.service.message.reply.ReplyMessageService - reply_xmlMsg:<xml><ToUserName><![CDATA[ww92f5da92bb24696e]]></ToUserName><FromUserName><![CDATA[ShiRui]]></FromUserName><CreateTime>1510197811</CreateTime><MsgType><![CDATA[event]]></MsgType><AgentID>1000002</AgentID><Event><![CDATA[view]]></Event><EventKey><![CDATA[http://rayner.nat300.top/weixin_qy/showInvoice.jsp]]></EventKey></xml>
2017-11-09 11:23:31.604 [http-apr-8080-exec-5] INFO  com.ray.weixin.qy.service.message.reply.ReplyMessageService - fromUserName:ShiRui
2017-11-09 11:23:31.604 [http-apr-8080-exec-5] INFO  com.ray.weixin.qy.service.message.reply.ReplyMessageService - toUserName:ww92f5da92bb24696e
2017-11-09 11:23:31.604 [http-apr-8080-exec-5] INFO  com.ray.weixin.qy.service.message.reply.ReplyMessageService - msgType:event
2017-11-09 11:23:31.604 [http-apr-8080-exec-5] INFO  com.ray.weixin.qy.service.message.reply.ReplyMessageService - Event:view  eventKey:http://rayner.nat300.top/weixin_qy/showInvoice.jsp
2017-11-09 11:23:31.886 [http-apr-8080-exec-1] INFO  com.ray.weixin.qy.util.AuthHelper - jsonObject:{"errcode":0,"access_token":"RVUMhaz-QcALWPrIef8VlQayDM5w55oYDw5FrLAax9W4TOLAOXTnChxYEP2-74uxxPT2C9i1I9wewB97GuODOPyN3p7to4_wYWQ3cAQMv-owZeVpxS-gopdSUPHtRFsxqx5m0RnpBhh0BI0DFiUS85FISGwMzmvNvPe6ZvlKrM54gETQx1ZRdVGQSMHVYFzqZBb9C7q_gw-eZZ9u8Kqw4A","errmsg":"ok","expires_in":7200}
2017-11-09 11:23:32.306 [http-apr-8080-exec-1] INFO  com.ray.weixin.qy.util.AuthHelper - jsonObject:{"errcode":0,"ticket":"kgt8ON7yVITDhtdwci0qebCLEfC_BfeygIq8cFPLbdav_wS6aHw3IOuPFhwb5b37fHfTFdS6e23Vb_dbDCjTOg","errmsg":"ok","expires_in":7200}
2017-11-09 11:23:32.307 [http-apr-8080-exec-1] INFO  com.ray.weixin.qy.util.AuthHelper - url:http://rayner.nat300.top/weixin_qy/showInvoice.jsp
2017-11-09 11:23:32.307 [http-apr-8080-exec-1] INFO  com.ray.weixin.qy.util.AuthHelper - accessToken:RVUMhaz-QcALWPrIef8VlQayDM5w55oYDw5FrLAax9W4TOLAOXTnChxYEP2-74uxxPT2C9i1I9wewB97GuODOPyN3p7to4_wYWQ3cAQMv-owZeVpxS-gopdSUPHtRFsxqx5m0RnpBhh0BI0DFiUS85FISGwMzmvNvPe6ZvlKrM54gETQx1ZRdVGQSMHVYFzqZBb9C7q_gw-eZZ9u8Kqw4A
2017-11-09 11:23:32.307 [http-apr-8080-exec-1] INFO  com.ray.weixin.qy.util.AuthHelper - jsapi_ticket:kgt8ON7yVITDhtdwci0qebCLEfC_BfeygIq8cFPLbdav_wS6aHw3IOuPFhwb5b37fHfTFdS6e23Vb_dbDCjTOg
2017-11-09 11:23:32.307 [http-apr-8080-exec-1] INFO  com.ray.weixin.qy.util.AuthHelper - appId:ww92f5da92bb24696e
2017-11-09 11:23:32.307 [http-apr-8080-exec-1] INFO  com.ray.weixin.qy.util.AuthHelper - timestamp:1510197811
2017-11-09 11:23:32.307 [http-apr-8080-exec-1] INFO  com.ray.weixin.qy.util.AuthHelper - nonceStr:41cac309-df74-40d9-87c0-405bb9ceb925
2017-11-09 11:23:32.307 [http-apr-8080-exec-1] INFO  com.ray.weixin.qy.util.AuthHelper - signature:3562ac7e9add48fe5acb702c59e540723814d6f4
2017-11-09 11:23:32.307 [http-apr-8080-exec-1] INFO  com.ray.weixin.qy.util.AuthHelper - configValue:{"signature":"3562ac7e9add48fe5acb702c59e540723814d6f4","appId":"ww92f5da92bb24696e","nonceStr":"41cac309-df74-40d9-87c0-405bb9ceb925","timestamp":"1510197811"}
2017-11-09 11:23:32.581 [http-apr-8080-exec-1] INFO  com.ray.weixin.qy.util.AuthHelper - jsonObject:{"errcode":0,"access_token":"RVUMhaz-QcALWPrIef8VlQayDM5w55oYDw5FrLAax9W4TOLAOXTnChxYEP2-74uxxPT2C9i1I9wewB97GuODOPyN3p7to4_wYWQ3cAQMv-owZeVpxS-gopdSUPHtRFsxqx5m0RnpBhh0BI0DFiUS85FISGwMzmvNvPe6ZvlKrM54gETQx1ZRdVGQSMHVYFzqZBb9C7q_gw-eZZ9u8Kqw4A","errmsg":"ok","expires_in":7200}
2017-11-09 11:23:32.683 [http-apr-8080-exec-1] INFO  com.ray.weixin.qy.util.AuthHelper - 获取授权页ticket失败
2017-11-09 11:23:32.684 [http-apr-8080-exec-1] INFO  com.ray.weixin.qy.util.AuthHelper - 获取发票签名失败
2017-11-09 11:23:32.685 [http-apr-8080-exec-1] INFO  com.ray.weixin.qy.util.AuthHelper - apiTicket:null
2017-11-09 11:23:32.685 [http-apr-8080-exec-1] INFO  com.ray.weixin.qy.util.AuthHelper - appId:ww92f5da92bb24696e
2017-11-09 11:23:32.686 [http-apr-8080-exec-1] INFO  com.ray.weixin.qy.util.AuthHelper - timeStamp:1510197812
2017-11-09 11:23:32.686 [http-apr-8080-exec-1] INFO  com.ray.weixin.qy.util.AuthHelper - nonceStr:200dbe1c-20db-40cc-b283-9b2e577cb588
2017-11-09 11:23:32.686 [http-apr-8080-exec-1] INFO  com.ray.weixin.qy.util.AuthHelper - cardType:INVOICE
2017-11-09 11:23:32.686 [http-apr-8080-exec-1] INFO  com.ray.weixin.qy.util.AuthHelper - cardSign:null
2017-11-09 11:23:32.686 [http-apr-8080-exec-1] INFO  com.ray.weixin.qy.util.AuthHelper - signType:SHA1
2017-11-09 11:23:32.686 [http-apr-8080-exec-1] INFO  com.ray.weixin.qy.util.AuthHelper - configValue:{"signType":"SHA1","nonceStr":"200dbe1c-20db-40cc-b283-9b2e577cb588","timestamp":"1510197812"}
2017-11-09 11:23:35.416 [http-apr-8080-exec-6] INFO  com.ray.weixin.qy.controller.WeiXinServlet - post--------------
2017-11-09 11:23:35.417 [http-apr-8080-exec-6] INFO  com.ray.weixin.qy.service.message.reply.ReplyMessageService - parms:{"msg_signature":["4dc857fa8c15386d32f4d08b9f97a5fdb63dcdbf"],"timestamp":["1510197814"],"nonce":["1620665690"]}
2017-11-09 11:23:35.417 [http-apr-8080-exec-6] INFO  com.ray.weixin.qy.service.message.reply.ReplyMessageService - postData:<xml><ToUserName><![CDATA[ww92f5da92bb24696e]]></ToUserName><Encrypt><![CDATA[c9fNUkp6rF+jRbR15Oset/yc19/C7ePgZOTLhA/9vDhP3ImOkROqJ2siXfUggPJqppXhO6uk8BY5xpkhLPkzLiLQNmknH34OyVYccANtPzhtxAHIWp58UwbBNpjnycGdi5NbcA9nT6gHW5k565jqemJzqaDRI9UeKSVWtsW5vYQM4VcMFGP4+crhwhjnx1Rza7A3YlIawWuB8Fs8Cb3Tq8o0vYQfzGTjGGCtJ+lDb3TfwyZwL3tcFttlXsvHHh5RBNRpi3nh0B2io9AvV44VYrDe6MRuTsNl/7f9CjJv9g7t6J4gojuvdC975tLpAnpm+QFovVZ5et32KJAYUtuNLWWgvZdkMKsuEOcLbDrfhVluhYYiOoqWBn7pdwU0d9WgJPckNrrV+0Trr4GA7BtZah9Uzp3dlzY5sM9SBEbAWBTyUTaNEwD6ysQJOdqnrUbC7O+DJy/xLEtMBMPJGu6foq9QVtSESRU+PWKMRLOnyhmm28XXKsgFRfB47ikuGmRg]]></Encrypt><AgentID><![CDATA[1000002]]></AgentID></xml>
2017-11-09 11:23:35.420 [http-apr-8080-exec-6] INFO  com.ray.weixin.qy.service.message.reply.ReplyMessageService - reply_xmlMsg:<xml><ToUserName><![CDATA[ww92f5da92bb24696e]]></ToUserName><FromUserName><![CDATA[ShiRui]]></FromUserName><CreateTime>1510197814</CreateTime><MsgType><![CDATA[event]]></MsgType><AgentID>1000002</AgentID><Event><![CDATA[LOCATION]]></Event><Latitude>31.1676</Latitude><Longitude>121.156</Longitude><Precision>15</Precision></xml>
2017-11-09 11:23:35.422 [http-apr-8080-exec-6] INFO  com.ray.weixin.qy.service.message.reply.ReplyMessageService - fromUserName:ShiRui
2017-11-09 11:23:35.423 [http-apr-8080-exec-6] INFO  com.ray.weixin.qy.service.message.reply.ReplyMessageService - toUserName:ww92f5da92bb24696e
2017-11-09 11:23:35.423 [http-apr-8080-exec-6] INFO  com.ray.weixin.qy.service.message.reply.ReplyMessageService - msgType:event
2017-11-09 11:23:35.423 [http-apr-8080-exec-6] INFO  com.ray.weixin.qy.service.message.reply.ReplyMessageService - Event:LOCATION  eventKey:null
2017-11-09 11:23:40.438 [http-apr-8080-exec-2] INFO  com.ray.weixin.qy.controller.WeiXinServlet - post--------------
2017-11-09 11:23:40.439 [http-apr-8080-exec-2] INFO  com.ray.weixin.qy.service.message.reply.ReplyMessageService - parms:{"msg_signature":["35c52a0808141d1abc00868911ef3f6e28112135"],"timestamp":["1510197819"],"nonce":["2045580375"]}
2017-11-09 11:23:40.439 [http-apr-8080-exec-2] INFO  com.ray.weixin.qy.service.message.reply.ReplyMessageService - postData:<xml><ToUserName><![CDATA[ww92f5da92bb24696e]]></ToUserName><Encrypt><![CDATA[GcRfc6c/FdUfX6NNdpkEufe7Rb+uardfPFH6QIHmORYuJi+m1vWYCHpuvevnS4nwkE2q+tNrQRYLnmSAcSJ1oEI/cTJ71yx7DAvWYknZtnGaUdjEZOnqhLokAjkGWvHxIeZwQGIGGDuRAyikdaB9OUmZcbtkUkyacx/CLohpatTwXFiax5TwlDh0+EyG0ETM147m3m6Sqlc7uUa8kJcZyeErz+CaGpnhCKuwsD6UV+olKo0PU9eTOj7eefCh/tTrjgiwO3wS57cXGVToPipxS17ba5ClasLq+ag+pR44jyFkIU1cnXBxzPUQPuz8mPjA7H73sIv6DnqZlwZ6K48S6KZeSpPqi91PIXG3obXijmnWLueVUEPNLMYh1WuVEaC8qZKFTcVpXC+AOOFWbCa80Ekg0CWj93Thc72BCCF5/Mu0lMJ6SRkFe0Zbd3qikycErE21dZeNk5j+HbyLjEcF8OhxCI81M8/ZYuYYW0drbhTN8ShcMZyIT/qFFlLt22fC]]></Encrypt><AgentID><![CDATA[1000002]]></AgentID></xml>
2017-11-09 11:23:40.442 [http-apr-8080-exec-2] INFO  com.ray.weixin.qy.service.message.reply.ReplyMessageService - reply_xmlMsg:<xml><ToUserName><![CDATA[ww92f5da92bb24696e]]></ToUserName><FromUserName><![CDATA[ShiRui]]></FromUserName><CreateTime>1510197819</CreateTime><MsgType><![CDATA[event]]></MsgType><AgentID>1000002</AgentID><Event><![CDATA[LOCATION]]></Event><Latitude>31.1676</Latitude><Longitude>121.156</Longitude><Precision>15</Precision></xml>
2017-11-09 11:23:40.445 [http-apr-8080-exec-2] INFO  com.ray.weixin.qy.service.message.reply.ReplyMessageService - fromUserName:ShiRui
2017-11-09 11:23:40.445 [http-apr-8080-exec-2] INFO  com.ray.weixin.qy.service.message.reply.ReplyMessageService - toUserName:ww92f5da92bb24696e
2017-11-09 11:23:40.445 [http-apr-8080-exec-2] INFO  com.ray.weixin.qy.service.message.reply.ReplyMessageService - msgType:event
2017-11-09 11:23:40.445 [http-apr-8080-exec-2] INFO  com.ray.weixin.qy.service.message.reply.ReplyMessageService - Event:LOCATION  eventKey:null
2017-11-09 11:23:44.381 [http-apr-8080-exec-5] INFO  com.ray.weixin.qy.controller.WeiXinServlet - post--------------
2017-11-09 11:23:44.381 [http-apr-8080-exec-5] INFO  com.ray.weixin.qy.service.message.reply.ReplyMessageService - parms:{"msg_signature":["c71879c1dd6a5782964548eb600e011cd58414e1"],"timestamp":["1510197823"],"nonce":["1405009280"]}
2017-11-09 11:23:44.382 [http-apr-8080-exec-5] INFO  com.ray.weixin.qy.service.message.reply.ReplyMessageService - postData:<xml><ToUserName><![CDATA[ww92f5da92bb24696e]]></ToUserName><Encrypt><![CDATA[bbYNXGl6tVbZIE6G2KuErg4uqnGokL/qEqTsk0UfmxfbwpLG1PBlddElV4EjfclDFRx/ETSmqPuuuB++eu1aIeS71hIgisCsTtnkogfHGG0DUzYDGrBaLpx6AighycITk6A5IsLr7WE0SuLB+Qt2FFng1N1ucyC3wEDjyzv+1BLegUXMIInhueeCKJigpVhjweJtRPVoZGiPdT74t4bquxv0X8YMXK8gO730ziElHSYw3wwOHbwNCRxe1vEEYgsPR3aBmKCnZNI6dIE6K0GeiEVQwhkyFTWZI2eP0QYuf8dOSjnKpPejAxnfFByzQEugPzL3RItx5YOHSY3TQffqV3wY+u1MJQN1cgGq66JEkO+xSdS8znQOw6T0dPgndnDlNrwY0Tt9XnKq/F4KoRE+k9bpxXdpNpz+Nn4k+K43x43W0PA5EfCXZMKCeUXDxsU4UtVMaD+CrHIXIruMI+c+Y2zaEaxE5f0NHp3zK0+YhUNmClGDhdBSxzbzhOSX3BcZ]]></Encrypt><AgentID><![CDATA[1000002]]></AgentID></xml>
2017-11-09 11:23:44.384 [http-apr-8080-exec-5] INFO  com.ray.weixin.qy.service.message.reply.ReplyMessageService - reply_xmlMsg:<xml><ToUserName><![CDATA[ww92f5da92bb24696e]]></ToUserName><FromUserName><![CDATA[ShiRui]]></FromUserName><CreateTime>1510197823</CreateTime><MsgType><![CDATA[event]]></MsgType><AgentID>1000002</AgentID><Event><![CDATA[view]]></Event><EventKey><![CDATA[http://rayner.nat300.top/weixin_qy/showInvoice.jsp]]></EventKey></xml>
2017-11-09 11:23:44.385 [http-apr-8080-exec-5] INFO  com.ray.weixin.qy.service.message.reply.ReplyMessageService - fromUserName:ShiRui
2017-11-09 11:23:44.385 [http-apr-8080-exec-5] INFO  com.ray.weixin.qy.service.message.reply.ReplyMessageService - toUserName:ww92f5da92bb24696e
2017-11-09 11:23:44.385 [http-apr-8080-exec-5] INFO  com.ray.weixin.qy.service.message.reply.ReplyMessageService - msgType:event
2017-11-09 11:23:44.385 [http-apr-8080-exec-5] INFO  com.ray.weixin.qy.service.message.reply.ReplyMessageService - Event:view  eventKey:http://rayner.nat300.top/weixin_qy/showInvoice.jsp
2017-11-09 11:23:45.430 [http-apr-8080-exec-3] INFO  com.ray.weixin.qy.controller.WeiXinServlet - post--------------
2017-11-09 11:23:45.430 [http-apr-8080-exec-3] INFO  com.ray.weixin.qy.service.message.reply.ReplyMessageService - parms:{"msg_signature":["6df8ef604e03229ae1acf3eef722483d873fab0e"],"timestamp":["1510197824"],"nonce":["1932898055"]}
2017-11-09 11:23:45.430 [http-apr-8080-exec-3] INFO  com.ray.weixin.qy.service.message.reply.ReplyMessageService - postData:<xml><ToUserName><![CDATA[ww92f5da92bb24696e]]></ToUserName><Encrypt><![CDATA[aLOcaYMyxDybkqKE8bVXwNHicx1Xcg8CBAHFmSS2T1heDCqXMW2MJTK1veySmAqvIvY2Db2aRSdUSjfWaCWCYciDEUFEA0aCFxAfkd6Ij39hsKQcdpV3JzfN40C8/2y8Y/kCpP5zjD26AecWqGuF6fyqzeOd0U0cZ3IKw+YiQhInrQayetYsH82WGtEVZQuadMUc9C6CQCkCH3Bzpk8kuDs9lervynTXVlg6i2DRCV3REztSUCVT7ASfMxelBc/XQsYOAzjIVxvOvidPSKZX+AGdUaTuRkgt8G4pVfqJlJfbKSZ9YsAU7PnjtAyFdNw3uaoxZh2tnkUnoB8n5Le4gJQ2jia1hw4moNRcDTiBeVAzrgTsV/7uCuijtKeOjc35AP22nump5xojlT4fNPDgGJnL+JkHfVzLAecWWLt68FrRMyfIU28AvbSGwVMmsxh9dCj9W+G/ge0ao35+XI4nzF5VIEl6hgF/LRHmA1gnUSiOVCdtPafkYm/hdVIG4k58]]></Encrypt><AgentID><![CDATA[1000002]]></AgentID></xml>
2017-11-09 11:23:45.431 [http-apr-8080-exec-3] INFO  com.ray.weixin.qy.service.message.reply.ReplyMessageService - reply_xmlMsg:<xml><ToUserName><![CDATA[ww92f5da92bb24696e]]></ToUserName><FromUserName><![CDATA[ShiRui]]></FromUserName><CreateTime>1510197824</CreateTime><MsgType><![CDATA[event]]></MsgType><AgentID>1000002</AgentID><Event><![CDATA[LOCATION]]></Event><Latitude>31.1676</Latitude><Longitude>121.156</Longitude><Precision>15</Precision></xml>
2017-11-09 11:23:45.432 [http-apr-8080-exec-3] INFO  com.ray.weixin.qy.service.message.reply.ReplyMessageService - fromUserName:ShiRui
2017-11-09 11:23:45.432 [http-apr-8080-exec-3] INFO  com.ray.weixin.qy.service.message.reply.ReplyMessageService - toUserName:ww92f5da92bb24696e
2017-11-09 11:23:45.432 [http-apr-8080-exec-3] INFO  com.ray.weixin.qy.service.message.reply.ReplyMessageService - msgType:event
2017-11-09 11:23:45.432 [http-apr-8080-exec-3] INFO  com.ray.weixin.qy.service.message.reply.ReplyMessageService - Event:LOCATION  eventKey:null
2017-11-09 11:23:46.020 [http-apr-8080-exec-9] INFO  com.ray.weixin.qy.util.AuthHelper - jsonObject:{"errcode":0,"access_token":"RVUMhaz-QcALWPrIef8VlQayDM5w55oYDw5FrLAax9W4TOLAOXTnChxYEP2-74uxxPT2C9i1I9wewB97GuODOPyN3p7to4_wYWQ3cAQMv-owZeVpxS-gopdSUPHtRFsxqx5m0RnpBhh0BI0DFiUS85FISGwMzmvNvPe6ZvlKrM54gETQx1ZRdVGQSMHVYFzqZBb9C7q_gw-eZZ9u8Kqw4A","errmsg":"ok","expires_in":7200}
2017-11-09 11:23:46.220 [http-apr-8080-exec-6] INFO  com.ray.weixin.qy.controller.WeiXinServlet - post--------------
2017-11-09 11:23:46.220 [http-apr-8080-exec-6] INFO  com.ray.weixin.qy.service.message.reply.ReplyMessageService - parms:{"msg_signature":["9361612198ce98206e1af15ca15290fff27e382e"],"timestamp":["1510197825"],"nonce":["1505715588"]}
2017-11-09 11:23:46.221 [http-apr-8080-exec-6] INFO  com.ray.weixin.qy.service.message.reply.ReplyMessageService - postData:<xml><ToUserName><![CDATA[ww92f5da92bb24696e]]></ToUserName><Encrypt><![CDATA[NR/PQDAZEiYT0yFzottE2Px1kZlSDthIuL2nsiDP3U2qfzCiosO1/+SKj+Lw/Xr3MDaME+JAu/CwMVN7asj3cUEWQoUgBGyQSG15D7YEaanNI0JKj681FtR3KEL/y7nOyxJPFZgBU04SXOb8okRIsBpzKWB2A5z6SfsD/E3wiGotov695k7sOulzWsNbklIwkZMkwFOeBVaQYjZ+Kovh/SzyEfFNpBrL0lWoQ8aEA3b/Jo9PUW+++5mJ9B4E9mW9Nac/Um6iXicSuUXCoOwnFlXvdNQPiO0HuZminYdiVFMTtOc70XtlaH4Ntjw6R3xBwqj536Z2S6l2KVljNSbLRErVV7wXG9Mf2j72djzLd+Yqjab0W/Jc/J3FGLVuNHVmtD/f2usKjzQ5rxM9dMWFhwtqUCMNvKniKmQ5oUoKcW7k+KPox1mveEgChrFJQuMx8Xt+D2mEjG1m+ylwFzT01Jswd9pkY9l57kayKlgYFtiDAK30NTdOp0fOJaVKtxuM]]></Encrypt><AgentID><![CDATA[1000002]]></AgentID></xml>
2017-11-09 11:23:46.221 [http-apr-8080-exec-6] INFO  com.ray.weixin.qy.service.message.reply.ReplyMessageService - reply_xmlMsg:<xml><ToUserName><![CDATA[ww92f5da92bb24696e]]></ToUserName><FromUserName><![CDATA[ShiRui]]></FromUserName><CreateTime>1510197825</CreateTime><MsgType><![CDATA[event]]></MsgType><AgentID>1000002</AgentID><Event><![CDATA[LOCATION]]></Event><Latitude>31.1695</Latitude><Longitude>121.152</Longitude><Precision>0</Precision></xml>
2017-11-09 11:23:46.222 [http-apr-8080-exec-6] INFO  com.ray.weixin.qy.service.message.reply.ReplyMessageService - fromUserName:ShiRui
2017-11-09 11:23:46.222 [http-apr-8080-exec-6] INFO  com.ray.weixin.qy.service.message.reply.ReplyMessageService - toUserName:ww92f5da92bb24696e
2017-11-09 11:23:46.222 [http-apr-8080-exec-6] INFO  com.ray.weixin.qy.service.message.reply.ReplyMessageService - msgType:event
2017-11-09 11:23:46.222 [http-apr-8080-exec-6] INFO  com.ray.weixin.qy.service.message.reply.ReplyMessageService - Event:LOCATION  eventKey:null
2017-11-09 11:23:46.402 [http-apr-8080-exec-9] INFO  com.ray.weixin.qy.util.AuthHelper - jsonObject:{"errcode":0,"ticket":"kgt8ON7yVITDhtdwci0qebCLEfC_BfeygIq8cFPLbdav_wS6aHw3IOuPFhwb5b37fHfTFdS6e23Vb_dbDCjTOg","errmsg":"ok","expires_in":7200}
2017-11-09 11:23:46.402 [http-apr-8080-exec-9] INFO  com.ray.weixin.qy.util.AuthHelper - url:http://rayner.nat300.top/weixin_qy/showInvoice.jsp
2017-11-09 11:23:46.402 [http-apr-8080-exec-9] INFO  com.ray.weixin.qy.util.AuthHelper - accessToken:RVUMhaz-QcALWPrIef8VlQayDM5w55oYDw5FrLAax9W4TOLAOXTnChxYEP2-74uxxPT2C9i1I9wewB97GuODOPyN3p7to4_wYWQ3cAQMv-owZeVpxS-gopdSUPHtRFsxqx5m0RnpBhh0BI0DFiUS85FISGwMzmvNvPe6ZvlKrM54gETQx1ZRdVGQSMHVYFzqZBb9C7q_gw-eZZ9u8Kqw4A
2017-11-09 11:23:46.402 [http-apr-8080-exec-9] INFO  com.ray.weixin.qy.util.AuthHelper - jsapi_ticket:kgt8ON7yVITDhtdwci0qebCLEfC_BfeygIq8cFPLbdav_wS6aHw3IOuPFhwb5b37fHfTFdS6e23Vb_dbDCjTOg
2017-11-09 11:23:46.403 [http-apr-8080-exec-9] INFO  com.ray.weixin.qy.util.AuthHelper - appId:ww92f5da92bb24696e
2017-11-09 11:23:46.403 [http-apr-8080-exec-9] INFO  com.ray.weixin.qy.util.AuthHelper - timestamp:1510197825
2017-11-09 11:23:46.403 [http-apr-8080-exec-9] INFO  com.ray.weixin.qy.util.AuthHelper - nonceStr:0846ac1a-e12c-4fcc-839e-f4bb241afe48
2017-11-09 11:23:46.403 [http-apr-8080-exec-9] INFO  com.ray.weixin.qy.util.AuthHelper - signature:f84d2f6758229940fa1e5fee8dd5f2219e145237
2017-11-09 11:23:46.403 [http-apr-8080-exec-9] INFO  com.ray.weixin.qy.util.AuthHelper - configValue:{"signature":"f84d2f6758229940fa1e5fee8dd5f2219e145237","appId":"ww92f5da92bb24696e","nonceStr":"0846ac1a-e12c-4fcc-839e-f4bb241afe48","timestamp":"1510197825"}
2017-11-09 11:23:46.635 [http-apr-8080-exec-9] INFO  com.ray.weixin.qy.util.AuthHelper - jsonObject:{"errcode":0,"access_token":"RVUMhaz-QcALWPrIef8VlQayDM5w55oYDw5FrLAax9W4TOLAOXTnChxYEP2-74uxxPT2C9i1I9wewB97GuODOPyN3p7to4_wYWQ3cAQMv-owZeVpxS-gopdSUPHtRFsxqx5m0RnpBhh0BI0DFiUS85FISGwMzmvNvPe6ZvlKrM54gETQx1ZRdVGQSMHVYFzqZBb9C7q_gw-eZZ9u8Kqw4A","errmsg":"ok","expires_in":7200}
2017-11-09 11:23:46.725 [http-apr-8080-exec-9] INFO  com.ray.weixin.qy.util.AuthHelper - 获取授权页ticket失败
2017-11-09 11:23:46.726 [http-apr-8080-exec-9] INFO  com.ray.weixin.qy.util.AuthHelper - 获取发票签名失败
2017-11-09 11:23:46.726 [http-apr-8080-exec-9] INFO  com.ray.weixin.qy.util.AuthHelper - apiTicket:null
2017-11-09 11:23:46.726 [http-apr-8080-exec-9] INFO  com.ray.weixin.qy.util.AuthHelper - appId:ww92f5da92bb24696e
2017-11-09 11:23:46.726 [http-apr-8080-exec-9] INFO  com.ray.weixin.qy.util.AuthHelper - timeStamp:1510197826
2017-11-09 11:23:46.726 [http-apr-8080-exec-9] INFO  com.ray.weixin.qy.util.AuthHelper - nonceStr:625e3edd-afda-4ae4-b957-5780db345abb
2017-11-09 11:23:46.726 [http-apr-8080-exec-9] INFO  com.ray.weixin.qy.util.AuthHelper - cardType:INVOICE
2017-11-09 11:23:46.726 [http-apr-8080-exec-9] INFO  com.ray.weixin.qy.util.AuthHelper - cardSign:null
2017-11-09 11:23:46.727 [http-apr-8080-exec-9] INFO  com.ray.weixin.qy.util.AuthHelper - signType:SHA1
2017-11-09 11:23:46.727 [http-apr-8080-exec-9] INFO  com.ray.weixin.qy.util.AuthHelper - configValue:{"signType":"SHA1","nonceStr":"625e3edd-afda-4ae4-b957-5780db345abb","timestamp":"1510197826"}
2017-11-09 11:23:50.568 [http-apr-8080-exec-2] INFO  com.ray.weixin.qy.controller.WeiXinServlet - post--------------
2017-11-09 11:23:50.570 [http-apr-8080-exec-2] INFO  com.ray.weixin.qy.service.message.reply.ReplyMessageService - parms:{"msg_signature":["d5b31aac9c8935b7f80df2bf18311d4c968c8855"],"timestamp":["1510197830"],"nonce":["1291639705"]}
2017-11-09 11:23:50.570 [http-apr-8080-exec-2] INFO  com.ray.weixin.qy.service.message.reply.ReplyMessageService - postData:<xml><ToUserName><![CDATA[ww92f5da92bb24696e]]></ToUserName><Encrypt><![CDATA[gLDrzh912BieL4OkslXBIbSResb+Sn1O7yHvH8UDWkMn5Gz69fSqWZ8169pDnyHIvYYPQ7gj3HBHNYGTxmfF2ZZDdYyG0e0kw8jqpEXYgDliEG+7T5drpvshL/xX6eJllyRELZOJNw8pQjmkZkjwoglYd0KwnJopA/SfocJG0yhrOYvnJjZmm2b4FZC93g83T8z3PiTUHjRRNTpa3VJsIc8hu2QIvpsCt1Jtn0oMO7oeiLIP3Uc0ZkNBmoXdBYeLstUDHVvzj5UM+bW+6hr+B2eRZI0zoF1FGXIWNROjGApyghRJHDA/LIH6XGZduxgltVwv/RiqHAZTwmdsuJwrq02bZEJZUQ5HsAdoqCOepcPs/yU2Wg2YOYzLT0k2HPSS0M6BBrJx+PgRl2ITWFWavka1a4xKV5KlB00SZ+M55ePmXXhm5GKFMPNzH+v+DKduFKvZQkgTyxaIEXdVukLAMXdYqxgbYg2tKIpg5syTVGC32zQvL6vEUXYec49kdW0s]]></Encrypt><AgentID><![CDATA[1000002]]></AgentID></xml>
2017-11-09 11:23:50.571 [http-apr-8080-exec-2] INFO  com.ray.weixin.qy.service.message.reply.ReplyMessageService - reply_xmlMsg:<xml><ToUserName><![CDATA[ww92f5da92bb24696e]]></ToUserName><FromUserName><![CDATA[ShiRui]]></FromUserName><CreateTime>1510197829</CreateTime><MsgType><![CDATA[event]]></MsgType><AgentID>1000002</AgentID><Event><![CDATA[LOCATION]]></Event><Latitude>31.1676</Latitude><Longitude>121.156</Longitude><Precision>15</Precision></xml>
2017-11-09 11:23:50.572 [http-apr-8080-exec-2] INFO  com.ray.weixin.qy.service.message.reply.ReplyMessageService - fromUserName:ShiRui
2017-11-09 11:23:50.573 [http-apr-8080-exec-2] INFO  com.ray.weixin.qy.service.message.reply.ReplyMessageService - toUserName:ww92f5da92bb24696e
2017-11-09 11:23:50.573 [http-apr-8080-exec-2] INFO  com.ray.weixin.qy.service.message.reply.ReplyMessageService - msgType:event
2017-11-09 11:23:50.573 [http-apr-8080-exec-2] INFO  com.ray.weixin.qy.service.message.reply.ReplyMessageService - Event:LOCATION  eventKey:null
2017-11-09 11:23:55.559 [http-apr-8080-exec-3] INFO  com.ray.weixin.qy.controller.WeiXinServlet - post--------------
2017-11-09 11:23:55.559 [http-apr-8080-exec-3] INFO  com.ray.weixin.qy.service.message.reply.ReplyMessageService - parms:{"msg_signature":["eef8bc4a34e6b1dfa540dd04ebbebf8c324e9a8a"],"timestamp":["1510197835"],"nonce":["2115468818"]}
2017-11-09 11:23:55.560 [http-apr-8080-exec-3] INFO  com.ray.weixin.qy.service.message.reply.ReplyMessageService - postData:<xml><ToUserName><![CDATA[ww92f5da92bb24696e]]></ToUserName><Encrypt><![CDATA[A9lgJzAjZB/0DsdTYo7LYixEB49xOOC4c94s+PWo7gE+9wg9I9JU7iNZyhxTN6Nq1ZN3Rt+n+kH+WXzKzCQQqXKqvw5kbx9Dwhuy5adX45K596nDWxTWmubOw+9BzCRfWYQwAx9mvaXhqWxr7jUAVVICqrG+V38pg6na888QzCot44B2E3VGi1H5k/89pj9b9tQ2MzB0hQxgWqZfkrZsdg2muLoymvInPBD/HAsFsN4NXa2gCMX/snwaLsP+YCc7688rY41jnYy4T85ifLTZNvUpIjTkJJIb/JByUFaTqUTWU/C5mSIIUhrOF1PaPGjrdWJi18DQJ+1+ej08cYT+uwLjyX6l05D+AI8SjP+cPcgHtObDqvjC+MldtW6rfGGN6aGJqpFvb6fM5UW8YzOhHrvMEoWXg3XEeneH5JWGIC8ZeX9qRy6HgdPy/E4FqK3+2klJxlfQG0uMmGVqt3HRVj1lTuVsFLyJ4nc0ivluI6NZifRjZy/ATPFBESAo4UAl]]></Encrypt><AgentID><![CDATA[1000002]]></AgentID></xml>
2017-11-09 11:23:55.561 [http-apr-8080-exec-3] INFO  com.ray.weixin.qy.service.message.reply.ReplyMessageService - reply_xmlMsg:<xml><ToUserName><![CDATA[ww92f5da92bb24696e]]></ToUserName><FromUserName><![CDATA[ShiRui]]></FromUserName><CreateTime>1510197834</CreateTime><MsgType><![CDATA[event]]></MsgType><AgentID>1000002</AgentID><Event><![CDATA[LOCATION]]></Event><Latitude>31.1676</Latitude><Longitude>121.156</Longitude><Precision>15</Precision></xml>
2017-11-09 11:23:55.562 [http-apr-8080-exec-3] INFO  com.ray.weixin.qy.service.message.reply.ReplyMessageService - fromUserName:ShiRui
2017-11-09 11:23:55.562 [http-apr-8080-exec-3] INFO  com.ray.weixin.qy.service.message.reply.ReplyMessageService - toUserName:ww92f5da92bb24696e
2017-11-09 11:23:55.562 [http-apr-8080-exec-3] INFO  com.ray.weixin.qy.service.message.reply.ReplyMessageService - msgType:event
2017-11-09 11:23:55.562 [http-apr-8080-exec-3] INFO  com.ray.weixin.qy.service.message.reply.ReplyMessageService - Event:LOCATION  eventKey:null
