2017-11-08 23:21:11.685 [http-apr-8080-exec-7] INFO  com.ray.weixin.qy.controller.WeiXinServlet - post--------------
2017-11-08 23:21:11.685 [http-apr-8080-exec-6] INFO  com.ray.weixin.qy.controller.WeiXinServlet - post--------------
2017-11-08 23:21:11.685 [http-apr-8080-exec-5] INFO  com.ray.weixin.qy.controller.WeiXinServlet - post--------------
2017-11-08 23:21:11.798 [http-apr-8080-exec-5] INFO  com.ray.weixin.qy.service.message.reply.ReplyMessageService - parms:{"msg_signature":["2c1e60830f793591369da57955b1f3eb68b1256c"],"timestamp":["1510154457"],"nonce":["161333920"]}
2017-11-08 23:21:11.798 [http-apr-8080-exec-6] INFO  com.ray.weixin.qy.service.message.reply.ReplyMessageService - parms:{"msg_signature":["5f37121a28a69b868473bbd81d8d57e8f9e97bbf"],"timestamp":["1510154467"],"nonce":["1130301158"]}
2017-11-08 23:21:11.799 [http-apr-8080-exec-7] INFO  com.ray.weixin.qy.service.message.reply.ReplyMessageService - parms:{"msg_signature":["7216d4136909b658ddb537aaba552e3e6b043f36"],"timestamp":["1510154462"],"nonce":["539987361"]}
2017-11-08 23:21:11.800 [http-apr-8080-exec-7] INFO  com.ray.weixin.qy.service.message.reply.ReplyMessageService - postData:<xml><ToUserName><![CDATA[ww92f5da92bb24696e]]></ToUserName><Encrypt><![CDATA[xH9gbobUAORyC54lws/sVAC3oy5vnkVPkj0y0JWx6H3MMEgFZ309KbVcpWvsNKiCoWDrA6g+n7T4F/phCpEMqBvTXt6a5jCRLugf5ppj2oCa9/ogtylL80dxNu7o18wgnR0b+8xa49hN3dBciSeqUX3D1Vyx0c2QdDk4nPfmkcV2S7FwHIUj5hn9xx2EgmOWbvg/Dnt3gryhRK1bdGxmnavcCcTgkbGN0OyFw8CQgA4JSb99Xwob2j8rH+zbXHvDm4WW6JWJsFjEiqDGxU7DaB5WWI7aO9019CTVkwBMjYwWT9Fz2Up3Zk6CXjdsTd4gpx7qTvXQ9wgCC76iELzZOCL0tyfv6c6YPDcDAWffKoEfGhbNDtbfBYWb6oJAceKS0A8zLSMoJ4M6J1WA+NMhfI9I8WzOT5rO2lhXJRMAEnvxeC4n0Aa0JOB7LjoOstPIAnpxDo1O//2HEtV9yR/Weppz426tAHj0F2fadog6YpfR5xbDZ9/8NnPlmckeVVri]]></Encrypt><AgentID><![CDATA[1000002]]></AgentID></xml>
2017-11-08 23:21:11.801 [http-apr-8080-exec-5] INFO  com.ray.weixin.qy.service.message.reply.ReplyMessageService - postData:<xml><ToUserName><![CDATA[ww92f5da92bb24696e]]></ToUserName><Encrypt><![CDATA[2kbJ5LIyLnFh2ryuornyaq5OXqNtC1wHV4v7Dsg9+tB7yb/2eWokTTy0lVt2ORe03OpF/uz7MYAvyPwqpe8jfk1MfRwdatNRIr1zyFhh/AjWinfmQxQyA+5wS8rWF17Tvv21CFZXIl5Fcb5MEt4lRLZ+KyEnj/D8uaaU03C96d/7tlzGkr2IUFFyAp+DRppcJyyTs2MA8GFJZ8a8kVIy56m10VaXHTNksY3ya3Wjm/TjSVy7MrV2VXfoi8zfBoptPhppiqJxrgNckglc2tRBuwfx/u+oKG9DV2XBwjUgU/SlDlIozMJzsS1cuJgOFF25GHCWFUfa+PZTkiswajlAwV5f5hKK7uNSfMA184oVgHPc+tSOUFi5g2T/FL2hquVoipSUI1Exp8BCKeRslvre6V89qDSVFmHO/unw6USc8mOO4bz/3GEgcDCcOdKwfFdiSiJK69UjSQlFCD+d2SOS9CkTkwTw1JmM++vdbn+KcChyut7czsnvDmSq5rCT0pzu]]></Encrypt><AgentID><![CDATA[1000002]]></AgentID></xml>
2017-11-08 23:21:11.802 [http-apr-8080-exec-6] INFO  com.ray.weixin.qy.service.message.reply.ReplyMessageService - postData:<xml><ToUserName><![CDATA[ww92f5da92bb24696e]]></ToUserName><Encrypt><![CDATA[CU1+bHZcD9MXNSwkN/a7Bnz8yFNA5k/cqTWB0vcbKkdQIyeThpnOTs1uwUL9KyMFUbks6ygYWbvF1OP+ydWORFQqAF6s5zouCddm3pDtmZeig//4DKzJS6HAq2D0QtfNVO2I8U6mYoCzjEZlpsV1BgkSgcS2tQ3Ms5CgQzxQwpoGQKFGVHFioZTaN3g9Z4jrk5A9wMzs+j61LlFRDwDeiiNhNJSq576/YMWv4eHlQyBcnp27Yxzu7nTXkrDmxQsehTXpyD9QXSxoKUf0pKx46HiiPgcxDpP5hcgjz2mgTIJMogtPkhTNhiOsVqo5qhtK2fi3gdt7KrNKhMzI+W6idyfe0xOXOKq0NiezS1D2ZItOsDa2jJAtVnPEnOEYjEd3mbPqM1JNm79dzLmvi+PTxPAjhC5Uu6g/eSk3KY6dVY3Mejts9uGKDUDeCpuJvYKQV+6k2CbQAPVqkyvTJZ+BvCRHFhYKNjS9kXSavBO2YrQjH5qqIoREKVttuIQO1ciK]]></Encrypt><AgentID><![CDATA[1000002]]></AgentID></xml>
2017-11-08 23:21:12.518 [http-apr-8080-exec-6] INFO  com.ray.weixin.qy.service.message.reply.ReplyMessageService - reply_xmlMsg:<xml><ToUserName><![CDATA[ww92f5da92bb24696e]]></ToUserName><FromUserName><![CDATA[ShiRui]]></FromUserName><CreateTime>1510154467</CreateTime><MsgType><![CDATA[event]]></MsgType><AgentID>1000002</AgentID><Event><![CDATA[LOCATION]]></Event><Latitude>31.1615</Latitude><Longitude>121.142</Longitude><Precision>15</Precision></xml>
2017-11-08 23:21:12.518 [http-apr-8080-exec-5] INFO  com.ray.weixin.qy.service.message.reply.ReplyMessageService - reply_xmlMsg:<xml><ToUserName><![CDATA[ww92f5da92bb24696e]]></ToUserName><FromUserName><![CDATA[ShiRui]]></FromUserName><CreateTime>1510154457</CreateTime><MsgType><![CDATA[event]]></MsgType><AgentID>1000002</AgentID><Event><![CDATA[LOCATION]]></Event><Latitude>31.1615</Latitude><Longitude>121.142</Longitude><Precision>15</Precision></xml>
2017-11-08 23:21:12.518 [http-apr-8080-exec-7] INFO  com.ray.weixin.qy.service.message.reply.ReplyMessageService - reply_xmlMsg:<xml><ToUserName><![CDATA[ww92f5da92bb24696e]]></ToUserName><FromUserName><![CDATA[ShiRui]]></FromUserName><CreateTime>1510154462</CreateTime><MsgType><![CDATA[event]]></MsgType><AgentID>1000002</AgentID><Event><![CDATA[LOCATION]]></Event><Latitude>31.1615</Latitude><Longitude>121.142</Longitude><Precision>15</Precision></xml>
2017-11-08 23:21:12.793 [http-apr-8080-exec-6] INFO  com.ray.weixin.qy.service.message.reply.ReplyMessageService - fromUserName:ShiRui
2017-11-08 23:21:12.793 [http-apr-8080-exec-5] INFO  com.ray.weixin.qy.service.message.reply.ReplyMessageService - fromUserName:ShiRui
2017-11-08 23:21:12.793 [http-apr-8080-exec-6] INFO  com.ray.weixin.qy.service.message.reply.ReplyMessageService - toUserName:ww92f5da92bb24696e
2017-11-08 23:21:12.794 [http-apr-8080-exec-6] INFO  com.ray.weixin.qy.service.message.reply.ReplyMessageService - msgType:event
2017-11-08 23:21:12.794 [http-apr-8080-exec-6] INFO  com.ray.weixin.qy.service.message.reply.ReplyMessageService - Event:LOCATION  eventKey:null
2017-11-08 23:21:12.793 [http-apr-8080-exec-7] INFO  com.ray.weixin.qy.service.message.reply.ReplyMessageService - fromUserName:ShiRui
2017-11-08 23:21:12.794 [http-apr-8080-exec-7] INFO  com.ray.weixin.qy.service.message.reply.ReplyMessageService - toUserName:ww92f5da92bb24696e
2017-11-08 23:21:12.794 [http-apr-8080-exec-7] INFO  com.ray.weixin.qy.service.message.reply.ReplyMessageService - msgType:event
2017-11-08 23:21:12.794 [http-apr-8080-exec-7] INFO  com.ray.weixin.qy.service.message.reply.ReplyMessageService - Event:LOCATION  eventKey:null
2017-11-08 23:21:12.794 [http-apr-8080-exec-5] INFO  com.ray.weixin.qy.service.message.reply.ReplyMessageService - toUserName:ww92f5da92bb24696e
2017-11-08 23:21:12.795 [http-apr-8080-exec-5] INFO  com.ray.weixin.qy.service.message.reply.ReplyMessageService - msgType:event
2017-11-08 23:21:12.795 [http-apr-8080-exec-5] INFO  com.ray.weixin.qy.service.message.reply.ReplyMessageService - Event:LOCATION  eventKey:null
2017-11-08 23:21:13.253 [http-apr-8080-exec-9] INFO  com.ray.weixin.qy.controller.WeiXinServlet - post--------------
2017-11-08 23:21:13.254 [http-apr-8080-exec-9] INFO  com.ray.weixin.qy.service.message.reply.ReplyMessageService - parms:{"msg_signature":["f7f47d5ef9efe98fd2f7ee23a57f7c407b897a7f"],"timestamp":["1510154472"],"nonce":["2103428676"]}
2017-11-08 23:21:13.254 [http-apr-8080-exec-9] INFO  com.ray.weixin.qy.service.message.reply.ReplyMessageService - postData:<xml><ToUserName><![CDATA[ww92f5da92bb24696e]]></ToUserName><Encrypt><![CDATA[Jh+7gx+ecQFIlP8RA09qjooGrr9zWIhWVh192AqPexM52eirQuc/pQyREFIPYF/55N5KaK5oQhpKwzm5ldWJTA4jIvUCYPmbzpStNPcXaKQz/wxY6khfGHnno8HKV60ufZ80gmugtwOI576L1NDNT47gs/oMWAIPAUvU71HTMpNmF0D5XTKyQixWDaBZC5XMgOD5EJw/az6NQWPTsp6h/vKJat5tx/C9mr3X7/IeHu1IJX0UVipZzfSRAVQkHnVVdwc2H/DlQM0TOW1H6AoACxkqlw9Myvnv67He5KVb2ojLWRdtlyQvEankK1zuNaYtKdGeQp0KTsEcKNxHWMm9BGEDFK28WBD0RZ3wddFQ9xeo5n3yWmlIJ/ImY1q/0bgKRODfqxb0/e8bUt59uk//cskq+i+z4C4EUO4+U1CxmAXqlrwQVvdC3yOmbLqNtAx+WlkrGLkBJ/25rMF93RUfwHFCMSjs4sVpLAjjdSu5c552jCRpsphHbhy14yBoRBmd]]></Encrypt><AgentID><![CDATA[1000002]]></AgentID></xml>
2017-11-08 23:21:13.256 [http-apr-8080-exec-9] INFO  com.ray.weixin.qy.service.message.reply.ReplyMessageService - reply_xmlMsg:<xml><ToUserName><![CDATA[ww92f5da92bb24696e]]></ToUserName><FromUserName><![CDATA[ShiRui]]></FromUserName><CreateTime>1510154472</CreateTime><MsgType><![CDATA[event]]></MsgType><AgentID>1000002</AgentID><Event><![CDATA[LOCATION]]></Event><Latitude>31.1615</Latitude><Longitude>121.142</Longitude><Precision>15</Precision></xml>
2017-11-08 23:21:13.257 [http-apr-8080-exec-9] INFO  com.ray.weixin.qy.service.message.reply.ReplyMessageService - fromUserName:ShiRui
2017-11-08 23:21:13.257 [http-apr-8080-exec-9] INFO  com.ray.weixin.qy.service.message.reply.ReplyMessageService - toUserName:ww92f5da92bb24696e
2017-11-08 23:21:13.257 [http-apr-8080-exec-9] INFO  com.ray.weixin.qy.service.message.reply.ReplyMessageService - msgType:event
2017-11-08 23:21:13.258 [http-apr-8080-exec-9] INFO  com.ray.weixin.qy.service.message.reply.ReplyMessageService - Event:LOCATION  eventKey:null
2017-11-08 23:21:18.169 [http-apr-8080-exec-3] INFO  com.ray.weixin.qy.controller.WeiXinServlet - post--------------
2017-11-08 23:21:18.172 [http-apr-8080-exec-3] INFO  com.ray.weixin.qy.service.message.reply.ReplyMessageService - parms:{"msg_signature":["5cc65c0d11380c5986973d2099aba56b04f82870"],"timestamp":["1510154477"],"nonce":["769558505"]}
2017-11-08 23:21:18.173 [http-apr-8080-exec-3] INFO  com.ray.weixin.qy.service.message.reply.ReplyMessageService - postData:<xml><ToUserName><![CDATA[ww92f5da92bb24696e]]></ToUserName><Encrypt><![CDATA[b1xwzE7joW9KmIlmc8YzeL2USilKni9e+DSYZE5Mzi7yszXRCXewFcLTCsFeECAfZD6dzFdNRvdhItZOBDxIASLrm8fKMv4eddn7cc95I8irrjelFpEnPGGejmpe2qPkTUO7jb6JzTy4PNJ3r4jH9JfIANFbruaW7xP+dQN0KvUK7RC9hMUTtBIqiMn8IIPJybx9gfE7P1JsDZ+PDRCsF1EIxk4fzTCCKzNLRz8fqhVa+W3ywn43IKBdjMcxB+sNVx3K7/zj+Whd32ROgwQAbxP6sI8ffC5yczLVZzEstZHJIHz4jgg+FOA2vHzQqwckBObjHUaozGYOs4DYrcoTGDBOf8Kar3kgPSlE/EEAjoZnyDOiKxEKpnLfQufAyMMSP8C5XjIBoKOXRYfbdmhIc2164SKtKRoh64tL+F06oyAo+2EkeQmAOk2lapIAmFt76EVmazkoP4DAUuhfXoEDa6iFZ9S9bVp312lDan42sUdIYvPpYcbfIi7LQ2minc8V]]></Encrypt><AgentID><![CDATA[1000002]]></AgentID></xml>
2017-11-08 23:21:18.177 [http-apr-8080-exec-3] INFO  com.ray.weixin.qy.service.message.reply.ReplyMessageService - reply_xmlMsg:<xml><ToUserName><![CDATA[ww92f5da92bb24696e]]></ToUserName><FromUserName><![CDATA[ShiRui]]></FromUserName><CreateTime>1510154477</CreateTime><MsgType><![CDATA[event]]></MsgType><AgentID>1000002</AgentID><Event><![CDATA[LOCATION]]></Event><Latitude>31.1615</Latitude><Longitude>121.142</Longitude><Precision>15</Precision></xml>
2017-11-08 23:21:18.180 [http-apr-8080-exec-3] INFO  com.ray.weixin.qy.service.message.reply.ReplyMessageService - fromUserName:ShiRui
2017-11-08 23:21:18.182 [http-apr-8080-exec-3] INFO  com.ray.weixin.qy.service.message.reply.ReplyMessageService - toUserName:ww92f5da92bb24696e
2017-11-08 23:21:18.183 [http-apr-8080-exec-3] INFO  com.ray.weixin.qy.service.message.reply.ReplyMessageService - msgType:event
2017-11-08 23:21:18.184 [http-apr-8080-exec-3] INFO  com.ray.weixin.qy.service.message.reply.ReplyMessageService - Event:LOCATION  eventKey:null
2017-11-08 23:21:19.380 [http-apr-8080-exec-1] INFO  com.ray.weixin.qy.controller.WeiXinServlet - post--------------
2017-11-08 23:21:19.381 [http-apr-8080-exec-1] INFO  com.ray.weixin.qy.service.message.reply.ReplyMessageService - parms:{"msg_signature":["aa6a78ea2f34c5e9605818f25a8a6fecda2d37e1"],"timestamp":["1510154478"],"nonce":["1083116351"]}
2017-11-08 23:21:19.381 [http-apr-8080-exec-1] INFO  com.ray.weixin.qy.service.message.reply.ReplyMessageService - postData:<xml><ToUserName><![CDATA[ww92f5da92bb24696e]]></ToUserName><Encrypt><![CDATA[hMkIA8WFHQT/1wyVS4pFcA+vX/6/hZeimgJLjvkEdeTqbH9FYknA4VkAjZxB3DunWqeZfsZ/4P75MDXg3lfsBrc4IYAmgfEN3qaqt/5qNe6IJQ/swUiXaULZER3y7PJk6PhcJx/OZZtWiPSPTKL+/34vldmefgB3hfRRaTUJvDtLU+MOZUaTfWIze7pJBnXMsMt0E52mT3ZvF9b0zT3CiLdolGhOzsVlhHdwhjPqjhGftKualJYD0BVv3XQmkw8pHXfB6RmQO+MFEv5R+kUzO7Ja1FeUnsN3xv560u7ILzoFOR70MvsOuMXNQS0HrtQR0iyCgjVjzjbyDPRNKdr+6X40FogjHSxIHntkWAonshDIC3HeV2UAFcMUT+Qby6WlQsfK59nZjkuUqew11G/cpDW1J7xb+3uWpJhIAlUUJJ9F3nMh+pGZlbTig80igFE4B610H35+xHLkdGvyu4dfy12SUO9p0XKZYg2TiQmq4srU5+CmzL+slYy3s+TYwLqS]]></Encrypt><AgentID><![CDATA[1000002]]></AgentID></xml>
2017-11-08 23:21:19.384 [http-apr-8080-exec-1] INFO  com.ray.weixin.qy.service.message.reply.ReplyMessageService - reply_xmlMsg:<xml><ToUserName><![CDATA[ww92f5da92bb24696e]]></ToUserName><FromUserName><![CDATA[ShiRui]]></FromUserName><CreateTime>1510154478</CreateTime><MsgType><![CDATA[event]]></MsgType><AgentID>1000002</AgentID><Event><![CDATA[view]]></Event><EventKey><![CDATA[http://rayner.nat300.top/weixin_qy/showInvoice.jsp]]></EventKey></xml>
2017-11-08 23:21:19.385 [http-apr-8080-exec-1] INFO  com.ray.weixin.qy.service.message.reply.ReplyMessageService - fromUserName:ShiRui
2017-11-08 23:21:19.386 [http-apr-8080-exec-1] INFO  com.ray.weixin.qy.service.message.reply.ReplyMessageService - toUserName:ww92f5da92bb24696e
2017-11-08 23:21:19.386 [http-apr-8080-exec-1] INFO  com.ray.weixin.qy.service.message.reply.ReplyMessageService - msgType:event
2017-11-08 23:21:19.386 [http-apr-8080-exec-1] INFO  com.ray.weixin.qy.service.message.reply.ReplyMessageService - Event:view  eventKey:http://rayner.nat300.top/weixin_qy/showInvoice.jsp
2017-11-08 23:21:20.576 [http-apr-8080-exec-7] INFO  com.ray.weixin.qy.util.AuthHelper - jsonObject:{"errcode":0,"access_token":"jORltodFeBunX9qqOO3onXWetm4IxpVxpNJavkw2Rp8nfwtnxZJtpDnPsV-YAgupxOQ52Borm867Vad7SzidjldD7pJyNtj_H0AFB_I_Ny3JcQ2Xxjimj3ynq8LsRhO6jQcKTmsEKhvkjB8FEYrxc76uNhmElBN7FqQzU_2K2-qLp3gO6IFyj0XAZWN5DbN79D1FX77DDJRIc4yhJ4fhZw","errmsg":"ok","expires_in":7200}
2017-11-08 23:21:21.094 [http-apr-8080-exec-7] INFO  com.ray.weixin.qy.util.AuthHelper - jsonObject:{"errcode":0,"ticket":"kgt8ON7yVITDhtdwci0qebCLEfC_BfeygIq8cFPLbdYRC-Gx-GGzO1qGlOtHzGsquk0FMt_T3dkjox8FKLfdsg","errmsg":"ok","expires_in":7200}
2017-11-08 23:21:21.096 [http-apr-8080-exec-7] INFO  com.ray.weixin.qy.util.AuthHelper - url:http://rayner.nat300.top/weixin_qy/showInvoice.jsp
2017-11-08 23:21:21.097 [http-apr-8080-exec-7] INFO  com.ray.weixin.qy.util.AuthHelper - accessToken:jORltodFeBunX9qqOO3onXWetm4IxpVxpNJavkw2Rp8nfwtnxZJtpDnPsV-YAgupxOQ52Borm867Vad7SzidjldD7pJyNtj_H0AFB_I_Ny3JcQ2Xxjimj3ynq8LsRhO6jQcKTmsEKhvkjB8FEYrxc76uNhmElBN7FqQzU_2K2-qLp3gO6IFyj0XAZWN5DbN79D1FX77DDJRIc4yhJ4fhZw
2017-11-08 23:21:21.098 [http-apr-8080-exec-7] INFO  com.ray.weixin.qy.util.AuthHelper - jsapi_ticket:kgt8ON7yVITDhtdwci0qebCLEfC_BfeygIq8cFPLbdYRC-Gx-GGzO1qGlOtHzGsquk0FMt_T3dkjox8FKLfdsg
2017-11-08 23:21:21.098 [http-apr-8080-exec-7] INFO  com.ray.weixin.qy.util.AuthHelper - appId:ww92f5da92bb24696e
2017-11-08 23:21:21.099 [http-apr-8080-exec-7] INFO  com.ray.weixin.qy.util.AuthHelper - timestamp:1510154479
2017-11-08 23:21:21.099 [http-apr-8080-exec-7] INFO  com.ray.weixin.qy.util.AuthHelper - nonceStr:9dea7052-11b7-4374-b8c8-4ebf5aaae6df
2017-11-08 23:21:21.100 [http-apr-8080-exec-7] INFO  com.ray.weixin.qy.util.AuthHelper - signature:56efbc273c9cceb2512f108b5f2223ffa0c6e664
2017-11-08 23:21:21.101 [http-apr-8080-exec-7] INFO  com.ray.weixin.qy.util.AuthHelper - configValue:{"signature":"56efbc273c9cceb2512f108b5f2223ffa0c6e664","appId":"ww92f5da92bb24696e","nonceStr":"9dea7052-11b7-4374-b8c8-4ebf5aaae6df","timestamp":"1510154479"}
2017-11-08 23:21:23.203 [http-apr-8080-exec-2] INFO  com.ray.weixin.qy.controller.WeiXinServlet - post--------------
2017-11-08 23:21:23.207 [http-apr-8080-exec-2] INFO  com.ray.weixin.qy.service.message.reply.ReplyMessageService - parms:{"msg_signature":["a1c178f8daee9b75ef11d050b4a54a0725dc6503"],"timestamp":["1510154482"],"nonce":["1141778286"]}
2017-11-08 23:21:23.209 [http-apr-8080-exec-2] INFO  com.ray.weixin.qy.service.message.reply.ReplyMessageService - postData:<xml><ToUserName><![CDATA[ww92f5da92bb24696e]]></ToUserName><Encrypt><![CDATA[3mcfRFOTzKxLBSs5r+P6gsfhUj8P9kBg8RcgeoTekCfl+E0XR1HQp/9ZlhyTtxrs7iJnsdYD7rmL1c5cabu7sieiiu7PTtyXe/ppVH12vFFSni2Zq5bM3sipTBrCZjHOg7hbGLStc/lbvR5O6XdqnDFzHPVDBGhvs9rrgkaOYhCobeB0ZPvs75jpYqvIeHCzuEhy1EOSOFTxpuM5g13NYA7pHuq8mH1ekP9w7DIn44+UhgU0mzXBs3lEvSGjHMcrCasYED2VzxM9OE0uhNPcN1E+gdkMHfrYpzwCX4tkFcF0sADyLxcmOGk3Hv6wVXe5FGWivTh47XYjuU13rZuVXdBTzfLPFRjWiXOncktPr+WCDDPj6ZXiyth3rIip5Re9GW5O2W9megfIob0uevXaog7rwlSL+Rnn790hHMRUNVmUyUmT6ChZn6ljh/0a3JJDDHurLjWRP5Ppf3oKys1RkL491K5OoWyt/FJFr7JU+EAm1PVY2clZas+44rO1nH7o]]></Encrypt><AgentID><![CDATA[1000002]]></AgentID></xml>
2017-11-08 23:21:23.216 [http-apr-8080-exec-2] INFO  com.ray.weixin.qy.service.message.reply.ReplyMessageService - reply_xmlMsg:<xml><ToUserName><![CDATA[ww92f5da92bb24696e]]></ToUserName><FromUserName><![CDATA[ShiRui]]></FromUserName><CreateTime>1510154482</CreateTime><MsgType><![CDATA[event]]></MsgType><AgentID>1000002</AgentID><Event><![CDATA[LOCATION]]></Event><Latitude>31.1613</Latitude><Longitude>121.142</Longitude><Precision>15</Precision></xml>
2017-11-08 23:21:23.225 [http-apr-8080-exec-2] INFO  com.ray.weixin.qy.service.message.reply.ReplyMessageService - fromUserName:ShiRui
2017-11-08 23:21:23.226 [http-apr-8080-exec-2] INFO  com.ray.weixin.qy.service.message.reply.ReplyMessageService - toUserName:ww92f5da92bb24696e
2017-11-08 23:21:23.229 [http-apr-8080-exec-2] INFO  com.ray.weixin.qy.service.message.reply.ReplyMessageService - msgType:event
2017-11-08 23:21:23.231 [http-apr-8080-exec-2] INFO  com.ray.weixin.qy.service.message.reply.ReplyMessageService - Event:LOCATION  eventKey:null
2017-11-08 23:21:28.255 [http-apr-8080-exec-6] INFO  com.ray.weixin.qy.controller.WeiXinServlet - post--------------
2017-11-08 23:21:28.257 [http-apr-8080-exec-6] INFO  com.ray.weixin.qy.service.message.reply.ReplyMessageService - parms:{"msg_signature":["c85cf0f28c140c6dcd1e27dcdcc0d7dd38ca339a"],"timestamp":["1510154487"],"nonce":["38396635"]}
2017-11-08 23:21:28.258 [http-apr-8080-exec-6] INFO  com.ray.weixin.qy.service.message.reply.ReplyMessageService - postData:<xml><ToUserName><![CDATA[ww92f5da92bb24696e]]></ToUserName><Encrypt><![CDATA[HoNxhPI884SHLKwrb24DVHx+cvE1w80nUfRP+ORU2aCWPIH5ztEJYUKkqWnAAgNIt1FxAepOpt3uXFlzcKNBMUxjHKSl5DwCJxjMBPd0/2n16mS3fpkyyrTwC4TA9yT1D+mELQ7OqdroIg0ZGRB31y9hPX8ncFNLnZM8JDzXfEdpTB88dbr8xZ4/+PSNxvUK/I8gSjrOTGcvcwSytRkfBONnRVYIEV8EyLjxMNM6a4AMLk7TNaesvBtLvVBYnPSrI8bq9k36F08XcPkC4rUYDyrdv1dmovGnxZmK7V9b4hNEhHPYynOdl5NgfmUrixhQMHgFdNV/aHBV4z//+CaRR8xuzS6Bd1rYVcaLDim2pyPlGQbzrpJIMmmRbwjFX8PqpIDCfJWs+wpfZbcF3yPPfw36fy+U+nMcAdncoGpmy9zPwonPOt+QRlKjSYrZvRL8qYi6XE+RC0udaPJ4prH90qAEbKAkQxcJ+OLWxod4EbvkFktFRmTvCs4FWggeQ1zI]]></Encrypt><AgentID><![CDATA[1000002]]></AgentID></xml>
2017-11-08 23:21:28.267 [http-apr-8080-exec-6] INFO  com.ray.weixin.qy.service.message.reply.ReplyMessageService - reply_xmlMsg:<xml><ToUserName><![CDATA[ww92f5da92bb24696e]]></ToUserName><FromUserName><![CDATA[ShiRui]]></FromUserName><CreateTime>1510154487</CreateTime><MsgType><![CDATA[event]]></MsgType><AgentID>1000002</AgentID><Event><![CDATA[LOCATION]]></Event><Latitude>31.1613</Latitude><Longitude>121.142</Longitude><Precision>15</Precision></xml>
2017-11-08 23:21:28.272 [http-apr-8080-exec-6] INFO  com.ray.weixin.qy.service.message.reply.ReplyMessageService - fromUserName:ShiRui
2017-11-08 23:21:28.274 [http-apr-8080-exec-6] INFO  com.ray.weixin.qy.service.message.reply.ReplyMessageService - toUserName:ww92f5da92bb24696e
2017-11-08 23:21:28.276 [http-apr-8080-exec-6] INFO  com.ray.weixin.qy.service.message.reply.ReplyMessageService - msgType:event
2017-11-08 23:21:28.276 [http-apr-8080-exec-6] INFO  com.ray.weixin.qy.service.message.reply.ReplyMessageService - Event:LOCATION  eventKey:null
2017-11-08 23:21:33.293 [http-apr-8080-exec-1] INFO  com.ray.weixin.qy.controller.WeiXinServlet - post--------------
2017-11-08 23:21:33.295 [http-apr-8080-exec-1] INFO  com.ray.weixin.qy.service.message.reply.ReplyMessageService - parms:{"msg_signature":["fe372f5ed638bda31f074b7ffefee831995c83bc"],"timestamp":["1510154492"],"nonce":["1550935372"]}
2017-11-08 23:21:33.296 [http-apr-8080-exec-1] INFO  com.ray.weixin.qy.service.message.reply.ReplyMessageService - postData:<xml><ToUserName><![CDATA[ww92f5da92bb24696e]]></ToUserName><Encrypt><![CDATA[MGPZjYHjVVAoDSK+oz42W26kOp2TGnm0uhGQTu+efk3PlZ3sDv9h9eeDkoCy1Yb2iqv8APjCDkyelVdbWOz5PPB/XMJOwZW1HMNTMRpSSUGXZ6sfbsOWaxLrbz4SkSVD3mcR1OwUC2xxB4yCX81z0Drxd4ieqV+OEr7DHPeE+WzyrR+FurUSzKpmJz/5r9pRXRd+d4R0kX7hNFAqctDEpWdtfG8JTBPiNfYssYHv8VDil51VMC47uT02nbVsXFxVVkB/BCnzNmkk9DtN6DxN1+BXa5npTWTaY1ZwTT0nRReDpZukbQ2fK/lUcWM1QWr5gsLaZ5DnHQ8oy1idWrkMiyrYl19sAQdZfaf01zh3gdXaVb/tZ/FEzBnF04Q0RdYcV3Z6q34YSiZfJzr372bo9wHGtnt5l4p/6kEAMTqw+vl/CRYCO6+rvYZn5qNItJbAPcIIUz9TAtrQq5Y9eQLcAKa3V03/aEWgsSDh90j7WpgDhwtM7E8gsy6JV8AO7+r0]]></Encrypt><AgentID><![CDATA[1000002]]></AgentID></xml>
2017-11-08 23:21:33.301 [http-apr-8080-exec-1] INFO  com.ray.weixin.qy.service.message.reply.ReplyMessageService - reply_xmlMsg:<xml><ToUserName><![CDATA[ww92f5da92bb24696e]]></ToUserName><FromUserName><![CDATA[ShiRui]]></FromUserName><CreateTime>1510154492</CreateTime><MsgType><![CDATA[event]]></MsgType><AgentID>1000002</AgentID><Event><![CDATA[LOCATION]]></Event><Latitude>31.1615</Latitude><Longitude>121.142</Longitude><Precision>15</Precision></xml>
2017-11-08 23:21:33.305 [http-apr-8080-exec-1] INFO  com.ray.weixin.qy.service.message.reply.ReplyMessageService - fromUserName:ShiRui
2017-11-08 23:21:33.305 [http-apr-8080-exec-1] INFO  com.ray.weixin.qy.service.message.reply.ReplyMessageService - toUserName:ww92f5da92bb24696e
2017-11-08 23:21:33.306 [http-apr-8080-exec-1] INFO  com.ray.weixin.qy.service.message.reply.ReplyMessageService - msgType:event
2017-11-08 23:21:33.306 [http-apr-8080-exec-1] INFO  com.ray.weixin.qy.service.message.reply.ReplyMessageService - Event:LOCATION  eventKey:null
2017-11-08 23:21:38.229 [http-apr-8080-exec-4] INFO  com.ray.weixin.qy.controller.WeiXinServlet - post--------------
2017-11-08 23:21:38.232 [http-apr-8080-exec-4] INFO  com.ray.weixin.qy.service.message.reply.ReplyMessageService - parms:{"msg_signature":["04843d4d66967ce462e22839b72b29cb07a7c42e"],"timestamp":["1510154497"],"nonce":["2117749106"]}
2017-11-08 23:21:38.233 [http-apr-8080-exec-4] INFO  com.ray.weixin.qy.service.message.reply.ReplyMessageService - postData:<xml><ToUserName><![CDATA[ww92f5da92bb24696e]]></ToUserName><Encrypt><![CDATA[xG74Ru06Np+ga9lJ9nZZfmkp3+yomrTlOyFlgfgOpEkNaoff11hLy3a9zXc4l6a2yfo8uF1jqUJ15uPfq6OTcAdEiOktmWQ1osiuqfL/d1PucTZxau/97IfdiwEW413pW7E5QljL0x5wFRhtUiaibw/RowZ6o0Qln4/petXpsi2fy0mAtYll6HfmsVnKlUI2GDMFs95sWImH3I4F8od7sIUC20K9cvriKri7tAFgyxq/1WmdEvIyXQ3JqTS+bxTOZi7ri2YAgjb4Uy1f1/+VsmT3Pk5TIc3rne0K6cO0NeGGauFzOzF+KcZrnNEG1fRdJkO67/hWjWGugoguDi9GhALTOUPjo2ZaGAxaFH+wYFNRC/99HxLnVDSakvpCAkZTL/5ngLag2fKIOzcxgdSVs0U81lOmW0mNyo8zqADbTWDvaPS6tuOTtPcMvIIkJKD/Vs6HjxYAMDeDK1wrA/kW4RcqUdejp7ZLpMpP9CcMemfAhvdqPtf11z63h8jxVU3v]]></Encrypt><AgentID><![CDATA[1000002]]></AgentID></xml>
2017-11-08 23:21:38.237 [http-apr-8080-exec-4] INFO  com.ray.weixin.qy.service.message.reply.ReplyMessageService - reply_xmlMsg:<xml><ToUserName><![CDATA[ww92f5da92bb24696e]]></ToUserName><FromUserName><![CDATA[ShiRui]]></FromUserName><CreateTime>1510154497</CreateTime><MsgType><![CDATA[event]]></MsgType><AgentID>1000002</AgentID><Event><![CDATA[LOCATION]]></Event><Latitude>31.1615</Latitude><Longitude>121.142</Longitude><Precision>15</Precision></xml>
2017-11-08 23:21:38.240 [http-apr-8080-exec-4] INFO  com.ray.weixin.qy.service.message.reply.ReplyMessageService - fromUserName:ShiRui
2017-11-08 23:21:38.241 [http-apr-8080-exec-4] INFO  com.ray.weixin.qy.service.message.reply.ReplyMessageService - toUserName:ww92f5da92bb24696e
2017-11-08 23:21:38.241 [http-apr-8080-exec-4] INFO  com.ray.weixin.qy.service.message.reply.ReplyMessageService - msgType:event
2017-11-08 23:21:38.241 [http-apr-8080-exec-4] INFO  com.ray.weixin.qy.service.message.reply.ReplyMessageService - Event:LOCATION  eventKey:null
2017-11-08 23:21:43.351 [http-apr-8080-exec-9] INFO  com.ray.weixin.qy.controller.WeiXinServlet - post--------------
2017-11-08 23:21:43.352 [http-apr-8080-exec-9] INFO  com.ray.weixin.qy.service.message.reply.ReplyMessageService - parms:{"msg_signature":["72631e436f25fec6612baaaf33e91b19aa3b185c"],"timestamp":["1510154502"],"nonce":["683439883"]}
2017-11-08 23:21:43.354 [http-apr-8080-exec-9] INFO  com.ray.weixin.qy.service.message.reply.ReplyMessageService - postData:<xml><ToUserName><![CDATA[ww92f5da92bb24696e]]></ToUserName><Encrypt><![CDATA[pySXsxRhGpgVoz8VBQdPvdaGrszjL56ooSG/djLJ3Oyme/ww/jq8jfTA0si0ZXbHNKBuR92xP/g8nuScjEoTO17POnEwC4kRec6JSha1Ja5aYCkwffWAwAHq9HJOsh3akeaCBTXVu1VpblkfWkk3Ux+mUjNmu0GjD8yy0L2E78oRv/qI6NgjaHcEhQWffB7ocRw6TR0H28F3X3P54MiIvRpNjne4c3Hk9Hid7utNas285xw6tLvtQSdEdPSwEifcwnz5MEprxoE4SNB87bs5mdy4Ra5rqTlh3qt6uATM7PntLoCQQGXegT5lINywPM7t7pP2DtkhqaSejW8NsJH/4DIyJ9lWCGqNYbHt3DUNZF/8LIzK1Ag2RaU1NGnP2ck/MOEa1uNzvD4Ind692ZjKclooDfcDpLH3hq26mc65hpBOCLshKom+f/WvyeegSY//fzFYnpXsxnZj2ArQj1gJ/coINfdzy8Wbg+pgpZwQX+B6GNKebolV8SNDhu+XvwRn]]></Encrypt><AgentID><![CDATA[1000002]]></AgentID></xml>
2017-11-08 23:21:43.360 [http-apr-8080-exec-9] INFO  com.ray.weixin.qy.service.message.reply.ReplyMessageService - reply_xmlMsg:<xml><ToUserName><![CDATA[ww92f5da92bb24696e]]></ToUserName><FromUserName><![CDATA[ShiRui]]></FromUserName><CreateTime>1510154502</CreateTime><MsgType><![CDATA[event]]></MsgType><AgentID>1000002</AgentID><Event><![CDATA[LOCATION]]></Event><Latitude>31.1615</Latitude><Longitude>121.142</Longitude><Precision>15</Precision></xml>
2017-11-08 23:21:43.364 [http-apr-8080-exec-9] INFO  com.ray.weixin.qy.service.message.reply.ReplyMessageService - fromUserName:ShiRui
2017-11-08 23:21:43.365 [http-apr-8080-exec-9] INFO  com.ray.weixin.qy.service.message.reply.ReplyMessageService - toUserName:ww92f5da92bb24696e
2017-11-08 23:21:43.365 [http-apr-8080-exec-9] INFO  com.ray.weixin.qy.service.message.reply.ReplyMessageService - msgType:event
2017-11-08 23:21:43.366 [http-apr-8080-exec-9] INFO  com.ray.weixin.qy.service.message.reply.ReplyMessageService - Event:LOCATION  eventKey:null
2017-11-08 23:21:48.391 [http-apr-8080-exec-2] INFO  com.ray.weixin.qy.controller.WeiXinServlet - post--------------
2017-11-08 23:21:48.392 [http-apr-8080-exec-2] INFO  com.ray.weixin.qy.service.message.reply.ReplyMessageService - parms:{"msg_signature":["48be5029a070a3d675b3d06ca18e3a52c1919894"],"timestamp":["1510154507"],"nonce":["1585985052"]}
2017-11-08 23:21:48.393 [http-apr-8080-exec-2] INFO  com.ray.weixin.qy.service.message.reply.ReplyMessageService - postData:<xml><ToUserName><![CDATA[ww92f5da92bb24696e]]></ToUserName><Encrypt><![CDATA[JZs6GpDb9Lg2wf7m1vMSD+Tcu9qnPr8OD91BO/AHhyeVnuw2A8Idlzv7BmVz8IbZ/mB3W1fEVA2/61B9x1Aul8YQlp6R1DcLm4950DPeI16QKXjmE4zjzQQCd/xOfDDA1Q0umzTv2C5ZwmyK+6Al7aAq1wPiCLvYu7ljwRXkgqXd8ucSegmlC8EYcmnq9n6rlLx42Ye8vFYvhnvcpSCEAjctsUIQVMsjZ42NnrYfahAwS8fTenmRO3yZjgjJwLy5yrJCytw7DVopg+Bect7rUK1r7Jhd+GVlrExzzWAbll5ua+I3qhpMlRFhN/AnEKXOntxJ6PMld/cL5kQsqZa1mWLgt1h9odd5thbdqddGuAlo3VHLKAs1ZsyzwNw6bWK+O4onl3TqAEWBsf241GjF/MkdmL5IFNMhqXSyRn/5gMpIvzZUAHkpUhzJLM+HYw/RW4EUi+wrE6uyeSaZzT60yxFDIGcll3L23gIg6nyxJlFfsrMPGYrZHtrAGlYLZoFI]]></Encrypt><AgentID><![CDATA[1000002]]></AgentID></xml>
2017-11-08 23:21:48.396 [http-apr-8080-exec-2] INFO  com.ray.weixin.qy.service.message.reply.ReplyMessageService - reply_xmlMsg:<xml><ToUserName><![CDATA[ww92f5da92bb24696e]]></ToUserName><FromUserName><![CDATA[ShiRui]]></FromUserName><CreateTime>1510154507</CreateTime><MsgType><![CDATA[event]]></MsgType><AgentID>1000002</AgentID><Event><![CDATA[LOCATION]]></Event><Latitude>31.1615</Latitude><Longitude>121.142</Longitude><Precision>15</Precision></xml>
2017-11-08 23:21:48.400 [http-apr-8080-exec-2] INFO  com.ray.weixin.qy.service.message.reply.ReplyMessageService - fromUserName:ShiRui
2017-11-08 23:21:48.400 [http-apr-8080-exec-2] INFO  com.ray.weixin.qy.service.message.reply.ReplyMessageService - toUserName:ww92f5da92bb24696e
2017-11-08 23:21:48.401 [http-apr-8080-exec-2] INFO  com.ray.weixin.qy.service.message.reply.ReplyMessageService - msgType:event
2017-11-08 23:21:48.401 [http-apr-8080-exec-2] INFO  com.ray.weixin.qy.service.message.reply.ReplyMessageService - Event:LOCATION  eventKey:null
2017-11-08 23:21:53.324 [http-apr-8080-exec-6] INFO  com.ray.weixin.qy.controller.WeiXinServlet - post--------------
2017-11-08 23:21:53.326 [http-apr-8080-exec-6] INFO  com.ray.weixin.qy.service.message.reply.ReplyMessageService - parms:{"msg_signature":["604c6b67f5bab64e12186afc5be59ab2d99d73d4"],"timestamp":["1510154512"],"nonce":["1459134634"]}
2017-11-08 23:21:53.327 [http-apr-8080-exec-6] INFO  com.ray.weixin.qy.service.message.reply.ReplyMessageService - postData:<xml><ToUserName><![CDATA[ww92f5da92bb24696e]]></ToUserName><Encrypt><![CDATA[4goC+ywcEXtHUj2N5+ZdNzJxKWiEThYzUHOs/GZrRdRh9lOUe8SKjtOa8FIwGt4C3p8Zba+RPYiq6arJQlXzZe1zfITHqh7pzgd5tmWllZKhAGoVhbp6xZNPHFx2xkxvV0O9YuE7/XmuhKjOkwyvymt+1kN8sXDc281Gl4n1/FdgH5pKiU7bhOYprw5PI9BH79bLnxOqA522I5edxLzTNoIxoOPqSjcYD5gexzZ8TYpk9elteLukkrMXM7zHEJQ3VNGlh8eVCaOUKSSspsBeqk8BTT6ywcHojYey06gbXDo2OecGG07yN4Ud3/TJVc13a3ndYsSMPGAu1KMQsvtNIM0l3ap+UJ+DZK2mO8ih5DbOTUQFcYakQ5RI5lb0luh00hLTg14fhpyny2aCtEOqTwg4qyYdTiRZgWF18lB6Acs/thRRiMs4wvNcuAXZuwVHY7CJZ7Ze9+gUB/em68d6Wfqs+IYpjf+V+RJargL0Q2s6rowuym03Da87F9aAcHHp]]></Encrypt><AgentID><![CDATA[1000002]]></AgentID></xml>
2017-11-08 23:21:53.333 [http-apr-8080-exec-6] INFO  com.ray.weixin.qy.service.message.reply.ReplyMessageService - reply_xmlMsg:<xml><ToUserName><![CDATA[ww92f5da92bb24696e]]></ToUserName><FromUserName><![CDATA[ShiRui]]></FromUserName><CreateTime>1510154512</CreateTime><MsgType><![CDATA[event]]></MsgType><AgentID>1000002</AgentID><Event><![CDATA[LOCATION]]></Event><Latitude>31.1615</Latitude><Longitude>121.142</Longitude><Precision>15</Precision></xml>
2017-11-08 23:21:53.338 [http-apr-8080-exec-6] INFO  com.ray.weixin.qy.service.message.reply.ReplyMessageService - fromUserName:ShiRui
2017-11-08 23:21:53.339 [http-apr-8080-exec-6] INFO  com.ray.weixin.qy.service.message.reply.ReplyMessageService - toUserName:ww92f5da92bb24696e
2017-11-08 23:21:53.339 [http-apr-8080-exec-6] INFO  com.ray.weixin.qy.service.message.reply.ReplyMessageService - msgType:event
2017-11-08 23:21:53.340 [http-apr-8080-exec-6] INFO  com.ray.weixin.qy.service.message.reply.ReplyMessageService - Event:LOCATION  eventKey:null
2017-11-08 23:21:58.396 [http-apr-8080-exec-1] INFO  com.ray.weixin.qy.controller.WeiXinServlet - post--------------
2017-11-08 23:21:58.397 [http-apr-8080-exec-1] INFO  com.ray.weixin.qy.service.message.reply.ReplyMessageService - parms:{"msg_signature":["1c1053783f7bfd3cfd9adcb6e575e53d3788c7a6"],"timestamp":["1510154517"],"nonce":["723284129"]}
2017-11-08 23:21:58.398 [http-apr-8080-exec-1] INFO  com.ray.weixin.qy.service.message.reply.ReplyMessageService - postData:<xml><ToUserName><![CDATA[ww92f5da92bb24696e]]></ToUserName><Encrypt><![CDATA[VHimli5YrH7AodQzi839z1bREXTPQ8xN8hEUTghc9H5xF6yZnGFuwh1951lXlrOSgEv4RUaERP0Mbj6Xq/JWjXejOLQT5p39/z9PVaT2FY4vBDw3/Gx5Q3ewG4lqkw6qHGprvUlF4IIEDFh9PU2FL45ed9Ef6zNY5iIUjbMn57NpXA0WUXkYGxIqUtVQFc1TO0z67RC1wz7sUbCyF4ozqmzBZNFB31DqQRZ36WBWRDWfVJcpLij9e3WDmiaK4JJaIxOhvuS/0v7ODvB0TiLCmjs3OzCjckqK13wHNw+4sk3pg3KTg1DMVU4CP3Iw0/mk46bC5ya1h92cIJrVjtc57lwk2AW/90os73BOCVgL+mmt3iK79OVTXlcuo3bBmQiQP9mHTECWf2iSOYyXCRRFgE7NBrdfhHdl5SoUUY5z/0SajLFKSUUbUFY+tluzL7YlsYkjMMnwY+4Rt7HUJRQWg1cwKq0Av+P68LGE7vC4Scn2WIcaGesSPT2oDxqLcGn6]]></Encrypt><AgentID><![CDATA[1000002]]></AgentID></xml>
2017-11-08 23:21:58.403 [http-apr-8080-exec-1] INFO  com.ray.weixin.qy.service.message.reply.ReplyMessageService - reply_xmlMsg:<xml><ToUserName><![CDATA[ww92f5da92bb24696e]]></ToUserName><FromUserName><![CDATA[ShiRui]]></FromUserName><CreateTime>1510154517</CreateTime><MsgType><![CDATA[event]]></MsgType><AgentID>1000002</AgentID><Event><![CDATA[LOCATION]]></Event><Latitude>31.1614</Latitude><Longitude>121.142</Longitude><Precision>15</Precision></xml>
2017-11-08 23:21:58.410 [http-apr-8080-exec-1] INFO  com.ray.weixin.qy.service.message.reply.ReplyMessageService - fromUserName:ShiRui
2017-11-08 23:21:58.411 [http-apr-8080-exec-1] INFO  com.ray.weixin.qy.service.message.reply.ReplyMessageService - toUserName:ww92f5da92bb24696e
2017-11-08 23:21:58.411 [http-apr-8080-exec-1] INFO  com.ray.weixin.qy.service.message.reply.ReplyMessageService - msgType:event
2017-11-08 23:21:58.412 [http-apr-8080-exec-1] INFO  com.ray.weixin.qy.service.message.reply.ReplyMessageService - Event:LOCATION  eventKey:null
