2017-11-15 15:30:48.653 [http-apr-8080-exec-5] INFO  com.ray.weixin.gz.controller.WeiXinServlet - post--------------
2017-11-15 15:30:48.667 [http-apr-8080-exec-5] INFO  com.ray.weixin.gz.service.message.ReplyMessageService - parms:{"signature":["897b1855bfed1209218564a917ce531a6cdc6fc2"],"timestamp":["1510731047"],"nonce":["214090014"],"openid":["o1M7_1TLByH8H1T7XCIj23Roo5yU"],"encrypt_type":["aes"],"msg_signature":["85a76f34424f05ca5297302de194b893bfedac41"]}
2017-11-15 15:30:48.668 [http-apr-8080-exec-5] INFO  com.ray.weixin.gz.service.message.ReplyMessageService - postData:<xml>    <ToUserName><![CDATA[gh_8903be978f8b]]></ToUserName>    <Encrypt><![CDATA[Sjy/fKqiDnstdEn+R/+MkVMECyZ6X1LPh03QDcbKAJEumEfk62QG+63/jctPR+BlKsDAEBqzQyUDqgbZQQRt2/Z6OG6j2TlOFb0NaZTm4HoJaG4m7KqFwbWwroJJdCSiqINR2CthYPTCeJsJb3coOzolbBIOUURASUpR9UPA4Gla86c6ME0Cva26JdmfwQLmtzj6m+27HqV1spy2vHoIO5DYh3u5ATq1DxfS73CA1dSKvcuUK2s9uKLae6/cp9IPuuE78yPZgdG7DPxEUjWSlc4JBHD9q3dwAirw38ehPIj0LB94Jf1lKAucbYS9KvjMuVt0OJqWlZeuIiKX7Gpo8/7wyiS6AFTfgO6ii5vV0IX9UFuFiLy8qnKPd08X6cHO12h0iDdpYHlR5P0zqdeFGNJMaPTJvQAVPjZBGUN1Yj2ZeskO968fra6FCOpT6hlKklDCNrfj6ZLl3/IJKkmU8/EPLsHFparcv4KmPfD7bnxT8kcTLrBxNcGDI/hflxkHaovJrM0uWyk4nzk3iGbcSbN4xJWG3alisX7l5isa/CA=]]></Encrypt></xml>
2017-11-15 15:30:48.670 [http-apr-8080-exec-5] INFO  com.ray.weixin.gz.service.message.ReplyMessageService - 安全模式：消息被加密
2017-11-15 15:30:48.694 [http-apr-8080-exec-5] INFO  com.ray.weixin.gz.service.message.ReplyMessageService - <xml><ToUserName><![CDATA[gh_8903be978f8b]]></ToUserName>
<FromUserName><![CDATA[o1M7_1TLByH8H1T7XCIj23Roo5yU]]></FromUserName>
<CreateTime>1510731047</CreateTime>
<MsgType><![CDATA[event]]></MsgType>
<Event><![CDATA[VIEW]]></Event>
<EventKey><![CDATA[http://rayner.nat300.top/weixin_gz/showInvoice.jsp]]></EventKey>
<MenuId>450181554</MenuId>
</xml>
2017-11-15 15:30:48.696 [http-apr-8080-exec-5] INFO  com.ray.weixin.gz.service.message.ReplyMessageService - fromUserName:o1M7_1TLByH8H1T7XCIj23Roo5yU
2017-11-15 15:30:48.696 [http-apr-8080-exec-5] INFO  com.ray.weixin.gz.service.message.ReplyMessageService - toUserName:gh_8903be978f8b
2017-11-15 15:30:48.696 [http-apr-8080-exec-5] INFO  com.ray.weixin.gz.service.message.ReplyMessageService - msgType:event
2017-11-15 15:30:48.696 [http-apr-8080-exec-5] INFO  com.ray.weixin.gz.service.message.ReplyMessageService - Event:VIEW  eventKey:http://rayner.nat300.top/weixin_gz/showInvoice.jsp
2017-11-15 15:30:48.795 [http-apr-8080-exec-6] INFO  com.ray.weixin.gz.util.AuthHelper - jsonObject:{"access_token":"RtUzzzp8KJw2P1DZ1Cg8_1dJ57LUdaNjp12sLf36sNm9wJX8mUxiq26ufUUSkM1f6iANlCvKur9QZgVqkRRXVEsxBUf_ixSIlnBVdJtXnwWuyGg-IFhz00854P-KRh0PJHHjADACAA","expires_in":7200}
2017-11-15 15:30:48.900 [http-apr-8080-exec-6] INFO  com.ray.weixin.gz.util.AuthHelper - jsonObject:{"errcode":0,"ticket":"HoagFKDcsGMVCIY2vOjf9mrEXbwXSbqpUm0898_LsZhfWowrJV-9wOxwAgoPTOhdqfiAJVBhU9J6pQbGq-WKag","errmsg":"ok","expires_in":7200}
2017-11-15 15:30:48.900 [http-apr-8080-exec-6] INFO  com.ray.weixin.gz.util.AuthHelper - accessToken:RtUzzzp8KJw2P1DZ1Cg8_1dJ57LUdaNjp12sLf36sNm9wJX8mUxiq26ufUUSkM1f6iANlCvKur9QZgVqkRRXVEsxBUf_ixSIlnBVdJtXnwWuyGg-IFhz00854P-KRh0PJHHjADACAA
2017-11-15 15:30:48.900 [http-apr-8080-exec-6] INFO  com.ray.weixin.gz.util.AuthHelper - ticket:HoagFKDcsGMVCIY2vOjf9mrEXbwXSbqpUm0898_LsZhfWowrJV-9wOxwAgoPTOhdqfiAJVBhU9J6pQbGq-WKag
2017-11-15 15:30:48.900 [http-apr-8080-exec-6] INFO  com.ray.weixin.gz.util.AuthHelper - nonceStr:c5570e72-ba5c-453f-b39f-807b46afffe6
2017-11-15 15:30:48.901 [http-apr-8080-exec-6] INFO  com.ray.weixin.gz.util.AuthHelper - timeStamp:1510731048
2017-11-15 15:30:48.901 [http-apr-8080-exec-6] INFO  com.ray.weixin.gz.util.AuthHelper - signedUrl:http://rayner.nat300.top/weixin_gz/showInvoice.jsp
2017-11-15 15:30:48.901 [http-apr-8080-exec-6] INFO  com.ray.weixin.gz.util.AuthHelper - signature:0a78b9fe7e6a8be92c694c7db35322fe79e22b05
2017-11-15 15:30:48.901 [http-apr-8080-exec-6] INFO  com.ray.weixin.gz.util.AuthHelper - appId:wx07c4d9d0895fe212
2017-11-15 15:30:48.901 [http-apr-8080-exec-6] INFO  com.ray.weixin.gz.util.AuthHelper - configValue:{signature:'0a78b9fe7e6a8be92c694c7db35322fe79e22b05',nonceStr:'c5570e72-ba5c-453f-b39f-807b46afffe6',timeStamp:'1510731048',appId:'wx07c4d9d0895fe212'}
2017-11-15 15:30:48.992 [http-apr-8080-exec-6] INFO  com.ray.weixin.gz.util.AuthHelper - jsonObject:{"access_token":"RtUzzzp8KJw2P1DZ1Cg8_1dJ57LUdaNjp12sLf36sNllm-w11jTgR9zG9Oe7ZaMM5uOV38vRVbUwpolVU1mk3Olzno-Odp8lGkhK206djjDVX-EK2IuKDJn_JXAEbxlAGGNjADAYYF","expires_in":7200}
2017-11-15 15:30:49.084 [http-apr-8080-exec-6] INFO  com.ray.weixin.gz.service.invoice.InvoiceService - jsonObject:{"errcode":0,"ticket":"9KwiourQPRN3vx3Nn1c_iXCh-5F7rD5UiR6FRkNziS3cx4b8Yjpce58MCsslS5Cu43H8pvgbGMFfDvtxfdImxg","errmsg":"ok","expires_in":7200}
2017-11-15 15:30:49.085 [http-apr-8080-exec-6] INFO  com.ray.weixin.gz.util.AuthHelper - apiTicket:9KwiourQPRN3vx3Nn1c_iXCh-5F7rD5UiR6FRkNziS3cx4b8Yjpce58MCsslS5Cu43H8pvgbGMFfDvtxfdImxg
2017-11-15 15:30:49.085 [http-apr-8080-exec-6] INFO  com.ray.weixin.gz.util.AuthHelper - appId:wx07c4d9d0895fe212
2017-11-15 15:30:49.085 [http-apr-8080-exec-6] INFO  com.ray.weixin.gz.util.AuthHelper - timeStamp:1510731049
2017-11-15 15:30:49.085 [http-apr-8080-exec-6] INFO  com.ray.weixin.gz.util.AuthHelper - nonceStr:cb695b1b-9501-4713-9c86-2a18bd2e8b97
2017-11-15 15:30:49.085 [http-apr-8080-exec-6] INFO  com.ray.weixin.gz.util.AuthHelper - cardType:INVOICE
2017-11-15 15:30:49.085 [http-apr-8080-exec-6] INFO  com.ray.weixin.gz.util.AuthHelper - cardSign:adee8ac28bfc4c604ae3a0f0a699ef8d7e92b7ba
2017-11-15 15:30:49.085 [http-apr-8080-exec-6] INFO  com.ray.weixin.gz.util.AuthHelper - signType:SHA1
2017-11-15 15:30:49.085 [http-apr-8080-exec-6] INFO  com.ray.weixin.gz.util.AuthHelper - configValue:{"signType":"SHA1","cardSign":"adee8ac28bfc4c604ae3a0f0a699ef8d7e92b7ba","nonceStr":"cb695b1b-9501-4713-9c86-2a18bd2e8b97","timestamp":"1510731049"}
