2017-11-07 14:11:02.404 [http-apr-8080-exec-9] INFO  com.ray.weixin.gz.controller.WeiXinServlet - post--------------
2017-11-07 14:11:02.419 [http-apr-8080-exec-9] INFO  com.ray.weixin.gz.service.message.ReplyMessageService - parms:{"signature":["0404cc97cbefe46675d5054caefe5efaf7c5eb79"],"timestamp":["1510035062"],"nonce":["4628900"],"openid":["oDLefxDvQajibXhSWIWHrkiO1n2o"]}
2017-11-07 14:11:02.420 [http-apr-8080-exec-9] INFO  com.ray.weixin.gz.service.message.ReplyMessageService - postData:<xml><ToUserName><![CDATA[gh_8c1dd328db4e]]></ToUserName><FromUserName><![CDATA[oDLefxDvQajibXhSWIWHrkiO1n2o]]></FromUserName><CreateTime>1510035062</CreateTime><MsgType><![CDATA[event]]></MsgType><Event><![CDATA[VIEW]]></Event><EventKey><![CDATA[https://open.weixin.qq.com/connect/oauth2/authorize?appid=wxa0064ea657f80062&redirect_uri=http%3A%2F%2Frayner.nat300.top%2Fweixin_gz%2FuploadImg.jsp&response_type=code&scope=snsapi_userinfo&state=STATE#wechat_redirect]]></EventKey><MenuId>591669406</MenuId></xml>
2017-11-07 14:11:02.426 [http-apr-8080-exec-9] INFO  com.ray.weixin.gz.service.message.ReplyMessageService - 明文模式
2017-11-07 14:11:02.427 [http-apr-8080-exec-9] INFO  com.ray.weixin.gz.service.message.ReplyMessageService - <xml><ToUserName><![CDATA[gh_8c1dd328db4e]]></ToUserName><FromUserName><![CDATA[oDLefxDvQajibXhSWIWHrkiO1n2o]]></FromUserName><CreateTime>1510035062</CreateTime><MsgType><![CDATA[event]]></MsgType><Event><![CDATA[VIEW]]></Event><EventKey><![CDATA[https://open.weixin.qq.com/connect/oauth2/authorize?appid=wxa0064ea657f80062&redirect_uri=http%3A%2F%2Frayner.nat300.top%2Fweixin_gz%2FuploadImg.jsp&response_type=code&scope=snsapi_userinfo&state=STATE#wechat_redirect]]></EventKey><MenuId>591669406</MenuId></xml>
2017-11-07 14:11:02.444 [http-apr-8080-exec-9] INFO  com.ray.weixin.gz.service.message.ReplyMessageService - fromUserName:oDLefxDvQajibXhSWIWHrkiO1n2o
2017-11-07 14:11:02.445 [http-apr-8080-exec-9] INFO  com.ray.weixin.gz.service.message.ReplyMessageService - toUserName:gh_8c1dd328db4e
2017-11-07 14:11:02.445 [http-apr-8080-exec-9] INFO  com.ray.weixin.gz.service.message.ReplyMessageService - msgType:event
2017-11-07 14:11:02.445 [http-apr-8080-exec-9] INFO  com.ray.weixin.gz.service.message.ReplyMessageService - Event:VIEW  eventKey:https://open.weixin.qq.com/connect/oauth2/authorize?appid=wxa0064ea657f80062&redirect_uri=http%3A%2F%2Frayner.nat300.top%2Fweixin_gz%2FuploadImg.jsp&response_type=code&scope=snsapi_userinfo&state=STATE#wechat_redirect
2017-11-07 14:11:03.410 [http-apr-8080-exec-10] INFO  com.ray.weixin.gz.util.AuthHelper - jsonObject:{"access_token":"Gqsc7YQG3UoHGXKLg0lUOf9S2ykTLEXkwV7bV9VycW2O8jihkgSusYKMS3NJbzqsYlJ775E8M4cg8hwY0F551B8mBCX6FEJxAXo555fx4XcEqX1f5NbmA2AwgkWHsJzMMOIbAAAUWQ","expires_in":7200}
2017-11-07 14:11:03.546 [http-apr-8080-exec-10] INFO  com.ray.weixin.gz.util.AuthHelper - jsonObject:{"errcode":0,"ticket":"kgt8ON7yVITDhtdwci0qed-m2nUygHpV3DXUL-ToMkhHSQIYlDgkkvWFFZAoiCyMeRK-_uHffh8IGz5wqv2Z0A","errmsg":"ok","expires_in":7200}
2017-11-07 14:11:03.548 [http-apr-8080-exec-10] INFO  com.ray.weixin.gz.util.AuthHelper - accessToken:Gqsc7YQG3UoHGXKLg0lUOf9S2ykTLEXkwV7bV9VycW2O8jihkgSusYKMS3NJbzqsYlJ775E8M4cg8hwY0F551B8mBCX6FEJxAXo555fx4XcEqX1f5NbmA2AwgkWHsJzMMOIbAAAUWQ
2017-11-07 14:11:03.548 [http-apr-8080-exec-10] INFO  com.ray.weixin.gz.util.AuthHelper - ticket:kgt8ON7yVITDhtdwci0qed-m2nUygHpV3DXUL-ToMkhHSQIYlDgkkvWFFZAoiCyMeRK-_uHffh8IGz5wqv2Z0A
2017-11-07 14:11:03.548 [http-apr-8080-exec-10] INFO  com.ray.weixin.gz.util.AuthHelper - nonceStr:33261506-dcbf-4de1-8ace-ed2b23d4ba47
2017-11-07 14:11:03.548 [http-apr-8080-exec-10] INFO  com.ray.weixin.gz.util.AuthHelper - timeStamp:1510035063
2017-11-07 14:11:03.548 [http-apr-8080-exec-10] INFO  com.ray.weixin.gz.util.AuthHelper - signedUrl:http://rayner.nat300.top/weixin_gz/uploadImg.jsp?code=071Cfh0z089v9g13K53z0itr0z0Cfh0R&state=STATE
2017-11-07 14:11:03.548 [http-apr-8080-exec-10] INFO  com.ray.weixin.gz.util.AuthHelper - signature:1f3f46b17e3b897d79fb88cbf40291a0bf8421f1
2017-11-07 14:11:03.548 [http-apr-8080-exec-10] INFO  com.ray.weixin.gz.util.AuthHelper - appId:wxa0064ea657f80062
2017-11-07 14:11:03.548 [http-apr-8080-exec-10] INFO  com.ray.weixin.gz.util.AuthHelper - configValue:{signature:'1f3f46b17e3b897d79fb88cbf40291a0bf8421f1',nonceStr:'33261506-dcbf-4de1-8ace-ed2b23d4ba47',timeStamp:'1510035063',appId:'wxa0064ea657f80062'}
2017-11-07 14:11:05.249 [http-apr-8080-exec-3] INFO  com.ray.weixin.gz.controller.WeiXinServlet - post--------------
2017-11-07 14:11:05.249 [http-apr-8080-exec-3] INFO  com.ray.weixin.gz.service.message.ReplyMessageService - parms:{"signature":["06a6c715f9aef29019d98261df5eb15457b03601"],"timestamp":["1510035065"],"nonce":["922531771"],"openid":["oDLefxDvQajibXhSWIWHrkiO1n2o"]}
2017-11-07 14:11:05.249 [http-apr-8080-exec-3] INFO  com.ray.weixin.gz.service.message.ReplyMessageService - postData:<xml><ToUserName><![CDATA[gh_8c1dd328db4e]]></ToUserName><FromUserName><![CDATA[oDLefxDvQajibXhSWIWHrkiO1n2o]]></FromUserName><CreateTime>1510035065</CreateTime><MsgType><![CDATA[event]]></MsgType><Event><![CDATA[VIEW]]></Event><EventKey><![CDATA[http://rayner.nat300.top/weixin_gz/showInvoice.jsp]]></EventKey><MenuId>591669406</MenuId></xml>
2017-11-07 14:11:05.249 [http-apr-8080-exec-3] INFO  com.ray.weixin.gz.service.message.ReplyMessageService - 明文模式
2017-11-07 14:11:05.250 [http-apr-8080-exec-3] INFO  com.ray.weixin.gz.service.message.ReplyMessageService - <xml><ToUserName><![CDATA[gh_8c1dd328db4e]]></ToUserName><FromUserName><![CDATA[oDLefxDvQajibXhSWIWHrkiO1n2o]]></FromUserName><CreateTime>1510035065</CreateTime><MsgType><![CDATA[event]]></MsgType><Event><![CDATA[VIEW]]></Event><EventKey><![CDATA[http://rayner.nat300.top/weixin_gz/showInvoice.jsp]]></EventKey><MenuId>591669406</MenuId></xml>
2017-11-07 14:11:05.251 [http-apr-8080-exec-3] INFO  com.ray.weixin.gz.service.message.ReplyMessageService - fromUserName:oDLefxDvQajibXhSWIWHrkiO1n2o
2017-11-07 14:11:05.251 [http-apr-8080-exec-3] INFO  com.ray.weixin.gz.service.message.ReplyMessageService - toUserName:gh_8c1dd328db4e
2017-11-07 14:11:05.251 [http-apr-8080-exec-3] INFO  com.ray.weixin.gz.service.message.ReplyMessageService - msgType:event
2017-11-07 14:11:05.251 [http-apr-8080-exec-3] INFO  com.ray.weixin.gz.service.message.ReplyMessageService - Event:VIEW  eventKey:http://rayner.nat300.top/weixin_gz/showInvoice.jsp
2017-11-07 14:11:05.803 [http-apr-8080-exec-5] INFO  com.ray.weixin.gz.util.AuthHelper - jsonObject:{"access_token":"Gqsc7YQG3UoHGXKLg0lUOf9S2ykTLEXkwV7bV9VycW04jBwzvo509Am4KwyP4uze39L2LUg_YbcLdZVdW-Aiyf3SBeeXsIWphE9FMzurKXwRyBjzU41haV1PFFWX-Ha8QUDbAAALPY","expires_in":7198}
2017-11-07 14:11:05.959 [http-apr-8080-exec-5] INFO  com.ray.weixin.gz.util.AuthHelper - jsonObject:{"errcode":0,"ticket":"kgt8ON7yVITDhtdwci0qed-m2nUygHpV3DXUL-ToMkhHSQIYlDgkkvWFFZAoiCyMeRK-_uHffh8IGz5wqv2Z0A","errmsg":"ok","expires_in":7200}
2017-11-07 14:11:05.960 [http-apr-8080-exec-5] INFO  com.ray.weixin.gz.util.AuthHelper - accessToken:Gqsc7YQG3UoHGXKLg0lUOf9S2ykTLEXkwV7bV9VycW04jBwzvo509Am4KwyP4uze39L2LUg_YbcLdZVdW-Aiyf3SBeeXsIWphE9FMzurKXwRyBjzU41haV1PFFWX-Ha8QUDbAAALPY
2017-11-07 14:11:05.961 [http-apr-8080-exec-5] INFO  com.ray.weixin.gz.util.AuthHelper - ticket:kgt8ON7yVITDhtdwci0qed-m2nUygHpV3DXUL-ToMkhHSQIYlDgkkvWFFZAoiCyMeRK-_uHffh8IGz5wqv2Z0A
2017-11-07 14:11:05.961 [http-apr-8080-exec-5] INFO  com.ray.weixin.gz.util.AuthHelper - nonceStr:737a7182-907a-479f-a244-77495bcff98e
2017-11-07 14:11:05.962 [http-apr-8080-exec-5] INFO  com.ray.weixin.gz.util.AuthHelper - timeStamp:1510035065
2017-11-07 14:11:05.962 [http-apr-8080-exec-5] INFO  com.ray.weixin.gz.util.AuthHelper - signedUrl:http://rayner.nat300.top/weixin_gz/showInvoice.jsp
2017-11-07 14:11:05.962 [http-apr-8080-exec-5] INFO  com.ray.weixin.gz.util.AuthHelper - signature:57cbeb459d1c527c525e5e36fe8c089af7bdfb7a
2017-11-07 14:11:05.962 [http-apr-8080-exec-5] INFO  com.ray.weixin.gz.util.AuthHelper - appId:wxa0064ea657f80062
2017-11-07 14:11:05.963 [http-apr-8080-exec-5] INFO  com.ray.weixin.gz.util.AuthHelper - configValue:{signature:'57cbeb459d1c527c525e5e36fe8c089af7bdfb7a',nonceStr:'737a7182-907a-479f-a244-77495bcff98e',timeStamp:'1510035065',appId:'wxa0064ea657f80062'}
2017-11-07 14:11:06.090 [http-apr-8080-exec-5] INFO  com.ray.weixin.gz.util.AuthHelper - jsonObject:{"access_token":"Gqsc7YQG3UoHGXKLg0lUOf9S2ykTLEXkwV7bV9VycW3f32FNoqJYzgFbX5HzigZT1VQIqF9DQ8lqtYSjgD-OVZkFO_HVPh4_Pfpu9QwE45VxWWj-xQhVaBXlGLTBlQgLJJKbAAAMMN","expires_in":7197}
2017-11-07 14:11:06.228 [http-apr-8080-exec-5] INFO  com.ray.weixin.gz.service.invoice.InvoiceService - jsonObject:{"errcode":0,"ticket":"IpK_1T69hDhZkLQTlwsAX5ZwNp_4txyINLb67lXqTZL7FvH1dhjwgIhtIZecH_m_KICkWeVkW0D1r2ipBd-nVw","errmsg":"ok","expires_in":7200}
2017-11-07 14:11:06.229 [http-apr-8080-exec-5] INFO  com.ray.weixin.gz.util.AuthHelper - apiTicket:IpK_1T69hDhZkLQTlwsAX5ZwNp_4txyINLb67lXqTZL7FvH1dhjwgIhtIZecH_m_KICkWeVkW0D1r2ipBd-nVw
2017-11-07 14:11:06.229 [http-apr-8080-exec-5] INFO  com.ray.weixin.gz.util.AuthHelper - appId:wxa0064ea657f80062
2017-11-07 14:11:06.229 [http-apr-8080-exec-5] INFO  com.ray.weixin.gz.util.AuthHelper - timeStamp:1510035066
2017-11-07 14:11:06.229 [http-apr-8080-exec-5] INFO  com.ray.weixin.gz.util.AuthHelper - nonceStr:c6f1a724-7e7e-4843-aae8-42fb327d2bf5
2017-11-07 14:11:06.229 [http-apr-8080-exec-5] INFO  com.ray.weixin.gz.util.AuthHelper - cardType:INVOICE
2017-11-07 14:11:06.229 [http-apr-8080-exec-5] INFO  com.ray.weixin.gz.util.AuthHelper - cardSign:2157aea886791d33e5ec2a91221b777ddde956c0
2017-11-07 14:11:06.230 [http-apr-8080-exec-5] INFO  com.ray.weixin.gz.util.AuthHelper - signType:SHA1
2017-11-07 14:11:06.230 [http-apr-8080-exec-5] INFO  com.ray.weixin.gz.util.AuthHelper - configValue:{"signType":"SHA1","cardSign":"2157aea886791d33e5ec2a91221b777ddde956c0","nonceStr":"c6f1a724-7e7e-4843-aae8-42fb327d2bf5","timestamp":1510035066}
2017-11-07 14:11:38.789 [http-apr-8080-exec-9] INFO  com.ray.weixin.gz.controller.WeiXinServlet - post--------------
2017-11-07 14:11:38.791 [http-apr-8080-exec-9] INFO  com.ray.weixin.gz.service.message.ReplyMessageService - parms:{"signature":["620a90f60b561b10c225d29611020deb23cf8737"],"timestamp":["1510035098"],"nonce":["767519768"],"openid":["oDLefxDvQajibXhSWIWHrkiO1n2o"]}
2017-11-07 14:11:38.792 [http-apr-8080-exec-9] INFO  com.ray.weixin.gz.service.message.ReplyMessageService - postData:<xml><ToUserName><![CDATA[gh_8c1dd328db4e]]></ToUserName><FromUserName><![CDATA[oDLefxDvQajibXhSWIWHrkiO1n2o]]></FromUserName><CreateTime>1510035098</CreateTime><MsgType><![CDATA[event]]></MsgType><Event><![CDATA[VIEW]]></Event><EventKey><![CDATA[http://rayner.nat300.top/weixin_gz/showInvoice.jsp]]></EventKey><MenuId>591669406</MenuId></xml>
2017-11-07 14:11:38.793 [http-apr-8080-exec-9] INFO  com.ray.weixin.gz.service.message.ReplyMessageService - 明文模式
2017-11-07 14:11:38.793 [http-apr-8080-exec-9] INFO  com.ray.weixin.gz.service.message.ReplyMessageService - <xml><ToUserName><![CDATA[gh_8c1dd328db4e]]></ToUserName><FromUserName><![CDATA[oDLefxDvQajibXhSWIWHrkiO1n2o]]></FromUserName><CreateTime>1510035098</CreateTime><MsgType><![CDATA[event]]></MsgType><Event><![CDATA[VIEW]]></Event><EventKey><![CDATA[http://rayner.nat300.top/weixin_gz/showInvoice.jsp]]></EventKey><MenuId>591669406</MenuId></xml>
2017-11-07 14:11:38.799 [http-apr-8080-exec-9] INFO  com.ray.weixin.gz.service.message.ReplyMessageService - fromUserName:oDLefxDvQajibXhSWIWHrkiO1n2o
2017-11-07 14:11:38.800 [http-apr-8080-exec-9] INFO  com.ray.weixin.gz.service.message.ReplyMessageService - toUserName:gh_8c1dd328db4e
2017-11-07 14:11:38.800 [http-apr-8080-exec-9] INFO  com.ray.weixin.gz.service.message.ReplyMessageService - msgType:event
2017-11-07 14:11:38.801 [http-apr-8080-exec-9] INFO  com.ray.weixin.gz.service.message.ReplyMessageService - Event:VIEW  eventKey:http://rayner.nat300.top/weixin_gz/showInvoice.jsp
2017-11-07 14:11:39.192 [http-apr-8080-exec-10] INFO  com.ray.weixin.gz.util.AuthHelper - jsonObject:{"access_token":"mSvSIUSAPAjSxkW2pFv7oT88J8UaskULURt947wP_3y4dk7Ksui5lELKAk14kfwr6tAYfy9g4luotfRl9fJvekSQvLTF4yiCGR3IDOgT8d3YkhpW07wXn1PxJPOxSFaOXDUeAHASYP","expires_in":7200}
2017-11-07 14:11:39.271 [http-apr-8080-exec-10] INFO  com.ray.weixin.gz.util.AuthHelper - jsonObject:{"errcode":0,"ticket":"kgt8ON7yVITDhtdwci0qed-m2nUygHpV3DXUL-ToMkhHSQIYlDgkkvWFFZAoiCyMeRK-_uHffh8IGz5wqv2Z0A","errmsg":"ok","expires_in":7200}
2017-11-07 14:11:39.271 [http-apr-8080-exec-10] INFO  com.ray.weixin.gz.util.AuthHelper - accessToken:mSvSIUSAPAjSxkW2pFv7oT88J8UaskULURt947wP_3y4dk7Ksui5lELKAk14kfwr6tAYfy9g4luotfRl9fJvekSQvLTF4yiCGR3IDOgT8d3YkhpW07wXn1PxJPOxSFaOXDUeAHASYP
2017-11-07 14:11:39.272 [http-apr-8080-exec-10] INFO  com.ray.weixin.gz.util.AuthHelper - ticket:kgt8ON7yVITDhtdwci0qed-m2nUygHpV3DXUL-ToMkhHSQIYlDgkkvWFFZAoiCyMeRK-_uHffh8IGz5wqv2Z0A
2017-11-07 14:11:39.272 [http-apr-8080-exec-10] INFO  com.ray.weixin.gz.util.AuthHelper - nonceStr:1309afbc-953d-417f-9e06-645fae287c47
2017-11-07 14:11:39.273 [http-apr-8080-exec-10] INFO  com.ray.weixin.gz.util.AuthHelper - timeStamp:1510035099
2017-11-07 14:11:39.273 [http-apr-8080-exec-10] INFO  com.ray.weixin.gz.util.AuthHelper - signedUrl:http://rayner.nat300.top/weixin_gz/showInvoice.jsp
2017-11-07 14:11:39.273 [http-apr-8080-exec-10] INFO  com.ray.weixin.gz.util.AuthHelper - signature:318e1303ebe8ca7edc2ced408b8f8a475606397c
2017-11-07 14:11:39.273 [http-apr-8080-exec-10] INFO  com.ray.weixin.gz.util.AuthHelper - appId:wxa0064ea657f80062
2017-11-07 14:11:39.274 [http-apr-8080-exec-10] INFO  com.ray.weixin.gz.util.AuthHelper - configValue:{signature:'318e1303ebe8ca7edc2ced408b8f8a475606397c',nonceStr:'1309afbc-953d-417f-9e06-645fae287c47',timeStamp:'1510035099',appId:'wxa0064ea657f80062'}
2017-11-07 14:11:39.402 [http-apr-8080-exec-10] INFO  com.ray.weixin.gz.util.AuthHelper - jsonObject:{"access_token":"mSvSIUSAPAjSxkW2pFv7oT88J8UaskULURt947wP_3ww-o7AlXi5v99d_eO2aReX4G71Uy9M8CEqE14FdfP78g4CqTPCWM3YYoZGkzwOmaElBW5qGsfYViBLUBJ3aWMACKJeAHATBA","expires_in":7200}
2017-11-07 14:11:39.540 [http-apr-8080-exec-10] INFO  com.ray.weixin.gz.service.invoice.InvoiceService - jsonObject:{"errcode":0,"ticket":"IpK_1T69hDhZkLQTlwsAX5ZwNp_4txyINLb67lXqTZL7FvH1dhjwgIhtIZecH_m_KICkWeVkW0D1r2ipBd-nVw","errmsg":"ok","expires_in":7200}
2017-11-07 14:11:39.541 [http-apr-8080-exec-10] INFO  com.ray.weixin.gz.util.AuthHelper - apiTicket:IpK_1T69hDhZkLQTlwsAX5ZwNp_4txyINLb67lXqTZL7FvH1dhjwgIhtIZecH_m_KICkWeVkW0D1r2ipBd-nVw
2017-11-07 14:11:39.541 [http-apr-8080-exec-10] INFO  com.ray.weixin.gz.util.AuthHelper - appId:wxa0064ea657f80062
2017-11-07 14:11:39.541 [http-apr-8080-exec-10] INFO  com.ray.weixin.gz.util.AuthHelper - timeStamp:1510035099
2017-11-07 14:11:39.542 [http-apr-8080-exec-10] INFO  com.ray.weixin.gz.util.AuthHelper - nonceStr:44950bfd-7527-48f6-a93d-3cbdf94bb183
2017-11-07 14:11:39.542 [http-apr-8080-exec-10] INFO  com.ray.weixin.gz.util.AuthHelper - cardType:INVOICE
2017-11-07 14:11:39.542 [http-apr-8080-exec-10] INFO  com.ray.weixin.gz.util.AuthHelper - cardSign:2e73f5d2612bf8ee366f8cc5175c9df78a7ebed7
2017-11-07 14:11:39.542 [http-apr-8080-exec-10] INFO  com.ray.weixin.gz.util.AuthHelper - signType:SHA1
2017-11-07 14:11:39.542 [http-apr-8080-exec-10] INFO  com.ray.weixin.gz.util.AuthHelper - configValue:{"signType":"SHA1","cardSign":"2e73f5d2612bf8ee366f8cc5175c9df78a7ebed7","nonceStr":"44950bfd-7527-48f6-a93d-3cbdf94bb183","timestamp":1510035099}
