2017-11-02 10:30:09.755 [main] INFO  com.ray.weixin.gz.service.tempmaterial.TempMaterialService - fileName:bdARqt5NClDYbP_og5NwBRwO4sCIIwF1ZeVQQKTvB1bkn2rL9Yq52Y6S656lTxf1.jpg
2017-11-02 10:30:09.864 [main] INFO  com.ray.weixin.gz.util.AuthHelper - jsonObject:{"access_token":"LwXRbg5ZaNtad2Qw5CHGq91-JK2wXCDs4D3AiGnDxSP3wPoxfmzHi4QseEfpmuAB9KDUTPfVJdolI-CdZb96YNqCSyk9ro4FZg409L2yeSTFnYDqrJ-6-mcGUYwSbPjeQRSeAFAFGH","expires_in":7200}
2017-11-02 10:30:10.144 [main] INFO  com.ray.weixin.gz.util.AuthHelper - jsonObject:{"access_token":"LwXRbg5ZaNtad2Qw5CHGq91-JK2wXCDs4D3AiGnDxSOwQDUiFd7L3RHR8lbK1jAySImmh5JEgOQazPkWmeU54jYlRD9BNgU2_US1fTDZD7gvp5RjJwLHdsrHbRV8C_l2UQReAFAMIJ","expires_in":7200}
2017-11-02 10:30:11.624 [main] INFO  com.ray.weixin.gz.service.tempmaterial.TempMaterialService - JsonObject:{"media_id":"hgR4tW-tRoUR1jrjWya1MBAtnavE-win_ltJ9Ecu85k6wasj1MWIMAGZpV3-koLa","created_at":1509589811,"type":"image"}
2017-11-02 10:30:11.633 [main] INFO  com.ray.weixin.gz.service.tempmaterial.TempMaterialService - 上传image临时素材成功:hgR4tW-tRoUR1jrjWya1MBAtnavE-win_ltJ9Ecu85k6wasj1MWIMAGZpV3-koLa
2017-11-02 10:30:11.789 [main] INFO  com.ray.weixin.gz.util.AuthHelper - jsonObject:{"access_token":"LwXRbg5ZaNtad2Qw5CHGq91-JK2wXCDs4D3AiGnDxSO7bXsiTtw9S_p27TDBoY9muiC11klKqCzf81zbC1JGsjLlg7bHEaPVhzCVIde5A7eDwPMJdTHSdTBar8UWZoGSNACeAFAUHJ","expires_in":7200}
2017-11-02 10:30:11.973 [main] INFO  com.ray.weixin.gz.service.tempmaterial.TempMaterialService - jsonObject:{"item_count":0,"item":[],"total_count":0}
2017-11-02 10:30:11.973 [main] INFO  com.ray.weixin.gz.service.tempmaterial.TempMaterialService - 获取永久素材列表成功 
2017-11-02 10:30:12.118 [main] INFO  com.ray.weixin.gz.util.AuthHelper - jsonObject:{"access_token":"LwXRbg5ZaNtad2Qw5CHGq91-JK2wXCDs4D3AiGnDxSPkTVYKN5_1TNiaoIe2GADTuNu66brs0zKrIlCjbsWSdOGpF3sCXGMAyB_lAcjBTuV5kRd9JJD-N1kwOOLF_parIQIeAFAAIA","expires_in":7200}
2017-11-02 10:30:12.249 [main] INFO  com.ray.weixin.gz.service.tempmaterial.TempMaterialService - fileName:null
2017-11-02 10:30:12.351 [main] INFO  com.ray.weixin.gz.util.AuthHelper - jsonObject:{"access_token":"LwXRbg5ZaNtad2Qw5CHGq91-JK2wXCDs4D3AiGnDxSPdsrWaNqvHGrXEZXYzkz7ptZp03E1Lsi3g01DFHshykAYqigDf0BfMGThr5YCQNQUpelxy-WGpht6cV8z3xZ1MIIGeAFAAAY","expires_in":7200}
2017-11-02 10:30:14.112 [main] INFO  com.ray.weixin.gz.service.tempmaterial.TempMaterialService - JsonObject:{"media_id":"NFREZRuTaNgMSgnxT5agYtC0AXioWBruqBOeCy--HOI","url":"http://mmbiz.qpic.cn/mmbiz_png/2LubW5xIOiaJZibfzeiaBz0EGXxCkibnOlKfea961kHbpp6hbET8W6efewiadxoU04ceibkLjt0ycysMVPic0sWP3K86g/0?wx_fmt=png"}
2017-11-02 10:30:14.113 [main] INFO  com.ray.weixin.gz.service.tempmaterial.TempMaterialService - 新增永久素材成功:NFREZRuTaNgMSgnxT5agYtC0AXioWBruqBOeCy--HOI
2017-11-02 10:30:14.239 [main] INFO  com.ray.weixin.gz.util.AuthHelper - jsonObject:{"access_token":"LwXRbg5ZaNtad2Qw5CHGq91-JK2wXCDs4D3AiGnDxSPrU4ZxyUtuLL264B5VaSgazBxuAyqVl6iEN5yF5wASSQov9lgW4DUSKNlAI0D-BtXrnLuPVJq0bL55NKZPeqIYIHQeAFANMV","expires_in":7200}
2017-11-02 10:30:15.283 [main] INFO  com.ray.weixin.gz.service.tempmaterial.TempMaterialService - JsonObject:{"url":"http://mmbiz.qpic.cn/mmbiz_png/2LubW5xIOiaJZibfzeiaBz0EGXxCkibnOlKfea961kHbpp6hbET8W6efewiadxoU04ceibkLjt0ycysMVPic0sWP3K86g/0"}
2017-11-02 10:30:15.284 [main] INFO  com.ray.weixin.gz.service.tempmaterial.TempMaterialService - 新增永久素材成功:http://mmbiz.qpic.cn/mmbiz_png/2LubW5xIOiaJZibfzeiaBz0EGXxCkibnOlKfea961kHbpp6hbET8W6efewiadxoU04ceibkLjt0ycysMVPic0sWP3K86g/0
2017-11-02 10:30:15.403 [main] INFO  com.ray.weixin.gz.util.AuthHelper - jsonObject:{"access_token":"LwXRbg5ZaNtad2Qw5CHGq91-JK2wXCDs4D3AiGnDxSMKgOvXM5acH-0EhWlRDKS5SVCU1XMqdcRalWNAapHPYev4et3DdDaE3xRNGKotre4Fxn7MPETTrectVLccGMMPHYHeAFAPGP","expires_in":7200}
2017-11-02 10:30:15.511 [main] INFO  com.ray.weixin.gz.service.user.UserService - jsonObject:{"total":2,"data":{"openid":["oDLefxDvQajibXhSWIWHrkiO1n2o","oDLefxJLf6PIiiw7v2pVKKDVuyc8"]},"count":2,"next_openid":"oDLefxJLf6PIiiw7v2pVKKDVuyc8"}
2017-11-02 10:30:15.512 [main] INFO  com.ray.weixin.gz.test.MenuServiceTest - jsonObject:{"total":2,"data":{"openid":["oDLefxDvQajibXhSWIWHrkiO1n2o","oDLefxJLf6PIiiw7v2pVKKDVuyc8"]},"count":2,"next_openid":"oDLefxJLf6PIiiw7v2pVKKDVuyc8"}
2017-11-02 10:30:15.637 [main] INFO  com.ray.weixin.gz.util.AuthHelper - jsonObject:{"access_token":"LwXRbg5ZaNtad2Qw5CHGq91-JK2wXCDs4D3AiGnDxSMLGK1cV2WMCJdNFjdxUHlgQOd7azugqtyynXUB3XCELFz8NSjiJmRJT9bCpaY0vzhkp8Bug-zOHylLtouegHlPEIKeAFAVZB","expires_in":7200}
2017-11-02 10:30:15.796 [main] INFO  com.ray.weixin.gz.service.user.UserService - jsonObject:{"country":"中国","unionid":"oOuMz1JiWiK6omTrffWF6vkD0h18","subscribe":1,"city":"武汉","openid":"oDLefxDvQajibXhSWIWHrkiO1n2o","tagid_list":[],"sex":1,"groupid":0,"language":"zh_CN","remark":"","subscribe_time":1502722170,"province":"湖北","nickname":"忘川","headimgurl":"http://wx.qlogo.cn/mmopen/Q3auHgzwzM58h4nicrT2gHEsFcqRiafOXJecicbHHfDE8g0yQibkv1rvChW51V0R61ponIhPHdwMll62xBwSR7aasZLCZB7b2veBzBdS3NEDicVg/0"}
2017-11-02 10:30:15.796 [main] INFO  com.ray.weixin.gz.test.MenuServiceTest - jsonObject:{"country":"中国","unionid":"oOuMz1JiWiK6omTrffWF6vkD0h18","subscribe":1,"city":"武汉","openid":"oDLefxDvQajibXhSWIWHrkiO1n2o","tagid_list":[],"sex":1,"groupid":0,"language":"zh_CN","remark":"","subscribe_time":1502722170,"province":"湖北","nickname":"忘川","headimgurl":"http://wx.qlogo.cn/mmopen/Q3auHgzwzM58h4nicrT2gHEsFcqRiafOXJecicbHHfDE8g0yQibkv1rvChW51V0R61ponIhPHdwMll62xBwSR7aasZLCZB7b2veBzBdS3NEDicVg/0"}
2017-11-02 10:30:15.893 [main] INFO  com.ray.weixin.gz.util.AuthHelper - jsonObject:{"access_token":"LwXRbg5ZaNtad2Qw5CHGq91-JK2wXCDs4D3AiGnDxSMSaqsq_oWvNoa9ZbvjOgzzxAqWb5Xr7WKhG9404F59ARzY3uGeae0reJKmS3nRktj7IXhx3DIVmdUbVfvvJQ4oTSLeAFAWVO","expires_in":7200}
2017-11-02 10:30:16.001 [main] INFO  com.ray.weixin.gz.service.user.UserService - jsonObject:{"total":2,"data":{"openid":["oDLefxJLf6PIiiw7v2pVKKDVuyc8"]},"count":1,"next_openid":"oDLefxJLf6PIiiw7v2pVKKDVuyc8"}
2017-11-02 10:30:16.001 [main] INFO  com.ray.weixin.gz.test.MenuServiceTest - jsonObject:{"total":2,"data":{"openid":["oDLefxJLf6PIiiw7v2pVKKDVuyc8"]},"count":1,"next_openid":"oDLefxJLf6PIiiw7v2pVKKDVuyc8"}
