2017-11-08 23:25:15.054 [http-apr-8080-exec-9] INFO  com.ray.weixin.qy.controller.WeiXinServlet - post--------------
2017-11-08 23:25:15.058 [http-apr-8080-exec-9] INFO  com.ray.weixin.qy.service.message.reply.ReplyMessageService - parms:{"msg_signature":["7e97badb1426bb0d6e48296b1663f244ef0b6f4f"],"timestamp":["1510154714"],"nonce":["1087022362"]}
2017-11-08 23:25:15.058 [http-apr-8080-exec-9] INFO  com.ray.weixin.qy.service.message.reply.ReplyMessageService - postData:<xml><ToUserName><![CDATA[ww92f5da92bb24696e]]></ToUserName><Encrypt><![CDATA[I8ItdRzHYoLEnkRKoZcp/jwKcR7jJiP35wn54bsKyMEeg1/iKUgUfvGXkUd5yc38T4DAcIVRewZAtupEOmGieIyYiS1PdKwL/4Y76oKg9vJTZCovA92gKugozNRBNrorUCNKABSamA0MIZZN69Nxb2aMVIyVTVQJ+RloisVrrRFJTNZwah3yrqfgQqy6WHJGeYD5RHCYy3f75QX5qm20UqbU7DqUsAmtfAL3TLZDUYgocTxqPENiu+7wSs+NJ1KEpsO3Xq5M3Hyf6efb9KEDOFKFMlJx0iOCjufR7RI5ckiq1Vb/9APkPQxFxwrfD3XC/p6YYUYsMirqGRiVxh4QU/YhaB6zRL58wAp1CGEnXKAMfCP02gJ3AExfnH2dScuTaqchXyOQnGDjArPSkWJp4G6Si2TKtagr7/GJxddoWYNpd1R+5x3YxYCzy5IC11XnmkDQjNM8rUj3Q9jRSfEPdvWkjiBzp9f72nctxaNYY1ZVEldHe2j524Tvii6UFrZx]]></Encrypt><AgentID><![CDATA[1000002]]></AgentID></xml>
2017-11-08 23:25:15.060 [http-apr-8080-exec-9] INFO  com.ray.weixin.qy.service.message.reply.ReplyMessageService - reply_xmlMsg:<xml><ToUserName><![CDATA[ww92f5da92bb24696e]]></ToUserName><FromUserName><![CDATA[ShiRui]]></FromUserName><CreateTime>1510154714</CreateTime><MsgType><![CDATA[event]]></MsgType><AgentID>1000002</AgentID><Event><![CDATA[LOCATION]]></Event><Latitude>31.1615</Latitude><Longitude>121.142</Longitude><Precision>15</Precision></xml>
2017-11-08 23:25:15.060 [http-apr-8080-exec-9] INFO  com.ray.weixin.qy.service.message.reply.ReplyMessageService - fromUserName:ShiRui
2017-11-08 23:25:15.060 [http-apr-8080-exec-9] INFO  com.ray.weixin.qy.service.message.reply.ReplyMessageService - toUserName:ww92f5da92bb24696e
2017-11-08 23:25:15.060 [http-apr-8080-exec-9] INFO  com.ray.weixin.qy.service.message.reply.ReplyMessageService - msgType:event
2017-11-08 23:25:15.061 [http-apr-8080-exec-9] INFO  com.ray.weixin.qy.service.message.reply.ReplyMessageService - Event:LOCATION  eventKey:null
2017-11-08 23:25:29.713 [http-apr-8080-exec-8] INFO  com.ray.weixin.qy.controller.WeiXinServlet - post--------------
2017-11-08 23:25:29.716 [http-apr-8080-exec-8] INFO  com.ray.weixin.qy.service.message.reply.ReplyMessageService - parms:{"msg_signature":["2c67af5e39b18219bdad1f325f4e232a1859f840"],"timestamp":["1510154729"],"nonce":["1878608381"]}
2017-11-08 23:25:29.717 [http-apr-8080-exec-8] INFO  com.ray.weixin.qy.service.message.reply.ReplyMessageService - postData:<xml><ToUserName><![CDATA[ww92f5da92bb24696e]]></ToUserName><Encrypt><![CDATA[BBO7cDU1qe3Z5hyxbYTZjI4I76Ipy2DsQdXkyuYJuBfExfSYEDNzSEHDJkoq1uwVy2ABUOBA8nyCvMixQOOfi3W7eMhTNaSfhFV3NYeSTNRAlOEXW8boGIl+x6/hobRvIpHeewEwvsykqf8uUey/dEBanw2l5V7ZRzjTkfFqpajqBaWqsPvfAIInjbFlCtB5/FF6Xh/z3LP2eyLekTQu20ZD9ADDMZ5z5gV/aZv+qjTv0ptw2Pq6PzMyG14nJkYAta0yYo7WtcyhXyjZeyc1QgsyL8ZyopY9DCSYCgUEqp0TbXqLjRKFhE5Q2vShun+lq+lEqpjQ87k9UsRgd+6TiAWGMuW8T1+lBuUU5HtJHMxOrvWlOi1jwRnjz5QlflbPN1eL1lhO+zmNV7ERwj/y9lBbxIhIgJb7Gckj471ULkGnY7kZ1kOU2phGAGQz0wXDw9nUKBoqkjj5BA2/5v8X+C7Pm0hZeo8NLmy/2NK/wEtSVWSlIwNhAJhqATbiIKKY]]></Encrypt><AgentID><![CDATA[1000002]]></AgentID></xml>
2017-11-08 23:25:29.721 [http-apr-8080-exec-8] INFO  com.ray.weixin.qy.service.message.reply.ReplyMessageService - reply_xmlMsg:<xml><ToUserName><![CDATA[ww92f5da92bb24696e]]></ToUserName><FromUserName><![CDATA[ShiRui]]></FromUserName><CreateTime>1510154729</CreateTime><MsgType><![CDATA[event]]></MsgType><AgentID>1000002</AgentID><Event><![CDATA[LOCATION]]></Event><Latitude>31.1615</Latitude><Longitude>121.142</Longitude><Precision>15</Precision></xml>
2017-11-08 23:25:29.724 [http-apr-8080-exec-8] INFO  com.ray.weixin.qy.service.message.reply.ReplyMessageService - fromUserName:ShiRui
2017-11-08 23:25:29.725 [http-apr-8080-exec-8] INFO  com.ray.weixin.qy.service.message.reply.ReplyMessageService - toUserName:ww92f5da92bb24696e
2017-11-08 23:25:29.725 [http-apr-8080-exec-8] INFO  com.ray.weixin.qy.service.message.reply.ReplyMessageService - msgType:event
2017-11-08 23:25:29.726 [http-apr-8080-exec-8] INFO  com.ray.weixin.qy.service.message.reply.ReplyMessageService - Event:LOCATION  eventKey:null
2017-11-08 23:25:52.260 [http-apr-8080-exec-3] INFO  com.ray.weixin.qy.controller.WeiXinServlet - post--------------
2017-11-08 23:25:52.261 [http-apr-8080-exec-3] INFO  com.ray.weixin.qy.service.message.reply.ReplyMessageService - parms:{"msg_signature":["a3ceea8f84d511f14f1ee929e8259b77d881fc2b"],"timestamp":["1510154751"],"nonce":["287194427"]}
2017-11-08 23:25:52.262 [http-apr-8080-exec-3] INFO  com.ray.weixin.qy.service.message.reply.ReplyMessageService - postData:<xml><ToUserName><![CDATA[ww92f5da92bb24696e]]></ToUserName><Encrypt><![CDATA[lLwdqtIWRu8jVBaNd/cWqBzGbk5/ou1/kxy1+HHQHfQ5XTeiIcfoRu+uHZ4N2GtviXdS82WIFYnpoCa6gM7IoNkxqlCCPBKa47wXILAd78BBZzk0JI5G8UbZKkXOQCqUOsw82nj19z71Wo7yeVkmIUJtw7bnphYJ0Ip42PigJYVDUT8u0rolOaZTRd2dLy7FHkiQMBml2Yy8x840Fxz6uBAqsJGEaGpUoR77HEQ9f/vfOwmEA4XdBCeqMEgWErLtp26RWxGTqfFv/dg8vosnW23GhoPNqZgBlMo0KyZPsYNoI6MD4NHF5TlqPaX8AoWVSXWdkmOInVrESvL63q2gmk9mg4ZerPeORPKxfgUMU/Uzd8oH+XT/XkPKXweJbPdMjZbh2DCqUJHUSKKjShAKgd8r5+Mcjhr2EV1S8E4CausXrmavILbZmgQUEthPeDuzpPNOi/6S4lkPORDpa4xUoCKcJEfizngkIx0Ye33KMV75M0+cd6mbGPgxPTqYVqtz]]></Encrypt><AgentID><![CDATA[1000002]]></AgentID></xml>
2017-11-08 23:25:52.265 [http-apr-8080-exec-3] INFO  com.ray.weixin.qy.service.message.reply.ReplyMessageService - reply_xmlMsg:<xml><ToUserName><![CDATA[ww92f5da92bb24696e]]></ToUserName><FromUserName><![CDATA[ShiRui]]></FromUserName><CreateTime>1510154751</CreateTime><MsgType><![CDATA[event]]></MsgType><AgentID>1000002</AgentID><Event><![CDATA[LOCATION]]></Event><Latitude>31.1615</Latitude><Longitude>121.142</Longitude><Precision>15</Precision></xml>
2017-11-08 23:25:52.268 [http-apr-8080-exec-3] INFO  com.ray.weixin.qy.service.message.reply.ReplyMessageService - fromUserName:ShiRui
2017-11-08 23:25:52.269 [http-apr-8080-exec-3] INFO  com.ray.weixin.qy.service.message.reply.ReplyMessageService - toUserName:ww92f5da92bb24696e
2017-11-08 23:25:52.269 [http-apr-8080-exec-3] INFO  com.ray.weixin.qy.service.message.reply.ReplyMessageService - msgType:event
2017-11-08 23:25:52.269 [http-apr-8080-exec-3] INFO  com.ray.weixin.qy.service.message.reply.ReplyMessageService - Event:LOCATION  eventKey:null
2017-11-08 23:25:53.316 [http-apr-8080-exec-4] INFO  com.ray.weixin.qy.controller.WeiXinServlet - post--------------
2017-11-08 23:25:53.316 [http-apr-8080-exec-4] INFO  com.ray.weixin.qy.service.message.reply.ReplyMessageService - parms:{"msg_signature":["df1e62d2b1e2eff6bd1b116a79541aa03bcd131b"],"timestamp":["1510154752"],"nonce":["1332999401"]}
2017-11-08 23:25:53.316 [http-apr-8080-exec-4] INFO  com.ray.weixin.qy.service.message.reply.ReplyMessageService - postData:<xml><ToUserName><![CDATA[ww92f5da92bb24696e]]></ToUserName><Encrypt><![CDATA[YjEjWLTomlWF50rqc3JrNklankbEHDeuCIs4ayZb7xGVe4GUAuCNW61yYL+LWoDFqyO9TiXS5BuKaLyOyk/UGl16UxJGxzKrP9AV80iX6e95UlwaQ80crvQfDxBBlhqF44XG8k6MkL/sLaSQ+Wic8JJwJrNHC8R1cLtOD9hY994zU/inDSlFhz4mfX0NVKKq8qAzmy5DPLfejMcx3Vzx7MJ1fZwsW8Xmpe1r8+2n78/9Oqsez7+vLCFldXpL49XgSYSHRXaJelG34J7SFDwRNSpjJ/hh2eTgNUKJC9labnw7g+ve3frcgbKwXgLfOrrD0SHfBfjObrqY1zM+HU/TN2DK7AEhQEpzUCFrtdhh5cEGDTEe1v3QhS8xUGRcpPP4zfaBPmxeVcLoFr7Dr3X1NPIEx98Dnx486CPBruaIICU0hIPXbBvZBvXqIOh0J2gZfOvhSMa/ZwarsqhAbX2aoffBdy1MqtqaGu51KcQk5pTLt8iEPldxgOopWhMA7TtR]]></Encrypt><AgentID><![CDATA[1000002]]></AgentID></xml>
2017-11-08 23:25:53.319 [http-apr-8080-exec-4] INFO  com.ray.weixin.qy.service.message.reply.ReplyMessageService - reply_xmlMsg:<xml><ToUserName><![CDATA[ww92f5da92bb24696e]]></ToUserName><FromUserName><![CDATA[ShiRui]]></FromUserName><CreateTime>1510154752</CreateTime><MsgType><![CDATA[event]]></MsgType><AgentID>1000002</AgentID><Event><![CDATA[view]]></Event><EventKey><![CDATA[http://rayner.nat300.top/weixin_qy/showInvoice.jsp]]></EventKey></xml>
2017-11-08 23:25:53.324 [http-apr-8080-exec-4] INFO  com.ray.weixin.qy.service.message.reply.ReplyMessageService - fromUserName:ShiRui
2017-11-08 23:25:53.324 [http-apr-8080-exec-4] INFO  com.ray.weixin.qy.service.message.reply.ReplyMessageService - toUserName:ww92f5da92bb24696e
2017-11-08 23:25:53.324 [http-apr-8080-exec-4] INFO  com.ray.weixin.qy.service.message.reply.ReplyMessageService - msgType:event
2017-11-08 23:25:53.325 [http-apr-8080-exec-4] INFO  com.ray.weixin.qy.service.message.reply.ReplyMessageService - Event:view  eventKey:http://rayner.nat300.top/weixin_qy/showInvoice.jsp
2017-11-08 23:25:53.613 [http-apr-8080-exec-5] INFO  com.ray.weixin.qy.util.AuthHelper - jsonObject:{"errcode":0,"access_token":"jORltodFeBunX9qqOO3onXWetm4IxpVxpNJavkw2Rp8nfwtnxZJtpDnPsV-YAgupxOQ52Borm867Vad7SzidjldD7pJyNtj_H0AFB_I_Ny3JcQ2Xxjimj3ynq8LsRhO6jQcKTmsEKhvkjB8FEYrxc76uNhmElBN7FqQzU_2K2-qLp3gO6IFyj0XAZWN5DbN79D1FX77DDJRIc4yhJ4fhZw","errmsg":"ok","expires_in":7200}
2017-11-08 23:25:54.055 [http-apr-8080-exec-5] INFO  com.ray.weixin.qy.util.AuthHelper - jsonObject:{"errcode":0,"ticket":"kgt8ON7yVITDhtdwci0qebCLEfC_BfeygIq8cFPLbdYRC-Gx-GGzO1qGlOtHzGsquk0FMt_T3dkjox8FKLfdsg","errmsg":"ok","expires_in":7200}
2017-11-08 23:25:54.056 [http-apr-8080-exec-5] INFO  com.ray.weixin.qy.util.AuthHelper - url:http://rayner.nat300.top/weixin_qy/showInvoice.jsp
2017-11-08 23:25:54.057 [http-apr-8080-exec-5] INFO  com.ray.weixin.qy.util.AuthHelper - accessToken:jORltodFeBunX9qqOO3onXWetm4IxpVxpNJavkw2Rp8nfwtnxZJtpDnPsV-YAgupxOQ52Borm867Vad7SzidjldD7pJyNtj_H0AFB_I_Ny3JcQ2Xxjimj3ynq8LsRhO6jQcKTmsEKhvkjB8FEYrxc76uNhmElBN7FqQzU_2K2-qLp3gO6IFyj0XAZWN5DbN79D1FX77DDJRIc4yhJ4fhZw
2017-11-08 23:25:54.057 [http-apr-8080-exec-5] INFO  com.ray.weixin.qy.util.AuthHelper - jsapi_ticket:kgt8ON7yVITDhtdwci0qebCLEfC_BfeygIq8cFPLbdYRC-Gx-GGzO1qGlOtHzGsquk0FMt_T3dkjox8FKLfdsg
2017-11-08 23:25:54.057 [http-apr-8080-exec-5] INFO  com.ray.weixin.qy.util.AuthHelper - appId:ww92f5da92bb24696e
2017-11-08 23:25:54.057 [http-apr-8080-exec-5] INFO  com.ray.weixin.qy.util.AuthHelper - timestamp:1510154753
2017-11-08 23:25:54.057 [http-apr-8080-exec-5] INFO  com.ray.weixin.qy.util.AuthHelper - nonceStr:b2422aed-f9ba-4b35-97c6-50150a32f00f
2017-11-08 23:25:54.058 [http-apr-8080-exec-5] INFO  com.ray.weixin.qy.util.AuthHelper - signature:42fa95dd0d40ce8adc105cf9cc86fcab7e647ce1
2017-11-08 23:25:54.058 [http-apr-8080-exec-5] INFO  com.ray.weixin.qy.util.AuthHelper - configValue:{"signature":"42fa95dd0d40ce8adc105cf9cc86fcab7e647ce1","appId":"ww92f5da92bb24696e","nonceStr":"b2422aed-f9ba-4b35-97c6-50150a32f00f","timestamp":"1510154753"}
2017-11-08 23:25:56.998 [http-apr-8080-exec-2] INFO  com.ray.weixin.qy.controller.WeiXinServlet - post--------------
2017-11-08 23:25:56.999 [http-apr-8080-exec-2] INFO  com.ray.weixin.qy.service.message.reply.ReplyMessageService - parms:{"msg_signature":["0ecc579380f62b3281d5977774d8767c661c02ea"],"timestamp":["1510154756"],"nonce":["1803782010"]}
2017-11-08 23:25:57.000 [http-apr-8080-exec-2] INFO  com.ray.weixin.qy.service.message.reply.ReplyMessageService - postData:<xml><ToUserName><![CDATA[ww92f5da92bb24696e]]></ToUserName><Encrypt><![CDATA[1qxjzRnU3GnIBWPVRlMwzRCm8Asyzq/vadIk+8tvqOsGp/9nu9C7ksR3lXIN5LmOMUdpoW7LJkJfKXDM/PNAnB/1502QirgMsOGtaO3eVC6H3t8fjUTsQdDpArQuk+/9TisPPktnHLW7vpQUTtPke/uOXyNHG7AilA8nc4OLZ4O1tHbyghxwMzhXASlsZW7sz58WfuigBrzAxbZe28huoJ7XgPR0T4LkgprNggYsV0kLX9GQ1sPsoxcRKiSHDbefmhXFc24ynSWBrJqVGCpRnbwO6uF3d7am2p+9GPaPZfKK5cUwCqRCJvQVfa6c9xxfxxWgmad+6c8bOE9NSVAU2OgkKORo9nI/oZgarqkxtkEihMEoiKk+lOxBOe4VMSihUaQuBNhaQ11CCGx9fKQj/S/044qa3nY3njRPPlAR5X0pHETiKmGTZRFwuQrkTlBJfwmXkgjK+CTDP8EXdC0staLGsYdRozNqV3WfQgBMqvJF/Nqnx9wgwxX+ONC5QWRT]]></Encrypt><AgentID><![CDATA[1000002]]></AgentID></xml>
2017-11-08 23:25:57.004 [http-apr-8080-exec-2] INFO  com.ray.weixin.qy.service.message.reply.ReplyMessageService - reply_xmlMsg:<xml><ToUserName><![CDATA[ww92f5da92bb24696e]]></ToUserName><FromUserName><![CDATA[ShiRui]]></FromUserName><CreateTime>1510154756</CreateTime><MsgType><![CDATA[event]]></MsgType><AgentID>1000002</AgentID><Event><![CDATA[LOCATION]]></Event><Latitude>31.1615</Latitude><Longitude>121.142</Longitude><Precision>15</Precision></xml>
2017-11-08 23:25:57.009 [http-apr-8080-exec-2] INFO  com.ray.weixin.qy.service.message.reply.ReplyMessageService - fromUserName:ShiRui
2017-11-08 23:25:57.009 [http-apr-8080-exec-2] INFO  com.ray.weixin.qy.service.message.reply.ReplyMessageService - toUserName:ww92f5da92bb24696e
2017-11-08 23:25:57.010 [http-apr-8080-exec-2] INFO  com.ray.weixin.qy.service.message.reply.ReplyMessageService - msgType:event
2017-11-08 23:25:57.010 [http-apr-8080-exec-2] INFO  com.ray.weixin.qy.service.message.reply.ReplyMessageService - Event:LOCATION  eventKey:null
