2017-11-09 09:44:03.265 [http-apr-8080-exec-7] INFO  com.ray.weixin.qy.controller.WeiXinServlet - post--------------
2017-11-09 09:44:03.284 [http-apr-8080-exec-7] INFO  com.ray.weixin.qy.service.message.reply.ReplyMessageService - parms:{"msg_signature":["ff1cbe8a3bcc0fc9262c71da07eee4e8bd548355"],"timestamp":["1510191842"],"nonce":["1897998750"]}
2017-11-09 09:44:03.285 [http-apr-8080-exec-7] INFO  com.ray.weixin.qy.service.message.reply.ReplyMessageService - postData:<xml><ToUserName><![CDATA[ww92f5da92bb24696e]]></ToUserName><Encrypt><![CDATA[xdOQeBqiLJftTL/h6cG+TF2BbqfZ3XEv9JcCV7HaM0+9jTcCclxoVG7OXaCi4i0OVOgc85I4OpOEXVuMtLf/bXWjPUT+RH5qpz2mg8E+fyCtpEndrM2iFV+W9Zoa0HqBfuY4bA37v4HX6t8GdQ2t5Hxi3nOD7HCyUCzrz1IYrqjtZpRtxj6JxWGiFqKp5Cc/OJRSfCpAoCxijB3iQ2JZPPp0PBQ5+vlpWxaucAzSweg9ayQQnq6cxjZn4IuvbjBWQ5BGzRTpncafw0eszXkEZS7XH9dHyiU7O4jnQ995ntwd0UTrh43bE3RyTI1eA3aSlDFGc5Os3og0JmchEsODm1lfFJGqy/E7H/u0KMC4yzDd7ZxzXesCt+qwk5mUfq9hBolTvj+6fyclANVg2C046ugT0hnQyzpX5yMFxRyUV6pk5xCKlftL1kNYFykaUA9Ocj8zmvNJUJ+YGUp1cKZEU99u5f5v+5Fi3Sb6nyZDyxo4qhb1qT1UMZhHwHVMtD46]]></Encrypt><AgentID><![CDATA[1000002]]></AgentID></xml>
2017-11-09 09:44:03.293 [http-apr-8080-exec-7] INFO  com.ray.weixin.qy.service.message.reply.ReplyMessageService - reply_xmlMsg:<xml><ToUserName><![CDATA[ww92f5da92bb24696e]]></ToUserName><FromUserName><![CDATA[ShiRui]]></FromUserName><CreateTime>1510191842</CreateTime><MsgType><![CDATA[event]]></MsgType><AgentID>1000002</AgentID><Event><![CDATA[LOCATION]]></Event><Latitude>31.1676</Latitude><Longitude>121.156</Longitude><Precision>15</Precision></xml>
2017-11-09 09:44:03.299 [http-apr-8080-exec-7] INFO  com.ray.weixin.qy.service.message.reply.ReplyMessageService - fromUserName:ShiRui
2017-11-09 09:44:03.300 [http-apr-8080-exec-7] INFO  com.ray.weixin.qy.service.message.reply.ReplyMessageService - toUserName:ww92f5da92bb24696e
2017-11-09 09:44:03.300 [http-apr-8080-exec-7] INFO  com.ray.weixin.qy.service.message.reply.ReplyMessageService - msgType:event
2017-11-09 09:44:03.300 [http-apr-8080-exec-7] INFO  com.ray.weixin.qy.service.message.reply.ReplyMessageService - Event:LOCATION  eventKey:null
2017-11-09 09:44:08.277 [http-apr-8080-exec-10] INFO  com.ray.weixin.qy.controller.WeiXinServlet - post--------------
2017-11-09 09:44:08.278 [http-apr-8080-exec-10] INFO  com.ray.weixin.qy.service.message.reply.ReplyMessageService - parms:{"msg_signature":["f75f9ea27df5a56ebbae2af57db62e6c4eabb5e7"],"timestamp":["1510191847"],"nonce":["1197248718"]}
2017-11-09 09:44:08.280 [http-apr-8080-exec-10] INFO  com.ray.weixin.qy.service.message.reply.ReplyMessageService - postData:<xml><ToUserName><![CDATA[ww92f5da92bb24696e]]></ToUserName><Encrypt><![CDATA[aNniS6xQgoDDZTVwUmmGzBTsrvezPBpL6H/UozEe+1MRO/BGKH9v0k7LwySV0/2DWeRiICu5MTEEi8yP+syimMdahjYhjlYFI5GMwb849SHd+L4wFDVNSVqyStMceFnaZVVBPvRQI33jglYHww5b2TGjZwCQKAaJ+z/32G+CTktT/WabIJfBQfduXwsceftT+m6rzfRdFuA/NRcLkF7/2TrJtx1v1BrZrugMtXaOCSy8MmbJMBt/Ub+y08rK+3437mAaiWVnTqp2wkjfO7EOifn5H1V1fSX22qCj0ivzD2dW3sD2tigc57o7eqVM3ywxXOZR5fe3SZcfiGaKJzvb0DEQzRUTqT9jlfOrBkZGiwHLLZdSjTnmEXjHggs3JRzF48n6/lNRy5W2Gwi3QkvFoIGH7GAd3HgRLvGLxnZ7rSTt8n2MHGTTIivsfXdT5maxwIvls84AZtF9Vbys8brIL+UFopvZqA1vO53U0zVEVhyycbh5SLxbyjxD9pSbshyN]]></Encrypt><AgentID><![CDATA[1000002]]></AgentID></xml>
2017-11-09 09:44:08.288 [http-apr-8080-exec-10] INFO  com.ray.weixin.qy.service.message.reply.ReplyMessageService - reply_xmlMsg:<xml><ToUserName><![CDATA[ww92f5da92bb24696e]]></ToUserName><FromUserName><![CDATA[ShiRui]]></FromUserName><CreateTime>1510191847</CreateTime><MsgType><![CDATA[event]]></MsgType><AgentID>1000002</AgentID><Event><![CDATA[LOCATION]]></Event><Latitude>31.1676</Latitude><Longitude>121.156</Longitude><Precision>15</Precision></xml>
2017-11-09 09:44:08.297 [http-apr-8080-exec-10] INFO  com.ray.weixin.qy.service.message.reply.ReplyMessageService - fromUserName:ShiRui
2017-11-09 09:44:08.297 [http-apr-8080-exec-10] INFO  com.ray.weixin.qy.service.message.reply.ReplyMessageService - toUserName:ww92f5da92bb24696e
2017-11-09 09:44:08.298 [http-apr-8080-exec-10] INFO  com.ray.weixin.qy.service.message.reply.ReplyMessageService - msgType:event
2017-11-09 09:44:08.299 [http-apr-8080-exec-10] INFO  com.ray.weixin.qy.service.message.reply.ReplyMessageService - Event:LOCATION  eventKey:null
2017-11-09 09:44:09.558 [http-apr-8080-exec-1] INFO  com.ray.weixin.qy.controller.WeiXinServlet - post--------------
2017-11-09 09:44:09.560 [http-apr-8080-exec-1] INFO  com.ray.weixin.qy.service.message.reply.ReplyMessageService - parms:{"msg_signature":["089c023c7220e5196f2692987bedc3d660bd255c"],"timestamp":["1510191849"],"nonce":["1432154669"]}
2017-11-09 09:44:09.562 [http-apr-8080-exec-1] INFO  com.ray.weixin.qy.service.message.reply.ReplyMessageService - postData:<xml><ToUserName><![CDATA[ww92f5da92bb24696e]]></ToUserName><Encrypt><![CDATA[BIceE5QMxxevdISu0r/G+NkaYX15b57wWbKc0+zD7l2HIz0Y8JCa6dwpzZJjSlFEsT60LHc+MQMYCIwTC8OSIKVsaTqwHCt2Rh6ILgn3nTQLqrX2/fGWQN/0AYP4yjuqbMF5JZTMDBMpUUxaCBBCfw4mDBjUjPhPC2sQikktITKLW8FDxzqKkcBUtowg3KOrxRaUc7OOKmQM0Xu3uS6emUQuCpi0OOIrJu0W4O9vvX25UjtLnytbcrsPbTku/Yeui8XEQ1ZFiPqipAqPGWQRU/tpaugKfn3Mvk4xBRojU6PjbtCsruB8n6a4lnTJ+cqi6qKyAO/8Dl5zi7oKydgHU0BQcTqpWE+kDk7PTd09Ll/NKK/WayE5OFLzInlD4+sW0x7wDYyRftyExQ+ORe0SzqDcs4jlKDhp9uglrsOLmnem5xPxxk5qf3qQXKwYPDETrZT9H0BsiJgBjO/SjQQXqCX5r3j5A8+n7CC4vZQlMS23L2Js1hD/cY8334dzeAb9]]></Encrypt><AgentID><![CDATA[1000002]]></AgentID></xml>
2017-11-09 09:44:09.570 [http-apr-8080-exec-1] INFO  com.ray.weixin.qy.service.message.reply.ReplyMessageService - reply_xmlMsg:<xml><ToUserName><![CDATA[ww92f5da92bb24696e]]></ToUserName><FromUserName><![CDATA[ShiRui]]></FromUserName><CreateTime>1510191848</CreateTime><MsgType><![CDATA[event]]></MsgType><AgentID>1000002</AgentID><Event><![CDATA[LOCATION]]></Event><Latitude>31.1695</Latitude><Longitude>121.152</Longitude><Precision>0</Precision></xml>
2017-11-09 09:44:09.574 [http-apr-8080-exec-1] INFO  com.ray.weixin.qy.service.message.reply.ReplyMessageService - fromUserName:ShiRui
2017-11-09 09:44:09.576 [http-apr-8080-exec-1] INFO  com.ray.weixin.qy.service.message.reply.ReplyMessageService - toUserName:ww92f5da92bb24696e
2017-11-09 09:44:09.577 [http-apr-8080-exec-1] INFO  com.ray.weixin.qy.service.message.reply.ReplyMessageService - msgType:event
2017-11-09 09:44:09.577 [http-apr-8080-exec-1] INFO  com.ray.weixin.qy.service.message.reply.ReplyMessageService - Event:LOCATION  eventKey:null
2017-11-09 09:44:10.484 [http-apr-8080-exec-4] INFO  com.ray.weixin.qy.controller.WeiXinServlet - post--------------
2017-11-09 09:44:10.485 [http-apr-8080-exec-4] INFO  com.ray.weixin.qy.service.message.reply.ReplyMessageService - parms:{"msg_signature":["68306875a874fc5e8f87e987e91963426577efa4"],"timestamp":["1510191849"],"nonce":["905206088"]}
2017-11-09 09:44:10.486 [http-apr-8080-exec-4] INFO  com.ray.weixin.qy.service.message.reply.ReplyMessageService - postData:<xml><ToUserName><![CDATA[ww92f5da92bb24696e]]></ToUserName><Encrypt><![CDATA[K3g4S9n/Hlg4XGIxwHCUHXxmO1aOpGaNpFH3/yLvzgBiPsN8w2gFLoJtQIl2upCcOzmuP7j9aRidfr3Q8xDlgrCUm9J/MdkLzNNTdaPqmrzu3Poe0Fz0Hd5UCzt02YvWMqhjdP6nbyxCwBS8lzT9NJf1F+gng6d0NB0ZzOEsb3mK4RJJ4udI/RyRMscGxpYo9YlnKjUK8w7g+NT1R5yiPquUzeOKJ2PSQ5Hqslf0AioodzeiIFgv7RV7SzPKFtAbSQx/jEhuV7GrkXORLycMKAc656CMV6zohO0XAJ4TI0rqRtQc1TlUTPyCn99QPvtMp/4jLnzGn/LCnh2pggQThTYr8xcO/JHeiG/28wpbX6Fwub7dKP3bdg/CzH0QdqCwgwStDDzfD/LrLEzLWVL64MFSCy6Y3PXhWisU4TrtneUUKoc8Qix30HnBDIEtbvaxld15mWWdbELhdoYKto6J3WxUecTwy9ma58V+j2ZDqAhMTZ1AZlqASDLo2C/4s3Ta]]></Encrypt><AgentID><![CDATA[1000002]]></AgentID></xml>
2017-11-09 09:44:10.490 [http-apr-8080-exec-4] INFO  com.ray.weixin.qy.service.message.reply.ReplyMessageService - reply_xmlMsg:<xml><ToUserName><![CDATA[ww92f5da92bb24696e]]></ToUserName><FromUserName><![CDATA[ShiRui]]></FromUserName><CreateTime>1510191849</CreateTime><MsgType><![CDATA[event]]></MsgType><AgentID>1000002</AgentID><Event><![CDATA[view]]></Event><EventKey><![CDATA[http://rayner.nat300.top/weixin_qy/showInvoice.jsp]]></EventKey></xml>
2017-11-09 09:44:10.493 [http-apr-8080-exec-4] INFO  com.ray.weixin.qy.service.message.reply.ReplyMessageService - fromUserName:ShiRui
2017-11-09 09:44:10.494 [http-apr-8080-exec-4] INFO  com.ray.weixin.qy.service.message.reply.ReplyMessageService - toUserName:ww92f5da92bb24696e
2017-11-09 09:44:10.494 [http-apr-8080-exec-4] INFO  com.ray.weixin.qy.service.message.reply.ReplyMessageService - msgType:event
2017-11-09 09:44:10.495 [http-apr-8080-exec-4] INFO  com.ray.weixin.qy.service.message.reply.ReplyMessageService - Event:view  eventKey:http://rayner.nat300.top/weixin_qy/showInvoice.jsp
2017-11-09 09:44:12.064 [http-apr-8080-exec-7] INFO  com.ray.weixin.qy.util.AuthHelper - jsonObject:{"errcode":0,"access_token":"RVUMhaz-QcALWPrIef8VlQayDM5w55oYDw5FrLAax9W4TOLAOXTnChxYEP2-74uxxPT2C9i1I9wewB97GuODOPyN3p7to4_wYWQ3cAQMv-owZeVpxS-gopdSUPHtRFsxqx5m0RnpBhh0BI0DFiUS85FISGwMzmvNvPe6ZvlKrM54gETQx1ZRdVGQSMHVYFzqZBb9C7q_gw-eZZ9u8Kqw4A","errmsg":"ok","expires_in":7200}
2017-11-09 09:44:12.493 [http-apr-8080-exec-7] INFO  com.ray.weixin.qy.util.AuthHelper - jsonObject:{"errcode":0,"ticket":"kgt8ON7yVITDhtdwci0qebCLEfC_BfeygIq8cFPLbdbVIB76UKmHNQSOygZvd-Z1ed9TEYoCChiRyMVxpC9-UQ","errmsg":"ok","expires_in":7200}
2017-11-09 09:44:12.496 [http-apr-8080-exec-7] INFO  com.ray.weixin.qy.util.AuthHelper - url:http://rayner.nat300.top/weixin_qy/showInvoice.jsp
2017-11-09 09:44:12.496 [http-apr-8080-exec-7] INFO  com.ray.weixin.qy.util.AuthHelper - accessToken:RVUMhaz-QcALWPrIef8VlQayDM5w55oYDw5FrLAax9W4TOLAOXTnChxYEP2-74uxxPT2C9i1I9wewB97GuODOPyN3p7to4_wYWQ3cAQMv-owZeVpxS-gopdSUPHtRFsxqx5m0RnpBhh0BI0DFiUS85FISGwMzmvNvPe6ZvlKrM54gETQx1ZRdVGQSMHVYFzqZBb9C7q_gw-eZZ9u8Kqw4A
2017-11-09 09:44:12.497 [http-apr-8080-exec-7] INFO  com.ray.weixin.qy.util.AuthHelper - jsapi_ticket:kgt8ON7yVITDhtdwci0qebCLEfC_BfeygIq8cFPLbdbVIB76UKmHNQSOygZvd-Z1ed9TEYoCChiRyMVxpC9-UQ
2017-11-09 09:44:12.497 [http-apr-8080-exec-7] INFO  com.ray.weixin.qy.util.AuthHelper - appId:ww92f5da92bb24696e
2017-11-09 09:44:12.497 [http-apr-8080-exec-7] INFO  com.ray.weixin.qy.util.AuthHelper - timestamp:1510191851
2017-11-09 09:44:12.498 [http-apr-8080-exec-7] INFO  com.ray.weixin.qy.util.AuthHelper - nonceStr:f9b64cf9-e641-4d53-8a1c-f7a9250b2922
2017-11-09 09:44:12.498 [http-apr-8080-exec-7] INFO  com.ray.weixin.qy.util.AuthHelper - signature:c9389364d6ed6c96ed60ef09055df069979ff354
2017-11-09 09:44:12.499 [http-apr-8080-exec-7] INFO  com.ray.weixin.qy.util.AuthHelper - configValue:{"signature":"c9389364d6ed6c96ed60ef09055df069979ff354","appId":"ww92f5da92bb24696e","nonceStr":"f9b64cf9-e641-4d53-8a1c-f7a9250b2922","timestamp":"1510191851"}
2017-11-09 09:44:13.322 [http-apr-8080-exec-1] INFO  com.ray.weixin.qy.controller.WeiXinServlet - post--------------
2017-11-09 09:44:13.325 [http-apr-8080-exec-1] INFO  com.ray.weixin.qy.service.message.reply.ReplyMessageService - parms:{"msg_signature":["f7346c696b1c02874160064c74f119a6c320c2b3"],"timestamp":["1510191852"],"nonce":["818267286"]}
2017-11-09 09:44:13.326 [http-apr-8080-exec-1] INFO  com.ray.weixin.qy.service.message.reply.ReplyMessageService - postData:<xml><ToUserName><![CDATA[ww92f5da92bb24696e]]></ToUserName><Encrypt><![CDATA[niwPG5FkCCiR6yj1OBL6Eu8twRiQKtuuvYZkHqukTx9aXroYNl6P5cMJFE9J5YEa6EnWY7PGNsazIrYPaBSqB37Iu/GPXD1Ua9zRdNtGKziVg75HbJDxdSiYObM+WlvSSZsrW00N+G1wWTPiwJVKX8Vd/hmFxkLsd0Xog8LegP3lsKJ4JxHl95sOkCXJYiVm09+no9nJu1G5hbvMs6LeHNPC8t1v7lOrRkwz5irdtWYe3PBwwFQaHxUcI46mbjayp6cKuQoYphPTLS0YWIrMAleOC7wEQJD//i9pcdMonbGA1kQIZT7u7VwOMU8RQIImiVxEsCy/fFwa3H1Ly0//BpjzyeecRIHLCLNV7Xc36rurYZKdQdIolVJE/lY+UI+eFWUrCyr3AomzkgmB3AkDo8snCW2VV8vz0aU6wlHci3GMjoqXIoILn+y8/CQVO2usy1euunl/EGILzcDV85GfeqfzixIxWvfUs14SKc/e1I2vwlskq5KhUZo7ycb6jS/k]]></Encrypt><AgentID><![CDATA[1000002]]></AgentID></xml>
2017-11-09 09:44:13.331 [http-apr-8080-exec-1] INFO  com.ray.weixin.qy.service.message.reply.ReplyMessageService - reply_xmlMsg:<xml><ToUserName><![CDATA[ww92f5da92bb24696e]]></ToUserName><FromUserName><![CDATA[ShiRui]]></FromUserName><CreateTime>1510191852</CreateTime><MsgType><![CDATA[event]]></MsgType><AgentID>1000002</AgentID><Event><![CDATA[LOCATION]]></Event><Latitude>31.1676</Latitude><Longitude>121.156</Longitude><Precision>15</Precision></xml>
2017-11-09 09:44:13.336 [http-apr-8080-exec-1] INFO  com.ray.weixin.qy.service.message.reply.ReplyMessageService - fromUserName:ShiRui
2017-11-09 09:44:13.337 [http-apr-8080-exec-1] INFO  com.ray.weixin.qy.service.message.reply.ReplyMessageService - toUserName:ww92f5da92bb24696e
2017-11-09 09:44:13.337 [http-apr-8080-exec-1] INFO  com.ray.weixin.qy.service.message.reply.ReplyMessageService - msgType:event
2017-11-09 09:44:13.338 [http-apr-8080-exec-1] INFO  com.ray.weixin.qy.service.message.reply.ReplyMessageService - Event:LOCATION  eventKey:null
2017-11-09 09:44:18.436 [http-apr-8080-exec-4] INFO  com.ray.weixin.qy.controller.WeiXinServlet - post--------------
2017-11-09 09:44:18.437 [http-apr-8080-exec-4] INFO  com.ray.weixin.qy.service.message.reply.ReplyMessageService - parms:{"msg_signature":["41fc281320ada770912b274ece31506edcc4c07c"],"timestamp":["1510191857"],"nonce":["554943397"]}
2017-11-09 09:44:18.439 [http-apr-8080-exec-4] INFO  com.ray.weixin.qy.service.message.reply.ReplyMessageService - postData:<xml><ToUserName><![CDATA[ww92f5da92bb24696e]]></ToUserName><Encrypt><![CDATA[FdxPnPiPlVBIKB5sHAiFITwRNarv0qCFZn3VNa2/r3eUzNmR7alaK1vQPd8Ufs8hl73HGKhCHN4uKBVU4KYWzRkMxJdpbeAunOWGQNqVAnZ2f3Oie1MDz9PqUHi8A7EnriSs1a/pq00beJ1ynyHwOzd72jiqSdC8fT2t/QIsdYCGDx9y0fKFArUlDTaanfjX3hFubuitgm9orlwQiJgQdyoMTxZrX9+W2Z5a0cqchR6wrVoHIMe4seRCZ5MBHyebIGiqHT09BixFR92vbNPZkDfXYkdzwd4KpSaSv2TI5va5TlCVOrfNuf14VLr69XeoYNj3DA1eEVXeqsVO2or8h9+eizZT9OtsogBgAHqWtqEkq/QbYN+0KtAp0vTmonOgjNxR6aGjc681N0fL/n9qNDwjhbDabitg13s83i1F4VvcBZdM1Qwg6uGyd/O59gSqVaSunLBEup8VNSwiCdUY/jcz9qDAZbAjd16oXGnoGaRCFoivuIr/gs5uMpMUaIca]]></Encrypt><AgentID><![CDATA[1000002]]></AgentID></xml>
2017-11-09 09:44:18.445 [http-apr-8080-exec-4] INFO  com.ray.weixin.qy.service.message.reply.ReplyMessageService - reply_xmlMsg:<xml><ToUserName><![CDATA[ww92f5da92bb24696e]]></ToUserName><FromUserName><![CDATA[ShiRui]]></FromUserName><CreateTime>1510191857</CreateTime><MsgType><![CDATA[event]]></MsgType><AgentID>1000002</AgentID><Event><![CDATA[LOCATION]]></Event><Latitude>31.1676</Latitude><Longitude>121.156</Longitude><Precision>15</Precision></xml>
2017-11-09 09:44:18.450 [http-apr-8080-exec-4] INFO  com.ray.weixin.qy.service.message.reply.ReplyMessageService - fromUserName:ShiRui
2017-11-09 09:44:18.451 [http-apr-8080-exec-4] INFO  com.ray.weixin.qy.service.message.reply.ReplyMessageService - toUserName:ww92f5da92bb24696e
2017-11-09 09:44:18.451 [http-apr-8080-exec-4] INFO  com.ray.weixin.qy.service.message.reply.ReplyMessageService - msgType:event
2017-11-09 09:44:18.452 [http-apr-8080-exec-4] INFO  com.ray.weixin.qy.service.message.reply.ReplyMessageService - Event:LOCATION  eventKey:null
2017-11-09 09:44:23.320 [http-apr-8080-exec-7] INFO  com.ray.weixin.qy.controller.WeiXinServlet - post--------------
2017-11-09 09:44:23.321 [http-apr-8080-exec-7] INFO  com.ray.weixin.qy.service.message.reply.ReplyMessageService - parms:{"msg_signature":["0b907a64341c191f795d09eb9954e13eac2aba6c"],"timestamp":["1510191862"],"nonce":["992147043"]}
2017-11-09 09:44:23.322 [http-apr-8080-exec-7] INFO  com.ray.weixin.qy.service.message.reply.ReplyMessageService - postData:<xml><ToUserName><![CDATA[ww92f5da92bb24696e]]></ToUserName><Encrypt><![CDATA[LKje8iY8k8Kl0rcsclF/CEk7S2wYIobVeJfQxM4uwu04+wMYCsuHBqu0kr6k5E/YEeiwMWNlT4u39LJIy70KcMq9/+5B2U4q6a4qY+E2HWsZwbYa/Yexe8LsB8BCULJJqs2Pbp6ItEwg5INGBSlBg+ti8CtqpLx7iKLpZGy8cPPggwOCa2Tm2TvfPZ6ewE/y80DnH9Pw9L6E5HtFW1eIH2sLqUTt50f49Rhb2kHy6/m9fvzC1PdNQIooARMgL/9NbH+su5fcjcyjIA8ySZIOdVOLOsrKpu/LTDc9BNNKBOMQ1qfKSDH0ePlfemL0WwQz/A+LuHH2CimzMbDMkUln3xdSn1KbW4sa727BnCylsNQGO8iJCYOWyHd5o266jqrjYYTkNFSosIXugIuJTPdkYasXeLi8sYMwbxyazy2FeP75Gf9txOYHTKhGVvNlD5hT+8h4dJWmmVKU51Y45C35LepFPut6b/LiF3h3vqvdRf5GTCLXQyWcjkIppYnTGvyB]]></Encrypt><AgentID><![CDATA[1000002]]></AgentID></xml>
2017-11-09 09:44:23.328 [http-apr-8080-exec-7] INFO  com.ray.weixin.qy.service.message.reply.ReplyMessageService - reply_xmlMsg:<xml><ToUserName><![CDATA[ww92f5da92bb24696e]]></ToUserName><FromUserName><![CDATA[ShiRui]]></FromUserName><CreateTime>1510191862</CreateTime><MsgType><![CDATA[event]]></MsgType><AgentID>1000002</AgentID><Event><![CDATA[LOCATION]]></Event><Latitude>31.1676</Latitude><Longitude>121.156</Longitude><Precision>15</Precision></xml>
2017-11-09 09:44:23.332 [http-apr-8080-exec-7] INFO  com.ray.weixin.qy.service.message.reply.ReplyMessageService - fromUserName:ShiRui
2017-11-09 09:44:23.334 [http-apr-8080-exec-7] INFO  com.ray.weixin.qy.service.message.reply.ReplyMessageService - toUserName:ww92f5da92bb24696e
2017-11-09 09:44:23.334 [http-apr-8080-exec-7] INFO  com.ray.weixin.qy.service.message.reply.ReplyMessageService - msgType:event
2017-11-09 09:44:23.335 [http-apr-8080-exec-7] INFO  com.ray.weixin.qy.service.message.reply.ReplyMessageService - Event:LOCATION  eventKey:null
2017-11-09 09:44:28.354 [http-apr-8080-exec-10] INFO  com.ray.weixin.qy.controller.WeiXinServlet - post--------------
2017-11-09 09:44:28.355 [http-apr-8080-exec-10] INFO  com.ray.weixin.qy.service.message.reply.ReplyMessageService - parms:{"msg_signature":["12d2a0398f12a91d04385e5dc1e8b79bb15e6ae4"],"timestamp":["1510191867"],"nonce":["497729229"]}
2017-11-09 09:44:28.355 [http-apr-8080-exec-10] INFO  com.ray.weixin.qy.service.message.reply.ReplyMessageService - postData:<xml><ToUserName><![CDATA[ww92f5da92bb24696e]]></ToUserName><Encrypt><![CDATA[fYVeEbHD2ZieQpYhUOIR692LQBryzhdf6lzm+aulEAxrTv8OyTWxZcw1nTE7zs9hzCzUtHtjlN0FfrfjgxVV6zsgndiwoHItdPUBXtxJyOnEI6jrbR51kabhDTriln/xBmCQwd8WraKnJHXnyRIUyxvTI8BG1zLYjJ429BzVvTEkNtXNv97uFNzbyflP1zMRn7ccpNd141qrie5jdnBGIXwzi54+1nkP2ojDx1hfzq5sLKi2Bcg1TQvk+evKXJ4H232IG0FJ7zI7eUU+YHAlp2/FGCoUYxkKmWpQ93SRnsqJ1a+Par2ImEu/7ciMUWdp/OVwgCI2gsQ+WDMeR1U9A+gKZFMWt77pBRzKGkscaYJV0pV7Cy5UxLvUxRxZoVY9bT+YWQXNFrCQnYFzEkebS+LU/aT37HoE2QfrqCRQTi4B31m0qmJzTf3LdSZOn2KEd4O5i9t4lLPCgGm3Kft8L1f0HC0mUtbnxFYJMXjqziQAQalS8csK6hHlXOXI7zi5]]></Encrypt><AgentID><![CDATA[1000002]]></AgentID></xml>
2017-11-09 09:44:28.359 [http-apr-8080-exec-10] INFO  com.ray.weixin.qy.service.message.reply.ReplyMessageService - reply_xmlMsg:<xml><ToUserName><![CDATA[ww92f5da92bb24696e]]></ToUserName><FromUserName><![CDATA[ShiRui]]></FromUserName><CreateTime>1510191867</CreateTime><MsgType><![CDATA[event]]></MsgType><AgentID>1000002</AgentID><Event><![CDATA[LOCATION]]></Event><Latitude>31.1676</Latitude><Longitude>121.156</Longitude><Precision>15</Precision></xml>
2017-11-09 09:44:28.361 [http-apr-8080-exec-10] INFO  com.ray.weixin.qy.service.message.reply.ReplyMessageService - fromUserName:ShiRui
2017-11-09 09:44:28.362 [http-apr-8080-exec-10] INFO  com.ray.weixin.qy.service.message.reply.ReplyMessageService - toUserName:ww92f5da92bb24696e
2017-11-09 09:44:28.362 [http-apr-8080-exec-10] INFO  com.ray.weixin.qy.service.message.reply.ReplyMessageService - msgType:event
2017-11-09 09:44:28.362 [http-apr-8080-exec-10] INFO  com.ray.weixin.qy.service.message.reply.ReplyMessageService - Event:LOCATION  eventKey:null
2017-11-09 09:44:33.503 [http-apr-8080-exec-1] INFO  com.ray.weixin.qy.controller.WeiXinServlet - post--------------
2017-11-09 09:44:33.504 [http-apr-8080-exec-1] INFO  com.ray.weixin.qy.service.message.reply.ReplyMessageService - parms:{"msg_signature":["44352c223f4b867661662aef3fcef968450db207"],"timestamp":["1510191873"],"nonce":["218600660"]}
2017-11-09 09:44:33.506 [http-apr-8080-exec-1] INFO  com.ray.weixin.qy.service.message.reply.ReplyMessageService - postData:<xml><ToUserName><![CDATA[ww92f5da92bb24696e]]></ToUserName><Encrypt><![CDATA[RptClyFEXiwL3DP5lMTFiREYyrNGaGCcfKFBJQpLPzPUYB2s10RYnxNAM6FaftbeTFcvOSRwaUSQ05zj2R3k+8KMMuXrJn/6LaVcXzPUb1diwBNnWWN2Bbo2WXAf+Gej1SQH9OncUY94ohr4Sxo8Yz2oMnPJltByxlBbdOrl3ZZfRVKTa6HnKH/8gB76/EfwZQBzO7oQn60gmfEnAbF27UwttOogQB6LRuf+uZvnH6Cr67yVfsbx39diaXRRUKh2PzY2e1SNvUtHBAAH+FG8PrXhI5lgV6IAsLVvDjrOxlrIzbhGEz5W4zeSUjnGHw+3Mpybi0IoKj5A2X3YFQwsYe1suxn9HS0/rauTZBV27t0l5Z9pQhcDQsHH6X9B7Fjv3pF+8M4HxlAz7CjAy2zoIhuLfoIUU9kPQQYJ5F3uTmgJpTH1woIme65qvjOmLxj522JLzMVCstBXigP6zRJ3x87Lh9aNxHiscrSiNv74McRsTGCM5pdn7H+e++uLdxNg]]></Encrypt><AgentID><![CDATA[1000002]]></AgentID></xml>
2017-11-09 09:44:33.514 [http-apr-8080-exec-1] INFO  com.ray.weixin.qy.service.message.reply.ReplyMessageService - reply_xmlMsg:<xml><ToUserName><![CDATA[ww92f5da92bb24696e]]></ToUserName><FromUserName><![CDATA[ShiRui]]></FromUserName><CreateTime>1510191872</CreateTime><MsgType><![CDATA[event]]></MsgType><AgentID>1000002</AgentID><Event><![CDATA[LOCATION]]></Event><Latitude>31.1676</Latitude><Longitude>121.156</Longitude><Precision>15</Precision></xml>
2017-11-09 09:44:33.521 [http-apr-8080-exec-1] INFO  com.ray.weixin.qy.service.message.reply.ReplyMessageService - fromUserName:ShiRui
2017-11-09 09:44:33.522 [http-apr-8080-exec-1] INFO  com.ray.weixin.qy.service.message.reply.ReplyMessageService - toUserName:ww92f5da92bb24696e
2017-11-09 09:44:33.522 [http-apr-8080-exec-1] INFO  com.ray.weixin.qy.service.message.reply.ReplyMessageService - msgType:event
2017-11-09 09:44:33.522 [http-apr-8080-exec-1] INFO  com.ray.weixin.qy.service.message.reply.ReplyMessageService - Event:LOCATION  eventKey:null
2017-11-09 09:44:38.382 [http-apr-8080-exec-4] INFO  com.ray.weixin.qy.controller.WeiXinServlet - post--------------
2017-11-09 09:44:38.384 [http-apr-8080-exec-4] INFO  com.ray.weixin.qy.service.message.reply.ReplyMessageService - parms:{"msg_signature":["a3a37ae44d7226eda05aa75c18832ea7e84ffad8"],"timestamp":["1510191877"],"nonce":["201498072"]}
2017-11-09 09:44:38.385 [http-apr-8080-exec-4] INFO  com.ray.weixin.qy.service.message.reply.ReplyMessageService - postData:<xml><ToUserName><![CDATA[ww92f5da92bb24696e]]></ToUserName><Encrypt><![CDATA[xQd51zFovmEjGRSw768S+9AbnhFSs8of0c7xbFARsj0xBbL9Gkv/pfFjx77V3JTeJPT+FBDseUz43FNtxlOVJPSZmqkjfL2s1rKCg8BlaX5eAZFaIgYxQMbxKtfZj66U/Qvevc5odHZ+aOXVKWHU4C0gj/GsRk8nKzPBvnrB46u/qPbDmM50xNiUj18k0azYVyXczTJAxsTCOh4EGUucvu0HJ/7nY8adCMt1A5MAx5/iR5rfn25NxBX+QtD2ALChCM7IHtnb8TliorBE/xqnghlPYLHo/yEzHzdhaRTPYulVhzTadQuCrJLCMda6OrJdbaqd5cbftXHQPPA7Wx7h5zlT7Ahr0Tj7J4okGIsRZ8vCFmToxNtEny3n/LLwoU/graZhd4gnN5/DWQMhoHIMWckucl6XdxEehuw3qcVOeb4Q/Sq0ld88LhDRuOa7b4TLruCuWdnncHWuW2hIRYvulkGCFszABJV+UlNcnXUGF28mjRSj1Pn7otMvMtT/IrJ0]]></Encrypt><AgentID><![CDATA[1000002]]></AgentID></xml>
2017-11-09 09:44:38.393 [http-apr-8080-exec-4] INFO  com.ray.weixin.qy.service.message.reply.ReplyMessageService - reply_xmlMsg:<xml><ToUserName><![CDATA[ww92f5da92bb24696e]]></ToUserName><FromUserName><![CDATA[ShiRui]]></FromUserName><CreateTime>1510191877</CreateTime><MsgType><![CDATA[event]]></MsgType><AgentID>1000002</AgentID><Event><![CDATA[LOCATION]]></Event><Latitude>31.1676</Latitude><Longitude>121.156</Longitude><Precision>15</Precision></xml>
2017-11-09 09:44:38.399 [http-apr-8080-exec-4] INFO  com.ray.weixin.qy.service.message.reply.ReplyMessageService - fromUserName:ShiRui
2017-11-09 09:44:38.400 [http-apr-8080-exec-4] INFO  com.ray.weixin.qy.service.message.reply.ReplyMessageService - toUserName:ww92f5da92bb24696e
2017-11-09 09:44:38.400 [http-apr-8080-exec-4] INFO  com.ray.weixin.qy.service.message.reply.ReplyMessageService - msgType:event
2017-11-09 09:44:38.401 [http-apr-8080-exec-4] INFO  com.ray.weixin.qy.service.message.reply.ReplyMessageService - Event:LOCATION  eventKey:null
2017-11-09 09:44:43.478 [http-apr-8080-exec-6] INFO  com.ray.weixin.qy.controller.WeiXinServlet - post--------------
2017-11-09 09:44:43.479 [http-apr-8080-exec-6] INFO  com.ray.weixin.qy.service.message.reply.ReplyMessageService - parms:{"msg_signature":["6821234596e186858b0b53a46bbf69d7f95cc45e"],"timestamp":["1510191882"],"nonce":["1824268806"]}
2017-11-09 09:44:43.479 [http-apr-8080-exec-6] INFO  com.ray.weixin.qy.service.message.reply.ReplyMessageService - postData:<xml><ToUserName><![CDATA[ww92f5da92bb24696e]]></ToUserName><Encrypt><![CDATA[I/ZPuOs8SUVT0qs6f91sYqCP+qt9/s1sol7l/8dFjDIJbAlPfEp1HE/O+n+NYA1iBkJrII+j8O53LjEsBt1rNgiRMP8qVLi96sWOLvh/5ZVa1ERGtXKza4iNZwGu9zlINlW+5jJTLspj4cTJLXmFhzQ8jFcdD0gR376013DJqD1D3gRRb2t+cHzdGFhECcebwdHW7Y32TXf9+UViGYWdyJxF6AeZUxCnbMRSO2pTieKuarRuhXzpdAvezQfYkyBhPKsojDuw/uKZa6WX8WRwe693Wpd2czJD9IbNxe/fJ1DErZZPGMxvD4JUWB5MHS5OOi5I4zU9kWzgPBMs9GN3ahY8hwI7TzHJ7g+PUohyOsIolOcutt5mjlAL9JgUS8d91LIiVrrKKcmKj+40TpZ+siSewYfRdXfd7EPXfc3iAKxIDiPwesOQZ78P4pYUq+7GUcjH8RL3Vctyhl7UnfbIG9/QgUrGg8kwCX6iHIiF+SOr20w9Jgfs+I3KTB0/D/Z4]]></Encrypt><AgentID><![CDATA[1000002]]></AgentID></xml>
2017-11-09 09:44:43.481 [http-apr-8080-exec-6] INFO  com.ray.weixin.qy.service.message.reply.ReplyMessageService - reply_xmlMsg:<xml><ToUserName><![CDATA[ww92f5da92bb24696e]]></ToUserName><FromUserName><![CDATA[ShiRui]]></FromUserName><CreateTime>1510191882</CreateTime><MsgType><![CDATA[event]]></MsgType><AgentID>1000002</AgentID><Event><![CDATA[LOCATION]]></Event><Latitude>31.1676</Latitude><Longitude>121.156</Longitude><Precision>15</Precision></xml>
2017-11-09 09:44:43.483 [http-apr-8080-exec-6] INFO  com.ray.weixin.qy.service.message.reply.ReplyMessageService - fromUserName:ShiRui
2017-11-09 09:44:43.483 [http-apr-8080-exec-6] INFO  com.ray.weixin.qy.service.message.reply.ReplyMessageService - toUserName:ww92f5da92bb24696e
2017-11-09 09:44:43.483 [http-apr-8080-exec-6] INFO  com.ray.weixin.qy.service.message.reply.ReplyMessageService - msgType:event
2017-11-09 09:44:43.483 [http-apr-8080-exec-6] INFO  com.ray.weixin.qy.service.message.reply.ReplyMessageService - Event:LOCATION  eventKey:null
2017-11-09 09:44:48.437 [http-apr-8080-exec-7] INFO  com.ray.weixin.qy.controller.WeiXinServlet - post--------------
2017-11-09 09:44:48.438 [http-apr-8080-exec-7] INFO  com.ray.weixin.qy.service.message.reply.ReplyMessageService - parms:{"msg_signature":["74e85253db49ad9045030f8f14dc7ec3aff397e5"],"timestamp":["1510191887"],"nonce":["245390527"]}
2017-11-09 09:44:48.438 [http-apr-8080-exec-7] INFO  com.ray.weixin.qy.service.message.reply.ReplyMessageService - postData:<xml><ToUserName><![CDATA[ww92f5da92bb24696e]]></ToUserName><Encrypt><![CDATA[Fowts4VHpI8ThvFI9Rz/rsV4PqSud5qWlNK6aVAqTYIj7uxGEO7pmnX4BOCKvqgJ8vrdlH5BagNcygWq0+VaFsjmo95Xko6K/cP28JsJII9Ay+LI286SKsX29hiEVYZ7MU7HtvYAXQFrkr0L2hXrsCSVjAmsHgOC9ZmwoNOgneA6ylwU/FnJZXikQyBtQg4/mtHTFbe/EV2MhmAoSvmPCTf2EVQ8fqhd+uNhBmEXVJvT26bw7W4+MhMKoJd3wDz1nN5GJuNN35gIgLVQdfE/1pHRiXwhsq6y/HKH2wKsk7i3OUc+lf63W/NUneihU8aRQwvP9v0UQWKfKyXhxlg9n+zENaGg0qlzeY6ZNuoNNoBRX1UrYYutUfjdo+4R4wamjR9Y/Soymt6oVNJwGqcNEwtcdJy+hG974EfnFGlWb3VEpJJt4TEkb0JnxydNBzRPuuTeYVAhubkuJwENijsVIy34W+MJhNcNimPBvbs4q2I5/wrSPqdDEgb/i1Oym7UZ]]></Encrypt><AgentID><![CDATA[1000002]]></AgentID></xml>
2017-11-09 09:44:48.440 [http-apr-8080-exec-7] INFO  com.ray.weixin.qy.service.message.reply.ReplyMessageService - reply_xmlMsg:<xml><ToUserName><![CDATA[ww92f5da92bb24696e]]></ToUserName><FromUserName><![CDATA[ShiRui]]></FromUserName><CreateTime>1510191887</CreateTime><MsgType><![CDATA[event]]></MsgType><AgentID>1000002</AgentID><Event><![CDATA[LOCATION]]></Event><Latitude>31.1676</Latitude><Longitude>121.156</Longitude><Precision>15</Precision></xml>
2017-11-09 09:44:48.441 [http-apr-8080-exec-7] INFO  com.ray.weixin.qy.service.message.reply.ReplyMessageService - fromUserName:ShiRui
2017-11-09 09:44:48.441 [http-apr-8080-exec-7] INFO  com.ray.weixin.qy.service.message.reply.ReplyMessageService - toUserName:ww92f5da92bb24696e
2017-11-09 09:44:48.442 [http-apr-8080-exec-7] INFO  com.ray.weixin.qy.service.message.reply.ReplyMessageService - msgType:event
2017-11-09 09:44:48.442 [http-apr-8080-exec-7] INFO  com.ray.weixin.qy.service.message.reply.ReplyMessageService - Event:LOCATION  eventKey:null
2017-11-09 09:44:53.487 [http-apr-8080-exec-10] INFO  com.ray.weixin.qy.controller.WeiXinServlet - post--------------
2017-11-09 09:44:53.488 [http-apr-8080-exec-10] INFO  com.ray.weixin.qy.service.message.reply.ReplyMessageService - parms:{"msg_signature":["d4b80311aa896bc9ecc805db07d14bccaa06e1d6"],"timestamp":["1510191892"],"nonce":["1178838021"]}
2017-11-09 09:44:53.489 [http-apr-8080-exec-10] INFO  com.ray.weixin.qy.service.message.reply.ReplyMessageService - postData:<xml><ToUserName><![CDATA[ww92f5da92bb24696e]]></ToUserName><Encrypt><![CDATA[ydloLAX/om7AGjgWPMk2JvjJwkJFl5BsAqpJyWWK2sjlNG70GOgi9RYGdr+UyWgK/FZPt6lIRVMjE05lGg7g4TNVhVe3kyj4SKVbG439BTnVkBrcOQsD2A6H1UWbvqCTU47/HGkVUZ+w2/JLe1+TGe+2ncAKBH/f0HPUy8HT+2MwFfpXl2ZxbwNi9QVXU8rxMns8LZmS1CGCHeLiMmlLN9W+mjzWum5yhKi1V+s8M2ctwtyhgZ3USLlvfsOK/Lp4Y8bwrFZt5afSBPx85INEZXuC5TabqLiaINlHvueTz3Z4XScHRQX6KtqYB3iI6g5DLTcROQen5+uAS5WH5g40Kltyfj3fqJdJuERBOwWA9LnXNnyG7osadcesZEsKWdK7E1JaaB0xShg6+Q5Q3KvXJV3Z8z4a6HAsWxtH63UNH3mGxfWpaL+R7iHTG96pb+nBDDS1ymyNYdHLOb9CRSLmyiytjUrtu7MIqu9eXXFgr063Y2SQ2uoUT3Jgforbwa+u]]></Encrypt><AgentID><![CDATA[1000002]]></AgentID></xml>
2017-11-09 09:44:53.494 [http-apr-8080-exec-10] INFO  com.ray.weixin.qy.service.message.reply.ReplyMessageService - reply_xmlMsg:<xml><ToUserName><![CDATA[ww92f5da92bb24696e]]></ToUserName><FromUserName><![CDATA[ShiRui]]></FromUserName><CreateTime>1510191892</CreateTime><MsgType><![CDATA[event]]></MsgType><AgentID>1000002</AgentID><Event><![CDATA[LOCATION]]></Event><Latitude>31.1676</Latitude><Longitude>121.156</Longitude><Precision>15</Precision></xml>
2017-11-09 09:44:53.497 [http-apr-8080-exec-10] INFO  com.ray.weixin.qy.service.message.reply.ReplyMessageService - fromUserName:ShiRui
2017-11-09 09:44:53.498 [http-apr-8080-exec-10] INFO  com.ray.weixin.qy.service.message.reply.ReplyMessageService - toUserName:ww92f5da92bb24696e
2017-11-09 09:44:53.498 [http-apr-8080-exec-10] INFO  com.ray.weixin.qy.service.message.reply.ReplyMessageService - msgType:event
2017-11-09 09:44:53.498 [http-apr-8080-exec-10] INFO  com.ray.weixin.qy.service.message.reply.ReplyMessageService - Event:LOCATION  eventKey:null
2017-11-09 09:44:59.936 [http-apr-8080-exec-1] INFO  com.ray.weixin.qy.controller.WeiXinServlet - post--------------
2017-11-09 09:44:59.937 [http-apr-8080-exec-1] INFO  com.ray.weixin.qy.service.message.reply.ReplyMessageService - parms:{"msg_signature":["ccec243706bcdcf36fc06f9c3f4ba73d7816fd39"],"timestamp":["1510191899"],"nonce":["1175089343"]}
2017-11-09 09:44:59.938 [http-apr-8080-exec-1] INFO  com.ray.weixin.qy.service.message.reply.ReplyMessageService - postData:<xml><ToUserName><![CDATA[ww92f5da92bb24696e]]></ToUserName><Encrypt><![CDATA[yBGRHonGf6asNFhcm7lQnOfLl68nP6jz0NKM7OaaSnwhcPqY1CJMvK4QDAYIivJsL9bZ7kXKIXU4G8+xhSS0wsjD01EC2brxY6P/WuNXvTzMt3Exs/nmxDoyvXUMOZHZZDBTMCqW+HqfaHupK7NSp9UUc1AONUPy6Fv7FPl9lWXQsA96zL4stlF0+7PsfLvmyaJydUmSed+lMd5NgDGfPWfmhiB51hY5n3UY0jHvwRG1WeTBmrLfYbgQgX1s7Rw9w+QQts7bFT/IL6XMXvXiQPJ16UwDs4m7tfVOL9yB4n2ymPR9AigrEop1sqBRRw9CDzOy+OZEZEeTFnYRSPLE7NlC0+KYFvQCoCkWH31cVSJfNsCl/4Et5YuhRjoYV98UafGwVOKnfUofYFMGrvYuBnHI5r91onfBtmIJnjFYh2gXVITY0g9eUbls2e8FKFBLgJIuDLHyNKnokr2mBz0Lb+vYNPl/JTaCrcUsFJCAihrPCBloidfGO3pEBF07YEO7]]></Encrypt><AgentID><![CDATA[1000002]]></AgentID></xml>
2017-11-09 09:44:59.945 [http-apr-8080-exec-1] INFO  com.ray.weixin.qy.service.message.reply.ReplyMessageService - reply_xmlMsg:<xml><ToUserName><![CDATA[ww92f5da92bb24696e]]></ToUserName><FromUserName><![CDATA[ShiRui]]></FromUserName><CreateTime>1510191899</CreateTime><MsgType><![CDATA[event]]></MsgType><AgentID>1000002</AgentID><Event><![CDATA[LOCATION]]></Event><Latitude>31.1676</Latitude><Longitude>121.156</Longitude><Precision>15</Precision></xml>
2017-11-09 09:44:59.955 [http-apr-8080-exec-1] INFO  com.ray.weixin.qy.service.message.reply.ReplyMessageService - fromUserName:ShiRui
2017-11-09 09:44:59.955 [http-apr-8080-exec-1] INFO  com.ray.weixin.qy.service.message.reply.ReplyMessageService - toUserName:ww92f5da92bb24696e
2017-11-09 09:44:59.956 [http-apr-8080-exec-1] INFO  com.ray.weixin.qy.service.message.reply.ReplyMessageService - msgType:event
2017-11-09 09:44:59.956 [http-apr-8080-exec-1] INFO  com.ray.weixin.qy.service.message.reply.ReplyMessageService - Event:LOCATION  eventKey:null
