2017-11-09 10:48:06.462 [http-apr-8080-exec-6] INFO  com.ray.weixin.qy.controller.WeiXinServlet - post--------------
2017-11-09 10:48:06.469 [http-apr-8080-exec-6] INFO  com.ray.weixin.qy.service.message.reply.ReplyMessageService - parms:{"msg_signature":["81cbb9ae8d3bc8411832b6170b4f20df6bfe2fbc"],"timestamp":["1510195685"],"nonce":["792714529"]}
2017-11-09 10:48:06.469 [http-apr-8080-exec-6] INFO  com.ray.weixin.qy.service.message.reply.ReplyMessageService - postData:<xml><ToUserName><![CDATA[ww92f5da92bb24696e]]></ToUserName><Encrypt><![CDATA[hcWdVzhi90sMcuBp9bMoxYJSD1bsJeTDo/WFGMZYwphYwSubnI4ZZy8RWnxXMhI3xnmGxsJzrf+MOaXFAiZWGM1EO9SJuyg9ZRqMgD7na2ksllw+xZss+jDExZ8IXQKxtihz2DLBpJbexGU56wxT0bzdt1hToud9fv6SymIX9bo0gBrwEz8jVjcB3LjShxK+yqzYrqy55t+m2O2H1ZQWWsbxVCQ5iYwTMIX1Ht/pBK5rtH7p4RaoEty83M0ODk9k5FQg0ul4/hywd4rbtQU8gsQPO+9S7eVQxfJCUgNU9Ns5BfOWoiJBEKCVUnovdgT3l3ObLxUhirnk3AkuFhG0WyP67scATZoWiOGIRN8TolLLBP9DCawGEbItKyaVPIEw8nrqTu4E5kDCWIj9wjQVq6n0g7xyxKJftKVtGUnTAtnyoPLUwoFOykavjh2/HgPWWlG1YtzyqSsJ5v8Fvqu0fuN/f8WvbRClcBKSWrum2WbsqzcLnPx9XoW8cVncE4SZ]]></Encrypt><AgentID><![CDATA[1000002]]></AgentID></xml>
2017-11-09 10:48:06.474 [http-apr-8080-exec-6] INFO  com.ray.weixin.qy.service.message.reply.ReplyMessageService - reply_xmlMsg:<xml><ToUserName><![CDATA[ww92f5da92bb24696e]]></ToUserName><FromUserName><![CDATA[ShiRui]]></FromUserName><CreateTime>1510195685</CreateTime><MsgType><![CDATA[event]]></MsgType><AgentID>1000002</AgentID><Event><![CDATA[LOCATION]]></Event><Latitude>31.1679</Latitude><Longitude>121.155</Longitude><Precision>15</Precision></xml>
2017-11-09 10:48:06.478 [http-apr-8080-exec-6] INFO  com.ray.weixin.qy.service.message.reply.ReplyMessageService - fromUserName:ShiRui
2017-11-09 10:48:06.478 [http-apr-8080-exec-6] INFO  com.ray.weixin.qy.service.message.reply.ReplyMessageService - toUserName:ww92f5da92bb24696e
2017-11-09 10:48:06.478 [http-apr-8080-exec-6] INFO  com.ray.weixin.qy.service.message.reply.ReplyMessageService - msgType:event
2017-11-09 10:48:06.478 [http-apr-8080-exec-6] INFO  com.ray.weixin.qy.service.message.reply.ReplyMessageService - Event:LOCATION  eventKey:null
2017-11-09 10:48:51.728 [http-apr-8080-exec-3] INFO  com.ray.weixin.qy.controller.WeiXinServlet - post--------------
2017-11-09 10:48:51.728 [http-apr-8080-exec-3] INFO  com.ray.weixin.qy.service.message.reply.ReplyMessageService - parms:{"msg_signature":["9348850f16b5075702c28325fbc0e32236d153ea"],"timestamp":["1510195731"],"nonce":["132248217"]}
2017-11-09 10:48:51.728 [http-apr-8080-exec-3] INFO  com.ray.weixin.qy.service.message.reply.ReplyMessageService - postData:<xml><ToUserName><![CDATA[ww92f5da92bb24696e]]></ToUserName><Encrypt><![CDATA[xRRqe6/ha9hvxI+YVnVR6Lwr2Qn9tRcsxrGJunadWlTQ/YspkKms1o+I9BKCPYEqfEYq6pIxBvc90/TKAchRCc9SZ2D1f2qX+xtvE+vgUJOUjSdr/eNlyOeEiIaKM4kYGRTyT7j8VF01pODNzSWDnItHDKCh7EMO4TUekgVLYTGXE/0SB0sgtXd2OYXo2Uk1FxglR/gRFq0GE9JN75RPxe0EoEykUEFWQno7ObYRQGQnKm4768SDdLRx72bc5EC8/AIoq4gDY6ybRZ8d71qxh3KrPSS72iv6VPQ0nVhyDbRgM6gmN9q0JkIut4Hg1qTxWM/8TH6YtzMhFmQ6gmW7o7f0PF9dy8XqjmfMoFu1Ea7jaOZx4/uYEHcYmAn9N5GZdtIOmn+U/P6blb8aCceJITKnzxJDlYDL+uOIziqyKfO0uUIZxjmdbxRHUlu65H4atyBoNOuUCeN6bF/FcnFNhLJCoaLOsV7Q9vUf9+FQQBLgc3D9JSS3J8Z8L/6FwPJ+]]></Encrypt><AgentID><![CDATA[1000002]]></AgentID></xml>
2017-11-09 10:48:51.730 [http-apr-8080-exec-3] INFO  com.ray.weixin.qy.service.message.reply.ReplyMessageService - reply_xmlMsg:<xml><ToUserName><![CDATA[ww92f5da92bb24696e]]></ToUserName><FromUserName><![CDATA[ShiRui]]></FromUserName><CreateTime>1510195731</CreateTime><MsgType><![CDATA[event]]></MsgType><AgentID>1000002</AgentID><Event><![CDATA[view]]></Event><EventKey><![CDATA[http://rayner.nat300.top/weixin_qy/showInvoice.jsp]]></EventKey></xml>
2017-11-09 10:48:51.732 [http-apr-8080-exec-3] INFO  com.ray.weixin.qy.service.message.reply.ReplyMessageService - fromUserName:ShiRui
2017-11-09 10:48:51.732 [http-apr-8080-exec-3] INFO  com.ray.weixin.qy.service.message.reply.ReplyMessageService - toUserName:ww92f5da92bb24696e
2017-11-09 10:48:51.732 [http-apr-8080-exec-3] INFO  com.ray.weixin.qy.service.message.reply.ReplyMessageService - msgType:event
2017-11-09 10:48:51.732 [http-apr-8080-exec-3] INFO  com.ray.weixin.qy.service.message.reply.ReplyMessageService - Event:view  eventKey:http://rayner.nat300.top/weixin_qy/showInvoice.jsp
2017-11-09 10:48:52.083 [http-apr-8080-exec-1] INFO  com.ray.weixin.qy.util.AuthHelper - jsonObject:{"errcode":0,"access_token":"RVUMhaz-QcALWPrIef8VlQayDM5w55oYDw5FrLAax9W4TOLAOXTnChxYEP2-74uxxPT2C9i1I9wewB97GuODOPyN3p7to4_wYWQ3cAQMv-owZeVpxS-gopdSUPHtRFsxqx5m0RnpBhh0BI0DFiUS85FISGwMzmvNvPe6ZvlKrM54gETQx1ZRdVGQSMHVYFzqZBb9C7q_gw-eZZ9u8Kqw4A","errmsg":"ok","expires_in":7200}
2017-11-09 10:48:52.455 [http-apr-8080-exec-1] INFO  com.ray.weixin.qy.util.AuthHelper - jsonObject:{"errcode":0,"ticket":"kgt8ON7yVITDhtdwci0qebCLEfC_BfeygIq8cFPLbdav_wS6aHw3IOuPFhwb5b37fHfTFdS6e23Vb_dbDCjTOg","errmsg":"ok","expires_in":7200}
2017-11-09 10:48:52.459 [http-apr-8080-exec-1] INFO  com.ray.weixin.qy.util.AuthHelper - url:http://rayner.nat300.top/weixin_qy/showInvoice.jsp
2017-11-09 10:48:52.460 [http-apr-8080-exec-1] INFO  com.ray.weixin.qy.util.AuthHelper - accessToken:RVUMhaz-QcALWPrIef8VlQayDM5w55oYDw5FrLAax9W4TOLAOXTnChxYEP2-74uxxPT2C9i1I9wewB97GuODOPyN3p7to4_wYWQ3cAQMv-owZeVpxS-gopdSUPHtRFsxqx5m0RnpBhh0BI0DFiUS85FISGwMzmvNvPe6ZvlKrM54gETQx1ZRdVGQSMHVYFzqZBb9C7q_gw-eZZ9u8Kqw4A
2017-11-09 10:48:52.460 [http-apr-8080-exec-1] INFO  com.ray.weixin.qy.util.AuthHelper - jsapi_ticket:kgt8ON7yVITDhtdwci0qebCLEfC_BfeygIq8cFPLbdav_wS6aHw3IOuPFhwb5b37fHfTFdS6e23Vb_dbDCjTOg
2017-11-09 10:48:52.461 [http-apr-8080-exec-1] INFO  com.ray.weixin.qy.util.AuthHelper - appId:ww92f5da92bb24696e
2017-11-09 10:48:52.462 [http-apr-8080-exec-1] INFO  com.ray.weixin.qy.util.AuthHelper - timestamp:1510195731
2017-11-09 10:48:52.462 [http-apr-8080-exec-1] INFO  com.ray.weixin.qy.util.AuthHelper - nonceStr:49890952-9f02-4925-a2c5-8cd04f093edc
2017-11-09 10:48:52.463 [http-apr-8080-exec-1] INFO  com.ray.weixin.qy.util.AuthHelper - signature:65f44e83971ca3790c0a6c9165eb981c171748ba
2017-11-09 10:48:52.464 [http-apr-8080-exec-1] INFO  com.ray.weixin.qy.util.AuthHelper - configValue:{"signature":"65f44e83971ca3790c0a6c9165eb981c171748ba","appId":"ww92f5da92bb24696e","nonceStr":"49890952-9f02-4925-a2c5-8cd04f093edc","timestamp":"1510195731"}
