2017-11-09 09:49:00.149 [http-apr-8080-exec-4] INFO  com.ray.weixin.qy.controller.WeiXinServlet - post--------------
2017-11-09 09:49:00.154 [http-apr-8080-exec-4] INFO  com.ray.weixin.qy.service.message.reply.ReplyMessageService - parms:{"msg_signature":["516c6e3fa761b8b5c2376f93c55377bdd60e29b2"],"timestamp":["1510192139"],"nonce":["805114659"]}
2017-11-09 09:49:00.154 [http-apr-8080-exec-4] INFO  com.ray.weixin.qy.service.message.reply.ReplyMessageService - postData:<xml><ToUserName><![CDATA[ww92f5da92bb24696e]]></ToUserName><Encrypt><![CDATA[In490a11kkDmfEZjBU9bAhpZYud1Pfzm6FFVCUJh9IZM6ikaA2iO+Ixrfvo6l8ziZmOdTZS4WVXg7FwUrcRGEqKmvGCm8gDCUiodEOzf3Pt5Q8YmGI6F/+LucKXQ4P83PxcMcmajofgU8TbwkuqTIthoXpjPBXLPVXaneYS24H477kfJ8etSb+N5t7fT4BwIIb9e9qoK0S0j5e1znlQ6ShxkSFePPQf7khfhPMtT7l+oXLW7WC5c74Kf1MHT5ACUxWI1eJUtOUNn4oQT8LkfYndEt8oHxPZX7/wKDG/vBxhZB6ub4im/20GO3TJnjXRdB+M6FUFXttNBanYWd4XQLktX1/fdHIQQk52FfITsn1JoUqJ12T+1wxW0ViOQVAf4Wx/e5fSCLzcsmiMsV9t5XXhG2waIgmlTwgIN11iD6P9JAI6YXW3cpBwoEV/obzaTCmYXDsrnug6BHuPC8SW1xNxy6tU1TW/9QJ8PhUPy8gMe5IQOrfbTjct8CgOwhO+S]]></Encrypt><AgentID><![CDATA[1000002]]></AgentID></xml>
2017-11-09 09:49:00.156 [http-apr-8080-exec-4] INFO  com.ray.weixin.qy.service.message.reply.ReplyMessageService - reply_xmlMsg:<xml><ToUserName><![CDATA[ww92f5da92bb24696e]]></ToUserName><FromUserName><![CDATA[ShiRui]]></FromUserName><CreateTime>1510192139</CreateTime><MsgType><![CDATA[event]]></MsgType><AgentID>1000002</AgentID><Event><![CDATA[LOCATION]]></Event><Latitude>31.1676</Latitude><Longitude>121.156</Longitude><Precision>15</Precision></xml>
2017-11-09 09:49:00.158 [http-apr-8080-exec-4] INFO  com.ray.weixin.qy.service.message.reply.ReplyMessageService - fromUserName:ShiRui
2017-11-09 09:49:00.158 [http-apr-8080-exec-4] INFO  com.ray.weixin.qy.service.message.reply.ReplyMessageService - toUserName:ww92f5da92bb24696e
2017-11-09 09:49:00.158 [http-apr-8080-exec-4] INFO  com.ray.weixin.qy.service.message.reply.ReplyMessageService - msgType:event
2017-11-09 09:49:00.158 [http-apr-8080-exec-4] INFO  com.ray.weixin.qy.service.message.reply.ReplyMessageService - Event:LOCATION  eventKey:null
2017-11-09 09:49:00.420 [http-apr-8080-exec-3] INFO  com.ray.weixin.qy.controller.WeiXinServlet - post--------------
2017-11-09 09:49:00.421 [http-apr-8080-exec-3] INFO  com.ray.weixin.qy.service.message.reply.ReplyMessageService - parms:{"msg_signature":["af6d5111875a97bae4dce4326f41e1009bdcd7c8"],"timestamp":["1510192139"],"nonce":["602762954"]}
2017-11-09 09:49:00.424 [http-apr-8080-exec-3] INFO  com.ray.weixin.qy.service.message.reply.ReplyMessageService - postData:<xml><ToUserName><![CDATA[ww92f5da92bb24696e]]></ToUserName><Encrypt><![CDATA[sHSXdS7pNP73PKHORBgaHtteV7sGk/VyAkRL1kAmX/RRq8wvmEplqpWLyhxG+FWtxqaqotg2hVafyuHfw9xuWJwNvxjrdseP9tYsl90ce3p3sBkwrWvUjyauOt+uPgBpPH1h/KqZbC3q+ntQbzg7zba1AyHUjZm5tiNjBtk6JmKfkWTNiBRMadcKvT1Jb7Wy3edsslTLYEZEWJSxA2/pNTdjz51el+jtoWmRgDD4OV5SIfrGh4J2SbOuBNzQk/rF1MLHbE40Cy+uBy8oZA7jtPVlEAi5Qwop7R0b8Zvo1EVuf3gcWg4ut0f6lRp6Rnwtef5Ut0iRm5IYoJ2CUOUjO0jVZdU0buWVw544KlOJFU2Y+LkkD2joVVDjkVy9hpoP6esXZVGoppzDErLmWa9uwYwLHYGfBVStI/afwzUqCtNw8yEd1Zmu7s0FXV320KS1RnqSEJbn9CZgWHqiDp+05gsXLXSIIu6/WCYLRZpqi7bfFnlxjqugNKQor0ilYeUYJAyRRoTrV68acxKcWoTh7wBYK+6+gwSmuYnZAc1Wjp+Iu++p/sFo2hunq0MJp62ZmJoi8zEKXob5hY5GpZ5sTg/BVSgmUNitopiMZgskjfIPQgoHyiau5sP0VElFhTXVexj32iuMAMn2hpX9Jv/gc71R2w+1Yx3nyy2sFNFcwtw=]]></Encrypt><AgentID><![CDATA[1000002]]></AgentID></xml>
2017-11-09 09:49:00.429 [http-apr-8080-exec-3] INFO  com.ray.weixin.qy.service.message.reply.ReplyMessageService - reply_xmlMsg:<xml><ToUserName><![CDATA[ww92f5da92bb24696e]]></ToUserName><FromUserName><![CDATA[ShiRui]]></FromUserName><CreateTime>1510192139</CreateTime><MsgType><![CDATA[image]]></MsgType><PicUrl><![CDATA[http://p.qpic.cn/pic_wework/1591914844/f9fff1f00ffc42c48cfc4160864f545f56df107ee6755936/]]></PicUrl><MsgId>219472831</MsgId><MediaId><![CDATA[1G1xsEkrMbJj2hLN7Cle5-2WGPKWLfGhe8PpQooPG94m_adEVexPTbeirdoQfxG9F]]></MediaId><AgentID>1000002</AgentID></xml>
2017-11-09 09:49:00.437 [http-apr-8080-exec-3] INFO  com.ray.weixin.qy.service.message.reply.ReplyMessageService - fromUserName:ShiRui
2017-11-09 09:49:00.437 [http-apr-8080-exec-3] INFO  com.ray.weixin.qy.service.message.reply.ReplyMessageService - toUserName:ww92f5da92bb24696e
2017-11-09 09:49:00.438 [http-apr-8080-exec-3] INFO  com.ray.weixin.qy.service.message.reply.ReplyMessageService - msgType:image
2017-11-09 09:49:00.438 [http-apr-8080-exec-3] INFO  com.ray.weixin.qy.service.message.reply.ReplyMessageService - Event:null  eventKey:null
2017-11-09 09:49:04.929 [http-apr-8080-exec-7] INFO  com.ray.weixin.qy.controller.WeiXinServlet - post--------------
2017-11-09 09:49:04.929 [http-apr-8080-exec-7] INFO  com.ray.weixin.qy.service.message.reply.ReplyMessageService - parms:{"msg_signature":["0edee987d6f570f660edffbd16a6e3c4ecf86ec3"],"timestamp":["1510192144"],"nonce":["1357467005"]}
2017-11-09 09:49:04.930 [http-apr-8080-exec-7] INFO  com.ray.weixin.qy.service.message.reply.ReplyMessageService - postData:<xml><ToUserName><![CDATA[ww92f5da92bb24696e]]></ToUserName><Encrypt><![CDATA[ySjhnvzq+Ive07ZUvhzCVf1fS9qvH7BtHekSaw9DsCVFifiEv/zvz1yw7a0R42PpagwJ0W9JpLKYClpThseqflVVQbPaC3g+3+XXyXLiQoBXVJiFCB66J/Kp8wAuTziGFjFf4j4F+A7tW0dhvv+YD2bB08LRjVx5IsCKfixaetrTopY09GKZ32w1WN7W+DaGDWeHBitZaxzKQgXpxeCmicByfuxuIK1pqRYfBSC25mrcxLAAxeMpTuradjt8/Q/WnJgRC9fsHznUPx9671u1wngoCPEUh5BHeEn8k1YKtXisqwbzsfJo9AIqtaTiJLeFmQiW0nCopO58uL83YsvAnlTj2RGa3XAJlWx6BTYjmzYM/7oMgbyObn63+mMjxzFhyaX4QX9FWgGr2hrQLMWKkv+jLzy6OXa0/wx0P0lRLkl7JUW6kwSsP9IQSjcfvMPesRp0f6Nstw+y5K94ZKZ91tIntFWDMb8pE5nbOBGQsiVxDD2mQ5jrKsCr+8VAlbRM]]></Encrypt><AgentID><![CDATA[1000002]]></AgentID></xml>
2017-11-09 09:49:04.931 [http-apr-8080-exec-7] INFO  com.ray.weixin.qy.service.message.reply.ReplyMessageService - reply_xmlMsg:<xml><ToUserName><![CDATA[ww92f5da92bb24696e]]></ToUserName><FromUserName><![CDATA[ShiRui]]></FromUserName><CreateTime>1510192144</CreateTime><MsgType><![CDATA[event]]></MsgType><AgentID>1000002</AgentID><Event><![CDATA[LOCATION]]></Event><Latitude>31.1676</Latitude><Longitude>121.156</Longitude><Precision>15</Precision></xml>
2017-11-09 09:49:04.934 [http-apr-8080-exec-7] INFO  com.ray.weixin.qy.service.message.reply.ReplyMessageService - fromUserName:ShiRui
2017-11-09 09:49:04.934 [http-apr-8080-exec-7] INFO  com.ray.weixin.qy.service.message.reply.ReplyMessageService - toUserName:ww92f5da92bb24696e
2017-11-09 09:49:04.934 [http-apr-8080-exec-7] INFO  com.ray.weixin.qy.service.message.reply.ReplyMessageService - msgType:event
2017-11-09 09:49:04.934 [http-apr-8080-exec-7] INFO  com.ray.weixin.qy.service.message.reply.ReplyMessageService - Event:LOCATION  eventKey:null
2017-11-09 09:49:09.934 [http-apr-8080-exec-9] INFO  com.ray.weixin.qy.controller.WeiXinServlet - post--------------
2017-11-09 09:49:09.935 [http-apr-8080-exec-9] INFO  com.ray.weixin.qy.service.message.reply.ReplyMessageService - parms:{"msg_signature":["fd82384e61b27e09339347710b0f2e4276978630"],"timestamp":["1510192149"],"nonce":["2021006729"]}
2017-11-09 09:49:09.935 [http-apr-8080-exec-9] INFO  com.ray.weixin.qy.service.message.reply.ReplyMessageService - postData:<xml><ToUserName><![CDATA[ww92f5da92bb24696e]]></ToUserName><Encrypt><![CDATA[4/Zg9LNf+w6o1+zuDF9OyNEPeV0Xy2r8wEGQSyKFK9eGu75wBmu1OyFxTQvjcOwCcQX/reoF6s7/xYmx6pzGeOh2x1mtl+8tIPopuYyi/3Xn43+cw7DK26Ir7bQWXl41g7bUJnUd/07ZgrTLitIDObr5tmMmluN2JUBIns62oiCqW9pPvSGR/zP8oVU8n7Izk5R/dzWQ/kIG+v1ovQv8emh1N9cbCqmyBUFhzVKx+ykhY5BsojSQhHo3pUmhQ/zw0NFAUwlTGQcAsndo+gcUsBMg5xQ7NGRBOkmyBc8/HsBd9cCEW2mq8ZORO3BnXLBhY8oz2G1BJJ1pfsZ8lqHrCtkPB0zrb1HPuie7JZ6siUOoPoXjO/a6A8BGsSnK5F1OqjZc3dF3cqHE6VOO49H/O5lWoN/wadOheJCkfjtGSBg5Vurr4O2JDtUmaVbq6sjXtf3pxo8sXwBNNWc64Zl8SACDeLa6JNB6yXjVncfJpShsSokNsqAACW4ywu5pCdfa]]></Encrypt><AgentID><![CDATA[1000002]]></AgentID></xml>
2017-11-09 09:49:09.938 [http-apr-8080-exec-9] INFO  com.ray.weixin.qy.service.message.reply.ReplyMessageService - reply_xmlMsg:<xml><ToUserName><![CDATA[ww92f5da92bb24696e]]></ToUserName><FromUserName><![CDATA[ShiRui]]></FromUserName><CreateTime>1510192149</CreateTime><MsgType><![CDATA[event]]></MsgType><AgentID>1000002</AgentID><Event><![CDATA[LOCATION]]></Event><Latitude>31.1676</Latitude><Longitude>121.156</Longitude><Precision>15</Precision></xml>
2017-11-09 09:49:09.940 [http-apr-8080-exec-9] INFO  com.ray.weixin.qy.service.message.reply.ReplyMessageService - fromUserName:ShiRui
2017-11-09 09:49:09.940 [http-apr-8080-exec-9] INFO  com.ray.weixin.qy.service.message.reply.ReplyMessageService - toUserName:ww92f5da92bb24696e
2017-11-09 09:49:09.941 [http-apr-8080-exec-9] INFO  com.ray.weixin.qy.service.message.reply.ReplyMessageService - msgType:event
2017-11-09 09:49:09.941 [http-apr-8080-exec-9] INFO  com.ray.weixin.qy.service.message.reply.ReplyMessageService - Event:LOCATION  eventKey:null
2017-11-09 09:49:14.918 [http-apr-8080-exec-10] INFO  com.ray.weixin.qy.controller.WeiXinServlet - post--------------
2017-11-09 09:49:14.919 [http-apr-8080-exec-10] INFO  com.ray.weixin.qy.service.message.reply.ReplyMessageService - parms:{"msg_signature":["ade19ebd2273373980c83458e141b5b3d788f482"],"timestamp":["1510192154"],"nonce":["2009184073"]}
2017-11-09 09:49:14.919 [http-apr-8080-exec-10] INFO  com.ray.weixin.qy.service.message.reply.ReplyMessageService - postData:<xml><ToUserName><![CDATA[ww92f5da92bb24696e]]></ToUserName><Encrypt><![CDATA[Tba/J7mGyzTwxTCADNqGMPPaceUqEYseUTtng58TbAHaVV4z6+o/lSYA6xvLBEe1Dp5IQLSoS0Cp1PT0z/PjohVjS+JNJUFR/FFGZCMgqwOR5L3J53k4FMViAk92sGaeQl+1aJ6mHVjTjY32TezmaJjzNwaLMDE9oRMj+F2eZeSGi6g7Wxw71vCQ0Qt03vu02rTh1kmVCuM4BThpTjaSdx258lmo6mJq6lntCmX0OT6rHCpZAFYht5HQqh4mzYFZGZAROwnS7BleLc0J4bx0UWlQ+79Ux6lFg5ZSVyhMVCVIWCMvtqAjWScgLBMgJ/xubv/fqzAbwFTOb1kXW4kXZpBdLFZDeCR45EloPhM/Vv98PtQopUCLHOSU7/ADvMPnPQbasAAwEfns7heBXzfGIIgv/XHxefTXCxTo7Ldltl0KR7wtJPmOqAMRK9+0GT8rG4oy+fYLKXiOCDlSIrt/T7qUeilYcyCH24xNIWaNw24uQjy9mKQotwcxktyq4+lV]]></Encrypt><AgentID><![CDATA[1000002]]></AgentID></xml>
2017-11-09 09:49:14.922 [http-apr-8080-exec-10] INFO  com.ray.weixin.qy.service.message.reply.ReplyMessageService - reply_xmlMsg:<xml><ToUserName><![CDATA[ww92f5da92bb24696e]]></ToUserName><FromUserName><![CDATA[ShiRui]]></FromUserName><CreateTime>1510192154</CreateTime><MsgType><![CDATA[event]]></MsgType><AgentID>1000002</AgentID><Event><![CDATA[LOCATION]]></Event><Latitude>31.1676</Latitude><Longitude>121.156</Longitude><Precision>15</Precision></xml>
2017-11-09 09:49:14.926 [http-apr-8080-exec-10] INFO  com.ray.weixin.qy.service.message.reply.ReplyMessageService - fromUserName:ShiRui
2017-11-09 09:49:14.926 [http-apr-8080-exec-10] INFO  com.ray.weixin.qy.service.message.reply.ReplyMessageService - toUserName:ww92f5da92bb24696e
2017-11-09 09:49:14.926 [http-apr-8080-exec-10] INFO  com.ray.weixin.qy.service.message.reply.ReplyMessageService - msgType:event
2017-11-09 09:49:14.926 [http-apr-8080-exec-10] INFO  com.ray.weixin.qy.service.message.reply.ReplyMessageService - Event:LOCATION  eventKey:null
2017-11-09 09:49:19.966 [http-apr-8080-exec-4] INFO  com.ray.weixin.qy.controller.WeiXinServlet - post--------------
2017-11-09 09:49:19.966 [http-apr-8080-exec-4] INFO  com.ray.weixin.qy.service.message.reply.ReplyMessageService - parms:{"msg_signature":["4c85466467c570b6a8876c31062b0704e880b593"],"timestamp":["1510192159"],"nonce":["1626662260"]}
2017-11-09 09:49:19.966 [http-apr-8080-exec-4] INFO  com.ray.weixin.qy.service.message.reply.ReplyMessageService - postData:<xml><ToUserName><![CDATA[ww92f5da92bb24696e]]></ToUserName><Encrypt><![CDATA[uO4J5Py99G3FSm3GT1ur14FI/Hzma93/d1FaMAcnycJ2OWw3dru47jc1zjJlg18JxkHSfGWkGAxsBW/GHOAB/7z8e8sURQ0W8h1WCmodHfFGmhUG8iWiOmZC92UdqdLmNrPBeOBOulaYZK0HEkFhQ8sG7C2+8PeVvJ1yHSaosJb6brhuu0mmi4C/y2uGGYX2xjAKSUe6iOhiLx/1iLcoQSu/gQiUSJKX36zAlEUAiYSxbr8xuJzvQ5E/K6QLDrahntbmLxHkUMsMpFyVitFVmXD+lfg30WK6MR27FHoS0PFvWwzSShQFrMmf3J6HwYyc9xARRqqWNIUvAZ+53PBsxcJjUizS9OgD2az7IHzUJ4zjYMQ4Ude1ihdQq22Ri77cC/xseuK+Bzskp+qwMQJ9v0q76dKQrN38k5ON8EhhIslhNWptXQcm8OvhtkQfTzaTq9kN2pLolxyoH0kunEJ+hkcUzEkPOW7ALrjyEjvmySNGDLyCNftsyl+FZByKw3un]]></Encrypt><AgentID><![CDATA[1000002]]></AgentID></xml>
2017-11-09 09:49:19.967 [http-apr-8080-exec-4] INFO  com.ray.weixin.qy.service.message.reply.ReplyMessageService - reply_xmlMsg:<xml><ToUserName><![CDATA[ww92f5da92bb24696e]]></ToUserName><FromUserName><![CDATA[ShiRui]]></FromUserName><CreateTime>1510192159</CreateTime><MsgType><![CDATA[event]]></MsgType><AgentID>1000002</AgentID><Event><![CDATA[LOCATION]]></Event><Latitude>31.1676</Latitude><Longitude>121.156</Longitude><Precision>15</Precision></xml>
2017-11-09 09:49:19.968 [http-apr-8080-exec-4] INFO  com.ray.weixin.qy.service.message.reply.ReplyMessageService - fromUserName:ShiRui
2017-11-09 09:49:19.968 [http-apr-8080-exec-4] INFO  com.ray.weixin.qy.service.message.reply.ReplyMessageService - toUserName:ww92f5da92bb24696e
2017-11-09 09:49:19.968 [http-apr-8080-exec-4] INFO  com.ray.weixin.qy.service.message.reply.ReplyMessageService - msgType:event
2017-11-09 09:49:19.968 [http-apr-8080-exec-4] INFO  com.ray.weixin.qy.service.message.reply.ReplyMessageService - Event:LOCATION  eventKey:null
2017-11-09 09:49:25.023 [http-apr-8080-exec-3] INFO  com.ray.weixin.qy.controller.WeiXinServlet - post--------------
2017-11-09 09:49:25.023 [http-apr-8080-exec-3] INFO  com.ray.weixin.qy.service.message.reply.ReplyMessageService - parms:{"msg_signature":["9ea3d0575a45cf756bedbd780e92b0bc218efed9"],"timestamp":["1510192164"],"nonce":["691359439"]}
2017-11-09 09:49:25.023 [http-apr-8080-exec-3] INFO  com.ray.weixin.qy.service.message.reply.ReplyMessageService - postData:<xml><ToUserName><![CDATA[ww92f5da92bb24696e]]></ToUserName><Encrypt><![CDATA[esfBkyJySlW7ODBZGI3GFvu4tZxmN+b0y61Bi6L2HEIoKPhXPLLZm/piZ6JvV1685hDEz20l97oJslLPPWDMT9EmNWDvyincAyjQ7MrtppFN2Trl+wrLEpa3LjkCxKtjrA2i3e9TcdnUl/QLx2bVl0kGYknnylJrov1aIk6awgnyPuB+Q7Mm47LH6qFcmQS7Iza0BO1mjeXlOjRx4PSMwWLFFqNmyqIpv/CsVx/TovXAmMf93Js4fKIHHr4gJVr9+B3mR+G8CPcEURe4u0lM5slpTQasNYz4c66SUyfqmDpIxL1clC9/LDgomsloK00zF2l55qPYN3/7+K8STZ5N9bNqJkW77NYLkcI1RtnCIcr0JhjVe1U3/uv1xVNZkj1sFUUBCs1ozE5OT2JsA/UdHNfKOBKZYNG/ffLLwQw9AcadyQ2Cj3Hb31RMofquM/KwTQsaKo2yJWxS1skiCHfWOWrqEvBjHQwONNXlzYnj56TMy2y/UP+E/BqSgYAez9pH]]></Encrypt><AgentID><![CDATA[1000002]]></AgentID></xml>
2017-11-09 09:49:25.024 [http-apr-8080-exec-3] INFO  com.ray.weixin.qy.service.message.reply.ReplyMessageService - reply_xmlMsg:<xml><ToUserName><![CDATA[ww92f5da92bb24696e]]></ToUserName><FromUserName><![CDATA[ShiRui]]></FromUserName><CreateTime>1510192164</CreateTime><MsgType><![CDATA[event]]></MsgType><AgentID>1000002</AgentID><Event><![CDATA[LOCATION]]></Event><Latitude>31.1676</Latitude><Longitude>121.156</Longitude><Precision>15</Precision></xml>
2017-11-09 09:49:25.025 [http-apr-8080-exec-3] INFO  com.ray.weixin.qy.service.message.reply.ReplyMessageService - fromUserName:ShiRui
2017-11-09 09:49:25.025 [http-apr-8080-exec-3] INFO  com.ray.weixin.qy.service.message.reply.ReplyMessageService - toUserName:ww92f5da92bb24696e
2017-11-09 09:49:25.026 [http-apr-8080-exec-3] INFO  com.ray.weixin.qy.service.message.reply.ReplyMessageService - msgType:event
2017-11-09 09:49:25.026 [http-apr-8080-exec-3] INFO  com.ray.weixin.qy.service.message.reply.ReplyMessageService - Event:LOCATION  eventKey:null
2017-11-09 09:49:29.973 [http-apr-8080-exec-7] INFO  com.ray.weixin.qy.controller.WeiXinServlet - post--------------
2017-11-09 09:49:29.974 [http-apr-8080-exec-7] INFO  com.ray.weixin.qy.service.message.reply.ReplyMessageService - parms:{"msg_signature":["965187121e9a47612d69d00a4d581f2c1c3d6a7a"],"timestamp":["1510192169"],"nonce":["27144804"]}
2017-11-09 09:49:29.974 [http-apr-8080-exec-7] INFO  com.ray.weixin.qy.service.message.reply.ReplyMessageService - postData:<xml><ToUserName><![CDATA[ww92f5da92bb24696e]]></ToUserName><Encrypt><![CDATA[QbA7vEiIdByFkN5zHtRe9mCzP9t8uqkyLZ6M6h3G6mb0VniAFwmXfl+yCxEyM5mknkGg+1N/n+FwgMzzGPgZon5O4c+cYsAI3odC4whTNB+1uMNmaA+88FLfn0Huti+2hWhVFH5ehaxRTFKekeq/oVVcO7dm80FxBLt0ofEX32zB0d5v4KkRuf5b03Wdoh8MBf/hCDkPDOZPF9PLF7VkRtRipn0g1y7LeLnmpddJcMBQhY0QmUary8/WS048umMrxrFsuqltbZ7J/KCZNroZGFdJ5ClXWnpcZLa7ZZkD2Qp8Ws9kVC5FMEjT51+REbGoLmeqKnrNSY4rXG5w83KQ9kAWwywla2vb3rKJqhxRzSY7GTaM+VZ/KhcAmVOdv0gNP30MF7N367hLncAcI5vaQ879iEmbl+70uc3zXDFLP5xjYWmIb5Lc2YH8sA3RbKh6bnV60KGWfMu8JEtJ7M0UfezctOvewU9nEEsOp3uwI4UpMYb7acbJ46uxBGw97WXK]]></Encrypt><AgentID><![CDATA[1000002]]></AgentID></xml>
2017-11-09 09:49:29.981 [http-apr-8080-exec-7] INFO  com.ray.weixin.qy.service.message.reply.ReplyMessageService - reply_xmlMsg:<xml><ToUserName><![CDATA[ww92f5da92bb24696e]]></ToUserName><FromUserName><![CDATA[ShiRui]]></FromUserName><CreateTime>1510192169</CreateTime><MsgType><![CDATA[event]]></MsgType><AgentID>1000002</AgentID><Event><![CDATA[LOCATION]]></Event><Latitude>31.1676</Latitude><Longitude>121.156</Longitude><Precision>15</Precision></xml>
2017-11-09 09:49:29.985 [http-apr-8080-exec-7] INFO  com.ray.weixin.qy.service.message.reply.ReplyMessageService - fromUserName:ShiRui
2017-11-09 09:49:29.986 [http-apr-8080-exec-7] INFO  com.ray.weixin.qy.service.message.reply.ReplyMessageService - toUserName:ww92f5da92bb24696e
2017-11-09 09:49:29.986 [http-apr-8080-exec-7] INFO  com.ray.weixin.qy.service.message.reply.ReplyMessageService - msgType:event
2017-11-09 09:49:29.986 [http-apr-8080-exec-7] INFO  com.ray.weixin.qy.service.message.reply.ReplyMessageService - Event:LOCATION  eventKey:null
2017-11-09 09:49:35.015 [http-apr-8080-exec-9] INFO  com.ray.weixin.qy.controller.WeiXinServlet - post--------------
2017-11-09 09:49:35.016 [http-apr-8080-exec-9] INFO  com.ray.weixin.qy.service.message.reply.ReplyMessageService - parms:{"msg_signature":["50bf8080c060238d176b3048fc5ad71694088716"],"timestamp":["1510192174"],"nonce":["1058514275"]}
2017-11-09 09:49:35.017 [http-apr-8080-exec-9] INFO  com.ray.weixin.qy.service.message.reply.ReplyMessageService - postData:<xml><ToUserName><![CDATA[ww92f5da92bb24696e]]></ToUserName><Encrypt><![CDATA[E8MWlAkRsQMgPWWBRJj64m1dH9TyWX47cB0uC0+SVIgY2UdWPjbUgqb/VZhcyPcymw/vw0M2KwgoP0BGG2RDJ/Fl8CgZ1rTee/pi89La0KS2Cmb/mfjAivgnoJj8NWo9qP77AXRDkh5U1n47VxXxGDslM3nxvhaTXVGrIGUiwnqPYxvL+h4/V2O/8o3rhdRKiG9Goey8TnxREbPiz7BTwXBqJzV1B/z+J5mrYR/rRBovsiSRrGRRVTD+P/S2DkExizErZRDdp7ePqHBfeBi4sQuR8f+VAZfzMpeGHILeI9YLV1y1aUGzG1XAH7t+n+f1O3pTZRURPKmwcI+xHUb+VWZbqlH/xn3bLSaXz8TsKfWTVe5B2l2Gz75K6oxloNQ6cJbFRzjdY/p+gwSWS7FhlSEf4g62Qk+rWgJ429jyywQZXGd3IkIrjVkZVo/LAts71up37xc58THGHRd6iMVFp5oHYcbJr7zbuQB4UkvhlWuDnxGQtlOi4LqwwNAV+f7p]]></Encrypt><AgentID><![CDATA[1000002]]></AgentID></xml>
2017-11-09 09:49:35.021 [http-apr-8080-exec-9] INFO  com.ray.weixin.qy.service.message.reply.ReplyMessageService - reply_xmlMsg:<xml><ToUserName><![CDATA[ww92f5da92bb24696e]]></ToUserName><FromUserName><![CDATA[ShiRui]]></FromUserName><CreateTime>1510192174</CreateTime><MsgType><![CDATA[event]]></MsgType><AgentID>1000002</AgentID><Event><![CDATA[LOCATION]]></Event><Latitude>31.1676</Latitude><Longitude>121.156</Longitude><Precision>15</Precision></xml>
2017-11-09 09:49:35.025 [http-apr-8080-exec-9] INFO  com.ray.weixin.qy.service.message.reply.ReplyMessageService - fromUserName:ShiRui
2017-11-09 09:49:35.025 [http-apr-8080-exec-9] INFO  com.ray.weixin.qy.service.message.reply.ReplyMessageService - toUserName:ww92f5da92bb24696e
2017-11-09 09:49:35.025 [http-apr-8080-exec-9] INFO  com.ray.weixin.qy.service.message.reply.ReplyMessageService - msgType:event
2017-11-09 09:49:35.026 [http-apr-8080-exec-9] INFO  com.ray.weixin.qy.service.message.reply.ReplyMessageService - Event:LOCATION  eventKey:null
2017-11-09 09:49:40.095 [http-apr-8080-exec-10] INFO  com.ray.weixin.qy.controller.WeiXinServlet - post--------------
2017-11-09 09:49:40.096 [http-apr-8080-exec-10] INFO  com.ray.weixin.qy.service.message.reply.ReplyMessageService - parms:{"msg_signature":["fe8144bf5aaac0148144ba2f9b000cb0b927eed4"],"timestamp":["1510192179"],"nonce":["1535208043"]}
2017-11-09 09:49:40.097 [http-apr-8080-exec-10] INFO  com.ray.weixin.qy.service.message.reply.ReplyMessageService - postData:<xml><ToUserName><![CDATA[ww92f5da92bb24696e]]></ToUserName><Encrypt><![CDATA[8n1IFZQNb5m3sdTRfcxxQTL2FjHXw4HtkbXh1gnOVPbag0J8VJN+wIq6Bj8b8TDsCqHiEHFn+evsDqf2qo/VWI5ue5eZP9gE/gA7zrC6pFs0P5Q5y06HSU2cuQC0gJxbW+iG0km4ba+RxNg7XQEoWkVjLM6Lsk8lZ+dFCQbD52JhDJB9sGE84hjpoIaE3/hyMHRpNTFACv014RqBtG+g3k5LcYgQ6vd/4ahWzQqg/jM3TCrSQekM+AZWcdcdvgdTFRLHsHbMNjO7cC4Jbkwgvme0dsrF8BoKk5sDb9f/jvMxkWYJX7NNt9HXyf3ZC+PRlmziTnNK8aYaDJ+wZOMiJtG1lIKxnfx6wLne4Iz/RsElj36b7vg3FYptKXf7Ptfls4dEeR0yPNsx/5oCNnRcS0XwYeRzYWED5rRF3eHiTcZ2wdW9DqNYWwWtC7zO5Ar245NurbJ0YT1nPzkGVlrd1kdcWVqchX+rDLHUx9/B8T2XCem7smdkPq2Cj30TWRi3]]></Encrypt><AgentID><![CDATA[1000002]]></AgentID></xml>
2017-11-09 09:49:40.104 [http-apr-8080-exec-10] INFO  com.ray.weixin.qy.service.message.reply.ReplyMessageService - reply_xmlMsg:<xml><ToUserName><![CDATA[ww92f5da92bb24696e]]></ToUserName><FromUserName><![CDATA[ShiRui]]></FromUserName><CreateTime>1510192179</CreateTime><MsgType><![CDATA[event]]></MsgType><AgentID>1000002</AgentID><Event><![CDATA[LOCATION]]></Event><Latitude>31.1676</Latitude><Longitude>121.156</Longitude><Precision>15</Precision></xml>
2017-11-09 09:49:40.109 [http-apr-8080-exec-10] INFO  com.ray.weixin.qy.service.message.reply.ReplyMessageService - fromUserName:ShiRui
2017-11-09 09:49:40.109 [http-apr-8080-exec-10] INFO  com.ray.weixin.qy.service.message.reply.ReplyMessageService - toUserName:ww92f5da92bb24696e
2017-11-09 09:49:40.109 [http-apr-8080-exec-10] INFO  com.ray.weixin.qy.service.message.reply.ReplyMessageService - msgType:event
2017-11-09 09:49:40.109 [http-apr-8080-exec-10] INFO  com.ray.weixin.qy.service.message.reply.ReplyMessageService - Event:LOCATION  eventKey:null
2017-11-09 09:49:45.124 [http-apr-8080-exec-4] INFO  com.ray.weixin.qy.controller.WeiXinServlet - post--------------
2017-11-09 09:49:45.124 [http-apr-8080-exec-4] INFO  com.ray.weixin.qy.service.message.reply.ReplyMessageService - parms:{"msg_signature":["b9e3462ab2d2a36e6ffb8a7edc314590e6651bde"],"timestamp":["1510192184"],"nonce":["1165045032"]}
2017-11-09 09:49:45.125 [http-apr-8080-exec-4] INFO  com.ray.weixin.qy.service.message.reply.ReplyMessageService - postData:<xml><ToUserName><![CDATA[ww92f5da92bb24696e]]></ToUserName><Encrypt><![CDATA[ZMPvbqlcJvNqyBrj2uZRFlxHOfe5PVO0C48hZiu+R+aIULtn2C7/ddfVJiEg7GdF2pIW6iDmhTvG2NhvMlTH5aCP+7IboI5+3kOYU2B/dy6ea4X+J35/pOs4esPrHkPaiXgbgRq3j6YtDWvpHOHbxrQFTZDoj14buOx1h15d5N1L7FejVVljgxX41DyboC81YN8Are/qS10R2nLJGkq3L8/O0ooYIHTwLJxK4xnRuISsFk+iBiXG8i74dpwF3TwEdx0FUIfjlyBBX54h6Of8Vi2J5nzj4aLc426jsBaVEYg/MvMTKPNLOVRITukh4fwD+j3tJeAU1tGz6SEIS2wo21uxeY9+dzUq39KantmFcCC46Ld8UWt/TW4IVD5xlinsjx9jwukyCC2oKmCKjlfYJRDhip6NVNozaRqPf8Jy8ZJMzrsUWVhsSITlO8iE3paXuu/UwrMSbSew3ZSRgvNVjTvPlWMefrQgKF0mv4kYaZTacSEPWQGMv1Ldsjq52k92]]></Encrypt><AgentID><![CDATA[1000002]]></AgentID></xml>
2017-11-09 09:49:45.126 [http-apr-8080-exec-4] INFO  com.ray.weixin.qy.service.message.reply.ReplyMessageService - reply_xmlMsg:<xml><ToUserName><![CDATA[ww92f5da92bb24696e]]></ToUserName><FromUserName><![CDATA[ShiRui]]></FromUserName><CreateTime>1510192184</CreateTime><MsgType><![CDATA[event]]></MsgType><AgentID>1000002</AgentID><Event><![CDATA[LOCATION]]></Event><Latitude>31.1676</Latitude><Longitude>121.156</Longitude><Precision>15</Precision></xml>
2017-11-09 09:49:45.127 [http-apr-8080-exec-4] INFO  com.ray.weixin.qy.service.message.reply.ReplyMessageService - fromUserName:ShiRui
2017-11-09 09:49:45.127 [http-apr-8080-exec-4] INFO  com.ray.weixin.qy.service.message.reply.ReplyMessageService - toUserName:ww92f5da92bb24696e
2017-11-09 09:49:45.127 [http-apr-8080-exec-4] INFO  com.ray.weixin.qy.service.message.reply.ReplyMessageService - msgType:event
2017-11-09 09:49:45.127 [http-apr-8080-exec-4] INFO  com.ray.weixin.qy.service.message.reply.ReplyMessageService - Event:LOCATION  eventKey:null
2017-11-09 09:49:50.099 [http-apr-8080-exec-3] INFO  com.ray.weixin.qy.controller.WeiXinServlet - post--------------
2017-11-09 09:49:50.100 [http-apr-8080-exec-3] INFO  com.ray.weixin.qy.service.message.reply.ReplyMessageService - parms:{"msg_signature":["7896183128550aed96b930fbc1d1ce088708f58c"],"timestamp":["1510192189"],"nonce":["989307146"]}
2017-11-09 09:49:50.101 [http-apr-8080-exec-3] INFO  com.ray.weixin.qy.service.message.reply.ReplyMessageService - postData:<xml><ToUserName><![CDATA[ww92f5da92bb24696e]]></ToUserName><Encrypt><![CDATA[Wb9VvTTy3zgbsaJrueMqnlA5TL12upVZMwvdBm7R/3DuaNOoT/MPh1NGpF+c2yx62fCLYwZ0syrBhqI8Tx3VYybYNPnzXPsvh1CRMI5o2bfLB/G+yovu/16QGCrp44MPONwD00Cm8jPj1dycUz34H5MrPps0hrw+gj5PtUzxd//PEtKckmS7KLKA4M8vM9V3yfjDLMSnnBhoQ2l4TzqeElj6P+VL04/ZYGJzqGA6fjF0nJTQbF5++v7vTC+1JT5PTLWmLpve9/2BtivR4Q4/DSPEg//NBMldKN1XvpJxwIzakSmTnEvFwVVxKIy/2KxBNFSSNkvHUgznMg0IpqAy/3xPEDMx+7mltim0xKi8aEfQHqgncMZoFj6EnkF6CiZMLrNB+GrUFq8yvmMww6mbhp9Dv01FafjQmsSmw6b+WuzJ3NowxmTha6gXLcLXCuTrof5+TFb03ofcq3SReHgkrJ8czRKjC+Y8OiTXov4KDzonZYb55FBkaz4zI1UzUxe2]]></Encrypt><AgentID><![CDATA[1000002]]></AgentID></xml>
2017-11-09 09:49:50.102 [http-apr-8080-exec-3] INFO  com.ray.weixin.qy.service.message.reply.ReplyMessageService - reply_xmlMsg:<xml><ToUserName><![CDATA[ww92f5da92bb24696e]]></ToUserName><FromUserName><![CDATA[ShiRui]]></FromUserName><CreateTime>1510192189</CreateTime><MsgType><![CDATA[event]]></MsgType><AgentID>1000002</AgentID><Event><![CDATA[LOCATION]]></Event><Latitude>31.1676</Latitude><Longitude>121.156</Longitude><Precision>15</Precision></xml>
2017-11-09 09:49:50.103 [http-apr-8080-exec-3] INFO  com.ray.weixin.qy.service.message.reply.ReplyMessageService - fromUserName:ShiRui
2017-11-09 09:49:50.103 [http-apr-8080-exec-3] INFO  com.ray.weixin.qy.service.message.reply.ReplyMessageService - toUserName:ww92f5da92bb24696e
2017-11-09 09:49:50.103 [http-apr-8080-exec-3] INFO  com.ray.weixin.qy.service.message.reply.ReplyMessageService - msgType:event
2017-11-09 09:49:50.103 [http-apr-8080-exec-3] INFO  com.ray.weixin.qy.service.message.reply.ReplyMessageService - Event:LOCATION  eventKey:null
2017-11-09 09:49:55.138 [http-apr-8080-exec-7] INFO  com.ray.weixin.qy.controller.WeiXinServlet - post--------------
2017-11-09 09:49:55.138 [http-apr-8080-exec-7] INFO  com.ray.weixin.qy.service.message.reply.ReplyMessageService - parms:{"msg_signature":["1efa083222bdb6bfba0977535d5062a326e5427d"],"timestamp":["1510192194"],"nonce":["203376770"]}
2017-11-09 09:49:55.138 [http-apr-8080-exec-7] INFO  com.ray.weixin.qy.service.message.reply.ReplyMessageService - postData:<xml><ToUserName><![CDATA[ww92f5da92bb24696e]]></ToUserName><Encrypt><![CDATA[jO/GmIem1m51UoDhuQOD8wGvHgJUixWIAYEOuyROLNz1LuSFFL5rvrHDoXwO3+VpuwmLiWzoZPM4Wzo7Qpp72pQrT7lSI3FD+cK77WqxqWl8I9wUMTC3um58gHFGJNTIdfhHBaTxUWZ5tlW4YEt77TRev5EkCHDVUZ3rFxw19wAWi0HMXmpV6u75f3NLveUumI7j+X2kkEUzWEpYCft05XzlJEJfc5B+03RhmZUKNWCk4PQcu15OSTmPLPfQkTg14l5m59jEyAZU3+qG46tNEDKeTQgkrKVkuBNrKi4iYO0yZyDEy1DywKOd52PU7OBBdqiXCQCg75Uuj/UURWnDIhQnPTO7jPFiOMwLUcmGBd/+a/aUxFqqoR3wYK/HipIBbP9FDZO61OFlVv4ZIPS8HyMUMzKnktMp8X6GgJ7HsoEG9uQEiWxafm6dOHm8HuoV8AojBkkm4HRfOhFZEzqwBA+tX2B7Dm7wOCzTLQMy6sdSyXY5MQNB2xdWu+IPN0mz]]></Encrypt><AgentID><![CDATA[1000002]]></AgentID></xml>
2017-11-09 09:49:55.139 [http-apr-8080-exec-7] INFO  com.ray.weixin.qy.service.message.reply.ReplyMessageService - reply_xmlMsg:<xml><ToUserName><![CDATA[ww92f5da92bb24696e]]></ToUserName><FromUserName><![CDATA[ShiRui]]></FromUserName><CreateTime>1510192194</CreateTime><MsgType><![CDATA[event]]></MsgType><AgentID>1000002</AgentID><Event><![CDATA[LOCATION]]></Event><Latitude>31.1676</Latitude><Longitude>121.156</Longitude><Precision>15</Precision></xml>
2017-11-09 09:49:55.140 [http-apr-8080-exec-7] INFO  com.ray.weixin.qy.service.message.reply.ReplyMessageService - fromUserName:ShiRui
2017-11-09 09:49:55.140 [http-apr-8080-exec-7] INFO  com.ray.weixin.qy.service.message.reply.ReplyMessageService - toUserName:ww92f5da92bb24696e
2017-11-09 09:49:55.140 [http-apr-8080-exec-7] INFO  com.ray.weixin.qy.service.message.reply.ReplyMessageService - msgType:event
2017-11-09 09:49:55.140 [http-apr-8080-exec-7] INFO  com.ray.weixin.qy.service.message.reply.ReplyMessageService - Event:LOCATION  eventKey:null
