2017-11-15 15:21:04.794 [http-apr-8080-exec-7] INFO  com.ray.weixin.gz.controller.WeiXinServlet - post--------------
2017-11-15 15:21:04.803 [http-apr-8080-exec-7] INFO  com.ray.weixin.gz.service.message.ReplyMessageService - parms:{"signature":["527d3997f71da554242827bbcd99713c86d2e5a7"],"timestamp":["1510730463"],"nonce":["1721647372"],"openid":["o1M7_1TLByH8H1T7XCIj23Roo5yU"],"encrypt_type":["aes"],"msg_signature":["09882be3af96fa510bbd64daa10f546ff5a577e9"]}
2017-11-15 15:21:04.803 [http-apr-8080-exec-7] INFO  com.ray.weixin.gz.service.message.ReplyMessageService - postData:<xml>    <ToUserName><![CDATA[gh_8903be978f8b]]></ToUserName>    <Encrypt><![CDATA[JvIE6fZnYp1T/m9+S4anKxxPWeTJbxCQiemHTL0NZOjCPhqXE4rDljRJtS8CCgR4hi531Iu4ofDP6dOOeeLTmtVnLiG2lKeZ3dX41Broj6b9MS1SPO92+my0cVGA49RDtgakyIirC1mFzs4FeTakmT9THwEfL2Jjo8YldjZ6xQ1GiVAzfN4KCnLeqUaCuHbgd116RuZKTqAJ+xdGgocrtRlSITfVc3JUmOqkvSU9W/iBjBYA3RN6t1kQsIS+xqQPOkSwZXQeEfcp/vqgz0fktGohqeKRSltoOPsq/33FTJ78syrKPy3H7FIB45xGq3uAKY5F56p+7eNWbRZD7sUzmqMuuks+CWqH/rcVkDhzXPOP97Gb5OWusY3P/1WYDrvO5xZ8ZkE41SwKQDvDVT3+9Ks008XsAEaOEhiikhuNTFp2Mjty+7P/g0fvit8me7CwynBGS/SZmXr3IfdzY92WFVXfGEatWniJVN8vM6cpdOptf+/Kkk27K2UHo6XPl/V7plbGrwHsVwKrQXzYvu/7NRdEMIFryY2tboDqO9TOxTo=]]></Encrypt></xml>
2017-11-15 15:21:04.804 [http-apr-8080-exec-7] INFO  com.ray.weixin.gz.service.message.ReplyMessageService - 安全模式：消息被加密
2017-11-15 15:21:04.806 [http-apr-8080-exec-7] INFO  com.ray.weixin.gz.service.message.ReplyMessageService - <xml><ToUserName><![CDATA[gh_8903be978f8b]]></ToUserName>
<FromUserName><![CDATA[o1M7_1TLByH8H1T7XCIj23Roo5yU]]></FromUserName>
<CreateTime>1510730463</CreateTime>
<MsgType><![CDATA[event]]></MsgType>
<Event><![CDATA[VIEW]]></Event>
<EventKey><![CDATA[http://rayner.nat300.top/weixin_gz/showInvoice.jsp]]></EventKey>
<MenuId>450181554</MenuId>
</xml>
2017-11-15 15:21:04.808 [http-apr-8080-exec-7] INFO  com.ray.weixin.gz.service.message.ReplyMessageService - fromUserName:o1M7_1TLByH8H1T7XCIj23Roo5yU
2017-11-15 15:21:04.808 [http-apr-8080-exec-7] INFO  com.ray.weixin.gz.service.message.ReplyMessageService - toUserName:gh_8903be978f8b
2017-11-15 15:21:04.808 [http-apr-8080-exec-7] INFO  com.ray.weixin.gz.service.message.ReplyMessageService - msgType:event
2017-11-15 15:21:04.809 [http-apr-8080-exec-7] INFO  com.ray.weixin.gz.service.message.ReplyMessageService - Event:VIEW  eventKey:http://rayner.nat300.top/weixin_gz/showInvoice.jsp
2017-11-15 15:21:05.053 [http-apr-8080-exec-5] INFO  com.ray.weixin.gz.util.AuthHelper - jsonObject:{"access_token":"cn4J7ulHxqtO5ScWs7O_v2gTbU6G3KXW45GHVc9liRrAqXI5tmo4R-XLc9gxSaHlXKrg6lXYHQR8I2_ww8xoUU6SKzX0ELQEUZvYLmM4gpgUk3p08JFvbzMHv-YA8R2rPCPjAEALYL","expires_in":7200}
2017-11-15 15:21:05.155 [http-apr-8080-exec-5] INFO  com.ray.weixin.gz.util.AuthHelper - jsonObject:{"errcode":0,"ticket":"HoagFKDcsGMVCIY2vOjf9mrEXbwXSbqpUm0898_LsZhfWowrJV-9wOxwAgoPTOhdqfiAJVBhU9J6pQbGq-WKag","errmsg":"ok","expires_in":7200}
2017-11-15 15:21:05.156 [http-apr-8080-exec-5] INFO  com.ray.weixin.gz.util.AuthHelper - accessToken:cn4J7ulHxqtO5ScWs7O_v2gTbU6G3KXW45GHVc9liRrAqXI5tmo4R-XLc9gxSaHlXKrg6lXYHQR8I2_ww8xoUU6SKzX0ELQEUZvYLmM4gpgUk3p08JFvbzMHv-YA8R2rPCPjAEALYL
2017-11-15 15:21:05.156 [http-apr-8080-exec-5] INFO  com.ray.weixin.gz.util.AuthHelper - ticket:HoagFKDcsGMVCIY2vOjf9mrEXbwXSbqpUm0898_LsZhfWowrJV-9wOxwAgoPTOhdqfiAJVBhU9J6pQbGq-WKag
2017-11-15 15:21:05.156 [http-apr-8080-exec-5] INFO  com.ray.weixin.gz.util.AuthHelper - nonceStr:a0f3b505-fcbf-4f89-b817-9e922ea159fd
2017-11-15 15:21:05.156 [http-apr-8080-exec-5] INFO  com.ray.weixin.gz.util.AuthHelper - timeStamp:1510730464
2017-11-15 15:21:05.156 [http-apr-8080-exec-5] INFO  com.ray.weixin.gz.util.AuthHelper - signedUrl:http://rayner.nat300.top/weixin_gz/showInvoice.jsp
2017-11-15 15:21:05.156 [http-apr-8080-exec-5] INFO  com.ray.weixin.gz.util.AuthHelper - signature:1b3c9b2850063bf13ea374b7a5aeb37b7164c152
2017-11-15 15:21:05.156 [http-apr-8080-exec-5] INFO  com.ray.weixin.gz.util.AuthHelper - appId:wx07c4d9d0895fe212
2017-11-15 15:21:05.156 [http-apr-8080-exec-5] INFO  com.ray.weixin.gz.util.AuthHelper - configValue:{signature:'1b3c9b2850063bf13ea374b7a5aeb37b7164c152',nonceStr:'a0f3b505-fcbf-4f89-b817-9e922ea159fd',timeStamp:'1510730464',appId:'wx07c4d9d0895fe212'}
2017-11-15 15:21:05.296 [http-apr-8080-exec-5] INFO  com.ray.weixin.gz.util.AuthHelper - jsonObject:{"access_token":"cn4J7ulHxqtO5ScWs7O_v2gTbU6G3KXW45GHVc9liRpmtFoBhfGA9FWtVkAanlwC0kIsVnXsc9kbcs3pDQUVd47Hj1ipoQQKaY7_y8Ik8TVPDAiuX-LmpUqPakdD_zquNZFjAEAYKQ","expires_in":7200}
2017-11-15 15:21:05.406 [http-apr-8080-exec-5] INFO  com.ray.weixin.gz.service.invoice.InvoiceService - jsonObject:{"errcode":0,"ticket":"9KwiourQPRN3vx3Nn1c_iXCh-5F7rD5UiR6FRkNziS3cx4b8Yjpce58MCsslS5Cu43H8pvgbGMFfDvtxfdImxg","errmsg":"ok","expires_in":7200}
2017-11-15 15:21:05.409 [http-apr-8080-exec-5] INFO  com.ray.weixin.gz.util.AuthHelper - apiTicket:9KwiourQPRN3vx3Nn1c_iXCh-5F7rD5UiR6FRkNziS3cx4b8Yjpce58MCsslS5Cu43H8pvgbGMFfDvtxfdImxg
2017-11-15 15:21:05.409 [http-apr-8080-exec-5] INFO  com.ray.weixin.gz.util.AuthHelper - appId:wx07c4d9d0895fe212
2017-11-15 15:21:05.410 [http-apr-8080-exec-5] INFO  com.ray.weixin.gz.util.AuthHelper - timeStamp:1510730465
2017-11-15 15:21:05.410 [http-apr-8080-exec-5] INFO  com.ray.weixin.gz.util.AuthHelper - nonceStr:b9862da0-ad50-4e61-a142-38a26380c6de
2017-11-15 15:21:05.410 [http-apr-8080-exec-5] INFO  com.ray.weixin.gz.util.AuthHelper - cardType:INVOICE
2017-11-15 15:21:05.411 [http-apr-8080-exec-5] INFO  com.ray.weixin.gz.util.AuthHelper - cardSign:23350dc511ad27a133b705133152483a912d40da
2017-11-15 15:21:05.411 [http-apr-8080-exec-5] INFO  com.ray.weixin.gz.util.AuthHelper - signType:SHA1
2017-11-15 15:21:05.411 [http-apr-8080-exec-5] INFO  com.ray.weixin.gz.util.AuthHelper - configValue:{"signType":"SHA1","cardSign":"23350dc511ad27a133b705133152483a912d40da","nonceStr":"b9862da0-ad50-4e61-a142-38a26380c6de","timestamp":"1510730465"}
