2017-11-15 18:54:19.752 [http-apr-8080-exec-4] INFO  com.ray.weixin.gz.controller.WeiXinServlet - post--------------
2017-11-15 18:54:19.759 [http-apr-8080-exec-4] INFO  com.ray.weixin.gz.service.message.ReplyMessageService - parms:{"signature":["817493344f0d4664b9e3d58775b8f47aa1d67511"],"timestamp":["1510743258"],"nonce":["1430768153"],"openid":["o1M7_1TLByH8H1T7XCIj23Roo5yU"],"encrypt_type":["aes"],"msg_signature":["1ae3867d95ab5840db30ffef4a2f12be8af4d041"]}
2017-11-15 18:54:19.760 [http-apr-8080-exec-4] INFO  com.ray.weixin.gz.service.message.ReplyMessageService - postData:<xml>    <ToUserName><![CDATA[gh_8903be978f8b]]></ToUserName>    <Encrypt><![CDATA[o56MWwEsadGfH9dmyfg7lXkxyrc/1kzODhumv6hCoX+aj3dvRnv/VpYfjF/5qtMJmTj5dS1fwrFACR5CyzapiizVcRx1ausRUPmr+3ZnwMrTGnoY71KpLRhYhXdSOGVPjWcI5xN6PlokwR+K3Ct8I7iAM+U9H0rLmBngmO9XNh34+1V97cPascuGqIxykmMXtzz4bsC9da/Oa4kRQkin8FBEDg30C6u6kpSOAbSzFJnx3zWTGsAOkjwwwvlj3HhbK6ScJ3M6fPFY8PROKmf9kC2Q5FyCkHFquA3bp4nF392xm7FZUotYntGx3v3G39Jo8vsuls4JSF7TlO6KBvivh1Pz8SqPIJg5k/yzvoAZJj+jtiTIMkuhKQehHKxy7Pb87ygYFJCk1buZbEf7njRoQOYA7Qf6nux+MKG4bUVoZAjHDsDsfK1Ldih+pJtz++rS835nOgfdNkx3ReNgYXtZtAeKCpAU47J+zBuwm0x7tiCG6j9lD+vUUgW+74PTgwE2vXHYxMQtsdjmMd8hXGsfqbhTrqoE2wv85CNyF1SjeCE=]]></Encrypt></xml>
2017-11-15 18:54:19.762 [http-apr-8080-exec-4] INFO  com.ray.weixin.gz.service.message.ReplyMessageService - 安全模式：消息被加密
2017-11-15 18:54:19.765 [http-apr-8080-exec-4] INFO  com.ray.weixin.gz.service.message.ReplyMessageService - <xml><ToUserName><![CDATA[gh_8903be978f8b]]></ToUserName>
<FromUserName><![CDATA[o1M7_1TLByH8H1T7XCIj23Roo5yU]]></FromUserName>
<CreateTime>1510743258</CreateTime>
<MsgType><![CDATA[event]]></MsgType>
<Event><![CDATA[VIEW]]></Event>
<EventKey><![CDATA[http://rayner.nat300.top/weixin_gz/showInvoice.jsp]]></EventKey>
<MenuId>450181554</MenuId>
</xml>
2017-11-15 18:54:19.767 [http-apr-8080-exec-4] INFO  com.ray.weixin.gz.service.message.ReplyMessageService - fromUserName:o1M7_1TLByH8H1T7XCIj23Roo5yU
2017-11-15 18:54:19.768 [http-apr-8080-exec-4] INFO  com.ray.weixin.gz.service.message.ReplyMessageService - toUserName:gh_8903be978f8b
2017-11-15 18:54:19.768 [http-apr-8080-exec-4] INFO  com.ray.weixin.gz.service.message.ReplyMessageService - msgType:event
2017-11-15 18:54:19.768 [http-apr-8080-exec-4] INFO  com.ray.weixin.gz.service.message.ReplyMessageService - Event:VIEW  eventKey:http://rayner.nat300.top/weixin_gz/showInvoice.jsp
2017-11-15 18:54:19.789 [http-apr-8080-exec-6] INFO  com.ray.weixin.gz.util.AuthHelper - jsonObject:{"access_token":"cDEGo4ydNyIcck4PeW8pk3n6K-PbouiEuPLMXj81wck3Qg1Cy8E8EhZIFdn4b9Dy3ApCOhht4XMQJ9S-Yu3R-5WSumxWAji7qJ5faxD70vHTN5FqChV-tLtkBt6e04dpOIUiAAAICO","expires_in":7200}
2017-11-15 18:54:19.892 [http-apr-8080-exec-6] INFO  com.ray.weixin.gz.util.AuthHelper - jsonObject:{"errcode":0,"ticket":"HoagFKDcsGMVCIY2vOjf9mrEXbwXSbqpUm0898_LsZgBi9Ja3Cb-iRCpfbms7MNv3e_heT1Q91ygjzjqxFaRVw","errmsg":"ok","expires_in":7200}
2017-11-15 18:54:19.892 [http-apr-8080-exec-6] INFO  com.ray.weixin.gz.util.AuthHelper - accessToken:cDEGo4ydNyIcck4PeW8pk3n6K-PbouiEuPLMXj81wck3Qg1Cy8E8EhZIFdn4b9Dy3ApCOhht4XMQJ9S-Yu3R-5WSumxWAji7qJ5faxD70vHTN5FqChV-tLtkBt6e04dpOIUiAAAICO
2017-11-15 18:54:19.893 [http-apr-8080-exec-6] INFO  com.ray.weixin.gz.util.AuthHelper - ticket:HoagFKDcsGMVCIY2vOjf9mrEXbwXSbqpUm0898_LsZgBi9Ja3Cb-iRCpfbms7MNv3e_heT1Q91ygjzjqxFaRVw
2017-11-15 18:54:19.893 [http-apr-8080-exec-6] INFO  com.ray.weixin.gz.util.AuthHelper - nonceStr:49c5b0b2-e6bc-4600-a4ae-6e6ebe84937d
2017-11-15 18:54:19.893 [http-apr-8080-exec-6] INFO  com.ray.weixin.gz.util.AuthHelper - timeStamp:1510743259
2017-11-15 18:54:19.893 [http-apr-8080-exec-6] INFO  com.ray.weixin.gz.util.AuthHelper - signedUrl:http://rayner.nat300.top/weixin_gz/showInvoice.jsp
2017-11-15 18:54:19.893 [http-apr-8080-exec-6] INFO  com.ray.weixin.gz.util.AuthHelper - signature:412f168b6b3f57fe2283d44d6cd8609b6b25e0b6
2017-11-15 18:54:19.893 [http-apr-8080-exec-6] INFO  com.ray.weixin.gz.util.AuthHelper - appId:wx07c4d9d0895fe212
2017-11-15 18:54:19.893 [http-apr-8080-exec-6] INFO  com.ray.weixin.gz.util.AuthHelper - configValue:{signature:'412f168b6b3f57fe2283d44d6cd8609b6b25e0b6',nonceStr:'49c5b0b2-e6bc-4600-a4ae-6e6ebe84937d',timeStamp:'1510743259',appId:'wx07c4d9d0895fe212'}
2017-11-15 18:54:19.984 [http-apr-8080-exec-6] INFO  com.ray.weixin.gz.util.AuthHelper - jsonObject:{"access_token":"cDEGo4ydNyIcck4PeW8pk3n6K-PbouiEuPLMXj81wckv9dfPxF3cG8ctiHpPZgF_Y-Pcrij1c1FYRBh0_lBERX8PTheQ7KGsl4KsB3lmYnq2Na82JNZfjRNlEhd34GggDBMiAAANLW","expires_in":7200}
2017-11-15 18:54:20.076 [http-apr-8080-exec-6] INFO  com.ray.weixin.gz.service.invoice.InvoiceService - jsonObject:{"errcode":0,"ticket":"9KwiourQPRN3vx3Nn1c_iXCh-5F7rD5UiR6FRkNziS3ioM7lrWDvEODqM6XQdQbgraF_oLOqdFSXbGH0lwPjuA","errmsg":"ok","expires_in":7200}
2017-11-15 18:54:20.077 [http-apr-8080-exec-6] INFO  com.ray.weixin.gz.util.AuthHelper - apiTicket:9KwiourQPRN3vx3Nn1c_iXCh-5F7rD5UiR6FRkNziS3ioM7lrWDvEODqM6XQdQbgraF_oLOqdFSXbGH0lwPjuA
2017-11-15 18:54:20.077 [http-apr-8080-exec-6] INFO  com.ray.weixin.gz.util.AuthHelper - appId:wx07c4d9d0895fe212
2017-11-15 18:54:20.077 [http-apr-8080-exec-6] INFO  com.ray.weixin.gz.util.AuthHelper - timeStamp:1510743260
2017-11-15 18:54:20.077 [http-apr-8080-exec-6] INFO  com.ray.weixin.gz.util.AuthHelper - nonceStr:e0e52548-d8cc-4e1d-8863-7e16cf476d8b
2017-11-15 18:54:20.077 [http-apr-8080-exec-6] INFO  com.ray.weixin.gz.util.AuthHelper - cardType:INVOICE
2017-11-15 18:54:20.077 [http-apr-8080-exec-6] INFO  com.ray.weixin.gz.util.AuthHelper - cardSign:a6d9735cb7400c58e9b1d19896f0d0ce47f8abc3
2017-11-15 18:54:20.077 [http-apr-8080-exec-6] INFO  com.ray.weixin.gz.util.AuthHelper - signType:SHA1
2017-11-15 18:54:20.078 [http-apr-8080-exec-6] INFO  com.ray.weixin.gz.util.AuthHelper - configValue:{"signType":"SHA1","cardSign":"a6d9735cb7400c58e9b1d19896f0d0ce47f8abc3","nonceStr":"e0e52548-d8cc-4e1d-8863-7e16cf476d8b","timestamp":"1510743260"}
2017-11-15 18:54:28.893 [http-apr-8080-exec-9] INFO  com.ray.weixin.gz.util.AuthHelper - jsonObject:{"access_token":"cDEGo4ydNyIcck4PeW8pk3n6K-PbouiEuPLMXj81wck9kajYDxVlJnR61zfA1K5Yvu54xJL6WrfMjhHZoAKH8I7IOxgs0u0mhDQjJ3-0CUE_ftwsZvl9o2yLxHAJm1A2UTHiAAAYXL","expires_in":7200}
2017-11-15 18:54:29.176 [http-apr-8080-exec-9] INFO  com.ray.weixin.gz.service.invoice.InvoiceService - jsonObject:{"errcode":0,"payee":"上海圆迈贸易有限公司","user_info":{"reimburse_status":"INVOICE_REIMBURSE_INIT","fee":19265,"tax":2799,"pdf_url":"http://wdfp.5ifapiao.com/wx-card/getPdf/wdfp/031001700311/10130772/59869458371280709832?card_id=pN0bYv8ll7_8REjYNPNLzfSpVi54&wx_invoice_token=vHE5kaaLFelvyosk6hyN9qfmT4mz22-3-DtItACfp08jA-W3T1CC2S11Axvpd1aCz0b0LrNnBYIlLT_Q84D2RKXeyAVNw-8OBuyhDuF7XR0.","title":"个人","billing_code":"10130772","billing_time":1510662340,"check_code":"59869458371280709832","fee_without_tax":16466,"detail":" ","billing_no":"031001700311","order_id":"64532618652","info":[{"unit":" ","price":16466,"num":1,"name":"七匹狼 男士纯棉内裤平角裤 舒适透气柔软棉质裤头 4条混色礼盒装 XXXL（95159-4）"}]},"openid":"o1M7_1TLByH8H1T7XCIj23Roo5yU","errmsg":"ok","detail":"可在公司企业号内报销使用","type":"增值税电子普通发票","card_id":"pN0bYv8ll7_8REjYNPNLzfSpVi54"}
2017-11-15 18:54:29.178 [http-apr-8080-exec-9] INFO  com.ray.weixin.gz.controller.invoice.InvoiceServlet - [{"errcode":0,"payee":"上海圆迈贸易有限公司","user_info":{"reimburse_status":"INVOICE_REIMBURSE_INIT","fee":19265,"tax":2799,"pdf_url":"http://wdfp.5ifapiao.com/wx-card/getPdf/wdfp/031001700311/10130772/59869458371280709832?card_id=pN0bYv8ll7_8REjYNPNLzfSpVi54&wx_invoice_token=vHE5kaaLFelvyosk6hyN9qfmT4mz22-3-DtItACfp08jA-W3T1CC2S11Axvpd1aCz0b0LrNnBYIlLT_Q84D2RKXeyAVNw-8OBuyhDuF7XR0.","title":"个人","billing_code":"10130772","billing_time":1510662340,"check_code":"59869458371280709832","fee_without_tax":16466,"detail":" ","billing_no":"031001700311","order_id":"64532618652","info":[{"unit":" ","price":16466,"num":1,"name":"七匹狼 男士纯棉内裤平角裤 舒适透气柔软棉质裤头 4条混色礼盒装 XXXL（95159-4）"}]},"openid":"o1M7_1TLByH8H1T7XCIj23Roo5yU","errmsg":"ok","detail":"可在公司企业号内报销使用","type":"增值税电子普通发票","card_id":"pN0bYv8ll7_8REjYNPNLzfSpVi54"}]
