2017-11-15 15:26:45.657 [http-apr-8080-exec-7] INFO  com.ray.weixin.gz.controller.WeiXinServlet - post--------------
2017-11-15 15:26:45.663 [http-apr-8080-exec-7] INFO  com.ray.weixin.gz.service.message.ReplyMessageService - parms:{"signature":["ae70181c8dd022c20dcdf867c37aa8a48801a283"],"timestamp":["1510730804"],"nonce":["88657601"],"openid":["o1M7_1TLByH8H1T7XCIj23Roo5yU"],"encrypt_type":["aes"],"msg_signature":["2fbb53a422e560df86fdbf63fc5364a3efcf6580"]}
2017-11-15 15:26:45.664 [http-apr-8080-exec-7] INFO  com.ray.weixin.gz.service.message.ReplyMessageService - postData:<xml>    <ToUserName><![CDATA[gh_8903be978f8b]]></ToUserName>    <Encrypt><![CDATA[mJvL9qzt2AcUopFTYjsBisEQOSQvjc2SQGbqXM5d2paWGUbHDuPVpw/OKoMJ2vJzyA6s4l8NURgsgDgWGDGwKojVG8HUmHPIzhlq4P0OjCLCekRCa0enMh7giqTL9WihpQGwiVxDnMkq+HPbbV3NRE4D24GYKmtsXYK/9N7Bpmol/O5YSB8928TwxkVXjKZrxo4aoeC0MpQFookIdCpi9A/7MHNHxsfRUl/a6QtwJbr9838qX3ubgVyTq+qjviyBj+9mbv0+SRu5g/iuY+dQXBMhcx6slJ7MLov65v4aKK7cG1ZgeCY3JycsQJtNgPm8yG1FgVzdIBOSroP+CT/u/g9VgWLeqYL72+9yFZ/jdvsaKLzp5NXHbO7atXmIgQtUpxvx9CqTWFaOTijpzf1HlhFUOwXxMTwdjRNT+SEa4a/pcOX6j4xgzKmW0+kDAAsq8IXIM9AgIsFJfFouddvserCs0lH6X08c/xGwos5WT4FuZqAyWbREmM64yidtgPrNtTihQ55irHNN+mEsH/Ya+8EyjPM/HRXyivahzm4ig3o=]]></Encrypt></xml>
2017-11-15 15:26:45.666 [http-apr-8080-exec-7] INFO  com.ray.weixin.gz.service.message.ReplyMessageService - 安全模式：消息被加密
2017-11-15 15:26:45.682 [http-apr-8080-exec-7] INFO  com.ray.weixin.gz.service.message.ReplyMessageService - <xml><ToUserName><![CDATA[gh_8903be978f8b]]></ToUserName>
<FromUserName><![CDATA[o1M7_1TLByH8H1T7XCIj23Roo5yU]]></FromUserName>
<CreateTime>1510730804</CreateTime>
<MsgType><![CDATA[event]]></MsgType>
<Event><![CDATA[VIEW]]></Event>
<EventKey><![CDATA[http://rayner.nat300.top/weixin_gz/showInvoice.jsp]]></EventKey>
<MenuId>450181554</MenuId>
</xml>
2017-11-15 15:26:45.687 [http-apr-8080-exec-7] INFO  com.ray.weixin.gz.service.message.ReplyMessageService - fromUserName:o1M7_1TLByH8H1T7XCIj23Roo5yU
2017-11-15 15:26:45.687 [http-apr-8080-exec-7] INFO  com.ray.weixin.gz.service.message.ReplyMessageService - toUserName:gh_8903be978f8b
2017-11-15 15:26:45.688 [http-apr-8080-exec-7] INFO  com.ray.weixin.gz.service.message.ReplyMessageService - msgType:event
2017-11-15 15:26:45.688 [http-apr-8080-exec-7] INFO  com.ray.weixin.gz.service.message.ReplyMessageService - Event:VIEW  eventKey:http://rayner.nat300.top/weixin_gz/showInvoice.jsp
2017-11-15 15:26:45.906 [http-apr-8080-exec-6] INFO  com.ray.weixin.gz.util.AuthHelper - jsonObject:{"access_token":"LFgCOtVKH5O1HlWn_egiAGL5z-t5Qn8Qa3g0L-aU--IGJmZx4fZzR2R3lTTJstZglvtgYSA3VTJyAWlE7KZ6TTq9TvPhRFQ2ZP1d69ZoRqQLLZiAHAFFT","expires_in":7200}
2017-11-15 15:26:46.026 [http-apr-8080-exec-6] INFO  com.ray.weixin.gz.util.AuthHelper - jsonObject:{"errcode":0,"ticket":"HoagFKDcsGMVCIY2vOjf9mrEXbwXSbqpUm0898_LsZhfWowrJV-9wOxwAgoPTOhdqfiAJVBhU9J6pQbGq-WKag","errmsg":"ok","expires_in":7200}
2017-11-15 15:26:46.026 [http-apr-8080-exec-6] INFO  com.ray.weixin.gz.util.AuthHelper - accessToken:LFgCOtVKH5O1HlWn_egiAGL5z-t5Qn8Qa3g0L-aU--IGJmZx4fZzR2R3lTTJstZglvtgYSA3VTJyAWlE7KZ6TTq9TvPhRFQ2ZP1d69ZoRqQLLZiAHAFFT
2017-11-15 15:26:46.026 [http-apr-8080-exec-6] INFO  com.ray.weixin.gz.util.AuthHelper - ticket:HoagFKDcsGMVCIY2vOjf9mrEXbwXSbqpUm0898_LsZhfWowrJV-9wOxwAgoPTOhdqfiAJVBhU9J6pQbGq-WKag
2017-11-15 15:26:46.026 [http-apr-8080-exec-6] INFO  com.ray.weixin.gz.util.AuthHelper - nonceStr:391e3b05-e344-4a7b-ad33-fc542db384a6
2017-11-15 15:26:46.026 [http-apr-8080-exec-6] INFO  com.ray.weixin.gz.util.AuthHelper - timeStamp:1510730805
2017-11-15 15:26:46.027 [http-apr-8080-exec-6] INFO  com.ray.weixin.gz.util.AuthHelper - signedUrl:http://rayner.nat300.top/weixin_gz/showInvoice.jsp
2017-11-15 15:26:46.027 [http-apr-8080-exec-6] INFO  com.ray.weixin.gz.util.AuthHelper - signature:d3b8bbe149555c73b7e118b8737c740e87d7ae3e
2017-11-15 15:26:46.027 [http-apr-8080-exec-6] INFO  com.ray.weixin.gz.util.AuthHelper - appId:wx07c4d9d0895fe212
2017-11-15 15:26:46.027 [http-apr-8080-exec-6] INFO  com.ray.weixin.gz.util.AuthHelper - configValue:{signature:'d3b8bbe149555c73b7e118b8737c740e87d7ae3e',nonceStr:'391e3b05-e344-4a7b-ad33-fc542db384a6',timeStamp:'1510730805',appId:'wx07c4d9d0895fe212'}
2017-11-15 15:26:46.131 [http-apr-8080-exec-6] INFO  com.ray.weixin.gz.util.AuthHelper - jsonObject:{"access_token":"LFgCOtVKH5O1HlWn_egiAGL5z-t5Qn8Qa3g0L-aU--IJsZ2_jeYQnr4EpGfOylswqCu6ww3qkfgP6awN8aqHHczFEapelCvITE8nLUxexmYAFGiAHANST","expires_in":7199}
2017-11-15 15:26:46.244 [http-apr-8080-exec-6] INFO  com.ray.weixin.gz.service.invoice.InvoiceService - jsonObject:{"errcode":0,"ticket":"9KwiourQPRN3vx3Nn1c_iXCh-5F7rD5UiR6FRkNziS3cx4b8Yjpce58MCsslS5Cu43H8pvgbGMFfDvtxfdImxg","errmsg":"ok","expires_in":7200}
2017-11-15 15:26:46.244 [http-apr-8080-exec-6] INFO  com.ray.weixin.gz.util.AuthHelper - apiTicket:9KwiourQPRN3vx3Nn1c_iXCh-5F7rD5UiR6FRkNziS3cx4b8Yjpce58MCsslS5Cu43H8pvgbGMFfDvtxfdImxg
2017-11-15 15:26:46.244 [http-apr-8080-exec-6] INFO  com.ray.weixin.gz.util.AuthHelper - appId:wx07c4d9d0895fe212
2017-11-15 15:26:46.244 [http-apr-8080-exec-6] INFO  com.ray.weixin.gz.util.AuthHelper - timeStamp:1510730806
2017-11-15 15:26:46.244 [http-apr-8080-exec-6] INFO  com.ray.weixin.gz.util.AuthHelper - nonceStr:a7389396-f993-4a80-835d-9f56537533bf
2017-11-15 15:26:46.245 [http-apr-8080-exec-6] INFO  com.ray.weixin.gz.util.AuthHelper - cardType:INVOICE
2017-11-15 15:26:46.245 [http-apr-8080-exec-6] INFO  com.ray.weixin.gz.util.AuthHelper - cardSign:6bb95c41b05af73ebb0357bdce23074899fa0265
2017-11-15 15:26:46.245 [http-apr-8080-exec-6] INFO  com.ray.weixin.gz.util.AuthHelper - signType:SHA1
2017-11-15 15:26:46.245 [http-apr-8080-exec-6] INFO  com.ray.weixin.gz.util.AuthHelper - configValue:{"signType":"SHA1","cardSign":"6bb95c41b05af73ebb0357bdce23074899fa0265","nonceStr":"a7389396-f993-4a80-835d-9f56537533bf","timestamp":"1510730806"}
