2017-11-15 17:22:18.400 [http-apr-8080-exec-10] INFO  com.ray.weixin.gz.util.AuthHelper - jsonObject:{"access_token":"wOYRATDpypN98L898udfH-bW-ekbfxrbJKQnuF80vpl7ABfrG71wGSHN3_YphkRq6pNj41u7SBj2k-OqaplUdQdHvI1c3oOk6EdlIUUdiB7jCok-iRyW4V6zNcUnlLtfMKUaAIABZJ","expires_in":7200}
2017-11-15 17:22:18.482 [http-apr-8080-exec-10] INFO  com.ray.weixin.gz.util.AuthHelper - jsonObject:{"errcode":0,"ticket":"HoagFKDcsGMVCIY2vOjf9mrEXbwXSbqpUm0898_LsZjrgUvXUmjZj1WFa7xD7-y9AQW9Hpa1_IwgC-BK5w_kpw","errmsg":"ok","expires_in":7200}
2017-11-15 17:22:18.483 [http-apr-8080-exec-10] INFO  com.ray.weixin.gz.util.AuthHelper - accessToken:wOYRATDpypN98L898udfH-bW-ekbfxrbJKQnuF80vpl7ABfrG71wGSHN3_YphkRq6pNj41u7SBj2k-OqaplUdQdHvI1c3oOk6EdlIUUdiB7jCok-iRyW4V6zNcUnlLtfMKUaAIABZJ
2017-11-15 17:22:18.485 [http-apr-8080-exec-10] INFO  com.ray.weixin.gz.util.AuthHelper - ticket:HoagFKDcsGMVCIY2vOjf9mrEXbwXSbqpUm0898_LsZjrgUvXUmjZj1WFa7xD7-y9AQW9Hpa1_IwgC-BK5w_kpw
2017-11-15 17:22:18.485 [http-apr-8080-exec-10] INFO  com.ray.weixin.gz.util.AuthHelper - nonceStr:a0a4c37f-e175-4ccd-97c7-817c4c8a8afb
2017-11-15 17:22:18.485 [http-apr-8080-exec-10] INFO  com.ray.weixin.gz.util.AuthHelper - timeStamp:1510737738
2017-11-15 17:22:18.486 [http-apr-8080-exec-10] INFO  com.ray.weixin.gz.util.AuthHelper - signedUrl:http://rayner.nat300.top/weixin_gz/showInvoice.jsp
2017-11-15 17:22:18.486 [http-apr-8080-exec-10] INFO  com.ray.weixin.gz.util.AuthHelper - signature:dbcecb68ac9cb4a3b0b8fdae431371aff912e691
2017-11-15 17:22:18.486 [http-apr-8080-exec-10] INFO  com.ray.weixin.gz.util.AuthHelper - appId:wx07c4d9d0895fe212
2017-11-15 17:22:18.486 [http-apr-8080-exec-10] INFO  com.ray.weixin.gz.util.AuthHelper - configValue:{signature:'dbcecb68ac9cb4a3b0b8fdae431371aff912e691',nonceStr:'a0a4c37f-e175-4ccd-97c7-817c4c8a8afb',timeStamp:'1510737738',appId:'wx07c4d9d0895fe212'}
2017-11-15 17:22:18.579 [http-apr-8080-exec-10] INFO  com.ray.weixin.gz.util.AuthHelper - jsonObject:{"access_token":"wOYRATDpypN98L898udfH-bW-ekbfxrbJKQnuF80vpn2aw5pvmnlqzJDT2ixoXHzlYB8KAPG7VboulaSFWOvGW8mZ44B2eNkr_fSasYadCopSkcJS4sLbfQYua--ajOCBGOaAIAPUC","expires_in":7200}
2017-11-15 17:22:18.664 [http-apr-8080-exec-10] INFO  com.ray.weixin.gz.service.invoice.InvoiceService - jsonObject:{"errcode":0,"ticket":"9KwiourQPRN3vx3Nn1c_iXCh-5F7rD5UiR6FRkNziS1qBd3gAGN5S8BmdmsudJYYtP_uKP4Q2TgqHEb_CnvT9w","errmsg":"ok","expires_in":7200}
2017-11-15 17:22:18.664 [http-apr-8080-exec-10] INFO  com.ray.weixin.gz.util.AuthHelper - apiTicket:9KwiourQPRN3vx3Nn1c_iXCh-5F7rD5UiR6FRkNziS1qBd3gAGN5S8BmdmsudJYYtP_uKP4Q2TgqHEb_CnvT9w
2017-11-15 17:22:18.665 [http-apr-8080-exec-10] INFO  com.ray.weixin.gz.util.AuthHelper - appId:wx07c4d9d0895fe212
2017-11-15 17:22:18.665 [http-apr-8080-exec-10] INFO  com.ray.weixin.gz.util.AuthHelper - timeStamp:1510737738
2017-11-15 17:22:18.665 [http-apr-8080-exec-10] INFO  com.ray.weixin.gz.util.AuthHelper - nonceStr:8dbf916a-88ea-4be2-94dd-966631a57a72
2017-11-15 17:22:18.665 [http-apr-8080-exec-10] INFO  com.ray.weixin.gz.util.AuthHelper - cardType:INVOICE
2017-11-15 17:22:18.665 [http-apr-8080-exec-10] INFO  com.ray.weixin.gz.util.AuthHelper - cardSign:046194e20ff122e644243e87a2683aafc1462a9d
2017-11-15 17:22:18.666 [http-apr-8080-exec-10] INFO  com.ray.weixin.gz.util.AuthHelper - signType:SHA1
2017-11-15 17:22:18.666 [http-apr-8080-exec-10] INFO  com.ray.weixin.gz.util.AuthHelper - configValue:{"signType":"SHA1","cardSign":"046194e20ff122e644243e87a2683aafc1462a9d","nonceStr":"8dbf916a-88ea-4be2-94dd-966631a57a72","timestamp":"1510737738"}
2017-11-15 17:22:33.797 [http-apr-8080-exec-4] INFO  com.ray.weixin.gz.util.AuthHelper - jsonObject:{"access_token":"wOYRATDpypN98L898udfH-bW-ekbfxrbJKQnuF80vpnGoc1q8iFPlfOPhBcWaAwDiuLlKkUtvBX1z_RFop9r10Q3hSWqTkJd7KRncoyUw7iU1xBle6fOgpigAmgJ9_bHOEXaAIAFVO","expires_in":7200}
2017-11-15 17:22:34.057 [http-apr-8080-exec-4] INFO  com.ray.weixin.gz.service.invoice.InvoiceService - jsonObject:{"errcode":0,"payee":"上海肯德基有限公司","user_info":{"reimburse_status":"INVOICE_REIMBURSE_INIT","fee":7300,"billing_time":1491148800,"pdf_url":"http://wdfp.5ifapiao.com/wx-card/getPdf/51/d8b3e382-5838-4324-ad91-7df8b9f4581c?card_id=pEVWfuPFrMuU3fkx5iWQeSBSefTg&wx_invoice_token=ildMmRT0NZlW7cCwylh6mjJthMTuWIFCILHLU1fhI_8j4EQnNGFw3E_jN7B6PhkwMA4nQIsuTOZoWkfetQDbqzBviFkzEBUcHA-TO6Hrg2E.","title":"上海汉得信息技术股份有限公司","billing_no":"031001600211","billing_code":"46606278","info":[]},"openid":"o1M7_1TLByH8H1T7XCIj23Roo5yU","errmsg":"ok","detail":"可在公司企业号内报销使用","type":"增值税电子普通发票","card_id":"pEVWfuPFrMuU3fkx5iWQeSBSefTg"}
2017-11-15 17:22:34.223 [http-apr-8080-exec-4] INFO  com.ray.weixin.gz.service.invoice.InvoiceService - jsonObject:{"errcode":0,"payee":"上海肯德基有限公司","user_info":{"reimburse_status":"INVOICE_REIMBURSE_INIT","fee":4600,"billing_time":1491580800,"pdf_url":"http://wdfp.5ifapiao.com/wx-card/getPdf/51/d2e398b3-e6bd-4ba1-950d-715d95e87e4c?card_id=pEVWfuPFrMuU3fkx5iWQeSBSefTg&wx_invoice_token=ildMmRT0NZlW7cCwylh6mjJthMTuWIFCILHLU1fhI_8j4EQnNGFw3E_jN7B6Phkw8ClmTpi-e1w-itgw_1r7BfsaqdiM5QDoZ1VNKxeRdJo.","title":"上海汉得信息技术股份有限公司","billing_no":"031001600211","billing_code":"46487263","info":[]},"openid":"o1M7_1TLByH8H1T7XCIj23Roo5yU","errmsg":"ok","detail":"可在公司企业号内报销使用","type":"增值税电子普通发票","card_id":"pEVWfuPFrMuU3fkx5iWQeSBSefTg"}
2017-11-15 17:22:35.599 [http-apr-8080-exec-4] INFO  com.ray.weixin.gz.controller.invoice.InvoiceServlet - [{"errcode":0,"payee":"上海肯德基有限公司","user_info":{"reimburse_status":"INVOICE_REIMBURSE_INIT","fee":7300,"billing_time":1491148800,"pdf_url":"http://wdfp.5ifapiao.com/wx-card/getPdf/51/d8b3e382-5838-4324-ad91-7df8b9f4581c?card_id=pEVWfuPFrMuU3fkx5iWQeSBSefTg&wx_invoice_token=ildMmRT0NZlW7cCwylh6mjJthMTuWIFCILHLU1fhI_8j4EQnNGFw3E_jN7B6PhkwMA4nQIsuTOZoWkfetQDbqzBviFkzEBUcHA-TO6Hrg2E.","title":"上海汉得信息技术股份有限公司","billing_no":"031001600211","billing_code":"46606278","info":[]},"openid":"o1M7_1TLByH8H1T7XCIj23Roo5yU","errmsg":"ok","detail":"可在公司企业号内报销使用","type":"增值税电子普通发票","card_id":"pEVWfuPFrMuU3fkx5iWQeSBSefTg"},{"errcode":0,"payee":"上海肯德基有限公司","user_info":{"reimburse_status":"INVOICE_REIMBURSE_INIT","fee":4600,"billing_time":1491580800,"pdf_url":"http://wdfp.5ifapiao.com/wx-card/getPdf/51/d2e398b3-e6bd-4ba1-950d-715d95e87e4c?card_id=pEVWfuPFrMuU3fkx5iWQeSBSefTg&wx_invoice_token=ildMmRT0NZlW7cCwylh6mjJthMTuWIFCILHLU1fhI_8j4EQnNGFw3E_jN7B6Phkw8ClmTpi-e1w-itgw_1r7BfsaqdiM5QDoZ1VNKxeRdJo.","title":"上海汉得信息技术股份有限公司","billing_no":"031001600211","billing_code":"46487263","info":[]},"openid":"o1M7_1TLByH8H1T7XCIj23Roo5yU","errmsg":"ok","detail":"可在公司企业号内报销使用","type":"增值税电子普通发票","card_id":"pEVWfuPFrMuU3fkx5iWQeSBSefTg"}]
