2017-11-08 19:43:01.109 [http-apr-8080-exec-72] INFO  com.ray.weixin.qy.controller.WeiXinServlet - post--------------
2017-11-08 19:43:01.119 [http-apr-8080-exec-72] INFO  com.ray.weixin.qy.service.message.reply.ReplyMessageService - parms:{"msg_signature":["055c2d515ce2d422c8957519089c3f760e24b9ec"],"timestamp":["1510141380"],"nonce":["898817296"]}
2017-11-08 19:43:01.120 [http-apr-8080-exec-72] INFO  com.ray.weixin.qy.service.message.reply.ReplyMessageService - postData:<xml><ToUserName><![CDATA[ww92f5da92bb24696e]]></ToUserName><Encrypt><![CDATA[Ic+EVx6zNCY5HjO972jVcLdPHCW5OInOEsXvKw//A0lXzWCiiLnOxuzcCEv3GthdAAOeYY1LMi1vMzRxA21dBkc4+qjByL5pEg5NHqmsjp3iZ1YE9GYjcslTQuQCFBQF5jIIoyX0Q3OdmBQwwegbgVOoeL70jcCsltjuC4J/+ASI/YsxaB+ZJE3XgCDtICvvYspmMEzOfLHu3BMPKH4xGLaUZvqIDbACZlXiChTT9ktNzGA9OZjrEWTKUSVebi1NTyqLm/5L6Wyp9F4JMYOU0/HpfWogysKwiTy7V7ce9YO8pnzleofVfuIHdIwZUUW7hlDveaXTqq4eIuOssoiicapPWYcqCwvI8Y6WnzL9QBp+GQ0IA08DRVIZMd2kla0F2jFLob7BmzartH1jZKUrvVnhZ+LrOQ5svFBWkdC4oipVjOEk7Z1yGLwah6jNVrmfJ9HcwGM+gkfEmKewVZy9xJG/MjxlepagjIGnLkcvb3j/0DlTduL3WhQL7mZzRcTd]]></Encrypt><AgentID><![CDATA[1000002]]></AgentID></xml>
2017-11-08 19:43:01.122 [http-apr-8080-exec-72] INFO  com.ray.weixin.qy.service.message.reply.ReplyMessageService - reply_xmlMsg:<xml><ToUserName><![CDATA[ww92f5da92bb24696e]]></ToUserName><FromUserName><![CDATA[ShiRui]]></FromUserName><CreateTime>1510141380</CreateTime><MsgType><![CDATA[event]]></MsgType><AgentID>1000002</AgentID><Event><![CDATA[LOCATION]]></Event><Latitude>31.1676</Latitude><Longitude>121.156</Longitude><Precision>15</Precision></xml>
2017-11-08 19:43:01.124 [http-apr-8080-exec-72] INFO  com.ray.weixin.qy.service.message.reply.ReplyMessageService - fromUserName:ShiRui
2017-11-08 19:43:01.124 [http-apr-8080-exec-72] INFO  com.ray.weixin.qy.service.message.reply.ReplyMessageService - toUserName:ww92f5da92bb24696e
2017-11-08 19:43:01.124 [http-apr-8080-exec-72] INFO  com.ray.weixin.qy.service.message.reply.ReplyMessageService - msgType:event
2017-11-08 19:43:01.124 [http-apr-8080-exec-72] INFO  com.ray.weixin.qy.service.message.reply.ReplyMessageService - Event:LOCATION  eventKey:null
2017-11-08 19:43:06.132 [http-apr-8080-exec-74] INFO  com.ray.weixin.qy.controller.WeiXinServlet - post--------------
2017-11-08 19:43:06.133 [http-apr-8080-exec-74] INFO  com.ray.weixin.qy.service.message.reply.ReplyMessageService - parms:{"msg_signature":["d55c1758ad337b60238e02fba1e8812bbeedba7d"],"timestamp":["1510141385"],"nonce":["537170101"]}
2017-11-08 19:43:06.133 [http-apr-8080-exec-74] INFO  com.ray.weixin.qy.service.message.reply.ReplyMessageService - postData:<xml><ToUserName><![CDATA[ww92f5da92bb24696e]]></ToUserName><Encrypt><![CDATA[k/B0fJutvQKve+ujUuvIlyAVRnKShtwqNzs2uFNxQUhb59LH0iDYhvBhIgjQ+eKNLnzkI1vPvq+mo4yZ4LXJNnihuSUx0QH8RGTFRi9hRJFMaQO+ri9OCFf+BjxkxyUlmxS/FPUZn26XPecoO0la/LXzM/EcJ1utVMSZsb9QSTqSCygvJrlJq93R2MMc88M7iw8FHjLY+WV9n0xmjGUcJ9f3EvigVY/X+sA/ujDOinoQfbLZtsSwk1n8OdXgdPB1NlpAp7hVb0oznzmk1pgfCOoaQwogxOzM/1o2JXLioX6EyUrvd8lWEPsv+44FaMUnJIq3HEaXHeWxVisI+ygbM5w6fBOuPRqtYBEIixrnv3kDn12TGir1vYwYFCda4nthjcjzw9BxsID2IukqnJIukJj0+AxeGKOoA8f32J/s4UrIGBnD+IKEDNsl5XsNoX8px3vBBzPnUeo49TD1Utz9t55dpt4v8c7HivdDvsFeJU2yhCvcoAZCaMhF34GVTGiX]]></Encrypt><AgentID><![CDATA[1000002]]></AgentID></xml>
2017-11-08 19:43:06.134 [http-apr-8080-exec-74] INFO  com.ray.weixin.qy.service.message.reply.ReplyMessageService - reply_xmlMsg:<xml><ToUserName><![CDATA[ww92f5da92bb24696e]]></ToUserName><FromUserName><![CDATA[ShiRui]]></FromUserName><CreateTime>1510141385</CreateTime><MsgType><![CDATA[event]]></MsgType><AgentID>1000002</AgentID><Event><![CDATA[LOCATION]]></Event><Latitude>31.1676</Latitude><Longitude>121.156</Longitude><Precision>15</Precision></xml>
2017-11-08 19:43:06.136 [http-apr-8080-exec-74] INFO  com.ray.weixin.qy.service.message.reply.ReplyMessageService - fromUserName:ShiRui
2017-11-08 19:43:06.136 [http-apr-8080-exec-74] INFO  com.ray.weixin.qy.service.message.reply.ReplyMessageService - toUserName:ww92f5da92bb24696e
2017-11-08 19:43:06.136 [http-apr-8080-exec-74] INFO  com.ray.weixin.qy.service.message.reply.ReplyMessageService - msgType:event
2017-11-08 19:43:06.136 [http-apr-8080-exec-74] INFO  com.ray.weixin.qy.service.message.reply.ReplyMessageService - Event:LOCATION  eventKey:null
2017-11-08 19:43:11.323 [http-apr-8080-exec-76] INFO  com.ray.weixin.qy.controller.WeiXinServlet - post--------------
2017-11-08 19:43:11.324 [http-apr-8080-exec-76] INFO  com.ray.weixin.qy.service.message.reply.ReplyMessageService - parms:{"msg_signature":["0e4ce7b6ca39bb6a5a65586ec42ead8b84c717af"],"timestamp":["1510141391"],"nonce":["2019036022"]}
2017-11-08 19:43:11.324 [http-apr-8080-exec-76] INFO  com.ray.weixin.qy.service.message.reply.ReplyMessageService - postData:<xml><ToUserName><![CDATA[ww92f5da92bb24696e]]></ToUserName><Encrypt><![CDATA[cVk1CBCALiRkyjgRxx3t0P3VVydp7Y8snX1UhZA/ihRw+tF/FmDUGBzhDDzSqVGSpdhU0mb2izzbhVE6FMrs7H1rGwU0E9Wl9S2c5o11yel/uxm5lNY58WhuoaPQLhQBApOipEQekwN2AZlqFfA4OSGBgmdzQHJnZaNNaAV6Oi/rN0syxg0ejKji8xIyiPUEoG+aysvqM8BKGE+NjwgsmpuRRm33DZa8MwMcO4iguf5OtFGpF2f4FOzM4lanw9Iwt7Yk1W96Zl44IdHolQ5ATVTia3OYsVI9KK4MQjXAXF86gkDjxsj6vWy3WSuUS1dWgjbuZLq5rebyM2/X4f6wyXodRqQAL3v2Lp1GXCwy/LofEM9huBLZiRuW/6qfuUKvD3Z7fIgmT3+W0eR0n0csbkaq2iVbJ0AVs+FzyamU6bIcJ/q2xag4ePOBim5d9EOMvFUTAU5FDSzZS68tNlamPvHBZzcLKeAtSJqB23xncB20aW+j6aiL8UqRiScefRj+]]></Encrypt><AgentID><![CDATA[1000002]]></AgentID></xml>
2017-11-08 19:43:11.326 [http-apr-8080-exec-76] INFO  com.ray.weixin.qy.service.message.reply.ReplyMessageService - reply_xmlMsg:<xml><ToUserName><![CDATA[ww92f5da92bb24696e]]></ToUserName><FromUserName><![CDATA[ShiRui]]></FromUserName><CreateTime>1510141390</CreateTime><MsgType><![CDATA[event]]></MsgType><AgentID>1000002</AgentID><Event><![CDATA[LOCATION]]></Event><Latitude>31.1676</Latitude><Longitude>121.156</Longitude><Precision>15</Precision></xml>
2017-11-08 19:43:11.327 [http-apr-8080-exec-76] INFO  com.ray.weixin.qy.service.message.reply.ReplyMessageService - fromUserName:ShiRui
2017-11-08 19:43:11.327 [http-apr-8080-exec-76] INFO  com.ray.weixin.qy.service.message.reply.ReplyMessageService - toUserName:ww92f5da92bb24696e
2017-11-08 19:43:11.327 [http-apr-8080-exec-76] INFO  com.ray.weixin.qy.service.message.reply.ReplyMessageService - msgType:event
2017-11-08 19:43:11.327 [http-apr-8080-exec-76] INFO  com.ray.weixin.qy.service.message.reply.ReplyMessageService - Event:LOCATION  eventKey:null
2017-11-08 19:43:16.446 [http-apr-8080-exec-77] INFO  com.ray.weixin.qy.controller.WeiXinServlet - post--------------
2017-11-08 19:43:16.446 [http-apr-8080-exec-77] INFO  com.ray.weixin.qy.service.message.reply.ReplyMessageService - parms:{"msg_signature":["921bbef2ffb196f489a7d39ce811cd511983995b"],"timestamp":["1510141396"],"nonce":["739850067"]}
2017-11-08 19:43:16.446 [http-apr-8080-exec-77] INFO  com.ray.weixin.qy.service.message.reply.ReplyMessageService - postData:<xml><ToUserName><![CDATA[ww92f5da92bb24696e]]></ToUserName><Encrypt><![CDATA[YrvEvLbWLeVWyCT6czRn03gi8WSLt/WW2H34CiQAZNhP1uuw3E2kRcs27KDkSR2Ky3jB+yLIucrp1CFXCdnais1gbwILVLsaH2v5Y2q8idHA3K/jO6c+K1pIV9DOKwOF2Tu2cTzW1hmRyALSNIYnUKT4C4Iiv/INP+nqeQruvyYwi5lngmVLfUYsy5H3e5UfTrzE32cC1T2hU6Z6yVtLoLHdvuaaT2MgDsDgOL8lve6EiOlYCflVsgyuHbrADQHCpqjd5eA5CSSA0mtCOsKjKpB/alZx7nYcp4UW24SnwSxMorIMKytWyIAmvmk7JhN0JUoPRKk2ogKCzkLhmVhhV3TTcjYoogrFNUqt/XliWmh/BafittxTj5BDqhVDRNSpTiLTCk6qqFf977blK+gezSFsgqNuMQc6w5/Pair0S0Dvuj7MJbSMeTHiozT1Jr0PLIh3YbP5Y53M9CZLDQ1S+ONfCZYkm70QolrEH0JWO7DG2TIs0MyoSd+CdEX8GND2]]></Encrypt><AgentID><![CDATA[1000002]]></AgentID></xml>
2017-11-08 19:43:16.448 [http-apr-8080-exec-77] INFO  com.ray.weixin.qy.service.message.reply.ReplyMessageService - reply_xmlMsg:<xml><ToUserName><![CDATA[ww92f5da92bb24696e]]></ToUserName><FromUserName><![CDATA[ShiRui]]></FromUserName><CreateTime>1510141396</CreateTime><MsgType><![CDATA[event]]></MsgType><AgentID>1000002</AgentID><Event><![CDATA[LOCATION]]></Event><Latitude>31.1676</Latitude><Longitude>121.156</Longitude><Precision>15</Precision></xml>
2017-11-08 19:43:16.449 [http-apr-8080-exec-77] INFO  com.ray.weixin.qy.service.message.reply.ReplyMessageService - fromUserName:ShiRui
2017-11-08 19:43:16.450 [http-apr-8080-exec-77] INFO  com.ray.weixin.qy.service.message.reply.ReplyMessageService - toUserName:ww92f5da92bb24696e
2017-11-08 19:43:16.450 [http-apr-8080-exec-77] INFO  com.ray.weixin.qy.service.message.reply.ReplyMessageService - msgType:event
2017-11-08 19:43:16.450 [http-apr-8080-exec-77] INFO  com.ray.weixin.qy.service.message.reply.ReplyMessageService - Event:LOCATION  eventKey:null
2017-11-08 19:43:21.415 [http-apr-8080-exec-70] INFO  com.ray.weixin.qy.controller.WeiXinServlet - post--------------
2017-11-08 19:43:21.417 [http-apr-8080-exec-70] INFO  com.ray.weixin.qy.service.message.reply.ReplyMessageService - parms:{"msg_signature":["a1c0dd9cf87ef7129bf8b8a337eb53b6fd14241f"],"timestamp":["1510141401"],"nonce":["1841676722"]}
2017-11-08 19:43:21.419 [http-apr-8080-exec-70] INFO  com.ray.weixin.qy.service.message.reply.ReplyMessageService - postData:<xml><ToUserName><![CDATA[ww92f5da92bb24696e]]></ToUserName><Encrypt><![CDATA[FxkQTIsYCNXwOjgNL7J+4+uUqBjcAKLPfh6jPy7LJ6WBxnMKss61unnsxQ1z8qn63peCaDaOsn/uj6+RV7hVPgKoJCaeEhE15037f2+P9p+vJTItDWPKCZPHFubVbJOX+8rApnda0JLIojnZvNtXR8w/IeiQ60aw1jvY4pKoV3gtnN3bGWOHhW5OUsLkZCug/mi4Jt69lRLSBcqszbQhPQY+JpV4bM3PAj52eyHLkFi8CQbHcOriW/1aaXZnUSbgIuQg7la9x0UUnTKyKLjwA6wWCdt+aSuYhKfitDOEcAZdkNTEd2f1zlocEQHeTTYE+mn2Zhxn7aeHrD/IYopHJBwf125SUIVn3837LZ3OS9mtr0VK46yP/MzKi2pKpuGn6YCyXdJZt5tA9Hl4ORDdt3ctSAPKoZUh+aAs0tB5vPKKnTW1vhwQSXG6jJYQi6uNNOVKGHSFAjUqRDRarL4QfLvzl0+nzUtlWh5AA3QRnV66DM0O3xHxYpynKGBq2gmS]]></Encrypt><AgentID><![CDATA[1000002]]></AgentID></xml>
2017-11-08 19:43:21.424 [http-apr-8080-exec-70] INFO  com.ray.weixin.qy.service.message.reply.ReplyMessageService - reply_xmlMsg:<xml><ToUserName><![CDATA[ww92f5da92bb24696e]]></ToUserName><FromUserName><![CDATA[ShiRui]]></FromUserName><CreateTime>1510141401</CreateTime><MsgType><![CDATA[event]]></MsgType><AgentID>1000002</AgentID><Event><![CDATA[LOCATION]]></Event><Latitude>31.1676</Latitude><Longitude>121.156</Longitude><Precision>15</Precision></xml>
2017-11-08 19:43:21.429 [http-apr-8080-exec-70] INFO  com.ray.weixin.qy.service.message.reply.ReplyMessageService - fromUserName:ShiRui
2017-11-08 19:43:21.429 [http-apr-8080-exec-70] INFO  com.ray.weixin.qy.service.message.reply.ReplyMessageService - toUserName:ww92f5da92bb24696e
2017-11-08 19:43:21.429 [http-apr-8080-exec-70] INFO  com.ray.weixin.qy.service.message.reply.ReplyMessageService - msgType:event
2017-11-08 19:43:21.430 [http-apr-8080-exec-70] INFO  com.ray.weixin.qy.service.message.reply.ReplyMessageService - Event:LOCATION  eventKey:null
2017-11-08 19:43:23.940 [http-apr-8080-exec-74] INFO  com.ray.weixin.qy.controller.WeiXinServlet - post--------------
2017-11-08 19:43:23.941 [http-apr-8080-exec-74] INFO  com.ray.weixin.qy.service.message.reply.ReplyMessageService - parms:{"msg_signature":["1594c49b88d7f6ec5994b38b3393c123edf6afba"],"timestamp":["1510141403"],"nonce":["721376520"]}
2017-11-08 19:43:23.941 [http-apr-8080-exec-74] INFO  com.ray.weixin.qy.service.message.reply.ReplyMessageService - postData:<xml><ToUserName><![CDATA[ww92f5da92bb24696e]]></ToUserName><Encrypt><![CDATA[war5R48mhapWIHakG4oFDipnQiz7YKEIuP49N1VmzDKIK1sSrT0sUeXZZFfjPjkL7CwqpUCP2RWc9bsZtxQSzoGgnWp1mnE3RAeVgv4dfZBttO1UD3Y77DBgmdlMVIotO3X+MQnaw+bEt884QWuEkGYF3UItwCQWdb6DsPOy0vOUTaPB3o4/JW/VjWK5Ylksmb72BvPueiNw2sMyzXaq2tGtZIjJU/qCAZUNI76MsGUuExMtCJ4706kl0bsDTxefq25pPY+cFfEc9mJmA9ndwRCH0KVvQ1JUB6XfUIhmObMYL93x7OQnuvC74q0sgALiV0i0T5HWTmBfT8cvyS+gPaka3ldwg2riyywMMWoVyewNQmmi1VMpGFgoAwKLJ6jWnBvxWRSbBBcLozFtOaHREQlTgvncFnoU0LixLcxITI9Ods3p3PPxN9vdaiww8WEmZdkOqQWP0U9/3LVgPMoOGlUQfQPnH0MUKQaPJLCtfuWNik1k081AAbeN+ObrB80g]]></Encrypt><AgentID><![CDATA[1000002]]></AgentID></xml>
2017-11-08 19:43:23.943 [http-apr-8080-exec-74] INFO  com.ray.weixin.qy.service.message.reply.ReplyMessageService - reply_xmlMsg:<xml><ToUserName><![CDATA[ww92f5da92bb24696e]]></ToUserName><FromUserName><![CDATA[ShiRui]]></FromUserName><CreateTime>1510141403</CreateTime><MsgType><![CDATA[event]]></MsgType><AgentID>1000002</AgentID><Event><![CDATA[view]]></Event><EventKey><![CDATA[http://rayner.nat300.top/weixin_qy/showInvoice.jsp]]></EventKey></xml>
2017-11-08 19:43:23.944 [http-apr-8080-exec-74] INFO  com.ray.weixin.qy.service.message.reply.ReplyMessageService - fromUserName:ShiRui
2017-11-08 19:43:23.944 [http-apr-8080-exec-74] INFO  com.ray.weixin.qy.service.message.reply.ReplyMessageService - toUserName:ww92f5da92bb24696e
2017-11-08 19:43:23.944 [http-apr-8080-exec-74] INFO  com.ray.weixin.qy.service.message.reply.ReplyMessageService - msgType:event
2017-11-08 19:43:23.944 [http-apr-8080-exec-74] INFO  com.ray.weixin.qy.service.message.reply.ReplyMessageService - Event:view  eventKey:http://rayner.nat300.top/weixin_qy/showInvoice.jsp
2017-11-08 19:43:24.333 [http-apr-8080-exec-72] INFO  com.ray.weixin.qy.util.AuthHelper - jsonObject:{"errcode":0,"access_token":"ZKrmF55qn7-XEP21Tz8wU891N2DLOgOyBr7gSlyW0EyP92tytr30wnbUR_rDOyYokg9RxFAq7HiHZ433Z82yYJM3pQop6QNPtit8k-9cBNHYN3VkdAD0ndbyGgjqim6lAw9JaGlgkiPWtc-mNdW0tcmf7XmLgxUilWSOc9nsz7PxcgWW65NHaYlWYXOBLEgT3QqzMd9K-669IWyOm26GyA","errmsg":"ok","expires_in":7200}
2017-11-08 19:43:24.782 [http-apr-8080-exec-72] INFO  com.ray.weixin.qy.util.AuthHelper - jsonObject:{"errcode":0,"ticket":"kgt8ON7yVITDhtdwci0qebCLEfC_BfeygIq8cFPLbdY6MM-5fA76IIfoqvBcC2C5ToCaAtocjY1xMBshMnDLbA","errmsg":"ok","expires_in":7200}
2017-11-08 19:43:24.784 [http-apr-8080-exec-72] INFO  com.ray.weixin.qy.util.AuthHelper - url:http://rayner.nat300.top/weixin_qy/showInvoice.jsp
2017-11-08 19:43:24.784 [http-apr-8080-exec-72] INFO  com.ray.weixin.qy.util.AuthHelper - accessToken:ZKrmF55qn7-XEP21Tz8wU891N2DLOgOyBr7gSlyW0EyP92tytr30wnbUR_rDOyYokg9RxFAq7HiHZ433Z82yYJM3pQop6QNPtit8k-9cBNHYN3VkdAD0ndbyGgjqim6lAw9JaGlgkiPWtc-mNdW0tcmf7XmLgxUilWSOc9nsz7PxcgWW65NHaYlWYXOBLEgT3QqzMd9K-669IWyOm26GyA
2017-11-08 19:43:24.784 [http-apr-8080-exec-72] INFO  com.ray.weixin.qy.util.AuthHelper - jsapi_ticket:kgt8ON7yVITDhtdwci0qebCLEfC_BfeygIq8cFPLbdY6MM-5fA76IIfoqvBcC2C5ToCaAtocjY1xMBshMnDLbA
2017-11-08 19:43:24.784 [http-apr-8080-exec-72] INFO  com.ray.weixin.qy.util.AuthHelper - appId:ww92f5da92bb24696e
2017-11-08 19:43:24.784 [http-apr-8080-exec-72] INFO  com.ray.weixin.qy.util.AuthHelper - timestamp:1510141403
2017-11-08 19:43:24.784 [http-apr-8080-exec-72] INFO  com.ray.weixin.qy.util.AuthHelper - nonceStr:6eaf85c7-5ae1-4727-8961-86b2730b8cfa
2017-11-08 19:43:24.785 [http-apr-8080-exec-72] INFO  com.ray.weixin.qy.util.AuthHelper - signature:a70f9c7d32d77c930020c0e10bdfaec41ac619c9
2017-11-08 19:43:24.785 [http-apr-8080-exec-72] INFO  com.ray.weixin.qy.util.AuthHelper - configValue:{"signature":"a70f9c7d32d77c930020c0e10bdfaec41ac619c9","appId":"ww92f5da92bb24696e","nonceStr":"6eaf85c7-5ae1-4727-8961-86b2730b8cfa","timestamp":"1510141403"}
2017-11-08 19:43:26.584 [http-apr-8080-exec-77] INFO  com.ray.weixin.qy.controller.WeiXinServlet - post--------------
2017-11-08 19:43:26.585 [http-apr-8080-exec-77] INFO  com.ray.weixin.qy.service.message.reply.ReplyMessageService - parms:{"msg_signature":["aba55941ec940b46b7d1ae67e60e846feab063d1"],"timestamp":["1510141406"],"nonce":["1654827506"]}
2017-11-08 19:43:26.587 [http-apr-8080-exec-77] INFO  com.ray.weixin.qy.service.message.reply.ReplyMessageService - postData:<xml><ToUserName><![CDATA[ww92f5da92bb24696e]]></ToUserName><Encrypt><![CDATA[6PykxI4M2Rx7qUJurb67QzFVCrQo3k9GUTQMPzhkrWwbheCfOu5r3ToI6rp7JlFIuXj/8uBdNWd2u99fqbp3UaTL4gqZIyw1FxFqpLrzmXFiCkTbfYUIMgTaX9xdLnzSBmgvIOpYG+5m58/wrqgSkdQTph7Bqr0jztsGMRwfAdyoSdYV2eJc/6YmsDBaXY7wEeB56a0EuAU2HeMmHJrlD70jI6jm1NoqPGa2S9+YJHvht2+N0jNOQoFxkaWaC5G5LH7DhCRs5AwgUdT5eznA1fcFpf+6TANZfXH8Ft4jCXa4McwrDiNNtYxLXwkTOU2E/Y/R9IdxKAXkwh3FQvo36tcKMwYCG3/7YME+7ktnFbTsVatej7h/c2RNSh+e1rTFEXRxu4xX4tCERZqDqfrE+XbpsPOeOj9C0cuKsDIoXtkhp51D1cObxnOBParaJy0RAEixn4phqKJfXNv9lkuTAlJ7Hn1z2+191Slp1wv9hlLzbTnb2iGrDWxxsabf/lmZ]]></Encrypt><AgentID><![CDATA[1000002]]></AgentID></xml>
2017-11-08 19:43:26.592 [http-apr-8080-exec-77] INFO  com.ray.weixin.qy.service.message.reply.ReplyMessageService - reply_xmlMsg:<xml><ToUserName><![CDATA[ww92f5da92bb24696e]]></ToUserName><FromUserName><![CDATA[ShiRui]]></FromUserName><CreateTime>1510141406</CreateTime><MsgType><![CDATA[event]]></MsgType><AgentID>1000002</AgentID><Event><![CDATA[LOCATION]]></Event><Latitude>31.1676</Latitude><Longitude>121.156</Longitude><Precision>15</Precision></xml>
2017-11-08 19:43:26.595 [http-apr-8080-exec-77] INFO  com.ray.weixin.qy.service.message.reply.ReplyMessageService - fromUserName:ShiRui
2017-11-08 19:43:26.596 [http-apr-8080-exec-77] INFO  com.ray.weixin.qy.service.message.reply.ReplyMessageService - toUserName:ww92f5da92bb24696e
2017-11-08 19:43:26.596 [http-apr-8080-exec-77] INFO  com.ray.weixin.qy.service.message.reply.ReplyMessageService - msgType:event
2017-11-08 19:43:26.596 [http-apr-8080-exec-77] INFO  com.ray.weixin.qy.service.message.reply.ReplyMessageService - Event:LOCATION  eventKey:null
2017-11-08 19:43:31.470 [http-apr-8080-exec-70] INFO  com.ray.weixin.qy.controller.WeiXinServlet - post--------------
2017-11-08 19:43:31.470 [http-apr-8080-exec-70] INFO  com.ray.weixin.qy.service.message.reply.ReplyMessageService - parms:{"msg_signature":["d51c3c2446260e8560470edd6d7cfb563275f395"],"timestamp":["1510141411"],"nonce":["1146794612"]}
2017-11-08 19:43:31.471 [http-apr-8080-exec-70] INFO  com.ray.weixin.qy.service.message.reply.ReplyMessageService - postData:<xml><ToUserName><![CDATA[ww92f5da92bb24696e]]></ToUserName><Encrypt><![CDATA[gDrDqvHtkQdxsoUAt93/yMlaory1kjJPwjmqdU9MiZqb+b41egtrCTxd0NSlQFgvqW+qLe2HRmfOU5APHMsoBn4jkJ4HXDD1Id1oDkwZNxAWr3kCjqz4VnzQZQ4BbEN+at6KwYbZsqUgQjp7WSY/oBTGYnszPYnnU8gRq9YKwlW1HBO8hTGt5rCn+9eaR3ngz6+0m6O2s3TQgxx5Xkt9IoytxZFGkwQ+lsi378V6m1BP4A50vP5T4eUO02BO+qF5Lajkpr9ZDs0FRBeGBNdzvNYFGePKbrXy+68iiR3ggAkIISneyw3BgHZt0dAzNFpFgyUL8+Nm5O0E3AehS8cZz84shnfafFeqZ4Dddfv0VU2G8B5EdFlLwtzlu1Hy8QTcINO5PsIf9pNpe0w5Q17QdNhjxBT/DJ4hdcHsNm2UYerGTQcMA9iIxa1LVx/r9L8tB7/sKVA9Z75tGthjtdXv0Mkg8QyBkv5cz0viFv0WOieApg+c6Ip9f4/+MYDRfKiv]]></Encrypt><AgentID><![CDATA[1000002]]></AgentID></xml>
2017-11-08 19:43:31.474 [http-apr-8080-exec-70] INFO  com.ray.weixin.qy.service.message.reply.ReplyMessageService - reply_xmlMsg:<xml><ToUserName><![CDATA[ww92f5da92bb24696e]]></ToUserName><FromUserName><![CDATA[ShiRui]]></FromUserName><CreateTime>1510141411</CreateTime><MsgType><![CDATA[event]]></MsgType><AgentID>1000002</AgentID><Event><![CDATA[LOCATION]]></Event><Latitude>31.1676</Latitude><Longitude>121.156</Longitude><Precision>15</Precision></xml>
2017-11-08 19:43:31.476 [http-apr-8080-exec-70] INFO  com.ray.weixin.qy.service.message.reply.ReplyMessageService - fromUserName:ShiRui
2017-11-08 19:43:31.476 [http-apr-8080-exec-70] INFO  com.ray.weixin.qy.service.message.reply.ReplyMessageService - toUserName:ww92f5da92bb24696e
2017-11-08 19:43:31.476 [http-apr-8080-exec-70] INFO  com.ray.weixin.qy.service.message.reply.ReplyMessageService - msgType:event
2017-11-08 19:43:31.476 [http-apr-8080-exec-70] INFO  com.ray.weixin.qy.service.message.reply.ReplyMessageService - Event:LOCATION  eventKey:null
2017-11-08 19:43:36.494 [http-apr-8080-exec-73] INFO  com.ray.weixin.qy.controller.WeiXinServlet - post--------------
2017-11-08 19:43:36.495 [http-apr-8080-exec-73] INFO  com.ray.weixin.qy.service.message.reply.ReplyMessageService - parms:{"msg_signature":["f659c09eadbb89ac3958b7b86a1f17762a418797"],"timestamp":["1510141416"],"nonce":["429146952"]}
2017-11-08 19:43:36.496 [http-apr-8080-exec-73] INFO  com.ray.weixin.qy.service.message.reply.ReplyMessageService - postData:<xml><ToUserName><![CDATA[ww92f5da92bb24696e]]></ToUserName><Encrypt><![CDATA[k4PQ8CCbCsO/yXg7SVGGnfmQpp9yTeaDY0mQTksRdyWhJ6EPwK8rmowlrC5IJw2gKWnji1LVDaMjXYzWIHlz8EhvVGQ4r8cN7tT7vILhMfp2c4GQT1rNd1tYZgX4TqsdTi94ZHGUajkODW7UO5oKLNYmdU2wm+eGS7ktvo8/4jQqRj/tcyDrWCzwSNu/AcfY1LpM1KSXOzLnMrl9zh5nUEu9bcGEmCfESJ8YR7JtF1ruBs/X9Ul7EowgE/NFLdSr4KIy6jHJrkJPUqVRtgwiXgFndqDY4nOORl0B6PR1WqzlLMHuA9HHE8MtRu1n4PHo6VPTeK9ZKBlrxLw1V8L3Gv9atb+GD0ZX2Jhn75ew6c5XZMoH2CzwufuWbKAbKWCwysvj4tAjpISRXobmkukKOVS+WkNg7/F/2RhO9fu+4yY/wukgedyTW7Ob2V5lK3jTulI05mwlAOmawKajSrlkgfBugcj9a9kPC8QWLL5RSaZlfLQb6WJPfLn6Qfr+0mtt]]></Encrypt><AgentID><![CDATA[1000002]]></AgentID></xml>
2017-11-08 19:43:36.501 [http-apr-8080-exec-73] INFO  com.ray.weixin.qy.service.message.reply.ReplyMessageService - reply_xmlMsg:<xml><ToUserName><![CDATA[ww92f5da92bb24696e]]></ToUserName><FromUserName><![CDATA[ShiRui]]></FromUserName><CreateTime>1510141416</CreateTime><MsgType><![CDATA[event]]></MsgType><AgentID>1000002</AgentID><Event><![CDATA[LOCATION]]></Event><Latitude>31.1676</Latitude><Longitude>121.156</Longitude><Precision>15</Precision></xml>
2017-11-08 19:43:36.503 [http-apr-8080-exec-73] INFO  com.ray.weixin.qy.service.message.reply.ReplyMessageService - fromUserName:ShiRui
2017-11-08 19:43:36.504 [http-apr-8080-exec-73] INFO  com.ray.weixin.qy.service.message.reply.ReplyMessageService - toUserName:ww92f5da92bb24696e
2017-11-08 19:43:36.504 [http-apr-8080-exec-73] INFO  com.ray.weixin.qy.service.message.reply.ReplyMessageService - msgType:event
2017-11-08 19:43:36.504 [http-apr-8080-exec-73] INFO  com.ray.weixin.qy.service.message.reply.ReplyMessageService - Event:LOCATION  eventKey:null
2017-11-08 19:43:41.518 [http-apr-8080-exec-72] INFO  com.ray.weixin.qy.controller.WeiXinServlet - post--------------
2017-11-08 19:43:41.519 [http-apr-8080-exec-72] INFO  com.ray.weixin.qy.service.message.reply.ReplyMessageService - parms:{"msg_signature":["e3acfe13a315c0d0eba3b6bd227623ca84cceb8a"],"timestamp":["1510141421"],"nonce":["1885000948"]}
2017-11-08 19:43:41.519 [http-apr-8080-exec-72] INFO  com.ray.weixin.qy.service.message.reply.ReplyMessageService - postData:<xml><ToUserName><![CDATA[ww92f5da92bb24696e]]></ToUserName><Encrypt><![CDATA[g4dXpUTAJRjhfZn39valnNwkKC+qbriWJk3OHgqdhoDsd3w2iDnrGgo/bllvwEDSVCzbQAXdL7cNG62z0dM0CVrn0AIApqexVWjAk7iqiblzeqjfqa8bggq7cLLBcCIRO9bvJxSsg9sj91xvMWvX/tvmesGqWIs5eeGKqMTQBLRBz+GnP/9gMNoUCn9/m3pKdXQ3BUfMp5lJ9h/XxOfuurM9Wg5bpcVRb/GOHApo7bppJPIyJjnYixx3ctuxBY1b+c3DGecKWLzmKQUUDaNKODWFO/9AvwtNdvJkuOer60NPcZZm+7jGLVFDRV2a++IyMdeaPdH60pE7eFIrNq4JX1NDv5YvXmMxUuCFqkyAz61HanPnelSAYEV/Li0WiZxV/F41xMkPAg8Hp66kmJ9EUGRsYXmjexNULklNBhtGLBteeFSM2lBDt6iPPxebWW71JPFd3s6H+iAB++Q3H5L6gCzwg4iWbmCxmsBzFWxUwc3G17VCBrR/gI2Xo4AAu+FU]]></Encrypt><AgentID><![CDATA[1000002]]></AgentID></xml>
2017-11-08 19:43:41.522 [http-apr-8080-exec-72] INFO  com.ray.weixin.qy.service.message.reply.ReplyMessageService - reply_xmlMsg:<xml><ToUserName><![CDATA[ww92f5da92bb24696e]]></ToUserName><FromUserName><![CDATA[ShiRui]]></FromUserName><CreateTime>1510141421</CreateTime><MsgType><![CDATA[event]]></MsgType><AgentID>1000002</AgentID><Event><![CDATA[LOCATION]]></Event><Latitude>31.1676</Latitude><Longitude>121.156</Longitude><Precision>15</Precision></xml>
2017-11-08 19:43:41.525 [http-apr-8080-exec-72] INFO  com.ray.weixin.qy.service.message.reply.ReplyMessageService - fromUserName:ShiRui
2017-11-08 19:43:41.525 [http-apr-8080-exec-72] INFO  com.ray.weixin.qy.service.message.reply.ReplyMessageService - toUserName:ww92f5da92bb24696e
2017-11-08 19:43:41.525 [http-apr-8080-exec-72] INFO  com.ray.weixin.qy.service.message.reply.ReplyMessageService - msgType:event
2017-11-08 19:43:41.525 [http-apr-8080-exec-72] INFO  com.ray.weixin.qy.service.message.reply.ReplyMessageService - Event:LOCATION  eventKey:null
2017-11-08 19:43:46.542 [http-apr-8080-exec-76] INFO  com.ray.weixin.qy.controller.WeiXinServlet - post--------------
2017-11-08 19:43:46.542 [http-apr-8080-exec-76] INFO  com.ray.weixin.qy.service.message.reply.ReplyMessageService - parms:{"msg_signature":["9b05207352d12260535568cbb2d819380838c7c5"],"timestamp":["1510141426"],"nonce":["1143036218"]}
2017-11-08 19:43:46.542 [http-apr-8080-exec-76] INFO  com.ray.weixin.qy.service.message.reply.ReplyMessageService - postData:<xml><ToUserName><![CDATA[ww92f5da92bb24696e]]></ToUserName><Encrypt><![CDATA[TPRb/SxjiR+l5XZt+2VvBIJ0U636DiVeu40AQVv3FbSvhfMot7lcz/tFQmfOPWoIhNAfNxfjDYD1mz+d3X/Vek428JxemSwHfNUiz2AHbBB5V6bHMWwwf+BFkh4090OahmeL6IYuX6c8i4j7wTVt9IxaNd23dNoBm5UAuT2RsboyhV7UtoGJG4zCPwtsrFvB0WkvXRgR4ICArXoy7Zu2jb6W/QCMvto8lLbEafb3ambfO1JSyaieGtnawPhj2cfKNikkFYDp83o4d0oMSYSNKMXBU6HHJUdxNJKH+zWyd36WaNi/zOPkCvfLbrxhwPbWTEw6rqadoN8ciFx0O2I7A7TW8l5yUSq6i7kDVO82KoVcSkC9pgREif7TflMVGN7DGL9RcpHq65xGO/jUtKZxdBsYtZkcwTCWQo4P+4wALJHc6gMEx9zKPAvP7S0Il3HzbVwHaV9RRNlpqheK3IDojitG7bSdkcyuWhD11jNiwfGVhz6AYsSm9m256cibPgM3]]></Encrypt><AgentID><![CDATA[1000002]]></AgentID></xml>
2017-11-08 19:43:46.543 [http-apr-8080-exec-76] INFO  com.ray.weixin.qy.service.message.reply.ReplyMessageService - reply_xmlMsg:<xml><ToUserName><![CDATA[ww92f5da92bb24696e]]></ToUserName><FromUserName><![CDATA[ShiRui]]></FromUserName><CreateTime>1510141426</CreateTime><MsgType><![CDATA[event]]></MsgType><AgentID>1000002</AgentID><Event><![CDATA[LOCATION]]></Event><Latitude>31.1676</Latitude><Longitude>121.156</Longitude><Precision>15</Precision></xml>
2017-11-08 19:43:46.545 [http-apr-8080-exec-76] INFO  com.ray.weixin.qy.service.message.reply.ReplyMessageService - fromUserName:ShiRui
2017-11-08 19:43:46.545 [http-apr-8080-exec-76] INFO  com.ray.weixin.qy.service.message.reply.ReplyMessageService - toUserName:ww92f5da92bb24696e
2017-11-08 19:43:46.545 [http-apr-8080-exec-76] INFO  com.ray.weixin.qy.service.message.reply.ReplyMessageService - msgType:event
2017-11-08 19:43:46.545 [http-apr-8080-exec-76] INFO  com.ray.weixin.qy.service.message.reply.ReplyMessageService - Event:LOCATION  eventKey:null
2017-11-08 19:43:51.564 [http-apr-8080-exec-77] INFO  com.ray.weixin.qy.controller.WeiXinServlet - post--------------
2017-11-08 19:43:51.564 [http-apr-8080-exec-77] INFO  com.ray.weixin.qy.service.message.reply.ReplyMessageService - parms:{"msg_signature":["ddda60f3ad9898a8cc79db16c581456de2cd5237"],"timestamp":["1510141431"],"nonce":["1586397297"]}
2017-11-08 19:43:51.565 [http-apr-8080-exec-77] INFO  com.ray.weixin.qy.service.message.reply.ReplyMessageService - postData:<xml><ToUserName><![CDATA[ww92f5da92bb24696e]]></ToUserName><Encrypt><![CDATA[+qn9GIykrlmQS8a0ZSlDOmvBuQAsAdQ/w79+54i0w8XmTEpvWyM93vmHtoAG9y3JCoc9JMbuYJCx0ZMDMJGE8PRmpzf8I6eU5EXgDn9xQs0e9tq6OxCn/1/OoCJvhwJcnSCY036VSWv3BxBB7cPumPB7d/SRWW/g6xRASgEb9VuooRNKH0ph/GR0E+a3+gNBU9CQYGhYWd4FbjrJ/97/H/Q2pCa22pmWwvHQC06gP+SNQl+MGwx/IZwVX915xVQdfMg4Vub7HbC/QHzPzyA1rCM43CN9R4OAsnmVj1sJcVmpu0pyVtrmH9hKQt4QrZR0yr6v1kc5aAb0wLE7MIWNN1GMRpfI3wLGlUesd7qNaV6xXXEsbZMKR7fo29ViGPsnx4oEESoKaCXBOvhoAPB8U8ADBgUsJc1a3QRjtqXXMrpgTUU6k2eUeMmaiiQBqr3IMKr0TcrndhWHYy52uoEotamuEVOqlleiweUC0ycDGTnZwMK4VniluZUhHhcZlM8C]]></Encrypt><AgentID><![CDATA[1000002]]></AgentID></xml>
2017-11-08 19:43:51.568 [http-apr-8080-exec-77] INFO  com.ray.weixin.qy.service.message.reply.ReplyMessageService - reply_xmlMsg:<xml><ToUserName><![CDATA[ww92f5da92bb24696e]]></ToUserName><FromUserName><![CDATA[ShiRui]]></FromUserName><CreateTime>1510141431</CreateTime><MsgType><![CDATA[event]]></MsgType><AgentID>1000002</AgentID><Event><![CDATA[LOCATION]]></Event><Latitude>31.1676</Latitude><Longitude>121.156</Longitude><Precision>15</Precision></xml>
2017-11-08 19:43:51.571 [http-apr-8080-exec-77] INFO  com.ray.weixin.qy.service.message.reply.ReplyMessageService - fromUserName:ShiRui
2017-11-08 19:43:51.571 [http-apr-8080-exec-77] INFO  com.ray.weixin.qy.service.message.reply.ReplyMessageService - toUserName:ww92f5da92bb24696e
2017-11-08 19:43:51.571 [http-apr-8080-exec-77] INFO  com.ray.weixin.qy.service.message.reply.ReplyMessageService - msgType:event
2017-11-08 19:43:51.571 [http-apr-8080-exec-77] INFO  com.ray.weixin.qy.service.message.reply.ReplyMessageService - Event:LOCATION  eventKey:null
2017-11-08 19:43:56.623 [http-apr-8080-exec-70] INFO  com.ray.weixin.qy.controller.WeiXinServlet - post--------------
2017-11-08 19:43:56.624 [http-apr-8080-exec-70] INFO  com.ray.weixin.qy.service.message.reply.ReplyMessageService - parms:{"msg_signature":["83c7513c82814152f90cc5d9e23f5364c5a4c22d"],"timestamp":["1510141436"],"nonce":["255973606"]}
2017-11-08 19:43:56.626 [http-apr-8080-exec-70] INFO  com.ray.weixin.qy.service.message.reply.ReplyMessageService - postData:<xml><ToUserName><![CDATA[ww92f5da92bb24696e]]></ToUserName><Encrypt><![CDATA[ts6iJnGr1Z0QLlicyo/ypEb1GhyJwunFlenJ6jejNKOzPac1O9De1NR0JufNLHI0Jo6qlbPSSSW4RRN/vqYESVEwXFHxxP2TgtD3wpQXUncfkv9g1F8lA7S5h3wcaDEI88t3X87wKrQGNIQv1QpgGRR86E4waflHtiwxL/N53kcftXpb99ASLta5Tf78LQuuQ4zBPBq6xzA0lB8y8gnG4GKfzCnUOVq+ALvT02pxSr1UgplvBsCGGkFxJUMnAx3IyVRgVWQZAIL90s/DgNhr+0mTTkIFSSPQG6T/PrnRvLUk7C/LT2gAaBSMBsLedAjkIl40LAmIfxkp8ojtGLxzucbHtkUFkPf6ARLv8OUxF/menGWxriRK58bmVbGRaIFDUv7Wyz597ARkv7rXKKDSCJ4hAoEFjyOAnZgK8ickQmgEGS2isb8TOC9XoWY67qIyV7+PUuUMsKZZps1CF/dqcwOQvuQfumwF0GmVvm3wrwJKtHWr690xjBxEhL//toPC]]></Encrypt><AgentID><![CDATA[1000002]]></AgentID></xml>
2017-11-08 19:43:56.632 [http-apr-8080-exec-70] INFO  com.ray.weixin.qy.service.message.reply.ReplyMessageService - reply_xmlMsg:<xml><ToUserName><![CDATA[ww92f5da92bb24696e]]></ToUserName><FromUserName><![CDATA[ShiRui]]></FromUserName><CreateTime>1510141436</CreateTime><MsgType><![CDATA[event]]></MsgType><AgentID>1000002</AgentID><Event><![CDATA[LOCATION]]></Event><Latitude>31.1676</Latitude><Longitude>121.156</Longitude><Precision>15</Precision></xml>
2017-11-08 19:43:56.637 [http-apr-8080-exec-70] INFO  com.ray.weixin.qy.service.message.reply.ReplyMessageService - fromUserName:ShiRui
2017-11-08 19:43:56.637 [http-apr-8080-exec-70] INFO  com.ray.weixin.qy.service.message.reply.ReplyMessageService - toUserName:ww92f5da92bb24696e
2017-11-08 19:43:56.638 [http-apr-8080-exec-70] INFO  com.ray.weixin.qy.service.message.reply.ReplyMessageService - msgType:event
2017-11-08 19:43:56.638 [http-apr-8080-exec-70] INFO  com.ray.weixin.qy.service.message.reply.ReplyMessageService - Event:LOCATION  eventKey:null
