2017-11-08 23:24:01.972 [http-apr-8080-exec-5] INFO  com.ray.weixin.qy.controller.WeiXinServlet - post--------------
2017-11-08 23:24:01.996 [http-apr-8080-exec-5] INFO  com.ray.weixin.qy.service.message.reply.ReplyMessageService - parms:{"msg_signature":["0a47eab5b823b532fb81c69ab8fa72c941268528"],"timestamp":["1510154641"],"nonce":["375283545"]}
2017-11-08 23:24:01.997 [http-apr-8080-exec-5] INFO  com.ray.weixin.qy.service.message.reply.ReplyMessageService - postData:<xml><ToUserName><![CDATA[ww92f5da92bb24696e]]></ToUserName><Encrypt><![CDATA[5BLt1oLMNxFPLESwF/XMoKp99SNNtvuZaBCUebi0OWd2+ekmo7ENMJkeiBsYJHmXmQlWgKk81098Okpnwb+qZcOSkgO1uX5NXyrKfu/o5NReiGmrXhOM6sEBO26gDHpplj+ofYn3e2EtnOG091vlql6nGEh/wLTFoGsoEuZL+9eXwC6SKPc5QeOTH3hkxOu7sm564p6CxTf8ySWZZ01jl81FazgM+3tEA4RhxInfDoK1fkjdu4/0dAb6dineChOWDfq27YvPp/4vk39q9ufxtcdZ9fkeXhfCclboWuRkQ/1U8iW3wxQnsl+2QatbI5BjTwmAVOwtKxso9vJF1i2beXGWO+Q6dycci8hQzXQ8oeqHhHuBFyMTe6DIOblpJIvRuPiGQF0XZgu37QoxAyIDB7Mh+WD+5Lg95GSqtHoRYWaM4ebQR1hbYp6jbkoTH0wicln0nHSeen5Hw6+uVxrctgzH9sCz4o0A/m4A4yKOBVuxqapTRdSs2Vpjo0YxzGmW]]></Encrypt><AgentID><![CDATA[1000002]]></AgentID></xml>
2017-11-08 23:24:02.004 [http-apr-8080-exec-5] INFO  com.ray.weixin.qy.service.message.reply.ReplyMessageService - reply_xmlMsg:<xml><ToUserName><![CDATA[ww92f5da92bb24696e]]></ToUserName><FromUserName><![CDATA[ShiRui]]></FromUserName><CreateTime>1510154641</CreateTime><MsgType><![CDATA[event]]></MsgType><AgentID>1000002</AgentID><Event><![CDATA[LOCATION]]></Event><Latitude>31.1615</Latitude><Longitude>121.142</Longitude><Precision>15</Precision></xml>
2017-11-08 23:24:02.007 [http-apr-8080-exec-5] INFO  com.ray.weixin.qy.service.message.reply.ReplyMessageService - fromUserName:ShiRui
2017-11-08 23:24:02.007 [http-apr-8080-exec-5] INFO  com.ray.weixin.qy.service.message.reply.ReplyMessageService - toUserName:ww92f5da92bb24696e
2017-11-08 23:24:02.007 [http-apr-8080-exec-5] INFO  com.ray.weixin.qy.service.message.reply.ReplyMessageService - msgType:event
2017-11-08 23:24:02.007 [http-apr-8080-exec-5] INFO  com.ray.weixin.qy.service.message.reply.ReplyMessageService - Event:LOCATION  eventKey:null
2017-11-08 23:24:09.985 [http-apr-8080-exec-4] INFO  com.ray.weixin.qy.controller.WeiXinServlet - post--------------
2017-11-08 23:24:09.988 [http-apr-8080-exec-4] INFO  com.ray.weixin.qy.service.message.reply.ReplyMessageService - parms:{"msg_signature":["b558f9d90a1ae79ff1eeb7d9cabb9b978e52d27b"],"timestamp":["1510154649"],"nonce":["2078882399"]}
2017-11-08 23:24:09.995 [http-apr-8080-exec-4] INFO  com.ray.weixin.qy.service.message.reply.ReplyMessageService - postData:<xml><ToUserName><![CDATA[ww92f5da92bb24696e]]></ToUserName><Encrypt><![CDATA[ECXc/4+7r/p2KIDov6stWdSF77gvlUxDdauW5YGRbAWdkc4TrS5uGRXkH1mlZqfZeh71jMOjocrkqiIG4+Wgpe9QfMqjNkQBTK3F3Grh8b/IXwocyskn9nZQ6v9gB/b6Z6FFPoO6ca9wlz0j53Vlvhx9JLWdd3vh0Q5vnrsUu6DBIPwyiUxhSG2laQMMlFhKP/refRMiQBlVeg9dij2arOAV1cjsulbRxOT5VKh6aEfy8cnrC0t6ReQ7fNMAoZdQEKqZsIb6h7iHJ2MzQ41n9pibP4uaO9bc/7ueRGhuos0KVMII7ZIuOnPRSu5c4OxFS8c1ghdINpj1TqF4IKjJEt4jOkloa3x+23zXi7otISPUxtE5SEzIuhac/KQoxPvneE9xH8plXxArHc7tG8TbRe/Ig6x6j/S8gtw2xe7rI/Gc4gWKft4eI1oeqW2Zy0ea7T05/Pnl0FFUdME6CBqEBI91TfhkjjvINFBqnaw7ZEJUmAvJ81On1lzGjbTJd2WR]]></Encrypt><AgentID><![CDATA[1000002]]></AgentID></xml>
2017-11-08 23:24:09.999 [http-apr-8080-exec-4] INFO  com.ray.weixin.qy.service.message.reply.ReplyMessageService - reply_xmlMsg:<xml><ToUserName><![CDATA[ww92f5da92bb24696e]]></ToUserName><FromUserName><![CDATA[ShiRui]]></FromUserName><CreateTime>1510154649</CreateTime><MsgType><![CDATA[event]]></MsgType><AgentID>1000002</AgentID><Event><![CDATA[LOCATION]]></Event><Latitude>31.1615</Latitude><Longitude>121.142</Longitude><Precision>15</Precision></xml>
2017-11-08 23:24:10.005 [http-apr-8080-exec-4] INFO  com.ray.weixin.qy.service.message.reply.ReplyMessageService - fromUserName:ShiRui
2017-11-08 23:24:10.005 [http-apr-8080-exec-4] INFO  com.ray.weixin.qy.service.message.reply.ReplyMessageService - toUserName:ww92f5da92bb24696e
2017-11-08 23:24:10.005 [http-apr-8080-exec-4] INFO  com.ray.weixin.qy.service.message.reply.ReplyMessageService - msgType:event
2017-11-08 23:24:10.006 [http-apr-8080-exec-4] INFO  com.ray.weixin.qy.service.message.reply.ReplyMessageService - Event:LOCATION  eventKey:null
2017-11-08 23:24:16.274 [http-apr-8080-exec-9] INFO  com.ray.weixin.qy.controller.WeiXinServlet - post--------------
2017-11-08 23:24:16.275 [http-apr-8080-exec-9] INFO  com.ray.weixin.qy.service.message.reply.ReplyMessageService - parms:{"msg_signature":["f4e479bcc5c2bcf18e3e72bfce92e69cf0cecd20"],"timestamp":["1510154655"],"nonce":["1318850635"]}
2017-11-08 23:24:16.276 [http-apr-8080-exec-9] INFO  com.ray.weixin.qy.service.message.reply.ReplyMessageService - postData:<xml><ToUserName><![CDATA[ww92f5da92bb24696e]]></ToUserName><Encrypt><![CDATA[n1qwJsDHlywrN7BmGGfeYHiGFAk6bG3MhxtgzHULU7+qmyESZBNVt6BUOKaazGUV3WImS975zluX7DC+BTXWNw5VvOUJnz+Yjh1gmW63ZMkHtwxiba1DwOe28daxlat8oDDSzPsZzuisAhFdS7GnYOFzLBUwPSf1pIlq5BE1OkHuSgnyaKfmOVfumymEvtGYAOhFq+WU6zAPcQcOop1PyUMEgktFomCUXbEGjD1rRcgGL+E+Z5b0TFgosZajy+lra5Jkmj/MQ3eOu4HBF24VPFz0Yb1M0ejPuZPtvRaSJoZvNWry7FkZ4jfBfhxNJFHBOAdvHC4TTXOCnCbP/wtCiuVeX9/oescSEfKwltYHgmvjUdkz7ew/rCD2jf1DQdCT1MyUcraJxDmCTGHvhaoT3n7vbl2Qabx8ZPk025ihHd7H/FLRttGOtr137wLNoH0HxQd0aUr0b7gTJca+RdBZXhIeICl26o6txm+nLN6hDrAZ1c3de5yUebqu0Fd845kP]]></Encrypt><AgentID><![CDATA[1000002]]></AgentID></xml>
2017-11-08 23:24:16.278 [http-apr-8080-exec-9] INFO  com.ray.weixin.qy.service.message.reply.ReplyMessageService - reply_xmlMsg:<xml><ToUserName><![CDATA[ww92f5da92bb24696e]]></ToUserName><FromUserName><![CDATA[ShiRui]]></FromUserName><CreateTime>1510154655</CreateTime><MsgType><![CDATA[event]]></MsgType><AgentID>1000002</AgentID><Event><![CDATA[LOCATION]]></Event><Latitude>31.1615</Latitude><Longitude>121.142</Longitude><Precision>15</Precision></xml>
2017-11-08 23:24:16.280 [http-apr-8080-exec-9] INFO  com.ray.weixin.qy.service.message.reply.ReplyMessageService - fromUserName:ShiRui
2017-11-08 23:24:16.281 [http-apr-8080-exec-9] INFO  com.ray.weixin.qy.service.message.reply.ReplyMessageService - toUserName:ww92f5da92bb24696e
2017-11-08 23:24:16.281 [http-apr-8080-exec-9] INFO  com.ray.weixin.qy.service.message.reply.ReplyMessageService - msgType:event
2017-11-08 23:24:16.281 [http-apr-8080-exec-9] INFO  com.ray.weixin.qy.service.message.reply.ReplyMessageService - Event:LOCATION  eventKey:null
2017-11-08 23:24:27.168 [http-apr-8080-exec-8] INFO  com.ray.weixin.qy.controller.WeiXinServlet - post--------------
2017-11-08 23:24:27.169 [http-apr-8080-exec-8] INFO  com.ray.weixin.qy.service.message.reply.ReplyMessageService - parms:{"msg_signature":["599c30cf2d3f1b9d97fd9ed1864aa7dff715fed3"],"timestamp":["1510154666"],"nonce":["1847461279"]}
2017-11-08 23:24:27.169 [http-apr-8080-exec-8] INFO  com.ray.weixin.qy.service.message.reply.ReplyMessageService - postData:<xml><ToUserName><![CDATA[ww92f5da92bb24696e]]></ToUserName><Encrypt><![CDATA[IllamTXpXQQcYDVrPufPZ2FlEeiOmch+TMtOxuJ4c/GfHfCViXrUei45QuyRTdsjAqtahpgDkWSxrdnBngCPyvjDfSHELBf0fGdjjGbl2DMbgN8VfbhH7Bwm3mOBBZeqrvcbqKdbrElEMqzNUZh1SD2S7yOsHuWsZ9mC0665y/u5vh+Co8ltz2Ihi31xbgOWt/yCs4WgfOsjWQegCb3InKgHAYxHAzsLrni82laKbL0FGQZduujuoAaq1wNZPEqdEN9GPKkVmX1QyfNJTrBmCExj6LLNMelqomUZjB1G1ZGzcxVQwFGVb2zFgZuzNdJOuW5MxR6RqhD3E6ugrfkG+SRIU7XAMwUvjS3xjbsQzHMdYIMVpoRwvYKGYHChsCYxzOFqyuzzvSEVTe1SEDhPaZmxc5Wt6a90l1p+doD24K0WBARbk21Iu35YSJZBKo65H/nw7yT2DYXKyaVEiAIakHVLGmI0KeesVdtW6bVda5t/3a9Q9fGlxXijFvi+X6QI]]></Encrypt><AgentID><![CDATA[1000002]]></AgentID></xml>
2017-11-08 23:24:27.170 [http-apr-8080-exec-8] INFO  com.ray.weixin.qy.service.message.reply.ReplyMessageService - reply_xmlMsg:<xml><ToUserName><![CDATA[ww92f5da92bb24696e]]></ToUserName><FromUserName><![CDATA[ShiRui]]></FromUserName><CreateTime>1510154666</CreateTime><MsgType><![CDATA[event]]></MsgType><AgentID>1000002</AgentID><Event><![CDATA[LOCATION]]></Event><Latitude>31.1615</Latitude><Longitude>121.142</Longitude><Precision>15</Precision></xml>
2017-11-08 23:24:27.171 [http-apr-8080-exec-8] INFO  com.ray.weixin.qy.service.message.reply.ReplyMessageService - fromUserName:ShiRui
2017-11-08 23:24:27.171 [http-apr-8080-exec-8] INFO  com.ray.weixin.qy.service.message.reply.ReplyMessageService - toUserName:ww92f5da92bb24696e
2017-11-08 23:24:27.171 [http-apr-8080-exec-8] INFO  com.ray.weixin.qy.service.message.reply.ReplyMessageService - msgType:event
2017-11-08 23:24:27.171 [http-apr-8080-exec-8] INFO  com.ray.weixin.qy.service.message.reply.ReplyMessageService - Event:LOCATION  eventKey:null
2017-11-08 23:24:31.490 [http-apr-8080-exec-3] INFO  com.ray.weixin.qy.controller.WeiXinServlet - post--------------
2017-11-08 23:24:31.492 [http-apr-8080-exec-3] INFO  com.ray.weixin.qy.service.message.reply.ReplyMessageService - parms:{"msg_signature":["3e7b228eadaaebcc66b6623cc572f1e5a59cb994"],"timestamp":["1510154670"],"nonce":["441727215"]}
2017-11-08 23:24:31.492 [http-apr-8080-exec-3] INFO  com.ray.weixin.qy.service.message.reply.ReplyMessageService - postData:<xml><ToUserName><![CDATA[ww92f5da92bb24696e]]></ToUserName><Encrypt><![CDATA[i57gYfd2eCPsn+wrFo8jJDM5oPw6/hnqiP5A8TOsOjb7yl2hxF70xQxRRp5zSelwyjI0YsDO7Bj9GVHNEpm7bINHV5HGN7LRvaKMmMk+PBuH/dG7b3CY9SGfFvZZnUIiZCxQ1bmhd6PfwOgGCT/WBpsSPpne/LbmBTIKgPisBnWma659zqeGSSNu8Iu6fJW2eS5oIo6g4q1Z95lwnX/9h2Yv0w/oCV5O/6RJq0cCfXHFVZFV+SYpPHaLnb2oTaaTop1vPe0cEYCWPlBo04ay9LyZiKW6ECYW+BibgtQEkbGjmf6fsoKRYw1yqxtBUoopv9N0NnH0CRCLnfXZnfVPZ6urANcXIMxFDyqaqTTc51aTGgEJSfinpfBddGjkAgKPwyYkpzhb8F0K/sDhu11CrrY67MwC8uH4lGkDI37MNkzMK9kdNFWKtUMcRC21I7Qh9af/yBM6CCiXbSDE0HKJHxXaZ22S7nfIQeEM95r69u21BKsruZ9bsxNSHIc8H5Id]]></Encrypt><AgentID><![CDATA[1000002]]></AgentID></xml>
2017-11-08 23:24:31.498 [http-apr-8080-exec-3] INFO  com.ray.weixin.qy.service.message.reply.ReplyMessageService - reply_xmlMsg:<xml><ToUserName><![CDATA[ww92f5da92bb24696e]]></ToUserName><FromUserName><![CDATA[ShiRui]]></FromUserName><CreateTime>1510154670</CreateTime><MsgType><![CDATA[event]]></MsgType><AgentID>1000002</AgentID><Event><![CDATA[LOCATION]]></Event><Latitude>31.1615</Latitude><Longitude>121.142</Longitude><Precision>15</Precision></xml>
2017-11-08 23:24:31.502 [http-apr-8080-exec-3] INFO  com.ray.weixin.qy.service.message.reply.ReplyMessageService - fromUserName:ShiRui
2017-11-08 23:24:31.503 [http-apr-8080-exec-3] INFO  com.ray.weixin.qy.service.message.reply.ReplyMessageService - toUserName:ww92f5da92bb24696e
2017-11-08 23:24:31.503 [http-apr-8080-exec-3] INFO  com.ray.weixin.qy.service.message.reply.ReplyMessageService - msgType:event
2017-11-08 23:24:31.503 [http-apr-8080-exec-3] INFO  com.ray.weixin.qy.service.message.reply.ReplyMessageService - Event:LOCATION  eventKey:null
2017-11-08 23:24:40.846 [http-apr-8080-exec-5] INFO  com.ray.weixin.qy.controller.WeiXinServlet - post--------------
2017-11-08 23:24:40.847 [http-apr-8080-exec-5] INFO  com.ray.weixin.qy.service.message.reply.ReplyMessageService - parms:{"msg_signature":["0005d0a410805ceb10bf9d994d59080bb98a7e3c"],"timestamp":["1510154680"],"nonce":["953037049"]}
2017-11-08 23:24:40.848 [http-apr-8080-exec-5] INFO  com.ray.weixin.qy.service.message.reply.ReplyMessageService - postData:<xml><ToUserName><![CDATA[ww92f5da92bb24696e]]></ToUserName><Encrypt><![CDATA[2pPC62wS0f47R218mHBfn85gXoEhrUb4uWBmPhtG0zr/n59LtJV7ImB2c2CLva3pUckztIIpHJ7l7EgaFY4c6+JZnybxUQxIy+oq2+vq0crrH5ZyerkncIwfviBIQ633E65PX2eE/wGNCeoAmI9eu53XgF2n1wAp27VP/pBtJ5obxQ1MtXii/528SG42+hodd3+RvK7cAchoeecbRFGS/EsrcG7p0kq/n49zz/LXi4JdHv/81/VgjdfQc9glbRDnRSlRs4EAwVIzed1Si8oDlAjtb4p838fjJGDSR3b+ylsWRQMmpdnqsqjZYHdZy4o80EeFOUn0u1jrclKyDj9YsJQ1J0GRECJ1dKx4lC/B5dqYRpMf/0YJ/r5aIa9ahxLJYJYiDWwmjk9KGcTEizJnXZNJCAlfNt40NQ9MD9Ftc0PO91DQ3KzUpgNUew+Aodvrw5XnMGOc72ZddBlain/PhCLBDgXwd1Fzbw6Wk5rj6XWbg2zr/4kwuaiAW4MjGxXB]]></Encrypt><AgentID><![CDATA[1000002]]></AgentID></xml>
2017-11-08 23:24:40.849 [http-apr-8080-exec-5] INFO  com.ray.weixin.qy.service.message.reply.ReplyMessageService - reply_xmlMsg:<xml><ToUserName><![CDATA[ww92f5da92bb24696e]]></ToUserName><FromUserName><![CDATA[ShiRui]]></FromUserName><CreateTime>1510154680</CreateTime><MsgType><![CDATA[event]]></MsgType><AgentID>1000002</AgentID><Event><![CDATA[LOCATION]]></Event><Latitude>31.1615</Latitude><Longitude>121.142</Longitude><Precision>15</Precision></xml>
2017-11-08 23:24:40.851 [http-apr-8080-exec-5] INFO  com.ray.weixin.qy.service.message.reply.ReplyMessageService - fromUserName:ShiRui
2017-11-08 23:24:40.851 [http-apr-8080-exec-5] INFO  com.ray.weixin.qy.service.message.reply.ReplyMessageService - toUserName:ww92f5da92bb24696e
2017-11-08 23:24:40.851 [http-apr-8080-exec-5] INFO  com.ray.weixin.qy.service.message.reply.ReplyMessageService - msgType:event
2017-11-08 23:24:40.851 [http-apr-8080-exec-5] INFO  com.ray.weixin.qy.service.message.reply.ReplyMessageService - Event:LOCATION  eventKey:null
2017-11-08 23:24:48.333 [http-apr-8080-exec-4] INFO  com.ray.weixin.qy.controller.WeiXinServlet - post--------------
2017-11-08 23:24:48.334 [http-apr-8080-exec-4] INFO  com.ray.weixin.qy.service.message.reply.ReplyMessageService - parms:{"msg_signature":["d5a5ea29cf494b34b18e2291cdb2ba0bf661cc35"],"timestamp":["1510154687"],"nonce":["2114929142"]}
2017-11-08 23:24:48.334 [http-apr-8080-exec-4] INFO  com.ray.weixin.qy.service.message.reply.ReplyMessageService - postData:<xml><ToUserName><![CDATA[ww92f5da92bb24696e]]></ToUserName><Encrypt><![CDATA[0wHq7LiRnimQYrVfzZRu9BvczqYuF2/5TKSUDJuN6Fp+s8+8QMCMJRewx5UEOMsGbyo7SEMElVWTxAGAVNBAjFb5k83LFR54A/yiZqzDI1K9Yju+C1prlHrawfEBWZ+Db7n3h2qrqZFkGK64SWL4tT5qKRExfjb3RsESl7GeVEJ2cgBzaIopYBgqizrwp9VhU2aQOVMPO1WudB+2eBuM+04fB5W/t7EtDuX1p34dKLoykuUnrH1l9Q759CZPvEFAtx54Q5Jb2t0PkCQ8syTF7o0DteiJf7QddYcKFWWgfC64Dq7+dMaxmA3V4bLmeFR4TNTMAn618kH0Mj/Sk1n2gnOGs2qDa58ZNBiEn/HFAPuopuBaDKI7tHhqZ9GHt7XWkR7H+G63VbJTWliL4+msGA2a3PXBQowm+Krvu+aZPQDD9xpuaqSDU2pgGrVVyQlkE8db0l79KR4lbME+4FR2jXGHlDwWXbZIGK/oJVd0I0TR5OJ/Wgc29vpGM8LXW0J+]]></Encrypt><AgentID><![CDATA[1000002]]></AgentID></xml>
2017-11-08 23:24:48.335 [http-apr-8080-exec-4] INFO  com.ray.weixin.qy.service.message.reply.ReplyMessageService - reply_xmlMsg:<xml><ToUserName><![CDATA[ww92f5da92bb24696e]]></ToUserName><FromUserName><![CDATA[ShiRui]]></FromUserName><CreateTime>1510154687</CreateTime><MsgType><![CDATA[event]]></MsgType><AgentID>1000002</AgentID><Event><![CDATA[LOCATION]]></Event><Latitude>31.1615</Latitude><Longitude>121.142</Longitude><Precision>15</Precision></xml>
2017-11-08 23:24:48.337 [http-apr-8080-exec-4] INFO  com.ray.weixin.qy.service.message.reply.ReplyMessageService - fromUserName:ShiRui
2017-11-08 23:24:48.337 [http-apr-8080-exec-4] INFO  com.ray.weixin.qy.service.message.reply.ReplyMessageService - toUserName:ww92f5da92bb24696e
2017-11-08 23:24:48.337 [http-apr-8080-exec-4] INFO  com.ray.weixin.qy.service.message.reply.ReplyMessageService - msgType:event
2017-11-08 23:24:48.337 [http-apr-8080-exec-4] INFO  com.ray.weixin.qy.service.message.reply.ReplyMessageService - Event:LOCATION  eventKey:null
