2017-11-09 09:43:33.009 [http-apr-8080-exec-10] INFO  com.ray.weixin.qy.controller.WeiXinServlet - post--------------
2017-11-09 09:43:33.023 [http-apr-8080-exec-10] INFO  com.ray.weixin.qy.service.message.reply.ReplyMessageService - parms:{"msg_signature":["9244022b438b4432c10efb847d137e6d2551bb38"],"timestamp":["1510191812"],"nonce":["1140200729"]}
2017-11-09 09:43:33.023 [http-apr-8080-exec-10] INFO  com.ray.weixin.qy.service.message.reply.ReplyMessageService - postData:<xml><ToUserName><![CDATA[ww92f5da92bb24696e]]></ToUserName><Encrypt><![CDATA[cI099nJ4GkQtdzKKeNzOjr7dWPIHFB3/N31Tisf2/y2xwQtPGfCA1Vg9jIRzyEFp3ybD9JqYo6u6qe/F0V12sioMnxmbVHoBG0RuABnToEo2rPwOa4VS1X3o1dWv1sY04ucPj/m+lwipHFgloqjov641CQhXzeAKYmODToKZd1PbnMqC3she3ACHlnJ6oVa18utcUUti0yIucAGMwbMMcdpgOlqjlLgZEklgJTcCMEpLvR6Ro5fgfs8S0hMRDH8x0o7lQ3impkpLeFRnGA0AAuknTsy1b2Ed5yJuKHjza/xRIoi2Vry6IzFwDXS4XCRjDZoitA9z0Z8ZRrtef2n+FljnwmYtF97SlvvfIW1OTRNIjLhhN8O9rX29AAWUIO1av6VjTK3mvS2euyoXOCp7uHoJEg9tKzQCvdB+7E1bam78h+1XxNljHUsEEhbZr/F5F32mA0JAWyoiu3Uvgh/cnUSz9Zqf06FRTGZ47C45HFgx9bEN1OFsv+GUTrXYedrz]]></Encrypt><AgentID><![CDATA[1000002]]></AgentID></xml>
2017-11-09 09:43:33.058 [http-apr-8080-exec-10] INFO  com.ray.weixin.qy.service.message.reply.ReplyMessageService - reply_xmlMsg:<xml><ToUserName><![CDATA[ww92f5da92bb24696e]]></ToUserName><FromUserName><![CDATA[ShiRui]]></FromUserName><CreateTime>1510191812</CreateTime><MsgType><![CDATA[event]]></MsgType><AgentID>1000002</AgentID><Event><![CDATA[LOCATION]]></Event><Latitude>31.1676</Latitude><Longitude>121.156</Longitude><Precision>15</Precision></xml>
2017-11-09 09:43:33.315 [http-apr-8080-exec-10] INFO  com.ray.weixin.qy.service.message.reply.ReplyMessageService - fromUserName:ShiRui
2017-11-09 09:43:33.315 [http-apr-8080-exec-10] INFO  com.ray.weixin.qy.service.message.reply.ReplyMessageService - toUserName:ww92f5da92bb24696e
2017-11-09 09:43:33.315 [http-apr-8080-exec-10] INFO  com.ray.weixin.qy.service.message.reply.ReplyMessageService - msgType:event
2017-11-09 09:43:33.316 [http-apr-8080-exec-10] INFO  com.ray.weixin.qy.service.message.reply.ReplyMessageService - Event:LOCATION  eventKey:null
2017-11-09 09:43:38.081 [http-apr-8080-exec-1] INFO  com.ray.weixin.qy.controller.WeiXinServlet - post--------------
2017-11-09 09:43:38.083 [http-apr-8080-exec-1] INFO  com.ray.weixin.qy.service.message.reply.ReplyMessageService - parms:{"msg_signature":["b1616411dbab83e76e587d5fc947c50c44488851"],"timestamp":["1510191817"],"nonce":["1441632165"]}
2017-11-09 09:43:38.084 [http-apr-8080-exec-1] INFO  com.ray.weixin.qy.service.message.reply.ReplyMessageService - postData:<xml><ToUserName><![CDATA[ww92f5da92bb24696e]]></ToUserName><Encrypt><![CDATA[4kJn9jZMX7XYwk6/01RiBdMOR0Q62nPZ5NLDsvy/Vyg03oM5RoSu6WtyA69kQxlFs7Mb0M4p85EioLT7y+nBoC+0UvfdBna+L2uImr17et5+mWaDiPMpCWifI5yJpjNvtJGB7vBp813iXdkRKL106IwhtkYujStOvtVB/SidlXUPv6E4fDhN5UB9wh4CHO1W2l7UijSQaF1p2zVb35v0DPt56KtKmhMKkTOvglWXJA57U3Q++GTuZe96PjW4fsel0iYPfLSg7P6CncbrCmahFVkoM+XxC5XOPUPby20NPHR7BKGp7ONTo+Ru1mZqrMKw3ReNjTKFCTk2ZJzHYyo8sWXncAJnRjVm+2jKW+/Tw2U1wQgYv++B5ThC6LNzu8neiss4MVqY7L6f9nWZfG1YxnJZNvtcGvrVqDPHW77709rALHvm4eWfATtdajuWz2P52SCwNBMNzzxI4/L4+yiiS1rroO6QmlnEhAh8p46VI54jiUypRzo2nGGT4N15+Jk4]]></Encrypt><AgentID><![CDATA[1000002]]></AgentID></xml>
2017-11-09 09:43:38.095 [http-apr-8080-exec-1] INFO  com.ray.weixin.qy.service.message.reply.ReplyMessageService - reply_xmlMsg:<xml><ToUserName><![CDATA[ww92f5da92bb24696e]]></ToUserName><FromUserName><![CDATA[ShiRui]]></FromUserName><CreateTime>1510191817</CreateTime><MsgType><![CDATA[event]]></MsgType><AgentID>1000002</AgentID><Event><![CDATA[LOCATION]]></Event><Latitude>31.1676</Latitude><Longitude>121.156</Longitude><Precision>15</Precision></xml>
2017-11-09 09:43:38.102 [http-apr-8080-exec-1] INFO  com.ray.weixin.qy.service.message.reply.ReplyMessageService - fromUserName:ShiRui
2017-11-09 09:43:38.102 [http-apr-8080-exec-1] INFO  com.ray.weixin.qy.service.message.reply.ReplyMessageService - toUserName:ww92f5da92bb24696e
2017-11-09 09:43:38.103 [http-apr-8080-exec-1] INFO  com.ray.weixin.qy.service.message.reply.ReplyMessageService - msgType:event
2017-11-09 09:43:38.104 [http-apr-8080-exec-1] INFO  com.ray.weixin.qy.service.message.reply.ReplyMessageService - Event:LOCATION  eventKey:null
2017-11-09 09:43:39.641 [http-apr-8080-exec-5] INFO  com.ray.weixin.qy.controller.WeiXinServlet - post--------------
2017-11-09 09:43:39.641 [http-apr-8080-exec-5] INFO  com.ray.weixin.qy.service.message.reply.ReplyMessageService - parms:{"msg_signature":["b8d0e1a401f4086bf795631cb2dcee05d66d2d69"],"timestamp":["1510191819"],"nonce":["1272959052"]}
2017-11-09 09:43:39.641 [http-apr-8080-exec-5] INFO  com.ray.weixin.qy.service.message.reply.ReplyMessageService - postData:<xml><ToUserName><![CDATA[ww92f5da92bb24696e]]></ToUserName><Encrypt><![CDATA[Mz7KZqTzFTUn+pfzzfP6vFsxlP4aV+JB5rleqtuccs++riG3vfYX7GToJsGG6ByFkJuc+y1vI0zSKt3/MLYMe/XHVufHe1TJNtnOx4WEfaxYbPmu+pa9qjGV4Ry8RHifh/6RpKafPbySTCb2KgmcwA+QLFS4khpx39x60Sth04J4vVFQX5kGrwGjN2OYijZLxCsh2agxTaQsr/ws8lA0s1hBu2mGIZbbd9KKldgG8bEjYfXwq3Bh5CrSmfu3cf+WyIDxvIyNJrrm1ZEMafVK9KqvXjcxPgAkR+8xXtgattLoTN0XaiAZ3XCfN/7Z6Opt957sj/nYM/5700YOoxzP98W+vaSOEs3tkXvXUuet09XZpavECtpeJUvfSAKdOOtbpIVVTniv5utdB/lzeFz9K/QszEnqIla+FPiFqSNIoaSnE8LDKxGxCca50Kn/U4wk3Yv2w4looIxkO2yWJdkeMvku2PYykatQf85klEQralZir9+9Xped7+WsPJYD47Qe]]></Encrypt><AgentID><![CDATA[1000002]]></AgentID></xml>
2017-11-09 09:43:39.643 [http-apr-8080-exec-5] INFO  com.ray.weixin.qy.service.message.reply.ReplyMessageService - reply_xmlMsg:<xml><ToUserName><![CDATA[ww92f5da92bb24696e]]></ToUserName><FromUserName><![CDATA[ShiRui]]></FromUserName><CreateTime>1510191818</CreateTime><MsgType><![CDATA[event]]></MsgType><AgentID>1000002</AgentID><Event><![CDATA[view]]></Event><EventKey><![CDATA[http://rayner.nat300.top/weixin_qy/showInvoice.jsp]]></EventKey></xml>
2017-11-09 09:43:39.644 [http-apr-8080-exec-5] INFO  com.ray.weixin.qy.service.message.reply.ReplyMessageService - fromUserName:ShiRui
2017-11-09 09:43:39.644 [http-apr-8080-exec-5] INFO  com.ray.weixin.qy.service.message.reply.ReplyMessageService - toUserName:ww92f5da92bb24696e
2017-11-09 09:43:39.644 [http-apr-8080-exec-5] INFO  com.ray.weixin.qy.service.message.reply.ReplyMessageService - msgType:event
2017-11-09 09:43:39.644 [http-apr-8080-exec-5] INFO  com.ray.weixin.qy.service.message.reply.ReplyMessageService - Event:view  eventKey:http://rayner.nat300.top/weixin_qy/showInvoice.jsp
2017-11-09 09:43:39.774 [http-apr-8080-exec-3] INFO  com.ray.weixin.qy.util.AuthHelper - jsonObject:{"errcode":0,"access_token":"RVUMhaz-QcALWPrIef8VlQayDM5w55oYDw5FrLAax9W4TOLAOXTnChxYEP2-74uxxPT2C9i1I9wewB97GuODOPyN3p7to4_wYWQ3cAQMv-owZeVpxS-gopdSUPHtRFsxqx5m0RnpBhh0BI0DFiUS85FISGwMzmvNvPe6ZvlKrM54gETQx1ZRdVGQSMHVYFzqZBb9C7q_gw-eZZ9u8Kqw4A","errmsg":"ok","expires_in":7200}
2017-11-09 09:43:40.199 [http-apr-8080-exec-3] INFO  com.ray.weixin.qy.util.AuthHelper - jsonObject:{"errcode":0,"ticket":"kgt8ON7yVITDhtdwci0qebCLEfC_BfeygIq8cFPLbdbVIB76UKmHNQSOygZvd-Z1ed9TEYoCChiRyMVxpC9-UQ","errmsg":"ok","expires_in":7200}
2017-11-09 09:43:40.200 [http-apr-8080-exec-3] INFO  com.ray.weixin.qy.util.AuthHelper - url:http://rayner.nat300.top/weixin_qy/showInvoice.jsp
2017-11-09 09:43:40.200 [http-apr-8080-exec-3] INFO  com.ray.weixin.qy.util.AuthHelper - accessToken:RVUMhaz-QcALWPrIef8VlQayDM5w55oYDw5FrLAax9W4TOLAOXTnChxYEP2-74uxxPT2C9i1I9wewB97GuODOPyN3p7to4_wYWQ3cAQMv-owZeVpxS-gopdSUPHtRFsxqx5m0RnpBhh0BI0DFiUS85FISGwMzmvNvPe6ZvlKrM54gETQx1ZRdVGQSMHVYFzqZBb9C7q_gw-eZZ9u8Kqw4A
2017-11-09 09:43:40.200 [http-apr-8080-exec-3] INFO  com.ray.weixin.qy.util.AuthHelper - jsapi_ticket:kgt8ON7yVITDhtdwci0qebCLEfC_BfeygIq8cFPLbdbVIB76UKmHNQSOygZvd-Z1ed9TEYoCChiRyMVxpC9-UQ
2017-11-09 09:43:40.200 [http-apr-8080-exec-3] INFO  com.ray.weixin.qy.util.AuthHelper - appId:ww92f5da92bb24696e
2017-11-09 09:43:40.201 [http-apr-8080-exec-3] INFO  com.ray.weixin.qy.util.AuthHelper - timestamp:1510191819
2017-11-09 09:43:40.201 [http-apr-8080-exec-3] INFO  com.ray.weixin.qy.util.AuthHelper - nonceStr:0378a906-0d25-4dec-8841-a4a756f062b3
2017-11-09 09:43:40.201 [http-apr-8080-exec-3] INFO  com.ray.weixin.qy.util.AuthHelper - signature:17e73598d1049b19d211a45594de7e9f306a1cc1
2017-11-09 09:43:40.202 [http-apr-8080-exec-3] INFO  com.ray.weixin.qy.util.AuthHelper - configValue:{"signature":"17e73598d1049b19d211a45594de7e9f306a1cc1","appId":"ww92f5da92bb24696e","nonceStr":"0378a906-0d25-4dec-8841-a4a756f062b3","timestamp":"1510191819"}
2017-11-09 09:43:43.180 [http-apr-8080-exec-10] INFO  com.ray.weixin.qy.controller.WeiXinServlet - post--------------
2017-11-09 09:43:43.183 [http-apr-8080-exec-10] INFO  com.ray.weixin.qy.service.message.reply.ReplyMessageService - parms:{"msg_signature":["9f15230af4e502660b2c1055822eb2f42541adc6"],"timestamp":["1510191822"],"nonce":["1758048305"]}
2017-11-09 09:43:43.184 [http-apr-8080-exec-10] INFO  com.ray.weixin.qy.service.message.reply.ReplyMessageService - postData:<xml><ToUserName><![CDATA[ww92f5da92bb24696e]]></ToUserName><Encrypt><![CDATA[f2kinSM7nzAI7zr6a5WYdzipmjIi54K+H34kMNIFPqI4rTJvyzT7jD0+htDY8Y1vjY+ggxus+SQusdf3kLjtd0Mugbw7OABpe9fdLWJzPcrLgibsAFhJ1Y5j3tMf79iVr17IRKigu6gc46p22aGAEOsAdvVwBeta9BmIimh2QZ/VYx1ZdsITJummHam5UIzHpr30St3To4gLgIDRKF2GGnsW+u8xMTIphOIZuE4fkApIOIbjtPnuGsAsEh/PoSK3PxsoKQ5a3ZhiIJD7z2czlMhjLkVBqiilFFyjp2uiwXChk9m2uQ5dTTUJ5z1CSaQwjAZlUaLR/R5uFOtTGb01AAJX48bPC2BslPLHFw3/q+WMLivzwj+kXx0P+Fs0P6A1lPC+f0HxjdCUN84V8PM8p74LGkSYL35nM/vzID6s8dPemXaM6OZRmpF9BfiGHilL9FDzy3IHMCRBu63fh9iBirJbBavlBtwwL+YNYquULryCI1gGa34bN0vwMv149X13]]></Encrypt><AgentID><![CDATA[1000002]]></AgentID></xml>
2017-11-09 09:43:43.190 [http-apr-8080-exec-10] INFO  com.ray.weixin.qy.service.message.reply.ReplyMessageService - reply_xmlMsg:<xml><ToUserName><![CDATA[ww92f5da92bb24696e]]></ToUserName><FromUserName><![CDATA[ShiRui]]></FromUserName><CreateTime>1510191822</CreateTime><MsgType><![CDATA[event]]></MsgType><AgentID>1000002</AgentID><Event><![CDATA[LOCATION]]></Event><Latitude>31.1676</Latitude><Longitude>121.156</Longitude><Precision>15</Precision></xml>
2017-11-09 09:43:43.195 [http-apr-8080-exec-10] INFO  com.ray.weixin.qy.service.message.reply.ReplyMessageService - fromUserName:ShiRui
2017-11-09 09:43:43.196 [http-apr-8080-exec-10] INFO  com.ray.weixin.qy.service.message.reply.ReplyMessageService - toUserName:ww92f5da92bb24696e
2017-11-09 09:43:43.197 [http-apr-8080-exec-10] INFO  com.ray.weixin.qy.service.message.reply.ReplyMessageService - msgType:event
2017-11-09 09:43:43.197 [http-apr-8080-exec-10] INFO  com.ray.weixin.qy.service.message.reply.ReplyMessageService - Event:LOCATION  eventKey:null
2017-11-09 09:43:48.189 [http-apr-8080-exec-1] INFO  com.ray.weixin.qy.controller.WeiXinServlet - post--------------
2017-11-09 09:43:48.190 [http-apr-8080-exec-1] INFO  com.ray.weixin.qy.service.message.reply.ReplyMessageService - parms:{"msg_signature":["5ac4d65ec91728c6b1f203b67f0d578b2e90b6e5"],"timestamp":["1510191827"],"nonce":["407319577"]}
2017-11-09 09:43:48.192 [http-apr-8080-exec-1] INFO  com.ray.weixin.qy.service.message.reply.ReplyMessageService - postData:<xml><ToUserName><![CDATA[ww92f5da92bb24696e]]></ToUserName><Encrypt><![CDATA[swJFBCGAdMrmEZtu5cwY9he4v5EymPr2S68x5KOwLWnb0omdvV9xTyGECPAKCNRd5J4w4XdoomxnTHoKgerGEmJHP77KubGX4xrUjmVtrmiZpp8LuiilhMPH6AIPjkbCWYlssTdlH2LIS8BMkdenpbEFXxA9pHJ3wia2ULoNw0Hrs3gb1xuXh6zEZ3U9FoBUGZ2s9vRsovgGoE01m9k9ktRZb89ifHzpZwS/OBddY8Z+jCf6QTH+8HSfWufn324CeNp7ibRoIuNjwu9579r44b8z507OIKTjpzesbxTdAF2TfTGUtDIGHf2J79dsevT4iJNss2Q7CS93aXSyp70YKehZ3u4nwHkHt9q/cnIuVpWbJqdxuK1FeG9rh5nU9JDjJWcrYLdT8sf8MevbrPfa5CvjvKKsfwHRpnwiW9tcI/HnvTAzlyc78BJbJybqnddYB7LV+AEUDIZ2IyWFeUJlpq3xWF3ukcphxw7JsZvncbFOk1Aaga6Py0KF1+9ejoCd]]></Encrypt><AgentID><![CDATA[1000002]]></AgentID></xml>
2017-11-09 09:43:48.202 [http-apr-8080-exec-1] INFO  com.ray.weixin.qy.service.message.reply.ReplyMessageService - reply_xmlMsg:<xml><ToUserName><![CDATA[ww92f5da92bb24696e]]></ToUserName><FromUserName><![CDATA[ShiRui]]></FromUserName><CreateTime>1510191827</CreateTime><MsgType><![CDATA[event]]></MsgType><AgentID>1000002</AgentID><Event><![CDATA[LOCATION]]></Event><Latitude>31.1676</Latitude><Longitude>121.156</Longitude><Precision>15</Precision></xml>
2017-11-09 09:43:48.208 [http-apr-8080-exec-1] INFO  com.ray.weixin.qy.service.message.reply.ReplyMessageService - fromUserName:ShiRui
2017-11-09 09:43:48.209 [http-apr-8080-exec-1] INFO  com.ray.weixin.qy.service.message.reply.ReplyMessageService - toUserName:ww92f5da92bb24696e
2017-11-09 09:43:48.209 [http-apr-8080-exec-1] INFO  com.ray.weixin.qy.service.message.reply.ReplyMessageService - msgType:event
2017-11-09 09:43:48.210 [http-apr-8080-exec-1] INFO  com.ray.weixin.qy.service.message.reply.ReplyMessageService - Event:LOCATION  eventKey:null
2017-11-09 09:43:53.154 [http-apr-8080-exec-4] INFO  com.ray.weixin.qy.controller.WeiXinServlet - post--------------
2017-11-09 09:43:53.156 [http-apr-8080-exec-4] INFO  com.ray.weixin.qy.service.message.reply.ReplyMessageService - parms:{"msg_signature":["7756cd22caf67cfb6b1640ca94e2f8918330101d"],"timestamp":["1510191832"],"nonce":["2059108127"]}
2017-11-09 09:43:53.157 [http-apr-8080-exec-4] INFO  com.ray.weixin.qy.service.message.reply.ReplyMessageService - postData:<xml><ToUserName><![CDATA[ww92f5da92bb24696e]]></ToUserName><Encrypt><![CDATA[XpKdyNUiY4bdrz8zqZaJkvJ63O/ILbKmSSS+DmeQ8VaTaez7l/lflhOsidGFNN1polqnzajqghrB8jAdcCmccU7fCcrVqhoK2eozBC/OiX7OOHCvjDJptbBRXFhYQpRslyOkdGbMvf0aITRHUKkwetpL3q23mH5RtD80KyRFj+cCyM07frAvZEhIs2XZv/K1zNpU//g8zNLasEdkjT08nBSWbEAjfB4Y+ESe+y4Y6RPeCKDOmLBxqPY9FpDDNwI7Kv7zsj31/qAlxpmiE8koMM9f61C1Fb12d/EB4RV1w1MasLnMWe/mc3rQHrJ2RwHh0bwRSBQKCphDd3R7MHDBl+3YDVgZJf7RjXULPR1/2kTJFp6vDM0iK423DzW6wudehgOJ1ZpnVimAaE68b3HGCFM44+BydJvZ3BugTdtUX00xBKu6XTH5oM0pxZn8jsnRZXOQ66AboGdH+N2O/EfkTeyr9ZzSZUtMAeZJbxKpr04aID5SQEgy199ANkPUPf8E]]></Encrypt><AgentID><![CDATA[1000002]]></AgentID></xml>
2017-11-09 09:43:53.162 [http-apr-8080-exec-4] INFO  com.ray.weixin.qy.service.message.reply.ReplyMessageService - reply_xmlMsg:<xml><ToUserName><![CDATA[ww92f5da92bb24696e]]></ToUserName><FromUserName><![CDATA[ShiRui]]></FromUserName><CreateTime>1510191832</CreateTime><MsgType><![CDATA[event]]></MsgType><AgentID>1000002</AgentID><Event><![CDATA[LOCATION]]></Event><Latitude>31.1676</Latitude><Longitude>121.156</Longitude><Precision>15</Precision></xml>
2017-11-09 09:43:53.168 [http-apr-8080-exec-4] INFO  com.ray.weixin.qy.service.message.reply.ReplyMessageService - fromUserName:ShiRui
2017-11-09 09:43:53.168 [http-apr-8080-exec-4] INFO  com.ray.weixin.qy.service.message.reply.ReplyMessageService - toUserName:ww92f5da92bb24696e
2017-11-09 09:43:53.169 [http-apr-8080-exec-4] INFO  com.ray.weixin.qy.service.message.reply.ReplyMessageService - msgType:event
2017-11-09 09:43:53.170 [http-apr-8080-exec-4] INFO  com.ray.weixin.qy.service.message.reply.ReplyMessageService - Event:LOCATION  eventKey:null
2017-11-09 09:43:58.225 [http-apr-8080-exec-3] INFO  com.ray.weixin.qy.controller.WeiXinServlet - post--------------
2017-11-09 09:43:58.226 [http-apr-8080-exec-3] INFO  com.ray.weixin.qy.service.message.reply.ReplyMessageService - parms:{"msg_signature":["e1a9591f5be1c90c878353fd76b40bcb06a3de84"],"timestamp":["1510191837"],"nonce":["1134897992"]}
2017-11-09 09:43:58.227 [http-apr-8080-exec-3] INFO  com.ray.weixin.qy.service.message.reply.ReplyMessageService - postData:<xml><ToUserName><![CDATA[ww92f5da92bb24696e]]></ToUserName><Encrypt><![CDATA[4ifNw6M+H59xCZRTooFEtG9GMoKe6DYCIc/l6BEi7xXaCg0zKlsZxo9uCQUhMTfEWyEP4gmZUP4xLVEcUHtKf2Lvp+QJAOPQUvQ9iOeNsFkwc0ylS1Lv3Q9JYq1/fZRWqBprF20tCshqvp1aAT40qIjD7d917XUlrUox0wfH4rUe1wCLbYjQg4N511IG09h6H8FMfYaHH7dG1PoCXTptD/IUN3QY2YKbYpMpcC20XOr45Id8zDi8s7Sq70SPnGGhAMKlnoiFLWsWRZt3XnebvMEB15Uh7ikcBkWGM9Yzm/XG+1DGEJdFsgRjSi4WUHUxMqrE0CI1R0yl7fV24b0eAIQcv+042SxGCBOa7mxwg1RInIjblaGOzJj1cknCYR6AmqooEQ9CIbwBEiN8/5eRFvci8fFzHSKU87Ur4RxrSe/JTEOM8b+gxQUZ+n6x5aX1A4//0JkANInRm0ssU0Ppw1eDjorC1rHaAVlQpJ4On6JEAeEnn0Lt/DQ3BEiiS3wv]]></Encrypt><AgentID><![CDATA[1000002]]></AgentID></xml>
2017-11-09 09:43:58.236 [http-apr-8080-exec-3] INFO  com.ray.weixin.qy.service.message.reply.ReplyMessageService - reply_xmlMsg:<xml><ToUserName><![CDATA[ww92f5da92bb24696e]]></ToUserName><FromUserName><![CDATA[ShiRui]]></FromUserName><CreateTime>1510191837</CreateTime><MsgType><![CDATA[event]]></MsgType><AgentID>1000002</AgentID><Event><![CDATA[LOCATION]]></Event><Latitude>31.1676</Latitude><Longitude>121.156</Longitude><Precision>15</Precision></xml>
2017-11-09 09:43:58.242 [http-apr-8080-exec-3] INFO  com.ray.weixin.qy.service.message.reply.ReplyMessageService - fromUserName:ShiRui
2017-11-09 09:43:58.243 [http-apr-8080-exec-3] INFO  com.ray.weixin.qy.service.message.reply.ReplyMessageService - toUserName:ww92f5da92bb24696e
2017-11-09 09:43:58.244 [http-apr-8080-exec-3] INFO  com.ray.weixin.qy.service.message.reply.ReplyMessageService - msgType:event
2017-11-09 09:43:58.245 [http-apr-8080-exec-3] INFO  com.ray.weixin.qy.service.message.reply.ReplyMessageService - Event:LOCATION  eventKey:null
