2017-11-09 12:15:05.389 [http-apr-8080-exec-5] INFO  com.ray.weixin.qy.util.AuthHelper - jsonObject:{"errcode":0,"access_token":"HAXViOQY3DGAvBiBKjCsINmIRRUBT5qPdfoC4Z8571X1BUGBGeUR24SM9BJttafP4lMxb8DMjyyKPX0WO1az3mXgERblmFYc8l8o5qRwLhqXSTaQf4H5kiX5_IUQ5aEhzMVrHdHo71xR9DphzuJ-zUFPYWFBoF2UZ1VQVCmVzidT3HCqCocrpbksyJw4Kp2n9j-O6V7UVhewcXu4SXgRIg","errmsg":"ok","expires_in":7200}
2017-11-09 12:15:05.748 [http-apr-8080-exec-5] INFO  com.ray.weixin.qy.util.AuthHelper - jsonObject:{"errcode":0,"ticket":"kgt8ON7yVITDhtdwci0qebCLEfC_BfeygIq8cFPLbdbdgXAuwqW0TQb7lRnbFXxfHzevQQFSYr2oYlyC7L5k6Q","errmsg":"ok","expires_in":7200}
2017-11-09 12:15:05.749 [http-apr-8080-exec-5] INFO  com.ray.weixin.qy.util.AuthHelper - url:http://rayner.nat300.top/weixin_qy/showInvoice.jsp
2017-11-09 12:15:05.751 [http-apr-8080-exec-5] INFO  com.ray.weixin.qy.util.AuthHelper - accessToken:HAXViOQY3DGAvBiBKjCsINmIRRUBT5qPdfoC4Z8571X1BUGBGeUR24SM9BJttafP4lMxb8DMjyyKPX0WO1az3mXgERblmFYc8l8o5qRwLhqXSTaQf4H5kiX5_IUQ5aEhzMVrHdHo71xR9DphzuJ-zUFPYWFBoF2UZ1VQVCmVzidT3HCqCocrpbksyJw4Kp2n9j-O6V7UVhewcXu4SXgRIg
2017-11-09 12:15:05.751 [http-apr-8080-exec-5] INFO  com.ray.weixin.qy.util.AuthHelper - jsapi_ticket:kgt8ON7yVITDhtdwci0qebCLEfC_BfeygIq8cFPLbdbdgXAuwqW0TQb7lRnbFXxfHzevQQFSYr2oYlyC7L5k6Q
2017-11-09 12:15:05.751 [http-apr-8080-exec-5] INFO  com.ray.weixin.qy.util.AuthHelper - appId:ww92f5da92bb24696e
2017-11-09 12:15:05.751 [http-apr-8080-exec-5] INFO  com.ray.weixin.qy.util.AuthHelper - timestamp:1510200904
2017-11-09 12:15:05.751 [http-apr-8080-exec-5] INFO  com.ray.weixin.qy.util.AuthHelper - nonceStr:68acc34c-16e8-4237-a55f-19d632bd349a
2017-11-09 12:15:05.751 [http-apr-8080-exec-5] INFO  com.ray.weixin.qy.util.AuthHelper - signature:f2173c44dce8eb0c54f69df83aa3cc88d9d044c4
2017-11-09 12:15:05.751 [http-apr-8080-exec-5] INFO  com.ray.weixin.qy.util.AuthHelper - configValue:{"signature":"f2173c44dce8eb0c54f69df83aa3cc88d9d044c4","appId":"ww92f5da92bb24696e","nonceStr":"68acc34c-16e8-4237-a55f-19d632bd349a","timestamp":"1510200904"}
2017-11-09 12:15:05.986 [http-apr-8080-exec-5] INFO  com.ray.weixin.qy.util.AuthHelper - jsonObject:{"errcode":0,"access_token":"HAXViOQY3DGAvBiBKjCsINmIRRUBT5qPdfoC4Z8571X1BUGBGeUR24SM9BJttafP4lMxb8DMjyyKPX0WO1az3mXgERblmFYc8l8o5qRwLhqXSTaQf4H5kiX5_IUQ5aEhzMVrHdHo71xR9DphzuJ-zUFPYWFBoF2UZ1VQVCmVzidT3HCqCocrpbksyJw4Kp2n9j-O6V7UVhewcXu4SXgRIg","errmsg":"ok","expires_in":7200}
2017-11-09 12:15:06.201 [http-apr-8080-exec-5] INFO  com.ray.weixin.qy.util.AuthHelper - jsonObject:{"errcode":0,"ticket":"IpK_1T69hDhZkLQTlwsAXwPIgjZ1z6yuhHmi_IRriCjAaETgX6hy8VSpS699Pn9oOWN_ZH-0gEG9SMnro7cJRg","group_id":"","errmsg":"ok","expires_in":7200}
2017-11-09 12:15:06.201 [http-apr-8080-exec-5] INFO  com.ray.weixin.qy.util.AuthHelper - apiTicket:IpK_1T69hDhZkLQTlwsAXwPIgjZ1z6yuhHmi_IRriCjAaETgX6hy8VSpS699Pn9oOWN_ZH-0gEG9SMnro7cJRg
2017-11-09 12:15:06.201 [http-apr-8080-exec-5] INFO  com.ray.weixin.qy.util.AuthHelper - appId:ww92f5da92bb24696e
2017-11-09 12:15:06.201 [http-apr-8080-exec-5] INFO  com.ray.weixin.qy.util.AuthHelper - timeStamp:1510200906
2017-11-09 12:15:06.201 [http-apr-8080-exec-5] INFO  com.ray.weixin.qy.util.AuthHelper - nonceStr:99a5defd-f8b3-4818-96a2-349a2b3b7ed9
2017-11-09 12:15:06.201 [http-apr-8080-exec-5] INFO  com.ray.weixin.qy.util.AuthHelper - cardType:INVOICE
2017-11-09 12:15:06.201 [http-apr-8080-exec-5] INFO  com.ray.weixin.qy.util.AuthHelper - cardSign:aa8cf72f368e09d721731ade504cfe448f190f22
2017-11-09 12:15:06.202 [http-apr-8080-exec-5] INFO  com.ray.weixin.qy.util.AuthHelper - signType:SHA1
2017-11-09 12:15:06.202 [http-apr-8080-exec-5] INFO  com.ray.weixin.qy.util.AuthHelper - configValue:{"signType":"SHA1","cardSign":"aa8cf72f368e09d721731ade504cfe448f190f22","nonceStr":"99a5defd-f8b3-4818-96a2-349a2b3b7ed9","timestamp":"1510200906"}
2017-11-09 12:15:46.320 [http-apr-8080-exec-7] INFO  com.ray.weixin.qy.util.AuthHelper - jsonObject:{"errcode":0,"access_token":"HAXViOQY3DGAvBiBKjCsINmIRRUBT5qPdfoC4Z8571X1BUGBGeUR24SM9BJttafP4lMxb8DMjyyKPX0WO1az3mXgERblmFYc8l8o5qRwLhqXSTaQf4H5kiX5_IUQ5aEhzMVrHdHo71xR9DphzuJ-zUFPYWFBoF2UZ1VQVCmVzidT3HCqCocrpbksyJw4Kp2n9j-O6V7UVhewcXu4SXgRIg","errmsg":"ok","expires_in":7200}
2017-11-09 12:15:46.721 [http-apr-8080-exec-7] INFO  com.ray.weixin.qy.util.AuthHelper - jsonObject:{"errcode":0,"ticket":"kgt8ON7yVITDhtdwci0qebCLEfC_BfeygIq8cFPLbdbdgXAuwqW0TQb7lRnbFXxfHzevQQFSYr2oYlyC7L5k6Q","errmsg":"ok","expires_in":7200}
2017-11-09 12:15:46.722 [http-apr-8080-exec-7] INFO  com.ray.weixin.qy.util.AuthHelper - url:http://rayner.nat300.top/weixin_qy/showInvoice.jsp
2017-11-09 12:15:46.722 [http-apr-8080-exec-7] INFO  com.ray.weixin.qy.util.AuthHelper - accessToken:HAXViOQY3DGAvBiBKjCsINmIRRUBT5qPdfoC4Z8571X1BUGBGeUR24SM9BJttafP4lMxb8DMjyyKPX0WO1az3mXgERblmFYc8l8o5qRwLhqXSTaQf4H5kiX5_IUQ5aEhzMVrHdHo71xR9DphzuJ-zUFPYWFBoF2UZ1VQVCmVzidT3HCqCocrpbksyJw4Kp2n9j-O6V7UVhewcXu4SXgRIg
2017-11-09 12:15:46.722 [http-apr-8080-exec-7] INFO  com.ray.weixin.qy.util.AuthHelper - jsapi_ticket:kgt8ON7yVITDhtdwci0qebCLEfC_BfeygIq8cFPLbdbdgXAuwqW0TQb7lRnbFXxfHzevQQFSYr2oYlyC7L5k6Q
2017-11-09 12:15:46.722 [http-apr-8080-exec-7] INFO  com.ray.weixin.qy.util.AuthHelper - appId:ww92f5da92bb24696e
2017-11-09 12:15:46.722 [http-apr-8080-exec-7] INFO  com.ray.weixin.qy.util.AuthHelper - timestamp:1510200946
2017-11-09 12:15:46.722 [http-apr-8080-exec-7] INFO  com.ray.weixin.qy.util.AuthHelper - nonceStr:6560f207-ee04-477a-99f8-9fb1079cd815
2017-11-09 12:15:46.723 [http-apr-8080-exec-7] INFO  com.ray.weixin.qy.util.AuthHelper - signature:2e4084c2fc15b6c28845e5fb996c34542d02451e
2017-11-09 12:15:46.723 [http-apr-8080-exec-7] INFO  com.ray.weixin.qy.util.AuthHelper - configValue:{"signature":"2e4084c2fc15b6c28845e5fb996c34542d02451e","appId":"ww92f5da92bb24696e","nonceStr":"6560f207-ee04-477a-99f8-9fb1079cd815","timestamp":"1510200946"}
2017-11-09 12:15:46.974 [http-apr-8080-exec-7] INFO  com.ray.weixin.qy.util.AuthHelper - jsonObject:{"errcode":0,"access_token":"HAXViOQY3DGAvBiBKjCsINmIRRUBT5qPdfoC4Z8571X1BUGBGeUR24SM9BJttafP4lMxb8DMjyyKPX0WO1az3mXgERblmFYc8l8o5qRwLhqXSTaQf4H5kiX5_IUQ5aEhzMVrHdHo71xR9DphzuJ-zUFPYWFBoF2UZ1VQVCmVzidT3HCqCocrpbksyJw4Kp2n9j-O6V7UVhewcXu4SXgRIg","errmsg":"ok","expires_in":7200}
2017-11-09 12:15:47.162 [http-apr-8080-exec-7] INFO  com.ray.weixin.qy.util.AuthHelper - jsonObject:{"errcode":0,"ticket":"IpK_1T69hDhZkLQTlwsAXwPIgjZ1z6yuhHmi_IRriCjAaETgX6hy8VSpS699Pn9oOWN_ZH-0gEG9SMnro7cJRg","group_id":"","errmsg":"ok","expires_in":7200}
2017-11-09 12:15:47.162 [http-apr-8080-exec-7] INFO  com.ray.weixin.qy.util.AuthHelper - apiTicket:IpK_1T69hDhZkLQTlwsAXwPIgjZ1z6yuhHmi_IRriCjAaETgX6hy8VSpS699Pn9oOWN_ZH-0gEG9SMnro7cJRg
2017-11-09 12:15:47.162 [http-apr-8080-exec-7] INFO  com.ray.weixin.qy.util.AuthHelper - appId:ww92f5da92bb24696e
2017-11-09 12:15:47.162 [http-apr-8080-exec-7] INFO  com.ray.weixin.qy.util.AuthHelper - timeStamp:1510200947
2017-11-09 12:15:47.162 [http-apr-8080-exec-7] INFO  com.ray.weixin.qy.util.AuthHelper - nonceStr:1054ba61-8564-4b1f-9196-1d685aebf236
2017-11-09 12:15:47.162 [http-apr-8080-exec-7] INFO  com.ray.weixin.qy.util.AuthHelper - cardType:INVOICE
2017-11-09 12:15:47.162 [http-apr-8080-exec-7] INFO  com.ray.weixin.qy.util.AuthHelper - cardSign:3dc83acfc7989bde6d5d25d546294508373ce033
2017-11-09 12:15:47.163 [http-apr-8080-exec-7] INFO  com.ray.weixin.qy.util.AuthHelper - signType:SHA1
2017-11-09 12:15:47.163 [http-apr-8080-exec-7] INFO  com.ray.weixin.qy.util.AuthHelper - configValue:{"signType":"SHA1","cardSign":"3dc83acfc7989bde6d5d25d546294508373ce033","nonceStr":"1054ba61-8564-4b1f-9196-1d685aebf236","timestamp":"1510200947"}
2017-11-09 12:16:11.256 [http-apr-8080-exec-1] INFO  com.ray.weixin.gz.util.AuthHelper - jsonObject:{"access_token":"qNGr5PYleIWw-a0khtPeh1ZBeTjnrALlChKtRtnk7VbZJPIm4FlotXt7E4d78UdHNqnoxvPCTeZsniztzVgRck81tIP6eoINrlc8wYsh2LYPZGjADAJTA","expires_in":7200}
2017-11-09 12:16:11.369 [http-apr-8080-exec-1] INFO  com.ray.weixin.gz.util.AuthHelper - jsonObject:{"errcode":0,"ticket":"kgt8ON7yVITDhtdwci0qed-m2nUygHpV3DXUL-ToMkjxl_sTF48UwZcOKT1mCm4LKHnSeFGZ9weVksra7zveHg","errmsg":"ok","expires_in":7200}
2017-11-09 12:16:11.369 [http-apr-8080-exec-1] INFO  com.ray.weixin.gz.util.AuthHelper - accessToken:qNGr5PYleIWw-a0khtPeh1ZBeTjnrALlChKtRtnk7VbZJPIm4FlotXt7E4d78UdHNqnoxvPCTeZsniztzVgRck81tIP6eoINrlc8wYsh2LYPZGjADAJTA
2017-11-09 12:16:11.369 [http-apr-8080-exec-1] INFO  com.ray.weixin.gz.util.AuthHelper - ticket:kgt8ON7yVITDhtdwci0qed-m2nUygHpV3DXUL-ToMkjxl_sTF48UwZcOKT1mCm4LKHnSeFGZ9weVksra7zveHg
2017-11-09 12:16:11.369 [http-apr-8080-exec-1] INFO  com.ray.weixin.gz.util.AuthHelper - nonceStr:b87347d1-1f09-4f0c-8da4-6cdd11772c90
2017-11-09 12:16:11.370 [http-apr-8080-exec-1] INFO  com.ray.weixin.gz.util.AuthHelper - timeStamp:1510200970
2017-11-09 12:16:11.370 [http-apr-8080-exec-1] INFO  com.ray.weixin.gz.util.AuthHelper - signedUrl:http://rayner.nat300.top/weixin_gz/showInvoice.jsp
2017-11-09 12:16:11.370 [http-apr-8080-exec-1] INFO  com.ray.weixin.gz.util.AuthHelper - signature:16197ae5f759121c68a1240256b2cb8f39f52499
2017-11-09 12:16:11.370 [http-apr-8080-exec-1] INFO  com.ray.weixin.gz.util.AuthHelper - appId:wxa0064ea657f80062
2017-11-09 12:16:11.370 [http-apr-8080-exec-1] INFO  com.ray.weixin.gz.util.AuthHelper - configValue:{signature:'16197ae5f759121c68a1240256b2cb8f39f52499',nonceStr:'b87347d1-1f09-4f0c-8da4-6cdd11772c90',timeStamp:'1510200970',appId:'wxa0064ea657f80062'}
2017-11-09 12:16:11.433 [http-apr-8080-exec-1] INFO  com.ray.weixin.gz.util.AuthHelper - jsonObject:{"access_token":"qNGr5PYleIWw-a0khtPeh1ZBeTjnrALlChKtRtnk7VYi4ywnT50CkFv-uLbVT9HGxUBHjWfTN4loO5QxS4dPbgNxDYcDO6yw6xA8COZXt3kOHPjADAUNV","expires_in":7199}
2017-11-09 12:16:11.564 [http-apr-8080-exec-1] INFO  com.ray.weixin.gz.service.invoice.InvoiceService - jsonObject:{"errcode":0,"ticket":"IpK_1T69hDhZkLQTlwsAX5ZwNp_4txyINLb67lXqTZL8M0BAPh15E0nwV1KAKEOGdHAus49YkALMI-9THjcp2Q","errmsg":"ok","expires_in":7200}
2017-11-09 12:16:11.564 [http-apr-8080-exec-1] INFO  com.ray.weixin.gz.util.AuthHelper - apiTicket:IpK_1T69hDhZkLQTlwsAX5ZwNp_4txyINLb67lXqTZL8M0BAPh15E0nwV1KAKEOGdHAus49YkALMI-9THjcp2Q
2017-11-09 12:16:11.564 [http-apr-8080-exec-1] INFO  com.ray.weixin.gz.util.AuthHelper - appId:wxa0064ea657f80062
2017-11-09 12:16:11.564 [http-apr-8080-exec-1] INFO  com.ray.weixin.gz.util.AuthHelper - timeStamp:1510200971
2017-11-09 12:16:11.565 [http-apr-8080-exec-1] INFO  com.ray.weixin.gz.util.AuthHelper - nonceStr:e4345608-9025-4a0f-8f51-9f4a664ab457
2017-11-09 12:16:11.565 [http-apr-8080-exec-1] INFO  com.ray.weixin.gz.util.AuthHelper - cardType:INVOICE
2017-11-09 12:16:11.565 [http-apr-8080-exec-1] INFO  com.ray.weixin.gz.util.AuthHelper - cardSign:ae796a1745d25bf81b059f28c45be9c1572c8571
2017-11-09 12:16:11.565 [http-apr-8080-exec-1] INFO  com.ray.weixin.gz.util.AuthHelper - signType:SHA1
2017-11-09 12:16:11.565 [http-apr-8080-exec-1] INFO  com.ray.weixin.gz.util.AuthHelper - configValue:{"signType":"SHA1","cardSign":"ae796a1745d25bf81b059f28c45be9c1572c8571","nonceStr":"e4345608-9025-4a0f-8f51-9f4a664ab457","timestamp":"1510200971"}
