2017-11-09 09:51:10.563 [http-apr-8080-exec-1] INFO  com.ray.weixin.qy.controller.WeiXinServlet - post--------------
2017-11-09 09:51:10.565 [http-apr-8080-exec-1] INFO  com.ray.weixin.qy.service.message.reply.ReplyMessageService - parms:{"msg_signature":["7241fdab527e5841518006f1439e7648cc3f913d"],"timestamp":["1510192270"],"nonce":["513401412"]}
2017-11-09 09:51:10.565 [http-apr-8080-exec-1] INFO  com.ray.weixin.qy.service.message.reply.ReplyMessageService - postData:<xml><ToUserName><![CDATA[ww92f5da92bb24696e]]></ToUserName><Encrypt><![CDATA[HVXMGhr0v9ir5WRX3avue42AZ390yZqtaYoHjsWNCXnxvw5oLsiAdITpoHDHpexVbwLjBJekUir/mJEpBItN2dj6MPNNeysSRoe5rDz6Ea0cZk8nFMhM60LGE+29UjTlq+CkIMmDmn/T1nAwZL4bLPokyxFhAxJdFyd8gxf94mSzesJggicOvcr5Vd4av7r0MW2biaChE/4jtIpQaISUxvLHQn7e49NF/qkifMS14OtTkT0IkTa00AhEpQHqBu5rT3biUyeVVy+PUJpEQtyAGg8pYgtpQxw+TaBDdODYa9icA1T+Bx7osUiICNKmEPjGbMl5XbQf38erM7lZfETy+PCGTV+hnMl33F2SRrlREU9xiW8LJTMOLrykRKZ47G9TIchUNquZmo8S1Z0CeNjwrHLAU0T4PeN1icoKuUBPDFwpd1eRH1r/3Kjp2QWSb65H1lzGsC8+VwWeO3LVnFATAhWddcaWtfN76SHOfJLv6i9Ow0HUGkNDBWlfDcn0rwbG]]></Encrypt><AgentID><![CDATA[1000002]]></AgentID></xml>
2017-11-09 09:51:10.568 [http-apr-8080-exec-1] INFO  com.ray.weixin.qy.service.message.reply.ReplyMessageService - reply_xmlMsg:<xml><ToUserName><![CDATA[ww92f5da92bb24696e]]></ToUserName><FromUserName><![CDATA[ShiRui]]></FromUserName><CreateTime>1510192269</CreateTime><MsgType><![CDATA[event]]></MsgType><AgentID>1000002</AgentID><Event><![CDATA[LOCATION]]></Event><Latitude>31.1676</Latitude><Longitude>121.156</Longitude><Precision>15</Precision></xml>
2017-11-09 09:51:10.569 [http-apr-8080-exec-1] INFO  com.ray.weixin.qy.service.message.reply.ReplyMessageService - fromUserName:ShiRui
2017-11-09 09:51:10.569 [http-apr-8080-exec-1] INFO  com.ray.weixin.qy.service.message.reply.ReplyMessageService - toUserName:ww92f5da92bb24696e
2017-11-09 09:51:10.569 [http-apr-8080-exec-1] INFO  com.ray.weixin.qy.service.message.reply.ReplyMessageService - msgType:event
2017-11-09 09:51:10.569 [http-apr-8080-exec-1] INFO  com.ray.weixin.qy.service.message.reply.ReplyMessageService - Event:LOCATION  eventKey:null
2017-11-09 09:51:23.691 [http-apr-8080-exec-2] INFO  com.ray.weixin.qy.controller.WeiXinServlet - post--------------
2017-11-09 09:51:23.692 [http-apr-8080-exec-2] INFO  com.ray.weixin.qy.service.message.reply.ReplyMessageService - parms:{"msg_signature":["20a38e5237397de559080f385d829e2bba28f57c"],"timestamp":["1510192283"],"nonce":["1995378534"]}
2017-11-09 09:51:23.692 [http-apr-8080-exec-2] INFO  com.ray.weixin.qy.service.message.reply.ReplyMessageService - postData:<xml><ToUserName><![CDATA[ww92f5da92bb24696e]]></ToUserName><Encrypt><![CDATA[JSSNAwS95znaATB3Nv2QPpMRsK+w0VvCV3D4MdaAR14Xd1fMTvtR/fIDMEK1kUr5NPEpMhLi2HnWseXyWlT2BvXhQNQGKtLTH6aYcS+wAhEkinCUbbdokPVxLnthZ4z++9cn60LyPXwSYN5S5skBDnb7op6TEi/t3sjHSfIyfs9b4KLIj7npGB5GHh86xJMspPC96PDb8rRergonXIHbT6O9MhA1GQkqdXec4opsQ32QJCfRAkWa1DWBmci0ScpIZw9S3E/3iqKmDHn79bVDeK1/gEij7PXa9/pmSPnv+lQ3aU21PfMSIyAP6JGCOqdD5BiRwHqNn4tRosCYAp2P0rOLPvNBCxkaYODLWS1fmY9U+ysxZg6lbSU5SGwjJRpuXd+Bg9L6uFAXEaFI8cW1+UNdikplMN+0LByDJKkJVjt8f58b12s51VR8A46WJ9iUQN0f822vOlRh4/58Or3nQO7JRh3NWvQcHGE8RLmR+d3ZSkYQV9J0sgmSvGQnuSSJ]]></Encrypt><AgentID><![CDATA[1000002]]></AgentID></xml>
2017-11-09 09:51:23.695 [http-apr-8080-exec-2] INFO  com.ray.weixin.qy.service.message.reply.ReplyMessageService - reply_xmlMsg:<xml><ToUserName><![CDATA[ww92f5da92bb24696e]]></ToUserName><FromUserName><![CDATA[ShiRui]]></FromUserName><CreateTime>1510192283</CreateTime><MsgType><![CDATA[event]]></MsgType><AgentID>1000002</AgentID><Event><![CDATA[LOCATION]]></Event><Latitude>31.1676</Latitude><Longitude>121.156</Longitude><Precision>15</Precision></xml>
2017-11-09 09:51:23.697 [http-apr-8080-exec-2] INFO  com.ray.weixin.qy.service.message.reply.ReplyMessageService - fromUserName:ShiRui
2017-11-09 09:51:23.697 [http-apr-8080-exec-2] INFO  com.ray.weixin.qy.service.message.reply.ReplyMessageService - toUserName:ww92f5da92bb24696e
2017-11-09 09:51:23.697 [http-apr-8080-exec-2] INFO  com.ray.weixin.qy.service.message.reply.ReplyMessageService - msgType:event
2017-11-09 09:51:23.697 [http-apr-8080-exec-2] INFO  com.ray.weixin.qy.service.message.reply.ReplyMessageService - Event:LOCATION  eventKey:null
2017-11-09 09:51:28.730 [http-apr-8080-exec-5] INFO  com.ray.weixin.qy.controller.WeiXinServlet - post--------------
2017-11-09 09:51:28.731 [http-apr-8080-exec-5] INFO  com.ray.weixin.qy.service.message.reply.ReplyMessageService - parms:{"msg_signature":["39525845f84f1dac531830b825845fbf8c30897b"],"timestamp":["1510192288"],"nonce":["1558694396"]}
2017-11-09 09:51:28.731 [http-apr-8080-exec-5] INFO  com.ray.weixin.qy.service.message.reply.ReplyMessageService - postData:<xml><ToUserName><![CDATA[ww92f5da92bb24696e]]></ToUserName><Encrypt><![CDATA[ZJgk1EKNOmfXrsMp7EThT86rvZD4Povibqe3R6DBZVFHc4sAYQtkFy30ww/C3mFPkDHXf8oP114qyWIt8txzIj4Q6Bz9j43cx71bhJKSyXrBQOiKCISrRwIWstHPDiixkLjiiKYzMrr4VoFhdT+iwK6N2CTsKfs/2OwTHytfbZ3WOIEbRQ3ijcmc4BYmzYsAJov4G19pjcATFV4fsBSG1eyM7XEaWLVZ/J9FOxtmvkbyH6+pDToSS0hA3v33+iTKQ3jZ6f8SuytLOkUKkeJwYed52Q82uCxbbiwBJe96ymrSgjOQOKM9QAzuCITllDU8WMo9+dO8anUfNrghsYF2gHGN6VZ5V9pQvk/jItCWInoGC6aJcRTsKqkKPn4k8Uf9rvTABpjBr0zu2+qBzNI1q31SB4KtCf6tB7IMFd2oUUPYcWBYstYw6RQvvUHtbbpN8pBQ6GiDe7Y4ILxsKv4w2cdphTibcz85mHFdf9fgxaTCM0uh0nnyZ1WTKU/FMyVV]]></Encrypt><AgentID><![CDATA[1000002]]></AgentID></xml>
2017-11-09 09:51:28.733 [http-apr-8080-exec-5] INFO  com.ray.weixin.qy.service.message.reply.ReplyMessageService - reply_xmlMsg:<xml><ToUserName><![CDATA[ww92f5da92bb24696e]]></ToUserName><FromUserName><![CDATA[ShiRui]]></FromUserName><CreateTime>1510192288</CreateTime><MsgType><![CDATA[event]]></MsgType><AgentID>1000002</AgentID><Event><![CDATA[LOCATION]]></Event><Latitude>31.1676</Latitude><Longitude>121.156</Longitude><Precision>15</Precision></xml>
2017-11-09 09:51:28.734 [http-apr-8080-exec-5] INFO  com.ray.weixin.qy.service.message.reply.ReplyMessageService - fromUserName:ShiRui
2017-11-09 09:51:28.735 [http-apr-8080-exec-5] INFO  com.ray.weixin.qy.service.message.reply.ReplyMessageService - toUserName:ww92f5da92bb24696e
2017-11-09 09:51:28.735 [http-apr-8080-exec-5] INFO  com.ray.weixin.qy.service.message.reply.ReplyMessageService - msgType:event
2017-11-09 09:51:28.735 [http-apr-8080-exec-5] INFO  com.ray.weixin.qy.service.message.reply.ReplyMessageService - Event:LOCATION  eventKey:null
2017-11-09 09:51:36.353 [http-apr-8080-exec-8] INFO  com.ray.weixin.qy.util.AuthHelper - jsonObject:{"errcode":0,"access_token":"RVUMhaz-QcALWPrIef8VlQayDM5w55oYDw5FrLAax9W4TOLAOXTnChxYEP2-74uxxPT2C9i1I9wewB97GuODOPyN3p7to4_wYWQ3cAQMv-owZeVpxS-gopdSUPHtRFsxqx5m0RnpBhh0BI0DFiUS85FISGwMzmvNvPe6ZvlKrM54gETQx1ZRdVGQSMHVYFzqZBb9C7q_gw-eZZ9u8Kqw4A","errmsg":"ok","expires_in":7200}
2017-11-09 09:51:36.777 [http-apr-8080-exec-8] INFO  com.ray.weixin.qy.util.AuthHelper - jsonObject:{"errcode":0,"ticket":"kgt8ON7yVITDhtdwci0qebCLEfC_BfeygIq8cFPLbdbVIB76UKmHNQSOygZvd-Z1ed9TEYoCChiRyMVxpC9-UQ","errmsg":"ok","expires_in":7200}
2017-11-09 09:51:36.778 [http-apr-8080-exec-8] INFO  com.ray.weixin.qy.util.AuthHelper - url:http://rayner.nat300.top/weixin_qy/showInvoice.jsp
2017-11-09 09:51:36.778 [http-apr-8080-exec-8] INFO  com.ray.weixin.qy.util.AuthHelper - accessToken:RVUMhaz-QcALWPrIef8VlQayDM5w55oYDw5FrLAax9W4TOLAOXTnChxYEP2-74uxxPT2C9i1I9wewB97GuODOPyN3p7to4_wYWQ3cAQMv-owZeVpxS-gopdSUPHtRFsxqx5m0RnpBhh0BI0DFiUS85FISGwMzmvNvPe6ZvlKrM54gETQx1ZRdVGQSMHVYFzqZBb9C7q_gw-eZZ9u8Kqw4A
2017-11-09 09:51:36.779 [http-apr-8080-exec-8] INFO  com.ray.weixin.qy.util.AuthHelper - jsapi_ticket:kgt8ON7yVITDhtdwci0qebCLEfC_BfeygIq8cFPLbdbVIB76UKmHNQSOygZvd-Z1ed9TEYoCChiRyMVxpC9-UQ
2017-11-09 09:51:36.779 [http-apr-8080-exec-8] INFO  com.ray.weixin.qy.util.AuthHelper - appId:ww92f5da92bb24696e
2017-11-09 09:51:36.779 [http-apr-8080-exec-8] INFO  com.ray.weixin.qy.util.AuthHelper - timestamp:1510192296
2017-11-09 09:51:36.779 [http-apr-8080-exec-8] INFO  com.ray.weixin.qy.util.AuthHelper - nonceStr:dd069856-1bd9-45ca-949c-fdf9beabaa28
2017-11-09 09:51:36.779 [http-apr-8080-exec-8] INFO  com.ray.weixin.qy.util.AuthHelper - signature:7c6d1b2851ee4dfed713cabd1481788970e3d874
2017-11-09 09:51:36.780 [http-apr-8080-exec-8] INFO  com.ray.weixin.qy.util.AuthHelper - configValue:{"signature":"7c6d1b2851ee4dfed713cabd1481788970e3d874","appId":"ww92f5da92bb24696e","nonceStr":"dd069856-1bd9-45ca-949c-fdf9beabaa28","timestamp":"1510192296"}
2017-11-09 09:51:39.754 [http-apr-8080-exec-5] INFO  com.ray.weixin.qy.controller.WeiXinServlet - post--------------
2017-11-09 09:51:39.755 [http-apr-8080-exec-5] INFO  com.ray.weixin.qy.service.message.reply.ReplyMessageService - parms:{"msg_signature":["4819c3f06af0adf7da6f27df9a05e4eb7d7d36b4"],"timestamp":["1510192299"],"nonce":["94696466"]}
2017-11-09 09:51:39.755 [http-apr-8080-exec-5] INFO  com.ray.weixin.qy.service.message.reply.ReplyMessageService - postData:<xml><ToUserName><![CDATA[ww92f5da92bb24696e]]></ToUserName><Encrypt><![CDATA[1yY/yBHrj6E3/OdYV5u5GarFer5LMuvnJ7Lr+jqYIGh3uZ6l6Qa/ovbkyWMuocRpZzkXa9j2A+Vgsat/iGuSdqcgjGRYvGcenvmPPhjR5uK7H87xTNIuJ8lQe8TeaZNJAB0P8z7oNUbRmstoi0ZEvEvKlqTMLWECpxY7plo00BcI1T5X2npSCRy24J3qvCueovwawMCdHoxHk+FTyF+lfs0SSOzY0FClxL2SwaeHeRdTIZhzJzTOnaJEMfmwap+428NaRkbY8PUOLSmGPZiu3LS3EWseG1kuQNNIpNvpHSkAkmKsAvPEeYnw7CVPGvHGo3BF+GV4T/j4rEt9vAXgz4nVOx+Devxnn0oWjmGn42jNmHPahqnz9SYn3qFr0v5cskq1u5Y727WvOo/NiaCxi28ygWi6MX8yuiC73BjD9tmsUFa2olVb+23e+ooIs5U6gHB4Rs/FWNg7mmib0h0rcQP5oLg7j9nWXtl9tlRHM79SS9cab0DURuh68aS+Nn+r]]></Encrypt><AgentID><![CDATA[1000002]]></AgentID></xml>
2017-11-09 09:51:39.758 [http-apr-8080-exec-5] INFO  com.ray.weixin.qy.service.message.reply.ReplyMessageService - reply_xmlMsg:<xml><ToUserName><![CDATA[ww92f5da92bb24696e]]></ToUserName><FromUserName><![CDATA[ShiRui]]></FromUserName><CreateTime>1510192299</CreateTime><MsgType><![CDATA[event]]></MsgType><AgentID>1000002</AgentID><Event><![CDATA[LOCATION]]></Event><Latitude>31.1676</Latitude><Longitude>121.156</Longitude><Precision>15</Precision></xml>
2017-11-09 09:51:39.760 [http-apr-8080-exec-5] INFO  com.ray.weixin.qy.service.message.reply.ReplyMessageService - fromUserName:ShiRui
2017-11-09 09:51:39.760 [http-apr-8080-exec-5] INFO  com.ray.weixin.qy.service.message.reply.ReplyMessageService - toUserName:ww92f5da92bb24696e
2017-11-09 09:51:39.761 [http-apr-8080-exec-5] INFO  com.ray.weixin.qy.service.message.reply.ReplyMessageService - msgType:event
2017-11-09 09:51:39.761 [http-apr-8080-exec-5] INFO  com.ray.weixin.qy.service.message.reply.ReplyMessageService - Event:LOCATION  eventKey:null
2017-11-09 09:51:55.144 [http-apr-8080-exec-6] INFO  com.ray.weixin.qy.controller.WeiXinServlet - post--------------
2017-11-09 09:51:55.144 [http-apr-8080-exec-6] INFO  com.ray.weixin.qy.service.message.reply.ReplyMessageService - parms:{"msg_signature":["1a234981fd1a3a8a960ed7787b49420e4dd82c00"],"timestamp":["1510192314"],"nonce":["174618280"]}
2017-11-09 09:51:55.144 [http-apr-8080-exec-6] INFO  com.ray.weixin.qy.service.message.reply.ReplyMessageService - postData:<xml><ToUserName><![CDATA[ww92f5da92bb24696e]]></ToUserName><Encrypt><![CDATA[kXO8WBdzB5Z9+k0zz8SMCbkMOMgLcnbuSNYY50nuZjPVlbRHB5SqzCaRieXVtATUBYTzHInMr6yyIHig8xvASOquQ2ieGa1D9R9pSDpjxNDt2cEQ5wiivi7U99HQtiAd2zALNFFMQreAhqz6C4KHGuoSzmOKGdWr8O7WY0ibCy2iQ42yeX6Icr8HlRVmwjDOgbpVrgjWunFLdbu0ZP6hNv2m3iOc5qcYJe7yZlLYJAY9SIkUd5sS6xhcqafoI8wguMogNuNgoiQsRG6o1YL6KoutxkmTARvcGEnzG96Gz6FLOL7uU/q0qi51hF/Qcf3z5Sc0XdwiD2UH8qyYQSWokS2HYio62+BA8Z7f3oumiRU2Fi7L6xn/yqADtlgVIphmbRz2t82rVjoMdQMjFdyM6+wmYSMJP5P0EO/9TAtbQtf04PuAjY94hJTiaaS/rvED+IZ9p7lNpgoVrFhlUevtVUz34aL9nvJSfNJc5374PFgAfli0XBAR4UsG4HDSLgXI]]></Encrypt><AgentID><![CDATA[1000002]]></AgentID></xml>
2017-11-09 09:51:55.145 [http-apr-8080-exec-6] INFO  com.ray.weixin.qy.service.message.reply.ReplyMessageService - reply_xmlMsg:<xml><ToUserName><![CDATA[ww92f5da92bb24696e]]></ToUserName><FromUserName><![CDATA[ShiRui]]></FromUserName><CreateTime>1510192314</CreateTime><MsgType><![CDATA[event]]></MsgType><AgentID>1000002</AgentID><Event><![CDATA[LOCATION]]></Event><Latitude>31.1676</Latitude><Longitude>121.156</Longitude><Precision>15</Precision></xml>
2017-11-09 09:51:55.146 [http-apr-8080-exec-6] INFO  com.ray.weixin.qy.service.message.reply.ReplyMessageService - fromUserName:ShiRui
2017-11-09 09:51:55.146 [http-apr-8080-exec-6] INFO  com.ray.weixin.qy.service.message.reply.ReplyMessageService - toUserName:ww92f5da92bb24696e
2017-11-09 09:51:55.146 [http-apr-8080-exec-6] INFO  com.ray.weixin.qy.service.message.reply.ReplyMessageService - msgType:event
2017-11-09 09:51:55.146 [http-apr-8080-exec-6] INFO  com.ray.weixin.qy.service.message.reply.ReplyMessageService - Event:LOCATION  eventKey:null
2017-11-09 09:51:58.380 [http-apr-8080-exec-8] INFO  com.ray.weixin.qy.controller.WeiXinServlet - post--------------
2017-11-09 09:51:58.380 [http-apr-8080-exec-8] INFO  com.ray.weixin.qy.service.message.reply.ReplyMessageService - parms:{"msg_signature":["9dcda4161ddc8c6838361fbbdc39a4bc11967fb7"],"timestamp":["1510192317"],"nonce":["1399875811"]}
2017-11-09 09:51:58.380 [http-apr-8080-exec-8] INFO  com.ray.weixin.qy.service.message.reply.ReplyMessageService - postData:<xml><ToUserName><![CDATA[ww92f5da92bb24696e]]></ToUserName><Encrypt><![CDATA[HclKHZEsdsmsAXGEH3MxC1tWai3/GZi7C3OSOOK+FX0slicQwwbFnTeR/i2ZctKqd8wd6FhByA0QL63i+KcpbJdAmQ3yGfFx/Kso4ZSo3dHBgIeA2GFASQcWbZQWDJ9D+Z+lMqVTsFbx1/7INuUifKQ6wA2W7N6zd8OOCF82kBMzqimZOvJjHHnnB7bgImErsiVoPLmrVmsI7Xi/yOhaNP6wefIB08R5fQd9Aipm+IRnZb3m7G+rXC2QxVIJUTZxj7iB0/lROHs8KXruaWy6R8Xlo66vwGNZu6G2an8/gck7ZHVcmQ5GxvDl34SJdiRP5i2r5b8HS1tyngzMYHe9VJKqE6m0xTtsXL5AJuzvl09E3BegQlwCTqGjbq2/sLEYYHBVLF7NOiAkOUnojmNyJsSehyqR3+KwpZ9+oNIVvqJ6eAX52Lq2ZBYgPR3A4jSnN6Se6PFNuFFZtbX+FfBFIkoSrnnRFXm8L+ojmLGv5ZxGbVeOf9YqgZ5CXBZAf3m/]]></Encrypt><AgentID><![CDATA[1000002]]></AgentID></xml>
2017-11-09 09:51:58.381 [http-apr-8080-exec-8] INFO  com.ray.weixin.qy.service.message.reply.ReplyMessageService - reply_xmlMsg:<xml><ToUserName><![CDATA[ww92f5da92bb24696e]]></ToUserName><FromUserName><![CDATA[ShiRui]]></FromUserName><CreateTime>1510192317</CreateTime><MsgType><![CDATA[event]]></MsgType><AgentID>1000002</AgentID><Event><![CDATA[LOCATION]]></Event><Latitude>31.1676</Latitude><Longitude>121.156</Longitude><Precision>15</Precision></xml>
2017-11-09 09:51:58.382 [http-apr-8080-exec-8] INFO  com.ray.weixin.qy.service.message.reply.ReplyMessageService - fromUserName:ShiRui
2017-11-09 09:51:58.383 [http-apr-8080-exec-8] INFO  com.ray.weixin.qy.service.message.reply.ReplyMessageService - toUserName:ww92f5da92bb24696e
2017-11-09 09:51:58.383 [http-apr-8080-exec-8] INFO  com.ray.weixin.qy.service.message.reply.ReplyMessageService - msgType:event
2017-11-09 09:51:58.383 [http-apr-8080-exec-8] INFO  com.ray.weixin.qy.service.message.reply.ReplyMessageService - Event:LOCATION  eventKey:null
