2017-11-06 14:40:15.606 [http-apr-8080-exec-6] INFO  com.ray.weixin.gz.controller.WeiXinServlet - post--------------
2017-11-06 14:40:15.609 [http-apr-8080-exec-6] INFO  com.ray.weixin.gz.service.message.ReplyMessageService - parms:{"signature":["08214c90f3bd5aba23f920ba484c6bb643632b41"],"timestamp":["1509950413"],"nonce":["1826006857"],"openid":["oDLefxDvQajibXhSWIWHrkiO1n2o"]}
2017-11-06 14:40:15.609 [http-apr-8080-exec-6] INFO  com.ray.weixin.gz.service.message.ReplyMessageService - postData:<xml><ToUserName><![CDATA[gh_8c1dd328db4e]]></ToUserName><FromUserName><![CDATA[oDLefxDvQajibXhSWIWHrkiO1n2o]]></FromUserName><CreateTime>1509950413</CreateTime><MsgType><![CDATA[event]]></MsgType><Event><![CDATA[unsubscribe]]></Event><EventKey><![CDATA[]]></EventKey></xml>
2017-11-06 14:40:15.610 [http-apr-8080-exec-6] INFO  com.ray.weixin.gz.service.message.ReplyMessageService - 明文模式
2017-11-06 14:40:15.610 [http-apr-8080-exec-6] INFO  com.ray.weixin.gz.service.message.ReplyMessageService - <xml><ToUserName><![CDATA[gh_8c1dd328db4e]]></ToUserName><FromUserName><![CDATA[oDLefxDvQajibXhSWIWHrkiO1n2o]]></FromUserName><CreateTime>1509950413</CreateTime><MsgType><![CDATA[event]]></MsgType><Event><![CDATA[unsubscribe]]></Event><EventKey><![CDATA[]]></EventKey></xml>
2017-11-06 14:40:15.616 [http-apr-8080-exec-6] INFO  com.ray.weixin.gz.service.message.ReplyMessageService - fromUserName:oDLefxDvQajibXhSWIWHrkiO1n2o
2017-11-06 14:40:15.616 [http-apr-8080-exec-6] INFO  com.ray.weixin.gz.service.message.ReplyMessageService - toUserName:gh_8c1dd328db4e
2017-11-06 14:40:15.617 [http-apr-8080-exec-6] INFO  com.ray.weixin.gz.service.message.ReplyMessageService - msgType:event
2017-11-06 14:40:15.617 [http-apr-8080-exec-6] INFO  com.ray.weixin.gz.service.message.ReplyMessageService - Event:unsubscribe  eventKey:
2017-11-06 14:40:27.011 [http-apr-8080-exec-7] INFO  com.ray.weixin.gz.controller.WeiXinServlet - post--------------
2017-11-06 14:40:27.013 [http-apr-8080-exec-7] INFO  com.ray.weixin.gz.service.message.ReplyMessageService - parms:{"signature":["60c52e0c01df01976b23984ec2c7605b4cc81dc9"],"timestamp":["1509950425"],"nonce":["1152591029"],"openid":["oDLefxDvQajibXhSWIWHrkiO1n2o"]}
2017-11-06 14:40:27.014 [http-apr-8080-exec-7] INFO  com.ray.weixin.gz.service.message.ReplyMessageService - postData:<xml><ToUserName><![CDATA[gh_8c1dd328db4e]]></ToUserName><FromUserName><![CDATA[oDLefxDvQajibXhSWIWHrkiO1n2o]]></FromUserName><CreateTime>1509950425</CreateTime><MsgType><![CDATA[event]]></MsgType><Event><![CDATA[subscribe]]></Event><EventKey><![CDATA[]]></EventKey></xml>
2017-11-06 14:40:27.015 [http-apr-8080-exec-7] INFO  com.ray.weixin.gz.service.message.ReplyMessageService - 明文模式
2017-11-06 14:40:27.015 [http-apr-8080-exec-7] INFO  com.ray.weixin.gz.service.message.ReplyMessageService - <xml><ToUserName><![CDATA[gh_8c1dd328db4e]]></ToUserName><FromUserName><![CDATA[oDLefxDvQajibXhSWIWHrkiO1n2o]]></FromUserName><CreateTime>1509950425</CreateTime><MsgType><![CDATA[event]]></MsgType><Event><![CDATA[subscribe]]></Event><EventKey><![CDATA[]]></EventKey></xml>
2017-11-06 14:40:27.025 [http-apr-8080-exec-7] INFO  com.ray.weixin.gz.service.message.ReplyMessageService - fromUserName:oDLefxDvQajibXhSWIWHrkiO1n2o
2017-11-06 14:40:27.025 [http-apr-8080-exec-7] INFO  com.ray.weixin.gz.service.message.ReplyMessageService - toUserName:gh_8c1dd328db4e
2017-11-06 14:40:27.026 [http-apr-8080-exec-7] INFO  com.ray.weixin.gz.service.message.ReplyMessageService - msgType:event
2017-11-06 14:40:27.026 [http-apr-8080-exec-7] INFO  com.ray.weixin.gz.service.message.ReplyMessageService - Event:subscribe  eventKey:
2017-11-06 14:40:30.794 [http-apr-8080-exec-10] INFO  com.ray.weixin.gz.controller.WeiXinServlet - post--------------
2017-11-06 14:40:30.795 [http-apr-8080-exec-10] INFO  com.ray.weixin.gz.service.message.ReplyMessageService - parms:{"signature":["64a370ebb746cec5103119b65489f57008413f75"],"timestamp":["1509950429"],"nonce":["1574774076"],"openid":["oDLefxDvQajibXhSWIWHrkiO1n2o"]}
2017-11-06 14:40:30.796 [http-apr-8080-exec-10] INFO  com.ray.weixin.gz.service.message.ReplyMessageService - postData:<xml><ToUserName><![CDATA[gh_8c1dd328db4e]]></ToUserName><FromUserName><![CDATA[oDLefxDvQajibXhSWIWHrkiO1n2o]]></FromUserName><CreateTime>1509950429</CreateTime><MsgType><![CDATA[event]]></MsgType><Event><![CDATA[VIEW]]></Event><EventKey><![CDATA[http://birc9v.natappfree.cc/weixin_gz/index.jsp]]></EventKey><MenuId>591655590</MenuId></xml>
2017-11-06 14:40:30.796 [http-apr-8080-exec-10] INFO  com.ray.weixin.gz.service.message.ReplyMessageService - 明文模式
2017-11-06 14:40:30.797 [http-apr-8080-exec-10] INFO  com.ray.weixin.gz.service.message.ReplyMessageService - <xml><ToUserName><![CDATA[gh_8c1dd328db4e]]></ToUserName><FromUserName><![CDATA[oDLefxDvQajibXhSWIWHrkiO1n2o]]></FromUserName><CreateTime>1509950429</CreateTime><MsgType><![CDATA[event]]></MsgType><Event><![CDATA[VIEW]]></Event><EventKey><![CDATA[http://birc9v.natappfree.cc/weixin_gz/index.jsp]]></EventKey><MenuId>591655590</MenuId></xml>
2017-11-06 14:40:30.799 [http-apr-8080-exec-10] INFO  com.ray.weixin.gz.service.message.ReplyMessageService - fromUserName:oDLefxDvQajibXhSWIWHrkiO1n2o
2017-11-06 14:40:30.799 [http-apr-8080-exec-10] INFO  com.ray.weixin.gz.service.message.ReplyMessageService - toUserName:gh_8c1dd328db4e
2017-11-06 14:40:30.799 [http-apr-8080-exec-10] INFO  com.ray.weixin.gz.service.message.ReplyMessageService - msgType:event
2017-11-06 14:40:30.800 [http-apr-8080-exec-10] INFO  com.ray.weixin.gz.service.message.ReplyMessageService - Event:VIEW  eventKey:http://birc9v.natappfree.cc/weixin_gz/index.jsp
