2017-11-08 19:42:17.498 [http-apr-8080-exec-72] INFO  com.ray.weixin.qy.controller.WeiXinServlet - post--------------
2017-11-08 19:42:17.503 [http-apr-8080-exec-72] INFO  com.ray.weixin.qy.service.message.reply.ReplyMessageService - parms:{"msg_signature":["ee0aaec6d4d8d06820b43db6255e9005fa69eece"],"timestamp":["1510141337"],"nonce":["1410798261"]}
2017-11-08 19:42:17.503 [http-apr-8080-exec-72] INFO  com.ray.weixin.qy.service.message.reply.ReplyMessageService - postData:<xml><ToUserName><![CDATA[ww92f5da92bb24696e]]></ToUserName><Encrypt><![CDATA[fuRxOmPuxWU4aPSvs8/jO6NaPkvDUTjM0CvzEy0jXobKoEjzZxA6lTLMcW62bDHWs/VrRN2zrLUeH+YH8BQRn9W5P+7FtKGiyqK4k+eVIfGDuYl5dYVcu6hDRmHsA1XdVl+XT5sQjQN+m6xRJLUpjIX4SqzMLZrQj5kRzK6oDmhKRumQEmHLqVjWB5DmPzhSDVPdJQHD08so9f3D433HoPif48hSQzvUkBXLGOjHxGosuuMWzEVG8WRKHSBc84lF9W/VW7Y4vBRsXBEvKWshJzZEY0I7rD1aTaICzUQl5IruQeIfZP1MxBGmFIOOfkFPmVoTZSILThshVJt8305AHYF9ff2MdoCh5+RB3Uadn0/hqdWET33elQXmK7AMIpxAl0LbWgU48XPcwcrqu9Ub+uCrHw8ysVF4bEd24vJu1518tp4gKvQJLyAkKzoyN65ucbN8TXAHy9cHeQlVKyoo+fWpOqXruYx+COb/U3su+gMsOaQpScwgplnpyGSfqfWf]]></Encrypt><AgentID><![CDATA[1000002]]></AgentID></xml>
2017-11-08 19:42:17.505 [http-apr-8080-exec-72] INFO  com.ray.weixin.qy.service.message.reply.ReplyMessageService - reply_xmlMsg:<xml><ToUserName><![CDATA[ww92f5da92bb24696e]]></ToUserName><FromUserName><![CDATA[ShiRui]]></FromUserName><CreateTime>1510141337</CreateTime><MsgType><![CDATA[event]]></MsgType><AgentID>1000002</AgentID><Event><![CDATA[LOCATION]]></Event><Latitude>31.1676</Latitude><Longitude>121.156</Longitude><Precision>15</Precision></xml>
2017-11-08 19:42:17.506 [http-apr-8080-exec-72] INFO  com.ray.weixin.qy.service.message.reply.ReplyMessageService - fromUserName:ShiRui
2017-11-08 19:42:17.506 [http-apr-8080-exec-72] INFO  com.ray.weixin.qy.service.message.reply.ReplyMessageService - toUserName:ww92f5da92bb24696e
2017-11-08 19:42:17.506 [http-apr-8080-exec-72] INFO  com.ray.weixin.qy.service.message.reply.ReplyMessageService - msgType:event
2017-11-08 19:42:17.506 [http-apr-8080-exec-72] INFO  com.ray.weixin.qy.service.message.reply.ReplyMessageService - Event:LOCATION  eventKey:null
2017-11-08 19:42:37.034 [http-apr-8080-exec-74] INFO  com.ray.weixin.qy.controller.WeiXinServlet - post--------------
2017-11-08 19:42:37.034 [http-apr-8080-exec-74] INFO  com.ray.weixin.qy.service.message.reply.ReplyMessageService - parms:{"msg_signature":["6a9a3953b0c78077ffa43290a1056132c3eced2a"],"timestamp":["1510141356"],"nonce":["1049678010"]}
2017-11-08 19:42:37.035 [http-apr-8080-exec-74] INFO  com.ray.weixin.qy.service.message.reply.ReplyMessageService - postData:<xml><ToUserName><![CDATA[ww92f5da92bb24696e]]></ToUserName><Encrypt><![CDATA[RSEXJ6I8C57QaQ5siETJsGtPt1PbHnO17z3AjLxbJSYmFOiHfeYwYZCzXBYx/FPUceSLSA0t8OfvR4m/gVLNAAHndMErtHhRZ2WWflUM4WWjF28m1s/VgoNs5YlR3spL0W5WHK9HAa8IeTdspM8OkTq77TiPfzQCnD8om1j2cJwAqTg2lG5GOso/5AaEOlDB5GGEI4p/8O+Ac8XUp7O05XUbAfo95Tj5dKnamLF0hRk0De5DAJtlvkbAq1shE4ut+2MZorxBdFHB29021sZQCCJzfxo8c+a0o47Uep+PjOCs32y/q6mK0YodSFL4MI3rtu2QzgftCL5ouLqELO6A4VQJj/1ukD4JMKlSUx/Noaw2VtlrmgXM0xTygnhUv2Rh26p5Ps2ieQ3sijOpkMZklDNLixGH32bwtnek5cSUxdOny/AY0yMeZNoCyQc7SMYiuik7E/wB73aFvQtG9J1hf41v0iAdXShCr9HbvysJk1Q7qOcAIR0ttkwdWctiU0uz]]></Encrypt><AgentID><![CDATA[1000002]]></AgentID></xml>
2017-11-08 19:42:37.042 [http-apr-8080-exec-74] INFO  com.ray.weixin.qy.service.message.reply.ReplyMessageService - reply_xmlMsg:<xml><ToUserName><![CDATA[ww92f5da92bb24696e]]></ToUserName><FromUserName><![CDATA[ShiRui]]></FromUserName><CreateTime>1510141356</CreateTime><MsgType><![CDATA[event]]></MsgType><AgentID>1000002</AgentID><Event><![CDATA[LOCATION]]></Event><Latitude>31.1676</Latitude><Longitude>121.156</Longitude><Precision>15</Precision></xml>
2017-11-08 19:42:37.049 [http-apr-8080-exec-74] INFO  com.ray.weixin.qy.service.message.reply.ReplyMessageService - fromUserName:ShiRui
2017-11-08 19:42:37.050 [http-apr-8080-exec-74] INFO  com.ray.weixin.qy.service.message.reply.ReplyMessageService - toUserName:ww92f5da92bb24696e
2017-11-08 19:42:37.050 [http-apr-8080-exec-74] INFO  com.ray.weixin.qy.service.message.reply.ReplyMessageService - msgType:event
2017-11-08 19:42:37.050 [http-apr-8080-exec-74] INFO  com.ray.weixin.qy.service.message.reply.ReplyMessageService - Event:LOCATION  eventKey:null
2017-11-08 19:42:45.891 [http-apr-8080-exec-76] INFO  com.ray.weixin.qy.controller.WeiXinServlet - post--------------
2017-11-08 19:42:45.892 [http-apr-8080-exec-76] INFO  com.ray.weixin.qy.service.message.reply.ReplyMessageService - parms:{"msg_signature":["aa6917ea69f105b6ef9e53fd09d1eba970b9f754"],"timestamp":["1510141365"],"nonce":["2116196770"]}
2017-11-08 19:42:45.892 [http-apr-8080-exec-76] INFO  com.ray.weixin.qy.service.message.reply.ReplyMessageService - postData:<xml><ToUserName><![CDATA[ww92f5da92bb24696e]]></ToUserName><Encrypt><![CDATA[yeJKqkdmVAtxzznmDJbieNOkBzs7kOsOYoDouhKRlEbBVBzNzIC1RuW86XlbexAmU9JtDMe38SH3UN4nekIpAL1OutQQXnflY8CquByErdbvFv/4Ea7Gp6eCbQVNceMaHUP6JOhTp3oRrQscx9X7HXI1Ha+heVrWgvqQE8XuBCQ5R+CqNW8Rbp+LsuJn7XHElHu2kLfbs0W9y3RF2QDfLLI0sDhuDyNQTuA7bIqt/gcnfAzMfPrc+YeKBwYIZMKZuqpfyBKgZb0gTItQ3sTikf2cm+7u9zhLkys3rMYYHiqULpPoVNYFKtGLBL0nsmXOz2OspoF02/PU5biR9Fne1CWHu+n9uRBh1JGrWgfZRWXcSo2tTj/ncfzl10Dy0x9kNRpptcEPp19810PD9y72EsZJnZ2M3Pi6+HjZRSvwqVEZHvYcNZOCrW6xzx+JJasvjG36o4wTVjRHWIPcjV7aTlzXIsBvgUj/e8biXe1Kz2KxxjTh4lw09ocU8Lo3Pg9S]]></Encrypt><AgentID><![CDATA[1000002]]></AgentID></xml>
2017-11-08 19:42:45.895 [http-apr-8080-exec-76] INFO  com.ray.weixin.qy.service.message.reply.ReplyMessageService - reply_xmlMsg:<xml><ToUserName><![CDATA[ww92f5da92bb24696e]]></ToUserName><FromUserName><![CDATA[ShiRui]]></FromUserName><CreateTime>1510141365</CreateTime><MsgType><![CDATA[event]]></MsgType><AgentID>1000002</AgentID><Event><![CDATA[LOCATION]]></Event><Latitude>31.1676</Latitude><Longitude>121.156</Longitude><Precision>15</Precision></xml>
2017-11-08 19:42:45.897 [http-apr-8080-exec-76] INFO  com.ray.weixin.qy.service.message.reply.ReplyMessageService - fromUserName:ShiRui
2017-11-08 19:42:45.897 [http-apr-8080-exec-76] INFO  com.ray.weixin.qy.service.message.reply.ReplyMessageService - toUserName:ww92f5da92bb24696e
2017-11-08 19:42:45.897 [http-apr-8080-exec-76] INFO  com.ray.weixin.qy.service.message.reply.ReplyMessageService - msgType:event
2017-11-08 19:42:45.897 [http-apr-8080-exec-76] INFO  com.ray.weixin.qy.service.message.reply.ReplyMessageService - Event:LOCATION  eventKey:null
2017-11-08 19:42:51.075 [http-apr-8080-exec-77] INFO  com.ray.weixin.qy.controller.WeiXinServlet - post--------------
2017-11-08 19:42:51.076 [http-apr-8080-exec-77] INFO  com.ray.weixin.qy.service.message.reply.ReplyMessageService - parms:{"msg_signature":["7d74a2bdade421c51ec392849285e7b15d4cb429"],"timestamp":["1510141370"],"nonce":["1915436505"]}
2017-11-08 19:42:51.077 [http-apr-8080-exec-77] INFO  com.ray.weixin.qy.service.message.reply.ReplyMessageService - postData:<xml><ToUserName><![CDATA[ww92f5da92bb24696e]]></ToUserName><Encrypt><![CDATA[8tQc4wes7LBuWq78GhadBDtkDKKTGv4K1X4jC6vXsdpTXH1h9JCV6wy4xzuO9xWr0ux5TxB2YFdX++fBiacQZQELT8rriDznmXXtiXbprFN/AmTC1D8oUKPSKbjM8dL2A48lmw+AIDTFPfeB2oIG+2xlqlPC2swhLk2kU84M9uU9U/FXEvBZhsQ2VsIWatIMVUzQPM1nY/8n/bgfxTDu1VRktcmRA50Zc/M5+D5VNG4Tl4cfRPZaKKlmeJCDNbfKKR6Oa6G8ZKkhkoLcdpgtKX83c6XSHF/fdZREPCsT0eYmZBvUZ+NAn6XjOI12+w9+fXatDPT6L4BZ+UOJu9KCgUuUYjN7jps8nJlzQgNmgepHcUpYEw7PMLWAquhKIbsawYHX/4/ICuci5ki7lvuwTPDEUBMjCq2ieCc5h/SI5r4tPL8xJDGTtKjdFs671y8lp4Q/JTp7BXL6/WFcDDZT0avvepie0MAaU8v3ADijXrPEkWuTrQOBaMLBvJmL2A5O]]></Encrypt><AgentID><![CDATA[1000002]]></AgentID></xml>
2017-11-08 19:42:51.080 [http-apr-8080-exec-77] INFO  com.ray.weixin.qy.service.message.reply.ReplyMessageService - reply_xmlMsg:<xml><ToUserName><![CDATA[ww92f5da92bb24696e]]></ToUserName><FromUserName><![CDATA[ShiRui]]></FromUserName><CreateTime>1510141370</CreateTime><MsgType><![CDATA[event]]></MsgType><AgentID>1000002</AgentID><Event><![CDATA[LOCATION]]></Event><Latitude>31.1676</Latitude><Longitude>121.156</Longitude><Precision>15</Precision></xml>
2017-11-08 19:42:51.082 [http-apr-8080-exec-77] INFO  com.ray.weixin.qy.service.message.reply.ReplyMessageService - fromUserName:ShiRui
2017-11-08 19:42:51.082 [http-apr-8080-exec-77] INFO  com.ray.weixin.qy.service.message.reply.ReplyMessageService - toUserName:ww92f5da92bb24696e
2017-11-08 19:42:51.082 [http-apr-8080-exec-77] INFO  com.ray.weixin.qy.service.message.reply.ReplyMessageService - msgType:event
2017-11-08 19:42:51.083 [http-apr-8080-exec-77] INFO  com.ray.weixin.qy.service.message.reply.ReplyMessageService - Event:LOCATION  eventKey:null
2017-11-08 19:42:56.035 [http-apr-8080-exec-70] INFO  com.ray.weixin.qy.controller.WeiXinServlet - post--------------
2017-11-08 19:42:56.035 [http-apr-8080-exec-70] INFO  com.ray.weixin.qy.service.message.reply.ReplyMessageService - parms:{"msg_signature":["60f0b4c44ac0331c67395dafa66dbdaf2520d7e7"],"timestamp":["1510141375"],"nonce":["188916894"]}
2017-11-08 19:42:56.036 [http-apr-8080-exec-70] INFO  com.ray.weixin.qy.service.message.reply.ReplyMessageService - postData:<xml><ToUserName><![CDATA[ww92f5da92bb24696e]]></ToUserName><Encrypt><![CDATA[vBBYu44ey0RWc2FBv8q26NVSCAd59fVlKDj9lowfQfPEeOZdT3wu3EWpZu/zpSi0zQACgoI8VymbcSapWVFRWE9aGc6p+v82uonOnZztdxgF4+fuNDZ+bOV78Yr+QZP/RL5dKzG3OKgCH7D42XBZ2wM9EFdEhNwWn5eIgKDu9hIbv1I96Lg1H3n57xizD9M5SquL0zBE+q9J9D7789VEIiHsQUTcW+cjUuicSsquuAPxl+dJkSgsujl60gHlalc3idlMbpQnFZZnicUKJtqruDA+LM2X6wtEIVhyBpzwiuLgRzL55wfOIMFvWYAOQL1+dn7HauaRVrff90wuYeUNpekMlI3nSAyFqDdK4OJYy31TdInMpdNYRB2oa+S4emo9WeWvthmRWDBmvrVK2o9QmskW6zn6VKSJMYG5q+E4To8oTmc3pw0EtuIRmJhCK/QqwLQzpPZquVu+RVpT8ECYpHnBDrLXBpafHoKNKhGP3aMmYq0+VuW9BRf8SXC1GzI1]]></Encrypt><AgentID><![CDATA[1000002]]></AgentID></xml>
2017-11-08 19:42:56.040 [http-apr-8080-exec-70] INFO  com.ray.weixin.qy.service.message.reply.ReplyMessageService - reply_xmlMsg:<xml><ToUserName><![CDATA[ww92f5da92bb24696e]]></ToUserName><FromUserName><![CDATA[ShiRui]]></FromUserName><CreateTime>1510141375</CreateTime><MsgType><![CDATA[event]]></MsgType><AgentID>1000002</AgentID><Event><![CDATA[LOCATION]]></Event><Latitude>31.1676</Latitude><Longitude>121.156</Longitude><Precision>15</Precision></xml>
2017-11-08 19:42:56.043 [http-apr-8080-exec-70] INFO  com.ray.weixin.qy.service.message.reply.ReplyMessageService - fromUserName:ShiRui
2017-11-08 19:42:56.043 [http-apr-8080-exec-70] INFO  com.ray.weixin.qy.service.message.reply.ReplyMessageService - toUserName:ww92f5da92bb24696e
2017-11-08 19:42:56.043 [http-apr-8080-exec-70] INFO  com.ray.weixin.qy.service.message.reply.ReplyMessageService - msgType:event
2017-11-08 19:42:56.043 [http-apr-8080-exec-70] INFO  com.ray.weixin.qy.service.message.reply.ReplyMessageService - Event:LOCATION  eventKey:null
