2017-11-09 11:11:04.319 [http-apr-8080-exec-4] INFO  com.ray.weixin.qy.controller.WeiXinServlet - post--------------
2017-11-09 11:11:04.326 [http-apr-8080-exec-4] INFO  com.ray.weixin.qy.service.message.reply.ReplyMessageService - parms:{"msg_signature":["92853d16d9533010978ce88fdcc94e5453026c64"],"timestamp":["1510197063"],"nonce":["177501549"]}
2017-11-09 11:11:04.327 [http-apr-8080-exec-4] INFO  com.ray.weixin.qy.service.message.reply.ReplyMessageService - postData:<xml><ToUserName><![CDATA[ww92f5da92bb24696e]]></ToUserName><Encrypt><![CDATA[ggYUWmTdDWi6WZjAzU01TZmP6W+h6X2QmnIHxxpYO2UMY4kAe+6BGlXt0lYnqZ5zOZtVJW5OiDfkP1JIR/P0+4FB31qHX1UcCnst1Y0f2/1Foa0rb1AHWxbb9C77N3VyE4vDAh6KZx2skpsiwyFwnKNsEQe5GXv+uFJfIZNxbVEC4GESESMsKo3+uTblYwGGO3wKNo/iV+uwkOmUVy17qIeCG5BrpfdSvM/6URrXd3+rOngiGOyZmG6O6h1GKTv8/hszsMW4SA5Wm0EXcsgwn28M1KyZsFHcizLGMYo7XVmjYs67rOeOWoFRUJ+pFNVVoYLsE1+QIjybIZpU199ZovXJHx9j0rPNYdyHYKwdr8ek7MsTrlFDtYBCNL6h/zdhySLjVbMx1gweDlq640QBYWdwSbcIxhWsIOxl/sJDFkljIwyVdOOry02Yy7B4H+sFePi3jgRJVgJUIPKO4vK2GRV3xOMOsE83AjqTQ7yliqXe4G73bAY7qkN7GEdXSenO]]></Encrypt><AgentID><![CDATA[1000002]]></AgentID></xml>
2017-11-09 11:11:04.337 [http-apr-8080-exec-4] INFO  com.ray.weixin.qy.service.message.reply.ReplyMessageService - reply_xmlMsg:<xml><ToUserName><![CDATA[ww92f5da92bb24696e]]></ToUserName><FromUserName><![CDATA[ShiRui]]></FromUserName><CreateTime>1510197063</CreateTime><MsgType><![CDATA[event]]></MsgType><AgentID>1000002</AgentID><Event><![CDATA[LOCATION]]></Event><Latitude>31.1695</Latitude><Longitude>121.152</Longitude><Precision>0</Precision></xml>
2017-11-09 11:11:04.339 [http-apr-8080-exec-4] INFO  com.ray.weixin.qy.service.message.reply.ReplyMessageService - fromUserName:ShiRui
2017-11-09 11:11:04.339 [http-apr-8080-exec-4] INFO  com.ray.weixin.qy.service.message.reply.ReplyMessageService - toUserName:ww92f5da92bb24696e
2017-11-09 11:11:04.339 [http-apr-8080-exec-4] INFO  com.ray.weixin.qy.service.message.reply.ReplyMessageService - msgType:event
2017-11-09 11:11:04.339 [http-apr-8080-exec-4] INFO  com.ray.weixin.qy.service.message.reply.ReplyMessageService - Event:LOCATION  eventKey:null
2017-11-09 11:11:05.633 [http-apr-8080-exec-8] INFO  com.ray.weixin.qy.controller.WeiXinServlet - post--------------
2017-11-09 11:11:05.634 [http-apr-8080-exec-8] INFO  com.ray.weixin.qy.service.message.reply.ReplyMessageService - parms:{"msg_signature":["2016b8625574f5890480668b81ffe9ed56c9de9a"],"timestamp":["1510197065"],"nonce":["11568949"]}
2017-11-09 11:11:05.634 [http-apr-8080-exec-8] INFO  com.ray.weixin.qy.service.message.reply.ReplyMessageService - postData:<xml><ToUserName><![CDATA[ww92f5da92bb24696e]]></ToUserName><Encrypt><![CDATA[pzZ2CwHuizTyBJfcN3glYsIiYO7pMM7S7vsA/HJWmYScAW/yaqP8bhrzLjnedjmz13Jay+0dpiGDTL/temyNP+mauvtkLw99EU5np/PIz4+ltvgwWB2nHQ301CSqa6xFpvmRhDVjMGMbVlLZ1ojmgCr9rqq4mEzM+bSksS37nOJZ6uTYQDnMzDiioMOR5qks+RSdnAzYmOIOlnDjIRaXups5Q+P038X77TwxLH9N9PsU8EM8STvjgqGH3ztP7Vd/g78VRfFlHPgGbcG8RThoU/IG51FzkhhBQXMm+GbMyV/hUrKUF7lx2/A0z6XZWKEIRpQ89QXaynRMqreCnRfDaotWg35DTSbGmE230wur/pGvOnrxKDETEZ4yLNOnv+jufQx+MFPKQJloWsRDES+syobqlqYMTB6gE1sgJnWAdztdniILvuLi70xyfm0aD8WCwR2t6a7GhNp0bftF+ROAlJuOhybPoTuazJZAsCNW9KFsZ2fzHT/T2/RV9HdpwSBA]]></Encrypt><AgentID><![CDATA[1000002]]></AgentID></xml>
2017-11-09 11:11:05.637 [http-apr-8080-exec-8] INFO  com.ray.weixin.qy.service.message.reply.ReplyMessageService - reply_xmlMsg:<xml><ToUserName><![CDATA[ww92f5da92bb24696e]]></ToUserName><FromUserName><![CDATA[ShiRui]]></FromUserName><CreateTime>1510197065</CreateTime><MsgType><![CDATA[event]]></MsgType><AgentID>1000002</AgentID><Event><![CDATA[view]]></Event><EventKey><![CDATA[http://rayner.nat300.top/weixin_qy/showInvoice.jsp]]></EventKey></xml>
2017-11-09 11:11:05.639 [http-apr-8080-exec-8] INFO  com.ray.weixin.qy.service.message.reply.ReplyMessageService - fromUserName:ShiRui
2017-11-09 11:11:05.639 [http-apr-8080-exec-8] INFO  com.ray.weixin.qy.service.message.reply.ReplyMessageService - toUserName:ww92f5da92bb24696e
2017-11-09 11:11:05.639 [http-apr-8080-exec-8] INFO  com.ray.weixin.qy.service.message.reply.ReplyMessageService - msgType:event
2017-11-09 11:11:05.639 [http-apr-8080-exec-8] INFO  com.ray.weixin.qy.service.message.reply.ReplyMessageService - Event:view  eventKey:http://rayner.nat300.top/weixin_qy/showInvoice.jsp
2017-11-09 11:11:06.000 [http-apr-8080-exec-7] INFO  com.ray.weixin.qy.util.AuthHelper - jsonObject:{"errcode":0,"access_token":"RVUMhaz-QcALWPrIef8VlQayDM5w55oYDw5FrLAax9W4TOLAOXTnChxYEP2-74uxxPT2C9i1I9wewB97GuODOPyN3p7to4_wYWQ3cAQMv-owZeVpxS-gopdSUPHtRFsxqx5m0RnpBhh0BI0DFiUS85FISGwMzmvNvPe6ZvlKrM54gETQx1ZRdVGQSMHVYFzqZBb9C7q_gw-eZZ9u8Kqw4A","errmsg":"ok","expires_in":7200}
2017-11-09 11:11:06.342 [http-apr-8080-exec-7] INFO  com.ray.weixin.qy.util.AuthHelper - jsonObject:{"errcode":0,"ticket":"kgt8ON7yVITDhtdwci0qebCLEfC_BfeygIq8cFPLbdav_wS6aHw3IOuPFhwb5b37fHfTFdS6e23Vb_dbDCjTOg","errmsg":"ok","expires_in":7200}
2017-11-09 11:11:06.343 [http-apr-8080-exec-7] INFO  com.ray.weixin.qy.util.AuthHelper - url:http://rayner.nat300.top/weixin_qy/showInvoice.jsp
2017-11-09 11:11:06.343 [http-apr-8080-exec-7] INFO  com.ray.weixin.qy.util.AuthHelper - accessToken:RVUMhaz-QcALWPrIef8VlQayDM5w55oYDw5FrLAax9W4TOLAOXTnChxYEP2-74uxxPT2C9i1I9wewB97GuODOPyN3p7to4_wYWQ3cAQMv-owZeVpxS-gopdSUPHtRFsxqx5m0RnpBhh0BI0DFiUS85FISGwMzmvNvPe6ZvlKrM54gETQx1ZRdVGQSMHVYFzqZBb9C7q_gw-eZZ9u8Kqw4A
2017-11-09 11:11:06.343 [http-apr-8080-exec-7] INFO  com.ray.weixin.qy.util.AuthHelper - jsapi_ticket:kgt8ON7yVITDhtdwci0qebCLEfC_BfeygIq8cFPLbdav_wS6aHw3IOuPFhwb5b37fHfTFdS6e23Vb_dbDCjTOg
2017-11-09 11:11:06.343 [http-apr-8080-exec-7] INFO  com.ray.weixin.qy.util.AuthHelper - appId:ww92f5da92bb24696e
2017-11-09 11:11:06.343 [http-apr-8080-exec-7] INFO  com.ray.weixin.qy.util.AuthHelper - timestamp:1510197065
2017-11-09 11:11:06.343 [http-apr-8080-exec-7] INFO  com.ray.weixin.qy.util.AuthHelper - nonceStr:8218b502-3485-4bb0-9abf-9c82ac4c82f1
2017-11-09 11:11:06.343 [http-apr-8080-exec-7] INFO  com.ray.weixin.qy.util.AuthHelper - signature:749a43c33ca609499dd1b67231f3ec15d62c29db
2017-11-09 11:11:06.343 [http-apr-8080-exec-7] INFO  com.ray.weixin.qy.util.AuthHelper - configValue:{"signature":"749a43c33ca609499dd1b67231f3ec15d62c29db","appId":"ww92f5da92bb24696e","nonceStr":"8218b502-3485-4bb0-9abf-9c82ac4c82f1","timestamp":"1510197065"}
2017-11-09 11:11:11.031 [http-apr-8080-exec-1] INFO  com.ray.weixin.qy.util.AuthHelper - jsonObject:{"errcode":0,"access_token":"RVUMhaz-QcALWPrIef8VlQayDM5w55oYDw5FrLAax9W4TOLAOXTnChxYEP2-74uxxPT2C9i1I9wewB97GuODOPyN3p7to4_wYWQ3cAQMv-owZeVpxS-gopdSUPHtRFsxqx5m0RnpBhh0BI0DFiUS85FISGwMzmvNvPe6ZvlKrM54gETQx1ZRdVGQSMHVYFzqZBb9C7q_gw-eZZ9u8Kqw4A","errmsg":"ok","expires_in":7200}
2017-11-09 11:11:11.425 [http-apr-8080-exec-1] INFO  com.ray.weixin.qy.util.AuthHelper - jsonObject:{"errcode":0,"ticket":"kgt8ON7yVITDhtdwci0qebCLEfC_BfeygIq8cFPLbdav_wS6aHw3IOuPFhwb5b37fHfTFdS6e23Vb_dbDCjTOg","errmsg":"ok","expires_in":7200}
2017-11-09 11:11:11.425 [http-apr-8080-exec-1] INFO  com.ray.weixin.qy.util.AuthHelper - url:http://rayner.nat300.top/weixin_qy/showInvoice.jsp
2017-11-09 11:11:11.425 [http-apr-8080-exec-1] INFO  com.ray.weixin.qy.util.AuthHelper - accessToken:RVUMhaz-QcALWPrIef8VlQayDM5w55oYDw5FrLAax9W4TOLAOXTnChxYEP2-74uxxPT2C9i1I9wewB97GuODOPyN3p7to4_wYWQ3cAQMv-owZeVpxS-gopdSUPHtRFsxqx5m0RnpBhh0BI0DFiUS85FISGwMzmvNvPe6ZvlKrM54gETQx1ZRdVGQSMHVYFzqZBb9C7q_gw-eZZ9u8Kqw4A
2017-11-09 11:11:11.425 [http-apr-8080-exec-1] INFO  com.ray.weixin.qy.util.AuthHelper - jsapi_ticket:kgt8ON7yVITDhtdwci0qebCLEfC_BfeygIq8cFPLbdav_wS6aHw3IOuPFhwb5b37fHfTFdS6e23Vb_dbDCjTOg
2017-11-09 11:11:11.425 [http-apr-8080-exec-1] INFO  com.ray.weixin.qy.util.AuthHelper - appId:ww92f5da92bb24696e
2017-11-09 11:11:11.425 [http-apr-8080-exec-1] INFO  com.ray.weixin.qy.util.AuthHelper - timestamp:1510197070
2017-11-09 11:11:11.426 [http-apr-8080-exec-1] INFO  com.ray.weixin.qy.util.AuthHelper - nonceStr:2569ed6f-d0c6-4e90-ab03-dfbb82b4e60d
2017-11-09 11:11:11.426 [http-apr-8080-exec-1] INFO  com.ray.weixin.qy.util.AuthHelper - signature:40e957371ee30a5b8911939da94012e4cfac5bcc
2017-11-09 11:11:11.426 [http-apr-8080-exec-1] INFO  com.ray.weixin.qy.util.AuthHelper - configValue:{"signature":"40e957371ee30a5b8911939da94012e4cfac5bcc","appId":"ww92f5da92bb24696e","nonceStr":"2569ed6f-d0c6-4e90-ab03-dfbb82b4e60d","timestamp":"1510197070"}
