2017-11-09 11:07:00.642 [http-apr-8080-exec-6] INFO  com.ray.weixin.qy.controller.WeiXinServlet - post--------------
2017-11-09 11:07:00.645 [http-apr-8080-exec-6] INFO  com.ray.weixin.qy.service.message.reply.ReplyMessageService - parms:{"msg_signature":["2d0213f290bd7fa667a253591f5b53972ad6d129"],"timestamp":["1510196820"],"nonce":["1879720100"]}
2017-11-09 11:07:00.646 [http-apr-8080-exec-6] INFO  com.ray.weixin.qy.service.message.reply.ReplyMessageService - postData:<xml><ToUserName><![CDATA[ww92f5da92bb24696e]]></ToUserName><Encrypt><![CDATA[yO2q8YzOaBnFDDjQKHiYiBiWdOnoZ4FlwY1c+YLLZTPRhBlYgbWlfUAZXpkRGT35Q2ImJ0YgtbmFgK2kcNUVxhLq0XeO1fKKnZm7Xg81Z9g6kqsxKtdif9SV8UpIe8BrCiAeewSdxHa6KyyJV8C82H3W9E/tqzufvPZRAfyfyJ8vMyILQLoCNK4k0URyoVPY4ja6NsbCBwUkEy+0JBUjsZ4wSft9UzOvEcQDqMUw1ry9b5uRH+seVz++ulE1TFwIln1UkC5rvg/5KbkS7kvsJU2HzSfc54QjKoZqxGaPBtVrAwffJugm9+F4XN0SLv2FecZOvXytLf7n6EOBnhw+/OugAGFritZ2L6Pb+FzR4rPMxwMLu0bhREK1m3eduTsPQYGWgNPyoLJGHjizGwXPxtgpDcUMqjZhBLQwVnhnfw0rk/s2/y32Tk2JNE5wjfipBU7clqscorheDj99W6PrjSzWntt+uezBjkTT09fePmGayQrbTfuKNdMB4uUkeDcr]]></Encrypt><AgentID><![CDATA[1000002]]></AgentID></xml>
2017-11-09 11:07:00.656 [http-apr-8080-exec-6] INFO  com.ray.weixin.qy.service.message.reply.ReplyMessageService - reply_xmlMsg:<xml><ToUserName><![CDATA[ww92f5da92bb24696e]]></ToUserName><FromUserName><![CDATA[ShiRui]]></FromUserName><CreateTime>1510196819</CreateTime><MsgType><![CDATA[event]]></MsgType><AgentID>1000002</AgentID><Event><![CDATA[view]]></Event><EventKey><![CDATA[http://rayner.nat300.top/weixin_qy/showInvoice.jsp]]></EventKey></xml>
2017-11-09 11:07:00.657 [http-apr-8080-exec-6] INFO  com.ray.weixin.qy.service.message.reply.ReplyMessageService - fromUserName:ShiRui
2017-11-09 11:07:00.657 [http-apr-8080-exec-6] INFO  com.ray.weixin.qy.service.message.reply.ReplyMessageService - toUserName:ww92f5da92bb24696e
2017-11-09 11:07:00.657 [http-apr-8080-exec-6] INFO  com.ray.weixin.qy.service.message.reply.ReplyMessageService - msgType:event
2017-11-09 11:07:00.657 [http-apr-8080-exec-6] INFO  com.ray.weixin.qy.service.message.reply.ReplyMessageService - Event:view  eventKey:http://rayner.nat300.top/weixin_qy/showInvoice.jsp
2017-11-09 11:07:00.713 [http-apr-8080-exec-7] INFO  com.ray.weixin.qy.util.AuthHelper - jsonObject:{"errcode":0,"access_token":"RVUMhaz-QcALWPrIef8VlQayDM5w55oYDw5FrLAax9W4TOLAOXTnChxYEP2-74uxxPT2C9i1I9wewB97GuODOPyN3p7to4_wYWQ3cAQMv-owZeVpxS-gopdSUPHtRFsxqx5m0RnpBhh0BI0DFiUS85FISGwMzmvNvPe6ZvlKrM54gETQx1ZRdVGQSMHVYFzqZBb9C7q_gw-eZZ9u8Kqw4A","errmsg":"ok","expires_in":7200}
2017-11-09 11:07:01.086 [http-apr-8080-exec-7] INFO  com.ray.weixin.qy.util.AuthHelper - jsonObject:{"errcode":0,"ticket":"kgt8ON7yVITDhtdwci0qebCLEfC_BfeygIq8cFPLbdav_wS6aHw3IOuPFhwb5b37fHfTFdS6e23Vb_dbDCjTOg","errmsg":"ok","expires_in":7200}
2017-11-09 11:07:01.086 [http-apr-8080-exec-7] INFO  com.ray.weixin.qy.util.AuthHelper - url:http://rayner.nat300.top/weixin_qy/showInvoice.jsp
2017-11-09 11:07:01.086 [http-apr-8080-exec-7] INFO  com.ray.weixin.qy.util.AuthHelper - accessToken:RVUMhaz-QcALWPrIef8VlQayDM5w55oYDw5FrLAax9W4TOLAOXTnChxYEP2-74uxxPT2C9i1I9wewB97GuODOPyN3p7to4_wYWQ3cAQMv-owZeVpxS-gopdSUPHtRFsxqx5m0RnpBhh0BI0DFiUS85FISGwMzmvNvPe6ZvlKrM54gETQx1ZRdVGQSMHVYFzqZBb9C7q_gw-eZZ9u8Kqw4A
2017-11-09 11:07:01.086 [http-apr-8080-exec-7] INFO  com.ray.weixin.qy.util.AuthHelper - jsapi_ticket:kgt8ON7yVITDhtdwci0qebCLEfC_BfeygIq8cFPLbdav_wS6aHw3IOuPFhwb5b37fHfTFdS6e23Vb_dbDCjTOg
2017-11-09 11:07:01.086 [http-apr-8080-exec-7] INFO  com.ray.weixin.qy.util.AuthHelper - appId:ww92f5da92bb24696e
2017-11-09 11:07:01.086 [http-apr-8080-exec-7] INFO  com.ray.weixin.qy.util.AuthHelper - timestamp:1510196820
2017-11-09 11:07:01.086 [http-apr-8080-exec-7] INFO  com.ray.weixin.qy.util.AuthHelper - nonceStr:a7e2034c-89b9-445d-a95e-27d201cbac8c
2017-11-09 11:07:01.086 [http-apr-8080-exec-7] INFO  com.ray.weixin.qy.util.AuthHelper - signature:338558df439afa2dc4a76eae33d6ead63a8d9e4f
2017-11-09 11:07:01.086 [http-apr-8080-exec-7] INFO  com.ray.weixin.qy.util.AuthHelper - configValue:{"signature":"338558df439afa2dc4a76eae33d6ead63a8d9e4f","appId":"ww92f5da92bb24696e","nonceStr":"a7e2034c-89b9-445d-a95e-27d201cbac8c","timestamp":"1510196820"}
2017-11-09 11:07:37.628 [http-apr-8080-exec-1] INFO  com.ray.weixin.qy.controller.WeiXinServlet - post--------------
2017-11-09 11:07:37.629 [http-apr-8080-exec-1] INFO  com.ray.weixin.qy.service.message.reply.ReplyMessageService - parms:{"msg_signature":["2da70b9eb97ed59bc7fab9d2367037bcc39530ee"],"timestamp":["1510196857"],"nonce":["2131668049"]}
2017-11-09 11:07:37.629 [http-apr-8080-exec-1] INFO  com.ray.weixin.qy.service.message.reply.ReplyMessageService - postData:<xml><ToUserName><![CDATA[ww92f5da92bb24696e]]></ToUserName><Encrypt><![CDATA[cmm3N1kStQDyZjkEMheAcOeFjOmrdQuWTpTa2bAbWFaaAu99qkU1jAfO7nCLLTbcIK5ivrpgJa2yFAW+C/2ncDlkxtwhJElX259DjsFsY4fFPmQZxKfHJcjucst5jNdfg+82+aWF/ITp0xZuhAWFdcFImdXHvw/725jU1GUill+5HacyhXIY+GWK6g13miekxqJ7WRlQqSsMHR6j8LXSRW7CqX1iLsYXJKrXFrPcS3ld3RHetNAOdX4lFZyHkFvo8NzlhcNqV7b6bFZ7omIxxXrfH4vof3udnx0V58WDm+p9wiNBJEHJMTYiWcVujCfVgePqibLMHLXl985naFruth0nNiIVNGQdRSUJ06wF5RCEoc0/cwIg0noyZUTZBVxBcJLsK9tnTvsw4+OqTycskkTazokNnarcOlJNOkFffBQtJ3qPNWHMeb3h96+Tfb5wtpJ0y+6kliSRnvo3U/Npj1Rsyd3S3hIPUIZ4Jndxam/hC9aP3grzOCrTArWbWaP4]]></Encrypt><AgentID><![CDATA[1000002]]></AgentID></xml>
2017-11-09 11:07:37.632 [http-apr-8080-exec-1] INFO  com.ray.weixin.qy.service.message.reply.ReplyMessageService - reply_xmlMsg:<xml><ToUserName><![CDATA[ww92f5da92bb24696e]]></ToUserName><FromUserName><![CDATA[ShiRui]]></FromUserName><CreateTime>1510196857</CreateTime><MsgType><![CDATA[event]]></MsgType><AgentID>1000002</AgentID><Event><![CDATA[LOCATION]]></Event><Latitude>31.1695</Latitude><Longitude>121.152</Longitude><Precision>0</Precision></xml>
2017-11-09 11:07:37.636 [http-apr-8080-exec-1] INFO  com.ray.weixin.qy.service.message.reply.ReplyMessageService - fromUserName:ShiRui
2017-11-09 11:07:37.637 [http-apr-8080-exec-1] INFO  com.ray.weixin.qy.service.message.reply.ReplyMessageService - toUserName:ww92f5da92bb24696e
2017-11-09 11:07:37.637 [http-apr-8080-exec-1] INFO  com.ray.weixin.qy.service.message.reply.ReplyMessageService - msgType:event
2017-11-09 11:07:37.637 [http-apr-8080-exec-1] INFO  com.ray.weixin.qy.service.message.reply.ReplyMessageService - Event:LOCATION  eventKey:null
