2017-11-15 17:11:50.017 [http-apr-8080-exec-2] INFO  com.ray.weixin.gz.util.AuthHelper - jsonObject:{"access_token":"i9eGyh20aIVPoNmuw1exnYPRbHa-0enV7Xg5GlorBvePe-MaUnbOORABGCpSHdEjcCLEzTW7LO6CMAnRUyOkYwNtyXRp53ZPm4NVOP26QF-JLt7Z3D93jRkocPaa9o79XGCgAJARAW","expires_in":7200}
2017-11-15 17:11:50.144 [http-apr-8080-exec-2] INFO  com.ray.weixin.gz.util.AuthHelper - jsonObject:{"errcode":0,"ticket":"HoagFKDcsGMVCIY2vOjf9mrEXbwXSbqpUm0898_LsZjrgUvXUmjZj1WFa7xD7-y9AQW9Hpa1_IwgC-BK5w_kpw","errmsg":"ok","expires_in":7200}
2017-11-15 17:11:50.145 [http-apr-8080-exec-2] INFO  com.ray.weixin.gz.util.AuthHelper - accessToken:i9eGyh20aIVPoNmuw1exnYPRbHa-0enV7Xg5GlorBvePe-MaUnbOORABGCpSHdEjcCLEzTW7LO6CMAnRUyOkYwNtyXRp53ZPm4NVOP26QF-JLt7Z3D93jRkocPaa9o79XGCgAJARAW
2017-11-15 17:11:50.147 [http-apr-8080-exec-2] INFO  com.ray.weixin.gz.util.AuthHelper - ticket:HoagFKDcsGMVCIY2vOjf9mrEXbwXSbqpUm0898_LsZjrgUvXUmjZj1WFa7xD7-y9AQW9Hpa1_IwgC-BK5w_kpw
2017-11-15 17:11:50.148 [http-apr-8080-exec-2] INFO  com.ray.weixin.gz.util.AuthHelper - nonceStr:f2b1349a-39d2-496e-b0b9-bcf617febb2a
2017-11-15 17:11:50.148 [http-apr-8080-exec-2] INFO  com.ray.weixin.gz.util.AuthHelper - timeStamp:1510737109
2017-11-15 17:11:50.148 [http-apr-8080-exec-2] INFO  com.ray.weixin.gz.util.AuthHelper - signedUrl:http://rayner.nat300.top/weixin_gz/showInvoice.jsp
2017-11-15 17:11:50.148 [http-apr-8080-exec-2] INFO  com.ray.weixin.gz.util.AuthHelper - signature:d1f054e57bf522d89a44c58160197a716d04a991
2017-11-15 17:11:50.148 [http-apr-8080-exec-2] INFO  com.ray.weixin.gz.util.AuthHelper - appId:wx07c4d9d0895fe212
2017-11-15 17:11:50.148 [http-apr-8080-exec-2] INFO  com.ray.weixin.gz.util.AuthHelper - configValue:{signature:'d1f054e57bf522d89a44c58160197a716d04a991',nonceStr:'f2b1349a-39d2-496e-b0b9-bcf617febb2a',timeStamp:'1510737109',appId:'wx07c4d9d0895fe212'}
2017-11-15 17:11:50.262 [http-apr-8080-exec-2] INFO  com.ray.weixin.gz.util.AuthHelper - jsonObject:{"access_token":"i9eGyh20aIVPoNmuw1exnYPRbHa-0enV7Xg5GlorBvdtI-McACP8H45KZGnB_V6Q7W_jtaUm3zLDWWfpZaZ0fN4_YXkpk28a23cpxIXmHV61sLVWS8pZa-BzCg3qw0K3BKDgAJAFOH","expires_in":7200}
2017-11-15 17:11:50.343 [http-apr-8080-exec-2] INFO  com.ray.weixin.gz.service.invoice.InvoiceService - jsonObject:{"errcode":0,"ticket":"9KwiourQPRN3vx3Nn1c_iXCh-5F7rD5UiR6FRkNziS1qBd3gAGN5S8BmdmsudJYYtP_uKP4Q2TgqHEb_CnvT9w","errmsg":"ok","expires_in":7200}
2017-11-15 17:11:50.344 [http-apr-8080-exec-2] INFO  com.ray.weixin.gz.util.AuthHelper - apiTicket:9KwiourQPRN3vx3Nn1c_iXCh-5F7rD5UiR6FRkNziS1qBd3gAGN5S8BmdmsudJYYtP_uKP4Q2TgqHEb_CnvT9w
2017-11-15 17:11:50.344 [http-apr-8080-exec-2] INFO  com.ray.weixin.gz.util.AuthHelper - appId:wx07c4d9d0895fe212
2017-11-15 17:11:50.345 [http-apr-8080-exec-2] INFO  com.ray.weixin.gz.util.AuthHelper - timeStamp:1510737110
2017-11-15 17:11:50.345 [http-apr-8080-exec-2] INFO  com.ray.weixin.gz.util.AuthHelper - nonceStr:91c507f6-0119-475f-9e0c-904d49a9b635
2017-11-15 17:11:50.345 [http-apr-8080-exec-2] INFO  com.ray.weixin.gz.util.AuthHelper - cardType:INVOICE
2017-11-15 17:11:50.345 [http-apr-8080-exec-2] INFO  com.ray.weixin.gz.util.AuthHelper - cardSign:991371f86a90b673aba3551ed8f37c4c962a7e8f
2017-11-15 17:11:50.345 [http-apr-8080-exec-2] INFO  com.ray.weixin.gz.util.AuthHelper - signType:SHA1
2017-11-15 17:11:50.345 [http-apr-8080-exec-2] INFO  com.ray.weixin.gz.util.AuthHelper - configValue:{"signType":"SHA1","cardSign":"991371f86a90b673aba3551ed8f37c4c962a7e8f","nonceStr":"91c507f6-0119-475f-9e0c-904d49a9b635","timestamp":"1510737110"}
2017-11-15 17:11:56.207 [http-apr-8080-exec-4] INFO  com.ray.weixin.gz.util.AuthHelper - jsonObject:{"access_token":"i9eGyh20aIVPoNmuw1exnYPRbHa-0enV7Xg5GlorBvesASntQs1slgp3lysmOl_CWeVoXbyuajJo5wuIViR5G46Ky1y3QFmSHgG_NP8CRwi4VKhx4HC_M6C-0XZ6B1gjMUDgAJAQYH","expires_in":7200}
2017-11-15 17:11:56.527 [http-apr-8080-exec-4] INFO  com.ray.weixin.gz.service.invoice.InvoiceService - jsonObject:{"errcode":0,"payee":"上海肯德基有限公司","user_info":{"reimburse_status":"INVOICE_REIMBURSE_INIT","fee":4600,"billing_time":1491580800,"pdf_url":"http://wdfp.5ifapiao.com/wx-card/getPdf/51/d2e398b3-e6bd-4ba1-950d-715d95e87e4c?card_id=pEVWfuPFrMuU3fkx5iWQeSBSefTg&wx_invoice_token=ildMmRT0NZlW7cCwylh6mjJthMTuWIFCILHLU1fhI_8j4EQnNGFw3E_jN7B6Phkw33D2eB5VGE5-uYgGI-KK8WsIml0MNoZ9l4AlvXa3yQo.","title":"上海汉得信息技术股份有限公司","billing_no":"031001600211","billing_code":"46487263","info":[]},"openid":"o1M7_1TLByH8H1T7XCIj23Roo5yU","errmsg":"ok","detail":"可在公司企业号内报销使用","type":"增值税电子普通发票","card_id":"pEVWfuPFrMuU3fkx5iWQeSBSefTg"}
2017-11-15 17:11:56.692 [http-apr-8080-exec-4] INFO  com.ray.weixin.gz.service.invoice.InvoiceService - jsonObject:{"errcode":0,"payee":"上海肯德基有限公司","user_info":{"reimburse_status":"INVOICE_REIMBURSE_INIT","fee":7300,"billing_time":1491148800,"pdf_url":"http://wdfp.5ifapiao.com/wx-card/getPdf/51/d8b3e382-5838-4324-ad91-7df8b9f4581c?card_id=pEVWfuPFrMuU3fkx5iWQeSBSefTg&wx_invoice_token=ildMmRT0NZlW7cCwylh6mjJthMTuWIFCILHLU1fhI_8j4EQnNGFw3E_jN7B6PhkwSzXMY4d65EekINzdCBrCg4iUiOZ9850T-QFTNvzQNpk.","title":"上海汉得信息技术股份有限公司","billing_no":"031001600211","billing_code":"46606278","info":[]},"openid":"o1M7_1TLByH8H1T7XCIj23Roo5yU","errmsg":"ok","detail":"可在公司企业号内报销使用","type":"增值税电子普通发票","card_id":"pEVWfuPFrMuU3fkx5iWQeSBSefTg"}
2017-11-15 17:11:56.693 [http-apr-8080-exec-4] INFO  com.ray.weixin.gz.controller.invoice.InvoiceServlet - [{"errcode":0,"payee":"上海肯德基有限公司","user_info":{"reimburse_status":"INVOICE_REIMBURSE_INIT","fee":4600,"billing_time":1491580800,"pdf_url":"http://wdfp.5ifapiao.com/wx-card/getPdf/51/d2e398b3-e6bd-4ba1-950d-715d95e87e4c?card_id=pEVWfuPFrMuU3fkx5iWQeSBSefTg&wx_invoice_token=ildMmRT0NZlW7cCwylh6mjJthMTuWIFCILHLU1fhI_8j4EQnNGFw3E_jN7B6Phkw33D2eB5VGE5-uYgGI-KK8WsIml0MNoZ9l4AlvXa3yQo.","title":"上海汉得信息技术股份有限公司","billing_no":"031001600211","billing_code":"46487263","info":[]},"openid":"o1M7_1TLByH8H1T7XCIj23Roo5yU","errmsg":"ok","detail":"可在公司企业号内报销使用","type":"增值税电子普通发票","card_id":"pEVWfuPFrMuU3fkx5iWQeSBSefTg"},{"errcode":0,"payee":"上海肯德基有限公司","user_info":{"reimburse_status":"INVOICE_REIMBURSE_INIT","fee":7300,"billing_time":1491148800,"pdf_url":"http://wdfp.5ifapiao.com/wx-card/getPdf/51/d8b3e382-5838-4324-ad91-7df8b9f4581c?card_id=pEVWfuPFrMuU3fkx5iWQeSBSefTg&wx_invoice_token=ildMmRT0NZlW7cCwylh6mjJthMTuWIFCILHLU1fhI_8j4EQnNGFw3E_jN7B6PhkwSzXMY4d65EekINzdCBrCg4iUiOZ9850T-QFTNvzQNpk.","title":"上海汉得信息技术股份有限公司","billing_no":"031001600211","billing_code":"46606278","info":[]},"openid":"o1M7_1TLByH8H1T7XCIj23Roo5yU","errmsg":"ok","detail":"可在公司企业号内报销使用","type":"增值税电子普通发票","card_id":"pEVWfuPFrMuU3fkx5iWQeSBSefTg"}]
