2017-11-09 14:20:05.953 [http-apr-8080-exec-9] INFO  com.ray.weixin.qy.controller.WeiXinServlet - post--------------
2017-11-09 14:20:05.982 [http-apr-8080-exec-9] INFO  com.ray.weixin.qy.service.message.reply.ReplyMessageService - parms:{"msg_signature":["e031c36850334a0b6adff6e639027daafaba4a7e"],"timestamp":["1510208405"],"nonce":["1761807394"]}
2017-11-09 14:20:05.984 [http-apr-8080-exec-9] INFO  com.ray.weixin.qy.service.message.reply.ReplyMessageService - postData:<xml><ToUserName><![CDATA[ww92f5da92bb24696e]]></ToUserName><Encrypt><![CDATA[VhGLvFo50AMtvfR4fTmTV4sNePk075yIAp4gvfeW8EZvcNjln81pG4LPJZyMH5JXKFfCIw/8S/R5hI5hdZ73lr55OA/K91R2j3QBdUsnsSqjmAlML9wLQqagkQ1WQbZkPJPfC9G78FKsEiM3An+qxFQU+DwImoID+a039Hl9AbWEegL1FS0Xn6KXzc3QfoPe601hT1MggRx0myfBOA2FXybeBl2ThO3yIZBXpbG3t5L3FWANB4GKGqnX0UvEiTzCYXZ0sb025VoW0TVFW4dkcwqEEYhfD+0NwnhSp2pxqK6hjZSdcLkYvZiRguyMddKaDFvCIy6QMIUMpri9dQLBNK01pnegE6krcUI1yZ6OvlWnOHqnekuStqBbARzMvzTGcLo4ajujlGcrwNHY/+6aMsZDvf4AsV+vOftTtFCVkqzmKdunbwsBQs5BAMqypKHm2CmQ/KJjC1U4yvPCzmRc6DNx4spEVUgcy6SP/+07EQfON2GGvB16bYFAFIY0QmIC]]></Encrypt><AgentID><![CDATA[1000002]]></AgentID></xml>
2017-11-09 14:20:06.016 [http-apr-8080-exec-9] INFO  com.ray.weixin.qy.service.message.reply.ReplyMessageService - reply_xmlMsg:<xml><ToUserName><![CDATA[ww92f5da92bb24696e]]></ToUserName><FromUserName><![CDATA[XuZhao]]></FromUserName><CreateTime>1510208405</CreateTime><MsgType><![CDATA[event]]></MsgType><AgentID>1000002</AgentID><Event><![CDATA[view]]></Event><EventKey><![CDATA[http://rayner.nat300.top/weixin_qy/showInvoice.jsp]]></EventKey></xml>
2017-11-09 14:20:06.270 [http-apr-8080-exec-9] INFO  com.ray.weixin.qy.service.message.reply.ReplyMessageService - fromUserName:XuZhao
2017-11-09 14:20:06.271 [http-apr-8080-exec-9] INFO  com.ray.weixin.qy.service.message.reply.ReplyMessageService - toUserName:ww92f5da92bb24696e
2017-11-09 14:20:06.271 [http-apr-8080-exec-9] INFO  com.ray.weixin.qy.service.message.reply.ReplyMessageService - msgType:event
2017-11-09 14:20:06.271 [http-apr-8080-exec-9] INFO  com.ray.weixin.qy.service.message.reply.ReplyMessageService - Event:view  eventKey:http://rayner.nat300.top/weixin_qy/showInvoice.jsp
2017-11-09 14:20:06.921 [http-apr-8080-exec-8] INFO  com.ray.weixin.qy.util.AuthHelper - jsonObject:{"errcode":0,"access_token":"ZOJ3RCym--7oan0FJRpUghR5FMT3t_PsVCi9MrJ7PkNi0Z_MxYwjR6mKIjkeU2V-fEypmP6L0ja-6dgYSWBBsfToJPJDWpPrmA0CWfhZEbX02WmyrNutPeecHG9NmA4BtMPWbTFHYRwkajzRw0ew6X43h6qpEddkRtri8x-mpNS3wJyBv-AIagdVKtRVaEF0wsTM5K20aHm3C2LW22F77g","errmsg":"","expires_in":7200}
2017-11-09 14:20:07.552 [http-apr-8080-exec-8] INFO  com.ray.weixin.qy.util.AuthHelper - jsonObject:{"errcode":0,"ticket":"kgt8ON7yVITDhtdwci0qebCLEfC_BfeygIq8cFPLbdbLUB0ucTHlJV0WpqmPsf-bnohhyeIsTh5Urv920HkAVA","errmsg":"ok","expires_in":7200}
2017-11-09 14:20:07.553 [http-apr-8080-exec-8] INFO  com.ray.weixin.qy.util.AuthHelper - url:http://rayner.nat300.top/weixin_qy/showInvoice.jsp
2017-11-09 14:20:07.554 [http-apr-8080-exec-8] INFO  com.ray.weixin.qy.util.AuthHelper - accessToken:ZOJ3RCym--7oan0FJRpUghR5FMT3t_PsVCi9MrJ7PkNi0Z_MxYwjR6mKIjkeU2V-fEypmP6L0ja-6dgYSWBBsfToJPJDWpPrmA0CWfhZEbX02WmyrNutPeecHG9NmA4BtMPWbTFHYRwkajzRw0ew6X43h6qpEddkRtri8x-mpNS3wJyBv-AIagdVKtRVaEF0wsTM5K20aHm3C2LW22F77g
2017-11-09 14:20:07.555 [http-apr-8080-exec-8] INFO  com.ray.weixin.qy.util.AuthHelper - jsapi_ticket:kgt8ON7yVITDhtdwci0qebCLEfC_BfeygIq8cFPLbdbLUB0ucTHlJV0WpqmPsf-bnohhyeIsTh5Urv920HkAVA
2017-11-09 14:20:07.556 [http-apr-8080-exec-8] INFO  com.ray.weixin.qy.util.AuthHelper - appId:ww92f5da92bb24696e
2017-11-09 14:20:07.556 [http-apr-8080-exec-8] INFO  com.ray.weixin.qy.util.AuthHelper - timestamp:1510208405
2017-11-09 14:20:07.557 [http-apr-8080-exec-8] INFO  com.ray.weixin.qy.util.AuthHelper - nonceStr:54b2bf3e-f0c4-4306-b4de-c8e975a3f648
2017-11-09 14:20:07.557 [http-apr-8080-exec-8] INFO  com.ray.weixin.qy.util.AuthHelper - signature:c1d0372b2e9af8ead4117ca0f21cd830d37251f1
2017-11-09 14:20:07.558 [http-apr-8080-exec-8] INFO  com.ray.weixin.qy.util.AuthHelper - configValue:{"signature":"c1d0372b2e9af8ead4117ca0f21cd830d37251f1","appId":"ww92f5da92bb24696e","nonceStr":"54b2bf3e-f0c4-4306-b4de-c8e975a3f648","timestamp":"1510208405"}
2017-11-09 14:20:08.009 [http-apr-8080-exec-8] INFO  com.ray.weixin.qy.util.AuthHelper - jsonObject:{"errcode":0,"access_token":"ZOJ3RCym--7oan0FJRpUghR5FMT3t_PsVCi9MrJ7PkNi0Z_MxYwjR6mKIjkeU2V-fEypmP6L0ja-6dgYSWBBsfToJPJDWpPrmA0CWfhZEbX02WmyrNutPeecHG9NmA4BtMPWbTFHYRwkajzRw0ew6X43h6qpEddkRtri8x-mpNS3wJyBv-AIagdVKtRVaEF0wsTM5K20aHm3C2LW22F77g","errmsg":"ok","expires_in":7200}
2017-11-09 14:20:08.179 [http-apr-8080-exec-8] INFO  com.ray.weixin.qy.util.AuthHelper - jsonObject:{"errcode":0,"ticket":"IpK_1T69hDhZkLQTlwsAXwPIgjZ1z6yuhHmi_IRriCiAUXMUlMDNbEIhkpqFO4J1s_HeDMkJ6uMtAqaoeeIwVg","group_id":"","errmsg":"ok","expires_in":7200}
2017-11-09 14:20:08.181 [http-apr-8080-exec-8] INFO  com.ray.weixin.qy.util.AuthHelper - apiTicket:IpK_1T69hDhZkLQTlwsAXwPIgjZ1z6yuhHmi_IRriCiAUXMUlMDNbEIhkpqFO4J1s_HeDMkJ6uMtAqaoeeIwVg
2017-11-09 14:20:08.181 [http-apr-8080-exec-8] INFO  com.ray.weixin.qy.util.AuthHelper - appId:ww92f5da92bb24696e
2017-11-09 14:20:08.182 [http-apr-8080-exec-8] INFO  com.ray.weixin.qy.util.AuthHelper - timeStamp:1510208408
2017-11-09 14:20:08.182 [http-apr-8080-exec-8] INFO  com.ray.weixin.qy.util.AuthHelper - nonceStr:ac593b33-8eb3-4149-9763-956e23a30d4a
2017-11-09 14:20:08.182 [http-apr-8080-exec-8] INFO  com.ray.weixin.qy.util.AuthHelper - cardType:INVOICE
2017-11-09 14:20:08.182 [http-apr-8080-exec-8] INFO  com.ray.weixin.qy.util.AuthHelper - cardSign:40ad7f5dbd01ccffaaaa735229abcdfebbc4a4d2
2017-11-09 14:20:08.183 [http-apr-8080-exec-8] INFO  com.ray.weixin.qy.util.AuthHelper - signType:SHA1
2017-11-09 14:20:08.183 [http-apr-8080-exec-8] INFO  com.ray.weixin.qy.util.AuthHelper - configValue:{"signType":"SHA1","cardSign":"40ad7f5dbd01ccffaaaa735229abcdfebbc4a4d2","nonceStr":"ac593b33-8eb3-4149-9763-956e23a30d4a","timestamp":"1510208408"}
