2017-11-08 19:38:03.869 [http-apr-8080-exec-71] INFO  com.ray.weixin.qy.controller.WeiXinServlet - post--------------
2017-11-08 19:38:03.895 [http-apr-8080-exec-71] INFO  com.ray.weixin.qy.service.message.reply.ReplyMessageService - parms:{"msg_signature":["fdbe8d365f4c7a6799625b9d363975b351d82f94"],"timestamp":["1510141083"],"nonce":["1370348770"]}
2017-11-08 19:38:03.896 [http-apr-8080-exec-71] INFO  com.ray.weixin.qy.service.message.reply.ReplyMessageService - postData:<xml><ToUserName><![CDATA[ww92f5da92bb24696e]]></ToUserName><Encrypt><![CDATA[acHjDRTUoWfTJSEkbycInIFlq82iFWau9o3YIETeZg2Y0YlNqrVMWOFKSOHEvclc1V7KHmdTyBXwuXjlZCgq/Giq1Yhp72zocLLf7TettfL/TBmMfrKnLodtkBYxArkNj8xLJqZNS8FaA5O5V+ja0bmY7A6pAfu0yK1y5iTjPKAUj85C6xbILRdsQF2DjEb9gLtRO9fnfFADCF3Eu+YNSR8jUZ+ydu57i5/v/GnI3G8TkzWo89TxwqXdOnkNCrrjkRrXEq6XPfSAm7t2F2AStfE8v3gAF7Pl/jpX7rMULHMhhgXOGM6/X5A2HFj8k/ZOyNfVZE39HKKsnVkBew193gdDyEDJAV7tpbbhy3CW7WgyBlJpxifiXTMcSoygkKrU5E7dJC1V+tv3MeU3bmz1JB+RiXiHVhZJShgW42VLu0c6Gmx16a8OmCG8WVj8mWR3H+4iW3py3BbbQZpHyPR2tNeVRr8SiuwuKuyYhvokjrUxvMDMwF+7X8M4djsihtmO]]></Encrypt><AgentID><![CDATA[1000002]]></AgentID></xml>
2017-11-08 19:38:03.897 [http-apr-8080-exec-71] INFO  com.ray.weixin.qy.service.message.reply.ReplyMessageService - reply_xmlMsg:<xml><ToUserName><![CDATA[ww92f5da92bb24696e]]></ToUserName><FromUserName><![CDATA[ShiRui]]></FromUserName><CreateTime>1510141083</CreateTime><MsgType><![CDATA[event]]></MsgType><AgentID>1000002</AgentID><Event><![CDATA[LOCATION]]></Event><Latitude>31.1676</Latitude><Longitude>121.156</Longitude><Precision>15</Precision></xml>
2017-11-08 19:38:03.898 [http-apr-8080-exec-71] INFO  com.ray.weixin.qy.service.message.reply.ReplyMessageService - fromUserName:ShiRui
2017-11-08 19:38:03.898 [http-apr-8080-exec-71] INFO  com.ray.weixin.qy.service.message.reply.ReplyMessageService - toUserName:ww92f5da92bb24696e
2017-11-08 19:38:03.899 [http-apr-8080-exec-71] INFO  com.ray.weixin.qy.service.message.reply.ReplyMessageService - msgType:event
2017-11-08 19:38:03.899 [http-apr-8080-exec-71] INFO  com.ray.weixin.qy.service.message.reply.ReplyMessageService - Event:LOCATION  eventKey:null
2017-11-08 19:38:09.057 [http-apr-8080-exec-73] INFO  com.ray.weixin.qy.controller.WeiXinServlet - post--------------
2017-11-08 19:38:09.057 [http-apr-8080-exec-73] INFO  com.ray.weixin.qy.service.message.reply.ReplyMessageService - parms:{"msg_signature":["72f36f9e5cb94e100c9e47860872f07e452dfc1b"],"timestamp":["1510141088"],"nonce":["303395803"]}
2017-11-08 19:38:09.058 [http-apr-8080-exec-73] INFO  com.ray.weixin.qy.service.message.reply.ReplyMessageService - postData:<xml><ToUserName><![CDATA[ww92f5da92bb24696e]]></ToUserName><Encrypt><![CDATA[AxXSl1PX5Pf1UbIp3YgOiju8fnzV/WWeB4UKJFhEmY5j1gF7JnDCiBLOA4D2chvKvCMIuvlwCdxbWxvWIH9PSSF3f9JAzipdmFPW0So2+IjoaGE3wFy+7YQP1ah5W3ojCVo/zzQ3ZtSudFti8C6BnjgT1DqFUB61x1ybH6kp41BWDt+35vsWepiEMD5tfgmbhxp65RbadCciMMucpPD75W3q1NPPv/NO/0pIUvkCxx6D7i1g1MklhMoBXKffn/TlgQh8msVIk1/cOeQMmWEiz1AqPU9XhbLP23lTj1ZRoQBkzb4QX+BMpb73ipUDjSdWJCLVPEZ9J87ysTsqyfYCWQSrYVFYDPiwDKxATk0IRhCo3eMRUZRYWmpy4eKgJExiaHKF9E8EgctA/24Er9HcHXn4C8sdn8+W8hsd9jZgBTjo9iB+tppoMGEUaHYjQr27cI1WAafvKQ7tO0k+V9BNm8y7ms+ynSSTM5YUsV8OR8wvdFb2kbdepLqoCJ67c4mr]]></Encrypt><AgentID><![CDATA[1000002]]></AgentID></xml>
2017-11-08 19:38:09.061 [http-apr-8080-exec-73] INFO  com.ray.weixin.qy.service.message.reply.ReplyMessageService - reply_xmlMsg:<xml><ToUserName><![CDATA[ww92f5da92bb24696e]]></ToUserName><FromUserName><![CDATA[ShiRui]]></FromUserName><CreateTime>1510141088</CreateTime><MsgType><![CDATA[event]]></MsgType><AgentID>1000002</AgentID><Event><![CDATA[LOCATION]]></Event><Latitude>31.1676</Latitude><Longitude>121.156</Longitude><Precision>15</Precision></xml>
2017-11-08 19:38:09.063 [http-apr-8080-exec-73] INFO  com.ray.weixin.qy.service.message.reply.ReplyMessageService - fromUserName:ShiRui
2017-11-08 19:38:09.063 [http-apr-8080-exec-73] INFO  com.ray.weixin.qy.service.message.reply.ReplyMessageService - toUserName:ww92f5da92bb24696e
2017-11-08 19:38:09.063 [http-apr-8080-exec-73] INFO  com.ray.weixin.qy.service.message.reply.ReplyMessageService - msgType:event
2017-11-08 19:38:09.063 [http-apr-8080-exec-73] INFO  com.ray.weixin.qy.service.message.reply.ReplyMessageService - Event:LOCATION  eventKey:null
2017-11-08 19:38:13.962 [http-apr-8080-exec-75] INFO  com.ray.weixin.qy.controller.WeiXinServlet - post--------------
2017-11-08 19:38:13.962 [http-apr-8080-exec-75] INFO  com.ray.weixin.qy.service.message.reply.ReplyMessageService - parms:{"msg_signature":["8079df372977670972d21944888326185558318b"],"timestamp":["1510141093"],"nonce":["634341289"]}
2017-11-08 19:38:13.963 [http-apr-8080-exec-75] INFO  com.ray.weixin.qy.service.message.reply.ReplyMessageService - postData:<xml><ToUserName><![CDATA[ww92f5da92bb24696e]]></ToUserName><Encrypt><![CDATA[vy5bCDdHx6c7ty4/Xm/L+rp6P8laubRaiLg4UIHQSwmkPVN37h74zhkSfHxCUJeL3Wwve/ufuEm1sJ5bUQFyJLt0qw0bKID9qcxYZywZCbRA+pI+ulFf8p8VG1uPo0P1fty0sv4q1pNd8dlX7tpSp3uDRZPp0/Dhv376NVkOCX5S2r4R+MJXaqc6UBgQdHmPuxp3PQJjzSdddxzqIIV7DZZZ/SoCAoWqfmHaaHN5VFQTyhc8KdahAiWvsF9zrnQ/DyU8QnQmFaskhsozZGtSEmHEdkNDdcaXKSmCG2C1spWfs3KReNsKmY4W4U6bQruPaso24GVF9bM/2tx+GEspO3UqAs9A5NomHskWxtAKG3tpBVQyle3lpS85YWGQsbObeP0KnEKND5gX038wFtdCHlJMKqgqA8a3lPsL/DMhf+mD2H+Tfn1OkqJR0aa3a/TmxvyYA4AEjBcT1dXpdIIDlDnB35C1zWmoRxP0E/tNc4ukRRbI9rcFbbDOgK0LVAlM]]></Encrypt><AgentID><![CDATA[1000002]]></AgentID></xml>
2017-11-08 19:38:13.964 [http-apr-8080-exec-75] INFO  com.ray.weixin.qy.service.message.reply.ReplyMessageService - reply_xmlMsg:<xml><ToUserName><![CDATA[ww92f5da92bb24696e]]></ToUserName><FromUserName><![CDATA[ShiRui]]></FromUserName><CreateTime>1510141093</CreateTime><MsgType><![CDATA[event]]></MsgType><AgentID>1000002</AgentID><Event><![CDATA[LOCATION]]></Event><Latitude>31.1676</Latitude><Longitude>121.156</Longitude><Precision>15</Precision></xml>
2017-11-08 19:38:13.965 [http-apr-8080-exec-75] INFO  com.ray.weixin.qy.service.message.reply.ReplyMessageService - fromUserName:ShiRui
2017-11-08 19:38:13.965 [http-apr-8080-exec-75] INFO  com.ray.weixin.qy.service.message.reply.ReplyMessageService - toUserName:ww92f5da92bb24696e
2017-11-08 19:38:13.965 [http-apr-8080-exec-75] INFO  com.ray.weixin.qy.service.message.reply.ReplyMessageService - msgType:event
2017-11-08 19:38:13.965 [http-apr-8080-exec-75] INFO  com.ray.weixin.qy.service.message.reply.ReplyMessageService - Event:LOCATION  eventKey:null
2017-11-08 19:38:19.020 [http-apr-8080-exec-68] INFO  com.ray.weixin.qy.controller.WeiXinServlet - post--------------
2017-11-08 19:38:19.022 [http-apr-8080-exec-68] INFO  com.ray.weixin.qy.service.message.reply.ReplyMessageService - parms:{"msg_signature":["4037eff3d816e81edaa9086f8f50ddd9093d12bc"],"timestamp":["1510141098"],"nonce":["808947218"]}
2017-11-08 19:38:19.023 [http-apr-8080-exec-68] INFO  com.ray.weixin.qy.service.message.reply.ReplyMessageService - postData:<xml><ToUserName><![CDATA[ww92f5da92bb24696e]]></ToUserName><Encrypt><![CDATA[soLVrWvvIBWEfF7Z023tpnOGWYNwQii60v38nchnEM1t42HaFA+Z6CI027ixV+WoVG1kKBiqk6DxVZiFIeILR2BXKyR41r2xYlRelofKV4mx2lN/owUzaXji4Me0j6lk9rG4N/oxr7YqHfGyI+fseO8mxWXrjkZET4HHxICxhSMG1D18pR6cYNXze65BcL5ImVSg/ai/lAjNKkVTCDonKfYb0aa+Lcw/xu9+n2SriEA2pxm4LYsxytxB5Y8AuUJrDHDl05uVNHQg4Z7b3skCXQi3oPVFd6stDzAF7oJQkvPFHdqM6ItGnEmV+/9N2NG2QznYpQ4BNJSH6hqWJU6OhIvMp3XSV+PEPpwdXq4h4QTEtew108ZLWBm3BTdTCej8NiMkMeacVtnTzohRa1/FLAxR3X8Ob63WclfbHLkIyeGWbGZ1Zd4u1xpW8ffghjOi3Tww7c2stmI6T0FlHOkxfDwGVMt02ybS8ofcU5x7/eNA/XvioO7JlWgsijwWn/KD]]></Encrypt><AgentID><![CDATA[1000002]]></AgentID></xml>
2017-11-08 19:38:19.030 [http-apr-8080-exec-68] INFO  com.ray.weixin.qy.service.message.reply.ReplyMessageService - reply_xmlMsg:<xml><ToUserName><![CDATA[ww92f5da92bb24696e]]></ToUserName><FromUserName><![CDATA[ShiRui]]></FromUserName><CreateTime>1510141098</CreateTime><MsgType><![CDATA[event]]></MsgType><AgentID>1000002</AgentID><Event><![CDATA[LOCATION]]></Event><Latitude>31.1676</Latitude><Longitude>121.156</Longitude><Precision>15</Precision></xml>
2017-11-08 19:38:19.035 [http-apr-8080-exec-68] INFO  com.ray.weixin.qy.service.message.reply.ReplyMessageService - fromUserName:ShiRui
2017-11-08 19:38:19.035 [http-apr-8080-exec-68] INFO  com.ray.weixin.qy.service.message.reply.ReplyMessageService - toUserName:ww92f5da92bb24696e
2017-11-08 19:38:19.036 [http-apr-8080-exec-68] INFO  com.ray.weixin.qy.service.message.reply.ReplyMessageService - msgType:event
2017-11-08 19:38:19.036 [http-apr-8080-exec-68] INFO  com.ray.weixin.qy.service.message.reply.ReplyMessageService - Event:LOCATION  eventKey:null
2017-11-08 19:38:24.286 [http-apr-8080-exec-77] INFO  com.ray.weixin.qy.controller.WeiXinServlet - post--------------
2017-11-08 19:38:24.287 [http-apr-8080-exec-77] INFO  com.ray.weixin.qy.service.message.reply.ReplyMessageService - parms:{"msg_signature":["74a2b3ced5c98dbacb5f506016f1c874863673d7"],"timestamp":["1510141103"],"nonce":["1137168530"]}
2017-11-08 19:38:24.289 [http-apr-8080-exec-77] INFO  com.ray.weixin.qy.service.message.reply.ReplyMessageService - postData:<xml><ToUserName><![CDATA[ww92f5da92bb24696e]]></ToUserName><Encrypt><![CDATA[qSll+XAlNAxS41rgaC9B9J3keFyqenA2T4VRdzg+NFYv8SV63FCcNNR0fWEOHHAsTMh6MMHoXKiWJkDBFsgzK+oplas8Re3XzpmzbokFT+BQtKJOBua7kng7z74l9ggeDDWJaAKvE4r6H2cQGySDsMlpGoVW2TIGpFYZNgurSfuuLhSloIc1v/uiOirzp+tCT5SlwL9yjN/qXbWzr/jyWBt1OBSHzRGrosnoQcdS6/nRBJa78DgVs8yKLfSj5hT+ef4hnunHJ58fTt8AZivvpKEw2tbAZCFcPzkGZ0PsAPXiZ2knxv0FFoI01r9RP7NXKn0WOf16HmSwlhOEq1Q5xM/bCnk9oRKXUTe+oKntwILSFAdI655LAPuclG5k6gJhjZVKt/pI+iU2/aTdvTX2Tw4YGNR1+UEf8UPjZVOB5LPNWQSP/1/nsmhOTSlg+AMQ6A0CqUPeApU8Pf4pDpZyGClhrd79tjNs4GHOC6eqPvp8FEP3P1CYtYpyXzVWLpi4]]></Encrypt><AgentID><![CDATA[1000002]]></AgentID></xml>
2017-11-08 19:38:24.293 [http-apr-8080-exec-77] INFO  com.ray.weixin.qy.service.message.reply.ReplyMessageService - reply_xmlMsg:<xml><ToUserName><![CDATA[ww92f5da92bb24696e]]></ToUserName><FromUserName><![CDATA[ShiRui]]></FromUserName><CreateTime>1510141103</CreateTime><MsgType><![CDATA[event]]></MsgType><AgentID>1000002</AgentID><Event><![CDATA[LOCATION]]></Event><Latitude>31.1676</Latitude><Longitude>121.156</Longitude><Precision>15</Precision></xml>
2017-11-08 19:38:24.297 [http-apr-8080-exec-77] INFO  com.ray.weixin.qy.service.message.reply.ReplyMessageService - fromUserName:ShiRui
2017-11-08 19:38:24.297 [http-apr-8080-exec-77] INFO  com.ray.weixin.qy.service.message.reply.ReplyMessageService - toUserName:ww92f5da92bb24696e
2017-11-08 19:38:24.297 [http-apr-8080-exec-77] INFO  com.ray.weixin.qy.service.message.reply.ReplyMessageService - msgType:event
2017-11-08 19:38:24.298 [http-apr-8080-exec-77] INFO  com.ray.weixin.qy.service.message.reply.ReplyMessageService - Event:LOCATION  eventKey:null
2017-11-08 19:38:29.024 [http-apr-8080-exec-71] INFO  com.ray.weixin.qy.controller.WeiXinServlet - post--------------
2017-11-08 19:38:29.024 [http-apr-8080-exec-71] INFO  com.ray.weixin.qy.service.message.reply.ReplyMessageService - parms:{"msg_signature":["17b116d908b019717cc1ae4cef398ebb749564d0"],"timestamp":["1510141108"],"nonce":["1066828951"]}
2017-11-08 19:38:29.025 [http-apr-8080-exec-71] INFO  com.ray.weixin.qy.service.message.reply.ReplyMessageService - postData:<xml><ToUserName><![CDATA[ww92f5da92bb24696e]]></ToUserName><Encrypt><![CDATA[m1w6xDVCTPx7dRYcOKS98cNq4R5II5jk7ctbwR/pRBBplUCk0HNRgULEWXf4mjn690M72XwVvPkXJycqi+gHg0Cxls9kvx4heEXqbMVn0kGL25QrQ40NyN2HrA4MSL5+Jx5sG+fs+TeMiAmGbeJ+fb4HFesb+H8fOo7wnuDkWYHqsYgGuvodm5xxK3lpLsEjdCJ21vVahFNKMDsUseXufYMR5fB7mEYWjMlxRTNnPlbd10ssrwvYTQcEbmMFRh+V5NEekVRKDbKGXt/tlZGMx3/cNOv2ZrwV6Ec1p0rrqZhQAxE+ZiPdnclm/+YUve+vFdNtHehbL6htgy5ry3sa/SbcP07LnTh8zyDRR1h7FxkwMS9d2pd2sZpztrR6ScfnmIADRJA0Opfb3/IRA9gHZxreqIrO/jTCAWMW+C01D9VM8qpRyjXicT83FnMfkk5OFR+RZu1REENph5Lmac6mfuN8+FQhNXhPdkRx2pK7Klf35IOArZb6lmoXPWDbdQSs]]></Encrypt><AgentID><![CDATA[1000002]]></AgentID></xml>
2017-11-08 19:38:29.027 [http-apr-8080-exec-71] INFO  com.ray.weixin.qy.service.message.reply.ReplyMessageService - reply_xmlMsg:<xml><ToUserName><![CDATA[ww92f5da92bb24696e]]></ToUserName><FromUserName><![CDATA[ShiRui]]></FromUserName><CreateTime>1510141108</CreateTime><MsgType><![CDATA[event]]></MsgType><AgentID>1000002</AgentID><Event><![CDATA[LOCATION]]></Event><Latitude>31.1676</Latitude><Longitude>121.156</Longitude><Precision>15</Precision></xml>
2017-11-08 19:38:29.030 [http-apr-8080-exec-71] INFO  com.ray.weixin.qy.service.message.reply.ReplyMessageService - fromUserName:ShiRui
2017-11-08 19:38:29.030 [http-apr-8080-exec-71] INFO  com.ray.weixin.qy.service.message.reply.ReplyMessageService - toUserName:ww92f5da92bb24696e
2017-11-08 19:38:29.030 [http-apr-8080-exec-71] INFO  com.ray.weixin.qy.service.message.reply.ReplyMessageService - msgType:event
2017-11-08 19:38:29.030 [http-apr-8080-exec-71] INFO  com.ray.weixin.qy.service.message.reply.ReplyMessageService - Event:LOCATION  eventKey:null
2017-11-08 19:38:33.989 [http-apr-8080-exec-73] INFO  com.ray.weixin.qy.controller.WeiXinServlet - post--------------
2017-11-08 19:38:33.990 [http-apr-8080-exec-73] INFO  com.ray.weixin.qy.service.message.reply.ReplyMessageService - parms:{"msg_signature":["75f26f27a4253f051a49edfd64bc1dd09312355f"],"timestamp":["1510141113"],"nonce":["2124018855"]}
2017-11-08 19:38:33.990 [http-apr-8080-exec-73] INFO  com.ray.weixin.qy.service.message.reply.ReplyMessageService - postData:<xml><ToUserName><![CDATA[ww92f5da92bb24696e]]></ToUserName><Encrypt><![CDATA[ZUjyVzSqfl32Ax1BO1mZ0SIYY2/Z+l3ElqTexU/AEPObT9uWoN4xgewJCWJm8kvPYvH1K4YATSqPUiIJD/OHOS8WAdQsnKJdabCx9E3XCMyJR5qgYvE/ubwxxfl/JTbF7GxWoSpGMAaRkcUIYkJqYciUv7GjBaBpdAEqyO56OzWkwM4UEy4rXGachKIi1nzsUNCHcSZ9lqlI+pF9puaKiP7WbeBhF/NlmaAPKxZHzzOHjCkPtNQ1qJuRG3nxH/pYvDTYqIwnI+bprYGr5cRAv+KTCswsF9QYlWQRcAUBCsltc/Ucq2LJjgElE5uUgmU8f354hb7wCp/LQ05HzsVhI9SRbC6ogcyxQuQhUIpn2sQ3Nz4eAEeFFd5mQ+3RuSpXZT0lE3H2nideHcPR3vx1xm1glqjqQgEpaeY2nU7VysXlBYLtTayug8Tf4D9lJ4BwAltG3mRBCMeLio3kIx8SK0k1F0/cHH5FlwC6Mt3JZ2xZ606QPO+SjnZbr0iwnbXC]]></Encrypt><AgentID><![CDATA[1000002]]></AgentID></xml>
2017-11-08 19:38:33.992 [http-apr-8080-exec-73] INFO  com.ray.weixin.qy.service.message.reply.ReplyMessageService - reply_xmlMsg:<xml><ToUserName><![CDATA[ww92f5da92bb24696e]]></ToUserName><FromUserName><![CDATA[ShiRui]]></FromUserName><CreateTime>1510141113</CreateTime><MsgType><![CDATA[event]]></MsgType><AgentID>1000002</AgentID><Event><![CDATA[LOCATION]]></Event><Latitude>31.1676</Latitude><Longitude>121.156</Longitude><Precision>15</Precision></xml>
2017-11-08 19:38:33.994 [http-apr-8080-exec-73] INFO  com.ray.weixin.qy.service.message.reply.ReplyMessageService - fromUserName:ShiRui
2017-11-08 19:38:33.994 [http-apr-8080-exec-73] INFO  com.ray.weixin.qy.service.message.reply.ReplyMessageService - toUserName:ww92f5da92bb24696e
2017-11-08 19:38:33.994 [http-apr-8080-exec-73] INFO  com.ray.weixin.qy.service.message.reply.ReplyMessageService - msgType:event
2017-11-08 19:38:33.994 [http-apr-8080-exec-73] INFO  com.ray.weixin.qy.service.message.reply.ReplyMessageService - Event:LOCATION  eventKey:null
2017-11-08 19:38:39.063 [http-apr-8080-exec-75] INFO  com.ray.weixin.qy.controller.WeiXinServlet - post--------------
2017-11-08 19:38:39.063 [http-apr-8080-exec-75] INFO  com.ray.weixin.qy.service.message.reply.ReplyMessageService - parms:{"msg_signature":["c84b4d3dc7f7f569bdff280af804e8cbd1290915"],"timestamp":["1510141118"],"nonce":["1487290247"]}
2017-11-08 19:38:39.063 [http-apr-8080-exec-75] INFO  com.ray.weixin.qy.service.message.reply.ReplyMessageService - postData:<xml><ToUserName><![CDATA[ww92f5da92bb24696e]]></ToUserName><Encrypt><![CDATA[u1q2gWtGEOr7RO9jrTLhgnDsNxyyCCaMs0RPizsSgK8gymFAJOTuIwxn1dGwzvSo+oxMOBItZ6J3I/cyrRHKvHVk5iASmwGIu+mDwg3gnjXtpNKW2Scgfm6lLYKgUMjlSGrfWu1Zks+SX9ZAXJw2q5B6Xhero5IwN8tTNqXuvErXRk5+5nltVUOVbQvZtmODe3oAA3P/6nIusZZfE+d+1v+ijEcsZovN0h1s6WACOCRFx0jquuqXlEDaT7bt92UfzIULLM3e8MFaCfMlFprWrHCL9zvV278KRnkTKIqd1afOuJLjNJM3fHI0wjF9t/owznSBpwcNz9XzEAbLlCgq/zfqKZUDs/Y5gsiCP8VMyf26TJSq22CwxTiRzaWwOKmMzz4jgwnyQQXioBw4HcQ1en7Y6xXSSSsU2Pn2c2YhzHZafQlDoyN10wF68jSsdI4aYvQuWyUzCIGwL4DqDWXUqt/io3gQuEA0lqRkFb9B07KuO9NmF75xp7c9KDxnoxbM]]></Encrypt><AgentID><![CDATA[1000002]]></AgentID></xml>
2017-11-08 19:38:39.065 [http-apr-8080-exec-75] INFO  com.ray.weixin.qy.service.message.reply.ReplyMessageService - reply_xmlMsg:<xml><ToUserName><![CDATA[ww92f5da92bb24696e]]></ToUserName><FromUserName><![CDATA[ShiRui]]></FromUserName><CreateTime>1510141118</CreateTime><MsgType><![CDATA[event]]></MsgType><AgentID>1000002</AgentID><Event><![CDATA[LOCATION]]></Event><Latitude>31.1676</Latitude><Longitude>121.156</Longitude><Precision>15</Precision></xml>
2017-11-08 19:38:39.066 [http-apr-8080-exec-75] INFO  com.ray.weixin.qy.service.message.reply.ReplyMessageService - fromUserName:ShiRui
2017-11-08 19:38:39.066 [http-apr-8080-exec-75] INFO  com.ray.weixin.qy.service.message.reply.ReplyMessageService - toUserName:ww92f5da92bb24696e
2017-11-08 19:38:39.067 [http-apr-8080-exec-75] INFO  com.ray.weixin.qy.service.message.reply.ReplyMessageService - msgType:event
2017-11-08 19:38:39.067 [http-apr-8080-exec-75] INFO  com.ray.weixin.qy.service.message.reply.ReplyMessageService - Event:LOCATION  eventKey:null
2017-11-08 19:38:44.245 [http-apr-8080-exec-68] INFO  com.ray.weixin.qy.controller.WeiXinServlet - post--------------
2017-11-08 19:38:44.246 [http-apr-8080-exec-68] INFO  com.ray.weixin.qy.service.message.reply.ReplyMessageService - parms:{"msg_signature":["3c2ad275564169dc5bcfa3cc9fab0e008f1f01b7"],"timestamp":["1510141123"],"nonce":["1212147980"]}
2017-11-08 19:38:44.246 [http-apr-8080-exec-68] INFO  com.ray.weixin.qy.service.message.reply.ReplyMessageService - postData:<xml><ToUserName><![CDATA[ww92f5da92bb24696e]]></ToUserName><Encrypt><![CDATA[UuWZHKdsBI/1A3C9zZgLYkvCE8YSNSFqp1TXI1g8X5Ycm+E+9sh7SNwHj6j+cy95QuflJApOmzdUbzOp8XJRqkG5uNp9uFQoSHdRc8JCcx8E+GvLf+L+9CPXUZubA6xhzfeA+39xCIzdHt30vDtV/zMNYFUvMXMdZQyUzZFRNJ6XTye0cgEr3RL6CwqR4Ig/j1++Q7x5yOyTrXeRWS40MtLMLxHbIjJeNfMTqwq0+ivvpd9ZkbFOAw1kdQWwZwmG9tHBquPUr8KzSWLoToi08g7aoCDWnYfhbwbeXuckIy/qj2SS04vAx0j2oXXfFEMHxxOkytLiNEU3XPCG9kuNNmYcBvYzxMaxHhkdpkvjj5Xw4ACC3xwqkYmMvPAzEHWwaJKRla/tX7/TeSI2GgAfwpe73PoT6DRL7o9C4XFt+5/m/py18RUtgFmKopYq2d+6K4OH5FkA6VUZgNaft9f0EvLLPdbkf6rVhJdZTfn+ksSvp3FDNwiAcQcYf4M7uPGj]]></Encrypt><AgentID><![CDATA[1000002]]></AgentID></xml>
2017-11-08 19:38:44.247 [http-apr-8080-exec-68] INFO  com.ray.weixin.qy.service.message.reply.ReplyMessageService - reply_xmlMsg:<xml><ToUserName><![CDATA[ww92f5da92bb24696e]]></ToUserName><FromUserName><![CDATA[ShiRui]]></FromUserName><CreateTime>1510141123</CreateTime><MsgType><![CDATA[event]]></MsgType><AgentID>1000002</AgentID><Event><![CDATA[LOCATION]]></Event><Latitude>31.1676</Latitude><Longitude>121.156</Longitude><Precision>15</Precision></xml>
2017-11-08 19:38:44.248 [http-apr-8080-exec-68] INFO  com.ray.weixin.qy.service.message.reply.ReplyMessageService - fromUserName:ShiRui
2017-11-08 19:38:44.249 [http-apr-8080-exec-68] INFO  com.ray.weixin.qy.service.message.reply.ReplyMessageService - toUserName:ww92f5da92bb24696e
2017-11-08 19:38:44.249 [http-apr-8080-exec-68] INFO  com.ray.weixin.qy.service.message.reply.ReplyMessageService - msgType:event
2017-11-08 19:38:44.249 [http-apr-8080-exec-68] INFO  com.ray.weixin.qy.service.message.reply.ReplyMessageService - Event:LOCATION  eventKey:null
2017-11-08 19:38:52.677 [http-apr-8080-exec-77] INFO  com.ray.weixin.qy.controller.WeiXinServlet - post--------------
2017-11-08 19:38:52.677 [http-apr-8080-exec-77] INFO  com.ray.weixin.qy.service.message.reply.ReplyMessageService - parms:{"msg_signature":["c35d3f168bd9297f53c664d5fec850a9aaaafb13"],"timestamp":["1510141132"],"nonce":["1375025921"]}
2017-11-08 19:38:52.677 [http-apr-8080-exec-77] INFO  com.ray.weixin.qy.service.message.reply.ReplyMessageService - postData:<xml><ToUserName><![CDATA[ww92f5da92bb24696e]]></ToUserName><Encrypt><![CDATA[rNPg9ytNN7n4DgYl2n3wlo+TR97E+GNyiiIF9XUxAuCiE8P+lVCOt8AHJ9gbK7yyz/XvAnxLf5Q4pQnGoW4IcKHLC/6/mFQn6xj4f5k7dr2FeQnj3/NfOdka1XHYjaZvGKuHCyi9HdemHls5wptKXeiG+7mh6bDV6Gaj6wJG8JvDsJg+QYJKHjRCk1nEcMtQmtvI+Z3q9MbL8qRENBDQjA9Ar+5O+IXfSJ+KYicbw2iYGE2SmoklgY0stCvCAR+wM0d6azpo+cRNaXYlFOO7sVunJoFlrL+gV+jatb7MXqrXuSWDRfL3swnD1Onr6E5giHnOd64wfsMSdDiYXT435jmV4rxkrHDh/EPwOXf/tVkCyw8Gm/TloF2TLk2tvYR5FJmXAYwEYJNi9Fsoe5QcOHF8iRNz4QhY25haKKophA71AqFuQExvkOQRvcFM6RimKUQyoHoktxD8PqQvPNvgn3hqEF0xEgBJyxuoU7FbhG7BkfBDfNCA4g9qwm5lquWV]]></Encrypt><AgentID><![CDATA[1000002]]></AgentID></xml>
2017-11-08 19:38:52.679 [http-apr-8080-exec-77] INFO  com.ray.weixin.qy.service.message.reply.ReplyMessageService - reply_xmlMsg:<xml><ToUserName><![CDATA[ww92f5da92bb24696e]]></ToUserName><FromUserName><![CDATA[ShiRui]]></FromUserName><CreateTime>1510141132</CreateTime><MsgType><![CDATA[event]]></MsgType><AgentID>1000002</AgentID><Event><![CDATA[LOCATION]]></Event><Latitude>31.1676</Latitude><Longitude>121.156</Longitude><Precision>15</Precision></xml>
2017-11-08 19:38:52.680 [http-apr-8080-exec-77] INFO  com.ray.weixin.qy.service.message.reply.ReplyMessageService - fromUserName:ShiRui
2017-11-08 19:38:52.680 [http-apr-8080-exec-77] INFO  com.ray.weixin.qy.service.message.reply.ReplyMessageService - toUserName:ww92f5da92bb24696e
2017-11-08 19:38:52.681 [http-apr-8080-exec-77] INFO  com.ray.weixin.qy.service.message.reply.ReplyMessageService - msgType:event
2017-11-08 19:38:52.681 [http-apr-8080-exec-77] INFO  com.ray.weixin.qy.service.message.reply.ReplyMessageService - Event:LOCATION  eventKey:null
