2017-11-15 16:40:44.524 [http-apr-8080-exec-1] INFO  com.ray.weixin.gz.controller.WeiXinServlet - post--------------
2017-11-15 16:40:44.670 [http-apr-8080-exec-5] INFO  com.ray.weixin.gz.util.AuthHelper - jsonObject:{"access_token":"cktoUYUTc6YkLbCymRTHuHS0iesEotLAg-vK8EISlABK75IcmnSIeF4L-du2eW7K9xvi5VkScBQNuPcFKrljcNtvvbf6-O4WN_z9hhSvXm9qU2A8XUcAkIVK1ep4afkvULLaAIADUU","expires_in":7200}
2017-11-15 16:40:44.833 [http-apr-8080-exec-1] INFO  com.ray.weixin.gz.service.message.ReplyMessageService - parms:{"signature":["24dedb2afc306b68907b37f607856cd20ed3b919"],"timestamp":["1510735243"],"nonce":["779103310"],"openid":["o1M7_1TLByH8H1T7XCIj23Roo5yU"],"encrypt_type":["aes"],"msg_signature":["42087e43f2ab3b3f2a56eebd6d1fbd5e15175dd0"]}
2017-11-15 16:40:44.836 [http-apr-8080-exec-1] INFO  com.ray.weixin.gz.service.message.ReplyMessageService - postData:<xml>    <ToUserName><![CDATA[gh_8903be978f8b]]></ToUserName>    <Encrypt><![CDATA[7StujQGuPiGiZ0ycJtXHDp5onaYpwurBwEKHIpxTPjPVSREd+s/zmGK1/VB0je6bZwnRVeqcyQK/rBpghkT93CKgbxOlbQrE/XyP2MXLLRK+wMJWMcjEaKM8bbs+27rskXfQWHohHbvtuj2t8Wlaoz+r1953lu/lqFn4NeFsonprx9Y+J6EpCOZsfV+dHTvxq0OP5N6TQmc7oQMQPkpNatWYvsSmgMuHatO0XAQvi9e3D2csBHAjo/iqACaJJmFY5FYIP4VrvEzAyN5hrlO6DsrXcQDy4kDqE58zw40Q+jLDeO1PM0l9kv5MVy8eFOfRjpndgHYgMwqIsO8UZXqxYndNHyN6qDgOYzaQ7RFFFUX1OJMOV795hkbUcT9iehBij0Xy/u1KOfqDduepSB0Hh22GPRRbOJzlQwc/aXHP1rVPTS0VeYCShg3SOeYcbLQxa+WUWDUzNpsw7l/ryZY+OR6atuSDJjzWlzZZafstewvd0WX/Ax6rm04cCqChopJe/Y9y/ODieeaZvixHZGYkxNyqCp8Oyu8d/m/kH2vH43A=]]></Encrypt></xml>
2017-11-15 16:40:44.839 [http-apr-8080-exec-1] INFO  com.ray.weixin.gz.service.message.ReplyMessageService - 安全模式：消息被加密
2017-11-15 16:40:44.862 [http-apr-8080-exec-1] INFO  com.ray.weixin.gz.service.message.ReplyMessageService - <xml><ToUserName><![CDATA[gh_8903be978f8b]]></ToUserName>
<FromUserName><![CDATA[o1M7_1TLByH8H1T7XCIj23Roo5yU]]></FromUserName>
<CreateTime>1510735243</CreateTime>
<MsgType><![CDATA[event]]></MsgType>
<Event><![CDATA[VIEW]]></Event>
<EventKey><![CDATA[http://rayner.nat300.top/weixin_gz/showInvoice.jsp]]></EventKey>
<MenuId>450181554</MenuId>
</xml>
2017-11-15 16:40:44.875 [http-apr-8080-exec-1] INFO  com.ray.weixin.gz.service.message.ReplyMessageService - fromUserName:o1M7_1TLByH8H1T7XCIj23Roo5yU
2017-11-15 16:40:44.876 [http-apr-8080-exec-1] INFO  com.ray.weixin.gz.service.message.ReplyMessageService - toUserName:gh_8903be978f8b
2017-11-15 16:40:44.876 [http-apr-8080-exec-1] INFO  com.ray.weixin.gz.service.message.ReplyMessageService - msgType:event
2017-11-15 16:40:44.877 [http-apr-8080-exec-1] INFO  com.ray.weixin.gz.service.message.ReplyMessageService - Event:VIEW  eventKey:http://rayner.nat300.top/weixin_gz/showInvoice.jsp
2017-11-15 16:40:44.955 [http-apr-8080-exec-5] INFO  com.ray.weixin.gz.util.AuthHelper - jsonObject:{"errcode":0,"ticket":"HoagFKDcsGMVCIY2vOjf9mrEXbwXSbqpUm0898_LsZjrgUvXUmjZj1WFa7xD7-y9AQW9Hpa1_IwgC-BK5w_kpw","errmsg":"ok","expires_in":7200}
2017-11-15 16:40:44.956 [http-apr-8080-exec-5] INFO  com.ray.weixin.gz.util.AuthHelper - accessToken:cktoUYUTc6YkLbCymRTHuHS0iesEotLAg-vK8EISlABK75IcmnSIeF4L-du2eW7K9xvi5VkScBQNuPcFKrljcNtvvbf6-O4WN_z9hhSvXm9qU2A8XUcAkIVK1ep4afkvULLaAIADUU
2017-11-15 16:40:44.956 [http-apr-8080-exec-5] INFO  com.ray.weixin.gz.util.AuthHelper - ticket:HoagFKDcsGMVCIY2vOjf9mrEXbwXSbqpUm0898_LsZjrgUvXUmjZj1WFa7xD7-y9AQW9Hpa1_IwgC-BK5w_kpw
2017-11-15 16:40:44.956 [http-apr-8080-exec-5] INFO  com.ray.weixin.gz.util.AuthHelper - nonceStr:f5d91b38-6ef5-455f-9a77-93fd35045231
2017-11-15 16:40:44.957 [http-apr-8080-exec-5] INFO  com.ray.weixin.gz.util.AuthHelper - timeStamp:1510735244
2017-11-15 16:40:44.957 [http-apr-8080-exec-5] INFO  com.ray.weixin.gz.util.AuthHelper - signedUrl:http://rayner.nat300.top/weixin_gz/showInvoice.jsp
2017-11-15 16:40:44.957 [http-apr-8080-exec-5] INFO  com.ray.weixin.gz.util.AuthHelper - signature:9930df979f264ea61ab819fdc3657ee1e171d39a
2017-11-15 16:40:44.957 [http-apr-8080-exec-5] INFO  com.ray.weixin.gz.util.AuthHelper - appId:wx07c4d9d0895fe212
2017-11-15 16:40:44.957 [http-apr-8080-exec-5] INFO  com.ray.weixin.gz.util.AuthHelper - configValue:{signature:'9930df979f264ea61ab819fdc3657ee1e171d39a',nonceStr:'f5d91b38-6ef5-455f-9a77-93fd35045231',timeStamp:'1510735244',appId:'wx07c4d9d0895fe212'}
2017-11-15 16:40:45.048 [http-apr-8080-exec-5] INFO  com.ray.weixin.gz.util.AuthHelper - jsonObject:{"access_token":"cktoUYUTc6YkLbCymRTHuHS0iesEotLAg-vK8EISlABz9wsDL7qzQ28HWw5ph3Hed8nA-1tdxGMychRm3QdgHpkYqATMvqw3gn1CyuvNEqXrddVG7NUcuWVJZZLPBxQLSDYaAIAOZU","expires_in":7199}
2017-11-15 16:40:45.151 [http-apr-8080-exec-5] INFO  com.ray.weixin.gz.service.invoice.InvoiceService - jsonObject:{"errcode":0,"ticket":"9KwiourQPRN3vx3Nn1c_iXCh-5F7rD5UiR6FRkNziS1qBd3gAGN5S8BmdmsudJYYtP_uKP4Q2TgqHEb_CnvT9w","errmsg":"ok","expires_in":7200}
2017-11-15 16:40:45.151 [http-apr-8080-exec-5] INFO  com.ray.weixin.gz.util.AuthHelper - apiTicket:9KwiourQPRN3vx3Nn1c_iXCh-5F7rD5UiR6FRkNziS1qBd3gAGN5S8BmdmsudJYYtP_uKP4Q2TgqHEb_CnvT9w
2017-11-15 16:40:45.152 [http-apr-8080-exec-5] INFO  com.ray.weixin.gz.util.AuthHelper - appId:wx07c4d9d0895fe212
2017-11-15 16:40:45.152 [http-apr-8080-exec-5] INFO  com.ray.weixin.gz.util.AuthHelper - timeStamp:1510735245
2017-11-15 16:40:45.152 [http-apr-8080-exec-5] INFO  com.ray.weixin.gz.util.AuthHelper - nonceStr:5cdb1589-459d-4c42-a72c-0e832a8774ec
2017-11-15 16:40:45.152 [http-apr-8080-exec-5] INFO  com.ray.weixin.gz.util.AuthHelper - cardType:INVOICE
2017-11-15 16:40:45.152 [http-apr-8080-exec-5] INFO  com.ray.weixin.gz.util.AuthHelper - cardSign:82476d788a34f30fedbad7e5527692fa4c80fcd2
2017-11-15 16:40:45.152 [http-apr-8080-exec-5] INFO  com.ray.weixin.gz.util.AuthHelper - signType:SHA1
2017-11-15 16:40:45.153 [http-apr-8080-exec-5] INFO  com.ray.weixin.gz.util.AuthHelper - configValue:{"signType":"SHA1","cardSign":"82476d788a34f30fedbad7e5527692fa4c80fcd2","nonceStr":"5cdb1589-459d-4c42-a72c-0e832a8774ec","timestamp":"1510735245"}
2017-11-15 16:40:50.857 [http-apr-8080-exec-6] INFO  com.ray.weixin.gz.util.AuthHelper - jsonObject:{"access_token":"cktoUYUTc6YkLbCymRTHuHS0iesEotLAg-vK8EISlABMg5pJA80FnxDWcHNnlPdgqKDNNXaAJ8dtEokB-KIySaN05p-Om8coBawy6okxLwFCZlG89Ei2X1UnH_mJhI8gQXWaAIAVCB","expires_in":7200}
2017-11-15 16:40:51.021 [http-apr-8080-exec-6] INFO  com.ray.weixin.gz.service.invoice.InvoiceService - jsonObject:{"errcode":0,"payee":"上海圆迈贸易有限公司","user_info":{"reimburse_status":"INVOICE_REIMBURSE_INIT","fee":19265,"tax":2799,"pdf_url":"http://wdfp.5ifapiao.com/wx-card/getPdf/wdfp/031001700311/10130772/59869458371280709832?card_id=pN0bYv8ll7_8REjYNPNLzfSpVi54&wx_invoice_token=vHE5kaaLFelvyosk6hyN9qfmT4mz22-3-DtItACfp08jA-W3T1CC2S11Axvpd1aCMGVfWdb43r9OoJOoCjI5eaU7rq0BKqyHSn3nB0FbUj8.","title":"个人","billing_code":"10130772","billing_time":1510662340,"check_code":"59869458371280709832","fee_without_tax":16466,"detail":" ","billing_no":"031001700311","order_id":"64532618652","info":[{"unit":" ","price":16466,"num":1,"name":"七匹狼 男士纯棉内裤平角裤 舒适透气柔软棉质裤头 4条混色礼盒装 XXXL（95159-4）"}]},"openid":"o1M7_1TLByH8H1T7XCIj23Roo5yU","errmsg":"ok","detail":"可在公司企业号内报销使用","type":"增值税电子普通发票","card_id":"pN0bYv8ll7_8REjYNPNLzfSpVi54"}
2017-11-15 16:40:51.022 [http-apr-8080-exec-6] INFO  com.ray.weixin.gz.controller.invoice.InvoiceServlet - [{"errcode":0,"payee":"上海圆迈贸易有限公司","user_info":{"reimburse_status":"INVOICE_REIMBURSE_INIT","fee":19265,"tax":2799,"pdf_url":"http://wdfp.5ifapiao.com/wx-card/getPdf/wdfp/031001700311/10130772/59869458371280709832?card_id=pN0bYv8ll7_8REjYNPNLzfSpVi54&wx_invoice_token=vHE5kaaLFelvyosk6hyN9qfmT4mz22-3-DtItACfp08jA-W3T1CC2S11Axvpd1aCMGVfWdb43r9OoJOoCjI5eaU7rq0BKqyHSn3nB0FbUj8.","title":"个人","billing_code":"10130772","billing_time":1510662340,"check_code":"59869458371280709832","fee_without_tax":16466,"detail":" ","billing_no":"031001700311","order_id":"64532618652","info":[{"unit":" ","price":16466,"num":1,"name":"七匹狼 男士纯棉内裤平角裤 舒适透气柔软棉质裤头 4条混色礼盒装 XXXL（95159-4）"}]},"openid":"o1M7_1TLByH8H1T7XCIj23Roo5yU","errmsg":"ok","detail":"可在公司企业号内报销使用","type":"增值税电子普通发票","card_id":"pN0bYv8ll7_8REjYNPNLzfSpVi54"}]
