2017-11-08 18:23:05.127 [http-apr-8080-exec-22] INFO  com.ray.weixin.qy.controller.WeiXinServlet - post--------------
2017-11-08 18:23:05.223 [http-apr-8080-exec-22] INFO  com.ray.weixin.qy.service.message.ReplyMessageService - parms:{"msg_signature":["f04774c0b9a37a62f2f6030ece72b5e638b00619"],"timestamp":["1510136583"],"nonce":["784463186"]}
2017-11-08 18:23:05.223 [http-apr-8080-exec-22] INFO  com.ray.weixin.qy.service.message.ReplyMessageService - decryptMsg_encrypt:false
2017-11-08 18:23:05.224 [http-apr-8080-exec-22] INFO  com.ray.weixin.qy.service.message.ReplyMessageService - postData:<xml><ToUserName><![CDATA[ww92f5da92bb24696e]]></ToUserName><Encrypt><![CDATA[lpPb2DbLdmzr81dbehW3LZBxMTHANoL3XEzbMR2SRgY9LQCGii4uHrwWJG/IOEVgGWxiVTPyyLjzp5RkCAV3wTyT+njlkhFGXpmoF/xO2rW6rLbWtPHf2KATWBfKOaG5gIOWovRSStwXSIe0JZMMCV+R9p9wh2EL4DCXJRtAIgLdNKvDZC/uSv+B9Hj5zF5J+3le2pxlQZhux06NMGAiF/yxJpMyTnubxGm4z6r6Jdq9110+tkL9Wov2I6GpfGUbAvxz2yNTzUtNpnlWx6G6jpmBGfpcOtbAwAktRq1NFJzTsTeU25op28nQQhwWE2LDK3Mr6BaWRaF4QndgFNoDwawLZzUkD24GXV1mZa+/raTEc6MT702QOEqQOpy+fTboZNrgiE4Z7dcRUMHHXuJrWgTF5wLSV7dFyUryhPEavzo1XSA7xmIX3fyYwJNuWQTST3JtmgifM7YddgXCutQz4nbYE0VAHV19378BiA/F0GxBUwg6PB5vt7SHF6wpqCRv]]></Encrypt><AgentID><![CDATA[1000002]]></AgentID></xml>
2017-11-08 18:23:05.224 [http-apr-8080-exec-22] INFO  com.ray.weixin.qy.service.message.ReplyMessageService - 安全模式：消息被加密
2017-11-08 18:23:05.269 [http-apr-8080-exec-22] INFO  com.ray.weixin.qy.service.message.ReplyMessageService - reply_xmlMsg:<xml><ToUserName><![CDATA[ww92f5da92bb24696e]]></ToUserName><FromUserName><![CDATA[ShiRui]]></FromUserName><CreateTime>1510136583</CreateTime><MsgType><![CDATA[event]]></MsgType><AgentID>1000002</AgentID><Event><![CDATA[LOCATION]]></Event><Latitude>31.1695</Latitude><Longitude>121.152</Longitude><Precision>0</Precision></xml>
2017-11-08 18:23:05.269 [http-apr-8080-exec-22] INFO  com.ray.weixin.qy.service.message.ReplyMessageService - encrypt:false
2017-11-08 18:23:05.543 [http-apr-8080-exec-22] INFO  com.ray.weixin.qy.service.message.ReplyMessageService - fromUserName:ShiRui
2017-11-08 18:23:05.543 [http-apr-8080-exec-22] INFO  com.ray.weixin.qy.service.message.ReplyMessageService - toUserName:ww92f5da92bb24696e
2017-11-08 18:23:05.543 [http-apr-8080-exec-22] INFO  com.ray.weixin.qy.service.message.ReplyMessageService - msgType:event
2017-11-08 18:23:05.543 [http-apr-8080-exec-22] INFO  com.ray.weixin.qy.service.message.ReplyMessageService - Event:LOCATION  eventKey:null
2017-11-08 18:23:08.077 [http-apr-8080-exec-24] INFO  com.ray.weixin.qy.controller.WeiXinServlet - post--------------
2017-11-08 18:23:08.079 [http-apr-8080-exec-24] INFO  com.ray.weixin.qy.service.message.ReplyMessageService - parms:{"msg_signature":["893873bcbf1b2877d97bee2fb0a8d1fbd92f58da"],"timestamp":["1510136587"],"nonce":["626741818"]}
2017-11-08 18:23:08.079 [http-apr-8080-exec-24] INFO  com.ray.weixin.qy.service.message.ReplyMessageService - decryptMsg_encrypt:false
2017-11-08 18:23:08.080 [http-apr-8080-exec-24] INFO  com.ray.weixin.qy.service.message.ReplyMessageService - postData:<xml><ToUserName><![CDATA[ww92f5da92bb24696e]]></ToUserName><Encrypt><![CDATA[mpifIY3eh+Z3ZRUgasyXL9bfyPIBjKNTAN2rNg4ZrUnYsTlwbGYYHGI9Z3EFZqqgsi/NWJcZFqqPAafHoUBEo7TOD/1/l5Qe9QY/xV85sv1aWUGIjHMB/kaQPzjEIEItxYUd1I7Hi0owWH6mPlbXnnmM3UGa1es9N+IlDWVNG1gUpd8yiDxGCTKBh3BGqVQIBuaGcur59lt/5lKsLY71wMMi5eegVvcfI1jItfq8FI3YTdr5zvP1QOz+T1HdTPZ3HCXq6PjA9MEDQJ4kYO3KzqbwEnZW/rY8hS1qiJ+MmzTgxwB2b4Fssrt8UiJCgpSqDfCHLGmHSIawGOYnhbM48jcuFGmS3ho5mEo5gjv7Pn3fJiKF1misTi/sdkWdeskivoh0IeN24Q16g2W0HQeYXCvnKf4Qpk5GSfJTrQxkwnc=]]></Encrypt><AgentID><![CDATA[1000002]]></AgentID></xml>
2017-11-08 18:23:08.081 [http-apr-8080-exec-24] INFO  com.ray.weixin.qy.service.message.ReplyMessageService - 安全模式：消息被加密
2017-11-08 18:23:08.090 [http-apr-8080-exec-24] INFO  com.ray.weixin.qy.service.message.ReplyMessageService - reply_xmlMsg:<xml><ToUserName><![CDATA[ww92f5da92bb24696e]]></ToUserName><FromUserName><![CDATA[ShiRui]]></FromUserName><CreateTime>1510136587</CreateTime><MsgType><![CDATA[text]]></MsgType><Content><![CDATA[121313]]></Content><MsgId>2068131357</MsgId><AgentID>1000002</AgentID></xml>
2017-11-08 18:23:08.090 [http-apr-8080-exec-24] INFO  com.ray.weixin.qy.service.message.ReplyMessageService - encrypt:false
2017-11-08 18:23:08.094 [http-apr-8080-exec-24] INFO  com.ray.weixin.qy.service.message.ReplyMessageService - fromUserName:ShiRui
2017-11-08 18:23:08.094 [http-apr-8080-exec-24] INFO  com.ray.weixin.qy.service.message.ReplyMessageService - toUserName:ww92f5da92bb24696e
2017-11-08 18:23:08.094 [http-apr-8080-exec-24] INFO  com.ray.weixin.qy.service.message.ReplyMessageService - msgType:text
2017-11-08 18:23:08.095 [http-apr-8080-exec-24] INFO  com.ray.weixin.qy.service.message.ReplyMessageService - Event:null  eventKey:null
