2017-11-02 11:00:35.222 [main] INFO  com.ray.weixin.gz.util.AuthHelper - jsonObject:{"access_token":"qNGr5PYleIWw-a0khtPeh5BJWWyj146rWmb6AcOYf-RtX5Gv4caWj8cHMwMgl9Trwo33ReK59NHJiOGuZqM2BYPUdFN53ezU2xXqQCX26g_IdzlUaqAVNa7yBVgZnv82KEXfABAYSL","expires_in":7200}
2017-11-02 11:00:35.368 [main] INFO  com.ray.weixin.gz.util.AuthHelper - jsonObject:{"errcode":0,"ticket":"kgt8ON7yVITDhtdwci0qed-m2nUygHpV3DXUL-ToMkgV9_zWqMZqZdRXGjvkndBE4ofj0pWkhjCrjCrzew8K1g","errmsg":"ok","expires_in":7200}
2017-11-02 11:00:35.369 [main] INFO  com.ray.weixin.gz.test.AuthHelperTest - accessToken:qNGr5PYleIWw-a0khtPeh5BJWWyj146rWmb6AcOYf-RtX5Gv4caWj8cHMwMgl9Trwo33ReK59NHJiOGuZqM2BYPUdFN53ezU2xXqQCX26g_IdzlUaqAVNa7yBVgZnv82KEXfABAYSL
2017-11-02 11:00:35.369 [main] INFO  com.ray.weixin.gz.test.AuthHelperTest - jsapiTicket:kgt8ON7yVITDhtdwci0qed-m2nUygHpV3DXUL-ToMkgV9_zWqMZqZdRXGjvkndBE4ofj0pWkhjCrjCrzew8K1g
2017-11-02 11:00:35.472 [main] INFO  com.ray.weixin.gz.util.AuthHelper - jsonObject:{"access_token":"qNGr5PYleIWw-a0khtPeh5BJWWyj146rWmb6AcOYf-Qr27ChNi3qZquyu6sVRq45CE7H7F9HiB75NBkrBEzlHRC5SQIXlkiI7FTvpnZ925yUmA1oeujKYS4rJtJOWsiPSCSfABAFPF","expires_in":7199}
2017-11-02 11:00:35.472 [main] INFO  com.ray.weixin.gz.test.AuthHelperTest - accessToken:qNGr5PYleIWw-a0khtPeh5BJWWyj146rWmb6AcOYf-Qr27ChNi3qZquyu6sVRq45CE7H7F9HiB75NBkrBEzlHRC5SQIXlkiI7FTvpnZ925yUmA1oeujKYS4rJtJOWsiPSCSfABAFPF
2017-11-02 11:00:35.566 [main] INFO  com.ray.weixin.gz.util.AuthHelper - jsonObject:{"access_token":"qNGr5PYleIWw-a0khtPeh5BJWWyj146rWmb6AcOYf-RQjecc-hPb9lrdBpuFYvNN0qL5Aj7FfmA_7Cxhr37C0K_DUbkyGAY_LMVrig6kSBSpimDKpsgz165nRcUG6Fw0ZOSfABAJYC","expires_in":7199}
2017-11-02 11:00:35.568 [main] INFO  com.ray.weixin.gz.service.menu.MenuService - {"kf_account":"test1@saofapiao","nickname":"客服1"}
2017-11-02 11:00:35.763 [main] INFO  com.ray.weixin.gz.util.AuthHelper - jsonObject:{"access_token":"qNGr5PYleIWw-a0khtPeh5BJWWyj146rWmb6AcOYf-TjUXnWlWW0iL3R8lxnds6ISN1a-kkCQbZsBr9q7Ubd5C-trDc5iSS-ZYprlfpU3M_I3WrWgogxMe4rfB0bbe0LPNRfABALJN","expires_in":7199}
2017-11-02 11:00:35.984 [main] INFO  com.ray.weixin.gz.util.AuthHelper - jsonObject:{"access_token":"qNGr5PYleIWw-a0khtPeh5BJWWyj146rWmb6AcOYf-T_6N5g5N8EgIkpub1IOaHb-IVdHg4PEbjxAqtWVIAZn2oRWOdJo_2lB3dP2Wbntgw9poJcjyq5yVxMsOZJ3JHdQBIfABAUFM","expires_in":7199}
2017-11-02 11:00:36.012 [main] INFO  com.ray.weixin.gz.service.menu.MenuService - {"button":[{"name":"汉得测试","sub_button":[{"name":"移动审批","type":"view","url":"https://open.weixin.qq.com/connect/oauth2/authorize?appid=wxa0064ea657f80062&redirect_uri=http%3A%2F%2Fse9mxs.natappfree.cc%2Fweixin_gz%2FIDAuthentication.jsp&response_type=code&scope=snsapi_userinfo&state=STATE#wechat_redirect"},{"name":"上传图片","type":"view","url":"https://open.weixin.qq.com/connect/oauth2/authorize?appid=wxa0064ea657f80062&redirect_uri=http%3A%2F%2Fse9mxs.natappfree.cc%2Fweixin_gz%2FuploadImg.jsp&response_type=code&scope=snsapi_userinfo&state=STATE#wechat_redirect"},{"name":"翻译功能","type":"click","key":"13"},{"name":"上传图片","type":"view","url":"http://5hcn2d.natappfree.cc/WeiXin_SanFenBaiXue/uploadimg.jsp"},{"name":"上传图片2","type":"view","url":"http://5hcn2d.natappfree.cc/WeiXin_SanFenBaiXue/index2.jsp"}]},{"name":"休闲驿站","sub_button":[{"name":"歌曲点播","type":"click","key":"21"},{"name":"经典游戏","type":"click","key":"22"},{"name":"美女电台","type":"click","key":"23"},{"name":"人脸识别","type":"click","key":"24"},{"name":"聊天唠嗑","type":"click","key":"25"}]},{"name":"更多","sub_button":[{"name":"Q友圈","type":"click","key":"31"},{"name":"幽默笑话","type":"click","key":"33"},{"name":"用户反馈","type":"click","key":"34"},{"name":"关于我们","type":"click","key":"35"},{"name":"周边搜索","type":"view","url":"http://liufeng.gotoip2.com/xiaoqrobot/help.jsp"}]}]}
2017-11-02 11:00:36.605 [main] INFO  com.ray.weixin.gz.service.menu.MenuService - jsonObject:{"errcode":0,"errmsg":"ok"}
2017-11-02 11:00:36.606 [main] INFO  com.ray.weixin.gz.service.menu.MenuService - 菜单创建成功！
2017-11-02 11:00:36.707 [main] INFO  com.ray.weixin.gz.util.AuthHelper - jsonObject:{"access_token":"qNGr5PYleIWw-a0khtPeh5BJWWyj146rWmb6AcOYf-SyOiKhT6G9dbYk4HXNJ8Lo97Q20-wH7hGpY0AYZWcx2V42kB50_cUo5kEIZGovI8Ei3oM7NmcpLTUtKpxq5_5KSFEfABAMZY","expires_in":7198}
2017-11-02 11:00:37.011 [main] INFO  com.ray.weixin.gz.service.menu.MenuService - jsonObject:{"errcode":0,"errmsg":"ok"}
2017-11-02 11:00:37.011 [main] INFO  com.ray.weixin.gz.service.menu.MenuService - 菜单删除成功！
2017-11-02 11:00:37.157 [main] INFO  com.ray.weixin.gz.util.AuthHelper - jsonObject:{"access_token":"qNGr5PYleIWw-a0khtPeh5BJWWyj146rWmb6AcOYf-RFgDspPN-f4yKVlrgttMh8zOlIB2xxfU0ascV519-x-6Np9Nk9p7YxqWIS5TvxJ-IYO-_9yuA3GL8uuYTnkp1vLBRfABAEUK","expires_in":7198}
2017-11-02 11:00:50.843 [main] INFO  com.ray.weixin.gz.service.tempmaterial.TempMaterialService - fileName:bdARqt5NClDYbP_og5NwBRwO4sCIIwF1ZeVQQKTvB1bkn2rL9Yq52Y6S656lTxf1.jpg
2017-11-02 11:00:50.952 [main] INFO  com.ray.weixin.gz.util.AuthHelper - jsonObject:{"access_token":"qNGr5PYleIWw-a0khtPeh5BJWWyj146rWmb6AcOYf-TT_ND6D4yEv1kIENB5eVbOqriUGW0vYLkrxcbwrP7EETxO9Cymz8_wXvxy2ZOQxcNVunI3N7-IeXFT7LUPeLLAIBNfABACVH","expires_in":7200}
2017-11-02 11:00:51.265 [main] INFO  com.ray.weixin.gz.util.AuthHelper - jsonObject:{"access_token":"qNGr5PYleIWw-a0khtPeh5BJWWyj146rWmb6AcOYf-QxhqxK8d7V8EiBSe5C8glH7mP9wtCil1j9LBEtHf0pbCG-6se6PKN_HokHe9iKl-dtm-WcMo41efhvBppLovUhONOfABAWVW","expires_in":7200}
2017-11-02 11:00:52.846 [main] INFO  com.ray.weixin.gz.service.tempmaterial.TempMaterialService - JsonObject:{"media_id":"nMAxrsuiurYohSIlaz5Dm-HSyTVjiQMQ2udwGe9xTR2si_3jBtY_auEdXjGny8JW","created_at":1509591652,"type":"image"}
2017-11-02 11:00:52.847 [main] INFO  com.ray.weixin.gz.service.tempmaterial.TempMaterialService - 上传image临时素材成功:nMAxrsuiurYohSIlaz5Dm-HSyTVjiQMQ2udwGe9xTR2si_3jBtY_auEdXjGny8JW
2017-11-02 11:00:53.180 [main] INFO  com.ray.weixin.gz.util.AuthHelper - jsonObject:{"access_token":"qNGr5PYleIWw-a0khtPeh5BJWWyj146rWmb6AcOYf-QPUG_TIPePhvCwgucBohcA3WWJWgywFT8XoYdIYQOVV-XOHJTjGrStGTYuufWvC9pa1O2iAeyFkIwDo_MJoRERQLEfABAEZS","expires_in":7200}
2017-11-02 11:00:53.386 [main] INFO  com.ray.weixin.gz.service.tempmaterial.TempMaterialService - jsonObject:{"item_count":2,"item":[{"update_time":1509590191,"name":"2.png","media_id":"NFREZRuTaNgMSgnxT5agYp8Vi3OwNHCtZTnux8cD4pE","url":"http://mmbiz.qpic.cn/mmbiz_png/2LubW5xIOiaJZibfzeiaBz0EGXxCkibnOlKfea961kHbpp6hbET8W6efewiadxoU04ceibkLjt0ycysMVPic0sWP3K86g/0?wx_fmt=png"},{"update_time":1509589813,"name":"2.png","media_id":"NFREZRuTaNgMSgnxT5agYtC0AXioWBruqBOeCy--HOI","url":"http://mmbiz.qpic.cn/mmbiz_png/2LubW5xIOiaJZibfzeiaBz0EGXxCkibnOlKfea961kHbpp6hbET8W6efewiadxoU04ceibkLjt0ycysMVPic0sWP3K86g/0?wx_fmt=png"}],"total_count":2}
2017-11-02 11:00:53.387 [main] INFO  com.ray.weixin.gz.service.tempmaterial.TempMaterialService - 获取永久素材列表成功 
2017-11-02 11:00:53.488 [main] INFO  com.ray.weixin.gz.util.AuthHelper - jsonObject:{"access_token":"qNGr5PYleIWw-a0khtPeh5BJWWyj146rWmb6AcOYf-R5GBbSpfz7Oi0afI0PIeAaGeWKwCNPTLMLaONhztbac4kwWVhZn4pr-nHeV0OrR8pESl9RqE-ZwD4rCAfMYOYgCZBfABATQS","expires_in":7200}
2017-11-02 11:00:53.615 [main] INFO  com.ray.weixin.gz.service.tempmaterial.TempMaterialService - fileName:null
2017-11-02 11:00:53.794 [main] INFO  com.ray.weixin.gz.util.AuthHelper - jsonObject:{"access_token":"qNGr5PYleIWw-a0khtPeh5BJWWyj146rWmb6AcOYf-TbGARgGDFdSUGy_H2beMRVVvWX9u8HXRZiWEfODWgDA0duFnKb8Xolqp_F1UWrIofZt08EsZrMhTR2rYicbXU5GWZfABAKAD","expires_in":7200}
2017-11-02 11:00:56.056 [main] INFO  com.ray.weixin.gz.service.tempmaterial.TempMaterialService - JsonObject:{"media_id":"NFREZRuTaNgMSgnxT5agYkK28J3tMxVJqKt0H86aLSc","url":"http://mmbiz.qpic.cn/mmbiz_png/2LubW5xIOiaJZibfzeiaBz0EGXxCkibnOlKfea961kHbpp6hbET8W6efewiadxoU04ceibkLjt0ycysMVPic0sWP3K86g/0?wx_fmt=png"}
2017-11-02 11:00:56.057 [main] INFO  com.ray.weixin.gz.service.tempmaterial.TempMaterialService - 新增永久素材成功:NFREZRuTaNgMSgnxT5agYkK28J3tMxVJqKt0H86aLSc
2017-11-02 11:00:56.235 [main] INFO  com.ray.weixin.gz.util.AuthHelper - jsonObject:{"access_token":"6_Gm9NCLK0vjUtbOm4XO3AjWO4Z9cKzoSvvwSETrExMAP9EP67mQwTX1SQwkQFCEAKyVPzafgmzx_C9DmdW5tMpQ5AdvMHikSwjhKob6nmN4Ty5hHIVW4c84WAaAwxbjBNAfACAMYL","expires_in":7200}
2017-11-02 11:00:57.984 [main] INFO  com.ray.weixin.gz.service.tempmaterial.TempMaterialService - JsonObject:{"url":"http://mmbiz.qpic.cn/mmbiz_png/2LubW5xIOiaJZibfzeiaBz0EGXxCkibnOlKfea961kHbpp6hbET8W6efewiadxoU04ceibkLjt0ycysMVPic0sWP3K86g/0"}
2017-11-02 11:00:57.985 [main] INFO  com.ray.weixin.gz.service.tempmaterial.TempMaterialService - 新增永久素材成功:http://mmbiz.qpic.cn/mmbiz_png/2LubW5xIOiaJZibfzeiaBz0EGXxCkibnOlKfea961kHbpp6hbET8W6efewiadxoU04ceibkLjt0ycysMVPic0sWP3K86g/0
2017-11-02 11:00:58.085 [main] INFO  com.ray.weixin.gz.util.AuthHelper - jsonObject:{"access_token":"6_Gm9NCLK0vjUtbOm4XO3AjWO4Z9cKzoSvvwSETrExPsRsQ10_wFko3n-b3ZEcTvShiEj_KsF31DimmHOQWIXn9CxeVaODteovF2IRQhmugCKjfMS7HoCKTvxwSPvRa4HOBfACAPWJ","expires_in":7198}
2017-11-02 11:00:58.174 [main] INFO  com.ray.weixin.gz.service.user.UserService - jsonObject:{"total":2,"data":{"openid":["oDLefxDvQajibXhSWIWHrkiO1n2o","oDLefxJLf6PIiiw7v2pVKKDVuyc8"]},"count":2,"next_openid":"oDLefxJLf6PIiiw7v2pVKKDVuyc8"}
2017-11-02 11:00:58.174 [main] INFO  com.ray.weixin.gz.test.MenuServiceTest - jsonObject:{"total":2,"data":{"openid":["oDLefxDvQajibXhSWIWHrkiO1n2o","oDLefxJLf6PIiiw7v2pVKKDVuyc8"]},"count":2,"next_openid":"oDLefxJLf6PIiiw7v2pVKKDVuyc8"}
2017-11-02 11:00:58.470 [main] INFO  com.ray.weixin.gz.util.AuthHelper - jsonObject:{"access_token":"6_Gm9NCLK0vjUtbOm4XO3AjWO4Z9cKzoSvvwSETrExPTZWQwnDkfCH0njBvxIuqfFClOXAzqIet5w6z3adZJ-FvSQ1KQyiJb9Cs3Rd9HeAo23mZJu90914b8hyACzrHzFSIfACAREU","expires_in":7197}
2017-11-02 11:00:58.602 [main] INFO  com.ray.weixin.gz.service.user.UserService - jsonObject:{"country":"中国","unionid":"oOuMz1JiWiK6omTrffWF6vkD0h18","subscribe":1,"city":"武汉","openid":"oDLefxDvQajibXhSWIWHrkiO1n2o","tagid_list":[],"sex":1,"groupid":0,"language":"zh_CN","remark":"","subscribe_time":1502722170,"province":"湖北","nickname":"忘川","headimgurl":"http://wx.qlogo.cn/mmopen/Q3auHgzwzM58h4nicrT2gHEsFcqRiafOXJecicbHHfDE8g0yQibkv1rvChW51V0R61ponIhPHdwMll62xBwSR7aasZLCZB7b2veBzBdS3NEDicVg/0"}
2017-11-02 11:00:58.602 [main] INFO  com.ray.weixin.gz.test.MenuServiceTest - jsonObject:{"country":"中国","unionid":"oOuMz1JiWiK6omTrffWF6vkD0h18","subscribe":1,"city":"武汉","openid":"oDLefxDvQajibXhSWIWHrkiO1n2o","tagid_list":[],"sex":1,"groupid":0,"language":"zh_CN","remark":"","subscribe_time":1502722170,"province":"湖北","nickname":"忘川","headimgurl":"http://wx.qlogo.cn/mmopen/Q3auHgzwzM58h4nicrT2gHEsFcqRiafOXJecicbHHfDE8g0yQibkv1rvChW51V0R61ponIhPHdwMll62xBwSR7aasZLCZB7b2veBzBdS3NEDicVg/0"}
2017-11-02 11:00:58.942 [main] INFO  com.ray.weixin.gz.util.AuthHelper - jsonObject:{"access_token":"6_Gm9NCLK0vjUtbOm4XO3AjWO4Z9cKzoSvvwSETrExONR2NJWGqrbb9gEGm4eN28BazbYHONpARIvxjaX14ROJovLTgGAogJzEYUdVjFJyHCiZmhp9nTzov-C3nx4T4PDKDfACAIPI","expires_in":7197}
2017-11-02 11:00:59.294 [main] INFO  com.ray.weixin.gz.service.user.UserService - jsonObject:{"total":2,"data":{"openid":["oDLefxJLf6PIiiw7v2pVKKDVuyc8"]},"count":1,"next_openid":"oDLefxJLf6PIiiw7v2pVKKDVuyc8"}
2017-11-02 11:00:59.294 [main] INFO  com.ray.weixin.gz.test.MenuServiceTest - jsonObject:{"total":2,"data":{"openid":["oDLefxJLf6PIiiw7v2pVKKDVuyc8"]},"count":1,"next_openid":"oDLefxJLf6PIiiw7v2pVKKDVuyc8"}
