2017-11-09 16:03:26.727 [http-apr-8080-exec-59] INFO  com.ray.weixin.qy.controller.WeiXinServlet - post--------------
2017-11-09 16:03:26.802 [http-apr-8080-exec-59] INFO  com.ray.weixin.qy.service.message.reply.ReplyMessageService - parms:{"msg_signature":["2b1c3b7db41e691c8303773b7023ed8992f7a62c"],"timestamp":["1510214605"],"nonce":["1050605865"]}
2017-11-09 16:03:26.802 [http-apr-8080-exec-59] INFO  com.ray.weixin.qy.service.message.reply.ReplyMessageService - postData:<xml><ToUserName><![CDATA[ww92f5da92bb24696e]]></ToUserName><Encrypt><![CDATA[quVKIG0AJpP5u/LlocR7HZx9umDN1dVLlVQRmZcOS1Yu/Nd85mWlzRDFZwJc45MM9DOusR0UONxDnbpE4G5hzsyR/27DOz5ekSnldH57QIclKGVUtV0dfDWZR0PPYxte4kP8oO+T28kb0lnC98cnmm1agLVYXBJT5dQJXgbogVF9d9DttevhZqor6fJ/mHKm6GiF2Q+oVHmsn/Eizr5lt72OpLSwHipZe1rdSHv4a1GUKDZc4dS1IbQudAMp8FSseqYChrF+QZG6DS0QbPsB8Njcg79JOEBYt6sIwler/R2y3RVHFGZhHz7PaZdTpmm2Aqhc15D7zsDtnNbsARgMXhO1A9U17kqEzrYvOVmGzTa79t3QR44CPhdZmysKewSIbfMUFaHJX5ZH0Zxk6Y+pRyHjBBoRxz74ZV0TC9NRRLKIi61PiNwWEvK7cVVV7wUDqreKqTAqE0RRRaTaXpUTtTf+OFMQXBCh8zqsIruEtdN9FyGDQXJaae1MPqSADzIi]]></Encrypt><AgentID><![CDATA[1000002]]></AgentID></xml>
2017-11-09 16:03:26.831 [http-apr-8080-exec-59] INFO  com.ray.weixin.qy.service.message.reply.ReplyMessageService - reply_xmlMsg:<xml><ToUserName><![CDATA[ww92f5da92bb24696e]]></ToUserName><FromUserName><![CDATA[XuZhao]]></FromUserName><CreateTime>1510214605</CreateTime><MsgType><![CDATA[event]]></MsgType><AgentID>1000002</AgentID><Event><![CDATA[view]]></Event><EventKey><![CDATA[http://rayner.nat300.top/weixin_qy/showInvoice.jsp]]></EventKey></xml>
2017-11-09 16:03:27.001 [http-apr-8080-exec-59] INFO  com.ray.weixin.qy.service.message.reply.ReplyMessageService - fromUserName:XuZhao
2017-11-09 16:03:27.002 [http-apr-8080-exec-59] INFO  com.ray.weixin.qy.service.message.reply.ReplyMessageService - toUserName:ww92f5da92bb24696e
2017-11-09 16:03:27.002 [http-apr-8080-exec-59] INFO  com.ray.weixin.qy.service.message.reply.ReplyMessageService - msgType:event
2017-11-09 16:03:27.002 [http-apr-8080-exec-59] INFO  com.ray.weixin.qy.service.message.reply.ReplyMessageService - Event:view  eventKey:http://rayner.nat300.top/weixin_qy/showInvoice.jsp
2017-11-09 16:03:28.056 [http-apr-8080-exec-68] INFO  com.ray.weixin.qy.util.AuthHelper - jsonObject:{"errcode":0,"access_token":"ZOJ3RCym--7oan0FJRpUghR5FMT3t_PsVCi9MrJ7PkNi0Z_MxYwjR6mKIjkeU2V-fEypmP6L0ja-6dgYSWBBsfToJPJDWpPrmA0CWfhZEbX02WmyrNutPeecHG9NmA4BtMPWbTFHYRwkajzRw0ew6X43h6qpEddkRtri8x-mpNS3wJyBv-AIagdVKtRVaEF0wsTM5K20aHm3C2LW22F77g","errmsg":"ok","expires_in":7200}
2017-11-09 16:03:29.359 [http-apr-8080-exec-68] INFO  com.ray.weixin.qy.util.AuthHelper - jsonObject:{"errcode":0,"ticket":"kgt8ON7yVITDhtdwci0qebCLEfC_BfeygIq8cFPLbdYdtdCaqPLzldk4P6dt4IAe3UnoUiQYC9hEmUgN6zUVaA","errmsg":"ok","expires_in":7200}
2017-11-09 16:03:29.360 [http-apr-8080-exec-68] INFO  com.ray.weixin.qy.util.AuthHelper - url:http://rayner.nat300.top/weixin_qy/showInvoice.jsp
2017-11-09 16:03:29.360 [http-apr-8080-exec-68] INFO  com.ray.weixin.qy.util.AuthHelper - accessToken:ZOJ3RCym--7oan0FJRpUghR5FMT3t_PsVCi9MrJ7PkNi0Z_MxYwjR6mKIjkeU2V-fEypmP6L0ja-6dgYSWBBsfToJPJDWpPrmA0CWfhZEbX02WmyrNutPeecHG9NmA4BtMPWbTFHYRwkajzRw0ew6X43h6qpEddkRtri8x-mpNS3wJyBv-AIagdVKtRVaEF0wsTM5K20aHm3C2LW22F77g
2017-11-09 16:03:29.360 [http-apr-8080-exec-68] INFO  com.ray.weixin.qy.util.AuthHelper - jsapi_ticket:kgt8ON7yVITDhtdwci0qebCLEfC_BfeygIq8cFPLbdYdtdCaqPLzldk4P6dt4IAe3UnoUiQYC9hEmUgN6zUVaA
2017-11-09 16:03:29.360 [http-apr-8080-exec-68] INFO  com.ray.weixin.qy.util.AuthHelper - appId:ww92f5da92bb24696e
2017-11-09 16:03:29.360 [http-apr-8080-exec-68] INFO  com.ray.weixin.qy.util.AuthHelper - timestamp:1510214607
2017-11-09 16:03:29.360 [http-apr-8080-exec-68] INFO  com.ray.weixin.qy.util.AuthHelper - nonceStr:c9311c48-9644-48af-a52d-f8dc978996f3
2017-11-09 16:03:29.360 [http-apr-8080-exec-68] INFO  com.ray.weixin.qy.util.AuthHelper - signature:f00172f15dd4d2afd0a40425babaa754bc786c7a
2017-11-09 16:03:29.361 [http-apr-8080-exec-68] INFO  com.ray.weixin.qy.util.AuthHelper - configValue:{"signature":"f00172f15dd4d2afd0a40425babaa754bc786c7a","appId":"ww92f5da92bb24696e","nonceStr":"c9311c48-9644-48af-a52d-f8dc978996f3","timestamp":"1510214607"}
2017-11-09 16:03:29.781 [http-apr-8080-exec-68] INFO  com.ray.weixin.qy.util.AuthHelper - jsonObject:{"errcode":0,"access_token":"ZOJ3RCym--7oan0FJRpUghR5FMT3t_PsVCi9MrJ7PkNi0Z_MxYwjR6mKIjkeU2V-fEypmP6L0ja-6dgYSWBBsfToJPJDWpPrmA0CWfhZEbX02WmyrNutPeecHG9NmA4BtMPWbTFHYRwkajzRw0ew6X43h6qpEddkRtri8x-mpNS3wJyBv-AIagdVKtRVaEF0wsTM5K20aHm3C2LW22F77g","errmsg":"ok","expires_in":7200}
2017-11-09 16:03:33.273 [http-apr-8080-exec-68] INFO  com.ray.weixin.qy.util.AuthHelper - jsonObject:{"errcode":0,"ticket":"IpK_1T69hDhZkLQTlwsAXwPIgjZ1z6yuhHmi_IRriCiAUXMUlMDNbEIhkpqFO4J1s_HeDMkJ6uMtAqaoeeIwVg","group_id":"","errmsg":"ok","expires_in":7200}
2017-11-09 16:03:33.275 [http-apr-8080-exec-68] INFO  com.ray.weixin.qy.util.AuthHelper - apiTicket:IpK_1T69hDhZkLQTlwsAXwPIgjZ1z6yuhHmi_IRriCiAUXMUlMDNbEIhkpqFO4J1s_HeDMkJ6uMtAqaoeeIwVg
2017-11-09 16:03:33.276 [http-apr-8080-exec-68] INFO  com.ray.weixin.qy.util.AuthHelper - appId:ww92f5da92bb24696e
2017-11-09 16:03:33.277 [http-apr-8080-exec-68] INFO  com.ray.weixin.qy.util.AuthHelper - timeStamp:1510214613
2017-11-09 16:03:33.277 [http-apr-8080-exec-68] INFO  com.ray.weixin.qy.util.AuthHelper - nonceStr:fb7ef535-b139-44c7-b623-d5e6cb295a3f
2017-11-09 16:03:33.277 [http-apr-8080-exec-68] INFO  com.ray.weixin.qy.util.AuthHelper - cardType:INVOICE
2017-11-09 16:03:33.278 [http-apr-8080-exec-68] INFO  com.ray.weixin.qy.util.AuthHelper - cardSign:38a34bced01167c5627a2f2fd2283e17574a7f5e
2017-11-09 16:03:33.278 [http-apr-8080-exec-68] INFO  com.ray.weixin.qy.util.AuthHelper - signType:SHA1
2017-11-09 16:03:33.279 [http-apr-8080-exec-68] INFO  com.ray.weixin.qy.util.AuthHelper - configValue:{"signType":"SHA1","cardSign":"38a34bced01167c5627a2f2fd2283e17574a7f5e","nonceStr":"fb7ef535-b139-44c7-b623-d5e6cb295a3f","timestamp":"1510214613"}
