2017-11-15 18:17:50.333 [http-apr-8080-exec-3] INFO  com.ray.weixin.gz.controller.WeiXinServlet - post--------------
2017-11-15 18:17:50.348 [http-apr-8080-exec-3] INFO  com.ray.weixin.gz.service.message.ReplyMessageService - parms:{"signature":["9f612db4469fea1d62da3d57e630dcacd4c9ba5b"],"timestamp":["1510741068"],"nonce":["1469866255"],"openid":["o1M7_1TLByH8H1T7XCIj23Roo5yU"],"encrypt_type":["aes"],"msg_signature":["9a9d9986b1540ff921778517526ce525e9b118d8"]}
2017-11-15 18:17:50.349 [http-apr-8080-exec-3] INFO  com.ray.weixin.gz.service.message.ReplyMessageService - postData:<xml>    <ToUserName><![CDATA[gh_8903be978f8b]]></ToUserName>    <Encrypt><![CDATA[2OQpfImpvy0d3W1AytN7E0XgvgeB/DJagy3khh8ltkVNbeR9vsifGBkXscHAqZ2ICpUpFN3KiznFjufWgNOnOBJ+DdShMv2Yn+iAQT07dOIOwY3jtfvFymgoBBVNhANZeW916E2y8n7MAkZq+ITirNMBlIjDHegsPamSWllJdmqtHDsthUG2NuQZS44LrDHky8yWUEDAX1pvoCiw49IjFMcJmMd8rWJaMQfZ+L/JgvchOAGAFFMhUA38fiQgC0tTWEwsL6pHygi94umIHu9fqM0LyuJttzowVkqDsSRyi5cFn47AN8ikCpnjmeueQcLrGCR8A278nbPr19C8DKEB+g2rquvG2yCfg6j7vMX2K+GtzHXM+zU/1g3Fzxj8kGOT9A4LQhyPOgPA5wtut2ZmB+4SB9gpv9hCXKei7ed7YDV0dmje38awbc8Ez5QKhPN1ayH9R832QEaoH5aHHEDfaNAq2CalWjR/hQd6LhW9CQFq9rdKLX293VaB/mYcpPI1uPaQqyvxAz3m5ILgFV/GWocaL2VolRHg1NKoFJa/7l8=]]></Encrypt></xml>
2017-11-15 18:17:50.350 [http-apr-8080-exec-3] INFO  com.ray.weixin.gz.service.message.ReplyMessageService - 安全模式：消息被加密
2017-11-15 18:17:50.376 [http-apr-8080-exec-3] INFO  com.ray.weixin.gz.service.message.ReplyMessageService - <xml><ToUserName><![CDATA[gh_8903be978f8b]]></ToUserName>
<FromUserName><![CDATA[o1M7_1TLByH8H1T7XCIj23Roo5yU]]></FromUserName>
<CreateTime>1510741068</CreateTime>
<MsgType><![CDATA[event]]></MsgType>
<Event><![CDATA[VIEW]]></Event>
<EventKey><![CDATA[http://rayner.nat300.top/weixin_gz/showInvoice.jsp]]></EventKey>
<MenuId>450181554</MenuId>
</xml>
2017-11-15 18:17:50.381 [http-apr-8080-exec-3] INFO  com.ray.weixin.gz.service.message.ReplyMessageService - fromUserName:o1M7_1TLByH8H1T7XCIj23Roo5yU
2017-11-15 18:17:50.382 [http-apr-8080-exec-3] INFO  com.ray.weixin.gz.service.message.ReplyMessageService - toUserName:gh_8903be978f8b
2017-11-15 18:17:50.382 [http-apr-8080-exec-3] INFO  com.ray.weixin.gz.service.message.ReplyMessageService - msgType:event
2017-11-15 18:17:50.383 [http-apr-8080-exec-3] INFO  com.ray.weixin.gz.service.message.ReplyMessageService - Event:VIEW  eventKey:http://rayner.nat300.top/weixin_gz/showInvoice.jsp
2017-11-15 18:17:51.389 [http-apr-8080-exec-4] INFO  com.ray.weixin.gz.util.AuthHelper - jsonObject:{"access_token":"ghv4tIiEJYuW1vEXXjeXQkn--3nqXhwizlZkeYRwck_Kgmrfk7qdyPVDL4_bsOAymsfXiDq4tqV-ntHRR6f7ZPyVzdjXGet7j-MRL1dXZv9PZcwcbxCxWIV0i1y167O-TFVeAAADPF","expires_in":7200}
2017-11-15 18:17:51.512 [http-apr-8080-exec-4] INFO  com.ray.weixin.gz.util.AuthHelper - jsonObject:{"errcode":0,"ticket":"HoagFKDcsGMVCIY2vOjf9mrEXbwXSbqpUm0898_LsZgBi9Ja3Cb-iRCpfbms7MNv3e_heT1Q91ygjzjqxFaRVw","errmsg":"ok","expires_in":7200}
2017-11-15 18:17:51.514 [http-apr-8080-exec-4] INFO  com.ray.weixin.gz.util.AuthHelper - accessToken:ghv4tIiEJYuW1vEXXjeXQkn--3nqXhwizlZkeYRwck_Kgmrfk7qdyPVDL4_bsOAymsfXiDq4tqV-ntHRR6f7ZPyVzdjXGet7j-MRL1dXZv9PZcwcbxCxWIV0i1y167O-TFVeAAADPF
2017-11-15 18:17:51.514 [http-apr-8080-exec-4] INFO  com.ray.weixin.gz.util.AuthHelper - ticket:HoagFKDcsGMVCIY2vOjf9mrEXbwXSbqpUm0898_LsZgBi9Ja3Cb-iRCpfbms7MNv3e_heT1Q91ygjzjqxFaRVw
2017-11-15 18:17:51.514 [http-apr-8080-exec-4] INFO  com.ray.weixin.gz.util.AuthHelper - nonceStr:3fee0629-7d53-4ae1-b3a3-9f7dba85afa6
2017-11-15 18:17:51.515 [http-apr-8080-exec-4] INFO  com.ray.weixin.gz.util.AuthHelper - timeStamp:1510741071
2017-11-15 18:17:51.515 [http-apr-8080-exec-4] INFO  com.ray.weixin.gz.util.AuthHelper - signedUrl:http://rayner.nat300.top/weixin_gz/showInvoice.jsp
2017-11-15 18:17:51.516 [http-apr-8080-exec-4] INFO  com.ray.weixin.gz.util.AuthHelper - signature:55e6fa19a35ba36f2d14e14305086ecf92612eb2
2017-11-15 18:17:51.516 [http-apr-8080-exec-4] INFO  com.ray.weixin.gz.util.AuthHelper - appId:wx07c4d9d0895fe212
2017-11-15 18:17:51.517 [http-apr-8080-exec-4] INFO  com.ray.weixin.gz.util.AuthHelper - configValue:{signature:'55e6fa19a35ba36f2d14e14305086ecf92612eb2',nonceStr:'3fee0629-7d53-4ae1-b3a3-9f7dba85afa6',timeStamp:'1510741071',appId:'wx07c4d9d0895fe212'}
2017-11-15 18:17:51.655 [http-apr-8080-exec-4] INFO  com.ray.weixin.gz.util.AuthHelper - jsonObject:{"access_token":"ghv4tIiEJYuW1vEXXjeXQkn--3nqXhwizlZkeYRwck-SQN0m_Om6M1Ef5k0VV5GU5l8CcDhuH9KB7l09tilfjI2HYH4yYUuXNOu_vMzCjkbeMysSjEuwhcm3wB6TD18AFRUeAAAPBE","expires_in":7200}
2017-11-15 18:17:51.745 [http-apr-8080-exec-4] INFO  com.ray.weixin.gz.service.invoice.InvoiceService - jsonObject:{"errcode":0,"ticket":"9KwiourQPRN3vx3Nn1c_iXCh-5F7rD5UiR6FRkNziS3ioM7lrWDvEODqM6XQdQbgraF_oLOqdFSXbGH0lwPjuA","errmsg":"ok","expires_in":7200}
2017-11-15 18:17:51.747 [http-apr-8080-exec-4] INFO  com.ray.weixin.gz.util.AuthHelper - apiTicket:9KwiourQPRN3vx3Nn1c_iXCh-5F7rD5UiR6FRkNziS3ioM7lrWDvEODqM6XQdQbgraF_oLOqdFSXbGH0lwPjuA
2017-11-15 18:17:51.747 [http-apr-8080-exec-4] INFO  com.ray.weixin.gz.util.AuthHelper - appId:wx07c4d9d0895fe212
2017-11-15 18:17:51.747 [http-apr-8080-exec-4] INFO  com.ray.weixin.gz.util.AuthHelper - timeStamp:1510741071
2017-11-15 18:17:51.748 [http-apr-8080-exec-4] INFO  com.ray.weixin.gz.util.AuthHelper - nonceStr:6ce063b8-b410-4886-bb72-cd33f4b9cef1
2017-11-15 18:17:51.748 [http-apr-8080-exec-4] INFO  com.ray.weixin.gz.util.AuthHelper - cardType:INVOICE
2017-11-15 18:17:51.749 [http-apr-8080-exec-4] INFO  com.ray.weixin.gz.util.AuthHelper - cardSign:ea1d12da55d63fe1b1d535f125f030d494595def
2017-11-15 18:17:51.749 [http-apr-8080-exec-4] INFO  com.ray.weixin.gz.util.AuthHelper - signType:SHA1
2017-11-15 18:17:51.750 [http-apr-8080-exec-4] INFO  com.ray.weixin.gz.util.AuthHelper - configValue:{"signType":"SHA1","cardSign":"ea1d12da55d63fe1b1d535f125f030d494595def","nonceStr":"6ce063b8-b410-4886-bb72-cd33f4b9cef1","timestamp":"1510741071"}
