2017-11-07 18:17:31.419 [http-apr-8080-exec-17] INFO  com.ray.weixin.gz.controller.WeiXinServlet - post--------------
2017-11-07 18:17:31.450 [http-apr-8080-exec-17] INFO  com.ray.weixin.gz.service.message.ReplyMessageService - parms:{"signature":["8758b3bec731cfc5133aee822f7e7de9035aeb94"],"timestamp":["1510049851"],"nonce":["1914980607"],"openid":["oDLefxDvQajibXhSWIWHrkiO1n2o"]}
2017-11-07 18:17:31.450 [http-apr-8080-exec-17] INFO  com.ray.weixin.gz.service.message.ReplyMessageService - postData:<xml><ToUserName><![CDATA[gh_8c1dd328db4e]]></ToUserName><FromUserName><![CDATA[oDLefxDvQajibXhSWIWHrkiO1n2o]]></FromUserName><CreateTime>1510049851</CreateTime><MsgType><![CDATA[event]]></MsgType><Event><![CDATA[VIEW]]></Event><EventKey><![CDATA[http://rayner.nat300.top/weixin_gz/showInvoice.jsp]]></EventKey><MenuId>591675728</MenuId></xml>
2017-11-07 18:17:31.450 [http-apr-8080-exec-17] INFO  com.ray.weixin.gz.service.message.ReplyMessageService - 明文模式
2017-11-07 18:17:31.450 [http-apr-8080-exec-17] INFO  com.ray.weixin.gz.service.message.ReplyMessageService - <xml><ToUserName><![CDATA[gh_8c1dd328db4e]]></ToUserName><FromUserName><![CDATA[oDLefxDvQajibXhSWIWHrkiO1n2o]]></FromUserName><CreateTime>1510049851</CreateTime><MsgType><![CDATA[event]]></MsgType><Event><![CDATA[VIEW]]></Event><EventKey><![CDATA[http://rayner.nat300.top/weixin_gz/showInvoice.jsp]]></EventKey><MenuId>591675728</MenuId></xml>
2017-11-07 18:17:31.465 [http-apr-8080-exec-17] INFO  com.ray.weixin.gz.service.message.ReplyMessageService - fromUserName:oDLefxDvQajibXhSWIWHrkiO1n2o
2017-11-07 18:17:31.466 [http-apr-8080-exec-17] INFO  com.ray.weixin.gz.service.message.ReplyMessageService - toUserName:gh_8c1dd328db4e
2017-11-07 18:17:31.466 [http-apr-8080-exec-17] INFO  com.ray.weixin.gz.service.message.ReplyMessageService - msgType:event
2017-11-07 18:17:31.466 [http-apr-8080-exec-17] INFO  com.ray.weixin.gz.service.message.ReplyMessageService - Event:VIEW  eventKey:http://rayner.nat300.top/weixin_gz/showInvoice.jsp
2017-11-07 18:17:31.713 [http-apr-8080-exec-19] INFO  com.ray.weixin.gz.util.AuthHelper - jsonObject:{"access_token":"IQUwvmaWTX1UbCGET2O6LxmEsjU-y8ZAjXiZ-ROE7xjBMbuPx9pRpyGKY1VDK8grQtKgGHlS2FGxvWUaqPydtZtHOx_P_sYQQ27vJSb3ZgF5o8RGpDicmrcFoGRYWnl5GQFaADAOYN","expires_in":7200}
2017-11-07 18:17:31.819 [http-apr-8080-exec-19] INFO  com.ray.weixin.gz.util.AuthHelper - jsonObject:{"errcode":0,"ticket":"kgt8ON7yVITDhtdwci0qed-m2nUygHpV3DXUL-ToMkhPApxtfh2gKdIeor3imcxVFP-2XAPiOcq_JwoPklYpgg","errmsg":"ok","expires_in":7200}
2017-11-07 18:17:31.819 [http-apr-8080-exec-19] INFO  com.ray.weixin.gz.util.AuthHelper - accessToken:IQUwvmaWTX1UbCGET2O6LxmEsjU-y8ZAjXiZ-ROE7xjBMbuPx9pRpyGKY1VDK8grQtKgGHlS2FGxvWUaqPydtZtHOx_P_sYQQ27vJSb3ZgF5o8RGpDicmrcFoGRYWnl5GQFaADAOYN
2017-11-07 18:17:31.819 [http-apr-8080-exec-19] INFO  com.ray.weixin.gz.util.AuthHelper - ticket:kgt8ON7yVITDhtdwci0qed-m2nUygHpV3DXUL-ToMkhPApxtfh2gKdIeor3imcxVFP-2XAPiOcq_JwoPklYpgg
2017-11-07 18:17:31.819 [http-apr-8080-exec-19] INFO  com.ray.weixin.gz.util.AuthHelper - nonceStr:85e80f4f-1342-4ad0-8f8d-30f8cc412ca2
2017-11-07 18:17:31.819 [http-apr-8080-exec-19] INFO  com.ray.weixin.gz.util.AuthHelper - timeStamp:1510049851
2017-11-07 18:17:31.820 [http-apr-8080-exec-19] INFO  com.ray.weixin.gz.util.AuthHelper - signedUrl:http://rayner.nat300.top/weixin_gz/showInvoice.jsp
2017-11-07 18:17:31.820 [http-apr-8080-exec-19] INFO  com.ray.weixin.gz.util.AuthHelper - signature:0eddbe791cfad5cd9ddf8d9145dedce5e4b49dfb
2017-11-07 18:17:31.820 [http-apr-8080-exec-19] INFO  com.ray.weixin.gz.util.AuthHelper - appId:wxa0064ea657f80062
2017-11-07 18:17:31.820 [http-apr-8080-exec-19] INFO  com.ray.weixin.gz.util.AuthHelper - configValue:{signature:'0eddbe791cfad5cd9ddf8d9145dedce5e4b49dfb',nonceStr:'85e80f4f-1342-4ad0-8f8d-30f8cc412ca2',timeStamp:'1510049851',appId:'wxa0064ea657f80062'}
2017-11-07 18:17:31.908 [http-apr-8080-exec-19] INFO  com.ray.weixin.gz.util.AuthHelper - jsonObject:{"access_token":"IQUwvmaWTX1UbCGET2O6LxmEsjU-y8ZAjXiZ-ROE7xgh_PjQwD8Q-KjzWm78ORk1L7SxOaXvs8WOsAJwIM7-pXX2vA2DAWFe0kmGcNORg6WTyJnBZBixYIG_yEFCwBBLRYDaADABIN","expires_in":7200}
2017-11-07 18:17:32.013 [http-apr-8080-exec-19] INFO  com.ray.weixin.gz.service.invoice.InvoiceService - jsonObject:{"errcode":0,"ticket":"IpK_1T69hDhZkLQTlwsAX5ZwNp_4txyINLb67lXqTZLu1wnHfVUUtHcdEyG5_WoqaHyMZAIs8Y28ypHDa0iuvg","errmsg":"ok","expires_in":7200}
2017-11-07 18:17:32.013 [http-apr-8080-exec-19] INFO  com.ray.weixin.gz.util.AuthHelper - apiTicket:IpK_1T69hDhZkLQTlwsAX5ZwNp_4txyINLb67lXqTZLu1wnHfVUUtHcdEyG5_WoqaHyMZAIs8Y28ypHDa0iuvg
2017-11-07 18:17:32.013 [http-apr-8080-exec-19] INFO  com.ray.weixin.gz.util.AuthHelper - appId:wxa0064ea657f80062
2017-11-07 18:17:32.014 [http-apr-8080-exec-19] INFO  com.ray.weixin.gz.util.AuthHelper - timeStamp:1510049852
2017-11-07 18:17:32.014 [http-apr-8080-exec-19] INFO  com.ray.weixin.gz.util.AuthHelper - nonceStr:5acad606-3538-4adb-8a64-1df64c27463a
2017-11-07 18:17:32.014 [http-apr-8080-exec-19] INFO  com.ray.weixin.gz.util.AuthHelper - cardType:INVOICE
2017-11-07 18:17:32.014 [http-apr-8080-exec-19] INFO  com.ray.weixin.gz.util.AuthHelper - cardSign:a475f3cadf52c5a9bcc82b685a31cc8320c5b957
2017-11-07 18:17:32.014 [http-apr-8080-exec-19] INFO  com.ray.weixin.gz.util.AuthHelper - signType:SHA1
2017-11-07 18:17:32.014 [http-apr-8080-exec-19] INFO  com.ray.weixin.gz.util.AuthHelper - configValue:{"signType":"SHA1","cardSign":"a475f3cadf52c5a9bcc82b685a31cc8320c5b957","nonceStr":"5acad606-3538-4adb-8a64-1df64c27463a","timestamp":1510049852}
2017-11-07 18:17:55.710 [http-apr-8080-exec-13] INFO  com.ray.weixin.gz.controller.WeiXinServlet - post--------------
2017-11-07 18:17:55.711 [http-apr-8080-exec-13] INFO  com.ray.weixin.gz.service.message.ReplyMessageService - parms:{"signature":["0d750a03cf0de1c9c8d0e83316c730e144ffa272"],"timestamp":["1510049875"],"nonce":["412630910"],"openid":["oDLefxDvQajibXhSWIWHrkiO1n2o"]}
2017-11-07 18:17:55.711 [http-apr-8080-exec-13] INFO  com.ray.weixin.gz.service.message.ReplyMessageService - postData:<xml><ToUserName><![CDATA[gh_8c1dd328db4e]]></ToUserName><FromUserName><![CDATA[oDLefxDvQajibXhSWIWHrkiO1n2o]]></FromUserName><CreateTime>1510049875</CreateTime><MsgType><![CDATA[event]]></MsgType><Event><![CDATA[VIEW]]></Event><EventKey><![CDATA[http://rayner.nat300.top/weixin_gz/showInvoice.jsp]]></EventKey><MenuId>591675728</MenuId></xml>
2017-11-07 18:17:55.711 [http-apr-8080-exec-13] INFO  com.ray.weixin.gz.service.message.ReplyMessageService - 明文模式
2017-11-07 18:17:55.711 [http-apr-8080-exec-13] INFO  com.ray.weixin.gz.service.message.ReplyMessageService - <xml><ToUserName><![CDATA[gh_8c1dd328db4e]]></ToUserName><FromUserName><![CDATA[oDLefxDvQajibXhSWIWHrkiO1n2o]]></FromUserName><CreateTime>1510049875</CreateTime><MsgType><![CDATA[event]]></MsgType><Event><![CDATA[VIEW]]></Event><EventKey><![CDATA[http://rayner.nat300.top/weixin_gz/showInvoice.jsp]]></EventKey><MenuId>591675728</MenuId></xml>
2017-11-07 18:17:55.717 [http-apr-8080-exec-13] INFO  com.ray.weixin.gz.service.message.ReplyMessageService - fromUserName:oDLefxDvQajibXhSWIWHrkiO1n2o
2017-11-07 18:17:55.717 [http-apr-8080-exec-13] INFO  com.ray.weixin.gz.service.message.ReplyMessageService - toUserName:gh_8c1dd328db4e
2017-11-07 18:17:55.717 [http-apr-8080-exec-13] INFO  com.ray.weixin.gz.service.message.ReplyMessageService - msgType:event
2017-11-07 18:17:55.718 [http-apr-8080-exec-13] INFO  com.ray.weixin.gz.service.message.ReplyMessageService - Event:VIEW  eventKey:http://rayner.nat300.top/weixin_gz/showInvoice.jsp
2017-11-07 18:17:56.143 [http-apr-8080-exec-14] INFO  com.ray.weixin.gz.util.AuthHelper - jsonObject:{"access_token":"tG6HF36WnYKhJP0ee1TBWNLwd988ntZhTm-ozXGxnCA34WY1nHckNMp3WjXo5ejRDSjj_-g8IgvamI0wnN-UCyxWXNXJv12urQGUptrJBkrlQP2CWunz09asi2JXR0D0AERaACATXK","expires_in":7200}
2017-11-07 18:17:56.254 [http-apr-8080-exec-14] INFO  com.ray.weixin.gz.util.AuthHelper - jsonObject:{"errcode":0,"ticket":"kgt8ON7yVITDhtdwci0qed-m2nUygHpV3DXUL-ToMkhPApxtfh2gKdIeor3imcxVFP-2XAPiOcq_JwoPklYpgg","errmsg":"ok","expires_in":7200}
2017-11-07 18:17:56.254 [http-apr-8080-exec-14] INFO  com.ray.weixin.gz.util.AuthHelper - accessToken:tG6HF36WnYKhJP0ee1TBWNLwd988ntZhTm-ozXGxnCA34WY1nHckNMp3WjXo5ejRDSjj_-g8IgvamI0wnN-UCyxWXNXJv12urQGUptrJBkrlQP2CWunz09asi2JXR0D0AERaACATXK
2017-11-07 18:17:56.254 [http-apr-8080-exec-14] INFO  com.ray.weixin.gz.util.AuthHelper - ticket:kgt8ON7yVITDhtdwci0qed-m2nUygHpV3DXUL-ToMkhPApxtfh2gKdIeor3imcxVFP-2XAPiOcq_JwoPklYpgg
2017-11-07 18:17:56.254 [http-apr-8080-exec-14] INFO  com.ray.weixin.gz.util.AuthHelper - nonceStr:bb6d2b8b-aa8f-443e-9e70-ea65387f4e10
2017-11-07 18:17:56.254 [http-apr-8080-exec-14] INFO  com.ray.weixin.gz.util.AuthHelper - timeStamp:1510049876
2017-11-07 18:17:56.254 [http-apr-8080-exec-14] INFO  com.ray.weixin.gz.util.AuthHelper - signedUrl:http://rayner.nat300.top/weixin_gz/showInvoice.jsp
2017-11-07 18:17:56.255 [http-apr-8080-exec-14] INFO  com.ray.weixin.gz.util.AuthHelper - signature:b3ff9990b6b11acfccd336d227a1913585407e98
2017-11-07 18:17:56.255 [http-apr-8080-exec-14] INFO  com.ray.weixin.gz.util.AuthHelper - appId:wxa0064ea657f80062
2017-11-07 18:17:56.255 [http-apr-8080-exec-14] INFO  com.ray.weixin.gz.util.AuthHelper - configValue:{signature:'b3ff9990b6b11acfccd336d227a1913585407e98',nonceStr:'bb6d2b8b-aa8f-443e-9e70-ea65387f4e10',timeStamp:'1510049876',appId:'wxa0064ea657f80062'}
2017-11-07 18:17:56.346 [http-apr-8080-exec-14] INFO  com.ray.weixin.gz.util.AuthHelper - jsonObject:{"access_token":"tG6HF36WnYKhJP0ee1TBWNLwd988ntZhTm-ozXGxnCDjcwGFzsvcRhD6MCSie7tjXsw1TIiSMTO3OcwUHgUCH0YhcmlT1pf8tNiqx1pU-mdptiigIStjiEgpl-jiqeO8OKSaACAXTB","expires_in":7200}
2017-11-07 18:17:56.456 [http-apr-8080-exec-14] INFO  com.ray.weixin.gz.service.invoice.InvoiceService - jsonObject:{"errcode":0,"ticket":"IpK_1T69hDhZkLQTlwsAX5ZwNp_4txyINLb67lXqTZLu1wnHfVUUtHcdEyG5_WoqaHyMZAIs8Y28ypHDa0iuvg","errmsg":"ok","expires_in":7200}
2017-11-07 18:17:56.457 [http-apr-8080-exec-14] INFO  com.ray.weixin.gz.util.AuthHelper - apiTicket:IpK_1T69hDhZkLQTlwsAX5ZwNp_4txyINLb67lXqTZLu1wnHfVUUtHcdEyG5_WoqaHyMZAIs8Y28ypHDa0iuvg
2017-11-07 18:17:56.457 [http-apr-8080-exec-14] INFO  com.ray.weixin.gz.util.AuthHelper - appId:wxa0064ea657f80062
2017-11-07 18:17:56.457 [http-apr-8080-exec-14] INFO  com.ray.weixin.gz.util.AuthHelper - timeStamp:1510049876
2017-11-07 18:17:56.457 [http-apr-8080-exec-14] INFO  com.ray.weixin.gz.util.AuthHelper - nonceStr:6634964c-e943-485c-942a-3f3d072c819a
2017-11-07 18:17:56.458 [http-apr-8080-exec-14] INFO  com.ray.weixin.gz.util.AuthHelper - cardType:INVOICE
2017-11-07 18:17:56.458 [http-apr-8080-exec-14] INFO  com.ray.weixin.gz.util.AuthHelper - cardSign:9429cfeb601de503ef37410770752e66e6212826
2017-11-07 18:17:56.458 [http-apr-8080-exec-14] INFO  com.ray.weixin.gz.util.AuthHelper - signType:SHA1
2017-11-07 18:17:56.458 [http-apr-8080-exec-14] INFO  com.ray.weixin.gz.util.AuthHelper - configValue:{"signType":"SHA1","cardSign":"9429cfeb601de503ef37410770752e66e6212826","nonceStr":"6634964c-e943-485c-942a-3f3d072c819a","timestamp":1510049876}
