2017-11-02 10:36:27.783 [main] INFO  com.ray.weixin.gz.service.tempmaterial.TempMaterialService - fileName:bdARqt5NClDYbP_og5NwBRwO4sCIIwF1ZeVQQKTvB1bkn2rL9Yq52Y6S656lTxf1.jpg
2017-11-02 10:36:27.935 [main] INFO  com.ray.weixin.gz.util.AuthHelper - jsonObject:{"access_token":"OwXnuubE7IGTsqT7FDyt22oFPEEN-iuscCpxfFGVt-bexFq6t8Yjd_1-tm5UJeW_A_W3UN1D3WOVTrQj-QWB1rXm4lRSVelsGNEVcdcGqTA6Ow8MIMYruGivJ95iVHRSSDJbAIALWC","expires_in":7200}
2017-11-02 10:36:28.216 [main] INFO  com.ray.weixin.gz.util.AuthHelper - jsonObject:{"access_token":"OwXnuubE7IGTsqT7FDyt22oFPEEN-iuscCpxfFGVt-ZWN8LHy_KhwpeIo1B-n1VY6rxGydr8K04VLHYwVGDD8uqVhXxNeEp6iDltapOCl2OcE95mWao9nPAszETWsE-hGWIbAIAWMY","expires_in":7200}
2017-11-02 10:36:29.555 [main] INFO  com.ray.weixin.gz.service.tempmaterial.TempMaterialService - JsonObject:{"media_id":"qKTUmnLaMYtw_L3olgLP9L2CkrolHTG3xb8bE-sOOQf864rwMdYr7L7UIVz9pr9t","created_at":1509590189,"type":"image"}
2017-11-02 10:36:29.557 [main] INFO  com.ray.weixin.gz.service.tempmaterial.TempMaterialService - 上传image临时素材成功:qKTUmnLaMYtw_L3olgLP9L2CkrolHTG3xb8bE-sOOQf864rwMdYr7L7UIVz9pr9t
2017-11-02 10:36:30.160 [main] INFO  com.ray.weixin.gz.util.AuthHelper - jsonObject:{"access_token":"OwXnuubE7IGTsqT7FDyt22oFPEEN-iuscCpxfFGVt-YEM3Fxfk3bue6FARmoJ2moHCwGf7pDfpCt9_N9yRUIlLMguGfV8hgLdDGfzOqeW_yJrLj3jcN57_Hfar7OirLyBFEbAIARVU","expires_in":7198}
2017-11-02 10:36:30.301 [main] INFO  com.ray.weixin.gz.service.tempmaterial.TempMaterialService - jsonObject:{"item_count":1,"item":[{"update_time":1509589813,"name":"2.png","media_id":"NFREZRuTaNgMSgnxT5agYtC0AXioWBruqBOeCy--HOI","url":"http://mmbiz.qpic.cn/mmbiz_png/2LubW5xIOiaJZibfzeiaBz0EGXxCkibnOlKfea961kHbpp6hbET8W6efewiadxoU04ceibkLjt0ycysMVPic0sWP3K86g/0?wx_fmt=png"}],"total_count":1}
2017-11-02 10:36:30.302 [main] INFO  com.ray.weixin.gz.service.tempmaterial.TempMaterialService - 获取永久素材列表成功 
2017-11-02 10:36:30.430 [main] INFO  com.ray.weixin.gz.util.AuthHelper - jsonObject:{"access_token":"OwXnuubE7IGTsqT7FDyt22oFPEEN-iuscCpxfFGVt-ZtOCNDqtKoB0-CHLj-do-BZ0lx5MMN-xxxMQNTCs3D3QCJ00uqjtxYySYkb3rvAW3N3nWA0_NZrDMoc9xV5lFaGBZbAIABWU","expires_in":7197}
2017-11-02 10:36:30.583 [main] INFO  com.ray.weixin.gz.service.tempmaterial.TempMaterialService - fileName:null
2017-11-02 10:36:30.697 [main] INFO  com.ray.weixin.gz.util.AuthHelper - jsonObject:{"access_token":"OwXnuubE7IGTsqT7FDyt22oFPEEN-iuscCpxfFGVt-bbIHeCEMrhyZ4IM_j92PpqGxhqPjati9BC2IqrnqdZv7J8GLq2Ql6Z30oSafvbtTbiRT4qPQe6ZstDFG61qmBNJMTbAIATWD","expires_in":7197}
2017-11-02 10:36:32.079 [main] INFO  com.ray.weixin.gz.service.tempmaterial.TempMaterialService - JsonObject:{"media_id":"NFREZRuTaNgMSgnxT5agYp8Vi3OwNHCtZTnux8cD4pE","url":"http://mmbiz.qpic.cn/mmbiz_png/2LubW5xIOiaJZibfzeiaBz0EGXxCkibnOlKfea961kHbpp6hbET8W6efewiadxoU04ceibkLjt0ycysMVPic0sWP3K86g/0?wx_fmt=png"}
2017-11-02 10:36:32.079 [main] INFO  com.ray.weixin.gz.service.tempmaterial.TempMaterialService - 新增永久素材成功:NFREZRuTaNgMSgnxT5agYp8Vi3OwNHCtZTnux8cD4pE
2017-11-02 10:36:32.160 [main] INFO  com.ray.weixin.gz.util.AuthHelper - jsonObject:{"access_token":"OwXnuubE7IGTsqT7FDyt22oFPEEN-iuscCpxfFGVt-bVnGX54tQsjUqot44W_Qsf7Jjj7T5jvJgvddI_4dxZLSARBDJMaNnAjdLJ26Pt9qmNoeRvFcj4dURxM5AqdoJbHNQbAIASYB","expires_in":7196}
2017-11-02 10:36:32.907 [main] INFO  com.ray.weixin.gz.service.tempmaterial.TempMaterialService - JsonObject:{"url":"http://mmbiz.qpic.cn/mmbiz_png/2LubW5xIOiaJZibfzeiaBz0EGXxCkibnOlKfea961kHbpp6hbET8W6efewiadxoU04ceibkLjt0ycysMVPic0sWP3K86g/0"}
2017-11-02 10:36:32.908 [main] INFO  com.ray.weixin.gz.service.tempmaterial.TempMaterialService - 新增永久素材成功:http://mmbiz.qpic.cn/mmbiz_png/2LubW5xIOiaJZibfzeiaBz0EGXxCkibnOlKfea961kHbpp6hbET8W6efewiadxoU04ceibkLjt0ycysMVPic0sWP3K86g/0
2017-11-02 10:36:33.023 [main] INFO  com.ray.weixin.gz.util.AuthHelper - jsonObject:{"access_token":"OwXnuubE7IGTsqT7FDyt22oFPEEN-iuscCpxfFGVt-aV7dRfd7CQh1P2qQL4HPezpWH2eJ8Lx_3RsXpqOH9clJT07Tyg_k-mx2EHsZIv7Wbp73mchaSQbg60wIf4hsa_WZIbAIAPSB","expires_in":7200}
2017-11-02 10:36:33.110 [main] INFO  com.ray.weixin.gz.service.user.UserService - jsonObject:{"total":2,"data":{"openid":["oDLefxDvQajibXhSWIWHrkiO1n2o","oDLefxJLf6PIiiw7v2pVKKDVuyc8"]},"count":2,"next_openid":"oDLefxJLf6PIiiw7v2pVKKDVuyc8"}
2017-11-02 10:36:33.110 [main] INFO  com.ray.weixin.gz.test.MenuServiceTest - jsonObject:{"total":2,"data":{"openid":["oDLefxDvQajibXhSWIWHrkiO1n2o","oDLefxJLf6PIiiw7v2pVKKDVuyc8"]},"count":2,"next_openid":"oDLefxJLf6PIiiw7v2pVKKDVuyc8"}
2017-11-02 10:36:33.202 [main] INFO  com.ray.weixin.gz.util.AuthHelper - jsonObject:{"access_token":"OwXnuubE7IGTsqT7FDyt22oFPEEN-iuscCpxfFGVt-YcfoZ2eWsJONhOrF-A_f4pGRLay_vc7K7_Ye4Ylo_pflFMd11WJGlZBdipKSNpGwT5hk0Yaqdnbv_IS9kNVxBjWQBbAIALFQ","expires_in":7200}
2017-11-02 10:36:33.311 [main] INFO  com.ray.weixin.gz.service.user.UserService - jsonObject:{"country":"中国","unionid":"oOuMz1JiWiK6omTrffWF6vkD0h18","subscribe":1,"city":"武汉","openid":"oDLefxDvQajibXhSWIWHrkiO1n2o","tagid_list":[],"sex":1,"groupid":0,"language":"zh_CN","remark":"","subscribe_time":1502722170,"province":"湖北","nickname":"忘川","headimgurl":"http://wx.qlogo.cn/mmopen/Q3auHgzwzM58h4nicrT2gHEsFcqRiafOXJecicbHHfDE8g0yQibkv1rvChW51V0R61ponIhPHdwMll62xBwSR7aasZLCZB7b2veBzBdS3NEDicVg/0"}
2017-11-02 10:36:33.312 [main] INFO  com.ray.weixin.gz.test.MenuServiceTest - jsonObject:{"country":"中国","unionid":"oOuMz1JiWiK6omTrffWF6vkD0h18","subscribe":1,"city":"武汉","openid":"oDLefxDvQajibXhSWIWHrkiO1n2o","tagid_list":[],"sex":1,"groupid":0,"language":"zh_CN","remark":"","subscribe_time":1502722170,"province":"湖北","nickname":"忘川","headimgurl":"http://wx.qlogo.cn/mmopen/Q3auHgzwzM58h4nicrT2gHEsFcqRiafOXJecicbHHfDE8g0yQibkv1rvChW51V0R61ponIhPHdwMll62xBwSR7aasZLCZB7b2veBzBdS3NEDicVg/0"}
2017-11-02 10:36:33.437 [main] INFO  com.ray.weixin.gz.util.AuthHelper - jsonObject:{"access_token":"OwXnuubE7IGTsqT7FDyt22oFPEEN-iuscCpxfFGVt-Yi7Il5IOJ4UW1yN7eSv_7wXuFa_FR8vvUEOxPIYtMFkQu7ui1tTeEzL4KfgkyXvBtZSqSo5guyG9K_itupk_lJKZZbAIAVKK","expires_in":7200}
2017-11-02 10:36:33.587 [main] INFO  com.ray.weixin.gz.service.user.UserService - jsonObject:{"total":2,"data":{"openid":["oDLefxJLf6PIiiw7v2pVKKDVuyc8"]},"count":1,"next_openid":"oDLefxJLf6PIiiw7v2pVKKDVuyc8"}
2017-11-02 10:36:33.588 [main] INFO  com.ray.weixin.gz.test.MenuServiceTest - jsonObject:{"total":2,"data":{"openid":["oDLefxJLf6PIiiw7v2pVKKDVuyc8"]},"count":1,"next_openid":"oDLefxJLf6PIiiw7v2pVKKDVuyc8"}
