2017-11-06 14:33:08.874 [http-apr-8080-exec-4] INFO  com.ray.weixin.gz.controller.WeiXinServlet - post--------------
2017-11-06 14:33:08.886 [http-apr-8080-exec-4] INFO  com.ray.weixin.gz.service.message.ReplyMessageService - parms:{"signature":["6953bfd2e11d37fc6d384c3ab9ad11e41236ba40"],"timestamp":["1509949987"],"nonce":["1767221448"],"openid":["oDLefxDvQajibXhSWIWHrkiO1n2o"]}
2017-11-06 14:33:08.886 [http-apr-8080-exec-4] INFO  com.ray.weixin.gz.service.message.ReplyMessageService - postData:<xml><ToUserName><![CDATA[gh_8c1dd328db4e]]></ToUserName><FromUserName><![CDATA[oDLefxDvQajibXhSWIWHrkiO1n2o]]></FromUserName><CreateTime>1509949987</CreateTime><MsgType><![CDATA[event]]></MsgType><Event><![CDATA[VIEW]]></Event><EventKey><![CDATA[http://birc9v.natappfree.cc/weixin_gz/showInvoice.jsp]]></EventKey><MenuId>591655370</MenuId></xml>
2017-11-06 14:33:08.889 [http-apr-8080-exec-4] INFO  com.ray.weixin.gz.service.message.ReplyMessageService - 明文模式
2017-11-06 14:33:08.889 [http-apr-8080-exec-4] INFO  com.ray.weixin.gz.service.message.ReplyMessageService - <xml><ToUserName><![CDATA[gh_8c1dd328db4e]]></ToUserName><FromUserName><![CDATA[oDLefxDvQajibXhSWIWHrkiO1n2o]]></FromUserName><CreateTime>1509949987</CreateTime><MsgType><![CDATA[event]]></MsgType><Event><![CDATA[VIEW]]></Event><EventKey><![CDATA[http://birc9v.natappfree.cc/weixin_gz/showInvoice.jsp]]></EventKey><MenuId>591655370</MenuId></xml>
2017-11-06 14:33:08.905 [http-apr-8080-exec-4] INFO  com.ray.weixin.gz.service.message.ReplyMessageService - fromUserName:oDLefxDvQajibXhSWIWHrkiO1n2o
2017-11-06 14:33:08.906 [http-apr-8080-exec-4] INFO  com.ray.weixin.gz.service.message.ReplyMessageService - toUserName:gh_8c1dd328db4e
2017-11-06 14:33:08.906 [http-apr-8080-exec-4] INFO  com.ray.weixin.gz.service.message.ReplyMessageService - msgType:event
2017-11-06 14:33:08.906 [http-apr-8080-exec-4] INFO  com.ray.weixin.gz.service.message.ReplyMessageService - Event:VIEW  eventKey:http://birc9v.natappfree.cc/weixin_gz/showInvoice.jsp
2017-11-06 14:33:14.754 [http-apr-8080-exec-6] INFO  com.ray.weixin.gz.controller.WeiXinServlet - post--------------
2017-11-06 14:33:14.755 [http-apr-8080-exec-6] INFO  com.ray.weixin.gz.service.message.ReplyMessageService - parms:{"signature":["d881cc576cd1ec84022c5438fcec8d2d9b32f9a9"],"timestamp":["1509949993"],"nonce":["1674837095"],"openid":["oDLefxDvQajibXhSWIWHrkiO1n2o"]}
2017-11-06 14:33:14.755 [http-apr-8080-exec-6] INFO  com.ray.weixin.gz.service.message.ReplyMessageService - postData:<xml><ToUserName><![CDATA[gh_8c1dd328db4e]]></ToUserName><FromUserName><![CDATA[oDLefxDvQajibXhSWIWHrkiO1n2o]]></FromUserName><CreateTime>1509949993</CreateTime><MsgType><![CDATA[event]]></MsgType><Event><![CDATA[unsubscribe]]></Event><EventKey><![CDATA[]]></EventKey></xml>
2017-11-06 14:33:14.756 [http-apr-8080-exec-6] INFO  com.ray.weixin.gz.service.message.ReplyMessageService - 明文模式
2017-11-06 14:33:14.756 [http-apr-8080-exec-6] INFO  com.ray.weixin.gz.service.message.ReplyMessageService - <xml><ToUserName><![CDATA[gh_8c1dd328db4e]]></ToUserName><FromUserName><![CDATA[oDLefxDvQajibXhSWIWHrkiO1n2o]]></FromUserName><CreateTime>1509949993</CreateTime><MsgType><![CDATA[event]]></MsgType><Event><![CDATA[unsubscribe]]></Event><EventKey><![CDATA[]]></EventKey></xml>
2017-11-06 14:33:14.766 [http-apr-8080-exec-6] INFO  com.ray.weixin.gz.service.message.ReplyMessageService - fromUserName:oDLefxDvQajibXhSWIWHrkiO1n2o
2017-11-06 14:33:14.766 [http-apr-8080-exec-6] INFO  com.ray.weixin.gz.service.message.ReplyMessageService - toUserName:gh_8c1dd328db4e
2017-11-06 14:33:14.766 [http-apr-8080-exec-6] INFO  com.ray.weixin.gz.service.message.ReplyMessageService - msgType:event
2017-11-06 14:33:14.767 [http-apr-8080-exec-6] INFO  com.ray.weixin.gz.service.message.ReplyMessageService - Event:unsubscribe  eventKey:
2017-11-06 14:33:27.270 [http-apr-8080-exec-7] INFO  com.ray.weixin.gz.controller.WeiXinServlet - post--------------
2017-11-06 14:33:27.271 [http-apr-8080-exec-7] INFO  com.ray.weixin.gz.service.message.ReplyMessageService - parms:{"signature":["c2d6e7602ceeec270ce359ccb88585367eabb03d"],"timestamp":["1509950005"],"nonce":["217488908"],"openid":["oDLefxDvQajibXhSWIWHrkiO1n2o"]}
2017-11-06 14:33:27.271 [http-apr-8080-exec-7] INFO  com.ray.weixin.gz.service.message.ReplyMessageService - postData:<xml><ToUserName><![CDATA[gh_8c1dd328db4e]]></ToUserName><FromUserName><![CDATA[oDLefxDvQajibXhSWIWHrkiO1n2o]]></FromUserName><CreateTime>1509950005</CreateTime><MsgType><![CDATA[event]]></MsgType><Event><![CDATA[subscribe]]></Event><EventKey><![CDATA[]]></EventKey></xml>
2017-11-06 14:33:27.272 [http-apr-8080-exec-7] INFO  com.ray.weixin.gz.service.message.ReplyMessageService - 明文模式
2017-11-06 14:33:27.272 [http-apr-8080-exec-7] INFO  com.ray.weixin.gz.service.message.ReplyMessageService - <xml><ToUserName><![CDATA[gh_8c1dd328db4e]]></ToUserName><FromUserName><![CDATA[oDLefxDvQajibXhSWIWHrkiO1n2o]]></FromUserName><CreateTime>1509950005</CreateTime><MsgType><![CDATA[event]]></MsgType><Event><![CDATA[subscribe]]></Event><EventKey><![CDATA[]]></EventKey></xml>
2017-11-06 14:33:27.275 [http-apr-8080-exec-7] INFO  com.ray.weixin.gz.service.message.ReplyMessageService - fromUserName:oDLefxDvQajibXhSWIWHrkiO1n2o
2017-11-06 14:33:27.275 [http-apr-8080-exec-7] INFO  com.ray.weixin.gz.service.message.ReplyMessageService - toUserName:gh_8c1dd328db4e
2017-11-06 14:33:27.275 [http-apr-8080-exec-7] INFO  com.ray.weixin.gz.service.message.ReplyMessageService - msgType:event
2017-11-06 14:33:27.276 [http-apr-8080-exec-7] INFO  com.ray.weixin.gz.service.message.ReplyMessageService - Event:subscribe  eventKey:
2017-11-06 14:33:30.934 [http-apr-8080-exec-10] INFO  com.ray.weixin.gz.controller.WeiXinServlet - post--------------
2017-11-06 14:33:30.935 [http-apr-8080-exec-10] INFO  com.ray.weixin.gz.service.message.ReplyMessageService - parms:{"signature":["44590cf12dc1dacbe3e2953b1f8a15e1dabc2aef"],"timestamp":["1509950009"],"nonce":["1784176002"],"openid":["oDLefxDvQajibXhSWIWHrkiO1n2o"]}
2017-11-06 14:33:30.936 [http-apr-8080-exec-10] INFO  com.ray.weixin.gz.service.message.ReplyMessageService - postData:<xml><ToUserName><![CDATA[gh_8c1dd328db4e]]></ToUserName><FromUserName><![CDATA[oDLefxDvQajibXhSWIWHrkiO1n2o]]></FromUserName><CreateTime>1509950009</CreateTime><MsgType><![CDATA[event]]></MsgType><Event><![CDATA[VIEW]]></Event><EventKey><![CDATA[https://open.weixin.qq.com/connect/oauth2/authorize?appid=wxa0064ea657f80062&redirect_uri=http%3A%2F%2Fbirc9v.natappfree.cc%2Fweixin_gz%2FuploadImg.jsp&response_type=code&scope=snsapi_userinfo&state=STATE#wechat_redirect]]></EventKey><MenuId>591655418</MenuId></xml>
2017-11-06 14:33:30.936 [http-apr-8080-exec-10] INFO  com.ray.weixin.gz.service.message.ReplyMessageService - 明文模式
2017-11-06 14:33:30.936 [http-apr-8080-exec-10] INFO  com.ray.weixin.gz.service.message.ReplyMessageService - <xml><ToUserName><![CDATA[gh_8c1dd328db4e]]></ToUserName><FromUserName><![CDATA[oDLefxDvQajibXhSWIWHrkiO1n2o]]></FromUserName><CreateTime>1509950009</CreateTime><MsgType><![CDATA[event]]></MsgType><Event><![CDATA[VIEW]]></Event><EventKey><![CDATA[https://open.weixin.qq.com/connect/oauth2/authorize?appid=wxa0064ea657f80062&redirect_uri=http%3A%2F%2Fbirc9v.natappfree.cc%2Fweixin_gz%2FuploadImg.jsp&response_type=code&scope=snsapi_userinfo&state=STATE#wechat_redirect]]></EventKey><MenuId>591655418</MenuId></xml>
2017-11-06 14:33:30.939 [http-apr-8080-exec-10] INFO  com.ray.weixin.gz.service.message.ReplyMessageService - fromUserName:oDLefxDvQajibXhSWIWHrkiO1n2o
2017-11-06 14:33:30.939 [http-apr-8080-exec-10] INFO  com.ray.weixin.gz.service.message.ReplyMessageService - toUserName:gh_8c1dd328db4e
2017-11-06 14:33:30.940 [http-apr-8080-exec-10] INFO  com.ray.weixin.gz.service.message.ReplyMessageService - msgType:event
2017-11-06 14:33:30.940 [http-apr-8080-exec-10] INFO  com.ray.weixin.gz.service.message.ReplyMessageService - Event:VIEW  eventKey:https://open.weixin.qq.com/connect/oauth2/authorize?appid=wxa0064ea657f80062&redirect_uri=http%3A%2F%2Fbirc9v.natappfree.cc%2Fweixin_gz%2FuploadImg.jsp&response_type=code&scope=snsapi_userinfo&state=STATE#wechat_redirect
