2017-11-15 17:31:11.243 [http-apr-8080-exec-4] INFO  com.ray.weixin.gz.util.AuthHelper - jsonObject:{"access_token":"Q104OPD0eQ7-g6lWp3hf8ilQUVks1cmaDa1R6jYKSug0Rzf-S7vVi5kxzKn_5MACTjabEud6GntcnUx5WmAdDlBbSLHiAzdHA0z7CDNEDdFHwCIgHEw_UbJZfUi-YlR4PMZgAAAIFS","expires_in":7200}
2017-11-15 17:31:11.358 [http-apr-8080-exec-4] INFO  com.ray.weixin.gz.util.AuthHelper - jsonObject:{"errcode":0,"ticket":"HoagFKDcsGMVCIY2vOjf9mrEXbwXSbqpUm0898_LsZjrgUvXUmjZj1WFa7xD7-y9AQW9Hpa1_IwgC-BK5w_kpw","errmsg":"ok","expires_in":7200}
2017-11-15 17:31:11.360 [http-apr-8080-exec-4] INFO  com.ray.weixin.gz.util.AuthHelper - accessToken:Q104OPD0eQ7-g6lWp3hf8ilQUVks1cmaDa1R6jYKSug0Rzf-S7vVi5kxzKn_5MACTjabEud6GntcnUx5WmAdDlBbSLHiAzdHA0z7CDNEDdFHwCIgHEw_UbJZfUi-YlR4PMZgAAAIFS
2017-11-15 17:31:11.363 [http-apr-8080-exec-4] INFO  com.ray.weixin.gz.util.AuthHelper - ticket:HoagFKDcsGMVCIY2vOjf9mrEXbwXSbqpUm0898_LsZjrgUvXUmjZj1WFa7xD7-y9AQW9Hpa1_IwgC-BK5w_kpw
2017-11-15 17:31:11.363 [http-apr-8080-exec-4] INFO  com.ray.weixin.gz.util.AuthHelper - nonceStr:9c6e30a0-7253-4931-abb3-c63b8c544c40
2017-11-15 17:31:11.364 [http-apr-8080-exec-4] INFO  com.ray.weixin.gz.util.AuthHelper - timeStamp:1510738271
2017-11-15 17:31:11.364 [http-apr-8080-exec-4] INFO  com.ray.weixin.gz.util.AuthHelper - signedUrl:http://localhost:8080/weixin_gz/showInvoice.jsp
2017-11-15 17:31:11.364 [http-apr-8080-exec-4] INFO  com.ray.weixin.gz.util.AuthHelper - signature:de8cab75ef90f80021018e5abcf4910e336067b8
2017-11-15 17:31:11.365 [http-apr-8080-exec-4] INFO  com.ray.weixin.gz.util.AuthHelper - appId:wx07c4d9d0895fe212
2017-11-15 17:31:11.365 [http-apr-8080-exec-4] INFO  com.ray.weixin.gz.util.AuthHelper - configValue:{signature:'de8cab75ef90f80021018e5abcf4910e336067b8',nonceStr:'9c6e30a0-7253-4931-abb3-c63b8c544c40',timeStamp:'1510738271',appId:'wx07c4d9d0895fe212'}
2017-11-15 17:31:11.495 [http-apr-8080-exec-4] INFO  com.ray.weixin.gz.util.AuthHelper - jsonObject:{"access_token":"Q104OPD0eQ7-g6lWp3hf8ilQUVks1cmaDa1R6jYKSugHmtO562F2ERvnD-gcqr17fHbAYTAqGc29u3VJB3jjMfqjCDXyJsllgtSS6fYCmILyz5mchoQxAkU-zip2nshYTHXgAAALZP","expires_in":7200}
2017-11-15 17:31:11.598 [http-apr-8080-exec-4] INFO  com.ray.weixin.gz.service.invoice.InvoiceService - jsonObject:{"errcode":0,"ticket":"9KwiourQPRN3vx3Nn1c_iXCh-5F7rD5UiR6FRkNziS1qBd3gAGN5S8BmdmsudJYYtP_uKP4Q2TgqHEb_CnvT9w","errmsg":"ok","expires_in":7200}
2017-11-15 17:31:11.599 [http-apr-8080-exec-4] INFO  com.ray.weixin.gz.util.AuthHelper - apiTicket:9KwiourQPRN3vx3Nn1c_iXCh-5F7rD5UiR6FRkNziS1qBd3gAGN5S8BmdmsudJYYtP_uKP4Q2TgqHEb_CnvT9w
2017-11-15 17:31:11.599 [http-apr-8080-exec-4] INFO  com.ray.weixin.gz.util.AuthHelper - appId:wx07c4d9d0895fe212
2017-11-15 17:31:11.600 [http-apr-8080-exec-4] INFO  com.ray.weixin.gz.util.AuthHelper - timeStamp:1510738271
2017-11-15 17:31:11.600 [http-apr-8080-exec-4] INFO  com.ray.weixin.gz.util.AuthHelper - nonceStr:5559249e-827d-47b2-a4da-d696bc525822
2017-11-15 17:31:11.600 [http-apr-8080-exec-4] INFO  com.ray.weixin.gz.util.AuthHelper - cardType:INVOICE
2017-11-15 17:31:11.600 [http-apr-8080-exec-4] INFO  com.ray.weixin.gz.util.AuthHelper - cardSign:3310ed7bc8d3e10515a030ec79d47dd441d0e41f
2017-11-15 17:31:11.601 [http-apr-8080-exec-4] INFO  com.ray.weixin.gz.util.AuthHelper - signType:SHA1
2017-11-15 17:31:11.601 [http-apr-8080-exec-4] INFO  com.ray.weixin.gz.util.AuthHelper - configValue:{"signType":"SHA1","cardSign":"3310ed7bc8d3e10515a030ec79d47dd441d0e41f","nonceStr":"5559249e-827d-47b2-a4da-d696bc525822","timestamp":"1510738271"}
