2017-11-15 15:14:34.908 [http-apr-8080-exec-5] INFO  com.ray.weixin.gz.controller.WeiXinServlet - post--------------
2017-11-15 15:14:34.913 [http-apr-8080-exec-5] INFO  com.ray.weixin.gz.service.message.ReplyMessageService - parms:{"signature":["334f01d35bb0572a020a17eee5c7bfbadcf923f2"],"timestamp":["1510730073"],"nonce":["1877475369"],"openid":["o1M7_1TLByH8H1T7XCIj23Roo5yU"],"encrypt_type":["aes"],"msg_signature":["f720347259359f7d6b2aef8f8d8e8286b7539219"]}
2017-11-15 15:14:34.913 [http-apr-8080-exec-5] INFO  com.ray.weixin.gz.service.message.ReplyMessageService - postData:<xml>    <ToUserName><![CDATA[gh_8903be978f8b]]></ToUserName>    <Encrypt><![CDATA[Yz5DOXq/4y1Ky5WcgdBgToqnXDvQQgftaSJzcK2JJh4ghHhRaGZfvUOIVy+J9DXWZJ395TqB/e6buFrI9aP0cIPREoUtc/lGPVm/0HHh42BVvBWLZDnvy9nv+HId+bO5J0XQD37d62n/l1r1TE+aXVcOX5SV/oFKVzsGr3KEYFOCy3ClnHqMsAB9Xv6awq52G9t+fv4qIOs4+u4Yd6DZuiTe2yGtOEwhs39ncGizWc+6SsA65IYFC79swNi5JqNyo9CS+Y/ende8GAPzYBO9GTlQl5ugKHTDJlA+OBtgSkYiCG/YoRS+TD6PDcZi1icP3eMfKyNaQdrXLn3u9VpbyU6xjvUE2aNigP1TZZA8bbcohe2NkhB4jwADT0shiF7JBcxpDInvL5rl1zRHIG/ZeCDLj47x3A1hxXw9sAzubIw=]]></Encrypt></xml>
2017-11-15 15:14:34.935 [http-apr-8080-exec-5] INFO  com.ray.weixin.gz.service.message.ReplyMessageService - 安全模式：消息被加密
2017-11-15 15:14:34.937 [http-apr-8080-exec-5] INFO  com.ray.weixin.gz.service.message.ReplyMessageService - <xml><ToUserName><![CDATA[gh_8903be978f8b]]></ToUserName>
<FromUserName><![CDATA[o1M7_1TLByH8H1T7XCIj23Roo5yU]]></FromUserName>
<CreateTime>1510730073</CreateTime>
<MsgType><![CDATA[event]]></MsgType>
<Event><![CDATA[subscribe]]></Event>
<EventKey><![CDATA[]]></EventKey>
</xml>
2017-11-15 15:14:34.939 [http-apr-8080-exec-5] INFO  com.ray.weixin.gz.service.message.ReplyMessageService - fromUserName:o1M7_1TLByH8H1T7XCIj23Roo5yU
2017-11-15 15:14:34.939 [http-apr-8080-exec-5] INFO  com.ray.weixin.gz.service.message.ReplyMessageService - toUserName:gh_8903be978f8b
2017-11-15 15:14:34.939 [http-apr-8080-exec-5] INFO  com.ray.weixin.gz.service.message.ReplyMessageService - msgType:event
2017-11-15 15:14:34.939 [http-apr-8080-exec-5] INFO  com.ray.weixin.gz.service.message.ReplyMessageService - Event:subscribe  eventKey:
2017-11-15 15:14:40.409 [http-apr-8080-exec-9] INFO  com.ray.weixin.gz.controller.WeiXinServlet - post--------------
2017-11-15 15:14:40.411 [http-apr-8080-exec-9] INFO  com.ray.weixin.gz.service.message.ReplyMessageService - parms:{"signature":["578295059a380d1e8ae00875262f27cf9b69c5a3"],"timestamp":["1510730079"],"nonce":["1397625434"],"openid":["o1M7_1TLByH8H1T7XCIj23Roo5yU"],"encrypt_type":["aes"],"msg_signature":["8cad02ce9f75a8db6118ad037314d5d395f6890d"]}
2017-11-15 15:14:40.412 [http-apr-8080-exec-9] INFO  com.ray.weixin.gz.service.message.ReplyMessageService - postData:<xml>    <ToUserName><![CDATA[gh_8903be978f8b]]></ToUserName>    <Encrypt><![CDATA[Thp/XEDNLEwms8ce4ly43Y54+/u7F6as1SVYNgPqbVhke9/q4/7H10pRALQySn4qAJTfTCgjoRt8mh4FPITTcBQ81MuPeKK9Pcd/w93z7tALbw5W9fn2g+2V9aCtvq77gSW9E8Bk9HQQORvTtSxIq1aJxdWaJXDP6zj89Qd2aC1NgBnmtHCDUC3pbSKvMIpgGyVZkw3GRG9KHdF6rE4kk4n3tZigJpu3Nlih27HyQlYTQQIoeghEEJAx1bRiVVpaPiODx8iQj3uSXRjQ3YihbN5H+xI+WnbjOO+vOja6yvJgufFJAQJbzEcuAdiNf+8bEGI6yYzd/Qfwgdyha09UNS6c6BmP1opweeaGxP8+UWRJ87+cHvcmze2ZNuKWmgfLuAVWb79gz5aIkS8Ne0zI4e0kOOwBHLzUcfCbOQbQ+8dbMXxPQmdSDXKRSUmPpjaUWXyrH4kGi6VnSAxVjoI+zJuCobj4kzC8GMf5V/PbGHBITmpz4brwFfumASdOQKRrNqwM2S6sd/ox//msic70NwcOBdiL8HD8uLbneaoleKQ=]]></Encrypt></xml>
2017-11-15 15:14:40.413 [http-apr-8080-exec-9] INFO  com.ray.weixin.gz.service.message.ReplyMessageService - 安全模式：消息被加密
2017-11-15 15:14:40.432 [http-apr-8080-exec-9] INFO  com.ray.weixin.gz.service.message.ReplyMessageService - <xml><ToUserName><![CDATA[gh_8903be978f8b]]></ToUserName>
<FromUserName><![CDATA[o1M7_1TLByH8H1T7XCIj23Roo5yU]]></FromUserName>
<CreateTime>1510730079</CreateTime>
<MsgType><![CDATA[event]]></MsgType>
<Event><![CDATA[VIEW]]></Event>
<EventKey><![CDATA[http://rayner.nat300.top/weixin_gz/showInvoice.jsp]]></EventKey>
<MenuId>450181554</MenuId>
</xml>
2017-11-15 15:14:40.440 [http-apr-8080-exec-9] INFO  com.ray.weixin.gz.service.message.ReplyMessageService - fromUserName:o1M7_1TLByH8H1T7XCIj23Roo5yU
2017-11-15 15:14:40.441 [http-apr-8080-exec-9] INFO  com.ray.weixin.gz.service.message.ReplyMessageService - toUserName:gh_8903be978f8b
2017-11-15 15:14:40.441 [http-apr-8080-exec-9] INFO  com.ray.weixin.gz.service.message.ReplyMessageService - msgType:event
2017-11-15 15:14:40.442 [http-apr-8080-exec-9] INFO  com.ray.weixin.gz.service.message.ReplyMessageService - Event:VIEW  eventKey:http://rayner.nat300.top/weixin_gz/showInvoice.jsp
2017-11-15 15:14:41.940 [http-apr-8080-exec-8] INFO  com.ray.weixin.gz.util.AuthHelper - jsonObject:{"access_token":"a2T-wq8dYV4gOkGxS7rrKf5PLofNjOmdOCvx0iHKXw_G5L-CRkSVyVru_7Qhvwxn3NZCJ-sZZ_3VlSBND54DLF6YCVw4GZLNZZ9XUnMSLFZ_tABo8rDv5UUEsxwjkBMcGMKhADAXDB","expires_in":7200}
2017-11-15 15:14:42.018 [http-apr-8080-exec-8] INFO  com.ray.weixin.gz.util.AuthHelper - jsonObject:{"errcode":0,"ticket":"HoagFKDcsGMVCIY2vOjf9mrEXbwXSbqpUm0898_LsZhfWowrJV-9wOxwAgoPTOhdqfiAJVBhU9J6pQbGq-WKag","errmsg":"ok","expires_in":7200}
2017-11-15 15:14:42.019 [http-apr-8080-exec-8] INFO  com.ray.weixin.gz.util.AuthHelper - accessToken:a2T-wq8dYV4gOkGxS7rrKf5PLofNjOmdOCvx0iHKXw_G5L-CRkSVyVru_7Qhvwxn3NZCJ-sZZ_3VlSBND54DLF6YCVw4GZLNZZ9XUnMSLFZ_tABo8rDv5UUEsxwjkBMcGMKhADAXDB
2017-11-15 15:14:42.019 [http-apr-8080-exec-8] INFO  com.ray.weixin.gz.util.AuthHelper - ticket:HoagFKDcsGMVCIY2vOjf9mrEXbwXSbqpUm0898_LsZhfWowrJV-9wOxwAgoPTOhdqfiAJVBhU9J6pQbGq-WKag
2017-11-15 15:14:42.019 [http-apr-8080-exec-8] INFO  com.ray.weixin.gz.util.AuthHelper - nonceStr:39c231ff-53e0-4d8f-b388-d80f7364df48
2017-11-15 15:14:42.019 [http-apr-8080-exec-8] INFO  com.ray.weixin.gz.util.AuthHelper - timeStamp:1510730081
2017-11-15 15:14:42.019 [http-apr-8080-exec-8] INFO  com.ray.weixin.gz.util.AuthHelper - signedUrl:http://rayner.nat300.top/weixin_gz/showInvoice.jsp
2017-11-15 15:14:42.019 [http-apr-8080-exec-8] INFO  com.ray.weixin.gz.util.AuthHelper - signature:d4a36bec344d38c49aba5a0934c10b6525231b07
2017-11-15 15:14:42.020 [http-apr-8080-exec-8] INFO  com.ray.weixin.gz.util.AuthHelper - appId:wx07c4d9d0895fe212
2017-11-15 15:14:42.020 [http-apr-8080-exec-8] INFO  com.ray.weixin.gz.util.AuthHelper - configValue:{signature:'d4a36bec344d38c49aba5a0934c10b6525231b07',nonceStr:'39c231ff-53e0-4d8f-b388-d80f7364df48',timeStamp:'1510730081',appId:'wx07c4d9d0895fe212'}
2017-11-15 15:14:42.131 [http-apr-8080-exec-8] INFO  com.ray.weixin.gz.util.AuthHelper - jsonObject:{"access_token":"a2T-wq8dYV4gOkGxS7rrKf5PLofNjOmdOCvx0iHKXw-jrYVXK2RSJ0kvovU6eGEW1QvZz-BpYGcCz3IbvvKykZHB8h52KQDS0L7yUPWBaSvINglJiGuCMfUho51JidXwAQNhADAKAX","expires_in":7199}
2017-11-15 15:14:42.241 [http-apr-8080-exec-8] INFO  com.ray.weixin.gz.service.invoice.InvoiceService - jsonObject:{"errcode":0,"ticket":"9KwiourQPRN3vx3Nn1c_iXCh-5F7rD5UiR6FRkNziS3cx4b8Yjpce58MCsslS5Cu43H8pvgbGMFfDvtxfdImxg","errmsg":"ok","expires_in":7200}
2017-11-15 15:14:42.242 [http-apr-8080-exec-8] INFO  com.ray.weixin.gz.util.AuthHelper - apiTicket:9KwiourQPRN3vx3Nn1c_iXCh-5F7rD5UiR6FRkNziS3cx4b8Yjpce58MCsslS5Cu43H8pvgbGMFfDvtxfdImxg
2017-11-15 15:14:42.242 [http-apr-8080-exec-8] INFO  com.ray.weixin.gz.util.AuthHelper - appId:wx07c4d9d0895fe212
2017-11-15 15:14:42.243 [http-apr-8080-exec-8] INFO  com.ray.weixin.gz.util.AuthHelper - timeStamp:1510730082
2017-11-15 15:14:42.243 [http-apr-8080-exec-8] INFO  com.ray.weixin.gz.util.AuthHelper - nonceStr:49fa3dbd-bc8f-499d-89b8-312705f2031d
2017-11-15 15:14:42.244 [http-apr-8080-exec-8] INFO  com.ray.weixin.gz.util.AuthHelper - cardType:INVOICE
2017-11-15 15:14:42.244 [http-apr-8080-exec-8] INFO  com.ray.weixin.gz.util.AuthHelper - cardSign:9330af88005e89cd456f695e547f2201719e8373
2017-11-15 15:14:42.244 [http-apr-8080-exec-8] INFO  com.ray.weixin.gz.util.AuthHelper - signType:SHA1
2017-11-15 15:14:42.245 [http-apr-8080-exec-8] INFO  com.ray.weixin.gz.util.AuthHelper - configValue:{"signType":"SHA1","cardSign":"9330af88005e89cd456f695e547f2201719e8373","nonceStr":"49fa3dbd-bc8f-499d-89b8-312705f2031d","timestamp":"1510730082"}
