2017-11-08 19:37:19.499 [http-apr-8080-exec-68] INFO  com.ray.weixin.qy.controller.WeiXinServlet - post--------------
2017-11-08 19:37:19.516 [http-apr-8080-exec-68] INFO  com.ray.weixin.qy.service.message.reply.ReplyMessageService - parms:{"msg_signature":["e7fd3739e310b470b2a1f08212524414c4f6828c"],"timestamp":["1510141038"],"nonce":["1143845533"]}
2017-11-08 19:37:19.517 [http-apr-8080-exec-68] INFO  com.ray.weixin.qy.service.message.reply.ReplyMessageService - postData:<xml><ToUserName><![CDATA[ww92f5da92bb24696e]]></ToUserName><Encrypt><![CDATA[Aih1El21JzniYQv9+0Pl/FPWRuezb1t9ouqDttNXsMBoapTMS6GNqK4pJFHgleiIIKp3ix+08PEHog61HqAocihQT7s0UdrnAc0BjpcbiHHucDbbnQAKIT5Bh6ySHlhINmMrJ8pKshtcl0txWBuEHdANakpFoebid7BbyySz18YhCiMwEUs+k5PdzrxF7xDYsNUZrIrkKQ7feAjaQjf7/z01I2Z/yRYOjS9OPHtRLWiWMJqFi7SI2Fa0/0RVKZ6DWkua/lLt2GM89LO6a6QhS0gMKFKg5F2eT/aSRxQhpWR0kecSHgMMRAcNYRnCT7RUmhCDBHjyFjHk8DROe/+/81E9fro5Dpr6Zzm0eIYg9zeG5g5xzXDQ3ePE7+/3wM2d98WsKj7KStpUY7aEggqar1C8Bz4rdggdJf/DeHfKvSuLK75HhKL2pWTEEIyMS3qVYuEv2vssM9b2tacYhTLfRR/D7x8cG9DHpOM7JtmRGw5sVS49sGgWiMjCWbaa3JXh]]></Encrypt><AgentID><![CDATA[1000002]]></AgentID></xml>
2017-11-08 19:37:19.536 [http-apr-8080-exec-68] INFO  com.ray.weixin.qy.service.message.reply.ReplyMessageService - reply_xmlMsg:<xml><ToUserName><![CDATA[ww92f5da92bb24696e]]></ToUserName><FromUserName><![CDATA[ShiRui]]></FromUserName><CreateTime>1510141038</CreateTime><MsgType><![CDATA[event]]></MsgType><AgentID>1000002</AgentID><Event><![CDATA[LOCATION]]></Event><Latitude>31.1676</Latitude><Longitude>121.156</Longitude><Precision>15</Precision></xml>
2017-11-08 19:37:19.538 [http-apr-8080-exec-68] INFO  com.ray.weixin.qy.service.message.reply.ReplyMessageService - fromUserName:ShiRui
2017-11-08 19:37:19.538 [http-apr-8080-exec-68] INFO  com.ray.weixin.qy.service.message.reply.ReplyMessageService - toUserName:ww92f5da92bb24696e
2017-11-08 19:37:19.538 [http-apr-8080-exec-68] INFO  com.ray.weixin.qy.service.message.reply.ReplyMessageService - msgType:event
2017-11-08 19:37:19.538 [http-apr-8080-exec-68] INFO  com.ray.weixin.qy.service.message.reply.ReplyMessageService - Event:LOCATION  eventKey:null
2017-11-08 19:37:20.927 [http-apr-8080-exec-77] INFO  com.ray.weixin.qy.controller.WeiXinServlet - post--------------
2017-11-08 19:37:20.930 [http-apr-8080-exec-77] INFO  com.ray.weixin.qy.service.message.reply.ReplyMessageService - parms:{"msg_signature":["08b67d6298058de0d8dbcf5710e8270df0ffb69c"],"timestamp":["1510141040"],"nonce":["1179483185"]}
2017-11-08 19:37:20.931 [http-apr-8080-exec-77] INFO  com.ray.weixin.qy.service.message.reply.ReplyMessageService - postData:<xml><ToUserName><![CDATA[ww92f5da92bb24696e]]></ToUserName><Encrypt><![CDATA[IUdfsrrJF8Oda6LkCKQSEcdYkI1SZduLFHVTF0LC28WOWvfeDhn9PLnp53jxmCUfjkYR6L5Gig9XlqmTpYhtMsmYhxNWQX1LHshpVC+kVDYVJB4RxCsbc5POfYBK2AhIW4L19Wtn00CvJBLZ6l3KK8yiKuXFx2jpfzGP/o8+S5bldAVLci9oo7y1Xsw+v0c8laYbeEWleH38311DGl11jvxcl3qSqTgsz1kmR+IT/tGWf3AlOmlkbR1FcjOJAbypI/wZHv7xFCaCu0+cc4jA8Iu1+bbvm/8liR4+lsSUUunkc40v7un/pmGEicHLyF70QLs25/VGpCanWXTcYcnh27mItZp3aDGDiiexuBDnyrMMBLk8KLKCGIq95e6tOXi93Cw+JNQICvkd5/vZRExt4M/XoEo1B8VGfzdk/SIHavJO43TAt/vLG2phR/gQH1kF0ycacz7ywZ7p0gKgU/Xsa346ggsnlfmSkoyNwvHF1rWiahOYlT9AhWQsO1RFBwuy]]></Encrypt><AgentID><![CDATA[1000002]]></AgentID></xml>
2017-11-08 19:37:20.937 [http-apr-8080-exec-77] INFO  com.ray.weixin.qy.service.message.reply.ReplyMessageService - reply_xmlMsg:<xml><ToUserName><![CDATA[ww92f5da92bb24696e]]></ToUserName><FromUserName><![CDATA[ShiRui]]></FromUserName><CreateTime>1510141040</CreateTime><MsgType><![CDATA[event]]></MsgType><AgentID>1000002</AgentID><Event><![CDATA[view]]></Event><EventKey><![CDATA[http://rayner.nat300.top/weixin_qy/showInvoice.jsp]]></EventKey></xml>
2017-11-08 19:37:20.941 [http-apr-8080-exec-77] INFO  com.ray.weixin.qy.service.message.reply.ReplyMessageService - fromUserName:ShiRui
2017-11-08 19:37:20.941 [http-apr-8080-exec-77] INFO  com.ray.weixin.qy.service.message.reply.ReplyMessageService - toUserName:ww92f5da92bb24696e
2017-11-08 19:37:20.941 [http-apr-8080-exec-77] INFO  com.ray.weixin.qy.service.message.reply.ReplyMessageService - msgType:event
2017-11-08 19:37:20.943 [http-apr-8080-exec-77] INFO  com.ray.weixin.qy.service.message.reply.ReplyMessageService - Event:view  eventKey:http://rayner.nat300.top/weixin_qy/showInvoice.jsp
2017-11-08 19:37:21.766 [http-apr-8080-exec-71] INFO  com.ray.weixin.qy.util.AuthHelper - jsonObject:{"errcode":0,"access_token":"ZKrmF55qn7-XEP21Tz8wU891N2DLOgOyBr7gSlyW0EyP92tytr30wnbUR_rDOyYokg9RxFAq7HiHZ433Z82yYJM3pQop6QNPtit8k-9cBNHYN3VkdAD0ndbyGgjqim6lAw9JaGlgkiPWtc-mNdW0tcmf7XmLgxUilWSOc9nsz7PxcgWW65NHaYlWYXOBLEgT3QqzMd9K-669IWyOm26GyA","errmsg":"ok","expires_in":7200}
2017-11-08 19:37:22.220 [http-apr-8080-exec-71] INFO  com.ray.weixin.qy.util.AuthHelper - jsonObject:{"errcode":0,"ticket":"kgt8ON7yVITDhtdwci0qebCLEfC_BfeygIq8cFPLbdY6MM-5fA76IIfoqvBcC2C5ToCaAtocjY1xMBshMnDLbA","errmsg":"ok","expires_in":7200}
2017-11-08 19:37:22.221 [http-apr-8080-exec-71] INFO  com.ray.weixin.qy.util.AuthHelper - url:http://rayner.nat300.top/weixin_qy/showInvoice.jsp
2017-11-08 19:37:22.221 [http-apr-8080-exec-71] INFO  com.ray.weixin.qy.util.AuthHelper - accessToken:ZKrmF55qn7-XEP21Tz8wU891N2DLOgOyBr7gSlyW0EyP92tytr30wnbUR_rDOyYokg9RxFAq7HiHZ433Z82yYJM3pQop6QNPtit8k-9cBNHYN3VkdAD0ndbyGgjqim6lAw9JaGlgkiPWtc-mNdW0tcmf7XmLgxUilWSOc9nsz7PxcgWW65NHaYlWYXOBLEgT3QqzMd9K-669IWyOm26GyA
2017-11-08 19:37:22.222 [http-apr-8080-exec-71] INFO  com.ray.weixin.qy.util.AuthHelper - jsapi_ticket:kgt8ON7yVITDhtdwci0qebCLEfC_BfeygIq8cFPLbdY6MM-5fA76IIfoqvBcC2C5ToCaAtocjY1xMBshMnDLbA
2017-11-08 19:37:22.222 [http-apr-8080-exec-71] INFO  com.ray.weixin.qy.util.AuthHelper - appId:ww92f5da92bb24696e
2017-11-08 19:37:22.222 [http-apr-8080-exec-71] INFO  com.ray.weixin.qy.util.AuthHelper - timestamp:1510141041
2017-11-08 19:37:22.223 [http-apr-8080-exec-71] INFO  com.ray.weixin.qy.util.AuthHelper - nonceStr:032bb22b-5c43-4da0-b543-e3477c1acc9e
2017-11-08 19:37:22.223 [http-apr-8080-exec-71] INFO  com.ray.weixin.qy.util.AuthHelper - signature:c5cd7da0fc276d41ff4ec6efba1894864e310598
2017-11-08 19:37:22.223 [http-apr-8080-exec-71] INFO  com.ray.weixin.qy.util.AuthHelper - configValue:{"signature":"c5cd7da0fc276d41ff4ec6efba1894864e310598","appId":"ww92f5da92bb24696e","nonceStr":"032bb22b-5c43-4da0-b543-e3477c1acc9e","timestamp":"1510141041"}
2017-11-08 19:37:23.666 [http-apr-8080-exec-75] INFO  com.ray.weixin.qy.controller.WeiXinServlet - post--------------
2017-11-08 19:37:23.667 [http-apr-8080-exec-75] INFO  com.ray.weixin.qy.service.message.reply.ReplyMessageService - parms:{"msg_signature":["9d91c880c2ca11b14e1063d13407dcb1c17c7201"],"timestamp":["1510141043"],"nonce":["1406130307"]}
2017-11-08 19:37:23.668 [http-apr-8080-exec-75] INFO  com.ray.weixin.qy.service.message.reply.ReplyMessageService - postData:<xml><ToUserName><![CDATA[ww92f5da92bb24696e]]></ToUserName><Encrypt><![CDATA[9NdN3iEjy40XgnUjmm29fCKoTz4+CBJB4rDm+t7Qj3d0pNyrf/GJuIKcRZiPQ/mnLeipTp1z4V2d7W3irphxbFoXAruSXPesx/CGrRNwyORiwMWVtFALAeh4IIthJQrQ+wrHVAY3Ab31fUnfaXZUHIA+fEdR2FxznbANSkj7TW43uNC0wDBYooUdbqByMtzjrWqozR1Zs2yOkAsKd//o2oQj4bOQlS9uX4ejq/0cgHKn3bGOWC8WGvq0e4kL4rdreowgmwksDbdHxJv+zRRCVaJ2cPqsc59Xh1+w703wrO3b8IvZtkfgNn2lUK5f9P8svBQ+Ki9eX+MMOyHC3ahzva0BqSDSetxIeL4jsiPcaEAibzbNHZl/6y9koG3p+4VqGhUe94lKf8LXyAH2hYieg3VBkqCUZTfE0bxSl/Nfulx3vLxLS0lMPTV0tjivJjLzROmVCa6TRx0Zrtf4HaX4/Nk0GvffaHY+Tt+IZ9I1ytT8d5koSciRmp7QjXwbC7I+]]></Encrypt><AgentID><![CDATA[1000002]]></AgentID></xml>
2017-11-08 19:37:23.670 [http-apr-8080-exec-75] INFO  com.ray.weixin.qy.service.message.reply.ReplyMessageService - reply_xmlMsg:<xml><ToUserName><![CDATA[ww92f5da92bb24696e]]></ToUserName><FromUserName><![CDATA[ShiRui]]></FromUserName><CreateTime>1510141043</CreateTime><MsgType><![CDATA[event]]></MsgType><AgentID>1000002</AgentID><Event><![CDATA[LOCATION]]></Event><Latitude>31.1676</Latitude><Longitude>121.156</Longitude><Precision>15</Precision></xml>
2017-11-08 19:37:23.671 [http-apr-8080-exec-75] INFO  com.ray.weixin.qy.service.message.reply.ReplyMessageService - fromUserName:ShiRui
2017-11-08 19:37:23.672 [http-apr-8080-exec-75] INFO  com.ray.weixin.qy.service.message.reply.ReplyMessageService - toUserName:ww92f5da92bb24696e
2017-11-08 19:37:23.672 [http-apr-8080-exec-75] INFO  com.ray.weixin.qy.service.message.reply.ReplyMessageService - msgType:event
2017-11-08 19:37:23.672 [http-apr-8080-exec-75] INFO  com.ray.weixin.qy.service.message.reply.ReplyMessageService - Event:LOCATION  eventKey:null
2017-11-08 19:37:28.662 [http-apr-8080-exec-68] INFO  com.ray.weixin.qy.controller.WeiXinServlet - post--------------
2017-11-08 19:37:28.663 [http-apr-8080-exec-68] INFO  com.ray.weixin.qy.service.message.reply.ReplyMessageService - parms:{"msg_signature":["403381288a8920ac2ada0e0095b8b0dd2e6ceace"],"timestamp":["1510141048"],"nonce":["1863425885"]}
2017-11-08 19:37:28.665 [http-apr-8080-exec-68] INFO  com.ray.weixin.qy.service.message.reply.ReplyMessageService - postData:<xml><ToUserName><![CDATA[ww92f5da92bb24696e]]></ToUserName><Encrypt><![CDATA[18Y/hc5BAZz6cvJ4DSVOpfU0mE/Zsz7kfT9X4SttKhVYM4L6Uaa8Mg0Fn0Xi0jXNdFGv6TWIg25/WojFUTjkNpEAsQsT90Recv+wBmJjilkZj2H+Z+UI37VIz1UYrIaFPqL5557mmJtfJiVcQoFW7JhHiW4qCixkqjlu6g/GqWwyY/x8c/ZdmzR3KLCFBLDyXGt2mKAcn4c0sIUhwB7hpucYBlzQMC7fsTo2fAA26LlAPi41zwZDyxH877SxtR4FovKwp09OVQQeYM6axtixnZQQKPM5wnOjN9uai0I27DpTgqZcrA5a/wMaMYZ1a39np6nAuVVblBMF4/av5oFM/bGhYWxBOetXF1Ea0RXA5yYfOWRljMG/2zKNAbzcWS7tvu0jQF2xt6l7oeW5BhhMoivxnIX2pGPSmAGu3N9gxbKSusbOq8Z0u0EpySwFuhlZrEp9GmFRunWbaH10MdVQ7Zul6toWpLzaoNZF1G+CK1h1L2TiVdken6Z6rtHXRECT]]></Encrypt><AgentID><![CDATA[1000002]]></AgentID></xml>
2017-11-08 19:37:28.671 [http-apr-8080-exec-68] INFO  com.ray.weixin.qy.service.message.reply.ReplyMessageService - reply_xmlMsg:<xml><ToUserName><![CDATA[ww92f5da92bb24696e]]></ToUserName><FromUserName><![CDATA[ShiRui]]></FromUserName><CreateTime>1510141048</CreateTime><MsgType><![CDATA[event]]></MsgType><AgentID>1000002</AgentID><Event><![CDATA[LOCATION]]></Event><Latitude>31.1676</Latitude><Longitude>121.156</Longitude><Precision>15</Precision></xml>
2017-11-08 19:37:28.675 [http-apr-8080-exec-68] INFO  com.ray.weixin.qy.service.message.reply.ReplyMessageService - fromUserName:ShiRui
2017-11-08 19:37:28.676 [http-apr-8080-exec-68] INFO  com.ray.weixin.qy.service.message.reply.ReplyMessageService - toUserName:ww92f5da92bb24696e
2017-11-08 19:37:28.676 [http-apr-8080-exec-68] INFO  com.ray.weixin.qy.service.message.reply.ReplyMessageService - msgType:event
2017-11-08 19:37:28.677 [http-apr-8080-exec-68] INFO  com.ray.weixin.qy.service.message.reply.ReplyMessageService - Event:LOCATION  eventKey:null
2017-11-08 19:37:33.873 [http-apr-8080-exec-77] INFO  com.ray.weixin.qy.controller.WeiXinServlet - post--------------
2017-11-08 19:37:33.874 [http-apr-8080-exec-77] INFO  com.ray.weixin.qy.service.message.reply.ReplyMessageService - parms:{"msg_signature":["d110ac01661273c47731c89a1ff07cd21aa7b628"],"timestamp":["1510141053"],"nonce":["1313204741"]}
2017-11-08 19:37:33.875 [http-apr-8080-exec-77] INFO  com.ray.weixin.qy.service.message.reply.ReplyMessageService - postData:<xml><ToUserName><![CDATA[ww92f5da92bb24696e]]></ToUserName><Encrypt><![CDATA[4nZR2lkRO4emsTTqJ2o3HFm8fDTLVQDzxioBsd8qg3Tlq/Cj4TDJ9OiOoLs0Ik8rLp2mkjiYbArl4e7qPLrKOpMgwquNgHD7HcCMHSCSQQN8k1Y99MshM43JYNU0JC7czXN28e8c9nA7xDXKsc4Sr/721MJ9FlXMocLLL9lKwUGlxq4+5kPcXmTSmZdBbDEieiYkXHkX9yBaH+YpmUGNBz1NRH/NiW0HU0dC2v7dRwZmU7pszDKTJf7Jd86fG9HkdCFn3egixFgWgR7/GCMhcaP3kKYXDd8I9AQwamD2aaziHAIqy7cZyaiY3GEQv89byUCj6O+GDQIKyOMG1hDnsSsKe36+uWDYPoWNnuy9CnFQdnNqVHMJlgNEYUr5l+S55c0qpUvLHYzqJUWL1OhyGVENcmwoPZzAXGE4u5+X1D+dByOCuUE1sGTdmU1/Z+RzdWbQGF0C7+3F+MhipWLASz8NLRNRhkWli/r35W60SpU2MggvirflR1/fSWnyT/Sb]]></Encrypt><AgentID><![CDATA[1000002]]></AgentID></xml>
2017-11-08 19:37:33.879 [http-apr-8080-exec-77] INFO  com.ray.weixin.qy.service.message.reply.ReplyMessageService - reply_xmlMsg:<xml><ToUserName><![CDATA[ww92f5da92bb24696e]]></ToUserName><FromUserName><![CDATA[ShiRui]]></FromUserName><CreateTime>1510141053</CreateTime><MsgType><![CDATA[event]]></MsgType><AgentID>1000002</AgentID><Event><![CDATA[LOCATION]]></Event><Latitude>31.1676</Latitude><Longitude>121.156</Longitude><Precision>15</Precision></xml>
2017-11-08 19:37:33.883 [http-apr-8080-exec-77] INFO  com.ray.weixin.qy.service.message.reply.ReplyMessageService - fromUserName:ShiRui
2017-11-08 19:37:33.883 [http-apr-8080-exec-77] INFO  com.ray.weixin.qy.service.message.reply.ReplyMessageService - toUserName:ww92f5da92bb24696e
2017-11-08 19:37:33.883 [http-apr-8080-exec-77] INFO  com.ray.weixin.qy.service.message.reply.ReplyMessageService - msgType:event
2017-11-08 19:37:33.883 [http-apr-8080-exec-77] INFO  com.ray.weixin.qy.service.message.reply.ReplyMessageService - Event:LOCATION  eventKey:null
2017-11-08 19:37:38.860 [http-apr-8080-exec-71] INFO  com.ray.weixin.qy.controller.WeiXinServlet - post--------------
2017-11-08 19:37:38.861 [http-apr-8080-exec-71] INFO  com.ray.weixin.qy.service.message.reply.ReplyMessageService - parms:{"msg_signature":["359333c4cb0a8399698c8823148521f8e8bfccca"],"timestamp":["1510141058"],"nonce":["1188458662"]}
2017-11-08 19:37:38.862 [http-apr-8080-exec-71] INFO  com.ray.weixin.qy.service.message.reply.ReplyMessageService - postData:<xml><ToUserName><![CDATA[ww92f5da92bb24696e]]></ToUserName><Encrypt><![CDATA[D78nNdu/iG+wmnJuGKAYQx4dA24U73Hayo8R4YXCib+YjTK84mZEtTqJ69MPK+BXdmEDbd9KuPWW/sX5EKCwUSDyIjQFOOsbJ6VjCBlDOERmjsT7NoyzXWYa+0FgTIPbqdtpJGQb2Z4ZNGoYQSjgUd3VTYvk6wwPqm2YaH9Lu2eiBHDut6i6iI1x5j8fgcdBxh59GQhO5R9GtGK5q+QjwH8VKEDpojN3Sp/B+5NJQUFKjX1Tv+2ReqanTOryoFHMCPF4t8DTPLk+TQskT2Zi3P9Ohrfvd3afFBuIhWg5MoH27oKtyFPqhkcBsmy2qTgbPGaoz5uqgsD5+Eo/qiSsT7RmBNoWoQlrICVBOUsBlNAoTr/2+uVs41mh34Nw2R7EWTwvAmsnE2cOmz94lW7mPIx2I+dUICYvGF/tDEiILRSlpU5RJt8n3G+z4B9AMAJsNnmZQ80jk4a1OD0nIaFjeXHxKCD+EIC6SCFq9z++J5AxG4fRVKJPPDCxivpCgB86]]></Encrypt><AgentID><![CDATA[1000002]]></AgentID></xml>
2017-11-08 19:37:38.865 [http-apr-8080-exec-71] INFO  com.ray.weixin.qy.service.message.reply.ReplyMessageService - reply_xmlMsg:<xml><ToUserName><![CDATA[ww92f5da92bb24696e]]></ToUserName><FromUserName><![CDATA[ShiRui]]></FromUserName><CreateTime>1510141058</CreateTime><MsgType><![CDATA[event]]></MsgType><AgentID>1000002</AgentID><Event><![CDATA[LOCATION]]></Event><Latitude>31.1676</Latitude><Longitude>121.156</Longitude><Precision>15</Precision></xml>
2017-11-08 19:37:38.868 [http-apr-8080-exec-71] INFO  com.ray.weixin.qy.service.message.reply.ReplyMessageService - fromUserName:ShiRui
2017-11-08 19:37:38.869 [http-apr-8080-exec-71] INFO  com.ray.weixin.qy.service.message.reply.ReplyMessageService - toUserName:ww92f5da92bb24696e
2017-11-08 19:37:38.869 [http-apr-8080-exec-71] INFO  com.ray.weixin.qy.service.message.reply.ReplyMessageService - msgType:event
2017-11-08 19:37:38.869 [http-apr-8080-exec-71] INFO  com.ray.weixin.qy.service.message.reply.ReplyMessageService - Event:LOCATION  eventKey:null
2017-11-08 19:37:43.696 [http-apr-8080-exec-73] INFO  com.ray.weixin.qy.controller.WeiXinServlet - post--------------
2017-11-08 19:37:43.697 [http-apr-8080-exec-73] INFO  com.ray.weixin.qy.service.message.reply.ReplyMessageService - parms:{"msg_signature":["105f42e99c607020c71bf0d481443047d74b4107"],"timestamp":["1510141063"],"nonce":["849629398"]}
2017-11-08 19:37:43.697 [http-apr-8080-exec-73] INFO  com.ray.weixin.qy.service.message.reply.ReplyMessageService - postData:<xml><ToUserName><![CDATA[ww92f5da92bb24696e]]></ToUserName><Encrypt><![CDATA[6MS9Q94T87gNwV4omUrpxzrSCLMQIzC5LdBtClFE+kXxECMbFU3l0sPJB7HSEI0UOGPKkBrErLO3WKnReDZ+B+3mh3mYXwlgk/WDDfrH2jU/BerJbv6wtRYs5x6WnehsT3u25izLGc0IJQMwGYCMyXnXMsJaM1/Hay72o9qvufndkwf9XnzTNXPeE+x/h2/C8Z9ElAF9AaAnG7c2xUPGMl8SNPiN0q2NurEDJmS58Yw7WZEAHOuf7jtzwVwBFVStF7no3KIAvcjCrxrTf8efes6CzvVwlBll6oRhtFK98ogfEML9QRe+yeUR8eus6KJQRvmsnnercas7hwk6gEZS3vLiM3MyjMsJ0R+M3iCNBmBwnP19KSbmt26RcmWU6YJhbVsyD8DKsDQ4bwrICVQ2BqBx1CWGs0Oy9y5XldtnTmLNPJOgk1FxpY+PsJetd1Mcfjabicff8OQeAutgjJ/ltjkf2wRZUZFXG1FWg0PmZHxh4x8TU+cNHenMo3ZMlULg]]></Encrypt><AgentID><![CDATA[1000002]]></AgentID></xml>
2017-11-08 19:37:43.699 [http-apr-8080-exec-73] INFO  com.ray.weixin.qy.service.message.reply.ReplyMessageService - reply_xmlMsg:<xml><ToUserName><![CDATA[ww92f5da92bb24696e]]></ToUserName><FromUserName><![CDATA[ShiRui]]></FromUserName><CreateTime>1510141063</CreateTime><MsgType><![CDATA[event]]></MsgType><AgentID>1000002</AgentID><Event><![CDATA[LOCATION]]></Event><Latitude>31.1676</Latitude><Longitude>121.156</Longitude><Precision>15</Precision></xml>
2017-11-08 19:37:43.701 [http-apr-8080-exec-73] INFO  com.ray.weixin.qy.service.message.reply.ReplyMessageService - fromUserName:ShiRui
2017-11-08 19:37:43.701 [http-apr-8080-exec-73] INFO  com.ray.weixin.qy.service.message.reply.ReplyMessageService - toUserName:ww92f5da92bb24696e
2017-11-08 19:37:43.701 [http-apr-8080-exec-73] INFO  com.ray.weixin.qy.service.message.reply.ReplyMessageService - msgType:event
2017-11-08 19:37:43.701 [http-apr-8080-exec-73] INFO  com.ray.weixin.qy.service.message.reply.ReplyMessageService - Event:LOCATION  eventKey:null
2017-11-08 19:37:49.012 [http-apr-8080-exec-75] INFO  com.ray.weixin.qy.controller.WeiXinServlet - post--------------
2017-11-08 19:37:49.013 [http-apr-8080-exec-75] INFO  com.ray.weixin.qy.service.message.reply.ReplyMessageService - parms:{"msg_signature":["139ddce9cc694f500ad2a888aa7e3597e0b9d2f1"],"timestamp":["1510141068"],"nonce":["166000192"]}
2017-11-08 19:37:49.013 [http-apr-8080-exec-75] INFO  com.ray.weixin.qy.service.message.reply.ReplyMessageService - postData:<xml><ToUserName><![CDATA[ww92f5da92bb24696e]]></ToUserName><Encrypt><![CDATA[zhYGjEvldCSrakfaXA3mv582j5bfUNWgvqEO6oHtZXIGTnQWYmgATYncucCsR5l47MAMuravUA2FJEFaDrMtLfy0acj2x1nu/3Y1NdZjNKqeM0pOAcAxL5ZTOMrv+scfj7TT5+99RIWrQgfXPkAk8+i6emkwcn+hryLYkUwcI1F1UNmEtYF10IaGtxMgeV3olJuUSptbrm8e/yma9qtIWJBEto+BeGhfEey+bukTHxIdr1k4Bzre80uqk/rs7pOMJWbZ0429+juI+g1MA4bDLtvfybN+HI1HMQUB9yxDKtFb0x+kvCTkIcdmckGxA9nuXd/it3IPusxUHI52vb55etNZUqPgaxkClZUFUHoEVZRi3+k3v5ExBzEZjlThjp+D9jznnxxb9tRf3DknK8W1/37vMEskf+hAdpHKHcfn8LrYp8u1bWS1/LdLp46X/3MOpAKNTzIkM8Uozw5gyc6Nf/EYhu5vUCJQG8MMB++T7n4OdGnlTpca5l6dcdA9dwfD]]></Encrypt><AgentID><![CDATA[1000002]]></AgentID></xml>
2017-11-08 19:37:49.016 [http-apr-8080-exec-75] INFO  com.ray.weixin.qy.service.message.reply.ReplyMessageService - reply_xmlMsg:<xml><ToUserName><![CDATA[ww92f5da92bb24696e]]></ToUserName><FromUserName><![CDATA[ShiRui]]></FromUserName><CreateTime>1510141068</CreateTime><MsgType><![CDATA[event]]></MsgType><AgentID>1000002</AgentID><Event><![CDATA[LOCATION]]></Event><Latitude>31.1676</Latitude><Longitude>121.156</Longitude><Precision>15</Precision></xml>
2017-11-08 19:37:49.017 [http-apr-8080-exec-75] INFO  com.ray.weixin.qy.service.message.reply.ReplyMessageService - fromUserName:ShiRui
2017-11-08 19:37:49.018 [http-apr-8080-exec-75] INFO  com.ray.weixin.qy.service.message.reply.ReplyMessageService - toUserName:ww92f5da92bb24696e
2017-11-08 19:37:49.018 [http-apr-8080-exec-75] INFO  com.ray.weixin.qy.service.message.reply.ReplyMessageService - msgType:event
2017-11-08 19:37:49.018 [http-apr-8080-exec-75] INFO  com.ray.weixin.qy.service.message.reply.ReplyMessageService - Event:LOCATION  eventKey:null
2017-11-08 19:37:53.860 [http-apr-8080-exec-68] INFO  com.ray.weixin.qy.controller.WeiXinServlet - post--------------
2017-11-08 19:37:53.860 [http-apr-8080-exec-68] INFO  com.ray.weixin.qy.service.message.reply.ReplyMessageService - parms:{"msg_signature":["25573c849d8a2a5980b9c8900149adfbf607aad7"],"timestamp":["1510141073"],"nonce":["1374988026"]}
2017-11-08 19:37:53.861 [http-apr-8080-exec-68] INFO  com.ray.weixin.qy.service.message.reply.ReplyMessageService - postData:<xml><ToUserName><![CDATA[ww92f5da92bb24696e]]></ToUserName><Encrypt><![CDATA[grzjUr5SWnnT1OebbTrva+plGysFv7b4g5qoalX+7Htn5sDIQbaUFSnWZcHKXNYtdZM4qsbMcTDDCntcopGEXYLZDr/o0eYHkTEEDyozsf0NPGw33WoHZYncTLRnaPAgdZw2AtEvmt+Uqx0l1sEThA9D5/jfgC8ViWOlFW+yV3BIg/8dLIFU6LjAAbaz7kcOhoCy4OAJ41josDont5TAYq2Rye6J+uoDD/+/EaNdiAkowthZGbuQ/fgZdR9cnm0xbeM5IbJswEitSm0vOskF21sC4qjG9NDLzNCbviNyOXq2PqnEKCdHYfcFuhQ77o4njH4LB216+u7IApJcMAi9s6QQ7t50M38C+6QYhigGRNDAFdFfdAVE/a+Xi1/yKfpXghhDiClvgmB5xRxL7GO5yCu1/uUnc7mcoX+jQ7aXkBVIUL511L+czJTTa6NjT0TF/kdEHBnVZPUHbXaxIUuvI6nvE+M0nVEafGk7VwQprrMAuAeyLKat0JHpFb2cw70Z]]></Encrypt><AgentID><![CDATA[1000002]]></AgentID></xml>
2017-11-08 19:37:53.862 [http-apr-8080-exec-68] INFO  com.ray.weixin.qy.service.message.reply.ReplyMessageService - reply_xmlMsg:<xml><ToUserName><![CDATA[ww92f5da92bb24696e]]></ToUserName><FromUserName><![CDATA[ShiRui]]></FromUserName><CreateTime>1510141073</CreateTime><MsgType><![CDATA[event]]></MsgType><AgentID>1000002</AgentID><Event><![CDATA[LOCATION]]></Event><Latitude>31.1676</Latitude><Longitude>121.156</Longitude><Precision>15</Precision></xml>
2017-11-08 19:37:53.864 [http-apr-8080-exec-68] INFO  com.ray.weixin.qy.service.message.reply.ReplyMessageService - fromUserName:ShiRui
2017-11-08 19:37:53.864 [http-apr-8080-exec-68] INFO  com.ray.weixin.qy.service.message.reply.ReplyMessageService - toUserName:ww92f5da92bb24696e
2017-11-08 19:37:53.864 [http-apr-8080-exec-68] INFO  com.ray.weixin.qy.service.message.reply.ReplyMessageService - msgType:event
2017-11-08 19:37:53.865 [http-apr-8080-exec-68] INFO  com.ray.weixin.qy.service.message.reply.ReplyMessageService - Event:LOCATION  eventKey:null
2017-11-08 19:37:59.198 [http-apr-8080-exec-77] INFO  com.ray.weixin.qy.controller.WeiXinServlet - post--------------
2017-11-08 19:37:59.200 [http-apr-8080-exec-77] INFO  com.ray.weixin.qy.service.message.reply.ReplyMessageService - parms:{"msg_signature":["209e56ec183400d26170eb070fbb015465a338a2"],"timestamp":["1510141078"],"nonce":["956709782"]}
2017-11-08 19:37:59.201 [http-apr-8080-exec-77] INFO  com.ray.weixin.qy.service.message.reply.ReplyMessageService - postData:<xml><ToUserName><![CDATA[ww92f5da92bb24696e]]></ToUserName><Encrypt><![CDATA[CXLu85MgsDrKnAvM9+9AMgaaqgs7zppSk1SGj1h51lFQWdmaXvRP52VML10zg5ZF7BKvKUK/eg5M60logDYYMy8Hn2yWnvqsKQ3tZHr2ksM3AKpYIx+TgRdBHs0aSNfFQobMlKSWNhzrWcPRdiHHOXh8EdUd0pdzaozyD+EX14ZZLQTFOd+vRlp1cPPa0MVLS0eoTDRa98QbLa4F7SFjLE+1OEjgEAMPcnKEw/LV+IiweHhHhRDH9COR/E3Cb/61iXF+N6SWG+AwweAeGNw7BVrxZ2/6l7SqTpdMts8FjqeSD9zZ/xaj+kauRbc5q2Mf016taZk1bFp16fGzTPg6Mwk9sRPmkK6W7FYUtNm5jefg4U8tCIMTmDylPpQ+5vzczRL9u5uj3XVv9w3+RaCoyyLYmA1gP15eU9DRhAybqd0Av8gA5/QcHqh/MVlw6lf6bV+E9E/QqIMzvPgzxml3XbIs2DJpj9/IQCeW6+6FCjgLetBjSN7yQuwI+rMcrEfz]]></Encrypt><AgentID><![CDATA[1000002]]></AgentID></xml>
2017-11-08 19:37:59.206 [http-apr-8080-exec-77] INFO  com.ray.weixin.qy.service.message.reply.ReplyMessageService - reply_xmlMsg:<xml><ToUserName><![CDATA[ww92f5da92bb24696e]]></ToUserName><FromUserName><![CDATA[ShiRui]]></FromUserName><CreateTime>1510141078</CreateTime><MsgType><![CDATA[event]]></MsgType><AgentID>1000002</AgentID><Event><![CDATA[LOCATION]]></Event><Latitude>31.1676</Latitude><Longitude>121.156</Longitude><Precision>15</Precision></xml>
2017-11-08 19:37:59.209 [http-apr-8080-exec-77] INFO  com.ray.weixin.qy.service.message.reply.ReplyMessageService - fromUserName:ShiRui
2017-11-08 19:37:59.210 [http-apr-8080-exec-77] INFO  com.ray.weixin.qy.service.message.reply.ReplyMessageService - toUserName:ww92f5da92bb24696e
2017-11-08 19:37:59.210 [http-apr-8080-exec-77] INFO  com.ray.weixin.qy.service.message.reply.ReplyMessageService - msgType:event
2017-11-08 19:37:59.210 [http-apr-8080-exec-77] INFO  com.ray.weixin.qy.service.message.reply.ReplyMessageService - Event:LOCATION  eventKey:null
