2017-11-09 10:18:01.508 [http-apr-8080-exec-9] INFO  com.ray.weixin.qy.controller.WeiXinServlet - post--------------
2017-11-09 10:18:01.511 [http-apr-8080-exec-9] INFO  com.ray.weixin.qy.service.message.reply.ReplyMessageService - parms:{"msg_signature":["3936917a5ad7992c473c81d1d798cacf98b5608b"],"timestamp":["1510193881"],"nonce":["1337288016"]}
2017-11-09 10:18:01.511 [http-apr-8080-exec-9] INFO  com.ray.weixin.qy.service.message.reply.ReplyMessageService - postData:<xml><ToUserName><![CDATA[ww92f5da92bb24696e]]></ToUserName><Encrypt><![CDATA[vO4fEVX37iKyHdjEPnw3LFZRu/vj2WdV1gIuPJwgmuB0Li3sHXi2z8SbRPz9z2VoPqljUs1kJLhFQfEimSqhBucIG2ad4FxGLYjNKXsPxzk5bDkt/Xn7LS22tpMSjQcfUp8I1gvQwFU401vzCzyx7xpiswjKGw6OotBIjeTi3wPqoCNWLQcURS7QvE5IYSOnYsmCFK6pvx9xwgo+pgy02Fxmm4xvyWplqVPFwIgcNUgqjjemzCZ4+wZWOl+UjpgXyKVR4jsAScSTM57s1ng7ZpAfpw/a4kueMcTOT5S/RVq/jxn43H542I0zZi6Iehqk5YEk7MHZghuHmZb3ytN/7Ik2V5hoTA3WkJWAGo164yIICkAj5fcgxNI2nfYdR1quUsvtNAW4NYH+lB6VNNqiGkBLFuF0H45wX7RXoqQiCRBcenp17TwFiNH5Yh6KuNVNQN3awAh+6QWR8bBx/y9mXXBytQYdEC+7YJPSApm6Iy2CCfZEh4hv7u8n/VrlcXXP]]></Encrypt><AgentID><![CDATA[1000002]]></AgentID></xml>
2017-11-09 10:18:01.514 [http-apr-8080-exec-9] INFO  com.ray.weixin.qy.service.message.reply.ReplyMessageService - reply_xmlMsg:<xml><ToUserName><![CDATA[ww92f5da92bb24696e]]></ToUserName><FromUserName><![CDATA[ShiRui]]></FromUserName><CreateTime>1510193880</CreateTime><MsgType><![CDATA[event]]></MsgType><AgentID>1000002</AgentID><Event><![CDATA[LOCATION]]></Event><Latitude>31.1676</Latitude><Longitude>121.156</Longitude><Precision>15</Precision></xml>
2017-11-09 10:18:01.515 [http-apr-8080-exec-9] INFO  com.ray.weixin.qy.service.message.reply.ReplyMessageService - fromUserName:ShiRui
2017-11-09 10:18:01.515 [http-apr-8080-exec-9] INFO  com.ray.weixin.qy.service.message.reply.ReplyMessageService - toUserName:ww92f5da92bb24696e
2017-11-09 10:18:01.515 [http-apr-8080-exec-9] INFO  com.ray.weixin.qy.service.message.reply.ReplyMessageService - msgType:event
2017-11-09 10:18:01.515 [http-apr-8080-exec-9] INFO  com.ray.weixin.qy.service.message.reply.ReplyMessageService - Event:LOCATION  eventKey:null
2017-11-09 10:18:07.435 [http-apr-8080-exec-8] INFO  com.ray.weixin.qy.controller.WeiXinServlet - post--------------
2017-11-09 10:18:07.435 [http-apr-8080-exec-8] INFO  com.ray.weixin.qy.service.message.reply.ReplyMessageService - parms:{"msg_signature":["838d49987042fe688faf8ccc78939b413c1cee58"],"timestamp":["1510193886"],"nonce":["1695640185"]}
2017-11-09 10:18:07.435 [http-apr-8080-exec-8] INFO  com.ray.weixin.qy.service.message.reply.ReplyMessageService - postData:<xml><ToUserName><![CDATA[ww92f5da92bb24696e]]></ToUserName><Encrypt><![CDATA[33pF3xsPRKL3qi5lqwa//pEAFfAQj7c27SIXDcjueBAgZPk1iu46NSQpXPf94xcpq45PSY/4Zu10ecV7QW9573jUcwQkDL5JiMPbSVcM016D+wNhp00no87D6thaO6/HW459IEZeojfLk8/hGP/eeVR/PWUoldqNIYIIZ09IyNttziGxPcws5BeskhpS6HeY2s6MPEUfJ9Yn3ecM2lCtofK2wxA3+KIWqzZtEbCKCtieceHJ0MrYiDa+uV9tf9dL2ltKx8nVGILT+71F+zldvyew1GD80PqWPY9KFd8nWdYy0TSUZBkfRWG8rQGHfFKHcKyvK3DYdTcE9E7Z8oi5qxCBZfFX8aAIYJ2Yy3uvzUWttIjYXFD08tN5plLljtXuXW94rx1oJ+cvwJAvfqY9zieP7tWtbjoQDldwWQwKm6bx8EPiIj5KQ+c1SnzXOs/4kRvVHCqFBZdtcMnlRQdarCpkBDGAJTiIJ2cPj0ZI+ixO37N7rfIUS90MeqkYzdOB]]></Encrypt><AgentID><![CDATA[1000002]]></AgentID></xml>
2017-11-09 10:18:07.436 [http-apr-8080-exec-8] INFO  com.ray.weixin.qy.service.message.reply.ReplyMessageService - reply_xmlMsg:<xml><ToUserName><![CDATA[ww92f5da92bb24696e]]></ToUserName><FromUserName><![CDATA[ShiRui]]></FromUserName><CreateTime>1510193886</CreateTime><MsgType><![CDATA[event]]></MsgType><AgentID>1000002</AgentID><Event><![CDATA[LOCATION]]></Event><Latitude>31.1676</Latitude><Longitude>121.156</Longitude><Precision>15</Precision></xml>
2017-11-09 10:18:07.436 [http-apr-8080-exec-8] INFO  com.ray.weixin.qy.service.message.reply.ReplyMessageService - fromUserName:ShiRui
2017-11-09 10:18:07.438 [http-apr-8080-exec-8] INFO  com.ray.weixin.qy.service.message.reply.ReplyMessageService - toUserName:ww92f5da92bb24696e
2017-11-09 10:18:07.438 [http-apr-8080-exec-8] INFO  com.ray.weixin.qy.service.message.reply.ReplyMessageService - msgType:event
2017-11-09 10:18:07.438 [http-apr-8080-exec-8] INFO  com.ray.weixin.qy.service.message.reply.ReplyMessageService - Event:LOCATION  eventKey:null
2017-11-09 10:18:16.433 [http-apr-8080-exec-2] INFO  com.ray.weixin.qy.controller.WeiXinServlet - post--------------
2017-11-09 10:18:16.434 [http-apr-8080-exec-2] INFO  com.ray.weixin.qy.service.message.reply.ReplyMessageService - parms:{"msg_signature":["d321449e28ff543445088c7871cfbbf951de1732"],"timestamp":["1510193895"],"nonce":["2114500130"]}
2017-11-09 10:18:16.434 [http-apr-8080-exec-2] INFO  com.ray.weixin.qy.service.message.reply.ReplyMessageService - postData:<xml><ToUserName><![CDATA[ww92f5da92bb24696e]]></ToUserName><Encrypt><![CDATA[mOsWcUZ+NywWmNiwrcsIWt9OR20utKPCWhnDxVv2ytCS1kVtFix8o6xwNtRkFKffNZNuaFvcrU3cHtI0yl4zNn6g4VzgpupyeO1xMDWTlNys/DPpPjtQsGpu5g6JQcnTJjN1xbAX2s2HpibIqAkh8bxfbB/6y+FRcTLX2j+iBvbXd2M122R6rq8Q9BFswj73gTbJsbzoDSwdZFZ6d5v2Awjr2gRPR/nJykLCruE1mxJIXBuZ/0K5N+90AgNUCza8vro0DGN1S/IIKbee4xDYgNeb9QjTxxi9OGZdMA0TBCpAzdOEtBIdyF29fd5n/cmxGUPV02i6Qj82w1LNZTOccVk/IhKH/JiH1nBfGdnY783CedDqcGkMX0NRWqFs+KkoXtswFdUmDeIE27WMEnL25Qin9VDWARPPglqYxR+XEvsHMjDrtD3pdshGu8dTulJcoZQIXELgQYnOQ5RyVPafB/fh9cgyNlJo4Xxe3OHfEOR3MyzMa82VIvG4KZQazxPW]]></Encrypt><AgentID><![CDATA[1000002]]></AgentID></xml>
2017-11-09 10:18:16.436 [http-apr-8080-exec-2] INFO  com.ray.weixin.qy.service.message.reply.ReplyMessageService - reply_xmlMsg:<xml><ToUserName><![CDATA[ww92f5da92bb24696e]]></ToUserName><FromUserName><![CDATA[ShiRui]]></FromUserName><CreateTime>1510193895</CreateTime><MsgType><![CDATA[event]]></MsgType><AgentID>1000002</AgentID><Event><![CDATA[LOCATION]]></Event><Latitude>31.1676</Latitude><Longitude>121.156</Longitude><Precision>15</Precision></xml>
2017-11-09 10:18:16.438 [http-apr-8080-exec-2] INFO  com.ray.weixin.qy.service.message.reply.ReplyMessageService - fromUserName:ShiRui
2017-11-09 10:18:16.438 [http-apr-8080-exec-2] INFO  com.ray.weixin.qy.service.message.reply.ReplyMessageService - toUserName:ww92f5da92bb24696e
2017-11-09 10:18:16.438 [http-apr-8080-exec-2] INFO  com.ray.weixin.qy.service.message.reply.ReplyMessageService - msgType:event
2017-11-09 10:18:16.438 [http-apr-8080-exec-2] INFO  com.ray.weixin.qy.service.message.reply.ReplyMessageService - Event:LOCATION  eventKey:null
2017-11-09 10:18:28.566 [http-apr-8080-exec-3] INFO  com.ray.weixin.qy.controller.WeiXinServlet - post--------------
2017-11-09 10:18:28.566 [http-apr-8080-exec-3] INFO  com.ray.weixin.qy.service.message.reply.ReplyMessageService - parms:{"msg_signature":["93d7b85930bc2ce29e262275d04a839e7c85580c"],"timestamp":["1510193908"],"nonce":["1273183560"]}
2017-11-09 10:18:28.566 [http-apr-8080-exec-3] INFO  com.ray.weixin.qy.service.message.reply.ReplyMessageService - postData:<xml><ToUserName><![CDATA[ww92f5da92bb24696e]]></ToUserName><Encrypt><![CDATA[XpGM3xsjNYROGPxSNmNb3EnsDtyB41fIrRxn15IUu024vqag59ju+eeKlr3DcVmOqibNF/7CNuIFZtd0fhOIiG/+5hfEmmUUj3miS2LQ3luFwgqbzRzkOfEWq6/xRzNdXf7c4HEhD9B70+i4FVWfbTzWjJPwcwCoIlVBerAXHQEjtNu21DwR+nKHRFBMDJJOKMOVISaTJqsA0F95X6xRWvthcGPTMIUvVJI32IepY4qcWuVqtgMjuZ16Ki5ZfHImwIe2ThQrMYKrIg+cWZPce2uHWD432Tqa9Qst7c/9Cxo1Tdbzdv7dBA8KzbE/+VC0iwK0lQx0xKcLRkgPZhFe3N4l+/kir3Brd7eWHQEOkp7rhGDTDlBn4yXnqiSDdbvjXdVEF4D1h1JRCI/VLKeOh2oTak5ZjDK1f3LhOmKlZZu98U/bEK8P2cl4QjbqnT+bRLWpkDiGv962z8/544WkTxmBQ5VmBw1d2ZXD2SZt4L/szVaNMg57YXWeRW9Kzyj+]]></Encrypt><AgentID><![CDATA[1000002]]></AgentID></xml>
2017-11-09 10:18:28.568 [http-apr-8080-exec-3] INFO  com.ray.weixin.qy.service.message.reply.ReplyMessageService - reply_xmlMsg:<xml><ToUserName><![CDATA[ww92f5da92bb24696e]]></ToUserName><FromUserName><![CDATA[ShiRui]]></FromUserName><CreateTime>1510193907</CreateTime><MsgType><![CDATA[event]]></MsgType><AgentID>1000002</AgentID><Event><![CDATA[LOCATION]]></Event><Latitude>31.1676</Latitude><Longitude>121.156</Longitude><Precision>15</Precision></xml>
2017-11-09 10:18:28.569 [http-apr-8080-exec-3] INFO  com.ray.weixin.qy.service.message.reply.ReplyMessageService - fromUserName:ShiRui
2017-11-09 10:18:28.570 [http-apr-8080-exec-3] INFO  com.ray.weixin.qy.service.message.reply.ReplyMessageService - toUserName:ww92f5da92bb24696e
2017-11-09 10:18:28.570 [http-apr-8080-exec-3] INFO  com.ray.weixin.qy.service.message.reply.ReplyMessageService - msgType:event
2017-11-09 10:18:28.570 [http-apr-8080-exec-3] INFO  com.ray.weixin.qy.service.message.reply.ReplyMessageService - Event:LOCATION  eventKey:null
2017-11-09 10:18:51.256 [http-apr-8080-exec-7] INFO  com.ray.weixin.qy.controller.WeiXinServlet - post--------------
2017-11-09 10:18:51.257 [http-apr-8080-exec-7] INFO  com.ray.weixin.qy.service.message.reply.ReplyMessageService - parms:{"msg_signature":["1ee95ee4d6ddc6df91451ed7e42cd6d2114bd5b3"],"timestamp":["1510193930"],"nonce":["1413989598"]}
2017-11-09 10:18:51.257 [http-apr-8080-exec-7] INFO  com.ray.weixin.qy.service.message.reply.ReplyMessageService - postData:<xml><ToUserName><![CDATA[ww92f5da92bb24696e]]></ToUserName><Encrypt><![CDATA[T6khItbhXYqARITTOCrXQpwljTXTLnXYuPqyVxkbTCPZZnG2Iu2Il/2S7rV1dH+KIIFrf4LcRExv7PsKlkkeVsO1UlX+TkeuUZjRdcLHtj020gnWBEhOtIAVZlRhEnYUNS3TTtNukb8R+bs4RLq9g9OKqCnSR6zBGqEL/cP9p1wccCQ8FPySL7XJwwtJSPTwDPOMiwRSWWzbMVUEJSNCD4fu25W6Xc5Nk3I8sKmByKHPavU8siILnWXNx/qAGK1xR0wZ0bBmsSBSb4U4FWfWx/S9M93pWqLZJucND+Au9Rh26FtrXmRUDUC1SaX6Sr9Y2ChXvdz2yxfU+Z7qtvvj+Tz9gZGrQz5YqrK+tMQ6MxGcGbH9rsVJxKn3qczxMLqAAEt7H/nsZiE/QhjaldjPlUAyx+akK1RLE0gXm56XvX01famXMV5pl1uxe3ruWHmZE5WIKPgBwf6hvDdmOWr6pbtNLnNfea5/yml067dmfCRzDG9QoNA+HmMteSWF8nL+]]></Encrypt><AgentID><![CDATA[1000002]]></AgentID></xml>
2017-11-09 10:18:51.258 [http-apr-8080-exec-7] INFO  com.ray.weixin.qy.service.message.reply.ReplyMessageService - reply_xmlMsg:<xml><ToUserName><![CDATA[ww92f5da92bb24696e]]></ToUserName><FromUserName><![CDATA[ShiRui]]></FromUserName><CreateTime>1510193930</CreateTime><MsgType><![CDATA[event]]></MsgType><AgentID>1000002</AgentID><Event><![CDATA[LOCATION]]></Event><Latitude>31.1676</Latitude><Longitude>121.156</Longitude><Precision>15</Precision></xml>
2017-11-09 10:18:51.259 [http-apr-8080-exec-7] INFO  com.ray.weixin.qy.service.message.reply.ReplyMessageService - fromUserName:ShiRui
2017-11-09 10:18:51.259 [http-apr-8080-exec-7] INFO  com.ray.weixin.qy.service.message.reply.ReplyMessageService - toUserName:ww92f5da92bb24696e
2017-11-09 10:18:51.259 [http-apr-8080-exec-7] INFO  com.ray.weixin.qy.service.message.reply.ReplyMessageService - msgType:event
2017-11-09 10:18:51.259 [http-apr-8080-exec-7] INFO  com.ray.weixin.qy.service.message.reply.ReplyMessageService - Event:LOCATION  eventKey:null
2017-11-09 10:18:57.461 [http-apr-8080-exec-9] INFO  com.ray.weixin.qy.controller.WeiXinServlet - post--------------
2017-11-09 10:18:57.462 [http-apr-8080-exec-9] INFO  com.ray.weixin.qy.service.message.reply.ReplyMessageService - parms:{"msg_signature":["33c92f05151585bf91de47bcdb4e46b91a0f2632"],"timestamp":["1510193936"],"nonce":["198579082"]}
2017-11-09 10:18:57.463 [http-apr-8080-exec-9] INFO  com.ray.weixin.qy.service.message.reply.ReplyMessageService - postData:<xml><ToUserName><![CDATA[ww92f5da92bb24696e]]></ToUserName><Encrypt><![CDATA[ZruuVjj0TxYJf6Tx118cIkwruvDU7bsq0vk5SXYMZeiadaSEwVUoRRPBn+4/v5o/NbTWOyicI4CnpMf2eetZ6a5owKgIJN+3JkTDK8UFeG2vHyX+eaXHWaSR2QBhcFVlNxTZv0O1PtTDrlVUc/aP8xRDal32X8wCuz3SEVOt8+ZxGdv/K3ZBF2zvlVN60YCVAEr3ioXimFZbv25DPntesS7mzRNzBFw3sqJTQ8iooTEo9HdhICBkWIgoAtizn3ndcFRabVHjkZuY+OxvyfJ0gmAEnNWjWAM7ghgkS2UMw37Um6UVbmjbE9jotMd5s6aycyWOGpCL3zVbLlRpBL+Tnxt/hms9s5N/OQ3MMnyN3/8pJ7R2IWI2FMoJ17jwwfYnJU0Dz0eVMORk+A02JE+QIgW9o75dr70EaVcEw0yMNNW6Aa2zILjgTWz0uiDnxWteBb2IOhbWtRQ6pAgt3xo5MqubUYXwALJ3Xgq+nWuc2n9fwEVMuZovbmqqJ56SNhUE]]></Encrypt><AgentID><![CDATA[1000002]]></AgentID></xml>
2017-11-09 10:18:57.466 [http-apr-8080-exec-9] INFO  com.ray.weixin.qy.service.message.reply.ReplyMessageService - reply_xmlMsg:<xml><ToUserName><![CDATA[ww92f5da92bb24696e]]></ToUserName><FromUserName><![CDATA[ShiRui]]></FromUserName><CreateTime>1510193936</CreateTime><MsgType><![CDATA[event]]></MsgType><AgentID>1000002</AgentID><Event><![CDATA[LOCATION]]></Event><Latitude>31.1676</Latitude><Longitude>121.156</Longitude><Precision>15</Precision></xml>
2017-11-09 10:18:57.469 [http-apr-8080-exec-9] INFO  com.ray.weixin.qy.service.message.reply.ReplyMessageService - fromUserName:ShiRui
2017-11-09 10:18:57.469 [http-apr-8080-exec-9] INFO  com.ray.weixin.qy.service.message.reply.ReplyMessageService - toUserName:ww92f5da92bb24696e
2017-11-09 10:18:57.469 [http-apr-8080-exec-9] INFO  com.ray.weixin.qy.service.message.reply.ReplyMessageService - msgType:event
2017-11-09 10:18:57.470 [http-apr-8080-exec-9] INFO  com.ray.weixin.qy.service.message.reply.ReplyMessageService - Event:LOCATION  eventKey:null
