2017-11-09 10:14:05.206 [http-apr-8080-exec-3] INFO  com.ray.weixin.qy.controller.WeiXinServlet - post--------------
2017-11-09 10:14:05.210 [http-apr-8080-exec-3] INFO  com.ray.weixin.qy.service.message.reply.ReplyMessageService - parms:{"msg_signature":["36177e7632576dbc151f23e58af2f04179d589c4"],"timestamp":["1510193644"],"nonce":["1307545552"]}
2017-11-09 10:14:05.210 [http-apr-8080-exec-3] INFO  com.ray.weixin.qy.service.message.reply.ReplyMessageService - postData:<xml><ToUserName><![CDATA[ww92f5da92bb24696e]]></ToUserName><Encrypt><![CDATA[pNzy4sYZBMVGpzcTetisrijUoh6F3le5So0WL44GH3GM04vrFMXZnq9XKHOvdgCBHTq7ypA0NI6fclaco43XPyesQcIxDKzXXLJhxRz4775fQHCoXMxL9nS1BH7xhAKgjzQTks6cOfnjwg/j55tCua2sA+1ujgcgcHA49mhxv5dLQQhdw1aJF7XiRKAKPX6r2zaDyO9fJu6nAIey0X6VywcmeJqDgL/X6ndhcbwgL1oda/S7a5IRQ3qXwUW8fb/o9WxC0306QzrDdZfUi6FmwZTw0zJxRehLa2e7aYwFEdreFQUDlJGahgwDbpmYOiDRFxeMWbI+XTm6owRSzB+FUYcINyVoOSfuWIbUsvYoTg0RLOXvHahtJQ0t8Flp67lUbqGYFIzRctoqAAhsfXzmgtHDYafptkbaRjEOAb/FxOIGsKI53znDkOYEfVEo9nBTkAxVsr4FYUSl/B4q/j2Ieih3ZuHVtIhITfONq4cGN2wb5MUOUF9gXPauWFzXS9hK]]></Encrypt><AgentID><![CDATA[1000002]]></AgentID></xml>
2017-11-09 10:14:05.212 [http-apr-8080-exec-3] INFO  com.ray.weixin.qy.service.message.reply.ReplyMessageService - reply_xmlMsg:<xml><ToUserName><![CDATA[ww92f5da92bb24696e]]></ToUserName><FromUserName><![CDATA[ShiRui]]></FromUserName><CreateTime>1510193644</CreateTime><MsgType><![CDATA[event]]></MsgType><AgentID>1000002</AgentID><Event><![CDATA[LOCATION]]></Event><Latitude>31.1676</Latitude><Longitude>121.156</Longitude><Precision>15</Precision></xml>
2017-11-09 10:14:05.213 [http-apr-8080-exec-3] INFO  com.ray.weixin.qy.service.message.reply.ReplyMessageService - fromUserName:ShiRui
2017-11-09 10:14:05.213 [http-apr-8080-exec-3] INFO  com.ray.weixin.qy.service.message.reply.ReplyMessageService - toUserName:ww92f5da92bb24696e
2017-11-09 10:14:05.213 [http-apr-8080-exec-3] INFO  com.ray.weixin.qy.service.message.reply.ReplyMessageService - msgType:event
2017-11-09 10:14:05.213 [http-apr-8080-exec-3] INFO  com.ray.weixin.qy.service.message.reply.ReplyMessageService - Event:LOCATION  eventKey:null
2017-11-09 10:14:15.287 [http-apr-8080-exec-7] INFO  com.ray.weixin.qy.controller.WeiXinServlet - post--------------
2017-11-09 10:14:15.287 [http-apr-8080-exec-7] INFO  com.ray.weixin.qy.service.message.reply.ReplyMessageService - parms:{"msg_signature":["04f097fb689a9a6776b04cdbe1b9bc5453d36b15"],"timestamp":["1510193654"],"nonce":["1488941903"]}
2017-11-09 10:14:15.287 [http-apr-8080-exec-7] INFO  com.ray.weixin.qy.service.message.reply.ReplyMessageService - postData:<xml><ToUserName><![CDATA[ww92f5da92bb24696e]]></ToUserName><Encrypt><![CDATA[I+kDzKPCArjEGszRiM7H65sGdce+LvSf9s95SDJFzyoCTSWtoH/Z+CImRAnEDkExbsSqixSrPa+lEr5N4iIz1xh56Yr5q2IHpXS6VTFjWiFTr5D8iyR6htFBXYPTShuB/w6Tfi+xp3Swo9UNG9myjckSPgG9NionYdgq8BrA1WOA3Amkj6NpriR4NQpid6dRnoDBHtdpW6qs4rBKYy9/7bemTvA7zbHzU35sx1s6dhSnfYmJcjU9gXETVg1N6fk3QuzMgix0ZspcgS1mF/f+AL2AFeUHGtJb0MY6ddKTQZMt1tFoNoadtaGRyRn/NThEuAm6aExu91T6LdjCVJu3SwoAUfWVsBLBcamdw+2EtkAHGnKfr2Dfz+MRuNogGVw5ZOJpdazEIraXx9R/3eEP7CLO6KaPuAB+6qOrU6h7EVfHC5OKTLDyBfI18h3IEtUKwBKApOizow8/9l92F+bDGa1YVUjpuH2rAKoA750WSEbUSSBbrndgzu+bhsVGSv93]]></Encrypt><AgentID><![CDATA[1000002]]></AgentID></xml>
2017-11-09 10:14:15.288 [http-apr-8080-exec-7] INFO  com.ray.weixin.qy.service.message.reply.ReplyMessageService - reply_xmlMsg:<xml><ToUserName><![CDATA[ww92f5da92bb24696e]]></ToUserName><FromUserName><![CDATA[ShiRui]]></FromUserName><CreateTime>1510193654</CreateTime><MsgType><![CDATA[event]]></MsgType><AgentID>1000002</AgentID><Event><![CDATA[view]]></Event><EventKey><![CDATA[http://rayner.nat300.top/weixin_qy/showInvoice.jsp]]></EventKey></xml>
2017-11-09 10:14:15.288 [http-apr-8080-exec-7] INFO  com.ray.weixin.qy.service.message.reply.ReplyMessageService - fromUserName:ShiRui
2017-11-09 10:14:15.289 [http-apr-8080-exec-7] INFO  com.ray.weixin.qy.service.message.reply.ReplyMessageService - toUserName:ww92f5da92bb24696e
2017-11-09 10:14:15.289 [http-apr-8080-exec-7] INFO  com.ray.weixin.qy.service.message.reply.ReplyMessageService - msgType:event
2017-11-09 10:14:15.289 [http-apr-8080-exec-7] INFO  com.ray.weixin.qy.service.message.reply.ReplyMessageService - Event:view  eventKey:http://rayner.nat300.top/weixin_qy/showInvoice.jsp
2017-11-09 10:14:16.315 [http-apr-8080-exec-8] INFO  com.ray.weixin.qy.util.AuthHelper - jsonObject:{"errcode":0,"access_token":"RVUMhaz-QcALWPrIef8VlQayDM5w55oYDw5FrLAax9W4TOLAOXTnChxYEP2-74uxxPT2C9i1I9wewB97GuODOPyN3p7to4_wYWQ3cAQMv-owZeVpxS-gopdSUPHtRFsxqx5m0RnpBhh0BI0DFiUS85FISGwMzmvNvPe6ZvlKrM54gETQx1ZRdVGQSMHVYFzqZBb9C7q_gw-eZZ9u8Kqw4A","errmsg":"ok","expires_in":7200}
2017-11-09 10:14:16.723 [http-apr-8080-exec-8] INFO  com.ray.weixin.qy.util.AuthHelper - jsonObject:{"errcode":0,"ticket":"kgt8ON7yVITDhtdwci0qebCLEfC_BfeygIq8cFPLbdav_wS6aHw3IOuPFhwb5b37fHfTFdS6e23Vb_dbDCjTOg","errmsg":"ok","expires_in":7200}
2017-11-09 10:14:16.724 [http-apr-8080-exec-8] INFO  com.ray.weixin.qy.util.AuthHelper - url:http://rayner.nat300.top/weixin_qy/showInvoice.jsp
2017-11-09 10:14:16.724 [http-apr-8080-exec-8] INFO  com.ray.weixin.qy.util.AuthHelper - accessToken:RVUMhaz-QcALWPrIef8VlQayDM5w55oYDw5FrLAax9W4TOLAOXTnChxYEP2-74uxxPT2C9i1I9wewB97GuODOPyN3p7to4_wYWQ3cAQMv-owZeVpxS-gopdSUPHtRFsxqx5m0RnpBhh0BI0DFiUS85FISGwMzmvNvPe6ZvlKrM54gETQx1ZRdVGQSMHVYFzqZBb9C7q_gw-eZZ9u8Kqw4A
2017-11-09 10:14:16.725 [http-apr-8080-exec-8] INFO  com.ray.weixin.qy.util.AuthHelper - jsapi_ticket:kgt8ON7yVITDhtdwci0qebCLEfC_BfeygIq8cFPLbdav_wS6aHw3IOuPFhwb5b37fHfTFdS6e23Vb_dbDCjTOg
2017-11-09 10:14:16.725 [http-apr-8080-exec-8] INFO  com.ray.weixin.qy.util.AuthHelper - appId:ww92f5da92bb24696e
2017-11-09 10:14:16.725 [http-apr-8080-exec-8] INFO  com.ray.weixin.qy.util.AuthHelper - timestamp:1510193655
2017-11-09 10:14:16.725 [http-apr-8080-exec-8] INFO  com.ray.weixin.qy.util.AuthHelper - nonceStr:6c2e41c0-02fa-4964-8869-7c0e348b9abd
2017-11-09 10:14:16.725 [http-apr-8080-exec-8] INFO  com.ray.weixin.qy.util.AuthHelper - signature:844d8e2278092e72146913b13bae9d603ae79eda
2017-11-09 10:14:16.725 [http-apr-8080-exec-8] INFO  com.ray.weixin.qy.util.AuthHelper - configValue:{"signature":"844d8e2278092e72146913b13bae9d603ae79eda","appId":"ww92f5da92bb24696e","nonceStr":"6c2e41c0-02fa-4964-8869-7c0e348b9abd","timestamp":"1510193655"}
2017-11-09 10:14:19.399 [http-apr-8080-exec-1] INFO  com.ray.weixin.qy.controller.WeiXinServlet - post--------------
2017-11-09 10:14:19.400 [http-apr-8080-exec-1] INFO  com.ray.weixin.qy.service.message.reply.ReplyMessageService - parms:{"msg_signature":["1386165c976ce09433a9f7142cabaaaace69f361"],"timestamp":["1510193658"],"nonce":["1791145377"]}
2017-11-09 10:14:19.400 [http-apr-8080-exec-1] INFO  com.ray.weixin.qy.service.message.reply.ReplyMessageService - postData:<xml><ToUserName><![CDATA[ww92f5da92bb24696e]]></ToUserName><Encrypt><![CDATA[0MbWrMWGj+nv0+r2NYGajhxLgtuWithH5JBwtuoynGXtXG5OGv8rHHKWb2UISTTzo7GAgqkMDBf26prAqt+ztOoFoif1N46NUwXjTuvBDhVhWNZCCRJJkp/cqtP9jo1x6MNuOEYHRkh2BAzqfILoPNhJagOfsTobq/AZBteGdpDgf9mGPN3j06Y6s3o4nqPXBkLp6Y6cLzO7qA9+FgIG2oxe0f5KeNgLNuNMsJ91bHhFLrMQRmENTDlRrhHWwOzYUvpB7dg1MD7L9/bt4NGJhE2mGcL0XSAjaHH3A9K6caU8S31xNOREmh0lQ6nU0C1TCn1PLXvYzsyFyCUb7G267kfP0TQ/FA4V6CnN1LVRvnLTmOlxcMZHHtBQlWJU4SyIDA7tA/nH+JNi1cijR1KtH3YrldYlZMkm9kbkhA/4bGY1L5K8xK6kQFnNqfw7LNQMc2mnp+cWoXA8SyjK6GifLlyp9IT6uG+PLPFDZV/PbTH0gj2CxNdzcIUKjtVtznqW]]></Encrypt><AgentID><![CDATA[1000002]]></AgentID></xml>
2017-11-09 10:14:19.405 [http-apr-8080-exec-1] INFO  com.ray.weixin.qy.service.message.reply.ReplyMessageService - reply_xmlMsg:<xml><ToUserName><![CDATA[ww92f5da92bb24696e]]></ToUserName><FromUserName><![CDATA[ShiRui]]></FromUserName><CreateTime>1510193658</CreateTime><MsgType><![CDATA[event]]></MsgType><AgentID>1000002</AgentID><Event><![CDATA[LOCATION]]></Event><Latitude>31.1676</Latitude><Longitude>121.156</Longitude><Precision>15</Precision></xml>
2017-11-09 10:14:19.408 [http-apr-8080-exec-1] INFO  com.ray.weixin.qy.service.message.reply.ReplyMessageService - fromUserName:ShiRui
2017-11-09 10:14:19.408 [http-apr-8080-exec-1] INFO  com.ray.weixin.qy.service.message.reply.ReplyMessageService - toUserName:ww92f5da92bb24696e
2017-11-09 10:14:19.409 [http-apr-8080-exec-1] INFO  com.ray.weixin.qy.service.message.reply.ReplyMessageService - msgType:event
2017-11-09 10:14:19.409 [http-apr-8080-exec-1] INFO  com.ray.weixin.qy.service.message.reply.ReplyMessageService - Event:LOCATION  eventKey:null
2017-11-09 10:14:33.840 [http-apr-8080-exec-2] INFO  com.ray.weixin.qy.controller.WeiXinServlet - post--------------
2017-11-09 10:14:33.841 [http-apr-8080-exec-2] INFO  com.ray.weixin.qy.service.message.reply.ReplyMessageService - parms:{"msg_signature":["0c6dc9da7608eeac52f33f7c625957954892ae89"],"timestamp":["1510193673"],"nonce":["800651537"]}
2017-11-09 10:14:33.842 [http-apr-8080-exec-2] INFO  com.ray.weixin.qy.service.message.reply.ReplyMessageService - postData:<xml><ToUserName><![CDATA[ww92f5da92bb24696e]]></ToUserName><Encrypt><![CDATA[Eck2waNRFh+aEpo9+J6WWN/B3N3ZMbOhNJmRFnpq80j5cdWG4PghS/lPAK7XOvj6c9Toy6NtY+j2pbjJigK31wM8zNDyMyKiXrerJsCELeahwM3H6J7WneQX1DBTkycGViDKZ3FIaDuQlZJ/5KfAbV/CNB9qxReyNZeCck9z+ZuNpHFC2h6p451ZkBSQOHFi6U1mCItUSVHCCuzNVyhDH0fscvYiEQBGB70YGvWla+ja+ODExwxIw86HtaBXHs3EiNHxaSq/0ybpjYGXI7k3cpJyvP5kgsUaDpjJsvI7y0JJxySms26ZOhJC9kaHvHGA48vOgy1yQoIOBFxFAMdMhwXjNdM+KIEyN1keUukJ+GU5S8GsNA0lmQxX5/4DxSQ7yhgk3zynQ28pcvMvyVKwY+7/uy6C1o437XdM+NC4w6nlhX5BgH13WlYj6VoVFOWt5UpWX4C20ZEpxPHhF0rtSR32TFMaTKOjHyEeNbJa1OzYLPrOEFp8/7N2IebPWzYa]]></Encrypt><AgentID><![CDATA[1000002]]></AgentID></xml>
2017-11-09 10:14:33.846 [http-apr-8080-exec-2] INFO  com.ray.weixin.qy.service.message.reply.ReplyMessageService - reply_xmlMsg:<xml><ToUserName><![CDATA[ww92f5da92bb24696e]]></ToUserName><FromUserName><![CDATA[ShiRui]]></FromUserName><CreateTime>1510193673</CreateTime><MsgType><![CDATA[event]]></MsgType><AgentID>1000002</AgentID><Event><![CDATA[LOCATION]]></Event><Latitude>31.1676</Latitude><Longitude>121.156</Longitude><Precision>15</Precision></xml>
2017-11-09 10:14:33.851 [http-apr-8080-exec-2] INFO  com.ray.weixin.qy.service.message.reply.ReplyMessageService - fromUserName:ShiRui
2017-11-09 10:14:33.851 [http-apr-8080-exec-2] INFO  com.ray.weixin.qy.service.message.reply.ReplyMessageService - toUserName:ww92f5da92bb24696e
2017-11-09 10:14:33.851 [http-apr-8080-exec-2] INFO  com.ray.weixin.qy.service.message.reply.ReplyMessageService - msgType:event
2017-11-09 10:14:33.851 [http-apr-8080-exec-2] INFO  com.ray.weixin.qy.service.message.reply.ReplyMessageService - Event:LOCATION  eventKey:null
2017-11-09 10:14:48.589 [http-apr-8080-exec-3] INFO  com.ray.weixin.qy.controller.WeiXinServlet - post--------------
2017-11-09 10:14:48.589 [http-apr-8080-exec-3] INFO  com.ray.weixin.qy.service.message.reply.ReplyMessageService - parms:{"msg_signature":["b466688bdee6f7d430c95978b327ab0417930212"],"timestamp":["1510193688"],"nonce":["352254007"]}
2017-11-09 10:14:48.590 [http-apr-8080-exec-3] INFO  com.ray.weixin.qy.service.message.reply.ReplyMessageService - postData:<xml><ToUserName><![CDATA[ww92f5da92bb24696e]]></ToUserName><Encrypt><![CDATA[ZEaZ2QHfAZtUfvduEZFVLMcrsMBTKGgPpdpb8lXf7ia0bPkKTblH8pvy9IVFO6b5tc0rdGwkt62k7dYx30RihLEE6LJhxUtvjdANMeSrpW9bVLV6rXmXK/9mRPpc0PWPQxkKFevposEt4pfuUtv+Ibw8Ip6+DmKcBfLmFD8to/NCGVrAgFY6eYEb1EElKnFDsidQyZMwEec8zEFTwZxXxmihgGjGJjWLPVuKeEMlp5h5m3DEND2thKjIUWmg/n0uB/pXY510cxwtczbMYU2T4JLZygUI6PnZ2bgRRoOALTMxPBWFVDZlIOZr7m7HqtMmcpZMmQWJRUoLC/oeEh9D4C273uhhSLBFwf+fCabqBXCMUzrftAZP93ROrOYAwHKJia0Zd0Znq/dexSSFN/k/keMFCDV2LHpZJX6pYaX3qzAVioO58WRzCbIetE2GYn1zAPOFF8ZX41rW87kZJPWlrFdIyBRet0lIBICg2hy6KXZ2Hthxgl7TfEG5TQXNWXzS]]></Encrypt><AgentID><![CDATA[1000002]]></AgentID></xml>
2017-11-09 10:14:48.594 [http-apr-8080-exec-3] INFO  com.ray.weixin.qy.service.message.reply.ReplyMessageService - reply_xmlMsg:<xml><ToUserName><![CDATA[ww92f5da92bb24696e]]></ToUserName><FromUserName><![CDATA[ShiRui]]></FromUserName><CreateTime>1510193688</CreateTime><MsgType><![CDATA[event]]></MsgType><AgentID>1000002</AgentID><Event><![CDATA[LOCATION]]></Event><Latitude>31.1676</Latitude><Longitude>121.156</Longitude><Precision>15</Precision></xml>
2017-11-09 10:14:48.597 [http-apr-8080-exec-3] INFO  com.ray.weixin.qy.service.message.reply.ReplyMessageService - fromUserName:ShiRui
2017-11-09 10:14:48.598 [http-apr-8080-exec-3] INFO  com.ray.weixin.qy.service.message.reply.ReplyMessageService - toUserName:ww92f5da92bb24696e
2017-11-09 10:14:48.598 [http-apr-8080-exec-3] INFO  com.ray.weixin.qy.service.message.reply.ReplyMessageService - msgType:event
2017-11-09 10:14:48.598 [http-apr-8080-exec-3] INFO  com.ray.weixin.qy.service.message.reply.ReplyMessageService - Event:LOCATION  eventKey:null
