2017-11-09 11:08:30.426 [http-apr-8080-exec-4] INFO  com.ray.weixin.qy.controller.WeiXinServlet - post--------------
2017-11-09 11:08:30.447 [http-apr-8080-exec-4] INFO  com.ray.weixin.qy.service.message.reply.ReplyMessageService - parms:{"msg_signature":["4db1e5819677a22ee74f733190ef284c0aa528fd"],"timestamp":["1510196909"],"nonce":["1533972316"]}
2017-11-09 11:08:30.447 [http-apr-8080-exec-4] INFO  com.ray.weixin.qy.service.message.reply.ReplyMessageService - postData:<xml><ToUserName><![CDATA[ww92f5da92bb24696e]]></ToUserName><Encrypt><![CDATA[c36PVkggbABqhYy8rTuKq1e+HwZQQv4t9n38545FAQShZ5PLFmULb8CWPdHxyylq12J5xiy+vHXUn1QLGNDsYl/PnZ/BL8nk6WmN7b5ZT3and+l6fliwqqy0LmjwlhKj5wDHV2ln1mn2+7qj4HhzTqJsHkU0kYtA5gGXK1+vmpDWE0xpQ8l0REn1V6HxsvovgGEEbV2OEaQklITMrJOyfvtfBhF79PG1UmlvzcKNhQmey3ssabJSAJbGP7bA4aImzlWOApQeppfS2knPoENlcOpxnBu10WQ6E2kwMDqB9depp2OrJEGdRTAplIQyy8l1mK37ZJv3UOu51LoZAlRnICH+hSkg3THiMQNG2wxL3ZCk7S756GGUHPhf95sWTn64OOsMYfIOlCnvX1pDvh7ED7xJJIXHjWbzZTd0auJas+luy22084Q5GuGvSW/mmf7FtAG5FeGNwo42TeReZrQLx8sV4E9AVZ8KX2s5r1VIFGTLdDoMZjY2y5+Yf6gWLu5I]]></Encrypt><AgentID><![CDATA[1000002]]></AgentID></xml>
2017-11-09 11:08:30.452 [http-apr-8080-exec-4] INFO  com.ray.weixin.qy.service.message.reply.ReplyMessageService - reply_xmlMsg:<xml><ToUserName><![CDATA[ww92f5da92bb24696e]]></ToUserName><FromUserName><![CDATA[ShiRui]]></FromUserName><CreateTime>1510196909</CreateTime><MsgType><![CDATA[event]]></MsgType><AgentID>1000002</AgentID><Event><![CDATA[LOCATION]]></Event><Latitude>31.1695</Latitude><Longitude>121.152</Longitude><Precision>0</Precision></xml>
2017-11-09 11:08:30.455 [http-apr-8080-exec-4] INFO  com.ray.weixin.qy.service.message.reply.ReplyMessageService - fromUserName:ShiRui
2017-11-09 11:08:30.455 [http-apr-8080-exec-4] INFO  com.ray.weixin.qy.service.message.reply.ReplyMessageService - toUserName:ww92f5da92bb24696e
2017-11-09 11:08:30.455 [http-apr-8080-exec-4] INFO  com.ray.weixin.qy.service.message.reply.ReplyMessageService - msgType:event
2017-11-09 11:08:30.455 [http-apr-8080-exec-4] INFO  com.ray.weixin.qy.service.message.reply.ReplyMessageService - Event:LOCATION  eventKey:null
2017-11-09 11:08:38.102 [http-apr-8080-exec-8] INFO  com.ray.weixin.qy.controller.WeiXinServlet - post--------------
2017-11-09 11:08:38.104 [http-apr-8080-exec-8] INFO  com.ray.weixin.qy.service.message.reply.ReplyMessageService - parms:{"msg_signature":["ce73575b6542b74ee37413236320c161921a1279"],"timestamp":["1510196917"],"nonce":["715282286"]}
2017-11-09 11:08:38.104 [http-apr-8080-exec-8] INFO  com.ray.weixin.qy.service.message.reply.ReplyMessageService - postData:<xml><ToUserName><![CDATA[ww92f5da92bb24696e]]></ToUserName><Encrypt><![CDATA[VmqTG+KPzPfMwJAt7h/8ZJiT8c6OPhflyI4Qo6Ih0Ogf6No0/TRORmMhWEhzhwCDJtKGBVWjw9rLIsoU1uOe3hKcG0Gn09xQ23I2OeZdte4Rkrzr3Wnnk2ZciDKDv6Ef7x3nT8WkkZDOFHnOvOsuRVoo3Sxf6YVbOxagfFNWYGiCS4sxl+bnGUQTzIPb9hbIHcK3QenAfjAwDHo3KRsDlj4iSAYImKpIB/Hakfg7AJy9qqRKs/fPVBEBMAGKS4TEryZkcTK3g8j0UZM+de3+Tso9nQqqn5D3Sp0hbmDrNw1yeIcbgYrKfm6TfG0TjrYQ3mm8qI+ue1+yg2rcP96f0utXE9/ND2iVDX3EGbspn3evKmbwhsSk29dtAMXr0SEI+qZVGigS54XjtmYFHHFhf9NObEPv6MLWat5/9WBn+rJiDDLOyQeM0EEiCqpmesNTT9XgTsrNaLsZ9y744swy8zBihK3f7QXQLrj+tLQpmM4lYTfUtFqMoxWUubyuu62A]]></Encrypt><AgentID><![CDATA[1000002]]></AgentID></xml>
2017-11-09 11:08:38.107 [http-apr-8080-exec-8] INFO  com.ray.weixin.qy.service.message.reply.ReplyMessageService - reply_xmlMsg:<xml><ToUserName><![CDATA[ww92f5da92bb24696e]]></ToUserName><FromUserName><![CDATA[ShiRui]]></FromUserName><CreateTime>1510196917</CreateTime><MsgType><![CDATA[event]]></MsgType><AgentID>1000002</AgentID><Event><![CDATA[view]]></Event><EventKey><![CDATA[http://rayner.nat300.top/weixin_qy/showInvoice.jsp]]></EventKey></xml>
2017-11-09 11:08:38.109 [http-apr-8080-exec-8] INFO  com.ray.weixin.qy.service.message.reply.ReplyMessageService - fromUserName:ShiRui
2017-11-09 11:08:38.110 [http-apr-8080-exec-8] INFO  com.ray.weixin.qy.service.message.reply.ReplyMessageService - toUserName:ww92f5da92bb24696e
2017-11-09 11:08:38.110 [http-apr-8080-exec-8] INFO  com.ray.weixin.qy.service.message.reply.ReplyMessageService - msgType:event
2017-11-09 11:08:38.110 [http-apr-8080-exec-8] INFO  com.ray.weixin.qy.service.message.reply.ReplyMessageService - Event:view  eventKey:http://rayner.nat300.top/weixin_qy/showInvoice.jsp
2017-11-09 11:08:38.502 [http-apr-8080-exec-7] INFO  com.ray.weixin.qy.util.AuthHelper - jsonObject:{"errcode":0,"access_token":"RVUMhaz-QcALWPrIef8VlQayDM5w55oYDw5FrLAax9W4TOLAOXTnChxYEP2-74uxxPT2C9i1I9wewB97GuODOPyN3p7to4_wYWQ3cAQMv-owZeVpxS-gopdSUPHtRFsxqx5m0RnpBhh0BI0DFiUS85FISGwMzmvNvPe6ZvlKrM54gETQx1ZRdVGQSMHVYFzqZBb9C7q_gw-eZZ9u8Kqw4A","errmsg":"ok","expires_in":7200}
2017-11-09 11:08:38.933 [http-apr-8080-exec-7] INFO  com.ray.weixin.qy.util.AuthHelper - jsonObject:{"errcode":0,"ticket":"kgt8ON7yVITDhtdwci0qebCLEfC_BfeygIq8cFPLbdav_wS6aHw3IOuPFhwb5b37fHfTFdS6e23Vb_dbDCjTOg","errmsg":"ok","expires_in":7200}
2017-11-09 11:08:38.934 [http-apr-8080-exec-7] INFO  com.ray.weixin.qy.util.AuthHelper - url:http://rayner.nat300.top/weixin_qy/showInvoice.jsp
2017-11-09 11:08:38.935 [http-apr-8080-exec-7] INFO  com.ray.weixin.qy.util.AuthHelper - accessToken:RVUMhaz-QcALWPrIef8VlQayDM5w55oYDw5FrLAax9W4TOLAOXTnChxYEP2-74uxxPT2C9i1I9wewB97GuODOPyN3p7to4_wYWQ3cAQMv-owZeVpxS-gopdSUPHtRFsxqx5m0RnpBhh0BI0DFiUS85FISGwMzmvNvPe6ZvlKrM54gETQx1ZRdVGQSMHVYFzqZBb9C7q_gw-eZZ9u8Kqw4A
2017-11-09 11:08:38.935 [http-apr-8080-exec-7] INFO  com.ray.weixin.qy.util.AuthHelper - jsapi_ticket:kgt8ON7yVITDhtdwci0qebCLEfC_BfeygIq8cFPLbdav_wS6aHw3IOuPFhwb5b37fHfTFdS6e23Vb_dbDCjTOg
2017-11-09 11:08:38.935 [http-apr-8080-exec-7] INFO  com.ray.weixin.qy.util.AuthHelper - appId:ww92f5da92bb24696e
2017-11-09 11:08:38.935 [http-apr-8080-exec-7] INFO  com.ray.weixin.qy.util.AuthHelper - timestamp:1510196918
2017-11-09 11:08:38.935 [http-apr-8080-exec-7] INFO  com.ray.weixin.qy.util.AuthHelper - nonceStr:1b7aea0a-22c0-45ce-ab7b-db6bbc2f321a
2017-11-09 11:08:38.935 [http-apr-8080-exec-7] INFO  com.ray.weixin.qy.util.AuthHelper - signature:015b5744934bb92d8c49c2cb779cbe979ef32a4b
2017-11-09 11:08:38.935 [http-apr-8080-exec-7] INFO  com.ray.weixin.qy.util.AuthHelper - configValue:{"signature":"015b5744934bb92d8c49c2cb779cbe979ef32a4b","appId":"ww92f5da92bb24696e","nonceStr":"1b7aea0a-22c0-45ce-ab7b-db6bbc2f321a","timestamp":"1510196918"}
2017-11-09 11:08:51.211 [http-apr-8080-exec-1] INFO  com.ray.weixin.qy.util.AuthHelper - jsonObject:{"errcode":0,"access_token":"RVUMhaz-QcALWPrIef8VlQayDM5w55oYDw5FrLAax9W4TOLAOXTnChxYEP2-74uxxPT2C9i1I9wewB97GuODOPyN3p7to4_wYWQ3cAQMv-owZeVpxS-gopdSUPHtRFsxqx5m0RnpBhh0BI0DFiUS85FISGwMzmvNvPe6ZvlKrM54gETQx1ZRdVGQSMHVYFzqZBb9C7q_gw-eZZ9u8Kqw4A","errmsg":"ok","expires_in":7200}
2017-11-09 11:08:51.661 [http-apr-8080-exec-1] INFO  com.ray.weixin.qy.util.AuthHelper - jsonObject:{"errcode":0,"ticket":"kgt8ON7yVITDhtdwci0qebCLEfC_BfeygIq8cFPLbdav_wS6aHw3IOuPFhwb5b37fHfTFdS6e23Vb_dbDCjTOg","errmsg":"ok","expires_in":7200}
2017-11-09 11:08:51.662 [http-apr-8080-exec-1] INFO  com.ray.weixin.qy.util.AuthHelper - url:http://rayner.nat300.top/weixin_qy/showInvoice.jsp
2017-11-09 11:08:51.662 [http-apr-8080-exec-1] INFO  com.ray.weixin.qy.util.AuthHelper - accessToken:RVUMhaz-QcALWPrIef8VlQayDM5w55oYDw5FrLAax9W4TOLAOXTnChxYEP2-74uxxPT2C9i1I9wewB97GuODOPyN3p7to4_wYWQ3cAQMv-owZeVpxS-gopdSUPHtRFsxqx5m0RnpBhh0BI0DFiUS85FISGwMzmvNvPe6ZvlKrM54gETQx1ZRdVGQSMHVYFzqZBb9C7q_gw-eZZ9u8Kqw4A
2017-11-09 11:08:51.662 [http-apr-8080-exec-1] INFO  com.ray.weixin.qy.util.AuthHelper - jsapi_ticket:kgt8ON7yVITDhtdwci0qebCLEfC_BfeygIq8cFPLbdav_wS6aHw3IOuPFhwb5b37fHfTFdS6e23Vb_dbDCjTOg
2017-11-09 11:08:51.662 [http-apr-8080-exec-1] INFO  com.ray.weixin.qy.util.AuthHelper - appId:ww92f5da92bb24696e
2017-11-09 11:08:51.662 [http-apr-8080-exec-1] INFO  com.ray.weixin.qy.util.AuthHelper - timestamp:1510196930
2017-11-09 11:08:51.662 [http-apr-8080-exec-1] INFO  com.ray.weixin.qy.util.AuthHelper - nonceStr:464ebe64-2942-40ac-ba3b-8f3042ca1045
2017-11-09 11:08:51.662 [http-apr-8080-exec-1] INFO  com.ray.weixin.qy.util.AuthHelper - signature:a920d997de317cb717affac6d31ade98212a4353
2017-11-09 11:08:51.662 [http-apr-8080-exec-1] INFO  com.ray.weixin.qy.util.AuthHelper - configValue:{"signature":"a920d997de317cb717affac6d31ade98212a4353","appId":"ww92f5da92bb24696e","nonceStr":"464ebe64-2942-40ac-ba3b-8f3042ca1045","timestamp":"1510196930"}
