2017-11-09 11:02:04.622 [http-apr-8080-exec-6] INFO  com.ray.weixin.qy.controller.WeiXinServlet - post--------------
2017-11-09 11:02:04.626 [http-apr-8080-exec-6] INFO  com.ray.weixin.qy.service.message.reply.ReplyMessageService - parms:{"msg_signature":["db72ed4d07ce475382fa31ff27086a35565b2abf"],"timestamp":["1510196524"],"nonce":["1112849883"]}
2017-11-09 11:02:04.626 [http-apr-8080-exec-6] INFO  com.ray.weixin.qy.service.message.reply.ReplyMessageService - postData:<xml><ToUserName><![CDATA[ww92f5da92bb24696e]]></ToUserName><Encrypt><![CDATA[67JMZ9YoX1wO7RJ2A1YkwTovdgm8reqi05mCfMhVEAlDaiXLN+ywyEGr7XjC9ggd3IPu4zSviIms0A8t1+MzJI8WRij/7wVU8RqaRw4Vp/6TT5+XQibk0uYzNBquOKchnXiyHGVVop1kQQobOwnPNcoIkX9Dtse9Bnoa/hcbSJCZlz40FEpBDaOxe/ktJt2UH8/lJdHvZqfE2iZhIxWqpMpuzh2F4tq9Vkevj3t9SQdTvIzxogdkgOnRwmEG6U2Ck0koO85Fzb8LVde07UNokqgcj5jcmg7t62kB+E9+ngFuknmQ793SNDBeJtNEjZBhVIffDPNc2M49zPqU3ODvp264UYr4covee2ucrWkx9TxjcweYxbVMj+x8EfXWZcwCQsj2cZBJgqFiPUU3OQiVcRDAJ+JsT7vklhb/HES3djdIl+GIIixyvr+Y3kv9q4xKhOAs0goJabYHf7sV7647TestmGsbJrYngA1kM76nqg67e3AMRkgogxB+4xBu+vQZ]]></Encrypt><AgentID><![CDATA[1000002]]></AgentID></xml>
2017-11-09 11:02:04.629 [http-apr-8080-exec-6] INFO  com.ray.weixin.qy.service.message.reply.ReplyMessageService - reply_xmlMsg:<xml><ToUserName><![CDATA[ww92f5da92bb24696e]]></ToUserName><FromUserName><![CDATA[ShiRui]]></FromUserName><CreateTime>1510196524</CreateTime><MsgType><![CDATA[event]]></MsgType><AgentID>1000002</AgentID><Event><![CDATA[LOCATION]]></Event><Latitude>31.1676</Latitude><Longitude>121.156</Longitude><Precision>15</Precision></xml>
2017-11-09 11:02:04.629 [http-apr-8080-exec-6] INFO  com.ray.weixin.qy.service.message.reply.ReplyMessageService - fromUserName:ShiRui
2017-11-09 11:02:04.629 [http-apr-8080-exec-6] INFO  com.ray.weixin.qy.service.message.reply.ReplyMessageService - toUserName:ww92f5da92bb24696e
2017-11-09 11:02:04.630 [http-apr-8080-exec-6] INFO  com.ray.weixin.qy.service.message.reply.ReplyMessageService - msgType:event
2017-11-09 11:02:04.630 [http-apr-8080-exec-6] INFO  com.ray.weixin.qy.service.message.reply.ReplyMessageService - Event:LOCATION  eventKey:null
2017-11-09 11:02:09.712 [http-apr-8080-exec-2] INFO  com.ray.weixin.qy.controller.WeiXinServlet - post--------------
2017-11-09 11:02:09.712 [http-apr-8080-exec-2] INFO  com.ray.weixin.qy.service.message.reply.ReplyMessageService - parms:{"msg_signature":["b2dca5804a6e1101d95949bdd7d31616800c5237"],"timestamp":["1510196529"],"nonce":["1908430157"]}
2017-11-09 11:02:09.713 [http-apr-8080-exec-2] INFO  com.ray.weixin.qy.service.message.reply.ReplyMessageService - postData:<xml><ToUserName><![CDATA[ww92f5da92bb24696e]]></ToUserName><Encrypt><![CDATA[aaMJ9DgXmIkgf1Ket8rcpqj9TIPeTYlLHIwd3ydwlk3/MpUivUvmTntMtY0Zu8IqMAMyK26hqj6vfuhu4bRBFqlFVEchSBw7xUeGk9IObpd7s5jd+U7VhEtGQSTktMOKbmvW1ZlXdEeYZ5v9260wVFTYTSasuEcWF12m80dQC5rIwQQOMeLW5veIijEwLMoF9lfhfy3osAQwpXemBiGVEuAX8BKO3zfsvgdZbqWryTMDNKkPd5rtuyEXnAx5/J3AxmmKu10eTlRHWpzRXW2k8txlOovouiPWU/6v/QmgQnAo0zaOLjaO9X3SHOWAZoHGpU99r9di+7fm/aqMQAjSam/eYYArLdrBaN3/+ACk4ennirXKDsIMK8/ajUkh40KK4MWNeKMV1k2xMMdQIn8ZD2cyldWverA8nn4wg9e07ylISPNR8/Ch6l9M0oi6qqpUJV/iTHvBnRyHK6iFEUpUgIWPGWyc9/EBisZJZtlD7hb1Png7rXRrG8dESaTtRV5F]]></Encrypt><AgentID><![CDATA[1000002]]></AgentID></xml>
2017-11-09 11:02:09.714 [http-apr-8080-exec-2] INFO  com.ray.weixin.qy.service.message.reply.ReplyMessageService - reply_xmlMsg:<xml><ToUserName><![CDATA[ww92f5da92bb24696e]]></ToUserName><FromUserName><![CDATA[ShiRui]]></FromUserName><CreateTime>1510196529</CreateTime><MsgType><![CDATA[event]]></MsgType><AgentID>1000002</AgentID><Event><![CDATA[LOCATION]]></Event><Latitude>31.1676</Latitude><Longitude>121.156</Longitude><Precision>15</Precision></xml>
2017-11-09 11:02:09.715 [http-apr-8080-exec-2] INFO  com.ray.weixin.qy.service.message.reply.ReplyMessageService - fromUserName:ShiRui
2017-11-09 11:02:09.715 [http-apr-8080-exec-2] INFO  com.ray.weixin.qy.service.message.reply.ReplyMessageService - toUserName:ww92f5da92bb24696e
2017-11-09 11:02:09.715 [http-apr-8080-exec-2] INFO  com.ray.weixin.qy.service.message.reply.ReplyMessageService - msgType:event
2017-11-09 11:02:09.716 [http-apr-8080-exec-2] INFO  com.ray.weixin.qy.service.message.reply.ReplyMessageService - Event:LOCATION  eventKey:null
2017-11-09 11:02:14.639 [http-apr-8080-exec-1] INFO  com.ray.weixin.qy.controller.WeiXinServlet - post--------------
2017-11-09 11:02:14.641 [http-apr-8080-exec-1] INFO  com.ray.weixin.qy.service.message.reply.ReplyMessageService - parms:{"msg_signature":["42870bc431ebcadffb37d3376fbfe40779542085"],"timestamp":["1510196534"],"nonce":["229258627"]}
2017-11-09 11:02:14.641 [http-apr-8080-exec-1] INFO  com.ray.weixin.qy.service.message.reply.ReplyMessageService - postData:<xml><ToUserName><![CDATA[ww92f5da92bb24696e]]></ToUserName><Encrypt><![CDATA[MxskRQ6Ve7M5QQ+6kxd7HK1cpQnHGm18hdE+9T5P9Z/SesxG5nmSq8FfWsCgObN93+ctFAC/ZD7K+T7LX8zYcQ+SXrO1+/2OIWT/4hV6M3wLW7pj0F3HTZ8yIVit9Jy3jGN382lGrx6olTKdXKzq4D87FcDpIBKhrpyyOv2Dm1EZCWVpGSZGZmmG0L+tXa/xXMms1W/vs8Ep3RVNYTLG10aE7ThIkYLt6UP2OIh+3keNUWw7qJVJnmcxrrxOekD3oMby1AqcVZZkW+XmrJvEX9RmnskcFJvUed0J/W8Bwbqlu8RApTtNi2Yku3K0a4Exve0I63puoWHd4f5S1pErYpHTFozv1nB6RBOkzy1Qaz9ddtkEG6TJl4Ho/+c9jNyIhXxJJLgyUe2WlxhLZKuSzkVK+HnPGknx4kbQJqHJFCDoiy7ouzDknCc1lz3U7Z/wiYkd/x7/i4Qa750Qqc9+xVM4/baWMxEnCNZl+2OEEH949VzrYBlQ+o971NA28Fqk]]></Encrypt><AgentID><![CDATA[1000002]]></AgentID></xml>
2017-11-09 11:02:14.644 [http-apr-8080-exec-1] INFO  com.ray.weixin.qy.service.message.reply.ReplyMessageService - reply_xmlMsg:<xml><ToUserName><![CDATA[ww92f5da92bb24696e]]></ToUserName><FromUserName><![CDATA[ShiRui]]></FromUserName><CreateTime>1510196534</CreateTime><MsgType><![CDATA[event]]></MsgType><AgentID>1000002</AgentID><Event><![CDATA[LOCATION]]></Event><Latitude>31.1676</Latitude><Longitude>121.156</Longitude><Precision>15</Precision></xml>
2017-11-09 11:02:14.647 [http-apr-8080-exec-1] INFO  com.ray.weixin.qy.service.message.reply.ReplyMessageService - fromUserName:ShiRui
2017-11-09 11:02:14.648 [http-apr-8080-exec-1] INFO  com.ray.weixin.qy.service.message.reply.ReplyMessageService - toUserName:ww92f5da92bb24696e
2017-11-09 11:02:14.648 [http-apr-8080-exec-1] INFO  com.ray.weixin.qy.service.message.reply.ReplyMessageService - msgType:event
2017-11-09 11:02:14.648 [http-apr-8080-exec-1] INFO  com.ray.weixin.qy.service.message.reply.ReplyMessageService - Event:LOCATION  eventKey:null
2017-11-09 11:02:19.682 [http-apr-8080-exec-7] INFO  com.ray.weixin.qy.controller.WeiXinServlet - post--------------
2017-11-09 11:02:19.682 [http-apr-8080-exec-7] INFO  com.ray.weixin.qy.service.message.reply.ReplyMessageService - parms:{"msg_signature":["bc493516d83c2cc929b260854e532a18fa8eb6f4"],"timestamp":["1510196539"],"nonce":["1698266987"]}
2017-11-09 11:02:19.683 [http-apr-8080-exec-7] INFO  com.ray.weixin.qy.service.message.reply.ReplyMessageService - postData:<xml><ToUserName><![CDATA[ww92f5da92bb24696e]]></ToUserName><Encrypt><![CDATA[RoIpWzYPJEwx8xcT0jRSbeOUmZuSerW+UU1cKW4sP0smQ4qNLoDc+XWnA0sCvsMFczJKHQmmr9TZ1IRJdrVdTNuTY+ex2UsmGLUT6VC8fPKdULPdDJ2G8VeS6gf+dFuxrU2g+kuXnDEYChZ3Nry9NUC7/2cc3g+RNYJe/APl6CtZRFjVXMdvcKKwSpscVzZn2Ziqya33KvSstmE97953cXF+HM0ELp4qFINO04PC+BCRlNQEvatIHJNaaDZfjtC9nGIVi2UQkGfbH44DyC6Axjh5ka+BaLoCcywLCo2JE953yUcwYD0u3zhkP9tCUJI/894MlxoGhqIzWLAaEhVskXmazXFm5/iETXiRt3GkV1wv/AGVBraubOViaG/np9oxpTcYvxRYJXTANk0pOgbqyAbUmMJk7cF4jbkGq5veBl1VoqNLfV2A2UeW4cL8iXSFjKojXcRrHx1s3jfx9zGEiTtNh2tKtFctJHWFB5otJnovL3WJ4i4RtHjWnwrnUDXt]]></Encrypt><AgentID><![CDATA[1000002]]></AgentID></xml>
2017-11-09 11:02:19.684 [http-apr-8080-exec-7] INFO  com.ray.weixin.qy.service.message.reply.ReplyMessageService - reply_xmlMsg:<xml><ToUserName><![CDATA[ww92f5da92bb24696e]]></ToUserName><FromUserName><![CDATA[ShiRui]]></FromUserName><CreateTime>1510196539</CreateTime><MsgType><![CDATA[event]]></MsgType><AgentID>1000002</AgentID><Event><![CDATA[LOCATION]]></Event><Latitude>31.1676</Latitude><Longitude>121.156</Longitude><Precision>15</Precision></xml>
2017-11-09 11:02:19.686 [http-apr-8080-exec-7] INFO  com.ray.weixin.qy.service.message.reply.ReplyMessageService - fromUserName:ShiRui
2017-11-09 11:02:19.686 [http-apr-8080-exec-7] INFO  com.ray.weixin.qy.service.message.reply.ReplyMessageService - toUserName:ww92f5da92bb24696e
2017-11-09 11:02:19.686 [http-apr-8080-exec-7] INFO  com.ray.weixin.qy.service.message.reply.ReplyMessageService - msgType:event
2017-11-09 11:02:19.686 [http-apr-8080-exec-7] INFO  com.ray.weixin.qy.service.message.reply.ReplyMessageService - Event:LOCATION  eventKey:null
2017-11-09 11:02:24.720 [http-apr-8080-exec-8] INFO  com.ray.weixin.qy.controller.WeiXinServlet - post--------------
2017-11-09 11:02:24.720 [http-apr-8080-exec-8] INFO  com.ray.weixin.qy.service.message.reply.ReplyMessageService - parms:{"msg_signature":["6956ce02476a4bf95faedda9f544e5cc0e1790dd"],"timestamp":["1510196544"],"nonce":["1418623731"]}
2017-11-09 11:02:24.721 [http-apr-8080-exec-8] INFO  com.ray.weixin.qy.service.message.reply.ReplyMessageService - postData:<xml><ToUserName><![CDATA[ww92f5da92bb24696e]]></ToUserName><Encrypt><![CDATA[pKn6jo4NiEXF18OzfViHHkObepiT6RWZMZRssgMRuVa/gCvv9SEVTLuAa6ydbjv8bjyLyPhkW0OfYLoU2gQbBkaXRef33PzRhXj4K/YCZdpifLfYGjYW/4soBYTXaJL321b12FXpEO1tKLweDcZ5omoUg7BiwQ5kUxgBYUttFae3lU8B5j9GeMwRX/1qxda/YH2lI/jl0pIRGmPT3QC4IxC9LFEXl+nX7mFxgZEqiZbSED5J2W2wHSJGY28pOwvYMfIzAn6xL7gDIelCJ72hyi06mb9Vw40xT+48qxGLz99Gfg2FsoBJFXytMNcUYkTPkLn09d4XBByENfPVifD7VCcdDQiqD/8XwspqygtfKRrEtrS+IctFUfwXNX+enrxRRXEc+sJYZJllt6sMYjYewsG75iRSuknJXL+mKQVd4NF7skNJPS9OuusxJyfwYBOPCfTr8eFtWdeV6Lie06+WwfSojMrSWefRMJ8GqYadG1mvC4DF3uQJSwzPT8nMrod0]]></Encrypt><AgentID><![CDATA[1000002]]></AgentID></xml>
2017-11-09 11:02:24.723 [http-apr-8080-exec-8] INFO  com.ray.weixin.qy.service.message.reply.ReplyMessageService - reply_xmlMsg:<xml><ToUserName><![CDATA[ww92f5da92bb24696e]]></ToUserName><FromUserName><![CDATA[ShiRui]]></FromUserName><CreateTime>1510196544</CreateTime><MsgType><![CDATA[event]]></MsgType><AgentID>1000002</AgentID><Event><![CDATA[LOCATION]]></Event><Latitude>31.1676</Latitude><Longitude>121.156</Longitude><Precision>15</Precision></xml>
2017-11-09 11:02:24.724 [http-apr-8080-exec-8] INFO  com.ray.weixin.qy.service.message.reply.ReplyMessageService - fromUserName:ShiRui
2017-11-09 11:02:24.724 [http-apr-8080-exec-8] INFO  com.ray.weixin.qy.service.message.reply.ReplyMessageService - toUserName:ww92f5da92bb24696e
2017-11-09 11:02:24.725 [http-apr-8080-exec-8] INFO  com.ray.weixin.qy.service.message.reply.ReplyMessageService - msgType:event
2017-11-09 11:02:24.725 [http-apr-8080-exec-8] INFO  com.ray.weixin.qy.service.message.reply.ReplyMessageService - Event:LOCATION  eventKey:null
2017-11-09 11:02:29.746 [http-apr-8080-exec-6] INFO  com.ray.weixin.qy.controller.WeiXinServlet - post--------------
2017-11-09 11:02:29.746 [http-apr-8080-exec-6] INFO  com.ray.weixin.qy.service.message.reply.ReplyMessageService - parms:{"msg_signature":["2387dc5e263f34a1fce154602c958f2641a9e8f5"],"timestamp":["1510196549"],"nonce":["1691973278"]}
2017-11-09 11:02:29.746 [http-apr-8080-exec-6] INFO  com.ray.weixin.qy.service.message.reply.ReplyMessageService - postData:<xml><ToUserName><![CDATA[ww92f5da92bb24696e]]></ToUserName><Encrypt><![CDATA[JG/+SLH8xa504MhZyndgxEmbK/ONfdvZFGPrWozXkXxc+EAmVaGTRLnYFN+nb6USBirnlS0MwmxVQJC/HmdoWCtCJ4My08WmO/oYwqRF8G5uy5cT2uUxOFZHjpOBCKmq4Zps1yii55DnvfcUbTBpSSaVrata5uTRjPBv3T2s/A6m605xPLTrOYjugNV2bQM3+7D9y9uVRqAVp5774pybYpVnM5hAQntYzpN3WDRdHA7M8ALHt6cAKsDQ9SL0ikYJZ/SF00YdqvZiytogbpxOU7Zbxiisyj2Jci00DHmKGNb23EcoDrEMeXDp5YGFdsSVjfSaphNT9qkS1e+XutJXa1Jfs3B+HaiZx8XNVTP58GP4KSvnDKSfGKX8EKX8TC3J3zYAwUEH0TKCPbYckNr3GUnRpqQafuFQNZyij8SH0h9JLFkBRBLUu/SbxAW3YElGIKL56+tMS9UwbClIQ7tH6lIXH1D1Pak8hu64n5NhAEnAEAFKjpcXNkDPb0jwWBw1]]></Encrypt><AgentID><![CDATA[1000002]]></AgentID></xml>
2017-11-09 11:02:29.748 [http-apr-8080-exec-6] INFO  com.ray.weixin.qy.service.message.reply.ReplyMessageService - reply_xmlMsg:<xml><ToUserName><![CDATA[ww92f5da92bb24696e]]></ToUserName><FromUserName><![CDATA[ShiRui]]></FromUserName><CreateTime>1510196549</CreateTime><MsgType><![CDATA[event]]></MsgType><AgentID>1000002</AgentID><Event><![CDATA[LOCATION]]></Event><Latitude>31.1676</Latitude><Longitude>121.156</Longitude><Precision>15</Precision></xml>
2017-11-09 11:02:29.751 [http-apr-8080-exec-6] INFO  com.ray.weixin.qy.service.message.reply.ReplyMessageService - fromUserName:ShiRui
2017-11-09 11:02:29.751 [http-apr-8080-exec-6] INFO  com.ray.weixin.qy.service.message.reply.ReplyMessageService - toUserName:ww92f5da92bb24696e
2017-11-09 11:02:29.751 [http-apr-8080-exec-6] INFO  com.ray.weixin.qy.service.message.reply.ReplyMessageService - msgType:event
2017-11-09 11:02:29.751 [http-apr-8080-exec-6] INFO  com.ray.weixin.qy.service.message.reply.ReplyMessageService - Event:LOCATION  eventKey:null
2017-11-09 11:02:34.778 [http-apr-8080-exec-2] INFO  com.ray.weixin.qy.controller.WeiXinServlet - post--------------
2017-11-09 11:02:34.778 [http-apr-8080-exec-2] INFO  com.ray.weixin.qy.service.message.reply.ReplyMessageService - parms:{"msg_signature":["7329c78b9ef4536b6d51ab4fd5b0a8dd9a1362b8"],"timestamp":["1510196554"],"nonce":["457720184"]}
2017-11-09 11:02:34.778 [http-apr-8080-exec-2] INFO  com.ray.weixin.qy.service.message.reply.ReplyMessageService - postData:<xml><ToUserName><![CDATA[ww92f5da92bb24696e]]></ToUserName><Encrypt><![CDATA[k0mTvqbMIyicDkYdChfpKET8isC7isZAYX1xq1HsXVxnBC6Mm2va0tx214H01vIJrTmLM7J23SPj0GEg2uGIFEU7GuNTVL7hvNldJeinohotwJHcnAkf76eDnJvFyQDo448C+TsfT4yrAITFybA2DEr2XzR3B3YdarN8AVB/ZCfj1e3Zt98ldsQGw+FV3lO9LrYEsyn4DhcxJVlV+7UJzKthzi3H7wNjIN1BBErH1pzdBWp4xCtWBVtWg8JzkzyQpz6fwSLi/C7ZML+yxFpiZl0z0oSD96sWWtR+qZzYLIsovrGh0j6LPfO0zG9aCgbEiXbhaHrJ+qkAtuef46WtDaVY8Dz6GnUR3u+xl6kF54SOlFiMzoNx7ceFVd9WR2iZGBDNiHz4uwVCKwp0oPLL81qfSw10esuDmYQKhW0PGrbtlgk3Rli/qFYGJYhPamtPPe56meNIBfCh//ptu9QSozYT7XevbspkLaB9vsbdBl0pTwLNMiunrdcgznrsXEvm]]></Encrypt><AgentID><![CDATA[1000002]]></AgentID></xml>
2017-11-09 11:02:34.779 [http-apr-8080-exec-2] INFO  com.ray.weixin.qy.service.message.reply.ReplyMessageService - reply_xmlMsg:<xml><ToUserName><![CDATA[ww92f5da92bb24696e]]></ToUserName><FromUserName><![CDATA[ShiRui]]></FromUserName><CreateTime>1510196554</CreateTime><MsgType><![CDATA[event]]></MsgType><AgentID>1000002</AgentID><Event><![CDATA[LOCATION]]></Event><Latitude>31.1676</Latitude><Longitude>121.156</Longitude><Precision>15</Precision></xml>
2017-11-09 11:02:34.780 [http-apr-8080-exec-2] INFO  com.ray.weixin.qy.service.message.reply.ReplyMessageService - fromUserName:ShiRui
2017-11-09 11:02:34.780 [http-apr-8080-exec-2] INFO  com.ray.weixin.qy.service.message.reply.ReplyMessageService - toUserName:ww92f5da92bb24696e
2017-11-09 11:02:34.780 [http-apr-8080-exec-2] INFO  com.ray.weixin.qy.service.message.reply.ReplyMessageService - msgType:event
2017-11-09 11:02:34.780 [http-apr-8080-exec-2] INFO  com.ray.weixin.qy.service.message.reply.ReplyMessageService - Event:LOCATION  eventKey:null
2017-11-09 11:02:39.787 [http-apr-8080-exec-1] INFO  com.ray.weixin.qy.controller.WeiXinServlet - post--------------
2017-11-09 11:02:39.789 [http-apr-8080-exec-1] INFO  com.ray.weixin.qy.service.message.reply.ReplyMessageService - parms:{"msg_signature":["a8a0ed575202c0d927b7640606aae79885f9ea95"],"timestamp":["1510196559"],"nonce":["1865273042"]}
2017-11-09 11:02:39.790 [http-apr-8080-exec-1] INFO  com.ray.weixin.qy.service.message.reply.ReplyMessageService - postData:<xml><ToUserName><![CDATA[ww92f5da92bb24696e]]></ToUserName><Encrypt><![CDATA[6FRcj8ofMMcfk13Ngs8SK/8GFeVQNjuHKCd2hSRBeccCq6ee0Z+a3/n5TDD9S59sX7wGNhnXdGGLoZpFlmtRpwCOpbzslH1DPxG8zzFzA9Yvi4pBm27mpgzXA00LiW0dmDq0FvIR/UkZWMUKbuKWKVZjExIFU8imSF+UOObQamkfDs0Sv8pWaIVwYGAkZPUjUxatSU21ELqDHSEZdnhHb6JwNUa06hFuORpklXW3B2HS8CpNCEVvZZbOd/nqKZO63hZCxeyov4V8AAQF+9jrWtWmv/HEm5Yle2yyivX3Bn7iQDc5s5cXaZgfyQ5hQG/Hi+XtqRhKycYJTmYovtLV44iBrB9VnbpqUF44Yir5kHi30RP2znnZ7ke+w5uRZXucQZmlggseny/XEgHts6jGF8AHlqfPBPmCYIS3SAXRNWRr5dX6iwmD4HBRIoRiVZ5EMFYyrcoGTVAFFO3+pAGEiah9AAopmC9nJP/uY6khr0cM4imQViYHC2MFqtHyWQAV]]></Encrypt><AgentID><![CDATA[1000002]]></AgentID></xml>
2017-11-09 11:02:39.792 [http-apr-8080-exec-1] INFO  com.ray.weixin.qy.service.message.reply.ReplyMessageService - reply_xmlMsg:<xml><ToUserName><![CDATA[ww92f5da92bb24696e]]></ToUserName><FromUserName><![CDATA[ShiRui]]></FromUserName><CreateTime>1510196559</CreateTime><MsgType><![CDATA[event]]></MsgType><AgentID>1000002</AgentID><Event><![CDATA[LOCATION]]></Event><Latitude>31.1676</Latitude><Longitude>121.156</Longitude><Precision>15</Precision></xml>
2017-11-09 11:02:39.795 [http-apr-8080-exec-1] INFO  com.ray.weixin.qy.service.message.reply.ReplyMessageService - fromUserName:ShiRui
2017-11-09 11:02:39.795 [http-apr-8080-exec-1] INFO  com.ray.weixin.qy.service.message.reply.ReplyMessageService - toUserName:ww92f5da92bb24696e
2017-11-09 11:02:39.795 [http-apr-8080-exec-1] INFO  com.ray.weixin.qy.service.message.reply.ReplyMessageService - msgType:event
2017-11-09 11:02:39.795 [http-apr-8080-exec-1] INFO  com.ray.weixin.qy.service.message.reply.ReplyMessageService - Event:LOCATION  eventKey:null
2017-11-09 11:02:44.817 [http-apr-8080-exec-7] INFO  com.ray.weixin.qy.controller.WeiXinServlet - post--------------
2017-11-09 11:02:44.818 [http-apr-8080-exec-7] INFO  com.ray.weixin.qy.service.message.reply.ReplyMessageService - parms:{"msg_signature":["3640cb70f18f2b03b5c4b90a5749cb915c956a2a"],"timestamp":["1510196564"],"nonce":["1985352463"]}
2017-11-09 11:02:44.818 [http-apr-8080-exec-7] INFO  com.ray.weixin.qy.service.message.reply.ReplyMessageService - postData:<xml><ToUserName><![CDATA[ww92f5da92bb24696e]]></ToUserName><Encrypt><![CDATA[+FHft/Xq0e2vnPKvZUH8m9uRc6M7s8US5vZTizpiiOQVLqSq4Hnaerzgc9IRziz/WM6dzat0ih+BVCTtohNJKEED+Qr138ulFC0JbiTec+QI1ZffHPUV7lHot+JEbkdVGHlK6CygwQPu3dzwBmKFYwWGC6aAKUul5xFBWPIXwXumNRWDjsjXE9IiggfGWEFH0v0syD9r5CG/eHuFIOT6TiPpgWTRNdfaFZ/xDODuArbGF5jKGmJPtA5RtNn/89tmYp6JhOtEPMnruSYSY9QYplwy6i7Q7yAnfYqbQR3MPe/RiGxWBlvmKsQQUwu34l2QZwZ5Fb9VNmzwYm8qcUQQ/zNnvO3vapOjyI3p+XayZZYMpGiA4J+O8AUGBrEeNhI7cP8NobR2eASfbJ0X1J6GdN6lQ89SLDpTzq0piW3sn3h/ouBccnV3zKIuKjgXorsz9kOLRHb6UoovG/tIviKj+fJcBC970drJJFQa5MjNEwsa25HeMC7O9OEb9wWuHO0/]]></Encrypt><AgentID><![CDATA[1000002]]></AgentID></xml>
2017-11-09 11:02:44.819 [http-apr-8080-exec-7] INFO  com.ray.weixin.qy.service.message.reply.ReplyMessageService - reply_xmlMsg:<xml><ToUserName><![CDATA[ww92f5da92bb24696e]]></ToUserName><FromUserName><![CDATA[ShiRui]]></FromUserName><CreateTime>1510196564</CreateTime><MsgType><![CDATA[event]]></MsgType><AgentID>1000002</AgentID><Event><![CDATA[LOCATION]]></Event><Latitude>31.1676</Latitude><Longitude>121.156</Longitude><Precision>15</Precision></xml>
2017-11-09 11:02:44.820 [http-apr-8080-exec-7] INFO  com.ray.weixin.qy.service.message.reply.ReplyMessageService - fromUserName:ShiRui
2017-11-09 11:02:44.820 [http-apr-8080-exec-7] INFO  com.ray.weixin.qy.service.message.reply.ReplyMessageService - toUserName:ww92f5da92bb24696e
2017-11-09 11:02:44.820 [http-apr-8080-exec-7] INFO  com.ray.weixin.qy.service.message.reply.ReplyMessageService - msgType:event
2017-11-09 11:02:44.820 [http-apr-8080-exec-7] INFO  com.ray.weixin.qy.service.message.reply.ReplyMessageService - Event:LOCATION  eventKey:null
2017-11-09 11:02:49.801 [http-apr-8080-exec-8] INFO  com.ray.weixin.qy.controller.WeiXinServlet - post--------------
2017-11-09 11:02:49.802 [http-apr-8080-exec-8] INFO  com.ray.weixin.qy.service.message.reply.ReplyMessageService - parms:{"msg_signature":["608649e91c9e52afffe4302bff41f4ee576dcb1b"],"timestamp":["1510196569"],"nonce":["1858034463"]}
2017-11-09 11:02:49.802 [http-apr-8080-exec-8] INFO  com.ray.weixin.qy.service.message.reply.ReplyMessageService - postData:<xml><ToUserName><![CDATA[ww92f5da92bb24696e]]></ToUserName><Encrypt><![CDATA[/nbHqDlO/w3oobH6xEs4hljhsM4nkzsT9q/YmVftBLkykjr5hwrbW41m1eRYc3eXRrlLcHaRiEOna3+E+ZtfuX9AJ86uSMUZgvmI2FwtCxNhss90ZyKCUGFncxOs8LmP4l7d0PIP4agqeuqqTG/l/+pSvWgz+QeyeJ8fs1lDJ7EdOfz9dP4ox0xTZ3osVODwm3jvWTkjmFVe/lIN+0RYU1XK73y8k7Xd2D/37GSNitxZ0dZjBJQb2GHybbAay7OjRdRyQFXG/Zhl9QaxLpOh1hH7NdRhBD7dbVWKtBTGvbVM3+mmEknj5FHmfyMWK5n9TqUMgH0CjD/FgmDRq4lpehfooAcGsZGGiiF2fnuB3O7JIF5t2a6iMWSdh1V9ilQevQ6xD6EJ96QRJg6b2lBTZ+umQ7FbTHDg4Hef1czQi+nCR6NByK0OgMAL2yR7vNHkcfisiT4bKYkF9r/Afymz01tuXMO1iSPsLV5UDRT9ouGgzIN27xwNZNltYvKOX7V5]]></Encrypt><AgentID><![CDATA[1000002]]></AgentID></xml>
2017-11-09 11:02:49.806 [http-apr-8080-exec-8] INFO  com.ray.weixin.qy.service.message.reply.ReplyMessageService - reply_xmlMsg:<xml><ToUserName><![CDATA[ww92f5da92bb24696e]]></ToUserName><FromUserName><![CDATA[ShiRui]]></FromUserName><CreateTime>1510196569</CreateTime><MsgType><![CDATA[event]]></MsgType><AgentID>1000002</AgentID><Event><![CDATA[LOCATION]]></Event><Latitude>31.1676</Latitude><Longitude>121.156</Longitude><Precision>15</Precision></xml>
2017-11-09 11:02:49.808 [http-apr-8080-exec-8] INFO  com.ray.weixin.qy.service.message.reply.ReplyMessageService - fromUserName:ShiRui
2017-11-09 11:02:49.809 [http-apr-8080-exec-8] INFO  com.ray.weixin.qy.service.message.reply.ReplyMessageService - toUserName:ww92f5da92bb24696e
2017-11-09 11:02:49.809 [http-apr-8080-exec-8] INFO  com.ray.weixin.qy.service.message.reply.ReplyMessageService - msgType:event
2017-11-09 11:02:49.809 [http-apr-8080-exec-8] INFO  com.ray.weixin.qy.service.message.reply.ReplyMessageService - Event:LOCATION  eventKey:null
2017-11-09 11:02:54.763 [http-apr-8080-exec-6] INFO  com.ray.weixin.qy.controller.WeiXinServlet - post--------------
2017-11-09 11:02:54.764 [http-apr-8080-exec-6] INFO  com.ray.weixin.qy.service.message.reply.ReplyMessageService - parms:{"msg_signature":["f260a6014a939b142f56a23625441c19d79d2ce7"],"timestamp":["1510196574"],"nonce":["773525342"]}
2017-11-09 11:02:54.764 [http-apr-8080-exec-6] INFO  com.ray.weixin.qy.service.message.reply.ReplyMessageService - postData:<xml><ToUserName><![CDATA[ww92f5da92bb24696e]]></ToUserName><Encrypt><![CDATA[+Nsrdqs0m+WnrrTmUVqaGbqVNP/sXktPTzjHd/r96MQ6wyVCCrJwZ/VX9IlJ2hbl1c4+iGDsWfugEOASGX7uvdbg8Ugfp3wEElApc8t8EnDSuu6KAPUWxa5+l3yEx0fuP9oYrYkRmdsfBn1mixfgNgNovzO/Qh/Yn0yfhC5k4NGn4SmOEFUi/zjhrDx+vjWL7FMG0IvcYUoHOZZGJMG4H91nhP2j/IwVSFNoxkpiaDKMt8Vd6acv/hbDVWeTlviIebBP6xsTVQfZzkBEFX8AGiJpG8tJQZtIdnAJTIbpCPp8ZDoSYEHhBrMYuewZcSjWzLyRagj/20KiPtWs0m58pvO6Yq3EJvH20UuiiiNtcM4RBrJVwwhxbHH0KnRPmdIPHUBLEX0zYe2U+bjahO+MPEtD0Y0REASE39JCFoi3zxRI+mg30biRQnqwjxD9AHP3bJ/39rw+NwxADDyX8Z4UegSNyCjWuExhM+sPh5u4XJDZFxFyE/bcwtelQOBZ0uSQ]]></Encrypt><AgentID><![CDATA[1000002]]></AgentID></xml>
2017-11-09 11:02:54.766 [http-apr-8080-exec-6] INFO  com.ray.weixin.qy.service.message.reply.ReplyMessageService - reply_xmlMsg:<xml><ToUserName><![CDATA[ww92f5da92bb24696e]]></ToUserName><FromUserName><![CDATA[ShiRui]]></FromUserName><CreateTime>1510196574</CreateTime><MsgType><![CDATA[event]]></MsgType><AgentID>1000002</AgentID><Event><![CDATA[LOCATION]]></Event><Latitude>31.1676</Latitude><Longitude>121.156</Longitude><Precision>15</Precision></xml>
2017-11-09 11:02:54.767 [http-apr-8080-exec-6] INFO  com.ray.weixin.qy.service.message.reply.ReplyMessageService - fromUserName:ShiRui
2017-11-09 11:02:54.767 [http-apr-8080-exec-6] INFO  com.ray.weixin.qy.service.message.reply.ReplyMessageService - toUserName:ww92f5da92bb24696e
2017-11-09 11:02:54.767 [http-apr-8080-exec-6] INFO  com.ray.weixin.qy.service.message.reply.ReplyMessageService - msgType:event
2017-11-09 11:02:54.767 [http-apr-8080-exec-6] INFO  com.ray.weixin.qy.service.message.reply.ReplyMessageService - Event:LOCATION  eventKey:null
2017-11-09 11:02:59.871 [http-apr-8080-exec-2] INFO  com.ray.weixin.qy.controller.WeiXinServlet - post--------------
2017-11-09 11:02:59.871 [http-apr-8080-exec-2] INFO  com.ray.weixin.qy.service.message.reply.ReplyMessageService - parms:{"msg_signature":["0f71d9adf00c8c9e090a97fd5c897fe4a03b7bee"],"timestamp":["1510196579"],"nonce":["1095769000"]}
2017-11-09 11:02:59.872 [http-apr-8080-exec-2] INFO  com.ray.weixin.qy.service.message.reply.ReplyMessageService - postData:<xml><ToUserName><![CDATA[ww92f5da92bb24696e]]></ToUserName><Encrypt><![CDATA[m5MgaeQx7uc8VkN8WFo5lWAlm9drSduSVO3p71FIzPZOAVk7tFYevmlbdJjnlQ4jvcV/sL+tS3an6hb+tgGiOWFmkixDCNRepuJ3wRxkxPUWQRnKJoG4IeT8sneh1pejfw2a6VpAGgbIxPhhBOsPNqe+bNgUzIiBUJ2gJkNimqqOSffdtMdTDsesaI7leb9p0/gc9bjOei29T6XFt3uUQNHWqCzMeTM3rJD621isv5GlACS4NXZum/rM2ndn7eSWSzEsdnNFSqpP5++9D59x7rusK2IJ9e6wD2fhlazQNTFrmcJtLEax4M4oXo4n3L+J15Ibh5SiQoDZGXx0psH8od3+bvggVaL+og8zWzoDKk8K2kW9oUXo9p4Oz1OxVQO//So5P9Hl8b+baIjumUhD6yy0hYf2944TZcW5ued8uCowSLKJRoyMx1CCGlzf0emmQojH3nuHAI1klAz8D4m8q8GcGTrFW4KgetTOk7/Vs4owI1qN4jghKutNpYD2NVbt]]></Encrypt><AgentID><![CDATA[1000002]]></AgentID></xml>
2017-11-09 11:02:59.874 [http-apr-8080-exec-2] INFO  com.ray.weixin.qy.service.message.reply.ReplyMessageService - reply_xmlMsg:<xml><ToUserName><![CDATA[ww92f5da92bb24696e]]></ToUserName><FromUserName><![CDATA[ShiRui]]></FromUserName><CreateTime>1510196579</CreateTime><MsgType><![CDATA[event]]></MsgType><AgentID>1000002</AgentID><Event><![CDATA[LOCATION]]></Event><Latitude>31.1676</Latitude><Longitude>121.156</Longitude><Precision>15</Precision></xml>
2017-11-09 11:02:59.877 [http-apr-8080-exec-2] INFO  com.ray.weixin.qy.service.message.reply.ReplyMessageService - fromUserName:ShiRui
2017-11-09 11:02:59.877 [http-apr-8080-exec-2] INFO  com.ray.weixin.qy.service.message.reply.ReplyMessageService - toUserName:ww92f5da92bb24696e
2017-11-09 11:02:59.877 [http-apr-8080-exec-2] INFO  com.ray.weixin.qy.service.message.reply.ReplyMessageService - msgType:event
2017-11-09 11:02:59.877 [http-apr-8080-exec-2] INFO  com.ray.weixin.qy.service.message.reply.ReplyMessageService - Event:LOCATION  eventKey:null
