2017-11-08 18:25:01.970 [http-apr-8080-exec-21] INFO  com.ray.weixin.qy.controller.WeiXinServlet - post--------------
2017-11-08 18:25:02.059 [http-apr-8080-exec-21] INFO  com.ray.weixin.qy.service.message.ReplyMessageService - parms:{"msg_signature":["7c342b08bf26d3bd6637d01efdbebe5776c91b48"],"timestamp":["1510136701"],"nonce":["1741039079"]}
2017-11-08 18:25:02.060 [http-apr-8080-exec-21] INFO  com.ray.weixin.qy.service.message.ReplyMessageService - decryptMsg_encrypt:false
2017-11-08 18:25:02.060 [http-apr-8080-exec-21] INFO  com.ray.weixin.qy.service.message.ReplyMessageService - postData:<xml><ToUserName><![CDATA[ww92f5da92bb24696e]]></ToUserName><Encrypt><![CDATA[3LXLeRicxZ6wGeWOXiJfoJxNq+CT3WpuoQ0PTsgrih55NdDWt/WO+Y/ZIkcBuipHxtHi4o0jJ50AhjZtqWUfZZEOmmAgO0Y+HsnS9jPfjAkk34IoYyQoCdXrRRcDVsYJZD4jDhzkLsWGbofEz6WO0+cNB2lb5JEgn8Xr95bI74nYQN8PyJEQoUp1CkHXeUpfr8G3iBOEBWJZ6Y6Da9AkWNG/9uOCSkFPpy/DnPgwLSlkQ7zOKsIOfcam3iC9pBsUzXDi9tzTTJitMtVzSb0eIWN7fkEETWcoIacSNfmAKvb3zekkZHzm4ctmqWpjxmkwaLVqcgLz8st1jDy+wrAfS8zOTNpNcQg8lxQXkkMl+KVcifAgn4uN117i35n+WCQcWGwlOxlWy9irXGXXxIzxP7dqB+Wes980BwDB/tzEsaSAmG+KsXRbtmSmCL5OERPICi/oONRJTQ1M9rcP4gH7IX3MAOiVJCLl4XQG2v1mV7fl1cM2huTuEUmzSDOSfUV0]]></Encrypt><AgentID><![CDATA[1000002]]></AgentID></xml>
2017-11-08 18:25:02.060 [http-apr-8080-exec-21] INFO  com.ray.weixin.qy.service.message.ReplyMessageService - 安全模式：消息被加密,encrypt=true
2017-11-08 18:25:02.093 [http-apr-8080-exec-21] INFO  com.ray.weixin.qy.service.message.ReplyMessageService - reply_xmlMsg:<xml><ToUserName><![CDATA[ww92f5da92bb24696e]]></ToUserName><FromUserName><![CDATA[ShiRui]]></FromUserName><CreateTime>1510136700</CreateTime><MsgType><![CDATA[event]]></MsgType><AgentID>1000002</AgentID><Event><![CDATA[LOCATION]]></Event><Latitude>31.1695</Latitude><Longitude>121.152</Longitude><Precision>0</Precision></xml>
2017-11-08 18:25:02.093 [http-apr-8080-exec-21] INFO  com.ray.weixin.qy.service.message.ReplyMessageService - encrypt:false
2017-11-08 18:25:02.281 [http-apr-8080-exec-21] INFO  com.ray.weixin.qy.service.message.ReplyMessageService - fromUserName:ShiRui
2017-11-08 18:25:02.281 [http-apr-8080-exec-21] INFO  com.ray.weixin.qy.service.message.ReplyMessageService - toUserName:ww92f5da92bb24696e
2017-11-08 18:25:02.281 [http-apr-8080-exec-21] INFO  com.ray.weixin.qy.service.message.ReplyMessageService - msgType:event
2017-11-08 18:25:02.281 [http-apr-8080-exec-21] INFO  com.ray.weixin.qy.service.message.ReplyMessageService - Event:LOCATION  eventKey:null
2017-11-08 18:25:17.258 [http-apr-8080-exec-24] INFO  com.ray.weixin.qy.controller.WeiXinServlet - post--------------
2017-11-08 18:25:17.260 [http-apr-8080-exec-24] INFO  com.ray.weixin.qy.service.message.ReplyMessageService - parms:{"msg_signature":["e670eafa02f5a85890b838f5443b6718b7dbc0ca"],"timestamp":["1510136716"],"nonce":["338801494"]}
2017-11-08 18:25:17.261 [http-apr-8080-exec-24] INFO  com.ray.weixin.qy.service.message.ReplyMessageService - decryptMsg_encrypt:false
2017-11-08 18:25:17.262 [http-apr-8080-exec-24] INFO  com.ray.weixin.qy.service.message.ReplyMessageService - postData:<xml><ToUserName><![CDATA[ww92f5da92bb24696e]]></ToUserName><Encrypt><![CDATA[vOgHSt364IjS2ZEiE8N7YstPFudYrLhHZyrfveGilTSBZF/5lCNBe/bIIbhVi+xNxsDXBS4GN9dQ7qdGE8ULvrFVT4Nos9lDwolcoYlGBJ14zyTvkWfKcJr+oNQD1H/lzb/HTV2aPXhNj7bgGX7tQ4h5iQviUZoLSohvmyR1Kmp8uLTDfdiRaxl4+iIPpYB3juoUPKZyZULIrCA72Z0dzMx4q8fxREA+a77Qi/MhMk+PduIaOWHqKywFW4+6MA2rZassNhHV2FtCvAVp0zDZ34buVj/c28tPdarQRY88KwvUyoTDh83+9BGU+r9Q6ohN3bXBUrG6k0zMfSx0i385UAWzv1UENUG5TfuHV2Q93ygIlCZwCtUdBXVzuUjjLAbVv8+vLNAOaTT6wQrHI3DbD7M26eyrgEUuRQzKtRYQQAQ=]]></Encrypt><AgentID><![CDATA[1000002]]></AgentID></xml>
2017-11-08 18:25:17.262 [http-apr-8080-exec-24] INFO  com.ray.weixin.qy.service.message.ReplyMessageService - 安全模式：消息被加密,encrypt=true
2017-11-08 18:25:17.269 [http-apr-8080-exec-24] INFO  com.ray.weixin.qy.service.message.ReplyMessageService - reply_xmlMsg:<xml><ToUserName><![CDATA[ww92f5da92bb24696e]]></ToUserName><FromUserName><![CDATA[ShiRui]]></FromUserName><CreateTime>1510136716</CreateTime><MsgType><![CDATA[text]]></MsgType><Content><![CDATA[..……]]></Content><MsgId>355385428</MsgId><AgentID>1000002</AgentID></xml>
2017-11-08 18:25:17.270 [http-apr-8080-exec-24] INFO  com.ray.weixin.qy.service.message.ReplyMessageService - encrypt:false
2017-11-08 18:25:17.274 [http-apr-8080-exec-24] INFO  com.ray.weixin.qy.service.message.ReplyMessageService - fromUserName:ShiRui
2017-11-08 18:25:17.274 [http-apr-8080-exec-24] INFO  com.ray.weixin.qy.service.message.ReplyMessageService - toUserName:ww92f5da92bb24696e
2017-11-08 18:25:17.274 [http-apr-8080-exec-24] INFO  com.ray.weixin.qy.service.message.ReplyMessageService - msgType:text
2017-11-08 18:25:17.275 [http-apr-8080-exec-24] INFO  com.ray.weixin.qy.service.message.ReplyMessageService - Event:null  eventKey:null
