2017-11-09 14:19:21.826 [http-apr-8080-exec-5] INFO  com.ray.weixin.qy.util.AuthHelper - jsonObject:{"errcode":0,"access_token":"ZOJ3RCym--7oan0FJRpUghR5FMT3t_PsVCi9MrJ7PkNi0Z_MxYwjR6mKIjkeU2V-fEypmP6L0ja-6dgYSWBBsfToJPJDWpPrmA0CWfhZEbX02WmyrNutPeecHG9NmA4BtMPWbTFHYRwkajzRw0ew6X43h6qpEddkRtri8x-mpNS3wJyBv-AIagdVKtRVaEF0wsTM5K20aHm3C2LW22F77g","errmsg":"ok","expires_in":7200}
2017-11-09 14:19:24.627 [http-apr-8080-exec-5] INFO  com.ray.weixin.qy.util.AuthHelper - jsonObject:{"errcode":0,"ticket":"kgt8ON7yVITDhtdwci0qebCLEfC_BfeygIq8cFPLbdbLUB0ucTHlJV0WpqmPsf-bnohhyeIsTh5Urv920HkAVA","errmsg":"ok","expires_in":7200}
2017-11-09 14:19:24.628 [http-apr-8080-exec-5] INFO  com.ray.weixin.qy.util.AuthHelper - url:http://localhost:8080/weixin_qy/showInvoice.jsp
2017-11-09 14:19:24.631 [http-apr-8080-exec-5] INFO  com.ray.weixin.qy.util.AuthHelper - accessToken:ZOJ3RCym--7oan0FJRpUghR5FMT3t_PsVCi9MrJ7PkNi0Z_MxYwjR6mKIjkeU2V-fEypmP6L0ja-6dgYSWBBsfToJPJDWpPrmA0CWfhZEbX02WmyrNutPeecHG9NmA4BtMPWbTFHYRwkajzRw0ew6X43h6qpEddkRtri8x-mpNS3wJyBv-AIagdVKtRVaEF0wsTM5K20aHm3C2LW22F77g
2017-11-09 14:19:24.631 [http-apr-8080-exec-5] INFO  com.ray.weixin.qy.util.AuthHelper - jsapi_ticket:kgt8ON7yVITDhtdwci0qebCLEfC_BfeygIq8cFPLbdbLUB0ucTHlJV0WpqmPsf-bnohhyeIsTh5Urv920HkAVA
2017-11-09 14:19:24.631 [http-apr-8080-exec-5] INFO  com.ray.weixin.qy.util.AuthHelper - appId:ww92f5da92bb24696e
2017-11-09 14:19:24.632 [http-apr-8080-exec-5] INFO  com.ray.weixin.qy.util.AuthHelper - timestamp:1510208350
2017-11-09 14:19:24.632 [http-apr-8080-exec-5] INFO  com.ray.weixin.qy.util.AuthHelper - nonceStr:c454921a-a87c-403c-ac5d-55c5aa7d7d02
2017-11-09 14:19:24.632 [http-apr-8080-exec-5] INFO  com.ray.weixin.qy.util.AuthHelper - signature:a3fb98129971e13d6877adce1ae36ffed6d4175c
2017-11-09 14:19:24.633 [http-apr-8080-exec-5] INFO  com.ray.weixin.qy.util.AuthHelper - configValue:{"signature":"a3fb98129971e13d6877adce1ae36ffed6d4175c","appId":"ww92f5da92bb24696e","nonceStr":"c454921a-a87c-403c-ac5d-55c5aa7d7d02","timestamp":"1510208350"}
2017-11-09 14:19:27.853 [http-apr-8080-exec-5] INFO  com.ray.weixin.qy.util.AuthHelper - jsonObject:{"errcode":0,"access_token":"ZOJ3RCym--7oan0FJRpUghR5FMT3t_PsVCi9MrJ7PkNi0Z_MxYwjR6mKIjkeU2V-fEypmP6L0ja-6dgYSWBBsfToJPJDWpPrmA0CWfhZEbX02WmyrNutPeecHG9NmA4BtMPWbTFHYRwkajzRw0ew6X43h6qpEddkRtri8x-mpNS3wJyBv-AIagdVKtRVaEF0wsTM5K20aHm3C2LW22F77g","errmsg":"ok","expires_in":7200}
2017-11-09 14:19:28.395 [http-apr-8080-exec-5] INFO  com.ray.weixin.qy.util.AuthHelper - jsonObject:{"errcode":0,"ticket":"IpK_1T69hDhZkLQTlwsAXwPIgjZ1z6yuhHmi_IRriCiAUXMUlMDNbEIhkpqFO4J1s_HeDMkJ6uMtAqaoeeIwVg","group_id":"","errmsg":"ok","expires_in":7200}
2017-11-09 14:19:28.396 [http-apr-8080-exec-5] INFO  com.ray.weixin.qy.util.AuthHelper - apiTicket:IpK_1T69hDhZkLQTlwsAXwPIgjZ1z6yuhHmi_IRriCiAUXMUlMDNbEIhkpqFO4J1s_HeDMkJ6uMtAqaoeeIwVg
2017-11-09 14:19:28.396 [http-apr-8080-exec-5] INFO  com.ray.weixin.qy.util.AuthHelper - appId:ww92f5da92bb24696e
2017-11-09 14:19:28.396 [http-apr-8080-exec-5] INFO  com.ray.weixin.qy.util.AuthHelper - timeStamp:1510208368
2017-11-09 14:19:28.396 [http-apr-8080-exec-5] INFO  com.ray.weixin.qy.util.AuthHelper - nonceStr:bb79a1e1-8c46-447b-b7b3-df4b894f4021
2017-11-09 14:19:28.397 [http-apr-8080-exec-5] INFO  com.ray.weixin.qy.util.AuthHelper - cardType:INVOICE
2017-11-09 14:19:28.397 [http-apr-8080-exec-5] INFO  com.ray.weixin.qy.util.AuthHelper - cardSign:865e54f1f01d0db7c0071f24b0ac41bc10380468
2017-11-09 14:19:28.397 [http-apr-8080-exec-5] INFO  com.ray.weixin.qy.util.AuthHelper - signType:SHA1
2017-11-09 14:19:28.397 [http-apr-8080-exec-5] INFO  com.ray.weixin.qy.util.AuthHelper - configValue:{"signType":"SHA1","cardSign":"865e54f1f01d0db7c0071f24b0ac41bc10380468","nonceStr":"bb79a1e1-8c46-447b-b7b3-df4b894f4021","timestamp":"1510208368"}
