2017-11-15 15:53:14.585 [http-apr-8080-exec-2] INFO  com.ray.weixin.gz.controller.WeiXinServlet - post--------------
2017-11-15 15:53:14.749 [http-apr-8080-exec-2] INFO  com.ray.weixin.gz.service.message.ReplyMessageService - parms:{"signature":["c6035c91753126370b5b5a676bd02c6c2bfbd472"],"timestamp":["1510732392"],"nonce":["766302054"],"openid":["o1M7_1TLByH8H1T7XCIj23Roo5yU"],"encrypt_type":["aes"],"msg_signature":["73ad058d0e4031aef25ad79661518dcc3a7b531e"]}
2017-11-15 15:53:14.750 [http-apr-8080-exec-2] INFO  com.ray.weixin.gz.service.message.ReplyMessageService - postData:<xml>    <ToUserName><![CDATA[gh_8903be978f8b]]></ToUserName>    <Encrypt><![CDATA[/uvyOuixOiOLlWY7e8n1RAqpuo3TXKDyYw1H5sr4GgT1Bh/Fw1hAbzVQ8zsNCYzcXbRzEveBhOTJS4BeICn54dPVImeUZQC5nXjdRTbxNtZxI+i1V6IM4MObAmSE52diGHQrLHwsg3pzMzzxFICQJPlQ7pO9pbsWpeeIQkO3vfp9xMWl1p9fHfVM4t+RGhR5yAdpzv9eBlBtALD0bTblORXZtecC2VWGZOKYYHPBwAvs5hIHlH6ZEadzi4CQAlRscqgyn2jVZ838GfQmJY0vZRSPQI5rpfGlbRb4fOx6o7opvSHQTkV7DX9V+JloGwqk3pt/2en6xGPZnEaw7z+t2bTblWYHbZR/BLqZrfDIcDtR5IVq7iMziXMirfzStxPYek7cH3QKpzIt26lNABjuzH+vt5thHwl3l5jx2yc/7bk93aDRLmtkG4/ttUxWzY1f5dENOHowSJjqjl9+42x5CmlMPxmqmrDaSswu1XMC4gLNReXQRhYEH9TIlkAqhV/xd6EVpDk/NlM5Cj4e8jaJgFhg5TO0T+wTpm/3g0wR0fBd9dNX3XUHaj/s4AitKRashFGgaqsnlXbLJmeh21eMI5vpDMgiCKYZAkTWiJURpO7Kr0hXesvLWGbPL8eFyGV1fn5/CVHpjVEnZqrLA/LvJ9+WAm1aS80qRSsTrQjHoP1vMQaKULV2B1G+3+/WEh2rnFUKXV8vwpFXxTIgg4Kn/2V72ENAR9Lt9DEauiYnWgeGbyV3InTL+2DCYNuITKM/Jl2ALlqOR7HW7kreqAqohwvo2+/XOFu5MM3qwC1Ir+OkjgcxmSbzuiKdWCWZVY4kuwGsCkq4KtxSzW+LB77+PsS0ZC6WD61p9hur/qfPlMagLW/ru2pAg0e30GksZnVR]]></Encrypt></xml>
2017-11-15 15:53:14.752 [http-apr-8080-exec-2] INFO  com.ray.weixin.gz.service.message.ReplyMessageService - 安全模式：消息被加密
2017-11-15 15:53:14.852 [http-apr-8080-exec-2] INFO  com.ray.weixin.gz.service.message.ReplyMessageService - <xml><ToUserName><![CDATA[gh_8903be978f8b]]></ToUserName>
<FromUserName><![CDATA[o1M7_1TLByH8H1T7XCIj23Roo5yU]]></FromUserName>
<CreateTime>1510732392</CreateTime>
<MsgType><![CDATA[event]]></MsgType>
<Event><![CDATA[VIEW]]></Event>
<EventKey><![CDATA[https://mp.weixin.qq.com/bizmall/authinvoice?action=list&s_pappid=d3hhMDA2NGVhNjU3ZjgwMDYyX0s22HY1myAuWWro7q-FsX8KWzrWiEgI8Ngqa3-W6dQ4&appid=wxa0064ea657f80062&num=1&o1=1234&m1=11&t1=1510036149&source=web&type=1&redirect_url=https%3A%2F%2Fmp.weixin.qq.com&signature=9aa88c3a4587f51397703a7838cd2fcaa60abb38#wechat_redirect]]></EventKey>
<MenuId>450181554</MenuId>
</xml>
2017-11-15 15:53:15.305 [http-apr-8080-exec-2] INFO  com.ray.weixin.gz.service.message.ReplyMessageService - fromUserName:o1M7_1TLByH8H1T7XCIj23Roo5yU
2017-11-15 15:53:15.305 [http-apr-8080-exec-2] INFO  com.ray.weixin.gz.service.message.ReplyMessageService - toUserName:gh_8903be978f8b
2017-11-15 15:53:15.306 [http-apr-8080-exec-2] INFO  com.ray.weixin.gz.service.message.ReplyMessageService - msgType:event
2017-11-15 15:53:15.306 [http-apr-8080-exec-2] INFO  com.ray.weixin.gz.service.message.ReplyMessageService - Event:VIEW  eventKey:https://mp.weixin.qq.com/bizmall/authinvoice?action=list&s_pappid=d3hhMDA2NGVhNjU3ZjgwMDYyX0s22HY1myAuWWro7q-FsX8KWzrWiEgI8Ngqa3-W6dQ4&appid=wxa0064ea657f80062&num=1&o1=1234&m1=11&t1=1510036149&source=web&type=1&redirect_url=https%3A%2F%2Fmp.weixin.qq.com&signature=9aa88c3a4587f51397703a7838cd2fcaa60abb38#wechat_redirect
2017-11-15 15:53:17.766 [http-apr-8080-exec-4] INFO  com.ray.weixin.gz.controller.WeiXinServlet - post--------------
2017-11-15 15:53:17.770 [http-apr-8080-exec-4] INFO  com.ray.weixin.gz.service.message.ReplyMessageService - parms:{"signature":["41a2587c047600eee71d504b014322f68cc1861f"],"timestamp":["1510732396"],"nonce":["730840481"],"openid":["o1M7_1TLByH8H1T7XCIj23Roo5yU"],"encrypt_type":["aes"],"msg_signature":["142d79e337895174aa294a5c7b6d798b7d0cc7f7"]}
2017-11-15 15:53:17.772 [http-apr-8080-exec-4] INFO  com.ray.weixin.gz.service.message.ReplyMessageService - postData:<xml>    <ToUserName><![CDATA[gh_8903be978f8b]]></ToUserName>    <Encrypt><![CDATA[0U7FCJPxdEV4bhRlfkHc1LuQ7PaaZTITJQz4xvzAMvHAxbvvW0Brbbn2KkN6wCGMe0fZ2bd7C5SW+yZ2VEp8vYsaf63tWtmV69QgwsCo9xKcsqUKYFMdUdepGs8xbCfDY13Ys7ZAqu8ITWBtHnxxmZFfgyrjx+nQdzFWztxEksqjTZhPmoYgWPpag4CKv4LONcKqsllAiIGVFxGNBPsWZLH5nl0/7ZJRHrN6yEPDLSAVX+d2OwO5Fyp+lVBbU/o7LSUayw0hgAe/HWerXFUCmxNWFqkfUKrNm5Pozwgf5+1uWmajEXuj2UzAsAhwDIytDB3wrvF3TMWaStiJMGDky+2fQgQuInpGsMrCmDtxJdxyZnC5sGzEx2Qk+bmv9HtADDRV3lNLBjSE7BFz9VDhEk2b8BclNGg4UiQ1VGvA2aH0XRfw2n5EZgLVl1GsNM1fwWZ9PN5cRpc7HV2O2Of5DSthUqc2yUIk3xPknAt5UF9Kt9fiVQjWjY3S5j4lUo3MXUeaxrwCCFre34otKdVF2nZyWF1d+fjQVuFUZL0u/54=]]></Encrypt></xml>
2017-11-15 15:53:17.773 [http-apr-8080-exec-4] INFO  com.ray.weixin.gz.service.message.ReplyMessageService - 安全模式：消息被加密
2017-11-15 15:53:17.793 [http-apr-8080-exec-4] INFO  com.ray.weixin.gz.service.message.ReplyMessageService - <xml><ToUserName><![CDATA[gh_8903be978f8b]]></ToUserName>
<FromUserName><![CDATA[o1M7_1TLByH8H1T7XCIj23Roo5yU]]></FromUserName>
<CreateTime>1510732396</CreateTime>
<MsgType><![CDATA[event]]></MsgType>
<Event><![CDATA[VIEW]]></Event>
<EventKey><![CDATA[http://rayner.nat300.top/weixin_gz/showInvoice.jsp]]></EventKey>
<MenuId>450181554</MenuId>
</xml>
2017-11-15 15:53:17.799 [http-apr-8080-exec-4] INFO  com.ray.weixin.gz.service.message.ReplyMessageService - fromUserName:o1M7_1TLByH8H1T7XCIj23Roo5yU
2017-11-15 15:53:17.800 [http-apr-8080-exec-4] INFO  com.ray.weixin.gz.service.message.ReplyMessageService - toUserName:gh_8903be978f8b
2017-11-15 15:53:17.801 [http-apr-8080-exec-4] INFO  com.ray.weixin.gz.service.message.ReplyMessageService - msgType:event
2017-11-15 15:53:17.801 [http-apr-8080-exec-4] INFO  com.ray.weixin.gz.service.message.ReplyMessageService - Event:VIEW  eventKey:http://rayner.nat300.top/weixin_gz/showInvoice.jsp
2017-11-15 15:53:19.298 [http-apr-8080-exec-6] INFO  com.ray.weixin.gz.util.AuthHelper - jsonObject:{"access_token":"mOccxKZkSTjgCQAoHScWv24eOt6rMAEhdk3ZbXlXv-L6yJQnPIiLro6hOJDWgHk7hLEJswpDH-_QYSG0ODxX2TeHtGk3h8HtVdeHRqn69AoEFEaAIAABA","expires_in":7200}
2017-11-15 15:53:19.393 [http-apr-8080-exec-6] INFO  com.ray.weixin.gz.util.AuthHelper - jsonObject:{"errcode":0,"ticket":"HoagFKDcsGMVCIY2vOjf9mrEXbwXSbqpUm0898_LsZhfWowrJV-9wOxwAgoPTOhdqfiAJVBhU9J6pQbGq-WKag","errmsg":"ok","expires_in":7200}
2017-11-15 15:53:19.394 [http-apr-8080-exec-6] INFO  com.ray.weixin.gz.util.AuthHelper - accessToken:mOccxKZkSTjgCQAoHScWv24eOt6rMAEhdk3ZbXlXv-L6yJQnPIiLro6hOJDWgHk7hLEJswpDH-_QYSG0ODxX2TeHtGk3h8HtVdeHRqn69AoEFEaAIAABA
2017-11-15 15:53:19.394 [http-apr-8080-exec-6] INFO  com.ray.weixin.gz.util.AuthHelper - ticket:HoagFKDcsGMVCIY2vOjf9mrEXbwXSbqpUm0898_LsZhfWowrJV-9wOxwAgoPTOhdqfiAJVBhU9J6pQbGq-WKag
2017-11-15 15:53:19.394 [http-apr-8080-exec-6] INFO  com.ray.weixin.gz.util.AuthHelper - nonceStr:edcd1656-16e4-44f0-bb73-cf15dd32d719
2017-11-15 15:53:19.395 [http-apr-8080-exec-6] INFO  com.ray.weixin.gz.util.AuthHelper - timeStamp:1510732397
2017-11-15 15:53:19.395 [http-apr-8080-exec-6] INFO  com.ray.weixin.gz.util.AuthHelper - signedUrl:http://rayner.nat300.top/weixin_gz/showInvoice.jsp
2017-11-15 15:53:19.395 [http-apr-8080-exec-6] INFO  com.ray.weixin.gz.util.AuthHelper - signature:28e4b8a458fe1caab66d5df86b79ebb0f7b1e14f
2017-11-15 15:53:19.396 [http-apr-8080-exec-6] INFO  com.ray.weixin.gz.util.AuthHelper - appId:wx07c4d9d0895fe212
2017-11-15 15:53:19.396 [http-apr-8080-exec-6] INFO  com.ray.weixin.gz.util.AuthHelper - configValue:{signature:'28e4b8a458fe1caab66d5df86b79ebb0f7b1e14f',nonceStr:'edcd1656-16e4-44f0-bb73-cf15dd32d719',timeStamp:'1510732397',appId:'wx07c4d9d0895fe212'}
2017-11-15 15:53:19.496 [http-apr-8080-exec-6] INFO  com.ray.weixin.gz.util.AuthHelper - jsonObject:{"access_token":"mOccxKZkSTjgCQAoHScWv24eOt6rMAEhdk3ZbXlXv-J47fw-VV4pbHXlYw6qf5GJEHPZmETsr4LZMT-ULGxw03YbhuF_rNMfkB7Mu_y8nw8KHCaAIAEBW","expires_in":7200}
2017-11-15 15:53:19.630 [http-apr-8080-exec-6] INFO  com.ray.weixin.gz.service.invoice.InvoiceService - jsonObject:{"errcode":0,"ticket":"9KwiourQPRN3vx3Nn1c_iXCh-5F7rD5UiR6FRkNziS3cx4b8Yjpce58MCsslS5Cu43H8pvgbGMFfDvtxfdImxg","errmsg":"ok","expires_in":7200}
2017-11-15 15:53:19.632 [http-apr-8080-exec-6] INFO  com.ray.weixin.gz.util.AuthHelper - apiTicket:9KwiourQPRN3vx3Nn1c_iXCh-5F7rD5UiR6FRkNziS3cx4b8Yjpce58MCsslS5Cu43H8pvgbGMFfDvtxfdImxg
2017-11-15 15:53:19.632 [http-apr-8080-exec-6] INFO  com.ray.weixin.gz.util.AuthHelper - appId:wx07c4d9d0895fe212
2017-11-15 15:53:19.634 [http-apr-8080-exec-6] INFO  com.ray.weixin.gz.util.AuthHelper - timeStamp:1510732399
2017-11-15 15:53:19.634 [http-apr-8080-exec-6] INFO  com.ray.weixin.gz.util.AuthHelper - nonceStr:e4443628-cfb3-4138-b536-8a7ea9a4224d
2017-11-15 15:53:19.635 [http-apr-8080-exec-6] INFO  com.ray.weixin.gz.util.AuthHelper - cardType:INVOICE
2017-11-15 15:53:19.635 [http-apr-8080-exec-6] INFO  com.ray.weixin.gz.util.AuthHelper - cardSign:f9df3a9bf8c1ce79775ac61520884a2bf8562964
2017-11-15 15:53:19.636 [http-apr-8080-exec-6] INFO  com.ray.weixin.gz.util.AuthHelper - signType:SHA1
2017-11-15 15:53:19.637 [http-apr-8080-exec-6] INFO  com.ray.weixin.gz.util.AuthHelper - configValue:{"signType":"SHA1","cardSign":"f9df3a9bf8c1ce79775ac61520884a2bf8562964","nonceStr":"e4443628-cfb3-4138-b536-8a7ea9a4224d","timestamp":"1510732399"}
2017-11-15 15:53:54.373 [http-apr-8080-exec-3] INFO  com.ray.weixin.gz.controller.WeiXinServlet - post--------------
2017-11-15 15:53:54.374 [http-apr-8080-exec-3] INFO  com.ray.weixin.gz.service.message.ReplyMessageService - parms:{"signature":["0f24676483c95a7f01037dedd3568af692482624"],"timestamp":["1510732433"],"nonce":["766867771"],"openid":["o1M7_1TLByH8H1T7XCIj23Roo5yU"],"encrypt_type":["aes"],"msg_signature":["4ba3be5daa0c7b36e2157d5a0efc2a638156d81b"]}
2017-11-15 15:53:54.375 [http-apr-8080-exec-3] INFO  com.ray.weixin.gz.service.message.ReplyMessageService - postData:<xml>    <ToUserName><![CDATA[gh_8903be978f8b]]></ToUserName>    <Encrypt><![CDATA[srosyCtu4YIsiy7TTDdYX+WJCo7Yk5inGSHbAC5EbiEL/UYgqX92/aGCP/Y5nydWy9qtkkpqpQ/khACo9OWAmsSMr2YqG4Rv1yKR/MALbQgIsFPjpsuSXAF9GBERtiLmHNW2OZaAk+WQVIbt4LYadPG6yUs9ZqWzkdHHWeUDR2D/QYdeNcbU1vFYM4bATKObjs0hPc4wmYLuiat34Jjzi9Y3eewezz+ZB8T0EFbHRKQOKbn3deDPjhKg/AbHBapzizNsFaQu6BXy+hP5zBNqsin7Ypdnsp0RCP59ooOam34D7PFU8zUEDJSVYfKOqC2Z+x4iC2MDAHVuBcTfTAMwhVu0KX1C+cr1TH+OVKi9YNmt55J8COhenxMMCanU86fB6sDKhoj+PwmMzMy8zJNqQYc6Rq736AEoRV5b1PWQ9ZZtxYzgukcdlFdMLDk3uzcXRmTefuFC5Yp/bniHty8NZZUW/dMK+0j3iuhkM8ORRu2FKOMbAlXwZn/ffJo0cQ/lxuNXBVssdLA7GRkWX7R2c3gPVLKiD0HgYsw6JEvLuRU=]]></Encrypt></xml>
2017-11-15 15:53:54.376 [http-apr-8080-exec-3] INFO  com.ray.weixin.gz.service.message.ReplyMessageService - 安全模式：消息被加密
2017-11-15 15:53:54.384 [http-apr-8080-exec-3] INFO  com.ray.weixin.gz.service.message.ReplyMessageService - <xml><ToUserName><![CDATA[gh_8903be978f8b]]></ToUserName>
<FromUserName><![CDATA[o1M7_1TLByH8H1T7XCIj23Roo5yU]]></FromUserName>
<CreateTime>1510732433</CreateTime>
<MsgType><![CDATA[event]]></MsgType>
<Event><![CDATA[VIEW]]></Event>
<EventKey><![CDATA[http://rayner.nat300.top/weixin_gz/showInvoice.jsp]]></EventKey>
<MenuId>450181554</MenuId>
</xml>
2017-11-15 15:53:54.388 [http-apr-8080-exec-3] INFO  com.ray.weixin.gz.service.message.ReplyMessageService - fromUserName:o1M7_1TLByH8H1T7XCIj23Roo5yU
2017-11-15 15:53:54.388 [http-apr-8080-exec-3] INFO  com.ray.weixin.gz.service.message.ReplyMessageService - toUserName:gh_8903be978f8b
2017-11-15 15:53:54.388 [http-apr-8080-exec-3] INFO  com.ray.weixin.gz.service.message.ReplyMessageService - msgType:event
2017-11-15 15:53:54.389 [http-apr-8080-exec-3] INFO  com.ray.weixin.gz.service.message.ReplyMessageService - Event:VIEW  eventKey:http://rayner.nat300.top/weixin_gz/showInvoice.jsp
2017-11-15 15:53:54.480 [http-apr-8080-exec-1] INFO  com.ray.weixin.gz.util.AuthHelper - jsonObject:{"access_token":"bG6bLassbFykoc4MA43QuF9qdGsUe7dOizGzNI7Alj2EP-IB15T095Xs2V34n_CVIYIM5vyZz0AJZ8uP4U49jgCeQAdcl3BDOgykBMJi3dX56JUAcM2zW4TXd0SQcQbTNJIfADAJFE","expires_in":7200}
2017-11-15 15:53:54.560 [http-apr-8080-exec-1] INFO  com.ray.weixin.gz.util.AuthHelper - jsonObject:{"errcode":0,"ticket":"HoagFKDcsGMVCIY2vOjf9mrEXbwXSbqpUm0898_LsZhfWowrJV-9wOxwAgoPTOhdqfiAJVBhU9J6pQbGq-WKag","errmsg":"ok","expires_in":7200}
2017-11-15 15:53:54.561 [http-apr-8080-exec-1] INFO  com.ray.weixin.gz.util.AuthHelper - accessToken:bG6bLassbFykoc4MA43QuF9qdGsUe7dOizGzNI7Alj2EP-IB15T095Xs2V34n_CVIYIM5vyZz0AJZ8uP4U49jgCeQAdcl3BDOgykBMJi3dX56JUAcM2zW4TXd0SQcQbTNJIfADAJFE
2017-11-15 15:53:54.561 [http-apr-8080-exec-1] INFO  com.ray.weixin.gz.util.AuthHelper - ticket:HoagFKDcsGMVCIY2vOjf9mrEXbwXSbqpUm0898_LsZhfWowrJV-9wOxwAgoPTOhdqfiAJVBhU9J6pQbGq-WKag
2017-11-15 15:53:54.561 [http-apr-8080-exec-1] INFO  com.ray.weixin.gz.util.AuthHelper - nonceStr:104f8544-c967-4c13-90d1-7768690ef3bd
2017-11-15 15:53:54.562 [http-apr-8080-exec-1] INFO  com.ray.weixin.gz.util.AuthHelper - timeStamp:1510732434
2017-11-15 15:53:54.562 [http-apr-8080-exec-1] INFO  com.ray.weixin.gz.util.AuthHelper - signedUrl:http://rayner.nat300.top/weixin_gz/showInvoice.jsp
2017-11-15 15:53:54.562 [http-apr-8080-exec-1] INFO  com.ray.weixin.gz.util.AuthHelper - signature:9c80009e5ecfe238ba99f9459b210751c1f75310
2017-11-15 15:53:54.562 [http-apr-8080-exec-1] INFO  com.ray.weixin.gz.util.AuthHelper - appId:wx07c4d9d0895fe212
2017-11-15 15:53:54.563 [http-apr-8080-exec-1] INFO  com.ray.weixin.gz.util.AuthHelper - configValue:{signature:'9c80009e5ecfe238ba99f9459b210751c1f75310',nonceStr:'104f8544-c967-4c13-90d1-7768690ef3bd',timeStamp:'1510732434',appId:'wx07c4d9d0895fe212'}
2017-11-15 15:53:54.666 [http-apr-8080-exec-1] INFO  com.ray.weixin.gz.util.AuthHelper - jsonObject:{"access_token":"bG6bLassbFykoc4MA43QuF9qdGsUe7dOizGzNI7Alj3kaIv5e2vBX6EI_wOZMVbX0ltkj8z-MzF5iOcKfB53Aca4RgHdAs9szj-9ij1Axdt1wDT_w1ZCT5u5SbafCWf5LPVfADAWAG","expires_in":7200}
2017-11-15 15:53:54.777 [http-apr-8080-exec-1] INFO  com.ray.weixin.gz.service.invoice.InvoiceService - jsonObject:{"errcode":0,"ticket":"9KwiourQPRN3vx3Nn1c_iXCh-5F7rD5UiR6FRkNziS3cx4b8Yjpce58MCsslS5Cu43H8pvgbGMFfDvtxfdImxg","errmsg":"ok","expires_in":7200}
2017-11-15 15:53:54.779 [http-apr-8080-exec-1] INFO  com.ray.weixin.gz.util.AuthHelper - apiTicket:9KwiourQPRN3vx3Nn1c_iXCh-5F7rD5UiR6FRkNziS3cx4b8Yjpce58MCsslS5Cu43H8pvgbGMFfDvtxfdImxg
2017-11-15 15:53:54.779 [http-apr-8080-exec-1] INFO  com.ray.weixin.gz.util.AuthHelper - appId:wx07c4d9d0895fe212
2017-11-15 15:53:54.779 [http-apr-8080-exec-1] INFO  com.ray.weixin.gz.util.AuthHelper - timeStamp:1510732434
2017-11-15 15:53:54.780 [http-apr-8080-exec-1] INFO  com.ray.weixin.gz.util.AuthHelper - nonceStr:2a7a9ef5-8930-45aa-acae-39d93ed9da95
2017-11-15 15:53:54.780 [http-apr-8080-exec-1] INFO  com.ray.weixin.gz.util.AuthHelper - cardType:INVOICE
2017-11-15 15:53:54.781 [http-apr-8080-exec-1] INFO  com.ray.weixin.gz.util.AuthHelper - cardSign:836aef7e24e87fe027fc22b78d6b68cc017d1e53
2017-11-15 15:53:54.781 [http-apr-8080-exec-1] INFO  com.ray.weixin.gz.util.AuthHelper - signType:SHA1
2017-11-15 15:53:54.782 [http-apr-8080-exec-1] INFO  com.ray.weixin.gz.util.AuthHelper - configValue:{"signType":"SHA1","cardSign":"836aef7e24e87fe027fc22b78d6b68cc017d1e53","nonceStr":"2a7a9ef5-8930-45aa-acae-39d93ed9da95","timestamp":"1510732434"}
