2017-11-08 19:45:01.926 [http-apr-8080-exec-76] INFO  com.ray.weixin.qy.controller.WeiXinServlet - post--------------
2017-11-08 19:45:01.939 [http-apr-8080-exec-76] INFO  com.ray.weixin.qy.service.message.reply.ReplyMessageService - parms:{"msg_signature":["9acba40ca4ffb263d0c905151dc5a29d31972dec"],"timestamp":["1510141501"],"nonce":["1305193279"]}
2017-11-08 19:45:01.940 [http-apr-8080-exec-76] INFO  com.ray.weixin.qy.service.message.reply.ReplyMessageService - postData:<xml><ToUserName><![CDATA[ww92f5da92bb24696e]]></ToUserName><Encrypt><![CDATA[wMgyJ7nQsBMewe800T+Lw64mVwwUi640ethnRVXPkO5kXUQeW0mBuPMtaxiNMakyc/CsHtvoahcC1r7MbMG1ZeYcs7Db7dvHcmrk5tUvZwZBxIBiNDozqyX4i6nT5rDoKxySkbhnBZIu2ENU4tUY58PRAxng7PRP4EG/Ssyx/FyVKYv60pBf4LVSy29TikXN3rURpTSmdF/xya2Cv7LCItpk+iXuKL5s4u9DlTuUTmI2fqXzMDkRD6y+oBVBZ5mRVcPFAFzoJtT9fLiLKF/W5tj1/xn2zmpx4kbi+X6Ofr4X/5mNDfnTIRwn7dTF85TmpypVv80fYKjXo3tQz47XZF6ucOSK3V9O7cLZjGFBcOApUZ+3JoQ+wDwdthmYwKoAQ1hHz0qHt6FRXeHiUMIkyBcLSqEVXqN1RmRzIhXUunuoGGVmZ2OoXIueQfhw2D+TEfkN8AtetUK9jOXGoANKsga7oy3DtpRlZ/gzVFAcomqD8Uz+rxIguDNthqUk541x]]></Encrypt><AgentID><![CDATA[1000002]]></AgentID></xml>
2017-11-08 19:45:01.943 [http-apr-8080-exec-76] INFO  com.ray.weixin.qy.service.message.reply.ReplyMessageService - reply_xmlMsg:<xml><ToUserName><![CDATA[ww92f5da92bb24696e]]></ToUserName><FromUserName><![CDATA[ShiRui]]></FromUserName><CreateTime>1510141501</CreateTime><MsgType><![CDATA[event]]></MsgType><AgentID>1000002</AgentID><Event><![CDATA[LOCATION]]></Event><Latitude>31.1676</Latitude><Longitude>121.156</Longitude><Precision>15</Precision></xml>
2017-11-08 19:45:01.945 [http-apr-8080-exec-76] INFO  com.ray.weixin.qy.service.message.reply.ReplyMessageService - fromUserName:ShiRui
2017-11-08 19:45:01.945 [http-apr-8080-exec-76] INFO  com.ray.weixin.qy.service.message.reply.ReplyMessageService - toUserName:ww92f5da92bb24696e
2017-11-08 19:45:01.945 [http-apr-8080-exec-76] INFO  com.ray.weixin.qy.service.message.reply.ReplyMessageService - msgType:event
2017-11-08 19:45:01.947 [http-apr-8080-exec-76] INFO  com.ray.weixin.qy.service.message.reply.ReplyMessageService - Event:LOCATION  eventKey:null
2017-11-08 19:45:16.285 [http-apr-8080-exec-77] INFO  com.ray.weixin.qy.controller.WeiXinServlet - post--------------
2017-11-08 19:45:16.286 [http-apr-8080-exec-77] INFO  com.ray.weixin.qy.service.message.reply.ReplyMessageService - parms:{"msg_signature":["e116374263a03fab647b854b3c5b769593522377"],"timestamp":["1510141515"],"nonce":["1924055261"]}
2017-11-08 19:45:16.286 [http-apr-8080-exec-77] INFO  com.ray.weixin.qy.service.message.reply.ReplyMessageService - postData:<xml><ToUserName><![CDATA[ww92f5da92bb24696e]]></ToUserName><Encrypt><![CDATA[XgN7cRvxxyIJAU9It2UTWtW8Gq2LmpLAtZrX9xNotiOSKEcQWpgrPlw6PR4Hly7N02CsSh/DipiOsngYaQFeJIVFS3VSuzEbsraHnKQ/dMIhixaoCSX1zw15No0bK89CIQiDvNRELbjFUHAwj5GbEkuD2aN0GiQPvsixalOHvp1P0QH6leothmB9amhoItTnNsx18k2iebQSrhFK9fbmdQzMQfA+Fw7R/jx/9p6D+PbPBHHoyu96awFAC39XeM4X6z6GP4uSs1i4gyQSsTgx9nPvKPFE/Jeu1OKCFhB0pAZoLUTpbMS2TNLcH8dEIVvzJik+BTyVsU79b/RCAbPoeobHAYeYMVPa6Atb5E/kdmIwRqoXdJp4fb/E/8I4Ub51bcO5cc/amLzATpMaTqWb4uBwA5/90X9BHkAtayXvbMhh5poe+f5A4gnvzFI0Jbr04xc8mJwuTWe0noiqqYrAtourUNTZWEN1FAu8GcDeENWfv/N4O/CoTq/X8bHHNssC]]></Encrypt><AgentID><![CDATA[1000002]]></AgentID></xml>
2017-11-08 19:45:16.287 [http-apr-8080-exec-77] INFO  com.ray.weixin.qy.service.message.reply.ReplyMessageService - reply_xmlMsg:<xml><ToUserName><![CDATA[ww92f5da92bb24696e]]></ToUserName><FromUserName><![CDATA[ShiRui]]></FromUserName><CreateTime>1510141515</CreateTime><MsgType><![CDATA[event]]></MsgType><AgentID>1000002</AgentID><Event><![CDATA[LOCATION]]></Event><Latitude>31.1676</Latitude><Longitude>121.156</Longitude><Precision>15</Precision></xml>
2017-11-08 19:45:16.288 [http-apr-8080-exec-77] INFO  com.ray.weixin.qy.service.message.reply.ReplyMessageService - fromUserName:ShiRui
2017-11-08 19:45:16.288 [http-apr-8080-exec-77] INFO  com.ray.weixin.qy.service.message.reply.ReplyMessageService - toUserName:ww92f5da92bb24696e
2017-11-08 19:45:16.288 [http-apr-8080-exec-77] INFO  com.ray.weixin.qy.service.message.reply.ReplyMessageService - msgType:event
2017-11-08 19:45:16.289 [http-apr-8080-exec-77] INFO  com.ray.weixin.qy.service.message.reply.ReplyMessageService - Event:LOCATION  eventKey:null
2017-11-08 19:45:32.509 [http-apr-8080-exec-70] INFO  com.ray.weixin.qy.controller.WeiXinServlet - post--------------
2017-11-08 19:45:32.510 [http-apr-8080-exec-70] INFO  com.ray.weixin.qy.service.message.reply.ReplyMessageService - parms:{"msg_signature":["18138c0b04b323d6dd43e4adfbdc13927b905bff"],"timestamp":["1510141531"],"nonce":["1112543187"]}
2017-11-08 19:45:32.511 [http-apr-8080-exec-70] INFO  com.ray.weixin.qy.service.message.reply.ReplyMessageService - postData:<xml><ToUserName><![CDATA[ww92f5da92bb24696e]]></ToUserName><Encrypt><![CDATA[ct4IEbXAL/qxi0qMkLf1YQRZ2Egnv3ee5BafsLPvVHyjZXVBlg3xo2n/2P+jRlWAtdBxvz3hWtfn9sln5nO/eFAZW9MrYBn4rMShIfuZVzx9ixybOO2JzI40n5h5Xpuz8SkORsJ+t8M+lzJ4IWDRdl1Kp+WpFIpJBNHn5DmF0RdC9l/6z+4wid11A2naUBe9/GI4KQvCPUwbjTddfKHuwgJejJvdH55YXx7wmZMdBJcVhOeDPlC7XUmRLHoguNbnjaqUNBNhOwyWvCyWcSPw03pKfvBf6Rc5oslc0aDas2hJ46OR0KjgZiI0A8Jw1v+USUtBu6C6oPA4M+A693f06E4Bq1iA8iVN5VIQuYwPGKa+K+kI/mjikH82TUCtkikYal9le+YpSmOW7dyWN+wn5L4N9hAOSSCor4yHbaHzobC24dwUfsY80GHepZPU0+xP6AjIHZTrp43Avzl7SefzFZ36h/mpexKc7SoNS99rFuAYyP3DKdnsf5jC7XEN4yVS]]></Encrypt><AgentID><![CDATA[1000002]]></AgentID></xml>
2017-11-08 19:45:32.514 [http-apr-8080-exec-70] INFO  com.ray.weixin.qy.service.message.reply.ReplyMessageService - reply_xmlMsg:<xml><ToUserName><![CDATA[ww92f5da92bb24696e]]></ToUserName><FromUserName><![CDATA[ShiRui]]></FromUserName><CreateTime>1510141531</CreateTime><MsgType><![CDATA[event]]></MsgType><AgentID>1000002</AgentID><Event><![CDATA[LOCATION]]></Event><Latitude>31.1676</Latitude><Longitude>121.156</Longitude><Precision>15</Precision></xml>
2017-11-08 19:45:32.517 [http-apr-8080-exec-70] INFO  com.ray.weixin.qy.service.message.reply.ReplyMessageService - fromUserName:ShiRui
2017-11-08 19:45:32.517 [http-apr-8080-exec-70] INFO  com.ray.weixin.qy.service.message.reply.ReplyMessageService - toUserName:ww92f5da92bb24696e
2017-11-08 19:45:32.517 [http-apr-8080-exec-70] INFO  com.ray.weixin.qy.service.message.reply.ReplyMessageService - msgType:event
2017-11-08 19:45:32.517 [http-apr-8080-exec-70] INFO  com.ray.weixin.qy.service.message.reply.ReplyMessageService - Event:LOCATION  eventKey:null
2017-11-08 19:45:36.993 [http-apr-8080-exec-73] INFO  com.ray.weixin.qy.controller.WeiXinServlet - post--------------
2017-11-08 19:45:36.994 [http-apr-8080-exec-73] INFO  com.ray.weixin.qy.service.message.reply.ReplyMessageService - parms:{"msg_signature":["b274801fb79680908c853b49725f87de5a548365"],"timestamp":["1510141536"],"nonce":["1849350401"]}
2017-11-08 19:45:36.994 [http-apr-8080-exec-73] INFO  com.ray.weixin.qy.service.message.reply.ReplyMessageService - postData:<xml><ToUserName><![CDATA[ww92f5da92bb24696e]]></ToUserName><Encrypt><![CDATA[6WvVP1jTQOew8eOnBVQrgqvQX6OHzUwBAXblVU1KS2gB9Gj1AcNltJoUkSJH2UlusF2BVLnKWqmfpW3j2YJJM5cxyprTIMYDcsRxSeIZnbbo+5dyCQVTjvhOXpW9j1jpyFPdcnTa9qMkx7HCozu9S7+w/0vcWgcx1lwZS2UWNmprvCvMbYiOp3QhlCsIV49D2ew8f9PZ6PUKGpFETAK1uUTEeOvTckZ9oJT++rJJLgaOTRQIOCgYxrA4OaO06tfXCC1cC3bT79b2pIaCL/OQ7M1KR7mvxKmPfz2YazgvObMqof1oQrflnQLp3HEHJsTU94hJIFxx2t9ItQc8VGz09K+aD3nHaYcA8H36DzhPNZ9e6N8kO5FnGNsNO7kw7cExKiwNkMaCIKToTfHypWovgiXSbW5yNidaUr0CzgrcKbmYQqE8PwluyV+CTsgFpf0zeyVvEZk1vZFYr1soE1htxFmqr0Nf7vo4ILZEwEuMwqjGwPKGh4BDW02jEn1q7ig4]]></Encrypt><AgentID><![CDATA[1000002]]></AgentID></xml>
2017-11-08 19:45:36.996 [http-apr-8080-exec-73] INFO  com.ray.weixin.qy.service.message.reply.ReplyMessageService - reply_xmlMsg:<xml><ToUserName><![CDATA[ww92f5da92bb24696e]]></ToUserName><FromUserName><![CDATA[ShiRui]]></FromUserName><CreateTime>1510141536</CreateTime><MsgType><![CDATA[event]]></MsgType><AgentID>1000002</AgentID><Event><![CDATA[LOCATION]]></Event><Latitude>31.1676</Latitude><Longitude>121.156</Longitude><Precision>15</Precision></xml>
2017-11-08 19:45:36.997 [http-apr-8080-exec-73] INFO  com.ray.weixin.qy.service.message.reply.ReplyMessageService - fromUserName:ShiRui
2017-11-08 19:45:36.998 [http-apr-8080-exec-73] INFO  com.ray.weixin.qy.service.message.reply.ReplyMessageService - toUserName:ww92f5da92bb24696e
2017-11-08 19:45:36.998 [http-apr-8080-exec-73] INFO  com.ray.weixin.qy.service.message.reply.ReplyMessageService - msgType:event
2017-11-08 19:45:36.998 [http-apr-8080-exec-73] INFO  com.ray.weixin.qy.service.message.reply.ReplyMessageService - Event:LOCATION  eventKey:null
2017-11-08 19:45:42.083 [http-apr-8080-exec-72] INFO  com.ray.weixin.qy.controller.WeiXinServlet - post--------------
2017-11-08 19:45:42.084 [http-apr-8080-exec-72] INFO  com.ray.weixin.qy.service.message.reply.ReplyMessageService - parms:{"msg_signature":["999944fc048a564738f1334b0e60d17c28410f91"],"timestamp":["1510141541"],"nonce":["1979831060"]}
2017-11-08 19:45:42.084 [http-apr-8080-exec-72] INFO  com.ray.weixin.qy.service.message.reply.ReplyMessageService - postData:<xml><ToUserName><![CDATA[ww92f5da92bb24696e]]></ToUserName><Encrypt><![CDATA[TaDSn4hZrahnVb/waOmHxo34yXJErU6wXlMrBgLEd1b0LRsK8CLldYP1W2ME4Fv5NKuTjNEbl9c2HhpsfMtzPlEBWD77p/z+L1lalyO/zOYuNQJounlPtqvmCODNzuPwAXbCOPhp1ocauFhtteuE6lSQPUtTRs+7Qd6fsMlEJ1NbiSk56Qx4h7OpI8xQtBSqIU8MHoxxQtrd9nspb8nt8p+b3dVb8gW5r4jTZ5XYQZ+C9rRyz5jlmqajdoUWITOcf7vYrgXBPn09A0oPDH1cOHzIaYkpDQkmTjDuoCMJJ423hMhy5LmmDbc0AuZqUUCVihs5FFtpDj2Kq4pu2oXbw6ZIzeF2Z/NKob2fEuPb1+uQbz3XRu4RZ6QMF1daAg1Ug1LrLCJ1wmvnlHAmByfXeXEbWy8SJhmt9Q9gvyZmHfIHTjIANWrC/N0K5vtxV9rnKW6rXTO4MMRRrq0y91vmwBnBjQt1jz+1XBMx+KFsAAnuSWQlkFCM7Ed/VuImkpCI]]></Encrypt><AgentID><![CDATA[1000002]]></AgentID></xml>
2017-11-08 19:45:42.086 [http-apr-8080-exec-72] INFO  com.ray.weixin.qy.service.message.reply.ReplyMessageService - reply_xmlMsg:<xml><ToUserName><![CDATA[ww92f5da92bb24696e]]></ToUserName><FromUserName><![CDATA[ShiRui]]></FromUserName><CreateTime>1510141541</CreateTime><MsgType><![CDATA[event]]></MsgType><AgentID>1000002</AgentID><Event><![CDATA[LOCATION]]></Event><Latitude>31.1676</Latitude><Longitude>121.156</Longitude><Precision>15</Precision></xml>
2017-11-08 19:45:42.088 [http-apr-8080-exec-72] INFO  com.ray.weixin.qy.service.message.reply.ReplyMessageService - fromUserName:ShiRui
2017-11-08 19:45:42.088 [http-apr-8080-exec-72] INFO  com.ray.weixin.qy.service.message.reply.ReplyMessageService - toUserName:ww92f5da92bb24696e
2017-11-08 19:45:42.088 [http-apr-8080-exec-72] INFO  com.ray.weixin.qy.service.message.reply.ReplyMessageService - msgType:event
2017-11-08 19:45:42.088 [http-apr-8080-exec-72] INFO  com.ray.weixin.qy.service.message.reply.ReplyMessageService - Event:LOCATION  eventKey:null
2017-11-08 19:45:47.171 [http-apr-8080-exec-76] INFO  com.ray.weixin.qy.controller.WeiXinServlet - post--------------
2017-11-08 19:45:47.172 [http-apr-8080-exec-76] INFO  com.ray.weixin.qy.service.message.reply.ReplyMessageService - parms:{"msg_signature":["a6d6b66e78bdfc65640b0cf269e4e31788e308fe"],"timestamp":["1510141546"],"nonce":["1455500640"]}
2017-11-08 19:45:47.172 [http-apr-8080-exec-76] INFO  com.ray.weixin.qy.service.message.reply.ReplyMessageService - postData:<xml><ToUserName><![CDATA[ww92f5da92bb24696e]]></ToUserName><Encrypt><![CDATA[ICnJRCijzZ1Lz+GsxOj1RgQ/gxIGlwLnV0pE1Qp/cWCFblSLChWEQgj71dV0bAiY8ztLe3thgiJOH8mTadLGmnz5Q6HYc6B+1VrY2JXsIIBrR1HgQuYQjacZqSyqKeFini0q/lqS1lu9kF4gnm9j87wAZbL2zWCiLw6kgzvSRu8TU/rtV/TAOSWl3jxETDVsgTVSGXq00M2MGRhNnBK3xNZSnbThPu7urfzczfM6ieDYSuy+1ZABEdcbz4duSWd+n5db9+cMDMRrXJJOEUfRaHiRV7rZdvdovAR3UJ/EWTe34tjbzz5VrlIm7Zj9hOZ6JC5Y6tvsAHoBvVh3auam7g8fanDZSRzqoAs4yZ/A0UmWQn2ID57dn13M+oL8awbN8+0XcQn9es+JFV9DF2VfQOpzgi9qGlF76rDq6yhxp8Ih/HUouELm/aTVin3iWzbwOtCCt8bT+og3f99QYwuVh6zxJJk0rCpa3UvPQlRgaiKLRsjFHYkRm4hX+X5NB5Ez]]></Encrypt><AgentID><![CDATA[1000002]]></AgentID></xml>
2017-11-08 19:45:47.175 [http-apr-8080-exec-76] INFO  com.ray.weixin.qy.service.message.reply.ReplyMessageService - reply_xmlMsg:<xml><ToUserName><![CDATA[ww92f5da92bb24696e]]></ToUserName><FromUserName><![CDATA[ShiRui]]></FromUserName><CreateTime>1510141546</CreateTime><MsgType><![CDATA[event]]></MsgType><AgentID>1000002</AgentID><Event><![CDATA[LOCATION]]></Event><Latitude>31.1676</Latitude><Longitude>121.156</Longitude><Precision>15</Precision></xml>
2017-11-08 19:45:47.178 [http-apr-8080-exec-76] INFO  com.ray.weixin.qy.service.message.reply.ReplyMessageService - fromUserName:ShiRui
2017-11-08 19:45:47.178 [http-apr-8080-exec-76] INFO  com.ray.weixin.qy.service.message.reply.ReplyMessageService - toUserName:ww92f5da92bb24696e
2017-11-08 19:45:47.178 [http-apr-8080-exec-76] INFO  com.ray.weixin.qy.service.message.reply.ReplyMessageService - msgType:event
2017-11-08 19:45:47.178 [http-apr-8080-exec-76] INFO  com.ray.weixin.qy.service.message.reply.ReplyMessageService - Event:LOCATION  eventKey:null
2017-11-08 19:45:52.100 [http-apr-8080-exec-77] INFO  com.ray.weixin.qy.controller.WeiXinServlet - post--------------
2017-11-08 19:45:52.100 [http-apr-8080-exec-77] INFO  com.ray.weixin.qy.service.message.reply.ReplyMessageService - parms:{"msg_signature":["30f07dd578bd08c47bd0be815823ce13b8b3346c"],"timestamp":["1510141551"],"nonce":["902239311"]}
2017-11-08 19:45:52.101 [http-apr-8080-exec-77] INFO  com.ray.weixin.qy.service.message.reply.ReplyMessageService - postData:<xml><ToUserName><![CDATA[ww92f5da92bb24696e]]></ToUserName><Encrypt><![CDATA[w4yvoNjK+mj4aX0FS+P4BRMceB/ABiGx4wEOXrAJk89jUhRv3xZ0gG1AcAXYmZHclLPuWxJ3NkFEr7nqj9EylWuPAgNg/thiiRNHYrm48v8TaEmPC68MOhtdNcRut2XMH84N2RClkvponW6qE0kIFKRNKDWFJjjtceH+/svmuovo1f3AESoIC3gIBrrMJPWbvkoGfl85uLoWViilTtvV1W8Im3BUnS+dpV8nNuaMl5/cKjVRJK/06knOzQ7yOv/pHyw69gRr+uXoirArx4nO61gVeznoBTBLJtx9oBRcL9SO9dqcyjQPcAR7bG6fLYlGu8E5vqvfukw0EXrH/ihoGyk/DwVh1FzoU/CuFyEyI0TCCvW8VWLcB3aADj0Kazb0TdA6aG6yMdyFJ2T6KNd3klhWPUgvBc+EZNfHEXyWoS/J9EKyDDdEyrOvPPlImvyYvgl+AvHnOVFFhtmbwhQa3Zc1lxLwdVO/5FLoAd+uv2zzeoyHCqg2lL1/ZNnL85fw]]></Encrypt><AgentID><![CDATA[1000002]]></AgentID></xml>
2017-11-08 19:45:52.103 [http-apr-8080-exec-77] INFO  com.ray.weixin.qy.service.message.reply.ReplyMessageService - reply_xmlMsg:<xml><ToUserName><![CDATA[ww92f5da92bb24696e]]></ToUserName><FromUserName><![CDATA[ShiRui]]></FromUserName><CreateTime>1510141551</CreateTime><MsgType><![CDATA[event]]></MsgType><AgentID>1000002</AgentID><Event><![CDATA[LOCATION]]></Event><Latitude>31.1676</Latitude><Longitude>121.156</Longitude><Precision>15</Precision></xml>
2017-11-08 19:45:52.106 [http-apr-8080-exec-77] INFO  com.ray.weixin.qy.service.message.reply.ReplyMessageService - fromUserName:ShiRui
2017-11-08 19:45:52.106 [http-apr-8080-exec-77] INFO  com.ray.weixin.qy.service.message.reply.ReplyMessageService - toUserName:ww92f5da92bb24696e
2017-11-08 19:45:52.107 [http-apr-8080-exec-77] INFO  com.ray.weixin.qy.service.message.reply.ReplyMessageService - msgType:event
2017-11-08 19:45:52.107 [http-apr-8080-exec-77] INFO  com.ray.weixin.qy.service.message.reply.ReplyMessageService - Event:LOCATION  eventKey:null
2017-11-08 19:45:56.975 [http-apr-8080-exec-70] INFO  com.ray.weixin.qy.controller.WeiXinServlet - post--------------
2017-11-08 19:45:56.976 [http-apr-8080-exec-70] INFO  com.ray.weixin.qy.service.message.reply.ReplyMessageService - parms:{"msg_signature":["0e47897ac16aadad89bda93a3bfcedc9aff5b962"],"timestamp":["1510141556"],"nonce":["330171230"]}
2017-11-08 19:45:56.977 [http-apr-8080-exec-70] INFO  com.ray.weixin.qy.service.message.reply.ReplyMessageService - postData:<xml><ToUserName><![CDATA[ww92f5da92bb24696e]]></ToUserName><Encrypt><![CDATA[kziyoXcZ8Sk6SiBRsN9OhNN4emRP+1+JsVkCAS0NAdI1yIuT0wmkrlLFBrNDxgvXZyU9Lmz2iuaGGMbLZbbNhfjXB11xvzd/xwodSnHB8sXbWsgcl/BxkS1ldi+j7rVzAhNW8RmO0K/Ax3iijbyswP1EEJCZWzrWkFl8txtJ7+V88662ju5gLc/lCsOJnYJkPftpAo2jYAQrmdcHlz4/8FmNvuUXulxEJnm0Bsit1eWE70PPRb6MZ6Nz/DvR7ysvG9I6CG+0ON9Zu/oXnF/+NFazfkCdGU1OYd+7J8H5t7MSapKfCylTgU1Mg0G+vK0VA0xxvbUwhGggcKat+i2mwrsI+x2znLeOzxFtEtULGPbKryUyRT/skG6ob5S/UeX1j/5WCh+MAAIUiIk4oxM3JNd8sib7VyGBzHwLeOrohnZK4zr2WLBuZ+buTMDehU4//I7hMFlsG4qiNCWl9wkIOqMz+yzNrLkliIhVncXB3uomLZ9+eL79zF+JgsbsVcsn]]></Encrypt><AgentID><![CDATA[1000002]]></AgentID></xml>
2017-11-08 19:45:56.979 [http-apr-8080-exec-70] INFO  com.ray.weixin.qy.service.message.reply.ReplyMessageService - reply_xmlMsg:<xml><ToUserName><![CDATA[ww92f5da92bb24696e]]></ToUserName><FromUserName><![CDATA[ShiRui]]></FromUserName><CreateTime>1510141556</CreateTime><MsgType><![CDATA[event]]></MsgType><AgentID>1000002</AgentID><Event><![CDATA[LOCATION]]></Event><Latitude>31.1676</Latitude><Longitude>121.156</Longitude><Precision>15</Precision></xml>
2017-11-08 19:45:56.980 [http-apr-8080-exec-70] INFO  com.ray.weixin.qy.service.message.reply.ReplyMessageService - fromUserName:ShiRui
2017-11-08 19:45:56.980 [http-apr-8080-exec-70] INFO  com.ray.weixin.qy.service.message.reply.ReplyMessageService - toUserName:ww92f5da92bb24696e
2017-11-08 19:45:56.980 [http-apr-8080-exec-70] INFO  com.ray.weixin.qy.service.message.reply.ReplyMessageService - msgType:event
2017-11-08 19:45:56.980 [http-apr-8080-exec-70] INFO  com.ray.weixin.qy.service.message.reply.ReplyMessageService - Event:LOCATION  eventKey:null
