2017-11-15 18:15:37.679 [http-apr-8080-exec-4] INFO  com.ray.weixin.gz.util.AuthHelper - jsonObject:{"access_token":"_BSqYKIbkpviFR21EwIOfF-q7cQyIbktwFmtVBNZXgbsVQ4aWoJLqkBQDULOmkpIKkYF1AFVOUSgj3TWyQ7p_xNVSvTXjk4S7qR1nm9OjT-9-bteRAn1W5AU_-dHxia1CMMjADANXX","expires_in":7200}
2017-11-15 18:15:37.802 [http-apr-8080-exec-4] INFO  com.ray.weixin.gz.util.AuthHelper - jsonObject:{"errcode":0,"ticket":"HoagFKDcsGMVCIY2vOjf9mrEXbwXSbqpUm0898_LsZgBi9Ja3Cb-iRCpfbms7MNv3e_heT1Q91ygjzjqxFaRVw","errmsg":"ok","expires_in":7200}
2017-11-15 18:15:37.803 [http-apr-8080-exec-4] INFO  com.ray.weixin.gz.util.AuthHelper - accessToken:_BSqYKIbkpviFR21EwIOfF-q7cQyIbktwFmtVBNZXgbsVQ4aWoJLqkBQDULOmkpIKkYF1AFVOUSgj3TWyQ7p_xNVSvTXjk4S7qR1nm9OjT-9-bteRAn1W5AU_-dHxia1CMMjADANXX
2017-11-15 18:15:37.803 [http-apr-8080-exec-4] INFO  com.ray.weixin.gz.util.AuthHelper - ticket:HoagFKDcsGMVCIY2vOjf9mrEXbwXSbqpUm0898_LsZgBi9Ja3Cb-iRCpfbms7MNv3e_heT1Q91ygjzjqxFaRVw
2017-11-15 18:15:37.804 [http-apr-8080-exec-4] INFO  com.ray.weixin.gz.util.AuthHelper - nonceStr:c6340d7c-b08c-46a3-aacc-4ba42d25ecf1
2017-11-15 18:15:37.804 [http-apr-8080-exec-4] INFO  com.ray.weixin.gz.util.AuthHelper - timeStamp:1510740936
2017-11-15 18:15:37.804 [http-apr-8080-exec-4] INFO  com.ray.weixin.gz.util.AuthHelper - signedUrl:http://localhost:8080/weixin_gz/showInvoice.jsp
2017-11-15 18:15:37.804 [http-apr-8080-exec-4] INFO  com.ray.weixin.gz.util.AuthHelper - signature:38b03086744b1fca350d6efdc3e54fdf975147a5
2017-11-15 18:15:37.804 [http-apr-8080-exec-4] INFO  com.ray.weixin.gz.util.AuthHelper - appId:wx07c4d9d0895fe212
2017-11-15 18:15:37.804 [http-apr-8080-exec-4] INFO  com.ray.weixin.gz.util.AuthHelper - configValue:{signature:'38b03086744b1fca350d6efdc3e54fdf975147a5',nonceStr:'c6340d7c-b08c-46a3-aacc-4ba42d25ecf1',timeStamp:'1510740936',appId:'wx07c4d9d0895fe212'}
2017-11-15 18:15:37.893 [http-apr-8080-exec-4] INFO  com.ray.weixin.gz.util.AuthHelper - jsonObject:{"access_token":"_BSqYKIbkpviFR21EwIOfF-q7cQyIbktwFmtVBNZXgYZjwCjFwVh-BCLgWXNQGG7DOoFeixxrERBTaIuGSboJdfN_X0oljCnngZqTP2zJMbM1GfDi05XUaK73uzCARezISRjADABLK","expires_in":7200}
2017-11-15 18:15:38.015 [http-apr-8080-exec-4] INFO  com.ray.weixin.gz.service.invoice.InvoiceService - jsonObject:{"errcode":0,"ticket":"9KwiourQPRN3vx3Nn1c_iXCh-5F7rD5UiR6FRkNziS3ioM7lrWDvEODqM6XQdQbgraF_oLOqdFSXbGH0lwPjuA","errmsg":"ok","expires_in":7200}
2017-11-15 18:15:38.016 [http-apr-8080-exec-4] INFO  com.ray.weixin.gz.util.AuthHelper - apiTicket:9KwiourQPRN3vx3Nn1c_iXCh-5F7rD5UiR6FRkNziS3ioM7lrWDvEODqM6XQdQbgraF_oLOqdFSXbGH0lwPjuA
2017-11-15 18:15:38.016 [http-apr-8080-exec-4] INFO  com.ray.weixin.gz.util.AuthHelper - appId:wx07c4d9d0895fe212
2017-11-15 18:15:38.016 [http-apr-8080-exec-4] INFO  com.ray.weixin.gz.util.AuthHelper - timeStamp:1510740938
2017-11-15 18:15:38.016 [http-apr-8080-exec-4] INFO  com.ray.weixin.gz.util.AuthHelper - nonceStr:ab2bc9b6-4c39-441c-82f2-5f17fe35fe69
2017-11-15 18:15:38.017 [http-apr-8080-exec-4] INFO  com.ray.weixin.gz.util.AuthHelper - cardType:INVOICE
2017-11-15 18:15:38.017 [http-apr-8080-exec-4] INFO  com.ray.weixin.gz.util.AuthHelper - cardSign:66283bc8d193c19ee5082f94139d07f8e01f7603
2017-11-15 18:15:38.017 [http-apr-8080-exec-4] INFO  com.ray.weixin.gz.util.AuthHelper - signType:SHA1
2017-11-15 18:15:38.017 [http-apr-8080-exec-4] INFO  com.ray.weixin.gz.util.AuthHelper - configValue:{"signType":"SHA1","cardSign":"66283bc8d193c19ee5082f94139d07f8e01f7603","nonceStr":"ab2bc9b6-4c39-441c-82f2-5f17fe35fe69","timestamp":"1510740938"}
2017-11-15 18:15:44.044 [http-apr-8080-exec-8] INFO  com.ray.weixin.gz.controller.WeiXinServlet - post--------------
2017-11-15 18:15:44.085 [http-apr-8080-exec-8] INFO  com.ray.weixin.gz.service.message.ReplyMessageService - parms:{"signature":["3910417a27218587f9722d0a3efaf2a66636e12d"],"timestamp":["1510740942"],"nonce":["1065647076"],"openid":["o1M7_1TLByH8H1T7XCIj23Roo5yU"],"encrypt_type":["aes"],"msg_signature":["9d55f31c35e6882f99d81b900411f4fdeea25e04"]}
2017-11-15 18:15:44.086 [http-apr-8080-exec-8] INFO  com.ray.weixin.gz.service.message.ReplyMessageService - postData:<xml>    <ToUserName><![CDATA[gh_8903be978f8b]]></ToUserName>    <Encrypt><![CDATA[UJqiKY6N4Cmd8nDip7fgMns0RNekH0nm182pv5gTDskZsFkkhWTUNhl8rTUQrKCp2/4Bmc4gbB4htSLfsOSnQ5hUbGbhL6xzsOMRJPQT4rODpAopnrkMS7whfn0BqyL0tknRKzzVZgrbtCclfoL6V+XeeXFhYHG5copFX4g4lGTgeIxT4apeO7s0Djq2N0DBg30dV1P8zWZxB2GafKpArf9nas/zLb3O+X9YGzYej3xj/ZEYkaok58yVroq5QSDYBfaJPBqYomtpzSzJdbxPyXZG20Kxqw5vtIixfbbnlligvehSh/tGO0gghavsnPEzEUdhZdygBYtGGrWhrCU9dqvpe5x2YMa0RpdQ7UoNPwDbsBJQMGs2WUwT/4hVlBEPBk7py0kkPnADeO98L4aFWE3wKjCtVgODnJAg5Jg5gYPA8bXrD7oGvrW8+XgJc56aGH7gYTCqexLcXenNRqC+TftFnnU0roWLFUECCuvTzBwy2nw8zFJFCTifT/TgVkD/93LgHxhbE4tGMTepaxLmbsEiuosa/XYApIa4sqPAEDY=]]></Encrypt></xml>
2017-11-15 18:15:44.087 [http-apr-8080-exec-8] INFO  com.ray.weixin.gz.service.message.ReplyMessageService - 安全模式：消息被加密
2017-11-15 18:15:44.127 [http-apr-8080-exec-8] INFO  com.ray.weixin.gz.service.message.ReplyMessageService - <xml><ToUserName><![CDATA[gh_8903be978f8b]]></ToUserName>
<FromUserName><![CDATA[o1M7_1TLByH8H1T7XCIj23Roo5yU]]></FromUserName>
<CreateTime>1510740942</CreateTime>
<MsgType><![CDATA[event]]></MsgType>
<Event><![CDATA[VIEW]]></Event>
<EventKey><![CDATA[http://rayner.nat300.top/weixin_gz/showInvoice.jsp]]></EventKey>
<MenuId>450181554</MenuId>
</xml>
2017-11-15 18:15:44.181 [http-apr-8080-exec-10] INFO  com.ray.weixin.gz.util.AuthHelper - jsonObject:{"access_token":"_BSqYKIbkpviFR21EwIOfF-q7cQyIbktwFmtVBNZXgaiFh3M3h90xAQSxu-X2vPzRtEU42Klf7YRoJq4dszAFjBHc4Y7atpFhSodAh7XQ-NFct2iUL6NOds4he77OHrqDXWjADAHBA","expires_in":7200}
2017-11-15 18:15:44.270 [http-apr-8080-exec-10] INFO  com.ray.weixin.gz.util.AuthHelper - jsonObject:{"errcode":0,"ticket":"HoagFKDcsGMVCIY2vOjf9mrEXbwXSbqpUm0898_LsZgBi9Ja3Cb-iRCpfbms7MNv3e_heT1Q91ygjzjqxFaRVw","errmsg":"ok","expires_in":7200}
2017-11-15 18:15:44.270 [http-apr-8080-exec-10] INFO  com.ray.weixin.gz.util.AuthHelper - accessToken:_BSqYKIbkpviFR21EwIOfF-q7cQyIbktwFmtVBNZXgaiFh3M3h90xAQSxu-X2vPzRtEU42Klf7YRoJq4dszAFjBHc4Y7atpFhSodAh7XQ-NFct2iUL6NOds4he77OHrqDXWjADAHBA
2017-11-15 18:15:44.270 [http-apr-8080-exec-10] INFO  com.ray.weixin.gz.util.AuthHelper - ticket:HoagFKDcsGMVCIY2vOjf9mrEXbwXSbqpUm0898_LsZgBi9Ja3Cb-iRCpfbms7MNv3e_heT1Q91ygjzjqxFaRVw
2017-11-15 18:15:44.271 [http-apr-8080-exec-10] INFO  com.ray.weixin.gz.util.AuthHelper - nonceStr:c542ec17-cb06-43a5-acda-8e8808ae0f59
2017-11-15 18:15:44.271 [http-apr-8080-exec-10] INFO  com.ray.weixin.gz.util.AuthHelper - timeStamp:1510740944
2017-11-15 18:15:44.271 [http-apr-8080-exec-10] INFO  com.ray.weixin.gz.util.AuthHelper - signedUrl:http://rayner.nat300.top/weixin_gz/showInvoice.jsp
2017-11-15 18:15:44.272 [http-apr-8080-exec-10] INFO  com.ray.weixin.gz.util.AuthHelper - signature:c153f8527edde75557c2259a2f5f773dec375edc
2017-11-15 18:15:44.272 [http-apr-8080-exec-10] INFO  com.ray.weixin.gz.util.AuthHelper - appId:wx07c4d9d0895fe212
2017-11-15 18:15:44.272 [http-apr-8080-exec-10] INFO  com.ray.weixin.gz.util.AuthHelper - configValue:{signature:'c153f8527edde75557c2259a2f5f773dec375edc',nonceStr:'c542ec17-cb06-43a5-acda-8e8808ae0f59',timeStamp:'1510740944',appId:'wx07c4d9d0895fe212'}
2017-11-15 18:15:44.364 [http-apr-8080-exec-10] INFO  com.ray.weixin.gz.util.AuthHelper - jsonObject:{"access_token":"_BSqYKIbkpviFR21EwIOfF-q7cQyIbktwFmtVBNZXgalow_yylZ45O7FIoYL5i44snOCPZ30m8YaFN80KfG7smo9m2_1WI95AQ7swJG3zGjtNbebILbsQqQgFhOpscBvGMSjADABHN","expires_in":7200}
2017-11-15 18:15:44.452 [http-apr-8080-exec-10] INFO  com.ray.weixin.gz.service.invoice.InvoiceService - jsonObject:{"errcode":0,"ticket":"9KwiourQPRN3vx3Nn1c_iXCh-5F7rD5UiR6FRkNziS3ioM7lrWDvEODqM6XQdQbgraF_oLOqdFSXbGH0lwPjuA","errmsg":"ok","expires_in":7200}
2017-11-15 18:15:44.453 [http-apr-8080-exec-10] INFO  com.ray.weixin.gz.util.AuthHelper - apiTicket:9KwiourQPRN3vx3Nn1c_iXCh-5F7rD5UiR6FRkNziS3ioM7lrWDvEODqM6XQdQbgraF_oLOqdFSXbGH0lwPjuA
2017-11-15 18:15:44.453 [http-apr-8080-exec-10] INFO  com.ray.weixin.gz.util.AuthHelper - appId:wx07c4d9d0895fe212
2017-11-15 18:15:44.453 [http-apr-8080-exec-10] INFO  com.ray.weixin.gz.util.AuthHelper - timeStamp:1510740944
2017-11-15 18:15:44.453 [http-apr-8080-exec-10] INFO  com.ray.weixin.gz.util.AuthHelper - nonceStr:3a1a5af8-0968-4f45-a5ad-4ae1408c6616
2017-11-15 18:15:44.453 [http-apr-8080-exec-10] INFO  com.ray.weixin.gz.util.AuthHelper - cardType:INVOICE
2017-11-15 18:15:44.454 [http-apr-8080-exec-10] INFO  com.ray.weixin.gz.util.AuthHelper - cardSign:8435a80b7385dc0f4a87fa1d038218db50c23a57
2017-11-15 18:15:44.454 [http-apr-8080-exec-10] INFO  com.ray.weixin.gz.util.AuthHelper - signType:SHA1
2017-11-15 18:15:44.454 [http-apr-8080-exec-10] INFO  com.ray.weixin.gz.util.AuthHelper - configValue:{"signType":"SHA1","cardSign":"8435a80b7385dc0f4a87fa1d038218db50c23a57","nonceStr":"3a1a5af8-0968-4f45-a5ad-4ae1408c6616","timestamp":"1510740944"}
2017-11-15 18:15:44.545 [http-apr-8080-exec-8] INFO  com.ray.weixin.gz.service.message.ReplyMessageService - fromUserName:o1M7_1TLByH8H1T7XCIj23Roo5yU
2017-11-15 18:15:44.545 [http-apr-8080-exec-8] INFO  com.ray.weixin.gz.service.message.ReplyMessageService - toUserName:gh_8903be978f8b
2017-11-15 18:15:44.545 [http-apr-8080-exec-8] INFO  com.ray.weixin.gz.service.message.ReplyMessageService - msgType:event
2017-11-15 18:15:44.545 [http-apr-8080-exec-8] INFO  com.ray.weixin.gz.service.message.ReplyMessageService - Event:VIEW  eventKey:http://rayner.nat300.top/weixin_gz/showInvoice.jsp
2017-11-15 18:15:46.907 [http-apr-8080-exec-1] INFO  com.ray.weixin.gz.util.AuthHelper - jsonObject:{"access_token":"_BSqYKIbkpviFR21EwIOfF-q7cQyIbktwFmtVBNZXgbPultayFiXf8XuLeiKDxZ_4T02JWS0bevrFpid0jSj0emV7l7SpL0E1XyWIRliL9kS-5XwEW_Vrzj-a5WWo6vyATUjADALEF","expires_in":7200}
