2017-11-15 14:47:41.741 [http-apr-8080-exec-5] INFO  com.ray.weixin.gz.controller.WeiXinServlet - post--------------
2017-11-15 14:47:41.762 [http-apr-8080-exec-5] INFO  com.ray.weixin.gz.service.message.ReplyMessageService - parms:{"signature":["35e4813adaa107d8f290ca07410cb37c1fff5c75"],"timestamp":["1510728460"],"nonce":["1124404811"],"openid":["o1M7_1YPJI9YMaHiP54wN8nzuoDE"],"encrypt_type":["aes"],"msg_signature":["fbae82c308357ef767808a64e23e83a651036a23"]}
2017-11-15 14:47:41.763 [http-apr-8080-exec-5] INFO  com.ray.weixin.gz.service.message.ReplyMessageService - postData:<xml>    <ToUserName><![CDATA[gh_8903be978f8b]]></ToUserName>    <Encrypt><![CDATA[O/8Xo3LwUswQW5+9kW9KWBSRpb/Yb2AJocH5ioCaTigY9tMRPZNwLJX5xiLqT3z3L5u5D2T8dQAHNHgVfpQ9uHNfXKbnWm8fs1tDUQs2MW9WLBgIBXPyZcsCPqqrtJQRd3neFr2zKyWJ1lNn1PVCCitNVKxaOutbQ9deJk26pxV6wZGFoVFms3XdJ6o926FCU45t6GYrYW7QcbP/t1aEWbDw3cpQW+OA/yVn7b3qanACwjk4ALbcVuPXbO3HXiWfKTsNGjpPcqfzWfZUZsJvTSZSUVH6r/0BIJWdeNkFRUqbu2T2S+wYhH5EGanqPmjjXR3V1GNSwNkDqbU6fidUJF/M0wCxeBzNtslEn+QzuKGeCMRscEc9xRHdRAQEsGHWVoBUUgt0ATwsZT/oEQ31wkoatevS/hfgFwMgt848kRiorvgVT68K+CTDrhoKruPB7zL9i+mKRb1xjm7RorekbkNtX+8ps4U2ljj/7Ds4uZgA+T/xbgWq57LKpFWvmvilZ9TTf/ilqpBYDmYuk4vqk248EPuJ8s4sMZ5dTuGvLxQ=]]></Encrypt></xml>
2017-11-15 14:47:41.765 [http-apr-8080-exec-5] INFO  com.ray.weixin.gz.service.message.ReplyMessageService - 安全模式：消息被加密
2017-11-15 14:47:41.786 [http-apr-8080-exec-5] INFO  com.ray.weixin.gz.service.message.ReplyMessageService - <xml><ToUserName><![CDATA[gh_8903be978f8b]]></ToUserName>
<FromUserName><![CDATA[o1M7_1YPJI9YMaHiP54wN8nzuoDE]]></FromUserName>
<CreateTime>1510728460</CreateTime>
<MsgType><![CDATA[event]]></MsgType>
<Event><![CDATA[VIEW]]></Event>
<EventKey><![CDATA[http://rayner.nat300.top/weixin_gz/showInvoice.jsp]]></EventKey>
<MenuId>450181233</MenuId>
</xml>
2017-11-15 14:47:41.792 [http-apr-8080-exec-5] INFO  com.ray.weixin.gz.service.message.ReplyMessageService - fromUserName:o1M7_1YPJI9YMaHiP54wN8nzuoDE
2017-11-15 14:47:41.792 [http-apr-8080-exec-5] INFO  com.ray.weixin.gz.service.message.ReplyMessageService - toUserName:gh_8903be978f8b
2017-11-15 14:47:41.793 [http-apr-8080-exec-5] INFO  com.ray.weixin.gz.service.message.ReplyMessageService - msgType:event
2017-11-15 14:47:41.793 [http-apr-8080-exec-5] INFO  com.ray.weixin.gz.service.message.ReplyMessageService - Event:VIEW  eventKey:http://rayner.nat300.top/weixin_gz/showInvoice.jsp
2017-11-15 14:47:43.973 [http-apr-8080-exec-8] INFO  com.ray.weixin.gz.util.AuthHelper - jsonObject:{"access_token":"mx8EDkBNcgAY91fKmGx908D7iIxuY04PXN2orkgDGXSEKH_G0bJSElOKYwPGljolZ9Y1gKGaqkSd9vNYz-UvD94jbnfB-r8WHKPKKDF1J9QURNbAIANKG","expires_in":7200}
2017-11-15 14:47:44.074 [http-apr-8080-exec-8] INFO  com.ray.weixin.gz.util.AuthHelper - jsonObject:{"errcode":0,"ticket":"HoagFKDcsGMVCIY2vOjf9mrEXbwXSbqpUm0898_LsZhfWowrJV-9wOxwAgoPTOhdqfiAJVBhU9J6pQbGq-WKag","errmsg":"ok","expires_in":7200}
2017-11-15 14:47:44.075 [http-apr-8080-exec-8] INFO  com.ray.weixin.gz.util.AuthHelper - accessToken:mx8EDkBNcgAY91fKmGx908D7iIxuY04PXN2orkgDGXSEKH_G0bJSElOKYwPGljolZ9Y1gKGaqkSd9vNYz-UvD94jbnfB-r8WHKPKKDF1J9QURNbAIANKG
2017-11-15 14:47:44.076 [http-apr-8080-exec-8] INFO  com.ray.weixin.gz.util.AuthHelper - ticket:HoagFKDcsGMVCIY2vOjf9mrEXbwXSbqpUm0898_LsZhfWowrJV-9wOxwAgoPTOhdqfiAJVBhU9J6pQbGq-WKag
2017-11-15 14:47:44.076 [http-apr-8080-exec-8] INFO  com.ray.weixin.gz.util.AuthHelper - nonceStr:4af0432e-81f8-4701-a49f-6005a9602b46
2017-11-15 14:47:44.076 [http-apr-8080-exec-8] INFO  com.ray.weixin.gz.util.AuthHelper - timeStamp:1510728463
2017-11-15 14:47:44.076 [http-apr-8080-exec-8] INFO  com.ray.weixin.gz.util.AuthHelper - signedUrl:http://rayner.nat300.top/weixin_gz/showInvoice.jsp
2017-11-15 14:47:44.076 [http-apr-8080-exec-8] INFO  com.ray.weixin.gz.util.AuthHelper - signature:fd99c8326085d41f1a31148ad03d74a595839a2e
2017-11-15 14:47:44.076 [http-apr-8080-exec-8] INFO  com.ray.weixin.gz.util.AuthHelper - appId:wx07c4d9d0895fe212
2017-11-15 14:47:44.076 [http-apr-8080-exec-8] INFO  com.ray.weixin.gz.util.AuthHelper - configValue:{signature:'fd99c8326085d41f1a31148ad03d74a595839a2e',nonceStr:'4af0432e-81f8-4701-a49f-6005a9602b46',timeStamp:'1510728463',appId:'wx07c4d9d0895fe212'}
2017-11-15 14:47:44.179 [http-apr-8080-exec-8] INFO  com.ray.weixin.gz.util.AuthHelper - jsonObject:{"access_token":"mx8EDkBNcgAY91fKmGx908D7iIxuY04PXN2orkgDGXQQveOTAjBc3nw3qv-HA8KqiS4RWCg_jZeQp9OPGtdep0uWK0ujqB4kmJOJQ14MPA8UNNbAIAJCC","expires_in":7199}
2017-11-15 14:47:44.278 [http-apr-8080-exec-8] INFO  com.ray.weixin.gz.service.invoice.InvoiceService - jsonObject:{"errcode":0,"ticket":"9KwiourQPRN3vx3Nn1c_iXCh-5F7rD5UiR6FRkNziS3cx4b8Yjpce58MCsslS5Cu43H8pvgbGMFfDvtxfdImxg","errmsg":"ok","expires_in":7200}
2017-11-15 14:47:44.279 [http-apr-8080-exec-8] INFO  com.ray.weixin.gz.util.AuthHelper - apiTicket:9KwiourQPRN3vx3Nn1c_iXCh-5F7rD5UiR6FRkNziS3cx4b8Yjpce58MCsslS5Cu43H8pvgbGMFfDvtxfdImxg
2017-11-15 14:47:44.279 [http-apr-8080-exec-8] INFO  com.ray.weixin.gz.util.AuthHelper - appId:wx07c4d9d0895fe212
2017-11-15 14:47:44.279 [http-apr-8080-exec-8] INFO  com.ray.weixin.gz.util.AuthHelper - timeStamp:1510728464
2017-11-15 14:47:44.279 [http-apr-8080-exec-8] INFO  com.ray.weixin.gz.util.AuthHelper - nonceStr:170ca6ae-f262-4800-ad82-107bbfd4b68a
2017-11-15 14:47:44.279 [http-apr-8080-exec-8] INFO  com.ray.weixin.gz.util.AuthHelper - cardType:INVOICE
2017-11-15 14:47:44.280 [http-apr-8080-exec-8] INFO  com.ray.weixin.gz.util.AuthHelper - cardSign:e58d49dc8f46f0e2ddf3ac101ef625b9fa49f343
2017-11-15 14:47:44.280 [http-apr-8080-exec-8] INFO  com.ray.weixin.gz.util.AuthHelper - signType:SHA1
2017-11-15 14:47:44.280 [http-apr-8080-exec-8] INFO  com.ray.weixin.gz.util.AuthHelper - configValue:{"signType":"SHA1","cardSign":"e58d49dc8f46f0e2ddf3ac101ef625b9fa49f343","nonceStr":"170ca6ae-f262-4800-ad82-107bbfd4b68a","timestamp":"1510728464"}
